[2023-12-27T06:01:22.999+0000] {processor.py:156} INFO - Started process (PID=148) to work on /home/airflow/.local/lib/python3.7/site-packages/airflow/example_dags/example_branch_day_of_week_operator.py
[2023-12-27T06:01:23.001+0000] {processor.py:758} INFO - Processing file /home/airflow/.local/lib/python3.7/site-packages/airflow/example_dags/example_branch_day_of_week_operator.py for tasks to queue
[2023-12-27T06:01:23.331+0000] {logging_mixin.py:117} INFO - [2023-12-27T06:01:23.002+0000] {dagbag.py:525} INFO - Filling up the DagBag from /home/airflow/.local/lib/python3.7/site-packages/airflow/example_dags/example_branch_day_of_week_operator.py
[2023-12-27T06:01:24.917+0000] {processor.py:768} INFO - DAG(s) dict_keys(['example_weekday_branch_operator']) retrieved from /home/airflow/.local/lib/python3.7/site-packages/airflow/example_dags/example_branch_day_of_week_operator.py
[2023-12-27T06:01:29.834+0000] {logging_mixin.py:117} INFO - [2023-12-27T06:01:29.833+0000] {dag.py:2573} INFO - Sync 1 DAGs
[2023-12-27T06:01:32.843+0000] {logging_mixin.py:117} INFO - [2023-12-27T06:01:32.842+0000] {dag.py:3328} INFO - Setting next_dagrun for example_weekday_branch_operator to 2023-12-26T00:00:00+00:00, run_after=2023-12-27T00:00:00+00:00
[2023-12-27T06:01:35.213+0000] {processor.py:178} INFO - Processing /home/airflow/.local/lib/python3.7/site-packages/airflow/example_dags/example_branch_day_of_week_operator.py took 12.626 seconds
[2023-12-27T06:09:36.417+0000] {processor.py:156} INFO - Started process (PID=359) to work on /home/airflow/.local/lib/python3.7/site-packages/airflow/example_dags/example_branch_day_of_week_operator.py
[2023-12-27T06:09:36.462+0000] {processor.py:758} INFO - Processing file /home/airflow/.local/lib/python3.7/site-packages/airflow/example_dags/example_branch_day_of_week_operator.py for tasks to queue
[2023-12-27T06:09:36.503+0000] {logging_mixin.py:117} INFO - [2023-12-27T06:09:36.503+0000] {dagbag.py:525} INFO - Filling up the DagBag from /home/airflow/.local/lib/python3.7/site-packages/airflow/example_dags/example_branch_day_of_week_operator.py
[2023-12-27T06:09:38.851+0000] {processor.py:768} INFO - DAG(s) dict_keys(['example_weekday_branch_operator']) retrieved from /home/airflow/.local/lib/python3.7/site-packages/airflow/example_dags/example_branch_day_of_week_operator.py
[2023-12-27T06:09:42.807+0000] {logging_mixin.py:117} INFO - [2023-12-27T06:09:42.806+0000] {dag.py:2573} INFO - Sync 1 DAGs
[2023-12-27T06:09:45.890+0000] {logging_mixin.py:117} INFO - [2023-12-27T06:09:45.889+0000] {dag.py:3328} INFO - Setting next_dagrun for example_weekday_branch_operator to 2023-12-26T00:00:00+00:00, run_after=2023-12-27T00:00:00+00:00
[2023-12-27T06:09:48.455+0000] {processor.py:178} INFO - Processing /home/airflow/.local/lib/python3.7/site-packages/airflow/example_dags/example_branch_day_of_week_operator.py took 12.395 seconds
[2023-12-27T06:17:35.600+0000] {processor.py:156} INFO - Started process (PID=558) to work on /home/airflow/.local/lib/python3.7/site-packages/airflow/example_dags/example_branch_day_of_week_operator.py
[2023-12-27T06:17:35.631+0000] {processor.py:758} INFO - Processing file /home/airflow/.local/lib/python3.7/site-packages/airflow/example_dags/example_branch_day_of_week_operator.py for tasks to queue
[2023-12-27T06:17:35.669+0000] {logging_mixin.py:117} INFO - [2023-12-27T06:17:35.641+0000] {dagbag.py:525} INFO - Filling up the DagBag from /home/airflow/.local/lib/python3.7/site-packages/airflow/example_dags/example_branch_day_of_week_operator.py
[2023-12-27T06:17:37.452+0000] {processor.py:768} INFO - DAG(s) dict_keys(['example_weekday_branch_operator']) retrieved from /home/airflow/.local/lib/python3.7/site-packages/airflow/example_dags/example_branch_day_of_week_operator.py
[2023-12-27T06:17:44.737+0000] {logging_mixin.py:117} INFO - [2023-12-27T06:17:44.736+0000] {dag.py:2573} INFO - Sync 1 DAGs
[2023-12-27T06:17:48.246+0000] {logging_mixin.py:117} INFO - [2023-12-27T06:17:48.184+0000] {dag.py:3328} INFO - Setting next_dagrun for example_weekday_branch_operator to 2023-12-26T00:00:00+00:00, run_after=2023-12-27T00:00:00+00:00
[2023-12-27T06:17:50.732+0000] {processor.py:178} INFO - Processing /home/airflow/.local/lib/python3.7/site-packages/airflow/example_dags/example_branch_day_of_week_operator.py took 15.392 seconds
[2023-12-27T06:22:58.215+0000] {processor.py:156} INFO - Started process (PID=702) to work on /home/airflow/.local/lib/python3.7/site-packages/airflow/example_dags/example_branch_day_of_week_operator.py
[2023-12-27T06:22:58.296+0000] {processor.py:758} INFO - Processing file /home/airflow/.local/lib/python3.7/site-packages/airflow/example_dags/example_branch_day_of_week_operator.py for tasks to queue
[2023-12-27T06:22:58.298+0000] {logging_mixin.py:117} INFO - [2023-12-27T06:22:58.298+0000] {dagbag.py:525} INFO - Filling up the DagBag from /home/airflow/.local/lib/python3.7/site-packages/airflow/example_dags/example_branch_day_of_week_operator.py
[2023-12-27T06:23:01.662+0000] {processor.py:768} INFO - DAG(s) dict_keys(['example_weekday_branch_operator']) retrieved from /home/airflow/.local/lib/python3.7/site-packages/airflow/example_dags/example_branch_day_of_week_operator.py
[2023-12-27T06:23:05.159+0000] {logging_mixin.py:117} INFO - [2023-12-27T06:23:05.158+0000] {dag.py:2573} INFO - Sync 1 DAGs
[2023-12-27T06:23:06.618+0000] {logging_mixin.py:117} INFO - [2023-12-27T06:23:06.618+0000] {dag.py:3328} INFO - Setting next_dagrun for example_weekday_branch_operator to 2023-12-26T00:00:00+00:00, run_after=2023-12-27T00:00:00+00:00
[2023-12-27T06:23:08.703+0000] {processor.py:178} INFO - Processing /home/airflow/.local/lib/python3.7/site-packages/airflow/example_dags/example_branch_day_of_week_operator.py took 10.562 seconds
[2023-12-27T06:27:31.220+0000] {processor.py:156} INFO - Started process (PID=52) to work on /home/airflow/.local/lib/python3.7/site-packages/airflow/example_dags/example_branch_day_of_week_operator.py
[2023-12-27T06:27:31.242+0000] {processor.py:758} INFO - Processing file /home/airflow/.local/lib/python3.7/site-packages/airflow/example_dags/example_branch_day_of_week_operator.py for tasks to queue
[2023-12-27T06:27:31.263+0000] {logging_mixin.py:117} INFO - [2023-12-27T06:27:31.260+0000] {dagbag.py:525} INFO - Filling up the DagBag from /home/airflow/.local/lib/python3.7/site-packages/airflow/example_dags/example_branch_day_of_week_operator.py
[2023-12-27T06:27:31.473+0000] {processor.py:768} INFO - DAG(s) dict_keys(['example_weekday_branch_operator']) retrieved from /home/airflow/.local/lib/python3.7/site-packages/airflow/example_dags/example_branch_day_of_week_operator.py
[2023-12-27T06:27:33.750+0000] {logging_mixin.py:117} INFO - [2023-12-27T06:27:33.749+0000] {dag.py:2573} INFO - Sync 1 DAGs
[2023-12-27T06:27:34.538+0000] {logging_mixin.py:117} INFO - [2023-12-27T06:27:34.519+0000] {dag.py:3328} INFO - Setting next_dagrun for example_weekday_branch_operator to 2023-12-26T00:00:00+00:00, run_after=2023-12-27T00:00:00+00:00
[2023-12-27T06:27:34.792+0000] {processor.py:178} INFO - Processing /home/airflow/.local/lib/python3.7/site-packages/airflow/example_dags/example_branch_day_of_week_operator.py took 3.593 seconds
[2023-12-27T06:28:52.039+0000] {processor.py:156} INFO - Started process (PID=126) to work on /home/airflow/.local/lib/python3.7/site-packages/airflow/example_dags/example_branch_day_of_week_operator.py
[2023-12-27T06:28:52.049+0000] {processor.py:758} INFO - Processing file /home/airflow/.local/lib/python3.7/site-packages/airflow/example_dags/example_branch_day_of_week_operator.py for tasks to queue
[2023-12-27T06:28:52.050+0000] {logging_mixin.py:117} INFO - [2023-12-27T06:28:52.050+0000] {dagbag.py:525} INFO - Filling up the DagBag from /home/airflow/.local/lib/python3.7/site-packages/airflow/example_dags/example_branch_day_of_week_operator.py
[2023-12-27T06:28:52.194+0000] {processor.py:768} INFO - DAG(s) dict_keys(['example_weekday_branch_operator']) retrieved from /home/airflow/.local/lib/python3.7/site-packages/airflow/example_dags/example_branch_day_of_week_operator.py
[2023-12-27T06:28:53.568+0000] {logging_mixin.py:117} INFO - [2023-12-27T06:28:53.568+0000] {dag.py:2573} INFO - Sync 1 DAGs
[2023-12-27T06:28:53.855+0000] {logging_mixin.py:117} INFO - [2023-12-27T06:28:53.855+0000] {dag.py:3328} INFO - Setting next_dagrun for example_weekday_branch_operator to 2023-12-26T00:00:00+00:00, run_after=2023-12-27T00:00:00+00:00
[2023-12-27T06:28:54.121+0000] {processor.py:178} INFO - Processing /home/airflow/.local/lib/python3.7/site-packages/airflow/example_dags/example_branch_day_of_week_operator.py took 2.089 seconds
[2023-12-27T06:29:51.446+0000] {processor.py:156} INFO - Started process (PID=176) to work on /home/airflow/.local/lib/python3.7/site-packages/airflow/example_dags/example_branch_day_of_week_operator.py
[2023-12-27T06:29:51.453+0000] {processor.py:758} INFO - Processing file /home/airflow/.local/lib/python3.7/site-packages/airflow/example_dags/example_branch_day_of_week_operator.py for tasks to queue
[2023-12-27T06:29:51.455+0000] {logging_mixin.py:117} INFO - [2023-12-27T06:29:51.454+0000] {dagbag.py:525} INFO - Filling up the DagBag from /home/airflow/.local/lib/python3.7/site-packages/airflow/example_dags/example_branch_day_of_week_operator.py
[2023-12-27T06:29:51.587+0000] {processor.py:768} INFO - DAG(s) dict_keys(['example_weekday_branch_operator']) retrieved from /home/airflow/.local/lib/python3.7/site-packages/airflow/example_dags/example_branch_day_of_week_operator.py
[2023-12-27T06:29:52.906+0000] {logging_mixin.py:117} INFO - [2023-12-27T06:29:52.906+0000] {dag.py:2573} INFO - Sync 1 DAGs
[2023-12-27T06:29:54.562+0000] {logging_mixin.py:117} INFO - [2023-12-27T06:29:54.561+0000] {dag.py:3328} INFO - Setting next_dagrun for example_weekday_branch_operator to 2023-12-26T00:00:00+00:00, run_after=2023-12-27T00:00:00+00:00
[2023-12-27T06:29:55.529+0000] {processor.py:178} INFO - Processing /home/airflow/.local/lib/python3.7/site-packages/airflow/example_dags/example_branch_day_of_week_operator.py took 4.122 seconds
[2023-12-27T06:32:24.061+0000] {processor.py:156} INFO - Started process (PID=256) to work on /home/airflow/.local/lib/python3.7/site-packages/airflow/example_dags/example_branch_day_of_week_operator.py
[2023-12-27T06:32:24.071+0000] {processor.py:758} INFO - Processing file /home/airflow/.local/lib/python3.7/site-packages/airflow/example_dags/example_branch_day_of_week_operator.py for tasks to queue
[2023-12-27T06:32:24.074+0000] {logging_mixin.py:117} INFO - [2023-12-27T06:32:24.073+0000] {dagbag.py:525} INFO - Filling up the DagBag from /home/airflow/.local/lib/python3.7/site-packages/airflow/example_dags/example_branch_day_of_week_operator.py
[2023-12-27T06:32:25.255+0000] {processor.py:768} INFO - DAG(s) dict_keys(['example_weekday_branch_operator']) retrieved from /home/airflow/.local/lib/python3.7/site-packages/airflow/example_dags/example_branch_day_of_week_operator.py
[2023-12-27T06:32:29.534+0000] {logging_mixin.py:117} INFO - [2023-12-27T06:32:29.481+0000] {dag.py:2573} INFO - Sync 1 DAGs
[2023-12-27T06:32:31.582+0000] {logging_mixin.py:117} INFO - [2023-12-27T06:32:31.581+0000] {dag.py:3328} INFO - Setting next_dagrun for example_weekday_branch_operator to 2023-12-26T00:00:00+00:00, run_after=2023-12-27T00:00:00+00:00
[2023-12-27T06:32:33.633+0000] {processor.py:178} INFO - Processing /home/airflow/.local/lib/python3.7/site-packages/airflow/example_dags/example_branch_day_of_week_operator.py took 9.592 seconds
[2023-12-27T06:37:20.683+0000] {processor.py:156} INFO - Started process (PID=51) to work on /home/airflow/.local/lib/python3.7/site-packages/airflow/example_dags/example_branch_day_of_week_operator.py
[2023-12-27T06:37:20.691+0000] {processor.py:758} INFO - Processing file /home/airflow/.local/lib/python3.7/site-packages/airflow/example_dags/example_branch_day_of_week_operator.py for tasks to queue
[2023-12-27T06:37:20.693+0000] {logging_mixin.py:117} INFO - [2023-12-27T06:37:20.693+0000] {dagbag.py:525} INFO - Filling up the DagBag from /home/airflow/.local/lib/python3.7/site-packages/airflow/example_dags/example_branch_day_of_week_operator.py
[2023-12-27T06:37:20.752+0000] {processor.py:768} INFO - DAG(s) dict_keys(['example_weekday_branch_operator']) retrieved from /home/airflow/.local/lib/python3.7/site-packages/airflow/example_dags/example_branch_day_of_week_operator.py
[2023-12-27T06:37:21.147+0000] {logging_mixin.py:117} INFO - [2023-12-27T06:37:21.146+0000] {dag.py:2573} INFO - Sync 1 DAGs
[2023-12-27T06:37:21.465+0000] {logging_mixin.py:117} INFO - [2023-12-27T06:37:21.461+0000] {dag.py:3328} INFO - Setting next_dagrun for example_weekday_branch_operator to 2023-12-26T00:00:00+00:00, run_after=2023-12-27T00:00:00+00:00
[2023-12-27T06:37:21.625+0000] {processor.py:178} INFO - Processing /home/airflow/.local/lib/python3.7/site-packages/airflow/example_dags/example_branch_day_of_week_operator.py took 0.949 seconds
[2023-12-27T06:38:49.232+0000] {processor.py:156} INFO - Started process (PID=124) to work on /home/airflow/.local/lib/python3.7/site-packages/airflow/example_dags/example_branch_day_of_week_operator.py
[2023-12-27T06:38:49.254+0000] {processor.py:758} INFO - Processing file /home/airflow/.local/lib/python3.7/site-packages/airflow/example_dags/example_branch_day_of_week_operator.py for tasks to queue
[2023-12-27T06:38:49.257+0000] {logging_mixin.py:117} INFO - [2023-12-27T06:38:49.257+0000] {dagbag.py:525} INFO - Filling up the DagBag from /home/airflow/.local/lib/python3.7/site-packages/airflow/example_dags/example_branch_day_of_week_operator.py
[2023-12-27T06:38:55.315+0000] {processor.py:768} INFO - DAG(s) dict_keys(['example_weekday_branch_operator']) retrieved from /home/airflow/.local/lib/python3.7/site-packages/airflow/example_dags/example_branch_day_of_week_operator.py
[2023-12-27T06:38:59.791+0000] {logging_mixin.py:117} INFO - [2023-12-27T06:38:59.790+0000] {dag.py:2573} INFO - Sync 1 DAGs
[2023-12-27T06:39:01.599+0000] {logging_mixin.py:117} INFO - [2023-12-27T06:39:01.591+0000] {dag.py:3328} INFO - Setting next_dagrun for example_weekday_branch_operator to 2023-12-26T00:00:00+00:00, run_after=2023-12-27T00:00:00+00:00
[2023-12-27T06:39:06.453+0000] {processor.py:178} INFO - Processing /home/airflow/.local/lib/python3.7/site-packages/airflow/example_dags/example_branch_day_of_week_operator.py took 17.246 seconds
[2023-12-27T06:43:14.181+0000] {processor.py:156} INFO - Started process (PID=233) to work on /home/airflow/.local/lib/python3.7/site-packages/airflow/example_dags/example_branch_day_of_week_operator.py
[2023-12-27T06:43:14.260+0000] {processor.py:758} INFO - Processing file /home/airflow/.local/lib/python3.7/site-packages/airflow/example_dags/example_branch_day_of_week_operator.py for tasks to queue
[2023-12-27T06:43:14.324+0000] {logging_mixin.py:117} INFO - [2023-12-27T06:43:14.296+0000] {dagbag.py:525} INFO - Filling up the DagBag from /home/airflow/.local/lib/python3.7/site-packages/airflow/example_dags/example_branch_day_of_week_operator.py
[2023-12-27T06:43:15.499+0000] {processor.py:768} INFO - DAG(s) dict_keys(['example_weekday_branch_operator']) retrieved from /home/airflow/.local/lib/python3.7/site-packages/airflow/example_dags/example_branch_day_of_week_operator.py
[2023-12-27T06:43:16.915+0000] {logging_mixin.py:117} INFO - [2023-12-27T06:43:16.915+0000] {dag.py:2573} INFO - Sync 1 DAGs
[2023-12-27T06:43:18.076+0000] {logging_mixin.py:117} INFO - [2023-12-27T06:43:18.024+0000] {dag.py:3328} INFO - Setting next_dagrun for example_weekday_branch_operator to 2023-12-26T00:00:00+00:00, run_after=2023-12-27T00:00:00+00:00
[2023-12-27T06:43:18.976+0000] {processor.py:178} INFO - Processing /home/airflow/.local/lib/python3.7/site-packages/airflow/example_dags/example_branch_day_of_week_operator.py took 4.910 seconds
[2023-12-27T11:02:03.361+0000] {processor.py:156} INFO - Started process (PID=76) to work on /home/airflow/.local/lib/python3.7/site-packages/airflow/example_dags/example_branch_day_of_week_operator.py
[2023-12-27T11:02:03.375+0000] {processor.py:758} INFO - Processing file /home/airflow/.local/lib/python3.7/site-packages/airflow/example_dags/example_branch_day_of_week_operator.py for tasks to queue
[2023-12-27T11:02:03.386+0000] {logging_mixin.py:117} INFO - [2023-12-27T11:02:03.385+0000] {dagbag.py:525} INFO - Filling up the DagBag from /home/airflow/.local/lib/python3.7/site-packages/airflow/example_dags/example_branch_day_of_week_operator.py
[2023-12-27T11:02:04.079+0000] {processor.py:768} INFO - DAG(s) dict_keys(['example_weekday_branch_operator']) retrieved from /home/airflow/.local/lib/python3.7/site-packages/airflow/example_dags/example_branch_day_of_week_operator.py
[2023-12-27T11:02:08.402+0000] {logging_mixin.py:117} INFO - [2023-12-27T11:02:08.402+0000] {dag.py:2573} INFO - Sync 1 DAGs
[2023-12-27T11:02:09.107+0000] {logging_mixin.py:117} INFO - [2023-12-27T11:02:09.106+0000] {dag.py:3328} INFO - Setting next_dagrun for example_weekday_branch_operator to 2023-12-26T00:00:00+00:00, run_after=2023-12-27T00:00:00+00:00
[2023-12-27T11:02:09.569+0000] {processor.py:178} INFO - Processing /home/airflow/.local/lib/python3.7/site-packages/airflow/example_dags/example_branch_day_of_week_operator.py took 6.237 seconds
[2023-12-27T11:03:35.339+0000] {processor.py:156} INFO - Started process (PID=153) to work on /home/airflow/.local/lib/python3.7/site-packages/airflow/example_dags/example_branch_day_of_week_operator.py
[2023-12-27T11:03:35.390+0000] {processor.py:758} INFO - Processing file /home/airflow/.local/lib/python3.7/site-packages/airflow/example_dags/example_branch_day_of_week_operator.py for tasks to queue
[2023-12-27T11:03:35.391+0000] {logging_mixin.py:117} INFO - [2023-12-27T11:03:35.391+0000] {dagbag.py:525} INFO - Filling up the DagBag from /home/airflow/.local/lib/python3.7/site-packages/airflow/example_dags/example_branch_day_of_week_operator.py
[2023-12-27T11:03:36.386+0000] {processor.py:768} INFO - DAG(s) dict_keys(['example_weekday_branch_operator']) retrieved from /home/airflow/.local/lib/python3.7/site-packages/airflow/example_dags/example_branch_day_of_week_operator.py
[2023-12-27T11:03:36.687+0000] {logging_mixin.py:117} INFO - [2023-12-27T11:03:36.686+0000] {dag.py:2573} INFO - Sync 1 DAGs
[2023-12-27T11:03:37.161+0000] {logging_mixin.py:117} INFO - [2023-12-27T11:03:37.161+0000] {dag.py:3328} INFO - Setting next_dagrun for example_weekday_branch_operator to 2023-12-26T00:00:00+00:00, run_after=2023-12-27T00:00:00+00:00
[2023-12-27T11:03:37.422+0000] {processor.py:178} INFO - Processing /home/airflow/.local/lib/python3.7/site-packages/airflow/example_dags/example_branch_day_of_week_operator.py took 2.145 seconds
[2023-12-27T11:04:30.572+0000] {processor.py:156} INFO - Started process (PID=200) to work on /home/airflow/.local/lib/python3.7/site-packages/airflow/example_dags/example_branch_day_of_week_operator.py
[2023-12-27T11:04:30.593+0000] {processor.py:758} INFO - Processing file /home/airflow/.local/lib/python3.7/site-packages/airflow/example_dags/example_branch_day_of_week_operator.py for tasks to queue
[2023-12-27T11:04:30.603+0000] {logging_mixin.py:117} INFO - [2023-12-27T11:04:30.602+0000] {dagbag.py:525} INFO - Filling up the DagBag from /home/airflow/.local/lib/python3.7/site-packages/airflow/example_dags/example_branch_day_of_week_operator.py
[2023-12-27T11:04:30.790+0000] {processor.py:768} INFO - DAG(s) dict_keys(['example_weekday_branch_operator']) retrieved from /home/airflow/.local/lib/python3.7/site-packages/airflow/example_dags/example_branch_day_of_week_operator.py
[2023-12-27T11:04:31.411+0000] {logging_mixin.py:117} INFO - [2023-12-27T11:04:31.408+0000] {dag.py:2573} INFO - Sync 1 DAGs
[2023-12-27T11:04:31.771+0000] {logging_mixin.py:117} INFO - [2023-12-27T11:04:31.771+0000] {dag.py:3328} INFO - Setting next_dagrun for example_weekday_branch_operator to 2023-12-26T00:00:00+00:00, run_after=2023-12-27T00:00:00+00:00
[2023-12-27T11:04:32.014+0000] {processor.py:178} INFO - Processing /home/airflow/.local/lib/python3.7/site-packages/airflow/example_dags/example_branch_day_of_week_operator.py took 1.468 seconds
[2023-12-27T11:05:06.060+0000] {processor.py:156} INFO - Started process (PID=245) to work on /home/airflow/.local/lib/python3.7/site-packages/airflow/example_dags/example_branch_day_of_week_operator.py
[2023-12-27T11:05:06.090+0000] {processor.py:758} INFO - Processing file /home/airflow/.local/lib/python3.7/site-packages/airflow/example_dags/example_branch_day_of_week_operator.py for tasks to queue
[2023-12-27T11:05:06.095+0000] {logging_mixin.py:117} INFO - [2023-12-27T11:05:06.094+0000] {dagbag.py:525} INFO - Filling up the DagBag from /home/airflow/.local/lib/python3.7/site-packages/airflow/example_dags/example_branch_day_of_week_operator.py
[2023-12-27T11:05:06.268+0000] {processor.py:768} INFO - DAG(s) dict_keys(['example_weekday_branch_operator']) retrieved from /home/airflow/.local/lib/python3.7/site-packages/airflow/example_dags/example_branch_day_of_week_operator.py
[2023-12-27T11:05:06.687+0000] {logging_mixin.py:117} INFO - [2023-12-27T11:05:06.686+0000] {dag.py:2573} INFO - Sync 1 DAGs
[2023-12-27T11:05:06.937+0000] {logging_mixin.py:117} INFO - [2023-12-27T11:05:06.937+0000] {dag.py:3328} INFO - Setting next_dagrun for example_weekday_branch_operator to 2023-12-26T00:00:00+00:00, run_after=2023-12-27T00:00:00+00:00
[2023-12-27T11:05:07.146+0000] {processor.py:178} INFO - Processing /home/airflow/.local/lib/python3.7/site-packages/airflow/example_dags/example_branch_day_of_week_operator.py took 1.121 seconds
[2023-12-27T11:05:40.826+0000] {processor.py:156} INFO - Started process (PID=297) to work on /home/airflow/.local/lib/python3.7/site-packages/airflow/example_dags/example_branch_day_of_week_operator.py
[2023-12-27T11:05:40.830+0000] {processor.py:758} INFO - Processing file /home/airflow/.local/lib/python3.7/site-packages/airflow/example_dags/example_branch_day_of_week_operator.py for tasks to queue
[2023-12-27T11:05:40.832+0000] {logging_mixin.py:117} INFO - [2023-12-27T11:05:40.831+0000] {dagbag.py:525} INFO - Filling up the DagBag from /home/airflow/.local/lib/python3.7/site-packages/airflow/example_dags/example_branch_day_of_week_operator.py
[2023-12-27T11:05:40.883+0000] {processor.py:768} INFO - DAG(s) dict_keys(['example_weekday_branch_operator']) retrieved from /home/airflow/.local/lib/python3.7/site-packages/airflow/example_dags/example_branch_day_of_week_operator.py
[2023-12-27T11:05:41.337+0000] {logging_mixin.py:117} INFO - [2023-12-27T11:05:41.336+0000] {dag.py:2573} INFO - Sync 1 DAGs
[2023-12-27T11:05:41.687+0000] {logging_mixin.py:117} INFO - [2023-12-27T11:05:41.687+0000] {dag.py:3328} INFO - Setting next_dagrun for example_weekday_branch_operator to 2023-12-26T00:00:00+00:00, run_after=2023-12-27T00:00:00+00:00
[2023-12-27T11:05:41.882+0000] {processor.py:178} INFO - Processing /home/airflow/.local/lib/python3.7/site-packages/airflow/example_dags/example_branch_day_of_week_operator.py took 1.075 seconds
[2023-12-27T11:06:15.740+0000] {processor.py:156} INFO - Started process (PID=348) to work on /home/airflow/.local/lib/python3.7/site-packages/airflow/example_dags/example_branch_day_of_week_operator.py
[2023-12-27T11:06:15.780+0000] {processor.py:758} INFO - Processing file /home/airflow/.local/lib/python3.7/site-packages/airflow/example_dags/example_branch_day_of_week_operator.py for tasks to queue
[2023-12-27T11:06:15.781+0000] {logging_mixin.py:117} INFO - [2023-12-27T11:06:15.781+0000] {dagbag.py:525} INFO - Filling up the DagBag from /home/airflow/.local/lib/python3.7/site-packages/airflow/example_dags/example_branch_day_of_week_operator.py
[2023-12-27T11:06:16.222+0000] {processor.py:768} INFO - DAG(s) dict_keys(['example_weekday_branch_operator']) retrieved from /home/airflow/.local/lib/python3.7/site-packages/airflow/example_dags/example_branch_day_of_week_operator.py
[2023-12-27T11:06:17.387+0000] {logging_mixin.py:117} INFO - [2023-12-27T11:06:17.386+0000] {dag.py:2573} INFO - Sync 1 DAGs
[2023-12-27T11:06:17.830+0000] {logging_mixin.py:117} INFO - [2023-12-27T11:06:17.830+0000] {dag.py:3328} INFO - Setting next_dagrun for example_weekday_branch_operator to 2023-12-26T00:00:00+00:00, run_after=2023-12-27T00:00:00+00:00
[2023-12-27T11:06:18.093+0000] {processor.py:178} INFO - Processing /home/airflow/.local/lib/python3.7/site-packages/airflow/example_dags/example_branch_day_of_week_operator.py took 2.380 seconds
[2023-12-27T11:06:57.169+0000] {processor.py:156} INFO - Started process (PID=404) to work on /home/airflow/.local/lib/python3.7/site-packages/airflow/example_dags/example_branch_day_of_week_operator.py
[2023-12-27T11:06:57.209+0000] {processor.py:758} INFO - Processing file /home/airflow/.local/lib/python3.7/site-packages/airflow/example_dags/example_branch_day_of_week_operator.py for tasks to queue
[2023-12-27T11:06:57.211+0000] {logging_mixin.py:117} INFO - [2023-12-27T11:06:57.210+0000] {dagbag.py:525} INFO - Filling up the DagBag from /home/airflow/.local/lib/python3.7/site-packages/airflow/example_dags/example_branch_day_of_week_operator.py
[2023-12-27T11:06:57.565+0000] {processor.py:768} INFO - DAG(s) dict_keys(['example_weekday_branch_operator']) retrieved from /home/airflow/.local/lib/python3.7/site-packages/airflow/example_dags/example_branch_day_of_week_operator.py
[2023-12-27T11:06:58.107+0000] {logging_mixin.py:117} INFO - [2023-12-27T11:06:58.106+0000] {dag.py:2573} INFO - Sync 1 DAGs
[2023-12-27T11:06:58.650+0000] {logging_mixin.py:117} INFO - [2023-12-27T11:06:58.649+0000] {dag.py:3328} INFO - Setting next_dagrun for example_weekday_branch_operator to 2023-12-26T00:00:00+00:00, run_after=2023-12-27T00:00:00+00:00
[2023-12-27T11:06:58.842+0000] {processor.py:178} INFO - Processing /home/airflow/.local/lib/python3.7/site-packages/airflow/example_dags/example_branch_day_of_week_operator.py took 1.702 seconds
[2023-12-27T11:08:24.853+0000] {processor.py:156} INFO - Started process (PID=478) to work on /home/airflow/.local/lib/python3.7/site-packages/airflow/example_dags/example_branch_day_of_week_operator.py
[2023-12-27T11:08:24.882+0000] {processor.py:758} INFO - Processing file /home/airflow/.local/lib/python3.7/site-packages/airflow/example_dags/example_branch_day_of_week_operator.py for tasks to queue
[2023-12-27T11:08:24.884+0000] {logging_mixin.py:117} INFO - [2023-12-27T11:08:24.883+0000] {dagbag.py:525} INFO - Filling up the DagBag from /home/airflow/.local/lib/python3.7/site-packages/airflow/example_dags/example_branch_day_of_week_operator.py
[2023-12-27T11:08:25.247+0000] {processor.py:768} INFO - DAG(s) dict_keys(['example_weekday_branch_operator']) retrieved from /home/airflow/.local/lib/python3.7/site-packages/airflow/example_dags/example_branch_day_of_week_operator.py
[2023-12-27T11:08:26.178+0000] {logging_mixin.py:117} INFO - [2023-12-27T11:08:26.177+0000] {dag.py:2573} INFO - Sync 1 DAGs
[2023-12-27T11:08:27.073+0000] {logging_mixin.py:117} INFO - [2023-12-27T11:08:27.072+0000] {dag.py:3328} INFO - Setting next_dagrun for example_weekday_branch_operator to 2023-12-26T00:00:00+00:00, run_after=2023-12-27T00:00:00+00:00
[2023-12-27T11:08:27.556+0000] {processor.py:178} INFO - Processing /home/airflow/.local/lib/python3.7/site-packages/airflow/example_dags/example_branch_day_of_week_operator.py took 2.743 seconds
[2023-12-27T11:09:11.053+0000] {processor.py:156} INFO - Started process (PID=534) to work on /home/airflow/.local/lib/python3.7/site-packages/airflow/example_dags/example_branch_day_of_week_operator.py
[2023-12-27T11:09:11.098+0000] {processor.py:758} INFO - Processing file /home/airflow/.local/lib/python3.7/site-packages/airflow/example_dags/example_branch_day_of_week_operator.py for tasks to queue
[2023-12-27T11:09:11.100+0000] {logging_mixin.py:117} INFO - [2023-12-27T11:09:11.100+0000] {dagbag.py:525} INFO - Filling up the DagBag from /home/airflow/.local/lib/python3.7/site-packages/airflow/example_dags/example_branch_day_of_week_operator.py
[2023-12-27T11:09:11.277+0000] {processor.py:768} INFO - DAG(s) dict_keys(['example_weekday_branch_operator']) retrieved from /home/airflow/.local/lib/python3.7/site-packages/airflow/example_dags/example_branch_day_of_week_operator.py
[2023-12-27T11:09:11.972+0000] {logging_mixin.py:117} INFO - [2023-12-27T11:09:11.972+0000] {dag.py:2573} INFO - Sync 1 DAGs
[2023-12-27T11:09:12.472+0000] {logging_mixin.py:117} INFO - [2023-12-27T11:09:12.471+0000] {dag.py:3328} INFO - Setting next_dagrun for example_weekday_branch_operator to 2023-12-26T00:00:00+00:00, run_after=2023-12-27T00:00:00+00:00
[2023-12-27T11:09:12.922+0000] {processor.py:178} INFO - Processing /home/airflow/.local/lib/python3.7/site-packages/airflow/example_dags/example_branch_day_of_week_operator.py took 1.895 seconds
[2023-12-27T11:09:45.538+0000] {processor.py:156} INFO - Started process (PID=586) to work on /home/airflow/.local/lib/python3.7/site-packages/airflow/example_dags/example_branch_day_of_week_operator.py
[2023-12-27T11:09:45.577+0000] {processor.py:758} INFO - Processing file /home/airflow/.local/lib/python3.7/site-packages/airflow/example_dags/example_branch_day_of_week_operator.py for tasks to queue
[2023-12-27T11:09:45.579+0000] {logging_mixin.py:117} INFO - [2023-12-27T11:09:45.578+0000] {dagbag.py:525} INFO - Filling up the DagBag from /home/airflow/.local/lib/python3.7/site-packages/airflow/example_dags/example_branch_day_of_week_operator.py
[2023-12-27T11:09:45.892+0000] {processor.py:768} INFO - DAG(s) dict_keys(['example_weekday_branch_operator']) retrieved from /home/airflow/.local/lib/python3.7/site-packages/airflow/example_dags/example_branch_day_of_week_operator.py
[2023-12-27T11:09:46.599+0000] {logging_mixin.py:117} INFO - [2023-12-27T11:09:46.598+0000] {dag.py:2573} INFO - Sync 1 DAGs
[2023-12-27T11:09:47.147+0000] {logging_mixin.py:117} INFO - [2023-12-27T11:09:47.147+0000] {dag.py:3328} INFO - Setting next_dagrun for example_weekday_branch_operator to 2023-12-26T00:00:00+00:00, run_after=2023-12-27T00:00:00+00:00
[2023-12-27T11:09:47.557+0000] {processor.py:178} INFO - Processing /home/airflow/.local/lib/python3.7/site-packages/airflow/example_dags/example_branch_day_of_week_operator.py took 2.068 seconds
[2023-12-27T11:10:27.943+0000] {processor.py:156} INFO - Started process (PID=634) to work on /home/airflow/.local/lib/python3.7/site-packages/airflow/example_dags/example_branch_day_of_week_operator.py
[2023-12-27T11:10:27.967+0000] {processor.py:758} INFO - Processing file /home/airflow/.local/lib/python3.7/site-packages/airflow/example_dags/example_branch_day_of_week_operator.py for tasks to queue
[2023-12-27T11:10:27.982+0000] {logging_mixin.py:117} INFO - [2023-12-27T11:10:27.982+0000] {dagbag.py:525} INFO - Filling up the DagBag from /home/airflow/.local/lib/python3.7/site-packages/airflow/example_dags/example_branch_day_of_week_operator.py
[2023-12-27T11:10:28.600+0000] {processor.py:768} INFO - DAG(s) dict_keys(['example_weekday_branch_operator']) retrieved from /home/airflow/.local/lib/python3.7/site-packages/airflow/example_dags/example_branch_day_of_week_operator.py
[2023-12-27T11:10:31.065+0000] {logging_mixin.py:117} INFO - [2023-12-27T11:10:31.064+0000] {dag.py:2573} INFO - Sync 1 DAGs
[2023-12-27T11:10:32.482+0000] {logging_mixin.py:117} INFO - [2023-12-27T11:10:32.480+0000] {dag.py:3328} INFO - Setting next_dagrun for example_weekday_branch_operator to 2023-12-26T00:00:00+00:00, run_after=2023-12-27T00:00:00+00:00
[2023-12-27T11:10:33.023+0000] {processor.py:178} INFO - Processing /home/airflow/.local/lib/python3.7/site-packages/airflow/example_dags/example_branch_day_of_week_operator.py took 5.125 seconds
[2023-12-27T11:13:59.903+0000] {processor.py:156} INFO - Started process (PID=69) to work on /home/airflow/.local/lib/python3.7/site-packages/airflow/example_dags/example_branch_day_of_week_operator.py
[2023-12-27T11:13:59.910+0000] {processor.py:758} INFO - Processing file /home/airflow/.local/lib/python3.7/site-packages/airflow/example_dags/example_branch_day_of_week_operator.py for tasks to queue
[2023-12-27T11:13:59.915+0000] {logging_mixin.py:117} INFO - [2023-12-27T11:13:59.914+0000] {dagbag.py:525} INFO - Filling up the DagBag from /home/airflow/.local/lib/python3.7/site-packages/airflow/example_dags/example_branch_day_of_week_operator.py
[2023-12-27T11:14:00.260+0000] {processor.py:768} INFO - DAG(s) dict_keys(['example_weekday_branch_operator']) retrieved from /home/airflow/.local/lib/python3.7/site-packages/airflow/example_dags/example_branch_day_of_week_operator.py
[2023-12-27T11:14:02.989+0000] {logging_mixin.py:117} INFO - [2023-12-27T11:14:02.989+0000] {dag.py:2573} INFO - Sync 1 DAGs
[2023-12-27T11:14:03.357+0000] {logging_mixin.py:117} INFO - [2023-12-27T11:14:03.357+0000] {dag.py:3328} INFO - Setting next_dagrun for example_weekday_branch_operator to 2023-12-26T00:00:00+00:00, run_after=2023-12-27T00:00:00+00:00
[2023-12-27T11:14:03.714+0000] {processor.py:178} INFO - Processing /home/airflow/.local/lib/python3.7/site-packages/airflow/example_dags/example_branch_day_of_week_operator.py took 3.825 seconds
[2023-12-27T11:15:53.670+0000] {processor.py:156} INFO - Started process (PID=161) to work on /home/airflow/.local/lib/python3.7/site-packages/airflow/example_dags/example_branch_day_of_week_operator.py
[2023-12-27T11:15:53.771+0000] {processor.py:758} INFO - Processing file /home/airflow/.local/lib/python3.7/site-packages/airflow/example_dags/example_branch_day_of_week_operator.py for tasks to queue
[2023-12-27T11:15:53.777+0000] {logging_mixin.py:117} INFO - [2023-12-27T11:15:53.776+0000] {dagbag.py:525} INFO - Filling up the DagBag from /home/airflow/.local/lib/python3.7/site-packages/airflow/example_dags/example_branch_day_of_week_operator.py
[2023-12-27T11:15:56.772+0000] {processor.py:768} INFO - DAG(s) dict_keys(['example_weekday_branch_operator']) retrieved from /home/airflow/.local/lib/python3.7/site-packages/airflow/example_dags/example_branch_day_of_week_operator.py
[2023-12-27T11:15:57.145+0000] {logging_mixin.py:117} INFO - [2023-12-27T11:15:57.144+0000] {dag.py:2573} INFO - Sync 1 DAGs
[2023-12-27T11:15:57.375+0000] {logging_mixin.py:117} INFO - [2023-12-27T11:15:57.371+0000] {dag.py:3328} INFO - Setting next_dagrun for example_weekday_branch_operator to 2023-12-26T00:00:00+00:00, run_after=2023-12-27T00:00:00+00:00
[2023-12-27T11:15:57.506+0000] {processor.py:178} INFO - Processing /home/airflow/.local/lib/python3.7/site-packages/airflow/example_dags/example_branch_day_of_week_operator.py took 3.998 seconds
[2023-12-27T11:16:27.848+0000] {processor.py:156} INFO - Started process (PID=212) to work on /home/airflow/.local/lib/python3.7/site-packages/airflow/example_dags/example_branch_day_of_week_operator.py
[2023-12-27T11:16:27.850+0000] {processor.py:758} INFO - Processing file /home/airflow/.local/lib/python3.7/site-packages/airflow/example_dags/example_branch_day_of_week_operator.py for tasks to queue
[2023-12-27T11:16:27.852+0000] {logging_mixin.py:117} INFO - [2023-12-27T11:16:27.852+0000] {dagbag.py:525} INFO - Filling up the DagBag from /home/airflow/.local/lib/python3.7/site-packages/airflow/example_dags/example_branch_day_of_week_operator.py
[2023-12-27T11:16:28.189+0000] {processor.py:768} INFO - DAG(s) dict_keys(['example_weekday_branch_operator']) retrieved from /home/airflow/.local/lib/python3.7/site-packages/airflow/example_dags/example_branch_day_of_week_operator.py
[2023-12-27T11:16:28.502+0000] {logging_mixin.py:117} INFO - [2023-12-27T11:16:28.501+0000] {dag.py:2573} INFO - Sync 1 DAGs
[2023-12-27T11:16:28.744+0000] {logging_mixin.py:117} INFO - [2023-12-27T11:16:28.744+0000] {dag.py:3328} INFO - Setting next_dagrun for example_weekday_branch_operator to 2023-12-26T00:00:00+00:00, run_after=2023-12-27T00:00:00+00:00
[2023-12-27T11:16:28.907+0000] {processor.py:178} INFO - Processing /home/airflow/.local/lib/python3.7/site-packages/airflow/example_dags/example_branch_day_of_week_operator.py took 1.112 seconds
