[2023-12-27T06:04:19.753+0000] {processor.py:156} INFO - Started process (PID=236) to work on /home/airflow/.local/lib/python3.7/site-packages/airflow/example_dags/example_latest_only_with_trigger.py
[2023-12-27T06:04:19.807+0000] {processor.py:758} INFO - Processing file /home/airflow/.local/lib/python3.7/site-packages/airflow/example_dags/example_latest_only_with_trigger.py for tasks to queue
[2023-12-27T06:04:19.901+0000] {logging_mixin.py:117} INFO - [2023-12-27T06:04:19.808+0000] {dagbag.py:525} INFO - Filling up the DagBag from /home/airflow/.local/lib/python3.7/site-packages/airflow/example_dags/example_latest_only_with_trigger.py
[2023-12-27T06:04:23.371+0000] {processor.py:768} INFO - DAG(s) dict_keys(['latest_only_with_trigger']) retrieved from /home/airflow/.local/lib/python3.7/site-packages/airflow/example_dags/example_latest_only_with_trigger.py
[2023-12-27T06:04:32.030+0000] {logging_mixin.py:117} INFO - [2023-12-27T06:04:32.029+0000] {dag.py:2573} INFO - Sync 1 DAGs
[2023-12-27T06:04:39.153+0000] {logging_mixin.py:117} INFO - [2023-12-27T06:04:39.153+0000] {dag.py:3328} INFO - Setting next_dagrun for latest_only_with_trigger to 2023-12-27T02:04:39.068770+00:00, run_after=2023-12-27T06:04:39.068770+00:00
[2023-12-27T06:04:42.970+0000] {processor.py:178} INFO - Processing /home/airflow/.local/lib/python3.7/site-packages/airflow/example_dags/example_latest_only_with_trigger.py took 23.613 seconds
[2023-12-27T06:13:43.140+0000] {processor.py:156} INFO - Started process (PID=459) to work on /home/airflow/.local/lib/python3.7/site-packages/airflow/example_dags/example_latest_only_with_trigger.py
[2023-12-27T06:13:43.245+0000] {processor.py:758} INFO - Processing file /home/airflow/.local/lib/python3.7/site-packages/airflow/example_dags/example_latest_only_with_trigger.py for tasks to queue
[2023-12-27T06:13:43.317+0000] {logging_mixin.py:117} INFO - [2023-12-27T06:13:43.246+0000] {dagbag.py:525} INFO - Filling up the DagBag from /home/airflow/.local/lib/python3.7/site-packages/airflow/example_dags/example_latest_only_with_trigger.py
[2023-12-27T06:13:46.920+0000] {processor.py:768} INFO - DAG(s) dict_keys(['latest_only_with_trigger']) retrieved from /home/airflow/.local/lib/python3.7/site-packages/airflow/example_dags/example_latest_only_with_trigger.py
[2023-12-27T06:13:56.060+0000] {logging_mixin.py:117} INFO - [2023-12-27T06:13:55.944+0000] {dag.py:2573} INFO - Sync 1 DAGs
[2023-12-27T06:14:01.200+0000] {logging_mixin.py:117} INFO - [2023-12-27T06:14:01.158+0000] {dag.py:3328} INFO - Setting next_dagrun for latest_only_with_trigger to 2023-12-27T02:14:01.022333+00:00, run_after=2023-12-27T06:14:01.022333+00:00
[2023-12-27T06:14:06.216+0000] {processor.py:178} INFO - Processing /home/airflow/.local/lib/python3.7/site-packages/airflow/example_dags/example_latest_only_with_trigger.py took 24.089 seconds
[2023-12-27T06:21:16.947+0000] {processor.py:156} INFO - Started process (PID=652) to work on /home/airflow/.local/lib/python3.7/site-packages/airflow/example_dags/example_latest_only_with_trigger.py
[2023-12-27T06:21:16.984+0000] {processor.py:758} INFO - Processing file /home/airflow/.local/lib/python3.7/site-packages/airflow/example_dags/example_latest_only_with_trigger.py for tasks to queue
[2023-12-27T06:21:17.013+0000] {logging_mixin.py:117} INFO - [2023-12-27T06:21:16.994+0000] {dagbag.py:525} INFO - Filling up the DagBag from /home/airflow/.local/lib/python3.7/site-packages/airflow/example_dags/example_latest_only_with_trigger.py
[2023-12-27T06:21:18.258+0000] {processor.py:768} INFO - DAG(s) dict_keys(['latest_only_with_trigger']) retrieved from /home/airflow/.local/lib/python3.7/site-packages/airflow/example_dags/example_latest_only_with_trigger.py
[2023-12-27T06:21:21.408+0000] {logging_mixin.py:117} INFO - [2023-12-27T06:21:21.406+0000] {dag.py:2573} INFO - Sync 1 DAGs
[2023-12-27T06:21:23.939+0000] {logging_mixin.py:117} INFO - [2023-12-27T06:21:23.939+0000] {dag.py:3328} INFO - Setting next_dagrun for latest_only_with_trigger to 2023-12-27T02:21:23.938774+00:00, run_after=2023-12-27T06:21:23.938774+00:00
[2023-12-27T06:21:25.734+0000] {processor.py:178} INFO - Processing /home/airflow/.local/lib/python3.7/site-packages/airflow/example_dags/example_latest_only_with_trigger.py took 8.964 seconds
[2023-12-27T06:28:13.618+0000] {processor.py:156} INFO - Started process (PID=94) to work on /home/airflow/.local/lib/python3.7/site-packages/airflow/example_dags/example_latest_only_with_trigger.py
[2023-12-27T06:28:13.660+0000] {processor.py:758} INFO - Processing file /home/airflow/.local/lib/python3.7/site-packages/airflow/example_dags/example_latest_only_with_trigger.py for tasks to queue
[2023-12-27T06:28:13.677+0000] {logging_mixin.py:117} INFO - [2023-12-27T06:28:13.670+0000] {dagbag.py:525} INFO - Filling up the DagBag from /home/airflow/.local/lib/python3.7/site-packages/airflow/example_dags/example_latest_only_with_trigger.py
[2023-12-27T06:28:13.899+0000] {processor.py:768} INFO - DAG(s) dict_keys(['latest_only_with_trigger']) retrieved from /home/airflow/.local/lib/python3.7/site-packages/airflow/example_dags/example_latest_only_with_trigger.py
[2023-12-27T06:28:15.905+0000] {logging_mixin.py:117} INFO - [2023-12-27T06:28:15.905+0000] {dag.py:2573} INFO - Sync 1 DAGs
[2023-12-27T06:28:16.704+0000] {logging_mixin.py:117} INFO - [2023-12-27T06:28:16.703+0000] {dag.py:3328} INFO - Setting next_dagrun for latest_only_with_trigger to 2023-12-27T02:28:16.703522+00:00, run_after=2023-12-27T06:28:16.703522+00:00
[2023-12-27T06:28:17.275+0000] {processor.py:178} INFO - Processing /home/airflow/.local/lib/python3.7/site-packages/airflow/example_dags/example_latest_only_with_trigger.py took 3.682 seconds
[2023-12-27T06:29:37.860+0000] {processor.py:156} INFO - Started process (PID=171) to work on /home/airflow/.local/lib/python3.7/site-packages/airflow/example_dags/example_latest_only_with_trigger.py
[2023-12-27T06:29:37.903+0000] {processor.py:758} INFO - Processing file /home/airflow/.local/lib/python3.7/site-packages/airflow/example_dags/example_latest_only_with_trigger.py for tasks to queue
[2023-12-27T06:29:37.927+0000] {logging_mixin.py:117} INFO - [2023-12-27T06:29:37.911+0000] {dagbag.py:525} INFO - Filling up the DagBag from /home/airflow/.local/lib/python3.7/site-packages/airflow/example_dags/example_latest_only_with_trigger.py
[2023-12-27T06:29:44.434+0000] {processor.py:768} INFO - DAG(s) dict_keys(['latest_only_with_trigger']) retrieved from /home/airflow/.local/lib/python3.7/site-packages/airflow/example_dags/example_latest_only_with_trigger.py
[2023-12-27T06:29:46.008+0000] {logging_mixin.py:117} INFO - [2023-12-27T06:29:46.007+0000] {dag.py:2573} INFO - Sync 1 DAGs
[2023-12-27T06:29:46.742+0000] {logging_mixin.py:117} INFO - [2023-12-27T06:29:46.742+0000] {dag.py:3328} INFO - Setting next_dagrun for latest_only_with_trigger to 2023-12-27T02:29:46.720336+00:00, run_after=2023-12-27T06:29:46.720336+00:00
[2023-12-27T06:29:47.940+0000] {processor.py:178} INFO - Processing /home/airflow/.local/lib/python3.7/site-packages/airflow/example_dags/example_latest_only_with_trigger.py took 10.206 seconds
[2023-12-27T06:37:46.974+0000] {processor.py:156} INFO - Started process (PID=79) to work on /home/airflow/.local/lib/python3.7/site-packages/airflow/example_dags/example_latest_only_with_trigger.py
[2023-12-27T06:37:46.984+0000] {processor.py:758} INFO - Processing file /home/airflow/.local/lib/python3.7/site-packages/airflow/example_dags/example_latest_only_with_trigger.py for tasks to queue
[2023-12-27T06:37:46.986+0000] {logging_mixin.py:117} INFO - [2023-12-27T06:37:46.986+0000] {dagbag.py:525} INFO - Filling up the DagBag from /home/airflow/.local/lib/python3.7/site-packages/airflow/example_dags/example_latest_only_with_trigger.py
[2023-12-27T06:37:47.167+0000] {processor.py:768} INFO - DAG(s) dict_keys(['latest_only_with_trigger']) retrieved from /home/airflow/.local/lib/python3.7/site-packages/airflow/example_dags/example_latest_only_with_trigger.py
[2023-12-27T06:37:48.726+0000] {logging_mixin.py:117} INFO - [2023-12-27T06:37:48.725+0000] {dag.py:2573} INFO - Sync 1 DAGs
[2023-12-27T06:37:49.062+0000] {logging_mixin.py:117} INFO - [2023-12-27T06:37:49.061+0000] {dag.py:3328} INFO - Setting next_dagrun for latest_only_with_trigger to 2023-12-27T02:37:49.061287+00:00, run_after=2023-12-27T06:37:49.061287+00:00
[2023-12-27T06:37:49.319+0000] {processor.py:178} INFO - Processing /home/airflow/.local/lib/python3.7/site-packages/airflow/example_dags/example_latest_only_with_trigger.py took 2.380 seconds
[2023-12-27T06:41:09.555+0000] {processor.py:156} INFO - Started process (PID=194) to work on /home/airflow/.local/lib/python3.7/site-packages/airflow/example_dags/example_latest_only_with_trigger.py
[2023-12-27T06:41:09.662+0000] {processor.py:758} INFO - Processing file /home/airflow/.local/lib/python3.7/site-packages/airflow/example_dags/example_latest_only_with_trigger.py for tasks to queue
[2023-12-27T06:41:09.664+0000] {logging_mixin.py:117} INFO - [2023-12-27T06:41:09.663+0000] {dagbag.py:525} INFO - Filling up the DagBag from /home/airflow/.local/lib/python3.7/site-packages/airflow/example_dags/example_latest_only_with_trigger.py
[2023-12-27T06:41:11.459+0000] {processor.py:768} INFO - DAG(s) dict_keys(['latest_only_with_trigger']) retrieved from /home/airflow/.local/lib/python3.7/site-packages/airflow/example_dags/example_latest_only_with_trigger.py
[2023-12-27T06:41:15.665+0000] {logging_mixin.py:117} INFO - [2023-12-27T06:41:15.623+0000] {dag.py:2573} INFO - Sync 1 DAGs
[2023-12-27T06:41:18.082+0000] {logging_mixin.py:117} INFO - [2023-12-27T06:41:18.082+0000] {dag.py:3328} INFO - Setting next_dagrun for latest_only_with_trigger to 2023-12-27T02:41:18.081579+00:00, run_after=2023-12-27T06:41:18.081579+00:00
[2023-12-27T06:41:20.233+0000] {processor.py:178} INFO - Processing /home/airflow/.local/lib/python3.7/site-packages/airflow/example_dags/example_latest_only_with_trigger.py took 10.815 seconds
[2023-12-27T11:02:57.875+0000] {processor.py:156} INFO - Started process (PID=115) to work on /home/airflow/.local/lib/python3.7/site-packages/airflow/example_dags/example_latest_only_with_trigger.py
[2023-12-27T11:02:57.884+0000] {processor.py:758} INFO - Processing file /home/airflow/.local/lib/python3.7/site-packages/airflow/example_dags/example_latest_only_with_trigger.py for tasks to queue
[2023-12-27T11:02:57.900+0000] {logging_mixin.py:117} INFO - [2023-12-27T11:02:57.885+0000] {dagbag.py:525} INFO - Filling up the DagBag from /home/airflow/.local/lib/python3.7/site-packages/airflow/example_dags/example_latest_only_with_trigger.py
[2023-12-27T11:02:58.181+0000] {processor.py:768} INFO - DAG(s) dict_keys(['latest_only_with_trigger']) retrieved from /home/airflow/.local/lib/python3.7/site-packages/airflow/example_dags/example_latest_only_with_trigger.py
[2023-12-27T11:03:00.763+0000] {logging_mixin.py:117} INFO - [2023-12-27T11:03:00.763+0000] {dag.py:2573} INFO - Sync 1 DAGs
[2023-12-27T11:03:01.428+0000] {logging_mixin.py:117} INFO - [2023-12-27T11:03:01.425+0000] {dag.py:3328} INFO - Setting next_dagrun for latest_only_with_trigger to 2023-12-27T07:03:01.425037+00:00, run_after=2023-12-27T11:03:01.425037+00:00
[2023-12-27T11:03:02.118+0000] {processor.py:178} INFO - Processing /home/airflow/.local/lib/python3.7/site-packages/airflow/example_dags/example_latest_only_with_trigger.py took 4.337 seconds
[2023-12-27T11:04:27.516+0000] {processor.py:156} INFO - Started process (PID=190) to work on /home/airflow/.local/lib/python3.7/site-packages/airflow/example_dags/example_latest_only_with_trigger.py
[2023-12-27T11:04:27.542+0000] {processor.py:758} INFO - Processing file /home/airflow/.local/lib/python3.7/site-packages/airflow/example_dags/example_latest_only_with_trigger.py for tasks to queue
[2023-12-27T11:04:27.562+0000] {logging_mixin.py:117} INFO - [2023-12-27T11:04:27.562+0000] {dagbag.py:525} INFO - Filling up the DagBag from /home/airflow/.local/lib/python3.7/site-packages/airflow/example_dags/example_latest_only_with_trigger.py
[2023-12-27T11:04:27.936+0000] {processor.py:768} INFO - DAG(s) dict_keys(['latest_only_with_trigger']) retrieved from /home/airflow/.local/lib/python3.7/site-packages/airflow/example_dags/example_latest_only_with_trigger.py
[2023-12-27T11:04:29.228+0000] {logging_mixin.py:117} INFO - [2023-12-27T11:04:29.219+0000] {dag.py:2573} INFO - Sync 1 DAGs
[2023-12-27T11:04:29.495+0000] {logging_mixin.py:117} INFO - [2023-12-27T11:04:29.495+0000] {dag.py:3328} INFO - Setting next_dagrun for latest_only_with_trigger to 2023-12-27T07:04:29.495075+00:00, run_after=2023-12-27T11:04:29.495075+00:00
[2023-12-27T11:04:29.631+0000] {processor.py:178} INFO - Processing /home/airflow/.local/lib/python3.7/site-packages/airflow/example_dags/example_latest_only_with_trigger.py took 2.168 seconds
[2023-12-27T11:05:09.936+0000] {processor.py:156} INFO - Started process (PID=258) to work on /home/airflow/.local/lib/python3.7/site-packages/airflow/example_dags/example_latest_only_with_trigger.py
[2023-12-27T11:05:09.989+0000] {processor.py:758} INFO - Processing file /home/airflow/.local/lib/python3.7/site-packages/airflow/example_dags/example_latest_only_with_trigger.py for tasks to queue
[2023-12-27T11:05:09.990+0000] {logging_mixin.py:117} INFO - [2023-12-27T11:05:09.990+0000] {dagbag.py:525} INFO - Filling up the DagBag from /home/airflow/.local/lib/python3.7/site-packages/airflow/example_dags/example_latest_only_with_trigger.py
[2023-12-27T11:05:10.092+0000] {processor.py:768} INFO - DAG(s) dict_keys(['latest_only_with_trigger']) retrieved from /home/airflow/.local/lib/python3.7/site-packages/airflow/example_dags/example_latest_only_with_trigger.py
[2023-12-27T11:05:10.293+0000] {logging_mixin.py:117} INFO - [2023-12-27T11:05:10.292+0000] {dag.py:2573} INFO - Sync 1 DAGs
[2023-12-27T11:05:10.508+0000] {logging_mixin.py:117} INFO - [2023-12-27T11:05:10.507+0000] {dag.py:3328} INFO - Setting next_dagrun for latest_only_with_trigger to 2023-12-27T07:05:10.507212+00:00, run_after=2023-12-27T11:05:10.507212+00:00
[2023-12-27T11:05:10.649+0000] {processor.py:178} INFO - Processing /home/airflow/.local/lib/python3.7/site-packages/airflow/example_dags/example_latest_only_with_trigger.py took 0.744 seconds
[2023-12-27T11:05:49.294+0000] {processor.py:156} INFO - Started process (PID=310) to work on /home/airflow/.local/lib/python3.7/site-packages/airflow/example_dags/example_latest_only_with_trigger.py
[2023-12-27T11:05:49.302+0000] {processor.py:758} INFO - Processing file /home/airflow/.local/lib/python3.7/site-packages/airflow/example_dags/example_latest_only_with_trigger.py for tasks to queue
[2023-12-27T11:05:49.304+0000] {logging_mixin.py:117} INFO - [2023-12-27T11:05:49.303+0000] {dagbag.py:525} INFO - Filling up the DagBag from /home/airflow/.local/lib/python3.7/site-packages/airflow/example_dags/example_latest_only_with_trigger.py
[2023-12-27T11:05:49.573+0000] {processor.py:768} INFO - DAG(s) dict_keys(['latest_only_with_trigger']) retrieved from /home/airflow/.local/lib/python3.7/site-packages/airflow/example_dags/example_latest_only_with_trigger.py
[2023-12-27T11:05:49.948+0000] {logging_mixin.py:117} INFO - [2023-12-27T11:05:49.948+0000] {dag.py:2573} INFO - Sync 1 DAGs
[2023-12-27T11:05:50.536+0000] {logging_mixin.py:117} INFO - [2023-12-27T11:05:50.535+0000] {dag.py:3328} INFO - Setting next_dagrun for latest_only_with_trigger to 2023-12-27T07:05:50.535233+00:00, run_after=2023-12-27T11:05:50.535233+00:00
[2023-12-27T11:05:50.855+0000] {processor.py:178} INFO - Processing /home/airflow/.local/lib/python3.7/site-packages/airflow/example_dags/example_latest_only_with_trigger.py took 1.648 seconds
[2023-12-27T11:06:38.016+0000] {processor.py:156} INFO - Started process (PID=377) to work on /home/airflow/.local/lib/python3.7/site-packages/airflow/example_dags/example_latest_only_with_trigger.py
[2023-12-27T11:06:38.038+0000] {processor.py:758} INFO - Processing file /home/airflow/.local/lib/python3.7/site-packages/airflow/example_dags/example_latest_only_with_trigger.py for tasks to queue
[2023-12-27T11:06:38.039+0000] {logging_mixin.py:117} INFO - [2023-12-27T11:06:38.039+0000] {dagbag.py:525} INFO - Filling up the DagBag from /home/airflow/.local/lib/python3.7/site-packages/airflow/example_dags/example_latest_only_with_trigger.py
[2023-12-27T11:06:38.256+0000] {processor.py:768} INFO - DAG(s) dict_keys(['latest_only_with_trigger']) retrieved from /home/airflow/.local/lib/python3.7/site-packages/airflow/example_dags/example_latest_only_with_trigger.py
[2023-12-27T11:06:38.711+0000] {logging_mixin.py:117} INFO - [2023-12-27T11:06:38.710+0000] {dag.py:2573} INFO - Sync 1 DAGs
[2023-12-27T11:06:39.155+0000] {logging_mixin.py:117} INFO - [2023-12-27T11:06:39.154+0000] {dag.py:3328} INFO - Setting next_dagrun for latest_only_with_trigger to 2023-12-27T07:06:39.154147+00:00, run_after=2023-12-27T11:06:39.154147+00:00
[2023-12-27T11:06:39.382+0000] {processor.py:178} INFO - Processing /home/airflow/.local/lib/python3.7/site-packages/airflow/example_dags/example_latest_only_with_trigger.py took 1.385 seconds
[2023-12-27T11:07:42.024+0000] {processor.py:156} INFO - Started process (PID=442) to work on /home/airflow/.local/lib/python3.7/site-packages/airflow/example_dags/example_latest_only_with_trigger.py
[2023-12-27T11:07:42.049+0000] {processor.py:758} INFO - Processing file /home/airflow/.local/lib/python3.7/site-packages/airflow/example_dags/example_latest_only_with_trigger.py for tasks to queue
[2023-12-27T11:07:42.065+0000] {logging_mixin.py:117} INFO - [2023-12-27T11:07:42.064+0000] {dagbag.py:525} INFO - Filling up the DagBag from /home/airflow/.local/lib/python3.7/site-packages/airflow/example_dags/example_latest_only_with_trigger.py
[2023-12-27T11:07:42.440+0000] {processor.py:768} INFO - DAG(s) dict_keys(['latest_only_with_trigger']) retrieved from /home/airflow/.local/lib/python3.7/site-packages/airflow/example_dags/example_latest_only_with_trigger.py
[2023-12-27T11:07:43.797+0000] {logging_mixin.py:117} INFO - [2023-12-27T11:07:43.797+0000] {dag.py:2573} INFO - Sync 1 DAGs
[2023-12-27T11:07:44.620+0000] {logging_mixin.py:117} INFO - [2023-12-27T11:07:44.567+0000] {dag.py:3328} INFO - Setting next_dagrun for latest_only_with_trigger to 2023-12-27T07:07:44.567066+00:00, run_after=2023-12-27T11:07:44.567066+00:00
[2023-12-27T11:07:45.104+0000] {processor.py:178} INFO - Processing /home/airflow/.local/lib/python3.7/site-packages/airflow/example_dags/example_latest_only_with_trigger.py took 3.152 seconds
[2023-12-27T11:08:50.768+0000] {processor.py:156} INFO - Started process (PID=506) to work on /home/airflow/.local/lib/python3.7/site-packages/airflow/example_dags/example_latest_only_with_trigger.py
[2023-12-27T11:08:50.806+0000] {processor.py:758} INFO - Processing file /home/airflow/.local/lib/python3.7/site-packages/airflow/example_dags/example_latest_only_with_trigger.py for tasks to queue
[2023-12-27T11:08:50.808+0000] {logging_mixin.py:117} INFO - [2023-12-27T11:08:50.807+0000] {dagbag.py:525} INFO - Filling up the DagBag from /home/airflow/.local/lib/python3.7/site-packages/airflow/example_dags/example_latest_only_with_trigger.py
[2023-12-27T11:08:51.076+0000] {processor.py:768} INFO - DAG(s) dict_keys(['latest_only_with_trigger']) retrieved from /home/airflow/.local/lib/python3.7/site-packages/airflow/example_dags/example_latest_only_with_trigger.py
[2023-12-27T11:08:52.065+0000] {logging_mixin.py:117} INFO - [2023-12-27T11:08:52.064+0000] {dag.py:2573} INFO - Sync 1 DAGs
[2023-12-27T11:08:52.650+0000] {logging_mixin.py:117} INFO - [2023-12-27T11:08:52.650+0000] {dag.py:3328} INFO - Setting next_dagrun for latest_only_with_trigger to 2023-12-27T07:08:52.637303+00:00, run_after=2023-12-27T11:08:52.637303+00:00
[2023-12-27T11:08:52.896+0000] {processor.py:178} INFO - Processing /home/airflow/.local/lib/python3.7/site-packages/airflow/example_dags/example_latest_only_with_trigger.py took 2.154 seconds
[2023-12-27T11:09:31.641+0000] {processor.py:156} INFO - Started process (PID=561) to work on /home/airflow/.local/lib/python3.7/site-packages/airflow/example_dags/example_latest_only_with_trigger.py
[2023-12-27T11:09:31.677+0000] {processor.py:758} INFO - Processing file /home/airflow/.local/lib/python3.7/site-packages/airflow/example_dags/example_latest_only_with_trigger.py for tasks to queue
[2023-12-27T11:09:31.678+0000] {logging_mixin.py:117} INFO - [2023-12-27T11:09:31.678+0000] {dagbag.py:525} INFO - Filling up the DagBag from /home/airflow/.local/lib/python3.7/site-packages/airflow/example_dags/example_latest_only_with_trigger.py
[2023-12-27T11:09:31.779+0000] {processor.py:768} INFO - DAG(s) dict_keys(['latest_only_with_trigger']) retrieved from /home/airflow/.local/lib/python3.7/site-packages/airflow/example_dags/example_latest_only_with_trigger.py
[2023-12-27T11:09:32.172+0000] {logging_mixin.py:117} INFO - [2023-12-27T11:09:32.172+0000] {dag.py:2573} INFO - Sync 1 DAGs
[2023-12-27T11:09:32.445+0000] {logging_mixin.py:117} INFO - [2023-12-27T11:09:32.444+0000] {dag.py:3328} INFO - Setting next_dagrun for latest_only_with_trigger to 2023-12-27T07:09:32.444305+00:00, run_after=2023-12-27T11:09:32.444305+00:00
[2023-12-27T11:09:32.664+0000] {processor.py:178} INFO - Processing /home/airflow/.local/lib/python3.7/site-packages/airflow/example_dags/example_latest_only_with_trigger.py took 1.045 seconds
[2023-12-27T11:10:13.891+0000] {processor.py:156} INFO - Started process (PID=619) to work on /home/airflow/.local/lib/python3.7/site-packages/airflow/example_dags/example_latest_only_with_trigger.py
[2023-12-27T11:10:13.941+0000] {processor.py:758} INFO - Processing file /home/airflow/.local/lib/python3.7/site-packages/airflow/example_dags/example_latest_only_with_trigger.py for tasks to queue
[2023-12-27T11:10:13.948+0000] {logging_mixin.py:117} INFO - [2023-12-27T11:10:13.947+0000] {dagbag.py:525} INFO - Filling up the DagBag from /home/airflow/.local/lib/python3.7/site-packages/airflow/example_dags/example_latest_only_with_trigger.py
[2023-12-27T11:10:14.237+0000] {processor.py:768} INFO - DAG(s) dict_keys(['latest_only_with_trigger']) retrieved from /home/airflow/.local/lib/python3.7/site-packages/airflow/example_dags/example_latest_only_with_trigger.py
[2023-12-27T11:10:14.680+0000] {logging_mixin.py:117} INFO - [2023-12-27T11:10:14.677+0000] {dag.py:2573} INFO - Sync 1 DAGs
[2023-12-27T11:10:15.158+0000] {logging_mixin.py:117} INFO - [2023-12-27T11:10:15.158+0000] {dag.py:3328} INFO - Setting next_dagrun for latest_only_with_trigger to 2023-12-27T07:10:15.153940+00:00, run_after=2023-12-27T11:10:15.153940+00:00
[2023-12-27T11:10:15.487+0000] {processor.py:178} INFO - Processing /home/airflow/.local/lib/python3.7/site-packages/airflow/example_dags/example_latest_only_with_trigger.py took 1.641 seconds
[2023-12-27T11:15:21.372+0000] {processor.py:156} INFO - Started process (PID=126) to work on /home/airflow/.local/lib/python3.7/site-packages/airflow/example_dags/example_latest_only_with_trigger.py
[2023-12-27T11:15:21.382+0000] {processor.py:758} INFO - Processing file /home/airflow/.local/lib/python3.7/site-packages/airflow/example_dags/example_latest_only_with_trigger.py for tasks to queue
[2023-12-27T11:15:21.383+0000] {logging_mixin.py:117} INFO - [2023-12-27T11:15:21.383+0000] {dagbag.py:525} INFO - Filling up the DagBag from /home/airflow/.local/lib/python3.7/site-packages/airflow/example_dags/example_latest_only_with_trigger.py
[2023-12-27T11:15:21.466+0000] {processor.py:768} INFO - DAG(s) dict_keys(['latest_only_with_trigger']) retrieved from /home/airflow/.local/lib/python3.7/site-packages/airflow/example_dags/example_latest_only_with_trigger.py
[2023-12-27T11:15:23.095+0000] {logging_mixin.py:117} INFO - [2023-12-27T11:15:23.095+0000] {dag.py:2573} INFO - Sync 1 DAGs
[2023-12-27T11:15:23.349+0000] {logging_mixin.py:117} INFO - [2023-12-27T11:15:23.347+0000] {dag.py:3328} INFO - Setting next_dagrun for latest_only_with_trigger to 2023-12-27T07:15:23.344849+00:00, run_after=2023-12-27T11:15:23.344849+00:00
[2023-12-27T11:15:23.524+0000] {processor.py:178} INFO - Processing /home/airflow/.local/lib/python3.7/site-packages/airflow/example_dags/example_latest_only_with_trigger.py took 2.165 seconds
[2023-12-27T11:16:08.318+0000] {processor.py:156} INFO - Started process (PID=183) to work on /home/airflow/.local/lib/python3.7/site-packages/airflow/example_dags/example_latest_only_with_trigger.py
[2023-12-27T11:16:08.332+0000] {processor.py:758} INFO - Processing file /home/airflow/.local/lib/python3.7/site-packages/airflow/example_dags/example_latest_only_with_trigger.py for tasks to queue
[2023-12-27T11:16:08.333+0000] {logging_mixin.py:117} INFO - [2023-12-27T11:16:08.333+0000] {dagbag.py:525} INFO - Filling up the DagBag from /home/airflow/.local/lib/python3.7/site-packages/airflow/example_dags/example_latest_only_with_trigger.py
[2023-12-27T11:16:08.382+0000] {processor.py:768} INFO - DAG(s) dict_keys(['latest_only_with_trigger']) retrieved from /home/airflow/.local/lib/python3.7/site-packages/airflow/example_dags/example_latest_only_with_trigger.py
[2023-12-27T11:16:08.566+0000] {logging_mixin.py:117} INFO - [2023-12-27T11:16:08.565+0000] {dag.py:2573} INFO - Sync 1 DAGs
[2023-12-27T11:16:08.650+0000] {logging_mixin.py:117} INFO - [2023-12-27T11:16:08.649+0000] {dag.py:3328} INFO - Setting next_dagrun for latest_only_with_trigger to 2023-12-27T07:16:08.649160+00:00, run_after=2023-12-27T11:16:08.649160+00:00
[2023-12-27T11:16:08.815+0000] {processor.py:178} INFO - Processing /home/airflow/.local/lib/python3.7/site-packages/airflow/example_dags/example_latest_only_with_trigger.py took 0.516 seconds
[2023-12-27T11:16:41.449+0000] {processor.py:156} INFO - Started process (PID=240) to work on /home/airflow/.local/lib/python3.7/site-packages/airflow/example_dags/example_latest_only_with_trigger.py
[2023-12-27T11:16:41.450+0000] {processor.py:758} INFO - Processing file /home/airflow/.local/lib/python3.7/site-packages/airflow/example_dags/example_latest_only_with_trigger.py for tasks to queue
[2023-12-27T11:16:41.469+0000] {logging_mixin.py:117} INFO - [2023-12-27T11:16:41.469+0000] {dagbag.py:525} INFO - Filling up the DagBag from /home/airflow/.local/lib/python3.7/site-packages/airflow/example_dags/example_latest_only_with_trigger.py
[2023-12-27T11:16:41.616+0000] {processor.py:768} INFO - DAG(s) dict_keys(['latest_only_with_trigger']) retrieved from /home/airflow/.local/lib/python3.7/site-packages/airflow/example_dags/example_latest_only_with_trigger.py
[2023-12-27T11:16:42.125+0000] {logging_mixin.py:117} INFO - [2023-12-27T11:16:42.125+0000] {dag.py:2573} INFO - Sync 1 DAGs
[2023-12-27T11:16:42.736+0000] {logging_mixin.py:117} INFO - [2023-12-27T11:16:42.677+0000] {dag.py:3328} INFO - Setting next_dagrun for latest_only_with_trigger to 2023-12-27T07:16:42.677060+00:00, run_after=2023-12-27T11:16:42.677060+00:00
[2023-12-27T11:16:43.140+0000] {processor.py:178} INFO - Processing /home/airflow/.local/lib/python3.7/site-packages/airflow/example_dags/example_latest_only_with_trigger.py took 1.712 seconds
