[2023-12-27T06:03:30.123+0000] {processor.py:156} INFO - Started process (PID=216) to work on /home/airflow/.local/lib/python3.7/site-packages/airflow/example_dags/example_branch_labels.py
[2023-12-27T06:03:30.229+0000] {processor.py:758} INFO - Processing file /home/airflow/.local/lib/python3.7/site-packages/airflow/example_dags/example_branch_labels.py for tasks to queue
[2023-12-27T06:03:30.231+0000] {logging_mixin.py:117} INFO - [2023-12-27T06:03:30.230+0000] {dagbag.py:525} INFO - Filling up the DagBag from /home/airflow/.local/lib/python3.7/site-packages/airflow/example_dags/example_branch_labels.py
[2023-12-27T06:03:32.472+0000] {processor.py:768} INFO - DAG(s) dict_keys(['example_branch_labels']) retrieved from /home/airflow/.local/lib/python3.7/site-packages/airflow/example_dags/example_branch_labels.py
[2023-12-27T06:03:41.185+0000] {logging_mixin.py:117} INFO - [2023-12-27T06:03:41.141+0000] {dag.py:2573} INFO - Sync 1 DAGs
[2023-12-27T06:03:47.418+0000] {logging_mixin.py:117} INFO - [2023-12-27T06:03:47.116+0000] {dag.py:3328} INFO - Setting next_dagrun for example_branch_labels to 2023-12-26T00:00:00+00:00, run_after=2023-12-27T00:00:00+00:00
[2023-12-27T06:03:50.899+0000] {processor.py:178} INFO - Processing /home/airflow/.local/lib/python3.7/site-packages/airflow/example_dags/example_branch_labels.py took 21.545 seconds
[2023-12-27T06:12:49.201+0000] {processor.py:156} INFO - Started process (PID=437) to work on /home/airflow/.local/lib/python3.7/site-packages/airflow/example_dags/example_branch_labels.py
[2023-12-27T06:12:49.339+0000] {processor.py:758} INFO - Processing file /home/airflow/.local/lib/python3.7/site-packages/airflow/example_dags/example_branch_labels.py for tasks to queue
[2023-12-27T06:12:49.401+0000] {logging_mixin.py:117} INFO - [2023-12-27T06:12:49.401+0000] {dagbag.py:525} INFO - Filling up the DagBag from /home/airflow/.local/lib/python3.7/site-packages/airflow/example_dags/example_branch_labels.py
[2023-12-27T06:12:52.235+0000] {processor.py:768} INFO - DAG(s) dict_keys(['example_branch_labels']) retrieved from /home/airflow/.local/lib/python3.7/site-packages/airflow/example_dags/example_branch_labels.py
[2023-12-27T06:13:08.407+0000] {logging_mixin.py:117} INFO - [2023-12-27T06:13:08.381+0000] {dag.py:2573} INFO - Sync 1 DAGs
[2023-12-27T06:13:16.694+0000] {logging_mixin.py:117} INFO - [2023-12-27T06:13:16.694+0000] {dag.py:3328} INFO - Setting next_dagrun for example_branch_labels to 2023-12-26T00:00:00+00:00, run_after=2023-12-27T00:00:00+00:00
[2023-12-27T06:13:16.931+0000] {processor.py:178} INFO - Processing /home/airflow/.local/lib/python3.7/site-packages/airflow/example_dags/example_branch_labels.py took 28.181 seconds
[2023-12-27T06:20:50.490+0000] {processor.py:156} INFO - Started process (PID=639) to work on /home/airflow/.local/lib/python3.7/site-packages/airflow/example_dags/example_branch_labels.py
[2023-12-27T06:20:50.565+0000] {processor.py:758} INFO - Processing file /home/airflow/.local/lib/python3.7/site-packages/airflow/example_dags/example_branch_labels.py for tasks to queue
[2023-12-27T06:20:50.639+0000] {logging_mixin.py:117} INFO - [2023-12-27T06:20:50.623+0000] {dagbag.py:525} INFO - Filling up the DagBag from /home/airflow/.local/lib/python3.7/site-packages/airflow/example_dags/example_branch_labels.py
[2023-12-27T06:20:53.752+0000] {processor.py:768} INFO - DAG(s) dict_keys(['example_branch_labels']) retrieved from /home/airflow/.local/lib/python3.7/site-packages/airflow/example_dags/example_branch_labels.py
[2023-12-27T06:20:57.502+0000] {logging_mixin.py:117} INFO - [2023-12-27T06:20:57.501+0000] {dag.py:2573} INFO - Sync 1 DAGs
[2023-12-27T06:20:59.960+0000] {logging_mixin.py:117} INFO - [2023-12-27T06:20:59.959+0000] {dag.py:3328} INFO - Setting next_dagrun for example_branch_labels to 2023-12-26T00:00:00+00:00, run_after=2023-12-27T00:00:00+00:00
[2023-12-27T06:21:01.714+0000] {processor.py:178} INFO - Processing /home/airflow/.local/lib/python3.7/site-packages/airflow/example_dags/example_branch_labels.py took 11.787 seconds
[2023-12-27T06:28:08.461+0000] {processor.py:156} INFO - Started process (PID=85) to work on /home/airflow/.local/lib/python3.7/site-packages/airflow/example_dags/example_branch_labels.py
[2023-12-27T06:28:08.469+0000] {processor.py:758} INFO - Processing file /home/airflow/.local/lib/python3.7/site-packages/airflow/example_dags/example_branch_labels.py for tasks to queue
[2023-12-27T06:28:08.471+0000] {logging_mixin.py:117} INFO - [2023-12-27T06:28:08.470+0000] {dagbag.py:525} INFO - Filling up the DagBag from /home/airflow/.local/lib/python3.7/site-packages/airflow/example_dags/example_branch_labels.py
[2023-12-27T06:28:08.588+0000] {processor.py:768} INFO - DAG(s) dict_keys(['example_branch_labels']) retrieved from /home/airflow/.local/lib/python3.7/site-packages/airflow/example_dags/example_branch_labels.py
[2023-12-27T06:28:10.034+0000] {logging_mixin.py:117} INFO - [2023-12-27T06:28:10.033+0000] {dag.py:2573} INFO - Sync 1 DAGs
[2023-12-27T06:28:10.346+0000] {logging_mixin.py:117} INFO - [2023-12-27T06:28:10.345+0000] {dag.py:3328} INFO - Setting next_dagrun for example_branch_labels to 2023-12-26T00:00:00+00:00, run_after=2023-12-27T00:00:00+00:00
[2023-12-27T06:28:10.538+0000] {processor.py:178} INFO - Processing /home/airflow/.local/lib/python3.7/site-packages/airflow/example_dags/example_branch_labels.py took 2.124 seconds
[2023-12-27T06:29:18.763+0000] {processor.py:156} INFO - Started process (PID=157) to work on /home/airflow/.local/lib/python3.7/site-packages/airflow/example_dags/example_branch_labels.py
[2023-12-27T06:29:18.770+0000] {processor.py:758} INFO - Processing file /home/airflow/.local/lib/python3.7/site-packages/airflow/example_dags/example_branch_labels.py for tasks to queue
[2023-12-27T06:29:18.785+0000] {logging_mixin.py:117} INFO - [2023-12-27T06:29:18.784+0000] {dagbag.py:525} INFO - Filling up the DagBag from /home/airflow/.local/lib/python3.7/site-packages/airflow/example_dags/example_branch_labels.py
[2023-12-27T06:29:22.890+0000] {processor.py:768} INFO - DAG(s) dict_keys(['example_branch_labels']) retrieved from /home/airflow/.local/lib/python3.7/site-packages/airflow/example_dags/example_branch_labels.py
[2023-12-27T06:29:24.171+0000] {logging_mixin.py:117} INFO - [2023-12-27T06:29:24.171+0000] {dag.py:2573} INFO - Sync 1 DAGs
[2023-12-27T06:29:25.285+0000] {logging_mixin.py:117} INFO - [2023-12-27T06:29:25.285+0000] {dag.py:3328} INFO - Setting next_dagrun for example_branch_labels to 2023-12-26T00:00:00+00:00, run_after=2023-12-27T00:00:00+00:00
[2023-12-27T06:29:25.845+0000] {processor.py:178} INFO - Processing /home/airflow/.local/lib/python3.7/site-packages/airflow/example_dags/example_branch_labels.py took 7.091 seconds
[2023-12-27T06:37:40.922+0000] {processor.py:156} INFO - Started process (PID=75) to work on /home/airflow/.local/lib/python3.7/site-packages/airflow/example_dags/example_branch_labels.py
[2023-12-27T06:37:40.938+0000] {processor.py:758} INFO - Processing file /home/airflow/.local/lib/python3.7/site-packages/airflow/example_dags/example_branch_labels.py for tasks to queue
[2023-12-27T06:37:40.939+0000] {logging_mixin.py:117} INFO - [2023-12-27T06:37:40.939+0000] {dagbag.py:525} INFO - Filling up the DagBag from /home/airflow/.local/lib/python3.7/site-packages/airflow/example_dags/example_branch_labels.py
[2023-12-27T06:37:41.352+0000] {processor.py:768} INFO - DAG(s) dict_keys(['example_branch_labels']) retrieved from /home/airflow/.local/lib/python3.7/site-packages/airflow/example_dags/example_branch_labels.py
[2023-12-27T06:37:42.728+0000] {logging_mixin.py:117} INFO - [2023-12-27T06:37:42.727+0000] {dag.py:2573} INFO - Sync 1 DAGs
[2023-12-27T06:37:43.003+0000] {logging_mixin.py:117} INFO - [2023-12-27T06:37:43.003+0000] {dag.py:3328} INFO - Setting next_dagrun for example_branch_labels to 2023-12-26T00:00:00+00:00, run_after=2023-12-27T00:00:00+00:00
[2023-12-27T06:37:43.233+0000] {processor.py:178} INFO - Processing /home/airflow/.local/lib/python3.7/site-packages/airflow/example_dags/example_branch_labels.py took 2.357 seconds
[2023-12-27T06:40:44.549+0000] {processor.py:156} INFO - Started process (PID=183) to work on /home/airflow/.local/lib/python3.7/site-packages/airflow/example_dags/example_branch_labels.py
[2023-12-27T06:40:44.607+0000] {processor.py:758} INFO - Processing file /home/airflow/.local/lib/python3.7/site-packages/airflow/example_dags/example_branch_labels.py for tasks to queue
[2023-12-27T06:40:44.707+0000] {logging_mixin.py:117} INFO - [2023-12-27T06:40:44.707+0000] {dagbag.py:525} INFO - Filling up the DagBag from /home/airflow/.local/lib/python3.7/site-packages/airflow/example_dags/example_branch_labels.py
[2023-12-27T06:40:46.559+0000] {processor.py:768} INFO - DAG(s) dict_keys(['example_branch_labels']) retrieved from /home/airflow/.local/lib/python3.7/site-packages/airflow/example_dags/example_branch_labels.py
[2023-12-27T06:40:51.482+0000] {logging_mixin.py:117} INFO - [2023-12-27T06:40:51.481+0000] {dag.py:2573} INFO - Sync 1 DAGs
[2023-12-27T06:40:54.306+0000] {logging_mixin.py:117} INFO - [2023-12-27T06:40:54.245+0000] {dag.py:3328} INFO - Setting next_dagrun for example_branch_labels to 2023-12-26T00:00:00+00:00, run_after=2023-12-27T00:00:00+00:00
[2023-12-27T06:40:56.432+0000] {processor.py:178} INFO - Processing /home/airflow/.local/lib/python3.7/site-packages/airflow/example_dags/example_branch_labels.py took 12.042 seconds
[2023-12-27T11:02:46.361+0000] {processor.py:156} INFO - Started process (PID=109) to work on /home/airflow/.local/lib/python3.7/site-packages/airflow/example_dags/example_branch_labels.py
[2023-12-27T11:02:46.404+0000] {processor.py:758} INFO - Processing file /home/airflow/.local/lib/python3.7/site-packages/airflow/example_dags/example_branch_labels.py for tasks to queue
[2023-12-27T11:02:46.405+0000] {logging_mixin.py:117} INFO - [2023-12-27T11:02:46.405+0000] {dagbag.py:525} INFO - Filling up the DagBag from /home/airflow/.local/lib/python3.7/site-packages/airflow/example_dags/example_branch_labels.py
[2023-12-27T11:02:46.965+0000] {processor.py:768} INFO - DAG(s) dict_keys(['example_branch_labels']) retrieved from /home/airflow/.local/lib/python3.7/site-packages/airflow/example_dags/example_branch_labels.py
[2023-12-27T11:02:50.871+0000] {logging_mixin.py:117} INFO - [2023-12-27T11:02:50.870+0000] {dag.py:2573} INFO - Sync 1 DAGs
[2023-12-27T11:02:51.401+0000] {logging_mixin.py:117} INFO - [2023-12-27T11:02:51.367+0000] {dag.py:3328} INFO - Setting next_dagrun for example_branch_labels to 2023-12-26T00:00:00+00:00, run_after=2023-12-27T00:00:00+00:00
[2023-12-27T11:02:51.788+0000] {processor.py:178} INFO - Processing /home/airflow/.local/lib/python3.7/site-packages/airflow/example_dags/example_branch_labels.py took 5.489 seconds
[2023-12-27T11:04:20.920+0000] {processor.py:156} INFO - Started process (PID=186) to work on /home/airflow/.local/lib/python3.7/site-packages/airflow/example_dags/example_branch_labels.py
[2023-12-27T11:04:20.959+0000] {processor.py:758} INFO - Processing file /home/airflow/.local/lib/python3.7/site-packages/airflow/example_dags/example_branch_labels.py for tasks to queue
[2023-12-27T11:04:20.972+0000] {logging_mixin.py:117} INFO - [2023-12-27T11:04:20.971+0000] {dagbag.py:525} INFO - Filling up the DagBag from /home/airflow/.local/lib/python3.7/site-packages/airflow/example_dags/example_branch_labels.py
[2023-12-27T11:04:21.432+0000] {processor.py:768} INFO - DAG(s) dict_keys(['example_branch_labels']) retrieved from /home/airflow/.local/lib/python3.7/site-packages/airflow/example_dags/example_branch_labels.py
[2023-12-27T11:04:22.306+0000] {logging_mixin.py:117} INFO - [2023-12-27T11:04:22.303+0000] {dag.py:2573} INFO - Sync 1 DAGs
[2023-12-27T11:04:23.082+0000] {logging_mixin.py:117} INFO - [2023-12-27T11:04:23.082+0000] {dag.py:3328} INFO - Setting next_dagrun for example_branch_labels to 2023-12-26T00:00:00+00:00, run_after=2023-12-27T00:00:00+00:00
[2023-12-27T11:04:23.506+0000] {processor.py:178} INFO - Processing /home/airflow/.local/lib/python3.7/site-packages/airflow/example_dags/example_branch_labels.py took 2.681 seconds
[2023-12-27T11:05:03.820+0000] {processor.py:156} INFO - Started process (PID=241) to work on /home/airflow/.local/lib/python3.7/site-packages/airflow/example_dags/example_branch_labels.py
[2023-12-27T11:05:03.823+0000] {processor.py:758} INFO - Processing file /home/airflow/.local/lib/python3.7/site-packages/airflow/example_dags/example_branch_labels.py for tasks to queue
[2023-12-27T11:05:03.829+0000] {logging_mixin.py:117} INFO - [2023-12-27T11:05:03.826+0000] {dagbag.py:525} INFO - Filling up the DagBag from /home/airflow/.local/lib/python3.7/site-packages/airflow/example_dags/example_branch_labels.py
[2023-12-27T11:05:03.930+0000] {processor.py:768} INFO - DAG(s) dict_keys(['example_branch_labels']) retrieved from /home/airflow/.local/lib/python3.7/site-packages/airflow/example_dags/example_branch_labels.py
[2023-12-27T11:05:04.270+0000] {logging_mixin.py:117} INFO - [2023-12-27T11:05:04.269+0000] {dag.py:2573} INFO - Sync 1 DAGs
[2023-12-27T11:05:04.619+0000] {logging_mixin.py:117} INFO - [2023-12-27T11:05:04.619+0000] {dag.py:3328} INFO - Setting next_dagrun for example_branch_labels to 2023-12-26T00:00:00+00:00, run_after=2023-12-27T00:00:00+00:00
[2023-12-27T11:05:04.822+0000] {processor.py:178} INFO - Processing /home/airflow/.local/lib/python3.7/site-packages/airflow/example_dags/example_branch_labels.py took 1.016 seconds
[2023-12-27T11:05:44.456+0000] {processor.py:156} INFO - Started process (PID=303) to work on /home/airflow/.local/lib/python3.7/site-packages/airflow/example_dags/example_branch_labels.py
[2023-12-27T11:05:44.509+0000] {processor.py:758} INFO - Processing file /home/airflow/.local/lib/python3.7/site-packages/airflow/example_dags/example_branch_labels.py for tasks to queue
[2023-12-27T11:05:44.511+0000] {logging_mixin.py:117} INFO - [2023-12-27T11:05:44.510+0000] {dagbag.py:525} INFO - Filling up the DagBag from /home/airflow/.local/lib/python3.7/site-packages/airflow/example_dags/example_branch_labels.py
[2023-12-27T11:05:44.644+0000] {processor.py:768} INFO - DAG(s) dict_keys(['example_branch_labels']) retrieved from /home/airflow/.local/lib/python3.7/site-packages/airflow/example_dags/example_branch_labels.py
[2023-12-27T11:05:44.974+0000] {logging_mixin.py:117} INFO - [2023-12-27T11:05:44.974+0000] {dag.py:2573} INFO - Sync 1 DAGs
[2023-12-27T11:05:45.388+0000] {logging_mixin.py:117} INFO - [2023-12-27T11:05:45.388+0000] {dag.py:3328} INFO - Setting next_dagrun for example_branch_labels to 2023-12-26T00:00:00+00:00, run_after=2023-12-27T00:00:00+00:00
[2023-12-27T11:05:45.542+0000] {processor.py:178} INFO - Processing /home/airflow/.local/lib/python3.7/site-packages/airflow/example_dags/example_branch_labels.py took 1.115 seconds
[2023-12-27T11:06:29.009+0000] {processor.py:156} INFO - Started process (PID=362) to work on /home/airflow/.local/lib/python3.7/site-packages/airflow/example_dags/example_branch_labels.py
[2023-12-27T11:06:29.057+0000] {processor.py:758} INFO - Processing file /home/airflow/.local/lib/python3.7/site-packages/airflow/example_dags/example_branch_labels.py for tasks to queue
[2023-12-27T11:06:29.058+0000] {logging_mixin.py:117} INFO - [2023-12-27T11:06:29.058+0000] {dagbag.py:525} INFO - Filling up the DagBag from /home/airflow/.local/lib/python3.7/site-packages/airflow/example_dags/example_branch_labels.py
[2023-12-27T11:06:29.568+0000] {processor.py:768} INFO - DAG(s) dict_keys(['example_branch_labels']) retrieved from /home/airflow/.local/lib/python3.7/site-packages/airflow/example_dags/example_branch_labels.py
[2023-12-27T11:06:30.252+0000] {logging_mixin.py:117} INFO - [2023-12-27T11:06:30.232+0000] {dag.py:2573} INFO - Sync 1 DAGs
[2023-12-27T11:06:30.889+0000] {logging_mixin.py:117} INFO - [2023-12-27T11:06:30.888+0000] {dag.py:3328} INFO - Setting next_dagrun for example_branch_labels to 2023-12-26T00:00:00+00:00, run_after=2023-12-27T00:00:00+00:00
[2023-12-27T11:06:31.430+0000] {processor.py:178} INFO - Processing /home/airflow/.local/lib/python3.7/site-packages/airflow/example_dags/example_branch_labels.py took 2.440 seconds
[2023-12-27T11:07:20.005+0000] {processor.py:156} INFO - Started process (PID=425) to work on /home/airflow/.local/lib/python3.7/site-packages/airflow/example_dags/example_branch_labels.py
[2023-12-27T11:07:20.153+0000] {processor.py:758} INFO - Processing file /home/airflow/.local/lib/python3.7/site-packages/airflow/example_dags/example_branch_labels.py for tasks to queue
[2023-12-27T11:07:20.155+0000] {logging_mixin.py:117} INFO - [2023-12-27T11:07:20.154+0000] {dagbag.py:525} INFO - Filling up the DagBag from /home/airflow/.local/lib/python3.7/site-packages/airflow/example_dags/example_branch_labels.py
[2023-12-27T11:07:20.566+0000] {processor.py:768} INFO - DAG(s) dict_keys(['example_branch_labels']) retrieved from /home/airflow/.local/lib/python3.7/site-packages/airflow/example_dags/example_branch_labels.py
[2023-12-27T11:07:22.083+0000] {logging_mixin.py:117} INFO - [2023-12-27T11:07:22.054+0000] {dag.py:2573} INFO - Sync 1 DAGs
[2023-12-27T11:07:23.107+0000] {logging_mixin.py:117} INFO - [2023-12-27T11:07:23.107+0000] {dag.py:3328} INFO - Setting next_dagrun for example_branch_labels to 2023-12-26T00:00:00+00:00, run_after=2023-12-27T00:00:00+00:00
[2023-12-27T11:07:23.990+0000] {processor.py:178} INFO - Processing /home/airflow/.local/lib/python3.7/site-packages/airflow/example_dags/example_branch_labels.py took 4.102 seconds
[2023-12-27T11:08:46.429+0000] {processor.py:156} INFO - Started process (PID=502) to work on /home/airflow/.local/lib/python3.7/site-packages/airflow/example_dags/example_branch_labels.py
[2023-12-27T11:08:46.465+0000] {processor.py:758} INFO - Processing file /home/airflow/.local/lib/python3.7/site-packages/airflow/example_dags/example_branch_labels.py for tasks to queue
[2023-12-27T11:08:46.469+0000] {logging_mixin.py:117} INFO - [2023-12-27T11:08:46.469+0000] {dagbag.py:525} INFO - Filling up the DagBag from /home/airflow/.local/lib/python3.7/site-packages/airflow/example_dags/example_branch_labels.py
[2023-12-27T11:08:46.718+0000] {processor.py:768} INFO - DAG(s) dict_keys(['example_branch_labels']) retrieved from /home/airflow/.local/lib/python3.7/site-packages/airflow/example_dags/example_branch_labels.py
[2023-12-27T11:08:47.369+0000] {logging_mixin.py:117} INFO - [2023-12-27T11:08:47.369+0000] {dag.py:2573} INFO - Sync 1 DAGs
[2023-12-27T11:08:48.032+0000] {logging_mixin.py:117} INFO - [2023-12-27T11:08:48.029+0000] {dag.py:3328} INFO - Setting next_dagrun for example_branch_labels to 2023-12-26T00:00:00+00:00, run_after=2023-12-27T00:00:00+00:00
[2023-12-27T11:08:48.303+0000] {processor.py:178} INFO - Processing /home/airflow/.local/lib/python3.7/site-packages/airflow/example_dags/example_branch_labels.py took 1.970 seconds
[2023-12-27T11:09:27.583+0000] {processor.py:156} INFO - Started process (PID=557) to work on /home/airflow/.local/lib/python3.7/site-packages/airflow/example_dags/example_branch_labels.py
[2023-12-27T11:09:27.585+0000] {processor.py:758} INFO - Processing file /home/airflow/.local/lib/python3.7/site-packages/airflow/example_dags/example_branch_labels.py for tasks to queue
[2023-12-27T11:09:27.615+0000] {logging_mixin.py:117} INFO - [2023-12-27T11:09:27.614+0000] {dagbag.py:525} INFO - Filling up the DagBag from /home/airflow/.local/lib/python3.7/site-packages/airflow/example_dags/example_branch_labels.py
[2023-12-27T11:09:28.147+0000] {processor.py:768} INFO - DAG(s) dict_keys(['example_branch_labels']) retrieved from /home/airflow/.local/lib/python3.7/site-packages/airflow/example_dags/example_branch_labels.py
[2023-12-27T11:09:28.773+0000] {logging_mixin.py:117} INFO - [2023-12-27T11:09:28.773+0000] {dag.py:2573} INFO - Sync 1 DAGs
[2023-12-27T11:09:29.277+0000] {logging_mixin.py:117} INFO - [2023-12-27T11:09:29.276+0000] {dag.py:3328} INFO - Setting next_dagrun for example_branch_labels to 2023-12-26T00:00:00+00:00, run_after=2023-12-27T00:00:00+00:00
[2023-12-27T11:09:29.481+0000] {processor.py:178} INFO - Processing /home/airflow/.local/lib/python3.7/site-packages/airflow/example_dags/example_branch_labels.py took 2.017 seconds
[2023-12-27T11:10:08.699+0000] {processor.py:156} INFO - Started process (PID=613) to work on /home/airflow/.local/lib/python3.7/site-packages/airflow/example_dags/example_branch_labels.py
[2023-12-27T11:10:08.730+0000] {processor.py:758} INFO - Processing file /home/airflow/.local/lib/python3.7/site-packages/airflow/example_dags/example_branch_labels.py for tasks to queue
[2023-12-27T11:10:08.733+0000] {logging_mixin.py:117} INFO - [2023-12-27T11:10:08.733+0000] {dagbag.py:525} INFO - Filling up the DagBag from /home/airflow/.local/lib/python3.7/site-packages/airflow/example_dags/example_branch_labels.py
[2023-12-27T11:10:08.966+0000] {processor.py:768} INFO - DAG(s) dict_keys(['example_branch_labels']) retrieved from /home/airflow/.local/lib/python3.7/site-packages/airflow/example_dags/example_branch_labels.py
[2023-12-27T11:10:09.327+0000] {logging_mixin.py:117} INFO - [2023-12-27T11:10:09.326+0000] {dag.py:2573} INFO - Sync 1 DAGs
[2023-12-27T11:10:09.669+0000] {logging_mixin.py:117} INFO - [2023-12-27T11:10:09.668+0000] {dag.py:3328} INFO - Setting next_dagrun for example_branch_labels to 2023-12-26T00:00:00+00:00, run_after=2023-12-27T00:00:00+00:00
[2023-12-27T11:10:09.832+0000] {processor.py:178} INFO - Processing /home/airflow/.local/lib/python3.7/site-packages/airflow/example_dags/example_branch_labels.py took 1.188 seconds
[2023-12-27T11:15:09.246+0000] {processor.py:156} INFO - Started process (PID=112) to work on /home/airflow/.local/lib/python3.7/site-packages/airflow/example_dags/example_branch_labels.py
[2023-12-27T11:15:09.313+0000] {processor.py:758} INFO - Processing file /home/airflow/.local/lib/python3.7/site-packages/airflow/example_dags/example_branch_labels.py for tasks to queue
[2023-12-27T11:15:09.319+0000] {logging_mixin.py:117} INFO - [2023-12-27T11:15:09.319+0000] {dagbag.py:525} INFO - Filling up the DagBag from /home/airflow/.local/lib/python3.7/site-packages/airflow/example_dags/example_branch_labels.py
[2023-12-27T11:15:09.970+0000] {processor.py:768} INFO - DAG(s) dict_keys(['example_branch_labels']) retrieved from /home/airflow/.local/lib/python3.7/site-packages/airflow/example_dags/example_branch_labels.py
[2023-12-27T11:15:13.851+0000] {logging_mixin.py:117} INFO - [2023-12-27T11:15:13.850+0000] {dag.py:2573} INFO - Sync 1 DAGs
[2023-12-27T11:15:14.891+0000] {logging_mixin.py:117} INFO - [2023-12-27T11:15:14.890+0000] {dag.py:3328} INFO - Setting next_dagrun for example_branch_labels to 2023-12-26T00:00:00+00:00, run_after=2023-12-27T00:00:00+00:00
[2023-12-27T11:15:15.453+0000] {processor.py:178} INFO - Processing /home/airflow/.local/lib/python3.7/site-packages/airflow/example_dags/example_branch_labels.py took 6.234 seconds
[2023-12-27T11:16:06.706+0000] {processor.py:156} INFO - Started process (PID=179) to work on /home/airflow/.local/lib/python3.7/site-packages/airflow/example_dags/example_branch_labels.py
[2023-12-27T11:16:06.743+0000] {processor.py:758} INFO - Processing file /home/airflow/.local/lib/python3.7/site-packages/airflow/example_dags/example_branch_labels.py for tasks to queue
[2023-12-27T11:16:06.745+0000] {logging_mixin.py:117} INFO - [2023-12-27T11:16:06.744+0000] {dagbag.py:525} INFO - Filling up the DagBag from /home/airflow/.local/lib/python3.7/site-packages/airflow/example_dags/example_branch_labels.py
[2023-12-27T11:16:06.788+0000] {processor.py:768} INFO - DAG(s) dict_keys(['example_branch_labels']) retrieved from /home/airflow/.local/lib/python3.7/site-packages/airflow/example_dags/example_branch_labels.py
[2023-12-27T11:16:06.891+0000] {logging_mixin.py:117} INFO - [2023-12-27T11:16:06.890+0000] {dag.py:2573} INFO - Sync 1 DAGs
[2023-12-27T11:16:07.144+0000] {logging_mixin.py:117} INFO - [2023-12-27T11:16:07.144+0000] {dag.py:3328} INFO - Setting next_dagrun for example_branch_labels to 2023-12-26T00:00:00+00:00, run_after=2023-12-27T00:00:00+00:00
[2023-12-27T11:16:07.274+0000] {processor.py:178} INFO - Processing /home/airflow/.local/lib/python3.7/site-packages/airflow/example_dags/example_branch_labels.py took 0.574 seconds
[2023-12-27T11:16:39.547+0000] {processor.py:156} INFO - Started process (PID=236) to work on /home/airflow/.local/lib/python3.7/site-packages/airflow/example_dags/example_branch_labels.py
[2023-12-27T11:16:39.582+0000] {processor.py:758} INFO - Processing file /home/airflow/.local/lib/python3.7/site-packages/airflow/example_dags/example_branch_labels.py for tasks to queue
[2023-12-27T11:16:39.584+0000] {logging_mixin.py:117} INFO - [2023-12-27T11:16:39.584+0000] {dagbag.py:525} INFO - Filling up the DagBag from /home/airflow/.local/lib/python3.7/site-packages/airflow/example_dags/example_branch_labels.py
[2023-12-27T11:16:39.660+0000] {processor.py:768} INFO - DAG(s) dict_keys(['example_branch_labels']) retrieved from /home/airflow/.local/lib/python3.7/site-packages/airflow/example_dags/example_branch_labels.py
[2023-12-27T11:16:39.864+0000] {logging_mixin.py:117} INFO - [2023-12-27T11:16:39.864+0000] {dag.py:2573} INFO - Sync 1 DAGs
[2023-12-27T11:16:39.966+0000] {logging_mixin.py:117} INFO - [2023-12-27T11:16:39.966+0000] {dag.py:3328} INFO - Setting next_dagrun for example_branch_labels to 2023-12-26T00:00:00+00:00, run_after=2023-12-27T00:00:00+00:00
[2023-12-27T11:16:40.167+0000] {processor.py:178} INFO - Processing /home/airflow/.local/lib/python3.7/site-packages/airflow/example_dags/example_branch_labels.py took 0.634 seconds
