[2023-12-20T06:31:48.103+0000] {processor.py:161} INFO - Started process (PID=2586) to work on /opt/airflow/dags/extracted_load_dag.py
[2023-12-20T06:31:48.104+0000] {processor.py:830} INFO - Processing file /opt/airflow/dags/extracted_load_dag.py for tasks to queue
[2023-12-20T06:31:48.107+0000] {logging_mixin.py:188} INFO - [2023-12-20T06:31:48.106+0000] {dagbag.py:538} INFO - Filling up the DagBag from /opt/airflow/dags/extracted_load_dag.py
[2023-12-20T06:31:49.143+0000] {processor.py:840} INFO - DAG(s) 'traffic_data_ingestion' retrieved from /opt/airflow/dags/extracted_load_dag.py
[2023-12-20T06:31:49.567+0000] {logging_mixin.py:188} INFO - [2023-12-20T06:31:49.560+0000] {override.py:1769} INFO - Created Permission View: can edit on DAG:traffic_data_ingestion
[2023-12-20T06:31:49.688+0000] {logging_mixin.py:188} INFO - [2023-12-20T06:31:49.686+0000] {override.py:1769} INFO - Created Permission View: can read on DAG:traffic_data_ingestion
[2023-12-20T06:31:49.746+0000] {logging_mixin.py:188} INFO - [2023-12-20T06:31:49.745+0000] {override.py:1769} INFO - Created Permission View: can delete on DAG:traffic_data_ingestion
[2023-12-20T06:31:49.758+0000] {logging_mixin.py:188} INFO - [2023-12-20T06:31:49.746+0000] {dag.py:3033} INFO - Sync 1 DAGs
[2023-12-20T06:31:49.847+0000] {logging_mixin.py:188} INFO - [2023-12-20T06:31:49.824+0000] {dag.py:3055} INFO - Creating ORM DAG for traffic_data_ingestion
[2023-12-20T06:31:49.954+0000] {logging_mixin.py:188} INFO - [2023-12-20T06:31:49.953+0000] {dag.py:3820} INFO - Setting next_dagrun for traffic_data_ingestion to 2023-12-20T00:00:00+00:00, run_after=2023-12-20T06:00:00+00:00
[2023-12-20T06:31:50.035+0000] {processor.py:183} INFO - Processing /opt/airflow/dags/extracted_load_dag.py took 1.938 seconds
[2023-12-20T06:32:20.569+0000] {processor.py:161} INFO - Started process (PID=2652) to work on /opt/airflow/dags/extracted_load_dag.py
[2023-12-20T06:32:20.572+0000] {processor.py:830} INFO - Processing file /opt/airflow/dags/extracted_load_dag.py for tasks to queue
[2023-12-20T06:32:20.579+0000] {logging_mixin.py:188} INFO - [2023-12-20T06:32:20.578+0000] {dagbag.py:538} INFO - Filling up the DagBag from /opt/airflow/dags/extracted_load_dag.py
[2023-12-20T06:32:21.560+0000] {processor.py:840} INFO - DAG(s) 'traffic_data_ingestion' retrieved from /opt/airflow/dags/extracted_load_dag.py
[2023-12-20T06:32:21.616+0000] {logging_mixin.py:188} INFO - [2023-12-20T06:32:21.614+0000] {dag.py:3033} INFO - Sync 1 DAGs
[2023-12-20T06:32:21.676+0000] {logging_mixin.py:188} INFO - [2023-12-20T06:32:21.676+0000] {dag.py:3820} INFO - Setting next_dagrun for traffic_data_ingestion to 2023-12-20T00:00:00+00:00, run_after=2023-12-20T06:00:00+00:00
[2023-12-20T06:32:21.802+0000] {processor.py:183} INFO - Processing /opt/airflow/dags/extracted_load_dag.py took 1.245 seconds
[2023-12-20T06:32:52.116+0000] {processor.py:161} INFO - Started process (PID=2711) to work on /opt/airflow/dags/extracted_load_dag.py
[2023-12-20T06:32:52.156+0000] {processor.py:830} INFO - Processing file /opt/airflow/dags/extracted_load_dag.py for tasks to queue
[2023-12-20T06:32:52.160+0000] {logging_mixin.py:188} INFO - [2023-12-20T06:32:52.159+0000] {dagbag.py:538} INFO - Filling up the DagBag from /opt/airflow/dags/extracted_load_dag.py
[2023-12-20T06:32:53.766+0000] {processor.py:840} INFO - DAG(s) 'traffic_data_ingestion' retrieved from /opt/airflow/dags/extracted_load_dag.py
[2023-12-20T06:32:53.862+0000] {logging_mixin.py:188} INFO - [2023-12-20T06:32:53.861+0000] {dag.py:3033} INFO - Sync 1 DAGs
[2023-12-20T06:32:53.937+0000] {logging_mixin.py:188} INFO - [2023-12-20T06:32:53.936+0000] {dag.py:3820} INFO - Setting next_dagrun for traffic_data_ingestion to 2023-12-20T00:00:00+00:00, run_after=2023-12-20T06:00:00+00:00
[2023-12-20T06:32:54.044+0000] {processor.py:183} INFO - Processing /opt/airflow/dags/extracted_load_dag.py took 1.944 seconds
[2023-12-20T06:33:24.456+0000] {processor.py:161} INFO - Started process (PID=2770) to work on /opt/airflow/dags/extracted_load_dag.py
[2023-12-20T06:33:24.495+0000] {processor.py:830} INFO - Processing file /opt/airflow/dags/extracted_load_dag.py for tasks to queue
[2023-12-20T06:33:24.542+0000] {logging_mixin.py:188} INFO - [2023-12-20T06:33:24.496+0000] {dagbag.py:538} INFO - Filling up the DagBag from /opt/airflow/dags/extracted_load_dag.py
[2023-12-20T06:33:32.847+0000] {processor.py:840} INFO - DAG(s) 'traffic_data_ingestion' retrieved from /opt/airflow/dags/extracted_load_dag.py
[2023-12-20T06:33:33.187+0000] {logging_mixin.py:188} INFO - [2023-12-20T06:33:33.185+0000] {dag.py:3033} INFO - Sync 1 DAGs
[2023-12-20T06:33:33.872+0000] {logging_mixin.py:188} INFO - [2023-12-20T06:33:33.871+0000] {dag.py:3820} INFO - Setting next_dagrun for traffic_data_ingestion to 2023-12-20T00:00:00+00:00, run_after=2023-12-20T06:00:00+00:00
[2023-12-20T06:33:34.577+0000] {processor.py:183} INFO - Processing /opt/airflow/dags/extracted_load_dag.py took 10.175 seconds
[2023-12-20T06:34:22.766+0000] {processor.py:161} INFO - Started process (PID=2834) to work on /opt/airflow/dags/extracted_load_dag.py
[2023-12-20T06:34:22.804+0000] {processor.py:830} INFO - Processing file /opt/airflow/dags/extracted_load_dag.py for tasks to queue
[2023-12-20T06:34:22.827+0000] {logging_mixin.py:188} INFO - [2023-12-20T06:34:22.816+0000] {dagbag.py:538} INFO - Filling up the DagBag from /opt/airflow/dags/extracted_load_dag.py
[2023-12-20T06:34:30.540+0000] {processor.py:840} INFO - DAG(s) 'traffic_data_ingestion' retrieved from /opt/airflow/dags/extracted_load_dag.py
[2023-12-20T06:34:31.208+0000] {logging_mixin.py:188} INFO - [2023-12-20T06:34:31.182+0000] {dag.py:3033} INFO - Sync 1 DAGs
[2023-12-20T06:34:31.492+0000] {logging_mixin.py:188} INFO - [2023-12-20T06:34:31.491+0000] {dag.py:3820} INFO - Setting next_dagrun for traffic_data_ingestion to 2023-12-20T00:00:00+00:00, run_after=2023-12-20T06:00:00+00:00
[2023-12-20T06:34:31.810+0000] {processor.py:183} INFO - Processing /opt/airflow/dags/extracted_load_dag.py took 9.210 seconds
[2023-12-20T06:35:18.855+0000] {processor.py:161} INFO - Started process (PID=2888) to work on /opt/airflow/dags/extracted_load_dag.py
[2023-12-20T06:35:18.911+0000] {processor.py:830} INFO - Processing file /opt/airflow/dags/extracted_load_dag.py for tasks to queue
[2023-12-20T06:35:18.955+0000] {logging_mixin.py:188} INFO - [2023-12-20T06:35:18.949+0000] {dagbag.py:538} INFO - Filling up the DagBag from /opt/airflow/dags/extracted_load_dag.py
[2023-12-20T06:35:24.440+0000] {processor.py:840} INFO - DAG(s) 'traffic_data_ingestion' retrieved from /opt/airflow/dags/extracted_load_dag.py
[2023-12-20T06:35:24.759+0000] {logging_mixin.py:188} INFO - [2023-12-20T06:35:24.753+0000] {dag.py:3033} INFO - Sync 1 DAGs
[2023-12-20T06:35:25.085+0000] {logging_mixin.py:188} INFO - [2023-12-20T06:35:25.079+0000] {dag.py:3820} INFO - Setting next_dagrun for traffic_data_ingestion to 2023-12-20T00:00:00+00:00, run_after=2023-12-20T06:00:00+00:00
[2023-12-20T06:35:25.223+0000] {processor.py:183} INFO - Processing /opt/airflow/dags/extracted_load_dag.py took 6.503 seconds
[2023-12-20T06:36:10.929+0000] {processor.py:161} INFO - Started process (PID=2948) to work on /opt/airflow/dags/extracted_load_dag.py
[2023-12-20T06:36:10.940+0000] {processor.py:830} INFO - Processing file /opt/airflow/dags/extracted_load_dag.py for tasks to queue
[2023-12-20T06:36:10.943+0000] {logging_mixin.py:188} INFO - [2023-12-20T06:36:10.942+0000] {dagbag.py:538} INFO - Filling up the DagBag from /opt/airflow/dags/extracted_load_dag.py
[2023-12-20T06:36:17.801+0000] {processor.py:840} INFO - DAG(s) 'traffic_data_ingestion' retrieved from /opt/airflow/dags/extracted_load_dag.py
[2023-12-20T06:36:18.170+0000] {logging_mixin.py:188} INFO - [2023-12-20T06:36:18.168+0000] {dag.py:3033} INFO - Sync 1 DAGs
[2023-12-20T06:36:18.982+0000] {logging_mixin.py:188} INFO - [2023-12-20T06:36:18.982+0000] {dag.py:3820} INFO - Setting next_dagrun for traffic_data_ingestion to 2023-12-20T00:00:00+00:00, run_after=2023-12-20T06:00:00+00:00
[2023-12-20T06:36:19.430+0000] {processor.py:183} INFO - Processing /opt/airflow/dags/extracted_load_dag.py took 8.517 seconds
[2023-12-20T06:37:01.426+0000] {processor.py:161} INFO - Started process (PID=3009) to work on /opt/airflow/dags/extracted_load_dag.py
[2023-12-20T06:37:01.446+0000] {processor.py:830} INFO - Processing file /opt/airflow/dags/extracted_load_dag.py for tasks to queue
[2023-12-20T06:37:01.481+0000] {logging_mixin.py:188} INFO - [2023-12-20T06:37:01.470+0000] {dagbag.py:538} INFO - Filling up the DagBag from /opt/airflow/dags/extracted_load_dag.py
[2023-12-20T06:37:11.212+0000] {processor.py:840} INFO - DAG(s) 'traffic_data_ingestion' retrieved from /opt/airflow/dags/extracted_load_dag.py
[2023-12-20T06:37:11.630+0000] {logging_mixin.py:188} INFO - [2023-12-20T06:37:11.628+0000] {dag.py:3033} INFO - Sync 1 DAGs
[2023-12-20T06:37:12.276+0000] {logging_mixin.py:188} INFO - [2023-12-20T06:37:12.275+0000] {dag.py:3820} INFO - Setting next_dagrun for traffic_data_ingestion to 2023-12-20T00:00:00+00:00, run_after=2023-12-20T06:00:00+00:00
[2023-12-20T06:37:12.631+0000] {processor.py:183} INFO - Processing /opt/airflow/dags/extracted_load_dag.py took 11.292 seconds
[2023-12-20T06:38:02.014+0000] {processor.py:161} INFO - Started process (PID=3069) to work on /opt/airflow/dags/extracted_load_dag.py
[2023-12-20T06:38:02.021+0000] {processor.py:830} INFO - Processing file /opt/airflow/dags/extracted_load_dag.py for tasks to queue
[2023-12-20T06:38:02.029+0000] {logging_mixin.py:188} INFO - [2023-12-20T06:38:02.023+0000] {dagbag.py:538} INFO - Filling up the DagBag from /opt/airflow/dags/extracted_load_dag.py
[2023-12-20T06:38:04.504+0000] {processor.py:840} INFO - DAG(s) 'traffic_data_ingestion' retrieved from /opt/airflow/dags/extracted_load_dag.py
[2023-12-20T06:38:04.567+0000] {logging_mixin.py:188} INFO - [2023-12-20T06:38:04.565+0000] {dag.py:3033} INFO - Sync 1 DAGs
[2023-12-20T06:38:04.646+0000] {logging_mixin.py:188} INFO - [2023-12-20T06:38:04.645+0000] {dag.py:3820} INFO - Setting next_dagrun for traffic_data_ingestion to 2023-12-20T00:00:00+00:00, run_after=2023-12-20T06:00:00+00:00
[2023-12-20T06:38:04.694+0000] {processor.py:183} INFO - Processing /opt/airflow/dags/extracted_load_dag.py took 2.711 seconds
[2023-12-20T06:38:35.393+0000] {processor.py:161} INFO - Started process (PID=3129) to work on /opt/airflow/dags/extracted_load_dag.py
[2023-12-20T06:38:35.395+0000] {processor.py:830} INFO - Processing file /opt/airflow/dags/extracted_load_dag.py for tasks to queue
[2023-12-20T06:38:35.397+0000] {logging_mixin.py:188} INFO - [2023-12-20T06:38:35.397+0000] {dagbag.py:538} INFO - Filling up the DagBag from /opt/airflow/dags/extracted_load_dag.py
[2023-12-20T06:38:36.551+0000] {processor.py:840} INFO - DAG(s) 'traffic_data_ingestion' retrieved from /opt/airflow/dags/extracted_load_dag.py
[2023-12-20T06:38:36.600+0000] {logging_mixin.py:188} INFO - [2023-12-20T06:38:36.599+0000] {dag.py:3033} INFO - Sync 1 DAGs
[2023-12-20T06:38:36.658+0000] {logging_mixin.py:188} INFO - [2023-12-20T06:38:36.657+0000] {dag.py:3820} INFO - Setting next_dagrun for traffic_data_ingestion to 2023-12-20T00:00:00+00:00, run_after=2023-12-20T06:00:00+00:00
[2023-12-20T06:38:36.706+0000] {processor.py:183} INFO - Processing /opt/airflow/dags/extracted_load_dag.py took 1.335 seconds
[2023-12-20T06:39:07.211+0000] {processor.py:161} INFO - Started process (PID=3192) to work on /opt/airflow/dags/extracted_load_dag.py
[2023-12-20T06:39:07.226+0000] {processor.py:830} INFO - Processing file /opt/airflow/dags/extracted_load_dag.py for tasks to queue
[2023-12-20T06:39:07.230+0000] {logging_mixin.py:188} INFO - [2023-12-20T06:39:07.228+0000] {dagbag.py:538} INFO - Filling up the DagBag from /opt/airflow/dags/extracted_load_dag.py
[2023-12-20T06:39:07.963+0000] {processor.py:840} INFO - DAG(s) 'traffic_data_ingestion' retrieved from /opt/airflow/dags/extracted_load_dag.py
[2023-12-20T06:39:08.034+0000] {logging_mixin.py:188} INFO - [2023-12-20T06:39:08.032+0000] {dag.py:3033} INFO - Sync 1 DAGs
[2023-12-20T06:39:08.222+0000] {logging_mixin.py:188} INFO - [2023-12-20T06:39:08.218+0000] {dag.py:3820} INFO - Setting next_dagrun for traffic_data_ingestion to 2023-12-20T00:00:00+00:00, run_after=2023-12-20T06:00:00+00:00
[2023-12-20T06:39:08.333+0000] {processor.py:183} INFO - Processing /opt/airflow/dags/extracted_load_dag.py took 1.135 seconds
[2023-12-20T06:39:38.670+0000] {processor.py:161} INFO - Started process (PID=3252) to work on /opt/airflow/dags/extracted_load_dag.py
[2023-12-20T06:39:38.700+0000] {processor.py:830} INFO - Processing file /opt/airflow/dags/extracted_load_dag.py for tasks to queue
[2023-12-20T06:39:38.704+0000] {logging_mixin.py:188} INFO - [2023-12-20T06:39:38.703+0000] {dagbag.py:538} INFO - Filling up the DagBag from /opt/airflow/dags/extracted_load_dag.py
[2023-12-20T06:39:39.786+0000] {processor.py:840} INFO - DAG(s) 'traffic_data_ingestion' retrieved from /opt/airflow/dags/extracted_load_dag.py
[2023-12-20T06:39:39.839+0000] {logging_mixin.py:188} INFO - [2023-12-20T06:39:39.838+0000] {dag.py:3033} INFO - Sync 1 DAGs
[2023-12-20T06:39:39.893+0000] {logging_mixin.py:188} INFO - [2023-12-20T06:39:39.893+0000] {dag.py:3820} INFO - Setting next_dagrun for traffic_data_ingestion to 2023-12-20T00:00:00+00:00, run_after=2023-12-20T06:00:00+00:00
[2023-12-20T06:39:39.943+0000] {processor.py:183} INFO - Processing /opt/airflow/dags/extracted_load_dag.py took 1.287 seconds
[2023-12-20T06:40:10.281+0000] {processor.py:161} INFO - Started process (PID=3311) to work on /opt/airflow/dags/extracted_load_dag.py
[2023-12-20T06:40:10.282+0000] {processor.py:830} INFO - Processing file /opt/airflow/dags/extracted_load_dag.py for tasks to queue
[2023-12-20T06:40:10.284+0000] {logging_mixin.py:188} INFO - [2023-12-20T06:40:10.284+0000] {dagbag.py:538} INFO - Filling up the DagBag from /opt/airflow/dags/extracted_load_dag.py
[2023-12-20T06:40:11.695+0000] {processor.py:840} INFO - DAG(s) 'traffic_data_ingestion' retrieved from /opt/airflow/dags/extracted_load_dag.py
[2023-12-20T06:40:11.763+0000] {logging_mixin.py:188} INFO - [2023-12-20T06:40:11.761+0000] {dag.py:3033} INFO - Sync 1 DAGs
[2023-12-20T06:40:11.817+0000] {logging_mixin.py:188} INFO - [2023-12-20T06:40:11.816+0000] {dag.py:3820} INFO - Setting next_dagrun for traffic_data_ingestion to 2023-12-20T00:00:00+00:00, run_after=2023-12-20T06:00:00+00:00
[2023-12-20T06:40:11.861+0000] {processor.py:183} INFO - Processing /opt/airflow/dags/extracted_load_dag.py took 1.588 seconds
[2023-12-20T06:44:44.461+0000] {processor.py:161} INFO - Started process (PID=3368) to work on /opt/airflow/dags/extracted_load_dag.py
[2023-12-20T06:44:44.471+0000] {processor.py:830} INFO - Processing file /opt/airflow/dags/extracted_load_dag.py for tasks to queue
[2023-12-20T06:44:44.473+0000] {logging_mixin.py:188} INFO - [2023-12-20T06:44:44.473+0000] {dagbag.py:538} INFO - Filling up the DagBag from /opt/airflow/dags/extracted_load_dag.py
[2023-12-20T06:44:49.049+0000] {processor.py:840} INFO - DAG(s) 'traffic_data_ingestion' retrieved from /opt/airflow/dags/extracted_load_dag.py
[2023-12-20T06:44:49.421+0000] {logging_mixin.py:188} INFO - [2023-12-20T06:44:49.415+0000] {dag.py:3033} INFO - Sync 1 DAGs
[2023-12-20T06:44:49.518+0000] {logging_mixin.py:188} INFO - [2023-12-20T06:44:49.518+0000] {dag.py:3820} INFO - Setting next_dagrun for traffic_data_ingestion to 2023-12-20T00:00:00+00:00, run_after=2023-12-20T06:00:00+00:00
[2023-12-20T06:44:49.601+0000] {processor.py:183} INFO - Processing /opt/airflow/dags/extracted_load_dag.py took 5.209 seconds
[2023-12-20T06:45:19.816+0000] {processor.py:161} INFO - Started process (PID=3427) to work on /opt/airflow/dags/extracted_load_dag.py
[2023-12-20T06:45:19.852+0000] {processor.py:830} INFO - Processing file /opt/airflow/dags/extracted_load_dag.py for tasks to queue
[2023-12-20T06:45:19.854+0000] {logging_mixin.py:188} INFO - [2023-12-20T06:45:19.854+0000] {dagbag.py:538} INFO - Filling up the DagBag from /opt/airflow/dags/extracted_load_dag.py
[2023-12-20T06:45:21.648+0000] {processor.py:840} INFO - DAG(s) 'traffic_data_ingestion' retrieved from /opt/airflow/dags/extracted_load_dag.py
[2023-12-20T06:45:21.748+0000] {logging_mixin.py:188} INFO - [2023-12-20T06:45:21.747+0000] {dag.py:3033} INFO - Sync 1 DAGs
[2023-12-20T06:45:21.815+0000] {logging_mixin.py:188} INFO - [2023-12-20T06:45:21.814+0000] {dag.py:3820} INFO - Setting next_dagrun for traffic_data_ingestion to 2023-12-20T00:00:00+00:00, run_after=2023-12-20T06:00:00+00:00
[2023-12-20T06:45:21.904+0000] {processor.py:183} INFO - Processing /opt/airflow/dags/extracted_load_dag.py took 2.108 seconds
[2023-12-20T06:45:52.161+0000] {processor.py:161} INFO - Started process (PID=3488) to work on /opt/airflow/dags/extracted_load_dag.py
[2023-12-20T06:45:52.163+0000] {processor.py:830} INFO - Processing file /opt/airflow/dags/extracted_load_dag.py for tasks to queue
[2023-12-20T06:45:52.165+0000] {logging_mixin.py:188} INFO - [2023-12-20T06:45:52.165+0000] {dagbag.py:538} INFO - Filling up the DagBag from /opt/airflow/dags/extracted_load_dag.py
[2023-12-20T06:45:52.899+0000] {processor.py:840} INFO - DAG(s) 'traffic_data_ingestion' retrieved from /opt/airflow/dags/extracted_load_dag.py
[2023-12-20T06:45:52.942+0000] {logging_mixin.py:188} INFO - [2023-12-20T06:45:52.941+0000] {dag.py:3033} INFO - Sync 1 DAGs
[2023-12-20T06:45:52.997+0000] {logging_mixin.py:188} INFO - [2023-12-20T06:45:52.996+0000] {dag.py:3820} INFO - Setting next_dagrun for traffic_data_ingestion to 2023-12-20T00:00:00+00:00, run_after=2023-12-20T06:00:00+00:00
[2023-12-20T06:45:53.047+0000] {processor.py:183} INFO - Processing /opt/airflow/dags/extracted_load_dag.py took 0.896 seconds
[2023-12-20T06:46:23.241+0000] {processor.py:161} INFO - Started process (PID=3544) to work on /opt/airflow/dags/extracted_load_dag.py
[2023-12-20T06:46:23.275+0000] {processor.py:830} INFO - Processing file /opt/airflow/dags/extracted_load_dag.py for tasks to queue
[2023-12-20T06:46:23.278+0000] {logging_mixin.py:188} INFO - [2023-12-20T06:46:23.277+0000] {dagbag.py:538} INFO - Filling up the DagBag from /opt/airflow/dags/extracted_load_dag.py
[2023-12-20T06:46:24.041+0000] {processor.py:840} INFO - DAG(s) 'traffic_data_ingestion' retrieved from /opt/airflow/dags/extracted_load_dag.py
[2023-12-20T06:46:24.091+0000] {logging_mixin.py:188} INFO - [2023-12-20T06:46:24.090+0000] {dag.py:3033} INFO - Sync 1 DAGs
[2023-12-20T06:46:24.182+0000] {logging_mixin.py:188} INFO - [2023-12-20T06:46:24.182+0000] {dag.py:3820} INFO - Setting next_dagrun for traffic_data_ingestion to 2023-12-20T00:00:00+00:00, run_after=2023-12-20T06:00:00+00:00
[2023-12-20T06:46:24.268+0000] {processor.py:183} INFO - Processing /opt/airflow/dags/extracted_load_dag.py took 1.035 seconds
[2023-12-20T06:46:54.486+0000] {processor.py:161} INFO - Started process (PID=3603) to work on /opt/airflow/dags/extracted_load_dag.py
[2023-12-20T06:46:54.522+0000] {processor.py:830} INFO - Processing file /opt/airflow/dags/extracted_load_dag.py for tasks to queue
[2023-12-20T06:46:54.524+0000] {logging_mixin.py:188} INFO - [2023-12-20T06:46:54.523+0000] {dagbag.py:538} INFO - Filling up the DagBag from /opt/airflow/dags/extracted_load_dag.py
[2023-12-20T06:46:55.339+0000] {processor.py:840} INFO - DAG(s) 'traffic_data_ingestion' retrieved from /opt/airflow/dags/extracted_load_dag.py
[2023-12-20T06:46:55.409+0000] {logging_mixin.py:188} INFO - [2023-12-20T06:46:55.407+0000] {dag.py:3033} INFO - Sync 1 DAGs
[2023-12-20T06:46:55.470+0000] {logging_mixin.py:188} INFO - [2023-12-20T06:46:55.467+0000] {dag.py:3820} INFO - Setting next_dagrun for traffic_data_ingestion to 2023-12-20T00:00:00+00:00, run_after=2023-12-20T06:00:00+00:00
[2023-12-20T06:46:55.519+0000] {processor.py:183} INFO - Processing /opt/airflow/dags/extracted_load_dag.py took 1.040 seconds
[2023-12-20T06:47:26.058+0000] {processor.py:161} INFO - Started process (PID=3661) to work on /opt/airflow/dags/extracted_load_dag.py
[2023-12-20T06:47:26.085+0000] {processor.py:830} INFO - Processing file /opt/airflow/dags/extracted_load_dag.py for tasks to queue
[2023-12-20T06:47:26.090+0000] {logging_mixin.py:188} INFO - [2023-12-20T06:47:26.089+0000] {dagbag.py:538} INFO - Filling up the DagBag from /opt/airflow/dags/extracted_load_dag.py
[2023-12-20T06:47:33.366+0000] {processor.py:840} INFO - DAG(s) 'traffic_data_ingestion' retrieved from /opt/airflow/dags/extracted_load_dag.py
[2023-12-20T06:47:33.578+0000] {logging_mixin.py:188} INFO - [2023-12-20T06:47:33.577+0000] {dag.py:3033} INFO - Sync 1 DAGs
[2023-12-20T06:47:33.893+0000] {logging_mixin.py:188} INFO - [2023-12-20T06:47:33.893+0000] {dag.py:3820} INFO - Setting next_dagrun for traffic_data_ingestion to 2023-12-20T00:00:00+00:00, run_after=2023-12-20T06:00:00+00:00
[2023-12-20T06:47:34.060+0000] {processor.py:183} INFO - Processing /opt/airflow/dags/extracted_load_dag.py took 8.029 seconds
[2023-12-20T06:47:49.777+0000] {processor.py:161} INFO - Started process (PID=3697) to work on /opt/airflow/dags/extracted_load_dag.py
[2023-12-20T06:47:49.790+0000] {processor.py:830} INFO - Processing file /opt/airflow/dags/extracted_load_dag.py for tasks to queue
[2023-12-20T06:47:49.794+0000] {logging_mixin.py:188} INFO - [2023-12-20T06:47:49.794+0000] {dagbag.py:538} INFO - Filling up the DagBag from /opt/airflow/dags/extracted_load_dag.py
[2023-12-20T06:47:52.365+0000] {processor.py:840} INFO - DAG(s) 'traffic_data_ingestion' retrieved from /opt/airflow/dags/extracted_load_dag.py
[2023-12-20T06:47:52.516+0000] {logging_mixin.py:188} INFO - [2023-12-20T06:47:52.515+0000] {dag.py:3033} INFO - Sync 1 DAGs
[2023-12-20T06:47:52.741+0000] {logging_mixin.py:188} INFO - [2023-12-20T06:47:52.741+0000] {dag.py:3820} INFO - Setting next_dagrun for traffic_data_ingestion to 2023-12-20T00:00:00+00:00, run_after=2023-12-20T06:00:00+00:00
[2023-12-20T06:47:52.952+0000] {processor.py:183} INFO - Processing /opt/airflow/dags/extracted_load_dag.py took 3.240 seconds
[2023-12-20T06:48:24.985+0000] {processor.py:161} INFO - Started process (PID=3736) to work on /opt/airflow/dags/extracted_load_dag.py
[2023-12-20T06:48:25.007+0000] {processor.py:830} INFO - Processing file /opt/airflow/dags/extracted_load_dag.py for tasks to queue
[2023-12-20T06:48:25.029+0000] {logging_mixin.py:188} INFO - [2023-12-20T06:48:25.028+0000] {dagbag.py:538} INFO - Filling up the DagBag from /opt/airflow/dags/extracted_load_dag.py
[2023-12-20T06:48:46.811+0000] {processor.py:840} INFO - DAG(s) 'traffic_data_ingestion' retrieved from /opt/airflow/dags/extracted_load_dag.py
[2023-12-20T06:48:47.346+0000] {logging_mixin.py:188} INFO - [2023-12-20T06:48:47.297+0000] {dag.py:3033} INFO - Sync 1 DAGs
[2023-12-20T06:48:48.000+0000] {logging_mixin.py:188} INFO - [2023-12-20T06:48:47.999+0000] {dag.py:3820} INFO - Setting next_dagrun for traffic_data_ingestion to 2023-12-20T00:00:00+00:00, run_after=2023-12-20T06:00:00+00:00
[2023-12-20T06:48:48.411+0000] {processor.py:183} INFO - Processing /opt/airflow/dags/extracted_load_dag.py took 23.481 seconds
[2023-12-20T06:49:56.021+0000] {processor.py:161} INFO - Started process (PID=3810) to work on /opt/airflow/dags/extracted_load_dag.py
[2023-12-20T06:49:56.032+0000] {processor.py:830} INFO - Processing file /opt/airflow/dags/extracted_load_dag.py for tasks to queue
[2023-12-20T06:49:56.035+0000] {logging_mixin.py:188} INFO - [2023-12-20T06:49:56.034+0000] {dagbag.py:538} INFO - Filling up the DagBag from /opt/airflow/dags/extracted_load_dag.py
[2023-12-20T06:50:03.087+0000] {processor.py:840} INFO - DAG(s) 'traffic_data_ingestion' retrieved from /opt/airflow/dags/extracted_load_dag.py
[2023-12-20T06:50:03.517+0000] {logging_mixin.py:188} INFO - [2023-12-20T06:50:03.449+0000] {dag.py:3033} INFO - Sync 1 DAGs
[2023-12-20T06:50:03.945+0000] {logging_mixin.py:188} INFO - [2023-12-20T06:50:03.944+0000] {dag.py:3820} INFO - Setting next_dagrun for traffic_data_ingestion to 2023-12-20T00:00:00+00:00, run_after=2023-12-20T06:00:00+00:00
[2023-12-20T06:50:04.380+0000] {processor.py:183} INFO - Processing /opt/airflow/dags/extracted_load_dag.py took 8.445 seconds
[2023-12-20T06:50:36.543+0000] {processor.py:161} INFO - Started process (PID=3845) to work on /opt/airflow/dags/extracted_load_dag.py
[2023-12-20T06:50:36.560+0000] {processor.py:830} INFO - Processing file /opt/airflow/dags/extracted_load_dag.py for tasks to queue
[2023-12-20T06:50:36.568+0000] {logging_mixin.py:188} INFO - [2023-12-20T06:50:36.568+0000] {dagbag.py:538} INFO - Filling up the DagBag from /opt/airflow/dags/extracted_load_dag.py
[2023-12-20T06:50:44.514+0000] {processor.py:840} INFO - DAG(s) 'traffic_data_ingestion' retrieved from /opt/airflow/dags/extracted_load_dag.py
[2023-12-20T06:50:44.896+0000] {logging_mixin.py:188} INFO - [2023-12-20T06:50:44.876+0000] {dag.py:3033} INFO - Sync 1 DAGs
[2023-12-20T06:50:45.482+0000] {logging_mixin.py:188} INFO - [2023-12-20T06:50:45.465+0000] {dag.py:3820} INFO - Setting next_dagrun for traffic_data_ingestion to 2023-12-20T00:00:00+00:00, run_after=2023-12-20T06:00:00+00:00
[2023-12-20T06:50:46.169+0000] {processor.py:183} INFO - Processing /opt/airflow/dags/extracted_load_dag.py took 9.691 seconds
[2023-12-20T06:51:44.258+0000] {processor.py:161} INFO - Started process (PID=3910) to work on /opt/airflow/dags/extracted_load_dag.py
[2023-12-20T06:51:44.270+0000] {processor.py:830} INFO - Processing file /opt/airflow/dags/extracted_load_dag.py for tasks to queue
[2023-12-20T06:51:44.284+0000] {logging_mixin.py:188} INFO - [2023-12-20T06:51:44.283+0000] {dagbag.py:538} INFO - Filling up the DagBag from /opt/airflow/dags/extracted_load_dag.py
[2023-12-20T06:51:54.273+0000] {processor.py:840} INFO - DAG(s) 'traffic_data_ingestion' retrieved from /opt/airflow/dags/extracted_load_dag.py
[2023-12-20T06:51:55.050+0000] {logging_mixin.py:188} INFO - [2023-12-20T06:51:55.048+0000] {dag.py:3033} INFO - Sync 1 DAGs
[2023-12-20T06:51:56.132+0000] {logging_mixin.py:188} INFO - [2023-12-20T06:51:56.114+0000] {dag.py:3820} INFO - Setting next_dagrun for traffic_data_ingestion to 2023-12-20T00:00:00+00:00, run_after=2023-12-20T06:00:00+00:00
[2023-12-20T06:51:56.892+0000] {processor.py:183} INFO - Processing /opt/airflow/dags/extracted_load_dag.py took 12.727 seconds
[2023-12-20T06:52:44.810+0000] {processor.py:161} INFO - Started process (PID=3974) to work on /opt/airflow/dags/extracted_load_dag.py
[2023-12-20T06:52:44.813+0000] {processor.py:830} INFO - Processing file /opt/airflow/dags/extracted_load_dag.py for tasks to queue
[2023-12-20T06:52:44.816+0000] {logging_mixin.py:188} INFO - [2023-12-20T06:52:44.814+0000] {dagbag.py:538} INFO - Filling up the DagBag from /opt/airflow/dags/extracted_load_dag.py
[2023-12-20T06:52:50.791+0000] {processor.py:840} INFO - DAG(s) 'traffic_data_ingestion' retrieved from /opt/airflow/dags/extracted_load_dag.py
[2023-12-20T06:52:51.249+0000] {logging_mixin.py:188} INFO - [2023-12-20T06:52:51.172+0000] {dag.py:3033} INFO - Sync 1 DAGs
[2023-12-20T06:52:51.714+0000] {logging_mixin.py:188} INFO - [2023-12-20T06:52:51.703+0000] {dag.py:3820} INFO - Setting next_dagrun for traffic_data_ingestion to 2023-12-20T00:00:00+00:00, run_after=2023-12-20T06:00:00+00:00
[2023-12-20T06:52:52.220+0000] {processor.py:183} INFO - Processing /opt/airflow/dags/extracted_load_dag.py took 7.423 seconds
