[2023-12-26T13:05:43.539+0000] {processor.py:156} INFO - Started process (PID=157) to work on /home/airflow/.local/lib/python3.7/site-packages/airflow/example_dags/example_branch_python_dop_operator_3.py
[2023-12-26T13:05:43.557+0000] {processor.py:758} INFO - Processing file /home/airflow/.local/lib/python3.7/site-packages/airflow/example_dags/example_branch_python_dop_operator_3.py for tasks to queue
[2023-12-26T13:05:43.559+0000] {logging_mixin.py:117} INFO - [2023-12-26T13:05:43.558+0000] {dagbag.py:525} INFO - Filling up the DagBag from /home/airflow/.local/lib/python3.7/site-packages/airflow/example_dags/example_branch_python_dop_operator_3.py
[2023-12-26T13:05:44.210+0000] {processor.py:768} INFO - DAG(s) dict_keys(['example_branch_dop_operator_v3']) retrieved from /home/airflow/.local/lib/python3.7/site-packages/airflow/example_dags/example_branch_python_dop_operator_3.py
[2023-12-26T13:05:45.547+0000] {logging_mixin.py:117} INFO - [2023-12-26T13:05:45.545+0000] {dag.py:2573} INFO - Sync 1 DAGs
[2023-12-26T13:05:46.445+0000] {logging_mixin.py:117} INFO - [2023-12-26T13:05:46.445+0000] {dag.py:3328} INFO - Setting next_dagrun for example_branch_dop_operator_v3 to 2023-12-26T13:04:00+00:00, run_after=2023-12-26T13:05:00+00:00
[2023-12-26T13:05:46.997+0000] {processor.py:178} INFO - Processing /home/airflow/.local/lib/python3.7/site-packages/airflow/example_dags/example_branch_python_dop_operator_3.py took 3.488 seconds
[2023-12-26T13:08:02.690+0000] {processor.py:156} INFO - Started process (PID=268) to work on /home/airflow/.local/lib/python3.7/site-packages/airflow/example_dags/example_branch_python_dop_operator_3.py
[2023-12-26T13:08:02.728+0000] {processor.py:758} INFO - Processing file /home/airflow/.local/lib/python3.7/site-packages/airflow/example_dags/example_branch_python_dop_operator_3.py for tasks to queue
[2023-12-26T13:08:02.731+0000] {logging_mixin.py:117} INFO - [2023-12-26T13:08:02.730+0000] {dagbag.py:525} INFO - Filling up the DagBag from /home/airflow/.local/lib/python3.7/site-packages/airflow/example_dags/example_branch_python_dop_operator_3.py
[2023-12-26T13:08:03.170+0000] {processor.py:768} INFO - DAG(s) dict_keys(['example_branch_dop_operator_v3']) retrieved from /home/airflow/.local/lib/python3.7/site-packages/airflow/example_dags/example_branch_python_dop_operator_3.py
[2023-12-26T13:08:03.974+0000] {logging_mixin.py:117} INFO - [2023-12-26T13:08:03.973+0000] {dag.py:2573} INFO - Sync 1 DAGs
[2023-12-26T13:08:04.937+0000] {logging_mixin.py:117} INFO - [2023-12-26T13:08:04.933+0000] {dag.py:3328} INFO - Setting next_dagrun for example_branch_dop_operator_v3 to 2023-12-26T13:07:00+00:00, run_after=2023-12-26T13:08:00+00:00
[2023-12-26T13:08:05.132+0000] {processor.py:178} INFO - Processing /home/airflow/.local/lib/python3.7/site-packages/airflow/example_dags/example_branch_python_dop_operator_3.py took 2.465 seconds
[2023-12-26T13:09:29.183+0000] {processor.py:156} INFO - Started process (PID=362) to work on /home/airflow/.local/lib/python3.7/site-packages/airflow/example_dags/example_branch_python_dop_operator_3.py
[2023-12-26T13:09:29.220+0000] {processor.py:758} INFO - Processing file /home/airflow/.local/lib/python3.7/site-packages/airflow/example_dags/example_branch_python_dop_operator_3.py for tasks to queue
[2023-12-26T13:09:29.221+0000] {logging_mixin.py:117} INFO - [2023-12-26T13:09:29.221+0000] {dagbag.py:525} INFO - Filling up the DagBag from /home/airflow/.local/lib/python3.7/site-packages/airflow/example_dags/example_branch_python_dop_operator_3.py
[2023-12-26T13:09:29.356+0000] {processor.py:768} INFO - DAG(s) dict_keys(['example_branch_dop_operator_v3']) retrieved from /home/airflow/.local/lib/python3.7/site-packages/airflow/example_dags/example_branch_python_dop_operator_3.py
[2023-12-26T13:09:29.571+0000] {logging_mixin.py:117} INFO - [2023-12-26T13:09:29.571+0000] {dag.py:2573} INFO - Sync 1 DAGs
[2023-12-26T13:09:29.760+0000] {logging_mixin.py:117} INFO - [2023-12-26T13:09:29.760+0000] {dag.py:3328} INFO - Setting next_dagrun for example_branch_dop_operator_v3 to 2023-12-26T13:08:00+00:00, run_after=2023-12-26T13:09:00+00:00
[2023-12-26T13:09:29.816+0000] {processor.py:178} INFO - Processing /home/airflow/.local/lib/python3.7/site-packages/airflow/example_dags/example_branch_python_dop_operator_3.py took 0.640 seconds
[2023-12-26T13:10:04.808+0000] {processor.py:156} INFO - Started process (PID=419) to work on /home/airflow/.local/lib/python3.7/site-packages/airflow/example_dags/example_branch_python_dop_operator_3.py
[2023-12-26T13:10:04.857+0000] {processor.py:758} INFO - Processing file /home/airflow/.local/lib/python3.7/site-packages/airflow/example_dags/example_branch_python_dop_operator_3.py for tasks to queue
[2023-12-26T13:10:04.859+0000] {logging_mixin.py:117} INFO - [2023-12-26T13:10:04.859+0000] {dagbag.py:525} INFO - Filling up the DagBag from /home/airflow/.local/lib/python3.7/site-packages/airflow/example_dags/example_branch_python_dop_operator_3.py
[2023-12-26T13:10:05.147+0000] {processor.py:768} INFO - DAG(s) dict_keys(['example_branch_dop_operator_v3']) retrieved from /home/airflow/.local/lib/python3.7/site-packages/airflow/example_dags/example_branch_python_dop_operator_3.py
[2023-12-26T13:10:05.322+0000] {logging_mixin.py:117} INFO - [2023-12-26T13:10:05.321+0000] {dag.py:2573} INFO - Sync 1 DAGs
[2023-12-26T13:10:05.522+0000] {logging_mixin.py:117} INFO - [2023-12-26T13:10:05.522+0000] {dag.py:3328} INFO - Setting next_dagrun for example_branch_dop_operator_v3 to 2023-12-26T13:09:00+00:00, run_after=2023-12-26T13:10:00+00:00
[2023-12-26T13:10:05.701+0000] {processor.py:178} INFO - Processing /home/airflow/.local/lib/python3.7/site-packages/airflow/example_dags/example_branch_python_dop_operator_3.py took 0.931 seconds
[2023-12-26T13:10:36.017+0000] {processor.py:156} INFO - Started process (PID=474) to work on /home/airflow/.local/lib/python3.7/site-packages/airflow/example_dags/example_branch_python_dop_operator_3.py
[2023-12-26T13:10:36.049+0000] {processor.py:758} INFO - Processing file /home/airflow/.local/lib/python3.7/site-packages/airflow/example_dags/example_branch_python_dop_operator_3.py for tasks to queue
[2023-12-26T13:10:36.050+0000] {logging_mixin.py:117} INFO - [2023-12-26T13:10:36.050+0000] {dagbag.py:525} INFO - Filling up the DagBag from /home/airflow/.local/lib/python3.7/site-packages/airflow/example_dags/example_branch_python_dop_operator_3.py
[2023-12-26T13:10:36.226+0000] {processor.py:768} INFO - DAG(s) dict_keys(['example_branch_dop_operator_v3']) retrieved from /home/airflow/.local/lib/python3.7/site-packages/airflow/example_dags/example_branch_python_dop_operator_3.py
[2023-12-26T13:10:36.356+0000] {logging_mixin.py:117} INFO - [2023-12-26T13:10:36.355+0000] {dag.py:2573} INFO - Sync 1 DAGs
[2023-12-26T13:10:36.442+0000] {logging_mixin.py:117} INFO - [2023-12-26T13:10:36.442+0000] {dag.py:3328} INFO - Setting next_dagrun for example_branch_dop_operator_v3 to 2023-12-26T13:09:00+00:00, run_after=2023-12-26T13:10:00+00:00
[2023-12-26T13:10:36.553+0000] {processor.py:178} INFO - Processing /home/airflow/.local/lib/python3.7/site-packages/airflow/example_dags/example_branch_python_dop_operator_3.py took 0.557 seconds
[2023-12-26T13:11:07.725+0000] {processor.py:156} INFO - Started process (PID=531) to work on /home/airflow/.local/lib/python3.7/site-packages/airflow/example_dags/example_branch_python_dop_operator_3.py
[2023-12-26T13:11:07.726+0000] {processor.py:758} INFO - Processing file /home/airflow/.local/lib/python3.7/site-packages/airflow/example_dags/example_branch_python_dop_operator_3.py for tasks to queue
[2023-12-26T13:11:07.728+0000] {logging_mixin.py:117} INFO - [2023-12-26T13:11:07.728+0000] {dagbag.py:525} INFO - Filling up the DagBag from /home/airflow/.local/lib/python3.7/site-packages/airflow/example_dags/example_branch_python_dop_operator_3.py
[2023-12-26T13:11:07.865+0000] {processor.py:768} INFO - DAG(s) dict_keys(['example_branch_dop_operator_v3']) retrieved from /home/airflow/.local/lib/python3.7/site-packages/airflow/example_dags/example_branch_python_dop_operator_3.py
[2023-12-26T13:11:08.026+0000] {logging_mixin.py:117} INFO - [2023-12-26T13:11:08.025+0000] {dag.py:2573} INFO - Sync 1 DAGs
[2023-12-26T13:11:08.227+0000] {logging_mixin.py:117} INFO - [2023-12-26T13:11:08.227+0000] {dag.py:3328} INFO - Setting next_dagrun for example_branch_dop_operator_v3 to 2023-12-26T13:10:00+00:00, run_after=2023-12-26T13:11:00+00:00
[2023-12-26T13:11:08.322+0000] {processor.py:178} INFO - Processing /home/airflow/.local/lib/python3.7/site-packages/airflow/example_dags/example_branch_python_dop_operator_3.py took 0.609 seconds
[2023-12-26T13:11:38.765+0000] {processor.py:156} INFO - Started process (PID=585) to work on /home/airflow/.local/lib/python3.7/site-packages/airflow/example_dags/example_branch_python_dop_operator_3.py
[2023-12-26T13:11:38.768+0000] {processor.py:758} INFO - Processing file /home/airflow/.local/lib/python3.7/site-packages/airflow/example_dags/example_branch_python_dop_operator_3.py for tasks to queue
[2023-12-26T13:11:38.769+0000] {logging_mixin.py:117} INFO - [2023-12-26T13:11:38.769+0000] {dagbag.py:525} INFO - Filling up the DagBag from /home/airflow/.local/lib/python3.7/site-packages/airflow/example_dags/example_branch_python_dop_operator_3.py
[2023-12-26T13:11:38.861+0000] {processor.py:768} INFO - DAG(s) dict_keys(['example_branch_dop_operator_v3']) retrieved from /home/airflow/.local/lib/python3.7/site-packages/airflow/example_dags/example_branch_python_dop_operator_3.py
[2023-12-26T13:11:38.998+0000] {logging_mixin.py:117} INFO - [2023-12-26T13:11:38.998+0000] {dag.py:2573} INFO - Sync 1 DAGs
[2023-12-26T13:11:39.095+0000] {logging_mixin.py:117} INFO - [2023-12-26T13:11:39.095+0000] {dag.py:3328} INFO - Setting next_dagrun for example_branch_dop_operator_v3 to 2023-12-26T13:10:00+00:00, run_after=2023-12-26T13:11:00+00:00
[2023-12-26T13:11:39.188+0000] {processor.py:178} INFO - Processing /home/airflow/.local/lib/python3.7/site-packages/airflow/example_dags/example_branch_python_dop_operator_3.py took 0.430 seconds
[2023-12-26T13:12:09.261+0000] {processor.py:156} INFO - Started process (PID=638) to work on /home/airflow/.local/lib/python3.7/site-packages/airflow/example_dags/example_branch_python_dop_operator_3.py
[2023-12-26T13:12:09.262+0000] {processor.py:758} INFO - Processing file /home/airflow/.local/lib/python3.7/site-packages/airflow/example_dags/example_branch_python_dop_operator_3.py for tasks to queue
[2023-12-26T13:12:09.263+0000] {logging_mixin.py:117} INFO - [2023-12-26T13:12:09.263+0000] {dagbag.py:525} INFO - Filling up the DagBag from /home/airflow/.local/lib/python3.7/site-packages/airflow/example_dags/example_branch_python_dop_operator_3.py
[2023-12-26T13:12:09.352+0000] {processor.py:768} INFO - DAG(s) dict_keys(['example_branch_dop_operator_v3']) retrieved from /home/airflow/.local/lib/python3.7/site-packages/airflow/example_dags/example_branch_python_dop_operator_3.py
[2023-12-26T13:12:09.451+0000] {logging_mixin.py:117} INFO - [2023-12-26T13:12:09.451+0000] {dag.py:2573} INFO - Sync 1 DAGs
[2023-12-26T13:12:09.544+0000] {logging_mixin.py:117} INFO - [2023-12-26T13:12:09.543+0000] {dag.py:3328} INFO - Setting next_dagrun for example_branch_dop_operator_v3 to 2023-12-26T13:11:00+00:00, run_after=2023-12-26T13:12:00+00:00
[2023-12-26T13:12:09.736+0000] {processor.py:178} INFO - Processing /home/airflow/.local/lib/python3.7/site-packages/airflow/example_dags/example_branch_python_dop_operator_3.py took 0.487 seconds
[2023-12-26T13:12:48.953+0000] {processor.py:156} INFO - Started process (PID=693) to work on /home/airflow/.local/lib/python3.7/site-packages/airflow/example_dags/example_branch_python_dop_operator_3.py
[2023-12-26T13:12:49.009+0000] {processor.py:758} INFO - Processing file /home/airflow/.local/lib/python3.7/site-packages/airflow/example_dags/example_branch_python_dop_operator_3.py for tasks to queue
[2023-12-26T13:12:49.016+0000] {logging_mixin.py:117} INFO - [2023-12-26T13:12:49.016+0000] {dagbag.py:525} INFO - Filling up the DagBag from /home/airflow/.local/lib/python3.7/site-packages/airflow/example_dags/example_branch_python_dop_operator_3.py
[2023-12-26T13:12:49.663+0000] {processor.py:768} INFO - DAG(s) dict_keys(['example_branch_dop_operator_v3']) retrieved from /home/airflow/.local/lib/python3.7/site-packages/airflow/example_dags/example_branch_python_dop_operator_3.py
[2023-12-26T13:12:50.330+0000] {logging_mixin.py:117} INFO - [2023-12-26T13:12:50.330+0000] {dag.py:2573} INFO - Sync 1 DAGs
[2023-12-26T13:12:50.845+0000] {logging_mixin.py:117} INFO - [2023-12-26T13:12:50.844+0000] {dag.py:3328} INFO - Setting next_dagrun for example_branch_dop_operator_v3 to 2023-12-26T13:11:00+00:00, run_after=2023-12-26T13:12:00+00:00
[2023-12-26T13:12:51.170+0000] {processor.py:178} INFO - Processing /home/airflow/.local/lib/python3.7/site-packages/airflow/example_dags/example_branch_python_dop_operator_3.py took 2.230 seconds
[2023-12-26T13:14:13.033+0000] {processor.py:156} INFO - Started process (PID=768) to work on /home/airflow/.local/lib/python3.7/site-packages/airflow/example_dags/example_branch_python_dop_operator_3.py
[2023-12-26T13:14:13.037+0000] {processor.py:758} INFO - Processing file /home/airflow/.local/lib/python3.7/site-packages/airflow/example_dags/example_branch_python_dop_operator_3.py for tasks to queue
[2023-12-26T13:14:13.039+0000] {logging_mixin.py:117} INFO - [2023-12-26T13:14:13.039+0000] {dagbag.py:525} INFO - Filling up the DagBag from /home/airflow/.local/lib/python3.7/site-packages/airflow/example_dags/example_branch_python_dop_operator_3.py
[2023-12-26T13:14:13.221+0000] {processor.py:768} INFO - DAG(s) dict_keys(['example_branch_dop_operator_v3']) retrieved from /home/airflow/.local/lib/python3.7/site-packages/airflow/example_dags/example_branch_python_dop_operator_3.py
[2023-12-26T13:14:13.552+0000] {logging_mixin.py:117} INFO - [2023-12-26T13:14:13.551+0000] {dag.py:2573} INFO - Sync 1 DAGs
[2023-12-26T13:14:13.875+0000] {logging_mixin.py:117} INFO - [2023-12-26T13:14:13.875+0000] {dag.py:3328} INFO - Setting next_dagrun for example_branch_dop_operator_v3 to 2023-12-26T13:13:00+00:00, run_after=2023-12-26T13:14:00+00:00
[2023-12-26T13:14:14.082+0000] {processor.py:178} INFO - Processing /home/airflow/.local/lib/python3.7/site-packages/airflow/example_dags/example_branch_python_dop_operator_3.py took 1.071 seconds
[2023-12-26T13:14:49.312+0000] {processor.py:156} INFO - Started process (PID=826) to work on /home/airflow/.local/lib/python3.7/site-packages/airflow/example_dags/example_branch_python_dop_operator_3.py
[2023-12-26T13:14:49.313+0000] {processor.py:758} INFO - Processing file /home/airflow/.local/lib/python3.7/site-packages/airflow/example_dags/example_branch_python_dop_operator_3.py for tasks to queue
[2023-12-26T13:14:49.315+0000] {logging_mixin.py:117} INFO - [2023-12-26T13:14:49.315+0000] {dagbag.py:525} INFO - Filling up the DagBag from /home/airflow/.local/lib/python3.7/site-packages/airflow/example_dags/example_branch_python_dop_operator_3.py
[2023-12-26T13:14:49.397+0000] {processor.py:768} INFO - DAG(s) dict_keys(['example_branch_dop_operator_v3']) retrieved from /home/airflow/.local/lib/python3.7/site-packages/airflow/example_dags/example_branch_python_dop_operator_3.py
[2023-12-26T13:14:49.516+0000] {logging_mixin.py:117} INFO - [2023-12-26T13:14:49.515+0000] {dag.py:2573} INFO - Sync 1 DAGs
[2023-12-26T13:14:49.751+0000] {logging_mixin.py:117} INFO - [2023-12-26T13:14:49.751+0000] {dag.py:3328} INFO - Setting next_dagrun for example_branch_dop_operator_v3 to 2023-12-26T13:13:00+00:00, run_after=2023-12-26T13:14:00+00:00
[2023-12-26T13:14:49.901+0000] {processor.py:178} INFO - Processing /home/airflow/.local/lib/python3.7/site-packages/airflow/example_dags/example_branch_python_dop_operator_3.py took 0.596 seconds
[2023-12-26T13:15:21.597+0000] {processor.py:156} INFO - Started process (PID=882) to work on /home/airflow/.local/lib/python3.7/site-packages/airflow/example_dags/example_branch_python_dop_operator_3.py
[2023-12-26T13:15:21.601+0000] {processor.py:758} INFO - Processing file /home/airflow/.local/lib/python3.7/site-packages/airflow/example_dags/example_branch_python_dop_operator_3.py for tasks to queue
[2023-12-26T13:15:21.602+0000] {logging_mixin.py:117} INFO - [2023-12-26T13:15:21.602+0000] {dagbag.py:525} INFO - Filling up the DagBag from /home/airflow/.local/lib/python3.7/site-packages/airflow/example_dags/example_branch_python_dop_operator_3.py
[2023-12-26T13:15:21.839+0000] {processor.py:768} INFO - DAG(s) dict_keys(['example_branch_dop_operator_v3']) retrieved from /home/airflow/.local/lib/python3.7/site-packages/airflow/example_dags/example_branch_python_dop_operator_3.py
[2023-12-26T13:15:22.196+0000] {logging_mixin.py:117} INFO - [2023-12-26T13:15:22.194+0000] {dag.py:2573} INFO - Sync 1 DAGs
[2023-12-26T13:15:22.721+0000] {logging_mixin.py:117} INFO - [2023-12-26T13:15:22.720+0000] {dag.py:3328} INFO - Setting next_dagrun for example_branch_dop_operator_v3 to 2023-12-26T13:14:00+00:00, run_after=2023-12-26T13:15:00+00:00
[2023-12-26T13:15:23.044+0000] {processor.py:178} INFO - Processing /home/airflow/.local/lib/python3.7/site-packages/airflow/example_dags/example_branch_python_dop_operator_3.py took 1.469 seconds
[2023-12-26T13:20:14.537+0000] {processor.py:156} INFO - Started process (PID=136) to work on /home/airflow/.local/lib/python3.7/site-packages/airflow/example_dags/example_branch_python_dop_operator_3.py
[2023-12-26T13:20:14.546+0000] {processor.py:758} INFO - Processing file /home/airflow/.local/lib/python3.7/site-packages/airflow/example_dags/example_branch_python_dop_operator_3.py for tasks to queue
[2023-12-26T13:20:14.550+0000] {logging_mixin.py:117} INFO - [2023-12-26T13:20:14.549+0000] {dagbag.py:525} INFO - Filling up the DagBag from /home/airflow/.local/lib/python3.7/site-packages/airflow/example_dags/example_branch_python_dop_operator_3.py
[2023-12-26T13:20:15.530+0000] {processor.py:768} INFO - DAG(s) dict_keys(['example_branch_dop_operator_v3']) retrieved from /home/airflow/.local/lib/python3.7/site-packages/airflow/example_dags/example_branch_python_dop_operator_3.py
[2023-12-26T13:20:15.635+0000] {logging_mixin.py:117} INFO - [2023-12-26T13:20:15.635+0000] {dag.py:2573} INFO - Sync 1 DAGs
[2023-12-26T13:20:15.820+0000] {logging_mixin.py:117} INFO - [2023-12-26T13:20:15.820+0000] {dag.py:3328} INFO - Setting next_dagrun for example_branch_dop_operator_v3 to 2023-12-26T13:19:00+00:00, run_after=2023-12-26T13:20:00+00:00
[2023-12-26T13:20:16.050+0000] {processor.py:178} INFO - Processing /home/airflow/.local/lib/python3.7/site-packages/airflow/example_dags/example_branch_python_dop_operator_3.py took 1.546 seconds
[2023-12-26T13:20:48.715+0000] {processor.py:156} INFO - Started process (PID=184) to work on /home/airflow/.local/lib/python3.7/site-packages/airflow/example_dags/example_branch_python_dop_operator_3.py
[2023-12-26T13:20:48.717+0000] {processor.py:758} INFO - Processing file /home/airflow/.local/lib/python3.7/site-packages/airflow/example_dags/example_branch_python_dop_operator_3.py for tasks to queue
[2023-12-26T13:20:48.719+0000] {logging_mixin.py:117} INFO - [2023-12-26T13:20:48.719+0000] {dagbag.py:525} INFO - Filling up the DagBag from /home/airflow/.local/lib/python3.7/site-packages/airflow/example_dags/example_branch_python_dop_operator_3.py
[2023-12-26T13:20:49.092+0000] {processor.py:768} INFO - DAG(s) dict_keys(['example_branch_dop_operator_v3']) retrieved from /home/airflow/.local/lib/python3.7/site-packages/airflow/example_dags/example_branch_python_dop_operator_3.py
[2023-12-26T13:20:49.240+0000] {logging_mixin.py:117} INFO - [2023-12-26T13:20:49.240+0000] {dag.py:2573} INFO - Sync 1 DAGs
[2023-12-26T13:20:49.415+0000] {logging_mixin.py:117} INFO - [2023-12-26T13:20:49.414+0000] {dag.py:3328} INFO - Setting next_dagrun for example_branch_dop_operator_v3 to 2023-12-26T13:19:00+00:00, run_after=2023-12-26T13:20:00+00:00
[2023-12-26T13:20:49.470+0000] {processor.py:178} INFO - Processing /home/airflow/.local/lib/python3.7/site-packages/airflow/example_dags/example_branch_python_dop_operator_3.py took 0.779 seconds
[2023-12-26T13:21:22.877+0000] {processor.py:156} INFO - Started process (PID=240) to work on /home/airflow/.local/lib/python3.7/site-packages/airflow/example_dags/example_branch_python_dop_operator_3.py
[2023-12-26T13:21:22.887+0000] {processor.py:758} INFO - Processing file /home/airflow/.local/lib/python3.7/site-packages/airflow/example_dags/example_branch_python_dop_operator_3.py for tasks to queue
[2023-12-26T13:21:22.896+0000] {logging_mixin.py:117} INFO - [2023-12-26T13:21:22.896+0000] {dagbag.py:525} INFO - Filling up the DagBag from /home/airflow/.local/lib/python3.7/site-packages/airflow/example_dags/example_branch_python_dop_operator_3.py
[2023-12-26T13:21:23.265+0000] {processor.py:768} INFO - DAG(s) dict_keys(['example_branch_dop_operator_v3']) retrieved from /home/airflow/.local/lib/python3.7/site-packages/airflow/example_dags/example_branch_python_dop_operator_3.py
[2023-12-26T13:21:23.651+0000] {logging_mixin.py:117} INFO - [2023-12-26T13:21:23.651+0000] {dag.py:2573} INFO - Sync 1 DAGs
[2023-12-26T13:21:24.174+0000] {logging_mixin.py:117} INFO - [2023-12-26T13:21:24.171+0000] {dag.py:3328} INFO - Setting next_dagrun for example_branch_dop_operator_v3 to 2023-12-26T13:20:00+00:00, run_after=2023-12-26T13:21:00+00:00
[2023-12-26T13:21:24.385+0000] {processor.py:178} INFO - Processing /home/airflow/.local/lib/python3.7/site-packages/airflow/example_dags/example_branch_python_dop_operator_3.py took 1.564 seconds
[2023-12-26T13:21:54.702+0000] {processor.py:156} INFO - Started process (PID=286) to work on /home/airflow/.local/lib/python3.7/site-packages/airflow/example_dags/example_branch_python_dop_operator_3.py
[2023-12-26T13:21:54.705+0000] {processor.py:758} INFO - Processing file /home/airflow/.local/lib/python3.7/site-packages/airflow/example_dags/example_branch_python_dop_operator_3.py for tasks to queue
[2023-12-26T13:21:54.706+0000] {logging_mixin.py:117} INFO - [2023-12-26T13:21:54.706+0000] {dagbag.py:525} INFO - Filling up the DagBag from /home/airflow/.local/lib/python3.7/site-packages/airflow/example_dags/example_branch_python_dop_operator_3.py
[2023-12-26T13:21:55.046+0000] {processor.py:768} INFO - DAG(s) dict_keys(['example_branch_dop_operator_v3']) retrieved from /home/airflow/.local/lib/python3.7/site-packages/airflow/example_dags/example_branch_python_dop_operator_3.py
[2023-12-26T13:21:55.778+0000] {logging_mixin.py:117} INFO - [2023-12-26T13:21:55.778+0000] {dag.py:2573} INFO - Sync 1 DAGs
[2023-12-26T13:21:56.252+0000] {logging_mixin.py:117} INFO - [2023-12-26T13:21:56.239+0000] {dag.py:3328} INFO - Setting next_dagrun for example_branch_dop_operator_v3 to 2023-12-26T13:20:00+00:00, run_after=2023-12-26T13:21:00+00:00
[2023-12-26T13:21:56.530+0000] {processor.py:178} INFO - Processing /home/airflow/.local/lib/python3.7/site-packages/airflow/example_dags/example_branch_python_dop_operator_3.py took 1.846 seconds
[2023-12-26T13:22:30.727+0000] {processor.py:156} INFO - Started process (PID=343) to work on /home/airflow/.local/lib/python3.7/site-packages/airflow/example_dags/example_branch_python_dop_operator_3.py
[2023-12-26T13:22:30.771+0000] {processor.py:758} INFO - Processing file /home/airflow/.local/lib/python3.7/site-packages/airflow/example_dags/example_branch_python_dop_operator_3.py for tasks to queue
[2023-12-26T13:22:30.772+0000] {logging_mixin.py:117} INFO - [2023-12-26T13:22:30.772+0000] {dagbag.py:525} INFO - Filling up the DagBag from /home/airflow/.local/lib/python3.7/site-packages/airflow/example_dags/example_branch_python_dop_operator_3.py
[2023-12-26T13:22:30.895+0000] {processor.py:768} INFO - DAG(s) dict_keys(['example_branch_dop_operator_v3']) retrieved from /home/airflow/.local/lib/python3.7/site-packages/airflow/example_dags/example_branch_python_dop_operator_3.py
[2023-12-26T13:22:31.005+0000] {logging_mixin.py:117} INFO - [2023-12-26T13:22:31.004+0000] {dag.py:2573} INFO - Sync 1 DAGs
[2023-12-26T13:22:31.171+0000] {logging_mixin.py:117} INFO - [2023-12-26T13:22:31.171+0000] {dag.py:3328} INFO - Setting next_dagrun for example_branch_dop_operator_v3 to 2023-12-26T13:21:00+00:00, run_after=2023-12-26T13:22:00+00:00
[2023-12-26T13:22:31.253+0000] {processor.py:178} INFO - Processing /home/airflow/.local/lib/python3.7/site-packages/airflow/example_dags/example_branch_python_dop_operator_3.py took 0.543 seconds
[2023-12-26T13:23:04.870+0000] {processor.py:156} INFO - Started process (PID=400) to work on /home/airflow/.local/lib/python3.7/site-packages/airflow/example_dags/example_branch_python_dop_operator_3.py
[2023-12-26T13:23:04.879+0000] {processor.py:758} INFO - Processing file /home/airflow/.local/lib/python3.7/site-packages/airflow/example_dags/example_branch_python_dop_operator_3.py for tasks to queue
[2023-12-26T13:23:04.880+0000] {logging_mixin.py:117} INFO - [2023-12-26T13:23:04.880+0000] {dagbag.py:525} INFO - Filling up the DagBag from /home/airflow/.local/lib/python3.7/site-packages/airflow/example_dags/example_branch_python_dop_operator_3.py
[2023-12-26T13:23:04.999+0000] {processor.py:768} INFO - DAG(s) dict_keys(['example_branch_dop_operator_v3']) retrieved from /home/airflow/.local/lib/python3.7/site-packages/airflow/example_dags/example_branch_python_dop_operator_3.py
[2023-12-26T13:23:05.456+0000] {logging_mixin.py:117} INFO - [2023-12-26T13:23:05.456+0000] {dag.py:2573} INFO - Sync 1 DAGs
[2023-12-26T13:23:05.681+0000] {logging_mixin.py:117} INFO - [2023-12-26T13:23:05.681+0000] {dag.py:3328} INFO - Setting next_dagrun for example_branch_dop_operator_v3 to 2023-12-26T13:22:00+00:00, run_after=2023-12-26T13:23:00+00:00
[2023-12-26T13:23:05.938+0000] {processor.py:178} INFO - Processing /home/airflow/.local/lib/python3.7/site-packages/airflow/example_dags/example_branch_python_dop_operator_3.py took 1.075 seconds
[2023-12-26T13:41:14.900+0000] {processor.py:156} INFO - Started process (PID=140) to work on /home/airflow/.local/lib/python3.7/site-packages/airflow/example_dags/example_branch_python_dop_operator_3.py
[2023-12-26T13:41:14.927+0000] {processor.py:758} INFO - Processing file /home/airflow/.local/lib/python3.7/site-packages/airflow/example_dags/example_branch_python_dop_operator_3.py for tasks to queue
[2023-12-26T13:41:14.929+0000] {logging_mixin.py:117} INFO - [2023-12-26T13:41:14.929+0000] {dagbag.py:525} INFO - Filling up the DagBag from /home/airflow/.local/lib/python3.7/site-packages/airflow/example_dags/example_branch_python_dop_operator_3.py
[2023-12-26T13:41:15.234+0000] {processor.py:768} INFO - DAG(s) dict_keys(['example_branch_dop_operator_v3']) retrieved from /home/airflow/.local/lib/python3.7/site-packages/airflow/example_dags/example_branch_python_dop_operator_3.py
[2023-12-26T13:41:15.721+0000] {logging_mixin.py:117} INFO - [2023-12-26T13:41:15.721+0000] {dag.py:2573} INFO - Sync 1 DAGs
[2023-12-26T13:41:16.110+0000] {logging_mixin.py:117} INFO - [2023-12-26T13:41:16.110+0000] {dag.py:3328} INFO - Setting next_dagrun for example_branch_dop_operator_v3 to 2023-12-26T13:40:00+00:00, run_after=2023-12-26T13:41:00+00:00
[2023-12-26T13:41:16.518+0000] {processor.py:178} INFO - Processing /home/airflow/.local/lib/python3.7/site-packages/airflow/example_dags/example_branch_python_dop_operator_3.py took 1.630 seconds
[2023-12-26T13:41:46.668+0000] {processor.py:156} INFO - Started process (PID=198) to work on /home/airflow/.local/lib/python3.7/site-packages/airflow/example_dags/example_branch_python_dop_operator_3.py
[2023-12-26T13:41:46.708+0000] {processor.py:758} INFO - Processing file /home/airflow/.local/lib/python3.7/site-packages/airflow/example_dags/example_branch_python_dop_operator_3.py for tasks to queue
[2023-12-26T13:41:46.710+0000] {logging_mixin.py:117} INFO - [2023-12-26T13:41:46.709+0000] {dagbag.py:525} INFO - Filling up the DagBag from /home/airflow/.local/lib/python3.7/site-packages/airflow/example_dags/example_branch_python_dop_operator_3.py
[2023-12-26T13:41:46.776+0000] {processor.py:768} INFO - DAG(s) dict_keys(['example_branch_dop_operator_v3']) retrieved from /home/airflow/.local/lib/python3.7/site-packages/airflow/example_dags/example_branch_python_dop_operator_3.py
[2023-12-26T13:41:46.906+0000] {logging_mixin.py:117} INFO - [2023-12-26T13:41:46.905+0000] {dag.py:2573} INFO - Sync 1 DAGs
[2023-12-26T13:41:47.007+0000] {logging_mixin.py:117} INFO - [2023-12-26T13:41:47.006+0000] {dag.py:3328} INFO - Setting next_dagrun for example_branch_dop_operator_v3 to 2023-12-26T13:40:00+00:00, run_after=2023-12-26T13:41:00+00:00
[2023-12-26T13:41:47.093+0000] {processor.py:178} INFO - Processing /home/airflow/.local/lib/python3.7/site-packages/airflow/example_dags/example_branch_python_dop_operator_3.py took 0.431 seconds
[2023-12-26T13:42:17.265+0000] {processor.py:156} INFO - Started process (PID=253) to work on /home/airflow/.local/lib/python3.7/site-packages/airflow/example_dags/example_branch_python_dop_operator_3.py
[2023-12-26T13:42:17.267+0000] {processor.py:758} INFO - Processing file /home/airflow/.local/lib/python3.7/site-packages/airflow/example_dags/example_branch_python_dop_operator_3.py for tasks to queue
[2023-12-26T13:42:17.269+0000] {logging_mixin.py:117} INFO - [2023-12-26T13:42:17.269+0000] {dagbag.py:525} INFO - Filling up the DagBag from /home/airflow/.local/lib/python3.7/site-packages/airflow/example_dags/example_branch_python_dop_operator_3.py
[2023-12-26T13:42:17.384+0000] {processor.py:768} INFO - DAG(s) dict_keys(['example_branch_dop_operator_v3']) retrieved from /home/airflow/.local/lib/python3.7/site-packages/airflow/example_dags/example_branch_python_dop_operator_3.py
[2023-12-26T13:42:17.558+0000] {logging_mixin.py:117} INFO - [2023-12-26T13:42:17.557+0000] {dag.py:2573} INFO - Sync 1 DAGs
[2023-12-26T13:42:17.652+0000] {logging_mixin.py:117} INFO - [2023-12-26T13:42:17.651+0000] {dag.py:3328} INFO - Setting next_dagrun for example_branch_dop_operator_v3 to 2023-12-26T13:41:00+00:00, run_after=2023-12-26T13:42:00+00:00
[2023-12-26T13:42:17.737+0000] {processor.py:178} INFO - Processing /home/airflow/.local/lib/python3.7/site-packages/airflow/example_dags/example_branch_python_dop_operator_3.py took 0.478 seconds
[2023-12-26T13:42:47.906+0000] {processor.py:156} INFO - Started process (PID=311) to work on /home/airflow/.local/lib/python3.7/site-packages/airflow/example_dags/example_branch_python_dop_operator_3.py
[2023-12-26T13:42:47.907+0000] {processor.py:758} INFO - Processing file /home/airflow/.local/lib/python3.7/site-packages/airflow/example_dags/example_branch_python_dop_operator_3.py for tasks to queue
[2023-12-26T13:42:47.908+0000] {logging_mixin.py:117} INFO - [2023-12-26T13:42:47.908+0000] {dagbag.py:525} INFO - Filling up the DagBag from /home/airflow/.local/lib/python3.7/site-packages/airflow/example_dags/example_branch_python_dop_operator_3.py
[2023-12-26T13:42:47.972+0000] {processor.py:768} INFO - DAG(s) dict_keys(['example_branch_dop_operator_v3']) retrieved from /home/airflow/.local/lib/python3.7/site-packages/airflow/example_dags/example_branch_python_dop_operator_3.py
[2023-12-26T13:42:48.078+0000] {logging_mixin.py:117} INFO - [2023-12-26T13:42:48.078+0000] {dag.py:2573} INFO - Sync 1 DAGs
[2023-12-26T13:42:48.170+0000] {logging_mixin.py:117} INFO - [2023-12-26T13:42:48.169+0000] {dag.py:3328} INFO - Setting next_dagrun for example_branch_dop_operator_v3 to 2023-12-26T13:41:00+00:00, run_after=2023-12-26T13:42:00+00:00
[2023-12-26T13:42:48.258+0000] {processor.py:178} INFO - Processing /home/airflow/.local/lib/python3.7/site-packages/airflow/example_dags/example_branch_python_dop_operator_3.py took 0.360 seconds
[2023-12-26T13:43:18.679+0000] {processor.py:156} INFO - Started process (PID=366) to work on /home/airflow/.local/lib/python3.7/site-packages/airflow/example_dags/example_branch_python_dop_operator_3.py
[2023-12-26T13:43:18.729+0000] {processor.py:758} INFO - Processing file /home/airflow/.local/lib/python3.7/site-packages/airflow/example_dags/example_branch_python_dop_operator_3.py for tasks to queue
[2023-12-26T13:43:18.730+0000] {logging_mixin.py:117} INFO - [2023-12-26T13:43:18.730+0000] {dagbag.py:525} INFO - Filling up the DagBag from /home/airflow/.local/lib/python3.7/site-packages/airflow/example_dags/example_branch_python_dop_operator_3.py
[2023-12-26T13:43:18.796+0000] {processor.py:768} INFO - DAG(s) dict_keys(['example_branch_dop_operator_v3']) retrieved from /home/airflow/.local/lib/python3.7/site-packages/airflow/example_dags/example_branch_python_dop_operator_3.py
[2023-12-26T13:43:18.906+0000] {logging_mixin.py:117} INFO - [2023-12-26T13:43:18.905+0000] {dag.py:2573} INFO - Sync 1 DAGs
[2023-12-26T13:43:19.000+0000] {logging_mixin.py:117} INFO - [2023-12-26T13:43:19.000+0000] {dag.py:3328} INFO - Setting next_dagrun for example_branch_dop_operator_v3 to 2023-12-26T13:42:00+00:00, run_after=2023-12-26T13:43:00+00:00
[2023-12-26T13:43:19.095+0000] {processor.py:178} INFO - Processing /home/airflow/.local/lib/python3.7/site-packages/airflow/example_dags/example_branch_python_dop_operator_3.py took 0.422 seconds
[2023-12-26T13:43:52.571+0000] {processor.py:156} INFO - Started process (PID=424) to work on /home/airflow/.local/lib/python3.7/site-packages/airflow/example_dags/example_branch_python_dop_operator_3.py
[2023-12-26T13:43:52.594+0000] {processor.py:758} INFO - Processing file /home/airflow/.local/lib/python3.7/site-packages/airflow/example_dags/example_branch_python_dop_operator_3.py for tasks to queue
[2023-12-26T13:43:52.601+0000] {logging_mixin.py:117} INFO - [2023-12-26T13:43:52.601+0000] {dagbag.py:525} INFO - Filling up the DagBag from /home/airflow/.local/lib/python3.7/site-packages/airflow/example_dags/example_branch_python_dop_operator_3.py
[2023-12-26T13:43:53.065+0000] {processor.py:768} INFO - DAG(s) dict_keys(['example_branch_dop_operator_v3']) retrieved from /home/airflow/.local/lib/python3.7/site-packages/airflow/example_dags/example_branch_python_dop_operator_3.py
[2023-12-26T13:43:53.365+0000] {logging_mixin.py:117} INFO - [2023-12-26T13:43:53.364+0000] {dag.py:2573} INFO - Sync 1 DAGs
[2023-12-26T13:43:53.566+0000] {logging_mixin.py:117} INFO - [2023-12-26T13:43:53.566+0000] {dag.py:3328} INFO - Setting next_dagrun for example_branch_dop_operator_v3 to 2023-12-26T13:42:00+00:00, run_after=2023-12-26T13:43:00+00:00
[2023-12-26T13:43:53.673+0000] {processor.py:178} INFO - Processing /home/airflow/.local/lib/python3.7/site-packages/airflow/example_dags/example_branch_python_dop_operator_3.py took 1.166 seconds
[2023-12-26T13:45:05.173+0000] {processor.py:156} INFO - Started process (PID=497) to work on /home/airflow/.local/lib/python3.7/site-packages/airflow/example_dags/example_branch_python_dop_operator_3.py
[2023-12-26T13:45:05.187+0000] {processor.py:758} INFO - Processing file /home/airflow/.local/lib/python3.7/site-packages/airflow/example_dags/example_branch_python_dop_operator_3.py for tasks to queue
[2023-12-26T13:45:05.216+0000] {logging_mixin.py:117} INFO - [2023-12-26T13:45:05.188+0000] {dagbag.py:525} INFO - Filling up the DagBag from /home/airflow/.local/lib/python3.7/site-packages/airflow/example_dags/example_branch_python_dop_operator_3.py
[2023-12-26T13:45:05.696+0000] {processor.py:768} INFO - DAG(s) dict_keys(['example_branch_dop_operator_v3']) retrieved from /home/airflow/.local/lib/python3.7/site-packages/airflow/example_dags/example_branch_python_dop_operator_3.py
[2023-12-26T13:45:06.168+0000] {logging_mixin.py:117} INFO - [2023-12-26T13:45:06.167+0000] {dag.py:2573} INFO - Sync 1 DAGs
[2023-12-26T13:45:06.783+0000] {logging_mixin.py:117} INFO - [2023-12-26T13:45:06.783+0000] {dag.py:3328} INFO - Setting next_dagrun for example_branch_dop_operator_v3 to 2023-12-26T13:44:00+00:00, run_after=2023-12-26T13:45:00+00:00
[2023-12-26T13:45:06.959+0000] {processor.py:178} INFO - Processing /home/airflow/.local/lib/python3.7/site-packages/airflow/example_dags/example_branch_python_dop_operator_3.py took 1.847 seconds
[2023-12-26T13:45:37.098+0000] {processor.py:156} INFO - Started process (PID=554) to work on /home/airflow/.local/lib/python3.7/site-packages/airflow/example_dags/example_branch_python_dop_operator_3.py
[2023-12-26T13:45:37.100+0000] {processor.py:758} INFO - Processing file /home/airflow/.local/lib/python3.7/site-packages/airflow/example_dags/example_branch_python_dop_operator_3.py for tasks to queue
[2023-12-26T13:45:37.102+0000] {logging_mixin.py:117} INFO - [2023-12-26T13:45:37.101+0000] {dagbag.py:525} INFO - Filling up the DagBag from /home/airflow/.local/lib/python3.7/site-packages/airflow/example_dags/example_branch_python_dop_operator_3.py
[2023-12-26T13:45:37.188+0000] {processor.py:768} INFO - DAG(s) dict_keys(['example_branch_dop_operator_v3']) retrieved from /home/airflow/.local/lib/python3.7/site-packages/airflow/example_dags/example_branch_python_dop_operator_3.py
[2023-12-26T13:45:37.330+0000] {logging_mixin.py:117} INFO - [2023-12-26T13:45:37.330+0000] {dag.py:2573} INFO - Sync 1 DAGs
[2023-12-26T13:45:37.448+0000] {logging_mixin.py:117} INFO - [2023-12-26T13:45:37.448+0000] {dag.py:3328} INFO - Setting next_dagrun for example_branch_dop_operator_v3 to 2023-12-26T13:44:00+00:00, run_after=2023-12-26T13:45:00+00:00
[2023-12-26T13:45:37.587+0000] {processor.py:178} INFO - Processing /home/airflow/.local/lib/python3.7/site-packages/airflow/example_dags/example_branch_python_dop_operator_3.py took 0.500 seconds
[2023-12-26T15:42:58.453+0000] {processor.py:156} INFO - Started process (PID=156) to work on /home/airflow/.local/lib/python3.7/site-packages/airflow/example_dags/example_branch_python_dop_operator_3.py
[2023-12-26T15:42:58.499+0000] {processor.py:758} INFO - Processing file /home/airflow/.local/lib/python3.7/site-packages/airflow/example_dags/example_branch_python_dop_operator_3.py for tasks to queue
[2023-12-26T15:42:58.505+0000] {logging_mixin.py:117} INFO - [2023-12-26T15:42:58.502+0000] {dagbag.py:525} INFO - Filling up the DagBag from /home/airflow/.local/lib/python3.7/site-packages/airflow/example_dags/example_branch_python_dop_operator_3.py
[2023-12-26T15:42:59.257+0000] {processor.py:768} INFO - DAG(s) dict_keys(['example_branch_dop_operator_v3']) retrieved from /home/airflow/.local/lib/python3.7/site-packages/airflow/example_dags/example_branch_python_dop_operator_3.py
[2023-12-26T15:43:00.183+0000] {logging_mixin.py:117} INFO - [2023-12-26T15:43:00.174+0000] {dag.py:2573} INFO - Sync 1 DAGs
[2023-12-26T15:43:01.105+0000] {logging_mixin.py:117} INFO - [2023-12-26T15:43:01.105+0000] {dag.py:3328} INFO - Setting next_dagrun for example_branch_dop_operator_v3 to 2023-12-26T15:42:00+00:00, run_after=2023-12-26T15:43:00+00:00
[2023-12-26T15:43:01.527+0000] {processor.py:178} INFO - Processing /home/airflow/.local/lib/python3.7/site-packages/airflow/example_dags/example_branch_python_dop_operator_3.py took 3.270 seconds
