[2023-12-26T13:05:04.306+0000] {processor.py:156} INFO - Started process (PID=129) to work on /home/airflow/.local/lib/python3.7/site-packages/airflow/example_dags/example_kubernetes_executor.py
[2023-12-26T13:05:04.308+0000] {processor.py:758} INFO - Processing file /home/airflow/.local/lib/python3.7/site-packages/airflow/example_dags/example_kubernetes_executor.py for tasks to queue
[2023-12-26T13:05:04.415+0000] {logging_mixin.py:117} INFO - [2023-12-26T13:05:04.393+0000] {dagbag.py:525} INFO - Filling up the DagBag from /home/airflow/.local/lib/python3.7/site-packages/airflow/example_dags/example_kubernetes_executor.py
[2023-12-26T13:05:06.781+0000] {processor.py:768} INFO - DAG(s) dict_keys(['example_kubernetes_executor']) retrieved from /home/airflow/.local/lib/python3.7/site-packages/airflow/example_dags/example_kubernetes_executor.py
[2023-12-26T13:05:09.452+0000] {logging_mixin.py:117} INFO - [2023-12-26T13:05:09.451+0000] {dag.py:2573} INFO - Sync 1 DAGs
[2023-12-26T13:05:10.742+0000] {logging_mixin.py:117} INFO - [2023-12-26T13:05:10.742+0000] {dag.py:3328} INFO - Setting next_dagrun for example_kubernetes_executor to None, run_after=None
[2023-12-26T13:05:11.800+0000] {processor.py:178} INFO - Processing /home/airflow/.local/lib/python3.7/site-packages/airflow/example_dags/example_kubernetes_executor.py took 7.557 seconds
[2023-12-26T13:07:07.728+0000] {processor.py:156} INFO - Started process (PID=217) to work on /home/airflow/.local/lib/python3.7/site-packages/airflow/example_dags/example_kubernetes_executor.py
[2023-12-26T13:07:07.751+0000] {processor.py:758} INFO - Processing file /home/airflow/.local/lib/python3.7/site-packages/airflow/example_dags/example_kubernetes_executor.py for tasks to queue
[2023-12-26T13:07:07.761+0000] {logging_mixin.py:117} INFO - [2023-12-26T13:07:07.752+0000] {dagbag.py:525} INFO - Filling up the DagBag from /home/airflow/.local/lib/python3.7/site-packages/airflow/example_dags/example_kubernetes_executor.py
[2023-12-26T13:07:08.916+0000] {processor.py:768} INFO - DAG(s) dict_keys(['example_kubernetes_executor']) retrieved from /home/airflow/.local/lib/python3.7/site-packages/airflow/example_dags/example_kubernetes_executor.py
[2023-12-26T13:07:10.481+0000] {logging_mixin.py:117} INFO - [2023-12-26T13:07:10.481+0000] {dag.py:2573} INFO - Sync 1 DAGs
[2023-12-26T13:07:12.330+0000] {logging_mixin.py:117} INFO - [2023-12-26T13:07:12.288+0000] {dag.py:3328} INFO - Setting next_dagrun for example_kubernetes_executor to None, run_after=None
[2023-12-26T13:07:13.298+0000] {processor.py:178} INFO - Processing /home/airflow/.local/lib/python3.7/site-packages/airflow/example_dags/example_kubernetes_executor.py took 5.606 seconds
[2023-12-26T13:08:26.101+0000] {processor.py:156} INFO - Started process (PID=295) to work on /home/airflow/.local/lib/python3.7/site-packages/airflow/example_dags/example_kubernetes_executor.py
[2023-12-26T13:08:26.113+0000] {processor.py:758} INFO - Processing file /home/airflow/.local/lib/python3.7/site-packages/airflow/example_dags/example_kubernetes_executor.py for tasks to queue
[2023-12-26T13:08:26.115+0000] {logging_mixin.py:117} INFO - [2023-12-26T13:08:26.114+0000] {dagbag.py:525} INFO - Filling up the DagBag from /home/airflow/.local/lib/python3.7/site-packages/airflow/example_dags/example_kubernetes_executor.py
[2023-12-26T13:08:26.726+0000] {processor.py:768} INFO - DAG(s) dict_keys(['example_kubernetes_executor']) retrieved from /home/airflow/.local/lib/python3.7/site-packages/airflow/example_dags/example_kubernetes_executor.py
[2023-12-26T13:08:27.730+0000] {logging_mixin.py:117} INFO - [2023-12-26T13:08:27.730+0000] {dag.py:2573} INFO - Sync 1 DAGs
[2023-12-26T13:08:28.816+0000] {logging_mixin.py:117} INFO - [2023-12-26T13:08:28.741+0000] {dag.py:3328} INFO - Setting next_dagrun for example_kubernetes_executor to None, run_after=None
[2023-12-26T13:08:30.478+0000] {processor.py:178} INFO - Processing /home/airflow/.local/lib/python3.7/site-packages/airflow/example_dags/example_kubernetes_executor.py took 4.438 seconds
[2023-12-26T13:09:26.908+0000] {processor.py:156} INFO - Started process (PID=357) to work on /home/airflow/.local/lib/python3.7/site-packages/airflow/example_dags/example_kubernetes_executor.py
[2023-12-26T13:09:26.948+0000] {processor.py:758} INFO - Processing file /home/airflow/.local/lib/python3.7/site-packages/airflow/example_dags/example_kubernetes_executor.py for tasks to queue
[2023-12-26T13:09:26.950+0000] {logging_mixin.py:117} INFO - [2023-12-26T13:09:26.949+0000] {dagbag.py:525} INFO - Filling up the DagBag from /home/airflow/.local/lib/python3.7/site-packages/airflow/example_dags/example_kubernetes_executor.py
[2023-12-26T13:09:27.128+0000] {processor.py:768} INFO - DAG(s) dict_keys(['example_kubernetes_executor']) retrieved from /home/airflow/.local/lib/python3.7/site-packages/airflow/example_dags/example_kubernetes_executor.py
[2023-12-26T13:09:27.736+0000] {logging_mixin.py:117} INFO - [2023-12-26T13:09:27.736+0000] {dag.py:2573} INFO - Sync 1 DAGs
[2023-12-26T13:09:27.866+0000] {logging_mixin.py:117} INFO - [2023-12-26T13:09:27.866+0000] {dag.py:3328} INFO - Setting next_dagrun for example_kubernetes_executor to None, run_after=None
[2023-12-26T13:09:27.940+0000] {processor.py:178} INFO - Processing /home/airflow/.local/lib/python3.7/site-packages/airflow/example_dags/example_kubernetes_executor.py took 1.040 seconds
[2023-12-26T13:10:01.971+0000] {processor.py:156} INFO - Started process (PID=414) to work on /home/airflow/.local/lib/python3.7/site-packages/airflow/example_dags/example_kubernetes_executor.py
[2023-12-26T13:10:01.975+0000] {processor.py:758} INFO - Processing file /home/airflow/.local/lib/python3.7/site-packages/airflow/example_dags/example_kubernetes_executor.py for tasks to queue
[2023-12-26T13:10:01.976+0000] {logging_mixin.py:117} INFO - [2023-12-26T13:10:01.976+0000] {dagbag.py:525} INFO - Filling up the DagBag from /home/airflow/.local/lib/python3.7/site-packages/airflow/example_dags/example_kubernetes_executor.py
[2023-12-26T13:10:02.334+0000] {processor.py:768} INFO - DAG(s) dict_keys(['example_kubernetes_executor']) retrieved from /home/airflow/.local/lib/python3.7/site-packages/airflow/example_dags/example_kubernetes_executor.py
[2023-12-26T13:10:02.609+0000] {logging_mixin.py:117} INFO - [2023-12-26T13:10:02.601+0000] {dag.py:2573} INFO - Sync 1 DAGs
[2023-12-26T13:10:02.802+0000] {logging_mixin.py:117} INFO - [2023-12-26T13:10:02.802+0000] {dag.py:3328} INFO - Setting next_dagrun for example_kubernetes_executor to None, run_after=None
[2023-12-26T13:10:02.934+0000] {processor.py:178} INFO - Processing /home/airflow/.local/lib/python3.7/site-packages/airflow/example_dags/example_kubernetes_executor.py took 0.988 seconds
[2023-12-26T13:10:34.496+0000] {processor.py:156} INFO - Started process (PID=468) to work on /home/airflow/.local/lib/python3.7/site-packages/airflow/example_dags/example_kubernetes_executor.py
[2023-12-26T13:10:34.498+0000] {processor.py:758} INFO - Processing file /home/airflow/.local/lib/python3.7/site-packages/airflow/example_dags/example_kubernetes_executor.py for tasks to queue
[2023-12-26T13:10:34.500+0000] {logging_mixin.py:117} INFO - [2023-12-26T13:10:34.499+0000] {dagbag.py:525} INFO - Filling up the DagBag from /home/airflow/.local/lib/python3.7/site-packages/airflow/example_dags/example_kubernetes_executor.py
[2023-12-26T13:10:34.638+0000] {processor.py:768} INFO - DAG(s) dict_keys(['example_kubernetes_executor']) retrieved from /home/airflow/.local/lib/python3.7/site-packages/airflow/example_dags/example_kubernetes_executor.py
[2023-12-26T13:10:34.742+0000] {logging_mixin.py:117} INFO - [2023-12-26T13:10:34.741+0000] {dag.py:2573} INFO - Sync 1 DAGs
[2023-12-26T13:10:34.809+0000] {logging_mixin.py:117} INFO - [2023-12-26T13:10:34.808+0000] {dag.py:3328} INFO - Setting next_dagrun for example_kubernetes_executor to None, run_after=None
[2023-12-26T13:10:34.914+0000] {processor.py:178} INFO - Processing /home/airflow/.local/lib/python3.7/site-packages/airflow/example_dags/example_kubernetes_executor.py took 0.443 seconds
[2023-12-26T13:11:05.684+0000] {processor.py:156} INFO - Started process (PID=523) to work on /home/airflow/.local/lib/python3.7/site-packages/airflow/example_dags/example_kubernetes_executor.py
[2023-12-26T13:11:05.686+0000] {processor.py:758} INFO - Processing file /home/airflow/.local/lib/python3.7/site-packages/airflow/example_dags/example_kubernetes_executor.py for tasks to queue
[2023-12-26T13:11:05.687+0000] {logging_mixin.py:117} INFO - [2023-12-26T13:11:05.687+0000] {dagbag.py:525} INFO - Filling up the DagBag from /home/airflow/.local/lib/python3.7/site-packages/airflow/example_dags/example_kubernetes_executor.py
[2023-12-26T13:11:05.860+0000] {processor.py:768} INFO - DAG(s) dict_keys(['example_kubernetes_executor']) retrieved from /home/airflow/.local/lib/python3.7/site-packages/airflow/example_dags/example_kubernetes_executor.py
[2023-12-26T13:11:05.960+0000] {logging_mixin.py:117} INFO - [2023-12-26T13:11:05.959+0000] {dag.py:2573} INFO - Sync 1 DAGs
[2023-12-26T13:11:06.099+0000] {logging_mixin.py:117} INFO - [2023-12-26T13:11:06.095+0000] {dag.py:3328} INFO - Setting next_dagrun for example_kubernetes_executor to None, run_after=None
[2023-12-26T13:11:06.403+0000] {processor.py:178} INFO - Processing /home/airflow/.local/lib/python3.7/site-packages/airflow/example_dags/example_kubernetes_executor.py took 0.726 seconds
[2023-12-26T13:11:36.514+0000] {processor.py:156} INFO - Started process (PID=577) to work on /home/airflow/.local/lib/python3.7/site-packages/airflow/example_dags/example_kubernetes_executor.py
[2023-12-26T13:11:36.561+0000] {processor.py:758} INFO - Processing file /home/airflow/.local/lib/python3.7/site-packages/airflow/example_dags/example_kubernetes_executor.py for tasks to queue
[2023-12-26T13:11:36.563+0000] {logging_mixin.py:117} INFO - [2023-12-26T13:11:36.562+0000] {dagbag.py:525} INFO - Filling up the DagBag from /home/airflow/.local/lib/python3.7/site-packages/airflow/example_dags/example_kubernetes_executor.py
[2023-12-26T13:11:36.654+0000] {processor.py:768} INFO - DAG(s) dict_keys(['example_kubernetes_executor']) retrieved from /home/airflow/.local/lib/python3.7/site-packages/airflow/example_dags/example_kubernetes_executor.py
[2023-12-26T13:11:36.777+0000] {logging_mixin.py:117} INFO - [2023-12-26T13:11:36.777+0000] {dag.py:2573} INFO - Sync 1 DAGs
[2023-12-26T13:11:36.865+0000] {logging_mixin.py:117} INFO - [2023-12-26T13:11:36.864+0000] {dag.py:3328} INFO - Setting next_dagrun for example_kubernetes_executor to None, run_after=None
[2023-12-26T13:11:36.980+0000] {processor.py:178} INFO - Processing /home/airflow/.local/lib/python3.7/site-packages/airflow/example_dags/example_kubernetes_executor.py took 0.478 seconds
[2023-12-26T13:12:07.307+0000] {processor.py:156} INFO - Started process (PID=631) to work on /home/airflow/.local/lib/python3.7/site-packages/airflow/example_dags/example_kubernetes_executor.py
[2023-12-26T13:12:07.308+0000] {processor.py:758} INFO - Processing file /home/airflow/.local/lib/python3.7/site-packages/airflow/example_dags/example_kubernetes_executor.py for tasks to queue
[2023-12-26T13:12:07.310+0000] {logging_mixin.py:117} INFO - [2023-12-26T13:12:07.309+0000] {dagbag.py:525} INFO - Filling up the DagBag from /home/airflow/.local/lib/python3.7/site-packages/airflow/example_dags/example_kubernetes_executor.py
[2023-12-26T13:12:07.386+0000] {processor.py:768} INFO - DAG(s) dict_keys(['example_kubernetes_executor']) retrieved from /home/airflow/.local/lib/python3.7/site-packages/airflow/example_dags/example_kubernetes_executor.py
[2023-12-26T13:12:07.510+0000] {logging_mixin.py:117} INFO - [2023-12-26T13:12:07.509+0000] {dag.py:2573} INFO - Sync 1 DAGs
[2023-12-26T13:12:07.585+0000] {logging_mixin.py:117} INFO - [2023-12-26T13:12:07.584+0000] {dag.py:3328} INFO - Setting next_dagrun for example_kubernetes_executor to None, run_after=None
[2023-12-26T13:12:07.679+0000] {processor.py:178} INFO - Processing /home/airflow/.local/lib/python3.7/site-packages/airflow/example_dags/example_kubernetes_executor.py took 0.379 seconds
[2023-12-26T13:12:40.667+0000] {processor.py:156} INFO - Started process (PID=687) to work on /home/airflow/.local/lib/python3.7/site-packages/airflow/example_dags/example_kubernetes_executor.py
[2023-12-26T13:12:40.672+0000] {processor.py:758} INFO - Processing file /home/airflow/.local/lib/python3.7/site-packages/airflow/example_dags/example_kubernetes_executor.py for tasks to queue
[2023-12-26T13:12:40.679+0000] {logging_mixin.py:117} INFO - [2023-12-26T13:12:40.679+0000] {dagbag.py:525} INFO - Filling up the DagBag from /home/airflow/.local/lib/python3.7/site-packages/airflow/example_dags/example_kubernetes_executor.py
[2023-12-26T13:12:40.900+0000] {processor.py:768} INFO - DAG(s) dict_keys(['example_kubernetes_executor']) retrieved from /home/airflow/.local/lib/python3.7/site-packages/airflow/example_dags/example_kubernetes_executor.py
[2023-12-26T13:12:41.409+0000] {logging_mixin.py:117} INFO - [2023-12-26T13:12:41.396+0000] {dag.py:2573} INFO - Sync 1 DAGs
[2023-12-26T13:12:41.819+0000] {logging_mixin.py:117} INFO - [2023-12-26T13:12:41.819+0000] {dag.py:3328} INFO - Setting next_dagrun for example_kubernetes_executor to None, run_after=None
[2023-12-26T13:12:41.979+0000] {processor.py:178} INFO - Processing /home/airflow/.local/lib/python3.7/site-packages/airflow/example_dags/example_kubernetes_executor.py took 1.336 seconds
[2023-12-26T13:14:07.393+0000] {processor.py:156} INFO - Started process (PID=763) to work on /home/airflow/.local/lib/python3.7/site-packages/airflow/example_dags/example_kubernetes_executor.py
[2023-12-26T13:14:07.425+0000] {processor.py:758} INFO - Processing file /home/airflow/.local/lib/python3.7/site-packages/airflow/example_dags/example_kubernetes_executor.py for tasks to queue
[2023-12-26T13:14:07.427+0000] {logging_mixin.py:117} INFO - [2023-12-26T13:14:07.427+0000] {dagbag.py:525} INFO - Filling up the DagBag from /home/airflow/.local/lib/python3.7/site-packages/airflow/example_dags/example_kubernetes_executor.py
[2023-12-26T13:14:08.004+0000] {processor.py:768} INFO - DAG(s) dict_keys(['example_kubernetes_executor']) retrieved from /home/airflow/.local/lib/python3.7/site-packages/airflow/example_dags/example_kubernetes_executor.py
[2023-12-26T13:14:08.613+0000] {logging_mixin.py:117} INFO - [2023-12-26T13:14:08.612+0000] {dag.py:2573} INFO - Sync 1 DAGs
[2023-12-26T13:14:09.261+0000] {logging_mixin.py:117} INFO - [2023-12-26T13:14:09.252+0000] {dag.py:3328} INFO - Setting next_dagrun for example_kubernetes_executor to None, run_after=None
[2023-12-26T13:14:09.566+0000] {processor.py:178} INFO - Processing /home/airflow/.local/lib/python3.7/site-packages/airflow/example_dags/example_kubernetes_executor.py took 2.325 seconds
[2023-12-26T13:14:44.468+0000] {processor.py:156} INFO - Started process (PID=818) to work on /home/airflow/.local/lib/python3.7/site-packages/airflow/example_dags/example_kubernetes_executor.py
[2023-12-26T13:14:44.471+0000] {processor.py:758} INFO - Processing file /home/airflow/.local/lib/python3.7/site-packages/airflow/example_dags/example_kubernetes_executor.py for tasks to queue
[2023-12-26T13:14:44.477+0000] {logging_mixin.py:117} INFO - [2023-12-26T13:14:44.472+0000] {dagbag.py:525} INFO - Filling up the DagBag from /home/airflow/.local/lib/python3.7/site-packages/airflow/example_dags/example_kubernetes_executor.py
[2023-12-26T13:14:44.653+0000] {processor.py:768} INFO - DAG(s) dict_keys(['example_kubernetes_executor']) retrieved from /home/airflow/.local/lib/python3.7/site-packages/airflow/example_dags/example_kubernetes_executor.py
[2023-12-26T13:14:44.891+0000] {logging_mixin.py:117} INFO - [2023-12-26T13:14:44.890+0000] {dag.py:2573} INFO - Sync 1 DAGs
[2023-12-26T13:14:45.210+0000] {logging_mixin.py:117} INFO - [2023-12-26T13:14:45.210+0000] {dag.py:3328} INFO - Setting next_dagrun for example_kubernetes_executor to None, run_after=None
[2023-12-26T13:14:45.402+0000] {processor.py:178} INFO - Processing /home/airflow/.local/lib/python3.7/site-packages/airflow/example_dags/example_kubernetes_executor.py took 0.952 seconds
[2023-12-26T13:15:16.696+0000] {processor.py:156} INFO - Started process (PID=872) to work on /home/airflow/.local/lib/python3.7/site-packages/airflow/example_dags/example_kubernetes_executor.py
[2023-12-26T13:15:16.706+0000] {processor.py:758} INFO - Processing file /home/airflow/.local/lib/python3.7/site-packages/airflow/example_dags/example_kubernetes_executor.py for tasks to queue
[2023-12-26T13:15:16.708+0000] {logging_mixin.py:117} INFO - [2023-12-26T13:15:16.707+0000] {dagbag.py:525} INFO - Filling up the DagBag from /home/airflow/.local/lib/python3.7/site-packages/airflow/example_dags/example_kubernetes_executor.py
[2023-12-26T13:15:17.009+0000] {processor.py:768} INFO - DAG(s) dict_keys(['example_kubernetes_executor']) retrieved from /home/airflow/.local/lib/python3.7/site-packages/airflow/example_dags/example_kubernetes_executor.py
[2023-12-26T13:15:17.216+0000] {logging_mixin.py:117} INFO - [2023-12-26T13:15:17.215+0000] {dag.py:2573} INFO - Sync 1 DAGs
[2023-12-26T13:15:17.340+0000] {logging_mixin.py:117} INFO - [2023-12-26T13:15:17.339+0000] {dag.py:3328} INFO - Setting next_dagrun for example_kubernetes_executor to None, run_after=None
[2023-12-26T13:15:17.445+0000] {processor.py:178} INFO - Processing /home/airflow/.local/lib/python3.7/site-packages/airflow/example_dags/example_kubernetes_executor.py took 0.755 seconds
[2023-12-26T13:20:01.994+0000] {processor.py:156} INFO - Started process (PID=119) to work on /home/airflow/.local/lib/python3.7/site-packages/airflow/example_dags/example_kubernetes_executor.py
[2023-12-26T13:20:02.009+0000] {processor.py:758} INFO - Processing file /home/airflow/.local/lib/python3.7/site-packages/airflow/example_dags/example_kubernetes_executor.py for tasks to queue
[2023-12-26T13:20:02.010+0000] {logging_mixin.py:117} INFO - [2023-12-26T13:20:02.010+0000] {dagbag.py:525} INFO - Filling up the DagBag from /home/airflow/.local/lib/python3.7/site-packages/airflow/example_dags/example_kubernetes_executor.py
[2023-12-26T13:20:04.290+0000] {processor.py:768} INFO - DAG(s) dict_keys(['example_kubernetes_executor']) retrieved from /home/airflow/.local/lib/python3.7/site-packages/airflow/example_dags/example_kubernetes_executor.py
[2023-12-26T13:20:05.282+0000] {logging_mixin.py:117} INFO - [2023-12-26T13:20:05.281+0000] {dag.py:2573} INFO - Sync 1 DAGs
[2023-12-26T13:20:05.974+0000] {logging_mixin.py:117} INFO - [2023-12-26T13:20:05.974+0000] {dag.py:3328} INFO - Setting next_dagrun for example_kubernetes_executor to None, run_after=None
[2023-12-26T13:20:06.410+0000] {processor.py:178} INFO - Processing /home/airflow/.local/lib/python3.7/site-packages/airflow/example_dags/example_kubernetes_executor.py took 4.465 seconds
[2023-12-26T13:20:36.715+0000] {processor.py:156} INFO - Started process (PID=173) to work on /home/airflow/.local/lib/python3.7/site-packages/airflow/example_dags/example_kubernetes_executor.py
[2023-12-26T13:20:36.726+0000] {processor.py:758} INFO - Processing file /home/airflow/.local/lib/python3.7/site-packages/airflow/example_dags/example_kubernetes_executor.py for tasks to queue
[2023-12-26T13:20:36.728+0000] {logging_mixin.py:117} INFO - [2023-12-26T13:20:36.728+0000] {dagbag.py:525} INFO - Filling up the DagBag from /home/airflow/.local/lib/python3.7/site-packages/airflow/example_dags/example_kubernetes_executor.py
[2023-12-26T13:20:37.698+0000] {processor.py:768} INFO - DAG(s) dict_keys(['example_kubernetes_executor']) retrieved from /home/airflow/.local/lib/python3.7/site-packages/airflow/example_dags/example_kubernetes_executor.py
[2023-12-26T13:20:38.125+0000] {logging_mixin.py:117} INFO - [2023-12-26T13:20:38.122+0000] {dag.py:2573} INFO - Sync 1 DAGs
[2023-12-26T13:20:38.333+0000] {logging_mixin.py:117} INFO - [2023-12-26T13:20:38.333+0000] {dag.py:3328} INFO - Setting next_dagrun for example_kubernetes_executor to None, run_after=None
[2023-12-26T13:20:38.467+0000] {processor.py:178} INFO - Processing /home/airflow/.local/lib/python3.7/site-packages/airflow/example_dags/example_kubernetes_executor.py took 1.764 seconds
[2023-12-26T13:21:08.775+0000] {processor.py:156} INFO - Started process (PID=220) to work on /home/airflow/.local/lib/python3.7/site-packages/airflow/example_dags/example_kubernetes_executor.py
[2023-12-26T13:21:08.812+0000] {processor.py:758} INFO - Processing file /home/airflow/.local/lib/python3.7/site-packages/airflow/example_dags/example_kubernetes_executor.py for tasks to queue
[2023-12-26T13:21:08.817+0000] {logging_mixin.py:117} INFO - [2023-12-26T13:21:08.817+0000] {dagbag.py:525} INFO - Filling up the DagBag from /home/airflow/.local/lib/python3.7/site-packages/airflow/example_dags/example_kubernetes_executor.py
[2023-12-26T13:21:08.889+0000] {processor.py:768} INFO - DAG(s) dict_keys(['example_kubernetes_executor']) retrieved from /home/airflow/.local/lib/python3.7/site-packages/airflow/example_dags/example_kubernetes_executor.py
[2023-12-26T13:21:09.029+0000] {logging_mixin.py:117} INFO - [2023-12-26T13:21:09.029+0000] {dag.py:2573} INFO - Sync 1 DAGs
[2023-12-26T13:21:09.104+0000] {logging_mixin.py:117} INFO - [2023-12-26T13:21:09.104+0000] {dag.py:3328} INFO - Setting next_dagrun for example_kubernetes_executor to None, run_after=None
[2023-12-26T13:21:09.186+0000] {processor.py:178} INFO - Processing /home/airflow/.local/lib/python3.7/site-packages/airflow/example_dags/example_kubernetes_executor.py took 0.417 seconds
[2023-12-26T13:21:43.420+0000] {processor.py:156} INFO - Started process (PID=274) to work on /home/airflow/.local/lib/python3.7/site-packages/airflow/example_dags/example_kubernetes_executor.py
[2023-12-26T13:21:43.479+0000] {processor.py:758} INFO - Processing file /home/airflow/.local/lib/python3.7/site-packages/airflow/example_dags/example_kubernetes_executor.py for tasks to queue
[2023-12-26T13:21:43.480+0000] {logging_mixin.py:117} INFO - [2023-12-26T13:21:43.480+0000] {dagbag.py:525} INFO - Filling up the DagBag from /home/airflow/.local/lib/python3.7/site-packages/airflow/example_dags/example_kubernetes_executor.py
[2023-12-26T13:21:43.971+0000] {processor.py:768} INFO - DAG(s) dict_keys(['example_kubernetes_executor']) retrieved from /home/airflow/.local/lib/python3.7/site-packages/airflow/example_dags/example_kubernetes_executor.py
[2023-12-26T13:21:44.587+0000] {logging_mixin.py:117} INFO - [2023-12-26T13:21:44.587+0000] {dag.py:2573} INFO - Sync 1 DAGs
[2023-12-26T13:21:44.735+0000] {logging_mixin.py:117} INFO - [2023-12-26T13:21:44.735+0000] {dag.py:3328} INFO - Setting next_dagrun for example_kubernetes_executor to None, run_after=None
[2023-12-26T13:21:45.129+0000] {processor.py:178} INFO - Processing /home/airflow/.local/lib/python3.7/site-packages/airflow/example_dags/example_kubernetes_executor.py took 1.815 seconds
[2023-12-26T13:22:15.461+0000] {processor.py:156} INFO - Started process (PID=320) to work on /home/airflow/.local/lib/python3.7/site-packages/airflow/example_dags/example_kubernetes_executor.py
[2023-12-26T13:22:15.463+0000] {processor.py:758} INFO - Processing file /home/airflow/.local/lib/python3.7/site-packages/airflow/example_dags/example_kubernetes_executor.py for tasks to queue
[2023-12-26T13:22:15.465+0000] {logging_mixin.py:117} INFO - [2023-12-26T13:22:15.464+0000] {dagbag.py:525} INFO - Filling up the DagBag from /home/airflow/.local/lib/python3.7/site-packages/airflow/example_dags/example_kubernetes_executor.py
[2023-12-26T13:22:15.701+0000] {processor.py:768} INFO - DAG(s) dict_keys(['example_kubernetes_executor']) retrieved from /home/airflow/.local/lib/python3.7/site-packages/airflow/example_dags/example_kubernetes_executor.py
[2023-12-26T13:22:16.170+0000] {logging_mixin.py:117} INFO - [2023-12-26T13:22:16.170+0000] {dag.py:2573} INFO - Sync 1 DAGs
[2023-12-26T13:22:16.606+0000] {logging_mixin.py:117} INFO - [2023-12-26T13:22:16.606+0000] {dag.py:3328} INFO - Setting next_dagrun for example_kubernetes_executor to None, run_after=None
[2023-12-26T13:22:16.898+0000] {processor.py:178} INFO - Processing /home/airflow/.local/lib/python3.7/site-packages/airflow/example_dags/example_kubernetes_executor.py took 1.442 seconds
[2023-12-26T13:22:49.806+0000] {processor.py:156} INFO - Started process (PID=375) to work on /home/airflow/.local/lib/python3.7/site-packages/airflow/example_dags/example_kubernetes_executor.py
[2023-12-26T13:22:49.841+0000] {processor.py:758} INFO - Processing file /home/airflow/.local/lib/python3.7/site-packages/airflow/example_dags/example_kubernetes_executor.py for tasks to queue
[2023-12-26T13:22:49.842+0000] {logging_mixin.py:117} INFO - [2023-12-26T13:22:49.842+0000] {dagbag.py:525} INFO - Filling up the DagBag from /home/airflow/.local/lib/python3.7/site-packages/airflow/example_dags/example_kubernetes_executor.py
[2023-12-26T13:22:50.108+0000] {processor.py:768} INFO - DAG(s) dict_keys(['example_kubernetes_executor']) retrieved from /home/airflow/.local/lib/python3.7/site-packages/airflow/example_dags/example_kubernetes_executor.py
[2023-12-26T13:22:50.412+0000] {logging_mixin.py:117} INFO - [2023-12-26T13:22:50.412+0000] {dag.py:2573} INFO - Sync 1 DAGs
[2023-12-26T13:22:50.645+0000] {logging_mixin.py:117} INFO - [2023-12-26T13:22:50.644+0000] {dag.py:3328} INFO - Setting next_dagrun for example_kubernetes_executor to None, run_after=None
[2023-12-26T13:22:50.719+0000] {processor.py:178} INFO - Processing /home/airflow/.local/lib/python3.7/site-packages/airflow/example_dags/example_kubernetes_executor.py took 0.928 seconds
[2023-12-26T13:23:22.097+0000] {processor.py:156} INFO - Started process (PID=429) to work on /home/airflow/.local/lib/python3.7/site-packages/airflow/example_dags/example_kubernetes_executor.py
[2023-12-26T13:23:22.098+0000] {processor.py:758} INFO - Processing file /home/airflow/.local/lib/python3.7/site-packages/airflow/example_dags/example_kubernetes_executor.py for tasks to queue
[2023-12-26T13:23:22.100+0000] {logging_mixin.py:117} INFO - [2023-12-26T13:23:22.100+0000] {dagbag.py:525} INFO - Filling up the DagBag from /home/airflow/.local/lib/python3.7/site-packages/airflow/example_dags/example_kubernetes_executor.py
[2023-12-26T13:23:22.270+0000] {processor.py:768} INFO - DAG(s) dict_keys(['example_kubernetes_executor']) retrieved from /home/airflow/.local/lib/python3.7/site-packages/airflow/example_dags/example_kubernetes_executor.py
[2023-12-26T13:23:22.454+0000] {logging_mixin.py:117} INFO - [2023-12-26T13:23:22.454+0000] {dag.py:2573} INFO - Sync 1 DAGs
[2023-12-26T13:23:22.566+0000] {logging_mixin.py:117} INFO - [2023-12-26T13:23:22.565+0000] {dag.py:3328} INFO - Setting next_dagrun for example_kubernetes_executor to None, run_after=None
[2023-12-26T13:23:22.619+0000] {processor.py:178} INFO - Processing /home/airflow/.local/lib/python3.7/site-packages/airflow/example_dags/example_kubernetes_executor.py took 0.534 seconds
[2023-12-26T13:40:58.277+0000] {processor.py:156} INFO - Started process (PID=121) to work on /home/airflow/.local/lib/python3.7/site-packages/airflow/example_dags/example_kubernetes_executor.py
[2023-12-26T13:40:58.305+0000] {processor.py:758} INFO - Processing file /home/airflow/.local/lib/python3.7/site-packages/airflow/example_dags/example_kubernetes_executor.py for tasks to queue
[2023-12-26T13:40:58.306+0000] {logging_mixin.py:117} INFO - [2023-12-26T13:40:58.306+0000] {dagbag.py:525} INFO - Filling up the DagBag from /home/airflow/.local/lib/python3.7/site-packages/airflow/example_dags/example_kubernetes_executor.py
[2023-12-26T13:40:58.721+0000] {processor.py:768} INFO - DAG(s) dict_keys(['example_kubernetes_executor']) retrieved from /home/airflow/.local/lib/python3.7/site-packages/airflow/example_dags/example_kubernetes_executor.py
[2023-12-26T13:40:59.264+0000] {logging_mixin.py:117} INFO - [2023-12-26T13:40:59.264+0000] {dag.py:2573} INFO - Sync 1 DAGs
[2023-12-26T13:40:59.718+0000] {logging_mixin.py:117} INFO - [2023-12-26T13:40:59.718+0000] {dag.py:3328} INFO - Setting next_dagrun for example_kubernetes_executor to None, run_after=None
[2023-12-26T13:41:00.112+0000] {processor.py:178} INFO - Processing /home/airflow/.local/lib/python3.7/site-packages/airflow/example_dags/example_kubernetes_executor.py took 1.842 seconds
[2023-12-26T13:41:34.078+0000] {processor.py:156} INFO - Started process (PID=177) to work on /home/airflow/.local/lib/python3.7/site-packages/airflow/example_dags/example_kubernetes_executor.py
[2023-12-26T13:41:34.081+0000] {processor.py:758} INFO - Processing file /home/airflow/.local/lib/python3.7/site-packages/airflow/example_dags/example_kubernetes_executor.py for tasks to queue
[2023-12-26T13:41:34.083+0000] {logging_mixin.py:117} INFO - [2023-12-26T13:41:34.083+0000] {dagbag.py:525} INFO - Filling up the DagBag from /home/airflow/.local/lib/python3.7/site-packages/airflow/example_dags/example_kubernetes_executor.py
[2023-12-26T13:41:34.264+0000] {processor.py:768} INFO - DAG(s) dict_keys(['example_kubernetes_executor']) retrieved from /home/airflow/.local/lib/python3.7/site-packages/airflow/example_dags/example_kubernetes_executor.py
[2023-12-26T13:41:34.512+0000] {logging_mixin.py:117} INFO - [2023-12-26T13:41:34.512+0000] {dag.py:2573} INFO - Sync 1 DAGs
[2023-12-26T13:41:34.857+0000] {logging_mixin.py:117} INFO - [2023-12-26T13:41:34.857+0000] {dag.py:3328} INFO - Setting next_dagrun for example_kubernetes_executor to None, run_after=None
[2023-12-26T13:41:34.998+0000] {processor.py:178} INFO - Processing /home/airflow/.local/lib/python3.7/site-packages/airflow/example_dags/example_kubernetes_executor.py took 0.931 seconds
[2023-12-26T13:42:05.435+0000] {processor.py:156} INFO - Started process (PID=233) to work on /home/airflow/.local/lib/python3.7/site-packages/airflow/example_dags/example_kubernetes_executor.py
[2023-12-26T13:42:05.461+0000] {processor.py:758} INFO - Processing file /home/airflow/.local/lib/python3.7/site-packages/airflow/example_dags/example_kubernetes_executor.py for tasks to queue
[2023-12-26T13:42:05.462+0000] {logging_mixin.py:117} INFO - [2023-12-26T13:42:05.462+0000] {dagbag.py:525} INFO - Filling up the DagBag from /home/airflow/.local/lib/python3.7/site-packages/airflow/example_dags/example_kubernetes_executor.py
[2023-12-26T13:42:05.538+0000] {processor.py:768} INFO - DAG(s) dict_keys(['example_kubernetes_executor']) retrieved from /home/airflow/.local/lib/python3.7/site-packages/airflow/example_dags/example_kubernetes_executor.py
[2023-12-26T13:42:05.678+0000] {logging_mixin.py:117} INFO - [2023-12-26T13:42:05.678+0000] {dag.py:2573} INFO - Sync 1 DAGs
[2023-12-26T13:42:05.761+0000] {logging_mixin.py:117} INFO - [2023-12-26T13:42:05.761+0000] {dag.py:3328} INFO - Setting next_dagrun for example_kubernetes_executor to None, run_after=None
[2023-12-26T13:42:05.813+0000] {processor.py:178} INFO - Processing /home/airflow/.local/lib/python3.7/site-packages/airflow/example_dags/example_kubernetes_executor.py took 0.385 seconds
[2023-12-26T13:42:36.844+0000] {processor.py:156} INFO - Started process (PID=289) to work on /home/airflow/.local/lib/python3.7/site-packages/airflow/example_dags/example_kubernetes_executor.py
[2023-12-26T13:42:36.848+0000] {processor.py:758} INFO - Processing file /home/airflow/.local/lib/python3.7/site-packages/airflow/example_dags/example_kubernetes_executor.py for tasks to queue
[2023-12-26T13:42:36.850+0000] {logging_mixin.py:117} INFO - [2023-12-26T13:42:36.849+0000] {dagbag.py:525} INFO - Filling up the DagBag from /home/airflow/.local/lib/python3.7/site-packages/airflow/example_dags/example_kubernetes_executor.py
[2023-12-26T13:42:36.939+0000] {processor.py:768} INFO - DAG(s) dict_keys(['example_kubernetes_executor']) retrieved from /home/airflow/.local/lib/python3.7/site-packages/airflow/example_dags/example_kubernetes_executor.py
[2023-12-26T13:42:37.095+0000] {logging_mixin.py:117} INFO - [2023-12-26T13:42:37.095+0000] {dag.py:2573} INFO - Sync 1 DAGs
[2023-12-26T13:42:37.162+0000] {logging_mixin.py:117} INFO - [2023-12-26T13:42:37.162+0000] {dag.py:3328} INFO - Setting next_dagrun for example_kubernetes_executor to None, run_after=None
[2023-12-26T13:42:37.213+0000] {processor.py:178} INFO - Processing /home/airflow/.local/lib/python3.7/site-packages/airflow/example_dags/example_kubernetes_executor.py took 0.384 seconds
[2023-12-26T13:43:07.353+0000] {processor.py:156} INFO - Started process (PID=347) to work on /home/airflow/.local/lib/python3.7/site-packages/airflow/example_dags/example_kubernetes_executor.py
[2023-12-26T13:43:07.373+0000] {processor.py:758} INFO - Processing file /home/airflow/.local/lib/python3.7/site-packages/airflow/example_dags/example_kubernetes_executor.py for tasks to queue
[2023-12-26T13:43:07.375+0000] {logging_mixin.py:117} INFO - [2023-12-26T13:43:07.374+0000] {dagbag.py:525} INFO - Filling up the DagBag from /home/airflow/.local/lib/python3.7/site-packages/airflow/example_dags/example_kubernetes_executor.py
[2023-12-26T13:43:07.448+0000] {processor.py:768} INFO - DAG(s) dict_keys(['example_kubernetes_executor']) retrieved from /home/airflow/.local/lib/python3.7/site-packages/airflow/example_dags/example_kubernetes_executor.py
[2023-12-26T13:43:07.581+0000] {logging_mixin.py:117} INFO - [2023-12-26T13:43:07.580+0000] {dag.py:2573} INFO - Sync 1 DAGs
[2023-12-26T13:43:07.652+0000] {logging_mixin.py:117} INFO - [2023-12-26T13:43:07.652+0000] {dag.py:3328} INFO - Setting next_dagrun for example_kubernetes_executor to None, run_after=None
[2023-12-26T13:43:07.758+0000] {processor.py:178} INFO - Processing /home/airflow/.local/lib/python3.7/site-packages/airflow/example_dags/example_kubernetes_executor.py took 0.410 seconds
[2023-12-26T13:43:40.749+0000] {processor.py:156} INFO - Started process (PID=403) to work on /home/airflow/.local/lib/python3.7/site-packages/airflow/example_dags/example_kubernetes_executor.py
[2023-12-26T13:43:40.788+0000] {processor.py:758} INFO - Processing file /home/airflow/.local/lib/python3.7/site-packages/airflow/example_dags/example_kubernetes_executor.py for tasks to queue
[2023-12-26T13:43:40.790+0000] {logging_mixin.py:117} INFO - [2023-12-26T13:43:40.790+0000] {dagbag.py:525} INFO - Filling up the DagBag from /home/airflow/.local/lib/python3.7/site-packages/airflow/example_dags/example_kubernetes_executor.py
[2023-12-26T13:43:40.867+0000] {processor.py:768} INFO - DAG(s) dict_keys(['example_kubernetes_executor']) retrieved from /home/airflow/.local/lib/python3.7/site-packages/airflow/example_dags/example_kubernetes_executor.py
[2023-12-26T13:43:41.008+0000] {logging_mixin.py:117} INFO - [2023-12-26T13:43:41.008+0000] {dag.py:2573} INFO - Sync 1 DAGs
[2023-12-26T13:43:41.080+0000] {logging_mixin.py:117} INFO - [2023-12-26T13:43:41.080+0000] {dag.py:3328} INFO - Setting next_dagrun for example_kubernetes_executor to None, run_after=None
[2023-12-26T13:43:41.184+0000] {processor.py:178} INFO - Processing /home/airflow/.local/lib/python3.7/site-packages/airflow/example_dags/example_kubernetes_executor.py took 0.445 seconds
[2023-12-26T13:44:37.297+0000] {processor.py:156} INFO - Started process (PID=468) to work on /home/airflow/.local/lib/python3.7/site-packages/airflow/example_dags/example_kubernetes_executor.py
[2023-12-26T13:44:37.300+0000] {processor.py:758} INFO - Processing file /home/airflow/.local/lib/python3.7/site-packages/airflow/example_dags/example_kubernetes_executor.py for tasks to queue
[2023-12-26T13:44:37.306+0000] {logging_mixin.py:117} INFO - [2023-12-26T13:44:37.305+0000] {dagbag.py:525} INFO - Filling up the DagBag from /home/airflow/.local/lib/python3.7/site-packages/airflow/example_dags/example_kubernetes_executor.py
[2023-12-26T13:44:37.532+0000] {processor.py:768} INFO - DAG(s) dict_keys(['example_kubernetes_executor']) retrieved from /home/airflow/.local/lib/python3.7/site-packages/airflow/example_dags/example_kubernetes_executor.py
[2023-12-26T13:44:37.793+0000] {logging_mixin.py:117} INFO - [2023-12-26T13:44:37.793+0000] {dag.py:2573} INFO - Sync 1 DAGs
[2023-12-26T13:44:38.024+0000] {logging_mixin.py:117} INFO - [2023-12-26T13:44:38.024+0000] {dag.py:3328} INFO - Setting next_dagrun for example_kubernetes_executor to None, run_after=None
[2023-12-26T13:44:38.128+0000] {processor.py:178} INFO - Processing /home/airflow/.local/lib/python3.7/site-packages/airflow/example_dags/example_kubernetes_executor.py took 0.848 seconds
[2023-12-26T13:45:26.504+0000] {processor.py:156} INFO - Started process (PID=531) to work on /home/airflow/.local/lib/python3.7/site-packages/airflow/example_dags/example_kubernetes_executor.py
[2023-12-26T13:45:26.565+0000] {processor.py:758} INFO - Processing file /home/airflow/.local/lib/python3.7/site-packages/airflow/example_dags/example_kubernetes_executor.py for tasks to queue
[2023-12-26T13:45:26.567+0000] {logging_mixin.py:117} INFO - [2023-12-26T13:45:26.567+0000] {dagbag.py:525} INFO - Filling up the DagBag from /home/airflow/.local/lib/python3.7/site-packages/airflow/example_dags/example_kubernetes_executor.py
[2023-12-26T13:45:27.648+0000] {processor.py:768} INFO - DAG(s) dict_keys(['example_kubernetes_executor']) retrieved from /home/airflow/.local/lib/python3.7/site-packages/airflow/example_dags/example_kubernetes_executor.py
[2023-12-26T13:45:28.300+0000] {logging_mixin.py:117} INFO - [2023-12-26T13:45:28.300+0000] {dag.py:2573} INFO - Sync 1 DAGs
[2023-12-26T13:45:28.689+0000] {logging_mixin.py:117} INFO - [2023-12-26T13:45:28.684+0000] {dag.py:3328} INFO - Setting next_dagrun for example_kubernetes_executor to None, run_after=None
[2023-12-26T13:45:29.114+0000] {processor.py:178} INFO - Processing /home/airflow/.local/lib/python3.7/site-packages/airflow/example_dags/example_kubernetes_executor.py took 2.640 seconds
[2023-12-26T13:47:08.198+0000] {processor.py:156} INFO - Started process (PID=613) to work on /home/airflow/.local/lib/python3.7/site-packages/airflow/example_dags/example_kubernetes_executor.py
[2023-12-26T13:47:08.331+0000] {processor.py:758} INFO - Processing file /home/airflow/.local/lib/python3.7/site-packages/airflow/example_dags/example_kubernetes_executor.py for tasks to queue
[2023-12-26T13:47:08.332+0000] {logging_mixin.py:117} INFO - [2023-12-26T13:47:08.332+0000] {dagbag.py:525} INFO - Filling up the DagBag from /home/airflow/.local/lib/python3.7/site-packages/airflow/example_dags/example_kubernetes_executor.py
[2023-12-26T13:47:13.313+0000] {processor.py:768} INFO - DAG(s) dict_keys(['example_kubernetes_executor']) retrieved from /home/airflow/.local/lib/python3.7/site-packages/airflow/example_dags/example_kubernetes_executor.py
[2023-12-26T13:47:28.585+0000] {logging_mixin.py:117} INFO - [2023-12-26T13:47:28.547+0000] {dag.py:2573} INFO - Sync 1 DAGs
[2023-12-26T15:41:22.552+0000] {processor.py:156} INFO - Started process (PID=131) to work on /home/airflow/.local/lib/python3.7/site-packages/airflow/example_dags/example_kubernetes_executor.py
[2023-12-26T15:41:22.563+0000] {processor.py:758} INFO - Processing file /home/airflow/.local/lib/python3.7/site-packages/airflow/example_dags/example_kubernetes_executor.py for tasks to queue
[2023-12-26T15:41:22.567+0000] {logging_mixin.py:117} INFO - [2023-12-26T15:41:22.566+0000] {dagbag.py:525} INFO - Filling up the DagBag from /home/airflow/.local/lib/python3.7/site-packages/airflow/example_dags/example_kubernetes_executor.py
[2023-12-26T15:41:26.147+0000] {processor.py:768} INFO - DAG(s) dict_keys(['example_kubernetes_executor']) retrieved from /home/airflow/.local/lib/python3.7/site-packages/airflow/example_dags/example_kubernetes_executor.py
[2023-12-26T15:41:31.115+0000] {logging_mixin.py:117} INFO - [2023-12-26T15:41:31.115+0000] {dag.py:2573} INFO - Sync 1 DAGs
[2023-12-26T15:41:33.206+0000] {logging_mixin.py:117} INFO - [2023-12-26T15:41:33.205+0000] {dag.py:3328} INFO - Setting next_dagrun for example_kubernetes_executor to None, run_after=None
[2023-12-26T15:41:34.342+0000] {processor.py:178} INFO - Processing /home/airflow/.local/lib/python3.7/site-packages/airflow/example_dags/example_kubernetes_executor.py took 11.802 seconds
[2023-12-26T15:44:08.180+0000] {processor.py:156} INFO - Started process (PID=212) to work on /home/airflow/.local/lib/python3.7/site-packages/airflow/example_dags/example_kubernetes_executor.py
[2023-12-26T15:44:08.220+0000] {processor.py:758} INFO - Processing file /home/airflow/.local/lib/python3.7/site-packages/airflow/example_dags/example_kubernetes_executor.py for tasks to queue
[2023-12-26T15:44:08.222+0000] {logging_mixin.py:117} INFO - [2023-12-26T15:44:08.222+0000] {dagbag.py:525} INFO - Filling up the DagBag from /home/airflow/.local/lib/python3.7/site-packages/airflow/example_dags/example_kubernetes_executor.py
[2023-12-26T15:44:10.975+0000] {processor.py:768} INFO - DAG(s) dict_keys(['example_kubernetes_executor']) retrieved from /home/airflow/.local/lib/python3.7/site-packages/airflow/example_dags/example_kubernetes_executor.py
[2023-12-26T15:44:13.285+0000] {logging_mixin.py:117} INFO - [2023-12-26T15:44:13.284+0000] {dag.py:2573} INFO - Sync 1 DAGs
[2023-12-26T15:44:13.952+0000] {logging_mixin.py:117} INFO - [2023-12-26T15:44:13.952+0000] {dag.py:3328} INFO - Setting next_dagrun for example_kubernetes_executor to None, run_after=None
[2023-12-26T15:44:15.737+0000] {processor.py:178} INFO - Processing /home/airflow/.local/lib/python3.7/site-packages/airflow/example_dags/example_kubernetes_executor.py took 7.725 seconds
