[2023-12-26T13:05:03.765+0000] {processor.py:156} INFO - Started process (PID=128) to work on /home/airflow/.local/lib/python3.7/site-packages/airflow/example_dags/example_sla_dag.py
[2023-12-26T13:05:03.767+0000] {processor.py:758} INFO - Processing file /home/airflow/.local/lib/python3.7/site-packages/airflow/example_dags/example_sla_dag.py for tasks to queue
[2023-12-26T13:05:03.768+0000] {logging_mixin.py:117} INFO - [2023-12-26T13:05:03.768+0000] {dagbag.py:525} INFO - Filling up the DagBag from /home/airflow/.local/lib/python3.7/site-packages/airflow/example_dags/example_sla_dag.py
[2023-12-26T13:05:04.505+0000] {processor.py:768} INFO - DAG(s) dict_keys(['example_sla_dag']) retrieved from /home/airflow/.local/lib/python3.7/site-packages/airflow/example_dags/example_sla_dag.py
[2023-12-26T13:05:05.929+0000] {logging_mixin.py:117} INFO - [2023-12-26T13:05:05.929+0000] {dag.py:2573} INFO - Sync 1 DAGs
[2023-12-26T13:05:07.701+0000] {logging_mixin.py:117} INFO - [2023-12-26T13:05:07.700+0000] {dag.py:3328} INFO - Setting next_dagrun for example_sla_dag to 2023-12-26T13:02:00+00:00, run_after=2023-12-26T13:04:00+00:00
[2023-12-26T13:05:08.677+0000] {processor.py:178} INFO - Processing /home/airflow/.local/lib/python3.7/site-packages/airflow/example_dags/example_sla_dag.py took 4.970 seconds
[2023-12-26T13:07:07.434+0000] {processor.py:156} INFO - Started process (PID=216) to work on /home/airflow/.local/lib/python3.7/site-packages/airflow/example_dags/example_sla_dag.py
[2023-12-26T13:07:07.461+0000] {processor.py:758} INFO - Processing file /home/airflow/.local/lib/python3.7/site-packages/airflow/example_dags/example_sla_dag.py for tasks to queue
[2023-12-26T13:07:07.462+0000] {logging_mixin.py:117} INFO - [2023-12-26T13:07:07.462+0000] {dagbag.py:525} INFO - Filling up the DagBag from /home/airflow/.local/lib/python3.7/site-packages/airflow/example_dags/example_sla_dag.py
[2023-12-26T13:07:08.218+0000] {processor.py:768} INFO - DAG(s) dict_keys(['example_sla_dag']) retrieved from /home/airflow/.local/lib/python3.7/site-packages/airflow/example_dags/example_sla_dag.py
[2023-12-26T13:07:09.652+0000] {logging_mixin.py:117} INFO - [2023-12-26T13:07:09.652+0000] {dag.py:2573} INFO - Sync 1 DAGs
[2023-12-26T13:07:11.443+0000] {logging_mixin.py:117} INFO - [2023-12-26T13:07:11.443+0000] {dag.py:3328} INFO - Setting next_dagrun for example_sla_dag to 2023-12-26T13:04:00+00:00, run_after=2023-12-26T13:06:00+00:00
[2023-12-26T13:07:12.620+0000] {processor.py:178} INFO - Processing /home/airflow/.local/lib/python3.7/site-packages/airflow/example_dags/example_sla_dag.py took 5.247 seconds
[2023-12-26T13:08:25.878+0000] {processor.py:156} INFO - Started process (PID=294) to work on /home/airflow/.local/lib/python3.7/site-packages/airflow/example_dags/example_sla_dag.py
[2023-12-26T13:08:25.898+0000] {processor.py:758} INFO - Processing file /home/airflow/.local/lib/python3.7/site-packages/airflow/example_dags/example_sla_dag.py for tasks to queue
[2023-12-26T13:08:25.900+0000] {logging_mixin.py:117} INFO - [2023-12-26T13:08:25.899+0000] {dagbag.py:525} INFO - Filling up the DagBag from /home/airflow/.local/lib/python3.7/site-packages/airflow/example_dags/example_sla_dag.py
[2023-12-26T13:08:26.412+0000] {processor.py:768} INFO - DAG(s) dict_keys(['example_sla_dag']) retrieved from /home/airflow/.local/lib/python3.7/site-packages/airflow/example_dags/example_sla_dag.py
[2023-12-26T13:08:27.079+0000] {logging_mixin.py:117} INFO - [2023-12-26T13:08:27.070+0000] {dag.py:2573} INFO - Sync 1 DAGs
[2023-12-26T13:08:28.292+0000] {logging_mixin.py:117} INFO - [2023-12-26T13:08:28.291+0000] {dag.py:3328} INFO - Setting next_dagrun for example_sla_dag to 2023-12-26T13:06:00+00:00, run_after=2023-12-26T13:08:00+00:00
[2023-12-26T13:08:29.893+0000] {processor.py:178} INFO - Processing /home/airflow/.local/lib/python3.7/site-packages/airflow/example_dags/example_sla_dag.py took 4.046 seconds
[2023-12-26T13:09:26.326+0000] {processor.py:156} INFO - Started process (PID=356) to work on /home/airflow/.local/lib/python3.7/site-packages/airflow/example_dags/example_sla_dag.py
[2023-12-26T13:09:26.329+0000] {processor.py:758} INFO - Processing file /home/airflow/.local/lib/python3.7/site-packages/airflow/example_dags/example_sla_dag.py for tasks to queue
[2023-12-26T13:09:26.331+0000] {logging_mixin.py:117} INFO - [2023-12-26T13:09:26.330+0000] {dagbag.py:525} INFO - Filling up the DagBag from /home/airflow/.local/lib/python3.7/site-packages/airflow/example_dags/example_sla_dag.py
[2023-12-26T13:09:26.566+0000] {processor.py:768} INFO - DAG(s) dict_keys(['example_sla_dag']) retrieved from /home/airflow/.local/lib/python3.7/site-packages/airflow/example_dags/example_sla_dag.py
[2023-12-26T13:09:26.866+0000] {logging_mixin.py:117} INFO - [2023-12-26T13:09:26.860+0000] {dag.py:2573} INFO - Sync 1 DAGs
[2023-12-26T13:09:27.049+0000] {logging_mixin.py:117} INFO - [2023-12-26T13:09:27.049+0000] {dag.py:3328} INFO - Setting next_dagrun for example_sla_dag to 2023-12-26T13:06:00+00:00, run_after=2023-12-26T13:08:00+00:00
[2023-12-26T13:09:27.151+0000] {processor.py:178} INFO - Processing /home/airflow/.local/lib/python3.7/site-packages/airflow/example_dags/example_sla_dag.py took 0.848 seconds
[2023-12-26T13:10:00.974+0000] {processor.py:156} INFO - Started process (PID=412) to work on /home/airflow/.local/lib/python3.7/site-packages/airflow/example_dags/example_sla_dag.py
[2023-12-26T13:10:00.976+0000] {processor.py:758} INFO - Processing file /home/airflow/.local/lib/python3.7/site-packages/airflow/example_dags/example_sla_dag.py for tasks to queue
[2023-12-26T13:10:00.977+0000] {logging_mixin.py:117} INFO - [2023-12-26T13:10:00.977+0000] {dagbag.py:525} INFO - Filling up the DagBag from /home/airflow/.local/lib/python3.7/site-packages/airflow/example_dags/example_sla_dag.py
[2023-12-26T13:10:01.088+0000] {processor.py:768} INFO - DAG(s) dict_keys(['example_sla_dag']) retrieved from /home/airflow/.local/lib/python3.7/site-packages/airflow/example_dags/example_sla_dag.py
[2023-12-26T13:10:01.415+0000] {logging_mixin.py:117} INFO - [2023-12-26T13:10:01.413+0000] {dag.py:2573} INFO - Sync 1 DAGs
[2023-12-26T13:10:01.622+0000] {logging_mixin.py:117} INFO - [2023-12-26T13:10:01.622+0000] {dag.py:3328} INFO - Setting next_dagrun for example_sla_dag to 2023-12-26T13:08:00+00:00, run_after=2023-12-26T13:10:00+00:00
[2023-12-26T13:10:01.850+0000] {processor.py:178} INFO - Processing /home/airflow/.local/lib/python3.7/site-packages/airflow/example_dags/example_sla_dag.py took 0.904 seconds
[2023-12-26T13:10:34.095+0000] {processor.py:156} INFO - Started process (PID=467) to work on /home/airflow/.local/lib/python3.7/site-packages/airflow/example_dags/example_sla_dag.py
[2023-12-26T13:10:34.148+0000] {processor.py:758} INFO - Processing file /home/airflow/.local/lib/python3.7/site-packages/airflow/example_dags/example_sla_dag.py for tasks to queue
[2023-12-26T13:10:34.155+0000] {logging_mixin.py:117} INFO - [2023-12-26T13:10:34.153+0000] {dagbag.py:525} INFO - Filling up the DagBag from /home/airflow/.local/lib/python3.7/site-packages/airflow/example_dags/example_sla_dag.py
[2023-12-26T13:10:34.236+0000] {processor.py:768} INFO - DAG(s) dict_keys(['example_sla_dag']) retrieved from /home/airflow/.local/lib/python3.7/site-packages/airflow/example_dags/example_sla_dag.py
[2023-12-26T13:10:34.333+0000] {logging_mixin.py:117} INFO - [2023-12-26T13:10:34.333+0000] {dag.py:2573} INFO - Sync 1 DAGs
[2023-12-26T13:10:34.413+0000] {logging_mixin.py:117} INFO - [2023-12-26T13:10:34.413+0000] {dag.py:3328} INFO - Setting next_dagrun for example_sla_dag to 2023-12-26T13:08:00+00:00, run_after=2023-12-26T13:10:00+00:00
[2023-12-26T13:10:34.482+0000] {processor.py:178} INFO - Processing /home/airflow/.local/lib/python3.7/site-packages/airflow/example_dags/example_sla_dag.py took 0.412 seconds
[2023-12-26T13:11:05.150+0000] {processor.py:156} INFO - Started process (PID=522) to work on /home/airflow/.local/lib/python3.7/site-packages/airflow/example_dags/example_sla_dag.py
[2023-12-26T13:11:05.151+0000] {processor.py:758} INFO - Processing file /home/airflow/.local/lib/python3.7/site-packages/airflow/example_dags/example_sla_dag.py for tasks to queue
[2023-12-26T13:11:05.160+0000] {logging_mixin.py:117} INFO - [2023-12-26T13:11:05.152+0000] {dagbag.py:525} INFO - Filling up the DagBag from /home/airflow/.local/lib/python3.7/site-packages/airflow/example_dags/example_sla_dag.py
[2023-12-26T13:11:05.299+0000] {processor.py:768} INFO - DAG(s) dict_keys(['example_sla_dag']) retrieved from /home/airflow/.local/lib/python3.7/site-packages/airflow/example_dags/example_sla_dag.py
[2023-12-26T13:11:05.492+0000] {logging_mixin.py:117} INFO - [2023-12-26T13:11:05.491+0000] {dag.py:2573} INFO - Sync 1 DAGs
[2023-12-26T13:11:05.613+0000] {logging_mixin.py:117} INFO - [2023-12-26T13:11:05.613+0000] {dag.py:3328} INFO - Setting next_dagrun for example_sla_dag to 2023-12-26T13:08:00+00:00, run_after=2023-12-26T13:10:00+00:00
[2023-12-26T13:11:05.740+0000] {processor.py:178} INFO - Processing /home/airflow/.local/lib/python3.7/site-packages/airflow/example_dags/example_sla_dag.py took 0.601 seconds
[2023-12-26T13:11:35.946+0000] {processor.py:156} INFO - Started process (PID=576) to work on /home/airflow/.local/lib/python3.7/site-packages/airflow/example_dags/example_sla_dag.py
[2023-12-26T13:11:35.957+0000] {processor.py:758} INFO - Processing file /home/airflow/.local/lib/python3.7/site-packages/airflow/example_dags/example_sla_dag.py for tasks to queue
[2023-12-26T13:11:35.959+0000] {logging_mixin.py:117} INFO - [2023-12-26T13:11:35.958+0000] {dagbag.py:525} INFO - Filling up the DagBag from /home/airflow/.local/lib/python3.7/site-packages/airflow/example_dags/example_sla_dag.py
[2023-12-26T13:11:36.067+0000] {processor.py:768} INFO - DAG(s) dict_keys(['example_sla_dag']) retrieved from /home/airflow/.local/lib/python3.7/site-packages/airflow/example_dags/example_sla_dag.py
[2023-12-26T13:11:36.261+0000] {logging_mixin.py:117} INFO - [2023-12-26T13:11:36.261+0000] {dag.py:2573} INFO - Sync 1 DAGs
[2023-12-26T13:11:36.377+0000] {logging_mixin.py:117} INFO - [2023-12-26T13:11:36.377+0000] {dag.py:3328} INFO - Setting next_dagrun for example_sla_dag to 2023-12-26T13:08:00+00:00, run_after=2023-12-26T13:10:00+00:00
[2023-12-26T13:11:36.494+0000] {processor.py:178} INFO - Processing /home/airflow/.local/lib/python3.7/site-packages/airflow/example_dags/example_sla_dag.py took 0.554 seconds
[2023-12-26T13:12:06.872+0000] {processor.py:156} INFO - Started process (PID=630) to work on /home/airflow/.local/lib/python3.7/site-packages/airflow/example_dags/example_sla_dag.py
[2023-12-26T13:12:06.873+0000] {processor.py:758} INFO - Processing file /home/airflow/.local/lib/python3.7/site-packages/airflow/example_dags/example_sla_dag.py for tasks to queue
[2023-12-26T13:12:06.875+0000] {logging_mixin.py:117} INFO - [2023-12-26T13:12:06.874+0000] {dagbag.py:525} INFO - Filling up the DagBag from /home/airflow/.local/lib/python3.7/site-packages/airflow/example_dags/example_sla_dag.py
[2023-12-26T13:12:07.015+0000] {processor.py:768} INFO - DAG(s) dict_keys(['example_sla_dag']) retrieved from /home/airflow/.local/lib/python3.7/site-packages/airflow/example_dags/example_sla_dag.py
[2023-12-26T13:12:07.185+0000] {logging_mixin.py:117} INFO - [2023-12-26T13:12:07.185+0000] {dag.py:2573} INFO - Sync 1 DAGs
[2023-12-26T13:12:07.320+0000] {logging_mixin.py:117} INFO - [2023-12-26T13:12:07.319+0000] {dag.py:3328} INFO - Setting next_dagrun for example_sla_dag to 2023-12-26T13:10:00+00:00, run_after=2023-12-26T13:12:00+00:00
[2023-12-26T13:12:07.415+0000] {processor.py:178} INFO - Processing /home/airflow/.local/lib/python3.7/site-packages/airflow/example_dags/example_sla_dag.py took 0.557 seconds
[2023-12-26T13:12:39.561+0000] {processor.py:156} INFO - Started process (PID=686) to work on /home/airflow/.local/lib/python3.7/site-packages/airflow/example_dags/example_sla_dag.py
[2023-12-26T13:12:39.569+0000] {processor.py:758} INFO - Processing file /home/airflow/.local/lib/python3.7/site-packages/airflow/example_dags/example_sla_dag.py for tasks to queue
[2023-12-26T13:12:39.571+0000] {logging_mixin.py:117} INFO - [2023-12-26T13:12:39.570+0000] {dagbag.py:525} INFO - Filling up the DagBag from /home/airflow/.local/lib/python3.7/site-packages/airflow/example_dags/example_sla_dag.py
[2023-12-26T13:12:39.801+0000] {processor.py:768} INFO - DAG(s) dict_keys(['example_sla_dag']) retrieved from /home/airflow/.local/lib/python3.7/site-packages/airflow/example_dags/example_sla_dag.py
[2023-12-26T13:12:40.348+0000] {logging_mixin.py:117} INFO - [2023-12-26T13:12:40.346+0000] {dag.py:2573} INFO - Sync 1 DAGs
[2023-12-26T13:12:40.561+0000] {logging_mixin.py:117} INFO - [2023-12-26T13:12:40.556+0000] {dag.py:3328} INFO - Setting next_dagrun for example_sla_dag to 2023-12-26T13:10:00+00:00, run_after=2023-12-26T13:12:00+00:00
[2023-12-26T13:12:40.701+0000] {processor.py:178} INFO - Processing /home/airflow/.local/lib/python3.7/site-packages/airflow/example_dags/example_sla_dag.py took 1.170 seconds
[2023-12-26T13:14:05.701+0000] {processor.py:156} INFO - Started process (PID=762) to work on /home/airflow/.local/lib/python3.7/site-packages/airflow/example_dags/example_sla_dag.py
[2023-12-26T13:14:05.713+0000] {processor.py:758} INFO - Processing file /home/airflow/.local/lib/python3.7/site-packages/airflow/example_dags/example_sla_dag.py for tasks to queue
[2023-12-26T13:14:05.715+0000] {logging_mixin.py:117} INFO - [2023-12-26T13:14:05.715+0000] {dagbag.py:525} INFO - Filling up the DagBag from /home/airflow/.local/lib/python3.7/site-packages/airflow/example_dags/example_sla_dag.py
[2023-12-26T13:14:07.084+0000] {processor.py:768} INFO - DAG(s) dict_keys(['example_sla_dag']) retrieved from /home/airflow/.local/lib/python3.7/site-packages/airflow/example_dags/example_sla_dag.py
[2023-12-26T13:14:08.087+0000] {logging_mixin.py:117} INFO - [2023-12-26T13:14:08.087+0000] {dag.py:2573} INFO - Sync 1 DAGs
[2023-12-26T13:14:08.736+0000] {logging_mixin.py:117} INFO - [2023-12-26T13:14:08.736+0000] {dag.py:3328} INFO - Setting next_dagrun for example_sla_dag to 2023-12-26T13:12:00+00:00, run_after=2023-12-26T13:14:00+00:00
[2023-12-26T13:14:09.077+0000] {processor.py:178} INFO - Processing /home/airflow/.local/lib/python3.7/site-packages/airflow/example_dags/example_sla_dag.py took 3.436 seconds
[2023-12-26T13:14:44.401+0000] {processor.py:156} INFO - Started process (PID=817) to work on /home/airflow/.local/lib/python3.7/site-packages/airflow/example_dags/example_sla_dag.py
[2023-12-26T13:14:44.409+0000] {processor.py:758} INFO - Processing file /home/airflow/.local/lib/python3.7/site-packages/airflow/example_dags/example_sla_dag.py for tasks to queue
[2023-12-26T13:14:44.411+0000] {logging_mixin.py:117} INFO - [2023-12-26T13:14:44.410+0000] {dagbag.py:525} INFO - Filling up the DagBag from /home/airflow/.local/lib/python3.7/site-packages/airflow/example_dags/example_sla_dag.py
[2023-12-26T13:14:44.554+0000] {processor.py:768} INFO - DAG(s) dict_keys(['example_sla_dag']) retrieved from /home/airflow/.local/lib/python3.7/site-packages/airflow/example_dags/example_sla_dag.py
[2023-12-26T13:14:44.872+0000] {logging_mixin.py:117} INFO - [2023-12-26T13:14:44.871+0000] {dag.py:2573} INFO - Sync 1 DAGs
[2023-12-26T13:14:45.100+0000] {logging_mixin.py:117} INFO - [2023-12-26T13:14:45.100+0000] {dag.py:3328} INFO - Setting next_dagrun for example_sla_dag to 2023-12-26T13:12:00+00:00, run_after=2023-12-26T13:14:00+00:00
[2023-12-26T13:14:45.310+0000] {processor.py:178} INFO - Processing /home/airflow/.local/lib/python3.7/site-packages/airflow/example_dags/example_sla_dag.py took 0.923 seconds
[2023-12-26T13:15:16.095+0000] {processor.py:156} INFO - Started process (PID=871) to work on /home/airflow/.local/lib/python3.7/site-packages/airflow/example_dags/example_sla_dag.py
[2023-12-26T13:15:16.132+0000] {processor.py:758} INFO - Processing file /home/airflow/.local/lib/python3.7/site-packages/airflow/example_dags/example_sla_dag.py for tasks to queue
[2023-12-26T13:15:16.135+0000] {logging_mixin.py:117} INFO - [2023-12-26T13:15:16.134+0000] {dagbag.py:525} INFO - Filling up the DagBag from /home/airflow/.local/lib/python3.7/site-packages/airflow/example_dags/example_sla_dag.py
[2023-12-26T13:15:16.309+0000] {processor.py:768} INFO - DAG(s) dict_keys(['example_sla_dag']) retrieved from /home/airflow/.local/lib/python3.7/site-packages/airflow/example_dags/example_sla_dag.py
[2023-12-26T13:15:16.610+0000] {logging_mixin.py:117} INFO - [2023-12-26T13:15:16.610+0000] {dag.py:2573} INFO - Sync 1 DAGs
[2023-12-26T13:15:16.786+0000] {logging_mixin.py:117} INFO - [2023-12-26T13:15:16.786+0000] {dag.py:3328} INFO - Setting next_dagrun for example_sla_dag to 2023-12-26T13:12:00+00:00, run_after=2023-12-26T13:14:00+00:00
[2023-12-26T13:15:16.902+0000] {processor.py:178} INFO - Processing /home/airflow/.local/lib/python3.7/site-packages/airflow/example_dags/example_sla_dag.py took 0.826 seconds
[2023-12-26T13:20:00.272+0000] {processor.py:156} INFO - Started process (PID=118) to work on /home/airflow/.local/lib/python3.7/site-packages/airflow/example_dags/example_sla_dag.py
[2023-12-26T13:20:00.279+0000] {processor.py:758} INFO - Processing file /home/airflow/.local/lib/python3.7/site-packages/airflow/example_dags/example_sla_dag.py for tasks to queue
[2023-12-26T13:20:00.280+0000] {logging_mixin.py:117} INFO - [2023-12-26T13:20:00.280+0000] {dagbag.py:525} INFO - Filling up the DagBag from /home/airflow/.local/lib/python3.7/site-packages/airflow/example_dags/example_sla_dag.py
[2023-12-26T13:20:01.864+0000] {processor.py:768} INFO - DAG(s) dict_keys(['example_sla_dag']) retrieved from /home/airflow/.local/lib/python3.7/site-packages/airflow/example_dags/example_sla_dag.py
[2023-12-26T13:20:02.383+0000] {logging_mixin.py:117} INFO - [2023-12-26T13:20:02.383+0000] {dag.py:2573} INFO - Sync 1 DAGs
[2023-12-26T13:20:02.891+0000] {logging_mixin.py:117} INFO - [2023-12-26T13:20:02.891+0000] {dag.py:3328} INFO - Setting next_dagrun for example_sla_dag to 2023-12-26T13:18:00+00:00, run_after=2023-12-26T13:20:00+00:00
[2023-12-26T13:20:03.284+0000] {processor.py:178} INFO - Processing /home/airflow/.local/lib/python3.7/site-packages/airflow/example_dags/example_sla_dag.py took 3.025 seconds
[2023-12-26T13:20:33.849+0000] {processor.py:156} INFO - Started process (PID=170) to work on /home/airflow/.local/lib/python3.7/site-packages/airflow/example_dags/example_sla_dag.py
[2023-12-26T13:20:33.861+0000] {processor.py:758} INFO - Processing file /home/airflow/.local/lib/python3.7/site-packages/airflow/example_dags/example_sla_dag.py for tasks to queue
[2023-12-26T13:20:33.865+0000] {logging_mixin.py:117} INFO - [2023-12-26T13:20:33.865+0000] {dagbag.py:525} INFO - Filling up the DagBag from /home/airflow/.local/lib/python3.7/site-packages/airflow/example_dags/example_sla_dag.py
[2023-12-26T13:20:34.759+0000] {processor.py:768} INFO - DAG(s) dict_keys(['example_sla_dag']) retrieved from /home/airflow/.local/lib/python3.7/site-packages/airflow/example_dags/example_sla_dag.py
[2023-12-26T13:20:35.110+0000] {logging_mixin.py:117} INFO - [2023-12-26T13:20:35.109+0000] {dag.py:2573} INFO - Sync 1 DAGs
[2023-12-26T13:20:35.291+0000] {logging_mixin.py:117} INFO - [2023-12-26T13:20:35.290+0000] {dag.py:3328} INFO - Setting next_dagrun for example_sla_dag to 2023-12-26T13:18:00+00:00, run_after=2023-12-26T13:20:00+00:00
[2023-12-26T13:20:35.439+0000] {processor.py:178} INFO - Processing /home/airflow/.local/lib/python3.7/site-packages/airflow/example_dags/example_sla_dag.py took 1.608 seconds
[2023-12-26T13:21:08.385+0000] {processor.py:156} INFO - Started process (PID=219) to work on /home/airflow/.local/lib/python3.7/site-packages/airflow/example_dags/example_sla_dag.py
[2023-12-26T13:21:08.430+0000] {processor.py:758} INFO - Processing file /home/airflow/.local/lib/python3.7/site-packages/airflow/example_dags/example_sla_dag.py for tasks to queue
[2023-12-26T13:21:08.432+0000] {logging_mixin.py:117} INFO - [2023-12-26T13:21:08.431+0000] {dagbag.py:525} INFO - Filling up the DagBag from /home/airflow/.local/lib/python3.7/site-packages/airflow/example_dags/example_sla_dag.py
[2023-12-26T13:21:08.487+0000] {processor.py:768} INFO - DAG(s) dict_keys(['example_sla_dag']) retrieved from /home/airflow/.local/lib/python3.7/site-packages/airflow/example_dags/example_sla_dag.py
[2023-12-26T13:21:08.588+0000] {logging_mixin.py:117} INFO - [2023-12-26T13:21:08.588+0000] {dag.py:2573} INFO - Sync 1 DAGs
[2023-12-26T13:21:08.670+0000] {logging_mixin.py:117} INFO - [2023-12-26T13:21:08.670+0000] {dag.py:3328} INFO - Setting next_dagrun for example_sla_dag to 2023-12-26T13:18:00+00:00, run_after=2023-12-26T13:20:00+00:00
[2023-12-26T13:21:08.725+0000] {processor.py:178} INFO - Processing /home/airflow/.local/lib/python3.7/site-packages/airflow/example_dags/example_sla_dag.py took 0.346 seconds
[2023-12-26T13:21:42.775+0000] {processor.py:156} INFO - Started process (PID=273) to work on /home/airflow/.local/lib/python3.7/site-packages/airflow/example_dags/example_sla_dag.py
[2023-12-26T13:21:42.812+0000] {processor.py:758} INFO - Processing file /home/airflow/.local/lib/python3.7/site-packages/airflow/example_dags/example_sla_dag.py for tasks to queue
[2023-12-26T13:21:42.818+0000] {logging_mixin.py:117} INFO - [2023-12-26T13:21:42.815+0000] {dagbag.py:525} INFO - Filling up the DagBag from /home/airflow/.local/lib/python3.7/site-packages/airflow/example_dags/example_sla_dag.py
[2023-12-26T13:21:42.924+0000] {processor.py:768} INFO - DAG(s) dict_keys(['example_sla_dag']) retrieved from /home/airflow/.local/lib/python3.7/site-packages/airflow/example_dags/example_sla_dag.py
[2023-12-26T13:21:43.499+0000] {logging_mixin.py:117} INFO - [2023-12-26T13:21:43.498+0000] {dag.py:2573} INFO - Sync 1 DAGs
[2023-12-26T13:21:44.159+0000] {logging_mixin.py:117} INFO - [2023-12-26T13:21:44.158+0000] {dag.py:3328} INFO - Setting next_dagrun for example_sla_dag to 2023-12-26T13:18:00+00:00, run_after=2023-12-26T13:20:00+00:00
[2023-12-26T13:21:44.476+0000] {processor.py:178} INFO - Processing /home/airflow/.local/lib/python3.7/site-packages/airflow/example_dags/example_sla_dag.py took 1.744 seconds
[2023-12-26T13:22:15.049+0000] {processor.py:156} INFO - Started process (PID=319) to work on /home/airflow/.local/lib/python3.7/site-packages/airflow/example_dags/example_sla_dag.py
[2023-12-26T13:22:15.073+0000] {processor.py:758} INFO - Processing file /home/airflow/.local/lib/python3.7/site-packages/airflow/example_dags/example_sla_dag.py for tasks to queue
[2023-12-26T13:22:15.075+0000] {logging_mixin.py:117} INFO - [2023-12-26T13:22:15.074+0000] {dagbag.py:525} INFO - Filling up the DagBag from /home/airflow/.local/lib/python3.7/site-packages/airflow/example_dags/example_sla_dag.py
[2023-12-26T13:22:15.133+0000] {processor.py:768} INFO - DAG(s) dict_keys(['example_sla_dag']) retrieved from /home/airflow/.local/lib/python3.7/site-packages/airflow/example_dags/example_sla_dag.py
[2023-12-26T13:22:15.240+0000] {logging_mixin.py:117} INFO - [2023-12-26T13:22:15.240+0000] {dag.py:2573} INFO - Sync 1 DAGs
[2023-12-26T13:22:15.324+0000] {logging_mixin.py:117} INFO - [2023-12-26T13:22:15.323+0000] {dag.py:3328} INFO - Setting next_dagrun for example_sla_dag to 2023-12-26T13:20:00+00:00, run_after=2023-12-26T13:22:00+00:00
[2023-12-26T13:22:15.409+0000] {processor.py:178} INFO - Processing /home/airflow/.local/lib/python3.7/site-packages/airflow/example_dags/example_sla_dag.py took 0.365 seconds
[2023-12-26T13:22:49.599+0000] {processor.py:156} INFO - Started process (PID=374) to work on /home/airflow/.local/lib/python3.7/site-packages/airflow/example_dags/example_sla_dag.py
[2023-12-26T13:22:49.633+0000] {processor.py:758} INFO - Processing file /home/airflow/.local/lib/python3.7/site-packages/airflow/example_dags/example_sla_dag.py for tasks to queue
[2023-12-26T13:22:49.635+0000] {logging_mixin.py:117} INFO - [2023-12-26T13:22:49.634+0000] {dagbag.py:525} INFO - Filling up the DagBag from /home/airflow/.local/lib/python3.7/site-packages/airflow/example_dags/example_sla_dag.py
[2023-12-26T13:22:49.730+0000] {processor.py:768} INFO - DAG(s) dict_keys(['example_sla_dag']) retrieved from /home/airflow/.local/lib/python3.7/site-packages/airflow/example_dags/example_sla_dag.py
[2023-12-26T13:22:49.923+0000] {logging_mixin.py:117} INFO - [2023-12-26T13:22:49.923+0000] {dag.py:2573} INFO - Sync 1 DAGs
[2023-12-26T13:22:50.268+0000] {logging_mixin.py:117} INFO - [2023-12-26T13:22:50.268+0000] {dag.py:3328} INFO - Setting next_dagrun for example_sla_dag to 2023-12-26T13:20:00+00:00, run_after=2023-12-26T13:22:00+00:00
[2023-12-26T13:22:50.457+0000] {processor.py:178} INFO - Processing /home/airflow/.local/lib/python3.7/site-packages/airflow/example_dags/example_sla_dag.py took 0.867 seconds
[2023-12-26T13:23:21.939+0000] {processor.py:156} INFO - Started process (PID=428) to work on /home/airflow/.local/lib/python3.7/site-packages/airflow/example_dags/example_sla_dag.py
[2023-12-26T13:23:21.941+0000] {processor.py:758} INFO - Processing file /home/airflow/.local/lib/python3.7/site-packages/airflow/example_dags/example_sla_dag.py for tasks to queue
[2023-12-26T13:23:21.942+0000] {logging_mixin.py:117} INFO - [2023-12-26T13:23:21.942+0000] {dagbag.py:525} INFO - Filling up the DagBag from /home/airflow/.local/lib/python3.7/site-packages/airflow/example_dags/example_sla_dag.py
[2023-12-26T13:23:22.068+0000] {processor.py:768} INFO - DAG(s) dict_keys(['example_sla_dag']) retrieved from /home/airflow/.local/lib/python3.7/site-packages/airflow/example_dags/example_sla_dag.py
[2023-12-26T13:23:22.262+0000] {logging_mixin.py:117} INFO - [2023-12-26T13:23:22.262+0000] {dag.py:2573} INFO - Sync 1 DAGs
[2023-12-26T13:23:22.353+0000] {logging_mixin.py:117} INFO - [2023-12-26T13:23:22.353+0000] {dag.py:3328} INFO - Setting next_dagrun for example_sla_dag to 2023-12-26T13:20:00+00:00, run_after=2023-12-26T13:22:00+00:00
[2023-12-26T13:23:22.441+0000] {processor.py:178} INFO - Processing /home/airflow/.local/lib/python3.7/site-packages/airflow/example_dags/example_sla_dag.py took 0.509 seconds
[2023-12-26T13:40:58.108+0000] {processor.py:156} INFO - Started process (PID=120) to work on /home/airflow/.local/lib/python3.7/site-packages/airflow/example_dags/example_sla_dag.py
[2023-12-26T13:40:58.110+0000] {processor.py:758} INFO - Processing file /home/airflow/.local/lib/python3.7/site-packages/airflow/example_dags/example_sla_dag.py for tasks to queue
[2023-12-26T13:40:58.112+0000] {logging_mixin.py:117} INFO - [2023-12-26T13:40:58.111+0000] {dagbag.py:525} INFO - Filling up the DagBag from /home/airflow/.local/lib/python3.7/site-packages/airflow/example_dags/example_sla_dag.py
[2023-12-26T13:40:58.412+0000] {processor.py:768} INFO - DAG(s) dict_keys(['example_sla_dag']) retrieved from /home/airflow/.local/lib/python3.7/site-packages/airflow/example_dags/example_sla_dag.py
[2023-12-26T13:40:58.682+0000] {logging_mixin.py:117} INFO - [2023-12-26T13:40:58.681+0000] {dag.py:2573} INFO - Sync 1 DAGs
[2023-12-26T13:40:59.172+0000] {logging_mixin.py:117} INFO - [2023-12-26T13:40:59.172+0000] {dag.py:3328} INFO - Setting next_dagrun for example_sla_dag to 2023-12-26T13:38:00+00:00, run_after=2023-12-26T13:40:00+00:00
[2023-12-26T13:40:59.365+0000] {processor.py:178} INFO - Processing /home/airflow/.local/lib/python3.7/site-packages/airflow/example_dags/example_sla_dag.py took 1.273 seconds
[2023-12-26T13:41:33.975+0000] {processor.py:156} INFO - Started process (PID=176) to work on /home/airflow/.local/lib/python3.7/site-packages/airflow/example_dags/example_sla_dag.py
[2023-12-26T13:41:33.977+0000] {processor.py:758} INFO - Processing file /home/airflow/.local/lib/python3.7/site-packages/airflow/example_dags/example_sla_dag.py for tasks to queue
[2023-12-26T13:41:33.983+0000] {logging_mixin.py:117} INFO - [2023-12-26T13:41:33.982+0000] {dagbag.py:525} INFO - Filling up the DagBag from /home/airflow/.local/lib/python3.7/site-packages/airflow/example_dags/example_sla_dag.py
[2023-12-26T13:41:34.132+0000] {processor.py:768} INFO - DAG(s) dict_keys(['example_sla_dag']) retrieved from /home/airflow/.local/lib/python3.7/site-packages/airflow/example_dags/example_sla_dag.py
[2023-12-26T13:41:34.338+0000] {logging_mixin.py:117} INFO - [2023-12-26T13:41:34.338+0000] {dag.py:2573} INFO - Sync 1 DAGs
[2023-12-26T13:41:34.509+0000] {logging_mixin.py:117} INFO - [2023-12-26T13:41:34.508+0000] {dag.py:3328} INFO - Setting next_dagrun for example_sla_dag to 2023-12-26T13:38:00+00:00, run_after=2023-12-26T13:40:00+00:00
[2023-12-26T13:41:34.785+0000] {processor.py:178} INFO - Processing /home/airflow/.local/lib/python3.7/site-packages/airflow/example_dags/example_sla_dag.py took 0.826 seconds
[2023-12-26T13:42:05.423+0000] {processor.py:156} INFO - Started process (PID=232) to work on /home/airflow/.local/lib/python3.7/site-packages/airflow/example_dags/example_sla_dag.py
[2023-12-26T13:42:05.460+0000] {processor.py:758} INFO - Processing file /home/airflow/.local/lib/python3.7/site-packages/airflow/example_dags/example_sla_dag.py for tasks to queue
[2023-12-26T13:42:05.462+0000] {logging_mixin.py:117} INFO - [2023-12-26T13:42:05.461+0000] {dagbag.py:525} INFO - Filling up the DagBag from /home/airflow/.local/lib/python3.7/site-packages/airflow/example_dags/example_sla_dag.py
[2023-12-26T13:42:05.521+0000] {processor.py:768} INFO - DAG(s) dict_keys(['example_sla_dag']) retrieved from /home/airflow/.local/lib/python3.7/site-packages/airflow/example_dags/example_sla_dag.py
[2023-12-26T13:42:05.628+0000] {logging_mixin.py:117} INFO - [2023-12-26T13:42:05.627+0000] {dag.py:2573} INFO - Sync 1 DAGs
[2023-12-26T13:42:05.717+0000] {logging_mixin.py:117} INFO - [2023-12-26T13:42:05.717+0000] {dag.py:3328} INFO - Setting next_dagrun for example_sla_dag to 2023-12-26T13:40:00+00:00, run_after=2023-12-26T13:42:00+00:00
[2023-12-26T13:42:05.802+0000] {processor.py:178} INFO - Processing /home/airflow/.local/lib/python3.7/site-packages/airflow/example_dags/example_sla_dag.py took 0.384 seconds
[2023-12-26T13:42:36.825+0000] {processor.py:156} INFO - Started process (PID=288) to work on /home/airflow/.local/lib/python3.7/site-packages/airflow/example_dags/example_sla_dag.py
[2023-12-26T13:42:36.826+0000] {processor.py:758} INFO - Processing file /home/airflow/.local/lib/python3.7/site-packages/airflow/example_dags/example_sla_dag.py for tasks to queue
[2023-12-26T13:42:36.828+0000] {logging_mixin.py:117} INFO - [2023-12-26T13:42:36.827+0000] {dagbag.py:525} INFO - Filling up the DagBag from /home/airflow/.local/lib/python3.7/site-packages/airflow/example_dags/example_sla_dag.py
[2023-12-26T13:42:36.905+0000] {processor.py:768} INFO - DAG(s) dict_keys(['example_sla_dag']) retrieved from /home/airflow/.local/lib/python3.7/site-packages/airflow/example_dags/example_sla_dag.py
[2023-12-26T13:42:37.015+0000] {logging_mixin.py:117} INFO - [2023-12-26T13:42:37.014+0000] {dag.py:2573} INFO - Sync 1 DAGs
[2023-12-26T13:42:37.118+0000] {logging_mixin.py:117} INFO - [2023-12-26T13:42:37.118+0000] {dag.py:3328} INFO - Setting next_dagrun for example_sla_dag to 2023-12-26T13:40:00+00:00, run_after=2023-12-26T13:42:00+00:00
[2023-12-26T13:42:37.208+0000] {processor.py:178} INFO - Processing /home/airflow/.local/lib/python3.7/site-packages/airflow/example_dags/example_sla_dag.py took 0.405 seconds
[2023-12-26T13:43:07.339+0000] {processor.py:156} INFO - Started process (PID=346) to work on /home/airflow/.local/lib/python3.7/site-packages/airflow/example_dags/example_sla_dag.py
[2023-12-26T13:43:07.372+0000] {processor.py:758} INFO - Processing file /home/airflow/.local/lib/python3.7/site-packages/airflow/example_dags/example_sla_dag.py for tasks to queue
[2023-12-26T13:43:07.373+0000] {logging_mixin.py:117} INFO - [2023-12-26T13:43:07.373+0000] {dagbag.py:525} INFO - Filling up the DagBag from /home/airflow/.local/lib/python3.7/site-packages/airflow/example_dags/example_sla_dag.py
[2023-12-26T13:43:07.433+0000] {processor.py:768} INFO - DAG(s) dict_keys(['example_sla_dag']) retrieved from /home/airflow/.local/lib/python3.7/site-packages/airflow/example_dags/example_sla_dag.py
[2023-12-26T13:43:07.561+0000] {logging_mixin.py:117} INFO - [2023-12-26T13:43:07.561+0000] {dag.py:2573} INFO - Sync 1 DAGs
[2023-12-26T13:43:07.644+0000] {logging_mixin.py:117} INFO - [2023-12-26T13:43:07.643+0000] {dag.py:3328} INFO - Setting next_dagrun for example_sla_dag to 2023-12-26T13:40:00+00:00, run_after=2023-12-26T13:42:00+00:00
[2023-12-26T13:43:07.725+0000] {processor.py:178} INFO - Processing /home/airflow/.local/lib/python3.7/site-packages/airflow/example_dags/example_sla_dag.py took 0.392 seconds
[2023-12-26T13:43:40.337+0000] {processor.py:156} INFO - Started process (PID=402) to work on /home/airflow/.local/lib/python3.7/site-packages/airflow/example_dags/example_sla_dag.py
[2023-12-26T13:43:40.370+0000] {processor.py:758} INFO - Processing file /home/airflow/.local/lib/python3.7/site-packages/airflow/example_dags/example_sla_dag.py for tasks to queue
[2023-12-26T13:43:40.372+0000] {logging_mixin.py:117} INFO - [2023-12-26T13:43:40.371+0000] {dagbag.py:525} INFO - Filling up the DagBag from /home/airflow/.local/lib/python3.7/site-packages/airflow/example_dags/example_sla_dag.py
[2023-12-26T13:43:40.431+0000] {processor.py:768} INFO - DAG(s) dict_keys(['example_sla_dag']) retrieved from /home/airflow/.local/lib/python3.7/site-packages/airflow/example_dags/example_sla_dag.py
[2023-12-26T13:43:40.535+0000] {logging_mixin.py:117} INFO - [2023-12-26T13:43:40.534+0000] {dag.py:2573} INFO - Sync 1 DAGs
[2023-12-26T13:43:40.615+0000] {logging_mixin.py:117} INFO - [2023-12-26T13:43:40.615+0000] {dag.py:3328} INFO - Setting next_dagrun for example_sla_dag to 2023-12-26T13:40:00+00:00, run_after=2023-12-26T13:42:00+00:00
[2023-12-26T13:43:40.693+0000] {processor.py:178} INFO - Processing /home/airflow/.local/lib/python3.7/site-packages/airflow/example_dags/example_sla_dag.py took 0.363 seconds
[2023-12-26T13:44:36.721+0000] {processor.py:156} INFO - Started process (PID=465) to work on /home/airflow/.local/lib/python3.7/site-packages/airflow/example_dags/example_sla_dag.py
[2023-12-26T13:44:36.748+0000] {processor.py:758} INFO - Processing file /home/airflow/.local/lib/python3.7/site-packages/airflow/example_dags/example_sla_dag.py for tasks to queue
[2023-12-26T13:44:36.750+0000] {logging_mixin.py:117} INFO - [2023-12-26T13:44:36.749+0000] {dagbag.py:525} INFO - Filling up the DagBag from /home/airflow/.local/lib/python3.7/site-packages/airflow/example_dags/example_sla_dag.py
[2023-12-26T13:44:37.011+0000] {processor.py:768} INFO - DAG(s) dict_keys(['example_sla_dag']) retrieved from /home/airflow/.local/lib/python3.7/site-packages/airflow/example_dags/example_sla_dag.py
[2023-12-26T13:44:37.281+0000] {logging_mixin.py:117} INFO - [2023-12-26T13:44:37.281+0000] {dag.py:2573} INFO - Sync 1 DAGs
[2023-12-26T13:44:37.549+0000] {logging_mixin.py:117} INFO - [2023-12-26T13:44:37.549+0000] {dag.py:3328} INFO - Setting next_dagrun for example_sla_dag to 2023-12-26T13:42:00+00:00, run_after=2023-12-26T13:44:00+00:00
[2023-12-26T13:44:37.661+0000] {processor.py:178} INFO - Processing /home/airflow/.local/lib/python3.7/site-packages/airflow/example_dags/example_sla_dag.py took 0.985 seconds
[2023-12-26T13:45:25.852+0000] {processor.py:156} INFO - Started process (PID=530) to work on /home/airflow/.local/lib/python3.7/site-packages/airflow/example_dags/example_sla_dag.py
[2023-12-26T13:45:25.887+0000] {processor.py:758} INFO - Processing file /home/airflow/.local/lib/python3.7/site-packages/airflow/example_dags/example_sla_dag.py for tasks to queue
[2023-12-26T13:45:25.901+0000] {logging_mixin.py:117} INFO - [2023-12-26T13:45:25.901+0000] {dagbag.py:525} INFO - Filling up the DagBag from /home/airflow/.local/lib/python3.7/site-packages/airflow/example_dags/example_sla_dag.py
[2023-12-26T13:45:26.740+0000] {processor.py:768} INFO - DAG(s) dict_keys(['example_sla_dag']) retrieved from /home/airflow/.local/lib/python3.7/site-packages/airflow/example_dags/example_sla_dag.py
[2023-12-26T13:45:27.558+0000] {logging_mixin.py:117} INFO - [2023-12-26T13:45:27.558+0000] {dag.py:2573} INFO - Sync 1 DAGs
[2023-12-26T13:45:28.194+0000] {logging_mixin.py:117} INFO - [2023-12-26T13:45:28.193+0000] {dag.py:3328} INFO - Setting next_dagrun for example_sla_dag to 2023-12-26T13:42:00+00:00, run_after=2023-12-26T13:44:00+00:00
[2023-12-26T13:45:28.617+0000] {processor.py:178} INFO - Processing /home/airflow/.local/lib/python3.7/site-packages/airflow/example_dags/example_sla_dag.py took 2.813 seconds
[2023-12-26T13:46:45.507+0000] {processor.py:156} INFO - Started process (PID=604) to work on /home/airflow/.local/lib/python3.7/site-packages/airflow/example_dags/example_sla_dag.py
[2023-12-26T13:46:45.560+0000] {processor.py:758} INFO - Processing file /home/airflow/.local/lib/python3.7/site-packages/airflow/example_dags/example_sla_dag.py for tasks to queue
[2023-12-26T13:46:45.562+0000] {logging_mixin.py:117} INFO - [2023-12-26T13:46:45.562+0000] {dagbag.py:525} INFO - Filling up the DagBag from /home/airflow/.local/lib/python3.7/site-packages/airflow/example_dags/example_sla_dag.py
[2023-12-26T13:46:49.605+0000] {processor.py:768} INFO - DAG(s) dict_keys(['example_sla_dag']) retrieved from /home/airflow/.local/lib/python3.7/site-packages/airflow/example_dags/example_sla_dag.py
[2023-12-26T13:46:58.549+0000] {logging_mixin.py:117} INFO - [2023-12-26T13:46:58.547+0000] {dag.py:2573} INFO - Sync 1 DAGs
[2023-12-26T13:47:03.565+0000] {logging_mixin.py:117} INFO - [2023-12-26T13:47:03.538+0000] {dag.py:3328} INFO - Setting next_dagrun for example_sla_dag to 2023-12-26T13:44:00+00:00, run_after=2023-12-26T13:46:00+00:00
[2023-12-26T13:47:05.947+0000] {processor.py:178} INFO - Processing /home/airflow/.local/lib/python3.7/site-packages/airflow/example_dags/example_sla_dag.py took 20.479 seconds
