[2023-12-26T12:02:24.393+0000] {processor.py:156} INFO - Started process (PID=175) to work on /home/airflow/.local/lib/python3.7/site-packages/airflow/example_dags/example_trigger_target_dag.py
[2023-12-26T12:02:24.531+0000] {processor.py:758} INFO - Processing file /home/airflow/.local/lib/python3.7/site-packages/airflow/example_dags/example_trigger_target_dag.py for tasks to queue
[2023-12-26T12:02:24.537+0000] {logging_mixin.py:117} INFO - [2023-12-26T12:02:24.537+0000] {dagbag.py:525} INFO - Filling up the DagBag from /home/airflow/.local/lib/python3.7/site-packages/airflow/example_dags/example_trigger_target_dag.py
[2023-12-26T13:04:35.915+0000] {processor.py:156} INFO - Started process (PID=110) to work on /home/airflow/.local/lib/python3.7/site-packages/airflow/example_dags/example_trigger_target_dag.py
[2023-12-26T13:04:35.981+0000] {processor.py:758} INFO - Processing file /home/airflow/.local/lib/python3.7/site-packages/airflow/example_dags/example_trigger_target_dag.py for tasks to queue
[2023-12-26T13:04:35.998+0000] {logging_mixin.py:117} INFO - [2023-12-26T13:04:35.997+0000] {dagbag.py:525} INFO - Filling up the DagBag from /home/airflow/.local/lib/python3.7/site-packages/airflow/example_dags/example_trigger_target_dag.py
[2023-12-26T13:04:38.070+0000] {processor.py:768} INFO - DAG(s) dict_keys(['example_trigger_target_dag']) retrieved from /home/airflow/.local/lib/python3.7/site-packages/airflow/example_dags/example_trigger_target_dag.py
[2023-12-26T13:04:40.137+0000] {logging_mixin.py:117} INFO - [2023-12-26T13:04:40.137+0000] {dag.py:2573} INFO - Sync 1 DAGs
[2023-12-26T13:04:41.630+0000] {logging_mixin.py:117} INFO - [2023-12-26T13:04:41.629+0000] {dag.py:3328} INFO - Setting next_dagrun for example_trigger_target_dag to None, run_after=None
[2023-12-26T13:04:42.665+0000] {processor.py:178} INFO - Processing /home/airflow/.local/lib/python3.7/site-packages/airflow/example_dags/example_trigger_target_dag.py took 6.927 seconds
[2023-12-26T13:06:38.639+0000] {processor.py:156} INFO - Started process (PID=198) to work on /home/airflow/.local/lib/python3.7/site-packages/airflow/example_dags/example_trigger_target_dag.py
[2023-12-26T13:06:38.766+0000] {processor.py:758} INFO - Processing file /home/airflow/.local/lib/python3.7/site-packages/airflow/example_dags/example_trigger_target_dag.py for tasks to queue
[2023-12-26T13:06:38.768+0000] {logging_mixin.py:117} INFO - [2023-12-26T13:06:38.768+0000] {dagbag.py:525} INFO - Filling up the DagBag from /home/airflow/.local/lib/python3.7/site-packages/airflow/example_dags/example_trigger_target_dag.py
[2023-12-26T13:06:39.937+0000] {processor.py:768} INFO - DAG(s) dict_keys(['example_trigger_target_dag']) retrieved from /home/airflow/.local/lib/python3.7/site-packages/airflow/example_dags/example_trigger_target_dag.py
[2023-12-26T13:06:42.298+0000] {logging_mixin.py:117} INFO - [2023-12-26T13:06:42.298+0000] {dag.py:2573} INFO - Sync 1 DAGs
[2023-12-26T13:06:43.403+0000] {logging_mixin.py:117} INFO - [2023-12-26T13:06:43.403+0000] {dag.py:3328} INFO - Setting next_dagrun for example_trigger_target_dag to None, run_after=None
[2023-12-26T13:06:44.060+0000] {processor.py:178} INFO - Processing /home/airflow/.local/lib/python3.7/site-packages/airflow/example_dags/example_trigger_target_dag.py took 5.500 seconds
[2023-12-26T13:08:08.654+0000] {processor.py:156} INFO - Started process (PID=278) to work on /home/airflow/.local/lib/python3.7/site-packages/airflow/example_dags/example_trigger_target_dag.py
[2023-12-26T13:08:08.696+0000] {processor.py:758} INFO - Processing file /home/airflow/.local/lib/python3.7/site-packages/airflow/example_dags/example_trigger_target_dag.py for tasks to queue
[2023-12-26T13:08:08.698+0000] {logging_mixin.py:117} INFO - [2023-12-26T13:08:08.697+0000] {dagbag.py:525} INFO - Filling up the DagBag from /home/airflow/.local/lib/python3.7/site-packages/airflow/example_dags/example_trigger_target_dag.py
[2023-12-26T13:08:09.353+0000] {processor.py:768} INFO - DAG(s) dict_keys(['example_trigger_target_dag']) retrieved from /home/airflow/.local/lib/python3.7/site-packages/airflow/example_dags/example_trigger_target_dag.py
[2023-12-26T13:08:11.050+0000] {logging_mixin.py:117} INFO - [2023-12-26T13:08:11.049+0000] {dag.py:2573} INFO - Sync 1 DAGs
[2023-12-26T13:08:12.278+0000] {logging_mixin.py:117} INFO - [2023-12-26T13:08:12.256+0000] {dag.py:3328} INFO - Setting next_dagrun for example_trigger_target_dag to None, run_after=None
[2023-12-26T13:08:12.887+0000] {processor.py:178} INFO - Processing /home/airflow/.local/lib/python3.7/site-packages/airflow/example_dags/example_trigger_target_dag.py took 4.269 seconds
[2023-12-26T13:09:22.962+0000] {processor.py:156} INFO - Started process (PID=337) to work on /home/airflow/.local/lib/python3.7/site-packages/airflow/example_dags/example_trigger_target_dag.py
[2023-12-26T13:09:22.996+0000] {processor.py:758} INFO - Processing file /home/airflow/.local/lib/python3.7/site-packages/airflow/example_dags/example_trigger_target_dag.py for tasks to queue
[2023-12-26T13:09:22.998+0000] {logging_mixin.py:117} INFO - [2023-12-26T13:09:22.997+0000] {dagbag.py:525} INFO - Filling up the DagBag from /home/airflow/.local/lib/python3.7/site-packages/airflow/example_dags/example_trigger_target_dag.py
[2023-12-26T13:09:23.097+0000] {processor.py:768} INFO - DAG(s) dict_keys(['example_trigger_target_dag']) retrieved from /home/airflow/.local/lib/python3.7/site-packages/airflow/example_dags/example_trigger_target_dag.py
[2023-12-26T13:09:23.363+0000] {logging_mixin.py:117} INFO - [2023-12-26T13:09:23.362+0000] {dag.py:2573} INFO - Sync 1 DAGs
[2023-12-26T13:09:23.522+0000] {logging_mixin.py:117} INFO - [2023-12-26T13:09:23.522+0000] {dag.py:3328} INFO - Setting next_dagrun for example_trigger_target_dag to None, run_after=None
[2023-12-26T13:09:23.626+0000] {processor.py:178} INFO - Processing /home/airflow/.local/lib/python3.7/site-packages/airflow/example_dags/example_trigger_target_dag.py took 0.684 seconds
[2023-12-26T13:09:56.551+0000] {processor.py:156} INFO - Started process (PID=401) to work on /home/airflow/.local/lib/python3.7/site-packages/airflow/example_dags/example_trigger_target_dag.py
[2023-12-26T13:09:56.559+0000] {processor.py:758} INFO - Processing file /home/airflow/.local/lib/python3.7/site-packages/airflow/example_dags/example_trigger_target_dag.py for tasks to queue
[2023-12-26T13:09:56.575+0000] {logging_mixin.py:117} INFO - [2023-12-26T13:09:56.566+0000] {dagbag.py:525} INFO - Filling up the DagBag from /home/airflow/.local/lib/python3.7/site-packages/airflow/example_dags/example_trigger_target_dag.py
[2023-12-26T13:09:57.055+0000] {processor.py:768} INFO - DAG(s) dict_keys(['example_trigger_target_dag']) retrieved from /home/airflow/.local/lib/python3.7/site-packages/airflow/example_dags/example_trigger_target_dag.py
[2023-12-26T13:09:57.568+0000] {logging_mixin.py:117} INFO - [2023-12-26T13:09:57.568+0000] {dag.py:2573} INFO - Sync 1 DAGs
[2023-12-26T13:09:57.829+0000] {logging_mixin.py:117} INFO - [2023-12-26T13:09:57.829+0000] {dag.py:3328} INFO - Setting next_dagrun for example_trigger_target_dag to None, run_after=None
[2023-12-26T13:09:57.962+0000] {processor.py:178} INFO - Processing /home/airflow/.local/lib/python3.7/site-packages/airflow/example_dags/example_trigger_target_dag.py took 1.524 seconds
[2023-12-26T13:10:28.074+0000] {processor.py:156} INFO - Started process (PID=449) to work on /home/airflow/.local/lib/python3.7/site-packages/airflow/example_dags/example_trigger_target_dag.py
[2023-12-26T13:10:28.108+0000] {processor.py:758} INFO - Processing file /home/airflow/.local/lib/python3.7/site-packages/airflow/example_dags/example_trigger_target_dag.py for tasks to queue
[2023-12-26T13:10:28.110+0000] {logging_mixin.py:117} INFO - [2023-12-26T13:10:28.109+0000] {dagbag.py:525} INFO - Filling up the DagBag from /home/airflow/.local/lib/python3.7/site-packages/airflow/example_dags/example_trigger_target_dag.py
[2023-12-26T13:10:28.271+0000] {processor.py:768} INFO - DAG(s) dict_keys(['example_trigger_target_dag']) retrieved from /home/airflow/.local/lib/python3.7/site-packages/airflow/example_dags/example_trigger_target_dag.py
[2023-12-26T13:10:28.445+0000] {logging_mixin.py:117} INFO - [2023-12-26T13:10:28.445+0000] {dag.py:2573} INFO - Sync 1 DAGs
[2023-12-26T13:10:28.653+0000] {logging_mixin.py:117} INFO - [2023-12-26T13:10:28.653+0000] {dag.py:3328} INFO - Setting next_dagrun for example_trigger_target_dag to None, run_after=None
[2023-12-26T13:10:28.803+0000] {processor.py:178} INFO - Processing /home/airflow/.local/lib/python3.7/site-packages/airflow/example_dags/example_trigger_target_dag.py took 0.736 seconds
[2023-12-26T13:10:59.198+0000] {processor.py:156} INFO - Started process (PID=503) to work on /home/airflow/.local/lib/python3.7/site-packages/airflow/example_dags/example_trigger_target_dag.py
[2023-12-26T13:10:59.202+0000] {processor.py:758} INFO - Processing file /home/airflow/.local/lib/python3.7/site-packages/airflow/example_dags/example_trigger_target_dag.py for tasks to queue
[2023-12-26T13:10:59.207+0000] {logging_mixin.py:117} INFO - [2023-12-26T13:10:59.206+0000] {dagbag.py:525} INFO - Filling up the DagBag from /home/airflow/.local/lib/python3.7/site-packages/airflow/example_dags/example_trigger_target_dag.py
[2023-12-26T13:10:59.309+0000] {processor.py:768} INFO - DAG(s) dict_keys(['example_trigger_target_dag']) retrieved from /home/airflow/.local/lib/python3.7/site-packages/airflow/example_dags/example_trigger_target_dag.py
[2023-12-26T13:10:59.412+0000] {logging_mixin.py:117} INFO - [2023-12-26T13:10:59.411+0000] {dag.py:2573} INFO - Sync 1 DAGs
[2023-12-26T13:10:59.630+0000] {logging_mixin.py:117} INFO - [2023-12-26T13:10:59.630+0000] {dag.py:3328} INFO - Setting next_dagrun for example_trigger_target_dag to None, run_after=None
[2023-12-26T13:10:59.766+0000] {processor.py:178} INFO - Processing /home/airflow/.local/lib/python3.7/site-packages/airflow/example_dags/example_trigger_target_dag.py took 0.581 seconds
[2023-12-26T13:11:29.965+0000] {processor.py:156} INFO - Started process (PID=557) to work on /home/airflow/.local/lib/python3.7/site-packages/airflow/example_dags/example_trigger_target_dag.py
[2023-12-26T13:11:29.966+0000] {processor.py:758} INFO - Processing file /home/airflow/.local/lib/python3.7/site-packages/airflow/example_dags/example_trigger_target_dag.py for tasks to queue
[2023-12-26T13:11:29.967+0000] {logging_mixin.py:117} INFO - [2023-12-26T13:11:29.967+0000] {dagbag.py:525} INFO - Filling up the DagBag from /home/airflow/.local/lib/python3.7/site-packages/airflow/example_dags/example_trigger_target_dag.py
[2023-12-26T13:11:30.148+0000] {processor.py:768} INFO - DAG(s) dict_keys(['example_trigger_target_dag']) retrieved from /home/airflow/.local/lib/python3.7/site-packages/airflow/example_dags/example_trigger_target_dag.py
[2023-12-26T13:11:30.333+0000] {logging_mixin.py:117} INFO - [2023-12-26T13:11:30.333+0000] {dag.py:2573} INFO - Sync 1 DAGs
[2023-12-26T13:11:30.450+0000] {logging_mixin.py:117} INFO - [2023-12-26T13:11:30.449+0000] {dag.py:3328} INFO - Setting next_dagrun for example_trigger_target_dag to None, run_after=None
[2023-12-26T13:11:30.542+0000] {processor.py:178} INFO - Processing /home/airflow/.local/lib/python3.7/site-packages/airflow/example_dags/example_trigger_target_dag.py took 0.603 seconds
[2023-12-26T13:12:00.709+0000] {processor.py:156} INFO - Started process (PID=612) to work on /home/airflow/.local/lib/python3.7/site-packages/airflow/example_dags/example_trigger_target_dag.py
[2023-12-26T13:12:00.748+0000] {processor.py:758} INFO - Processing file /home/airflow/.local/lib/python3.7/site-packages/airflow/example_dags/example_trigger_target_dag.py for tasks to queue
[2023-12-26T13:12:00.750+0000] {logging_mixin.py:117} INFO - [2023-12-26T13:12:00.749+0000] {dagbag.py:525} INFO - Filling up the DagBag from /home/airflow/.local/lib/python3.7/site-packages/airflow/example_dags/example_trigger_target_dag.py
[2023-12-26T13:12:00.838+0000] {processor.py:768} INFO - DAG(s) dict_keys(['example_trigger_target_dag']) retrieved from /home/airflow/.local/lib/python3.7/site-packages/airflow/example_dags/example_trigger_target_dag.py
[2023-12-26T13:12:00.934+0000] {logging_mixin.py:117} INFO - [2023-12-26T13:12:00.933+0000] {dag.py:2573} INFO - Sync 1 DAGs
[2023-12-26T13:12:01.005+0000] {logging_mixin.py:117} INFO - [2023-12-26T13:12:01.005+0000] {dag.py:3328} INFO - Setting next_dagrun for example_trigger_target_dag to None, run_after=None
[2023-12-26T13:12:01.100+0000] {processor.py:178} INFO - Processing /home/airflow/.local/lib/python3.7/site-packages/airflow/example_dags/example_trigger_target_dag.py took 0.398 seconds
[2023-12-26T13:12:31.534+0000] {processor.py:156} INFO - Started process (PID=666) to work on /home/airflow/.local/lib/python3.7/site-packages/airflow/example_dags/example_trigger_target_dag.py
[2023-12-26T13:12:31.535+0000] {processor.py:758} INFO - Processing file /home/airflow/.local/lib/python3.7/site-packages/airflow/example_dags/example_trigger_target_dag.py for tasks to queue
[2023-12-26T13:12:31.555+0000] {logging_mixin.py:117} INFO - [2023-12-26T13:12:31.536+0000] {dagbag.py:525} INFO - Filling up the DagBag from /home/airflow/.local/lib/python3.7/site-packages/airflow/example_dags/example_trigger_target_dag.py
[2023-12-26T13:12:31.663+0000] {processor.py:768} INFO - DAG(s) dict_keys(['example_trigger_target_dag']) retrieved from /home/airflow/.local/lib/python3.7/site-packages/airflow/example_dags/example_trigger_target_dag.py
[2023-12-26T13:12:32.250+0000] {logging_mixin.py:117} INFO - [2023-12-26T13:12:32.249+0000] {dag.py:2573} INFO - Sync 1 DAGs
[2023-12-26T13:12:32.571+0000] {logging_mixin.py:117} INFO - [2023-12-26T13:12:32.570+0000] {dag.py:3328} INFO - Setting next_dagrun for example_trigger_target_dag to None, run_after=None
[2023-12-26T13:12:32.742+0000] {processor.py:178} INFO - Processing /home/airflow/.local/lib/python3.7/site-packages/airflow/example_dags/example_trigger_target_dag.py took 1.239 seconds
[2023-12-26T13:13:27.829+0000] {processor.py:156} INFO - Started process (PID=726) to work on /home/airflow/.local/lib/python3.7/site-packages/airflow/example_dags/example_trigger_target_dag.py
[2023-12-26T13:13:27.840+0000] {processor.py:758} INFO - Processing file /home/airflow/.local/lib/python3.7/site-packages/airflow/example_dags/example_trigger_target_dag.py for tasks to queue
[2023-12-26T13:13:27.882+0000] {logging_mixin.py:117} INFO - [2023-12-26T13:13:27.882+0000] {dagbag.py:525} INFO - Filling up the DagBag from /home/airflow/.local/lib/python3.7/site-packages/airflow/example_dags/example_trigger_target_dag.py
[2023-12-26T13:13:29.211+0000] {processor.py:768} INFO - DAG(s) dict_keys(['example_trigger_target_dag']) retrieved from /home/airflow/.local/lib/python3.7/site-packages/airflow/example_dags/example_trigger_target_dag.py
[2023-12-26T13:13:29.704+0000] {logging_mixin.py:117} INFO - [2023-12-26T13:13:29.701+0000] {dag.py:2573} INFO - Sync 1 DAGs
[2023-12-26T13:13:30.040+0000] {logging_mixin.py:117} INFO - [2023-12-26T13:13:30.040+0000] {dag.py:3328} INFO - Setting next_dagrun for example_trigger_target_dag to None, run_after=None
[2023-12-26T13:13:30.314+0000] {processor.py:178} INFO - Processing /home/airflow/.local/lib/python3.7/site-packages/airflow/example_dags/example_trigger_target_dag.py took 2.495 seconds
[2023-12-26T13:14:18.740+0000] {processor.py:156} INFO - Started process (PID=787) to work on /home/airflow/.local/lib/python3.7/site-packages/airflow/example_dags/example_trigger_target_dag.py
[2023-12-26T13:14:18.753+0000] {processor.py:758} INFO - Processing file /home/airflow/.local/lib/python3.7/site-packages/airflow/example_dags/example_trigger_target_dag.py for tasks to queue
[2023-12-26T13:14:18.794+0000] {logging_mixin.py:117} INFO - [2023-12-26T13:14:18.793+0000] {dagbag.py:525} INFO - Filling up the DagBag from /home/airflow/.local/lib/python3.7/site-packages/airflow/example_dags/example_trigger_target_dag.py
[2023-12-26T13:14:19.406+0000] {processor.py:768} INFO - DAG(s) dict_keys(['example_trigger_target_dag']) retrieved from /home/airflow/.local/lib/python3.7/site-packages/airflow/example_dags/example_trigger_target_dag.py
[2023-12-26T13:14:20.296+0000] {logging_mixin.py:117} INFO - [2023-12-26T13:14:20.295+0000] {dag.py:2573} INFO - Sync 1 DAGs
[2023-12-26T13:14:21.287+0000] {logging_mixin.py:117} INFO - [2023-12-26T13:14:21.287+0000] {dag.py:3328} INFO - Setting next_dagrun for example_trigger_target_dag to None, run_after=None
[2023-12-26T13:14:21.695+0000] {processor.py:178} INFO - Processing /home/airflow/.local/lib/python3.7/site-packages/airflow/example_dags/example_trigger_target_dag.py took 3.053 seconds
[2023-12-26T13:14:52.264+0000] {processor.py:156} INFO - Started process (PID=833) to work on /home/airflow/.local/lib/python3.7/site-packages/airflow/example_dags/example_trigger_target_dag.py
[2023-12-26T13:14:52.301+0000] {processor.py:758} INFO - Processing file /home/airflow/.local/lib/python3.7/site-packages/airflow/example_dags/example_trigger_target_dag.py for tasks to queue
[2023-12-26T13:14:52.302+0000] {logging_mixin.py:117} INFO - [2023-12-26T13:14:52.302+0000] {dagbag.py:525} INFO - Filling up the DagBag from /home/airflow/.local/lib/python3.7/site-packages/airflow/example_dags/example_trigger_target_dag.py
[2023-12-26T13:14:52.360+0000] {processor.py:768} INFO - DAG(s) dict_keys(['example_trigger_target_dag']) retrieved from /home/airflow/.local/lib/python3.7/site-packages/airflow/example_dags/example_trigger_target_dag.py
[2023-12-26T13:14:52.468+0000] {logging_mixin.py:117} INFO - [2023-12-26T13:14:52.468+0000] {dag.py:2573} INFO - Sync 1 DAGs
[2023-12-26T13:14:52.550+0000] {logging_mixin.py:117} INFO - [2023-12-26T13:14:52.550+0000] {dag.py:3328} INFO - Setting next_dagrun for example_trigger_target_dag to None, run_after=None
[2023-12-26T13:14:52.667+0000] {processor.py:178} INFO - Processing /home/airflow/.local/lib/python3.7/site-packages/airflow/example_dags/example_trigger_target_dag.py took 0.421 seconds
[2023-12-26T13:15:23.570+0000] {processor.py:156} INFO - Started process (PID=887) to work on /home/airflow/.local/lib/python3.7/site-packages/airflow/example_dags/example_trigger_target_dag.py
[2023-12-26T13:15:23.573+0000] {processor.py:758} INFO - Processing file /home/airflow/.local/lib/python3.7/site-packages/airflow/example_dags/example_trigger_target_dag.py for tasks to queue
[2023-12-26T13:15:23.581+0000] {logging_mixin.py:117} INFO - [2023-12-26T13:15:23.575+0000] {dagbag.py:525} INFO - Filling up the DagBag from /home/airflow/.local/lib/python3.7/site-packages/airflow/example_dags/example_trigger_target_dag.py
[2023-12-26T13:15:24.257+0000] {processor.py:768} INFO - DAG(s) dict_keys(['example_trigger_target_dag']) retrieved from /home/airflow/.local/lib/python3.7/site-packages/airflow/example_dags/example_trigger_target_dag.py
[2023-12-26T13:15:25.481+0000] {logging_mixin.py:117} INFO - [2023-12-26T13:15:25.480+0000] {dag.py:2573} INFO - Sync 1 DAGs
[2023-12-26T13:15:25.883+0000] {logging_mixin.py:117} INFO - [2023-12-26T13:15:25.883+0000] {dag.py:3328} INFO - Setting next_dagrun for example_trigger_target_dag to None, run_after=None
[2023-12-26T13:15:26.409+0000] {processor.py:178} INFO - Processing /home/airflow/.local/lib/python3.7/site-packages/airflow/example_dags/example_trigger_target_dag.py took 2.870 seconds
[2023-12-26T13:19:44.919+0000] {processor.py:156} INFO - Started process (PID=99) to work on /home/airflow/.local/lib/python3.7/site-packages/airflow/example_dags/example_trigger_target_dag.py
[2023-12-26T13:19:44.964+0000] {processor.py:758} INFO - Processing file /home/airflow/.local/lib/python3.7/site-packages/airflow/example_dags/example_trigger_target_dag.py for tasks to queue
[2023-12-26T13:19:45.012+0000] {logging_mixin.py:117} INFO - [2023-12-26T13:19:45.011+0000] {dagbag.py:525} INFO - Filling up the DagBag from /home/airflow/.local/lib/python3.7/site-packages/airflow/example_dags/example_trigger_target_dag.py
[2023-12-26T13:19:48.567+0000] {processor.py:768} INFO - DAG(s) dict_keys(['example_trigger_target_dag']) retrieved from /home/airflow/.local/lib/python3.7/site-packages/airflow/example_dags/example_trigger_target_dag.py
[2023-12-26T13:19:49.649+0000] {logging_mixin.py:117} INFO - [2023-12-26T13:19:49.641+0000] {dag.py:2573} INFO - Sync 1 DAGs
[2023-12-26T13:19:50.526+0000] {logging_mixin.py:117} INFO - [2023-12-26T13:19:50.522+0000] {dag.py:3328} INFO - Setting next_dagrun for example_trigger_target_dag to None, run_after=None
[2023-12-26T13:19:50.983+0000] {processor.py:178} INFO - Processing /home/airflow/.local/lib/python3.7/site-packages/airflow/example_dags/example_trigger_target_dag.py took 6.246 seconds
[2023-12-26T13:20:27.605+0000] {processor.py:156} INFO - Started process (PID=155) to work on /home/airflow/.local/lib/python3.7/site-packages/airflow/example_dags/example_trigger_target_dag.py
[2023-12-26T13:20:27.630+0000] {processor.py:758} INFO - Processing file /home/airflow/.local/lib/python3.7/site-packages/airflow/example_dags/example_trigger_target_dag.py for tasks to queue
[2023-12-26T13:20:27.635+0000] {logging_mixin.py:117} INFO - [2023-12-26T13:20:27.634+0000] {dagbag.py:525} INFO - Filling up the DagBag from /home/airflow/.local/lib/python3.7/site-packages/airflow/example_dags/example_trigger_target_dag.py
[2023-12-26T13:20:28.255+0000] {processor.py:768} INFO - DAG(s) dict_keys(['example_trigger_target_dag']) retrieved from /home/airflow/.local/lib/python3.7/site-packages/airflow/example_dags/example_trigger_target_dag.py
[2023-12-26T13:20:28.478+0000] {logging_mixin.py:117} INFO - [2023-12-26T13:20:28.477+0000] {dag.py:2573} INFO - Sync 1 DAGs
[2023-12-26T13:20:28.674+0000] {logging_mixin.py:117} INFO - [2023-12-26T13:20:28.673+0000] {dag.py:3328} INFO - Setting next_dagrun for example_trigger_target_dag to None, run_after=None
[2023-12-26T13:20:28.811+0000] {processor.py:178} INFO - Processing /home/airflow/.local/lib/python3.7/site-packages/airflow/example_dags/example_trigger_target_dag.py took 1.213 seconds
[2023-12-26T13:21:04.343+0000] {processor.py:156} INFO - Started process (PID=210) to work on /home/airflow/.local/lib/python3.7/site-packages/airflow/example_dags/example_trigger_target_dag.py
[2023-12-26T13:21:04.350+0000] {processor.py:758} INFO - Processing file /home/airflow/.local/lib/python3.7/site-packages/airflow/example_dags/example_trigger_target_dag.py for tasks to queue
[2023-12-26T13:21:04.364+0000] {logging_mixin.py:117} INFO - [2023-12-26T13:21:04.363+0000] {dagbag.py:525} INFO - Filling up the DagBag from /home/airflow/.local/lib/python3.7/site-packages/airflow/example_dags/example_trigger_target_dag.py
[2023-12-26T13:21:04.538+0000] {processor.py:768} INFO - DAG(s) dict_keys(['example_trigger_target_dag']) retrieved from /home/airflow/.local/lib/python3.7/site-packages/airflow/example_dags/example_trigger_target_dag.py
[2023-12-26T13:21:05.151+0000] {logging_mixin.py:117} INFO - [2023-12-26T13:21:05.151+0000] {dag.py:2573} INFO - Sync 1 DAGs
[2023-12-26T13:21:05.358+0000] {logging_mixin.py:117} INFO - [2023-12-26T13:21:05.358+0000] {dag.py:3328} INFO - Setting next_dagrun for example_trigger_target_dag to None, run_after=None
[2023-12-26T13:21:05.563+0000] {processor.py:178} INFO - Processing /home/airflow/.local/lib/python3.7/site-packages/airflow/example_dags/example_trigger_target_dag.py took 1.282 seconds
[2023-12-26T13:21:35.764+0000] {processor.py:156} INFO - Started process (PID=262) to work on /home/airflow/.local/lib/python3.7/site-packages/airflow/example_dags/example_trigger_target_dag.py
[2023-12-26T13:21:35.773+0000] {processor.py:758} INFO - Processing file /home/airflow/.local/lib/python3.7/site-packages/airflow/example_dags/example_trigger_target_dag.py for tasks to queue
[2023-12-26T13:21:35.777+0000] {logging_mixin.py:117} INFO - [2023-12-26T13:21:35.774+0000] {dagbag.py:525} INFO - Filling up the DagBag from /home/airflow/.local/lib/python3.7/site-packages/airflow/example_dags/example_trigger_target_dag.py
[2023-12-26T13:21:36.036+0000] {processor.py:768} INFO - DAG(s) dict_keys(['example_trigger_target_dag']) retrieved from /home/airflow/.local/lib/python3.7/site-packages/airflow/example_dags/example_trigger_target_dag.py
[2023-12-26T13:21:36.312+0000] {logging_mixin.py:117} INFO - [2023-12-26T13:21:36.311+0000] {dag.py:2573} INFO - Sync 1 DAGs
[2023-12-26T13:21:36.482+0000] {logging_mixin.py:117} INFO - [2023-12-26T13:21:36.482+0000] {dag.py:3328} INFO - Setting next_dagrun for example_trigger_target_dag to None, run_after=None
[2023-12-26T13:21:36.696+0000] {processor.py:178} INFO - Processing /home/airflow/.local/lib/python3.7/site-packages/airflow/example_dags/example_trigger_target_dag.py took 0.938 seconds
[2023-12-26T13:22:08.917+0000] {processor.py:156} INFO - Started process (PID=310) to work on /home/airflow/.local/lib/python3.7/site-packages/airflow/example_dags/example_trigger_target_dag.py
[2023-12-26T13:22:08.920+0000] {processor.py:758} INFO - Processing file /home/airflow/.local/lib/python3.7/site-packages/airflow/example_dags/example_trigger_target_dag.py for tasks to queue
[2023-12-26T13:22:08.921+0000] {logging_mixin.py:117} INFO - [2023-12-26T13:22:08.921+0000] {dagbag.py:525} INFO - Filling up the DagBag from /home/airflow/.local/lib/python3.7/site-packages/airflow/example_dags/example_trigger_target_dag.py
[2023-12-26T13:22:09.068+0000] {processor.py:768} INFO - DAG(s) dict_keys(['example_trigger_target_dag']) retrieved from /home/airflow/.local/lib/python3.7/site-packages/airflow/example_dags/example_trigger_target_dag.py
[2023-12-26T13:22:09.170+0000] {logging_mixin.py:117} INFO - [2023-12-26T13:22:09.169+0000] {dag.py:2573} INFO - Sync 1 DAGs
[2023-12-26T13:22:09.358+0000] {logging_mixin.py:117} INFO - [2023-12-26T13:22:09.357+0000] {dag.py:3328} INFO - Setting next_dagrun for example_trigger_target_dag to None, run_after=None
[2023-12-26T13:22:09.564+0000] {processor.py:178} INFO - Processing /home/airflow/.local/lib/python3.7/site-packages/airflow/example_dags/example_trigger_target_dag.py took 0.682 seconds
[2023-12-26T13:22:44.128+0000] {processor.py:156} INFO - Started process (PID=365) to work on /home/airflow/.local/lib/python3.7/site-packages/airflow/example_dags/example_trigger_target_dag.py
[2023-12-26T13:22:44.131+0000] {processor.py:758} INFO - Processing file /home/airflow/.local/lib/python3.7/site-packages/airflow/example_dags/example_trigger_target_dag.py for tasks to queue
[2023-12-26T13:22:44.133+0000] {logging_mixin.py:117} INFO - [2023-12-26T13:22:44.132+0000] {dagbag.py:525} INFO - Filling up the DagBag from /home/airflow/.local/lib/python3.7/site-packages/airflow/example_dags/example_trigger_target_dag.py
[2023-12-26T13:22:44.337+0000] {processor.py:768} INFO - DAG(s) dict_keys(['example_trigger_target_dag']) retrieved from /home/airflow/.local/lib/python3.7/site-packages/airflow/example_dags/example_trigger_target_dag.py
[2023-12-26T13:22:44.768+0000] {logging_mixin.py:117} INFO - [2023-12-26T13:22:44.767+0000] {dag.py:2573} INFO - Sync 1 DAGs
[2023-12-26T13:22:44.990+0000] {logging_mixin.py:117} INFO - [2023-12-26T13:22:44.989+0000] {dag.py:3328} INFO - Setting next_dagrun for example_trigger_target_dag to None, run_after=None
[2023-12-26T13:22:45.230+0000] {processor.py:178} INFO - Processing /home/airflow/.local/lib/python3.7/site-packages/airflow/example_dags/example_trigger_target_dag.py took 1.139 seconds
[2023-12-26T13:23:16.346+0000] {processor.py:156} INFO - Started process (PID=410) to work on /home/airflow/.local/lib/python3.7/site-packages/airflow/example_dags/example_trigger_target_dag.py
[2023-12-26T13:23:16.347+0000] {processor.py:758} INFO - Processing file /home/airflow/.local/lib/python3.7/site-packages/airflow/example_dags/example_trigger_target_dag.py for tasks to queue
[2023-12-26T13:23:16.349+0000] {logging_mixin.py:117} INFO - [2023-12-26T13:23:16.349+0000] {dagbag.py:525} INFO - Filling up the DagBag from /home/airflow/.local/lib/python3.7/site-packages/airflow/example_dags/example_trigger_target_dag.py
[2023-12-26T13:23:16.537+0000] {processor.py:768} INFO - DAG(s) dict_keys(['example_trigger_target_dag']) retrieved from /home/airflow/.local/lib/python3.7/site-packages/airflow/example_dags/example_trigger_target_dag.py
[2023-12-26T13:23:16.900+0000] {logging_mixin.py:117} INFO - [2023-12-26T13:23:16.900+0000] {dag.py:2573} INFO - Sync 1 DAGs
[2023-12-26T13:23:17.292+0000] {logging_mixin.py:117} INFO - [2023-12-26T13:23:17.292+0000] {dag.py:3328} INFO - Setting next_dagrun for example_trigger_target_dag to None, run_after=None
[2023-12-26T13:23:17.501+0000] {processor.py:178} INFO - Processing /home/airflow/.local/lib/python3.7/site-packages/airflow/example_dags/example_trigger_target_dag.py took 1.191 seconds
[2023-12-26T13:40:43.273+0000] {processor.py:156} INFO - Started process (PID=109) to work on /home/airflow/.local/lib/python3.7/site-packages/airflow/example_dags/example_trigger_target_dag.py
[2023-12-26T13:40:43.328+0000] {processor.py:758} INFO - Processing file /home/airflow/.local/lib/python3.7/site-packages/airflow/example_dags/example_trigger_target_dag.py for tasks to queue
[2023-12-26T13:40:43.334+0000] {logging_mixin.py:117} INFO - [2023-12-26T13:40:43.334+0000] {dagbag.py:525} INFO - Filling up the DagBag from /home/airflow/.local/lib/python3.7/site-packages/airflow/example_dags/example_trigger_target_dag.py
[2023-12-26T13:40:44.010+0000] {processor.py:768} INFO - DAG(s) dict_keys(['example_trigger_target_dag']) retrieved from /home/airflow/.local/lib/python3.7/site-packages/airflow/example_dags/example_trigger_target_dag.py
[2023-12-26T13:40:44.767+0000] {logging_mixin.py:117} INFO - [2023-12-26T13:40:44.767+0000] {dag.py:2573} INFO - Sync 1 DAGs
[2023-12-26T13:40:45.458+0000] {logging_mixin.py:117} INFO - [2023-12-26T13:40:45.458+0000] {dag.py:3328} INFO - Setting next_dagrun for example_trigger_target_dag to None, run_after=None
[2023-12-26T13:40:46.054+0000] {processor.py:178} INFO - Processing /home/airflow/.local/lib/python3.7/site-packages/airflow/example_dags/example_trigger_target_dag.py took 2.907 seconds
[2023-12-26T13:41:30.278+0000] {processor.py:156} INFO - Started process (PID=167) to work on /home/airflow/.local/lib/python3.7/site-packages/airflow/example_dags/example_trigger_target_dag.py
[2023-12-26T13:41:30.281+0000] {processor.py:758} INFO - Processing file /home/airflow/.local/lib/python3.7/site-packages/airflow/example_dags/example_trigger_target_dag.py for tasks to queue
[2023-12-26T13:41:30.282+0000] {logging_mixin.py:117} INFO - [2023-12-26T13:41:30.282+0000] {dagbag.py:525} INFO - Filling up the DagBag from /home/airflow/.local/lib/python3.7/site-packages/airflow/example_dags/example_trigger_target_dag.py
[2023-12-26T13:41:30.591+0000] {processor.py:768} INFO - DAG(s) dict_keys(['example_trigger_target_dag']) retrieved from /home/airflow/.local/lib/python3.7/site-packages/airflow/example_dags/example_trigger_target_dag.py
[2023-12-26T13:41:30.921+0000] {logging_mixin.py:117} INFO - [2023-12-26T13:41:30.920+0000] {dag.py:2573} INFO - Sync 1 DAGs
[2023-12-26T13:41:31.211+0000] {logging_mixin.py:117} INFO - [2023-12-26T13:41:31.211+0000] {dag.py:3328} INFO - Setting next_dagrun for example_trigger_target_dag to None, run_after=None
[2023-12-26T13:41:31.349+0000] {processor.py:178} INFO - Processing /home/airflow/.local/lib/python3.7/site-packages/airflow/example_dags/example_trigger_target_dag.py took 1.086 seconds
[2023-12-26T13:42:02.074+0000] {processor.py:156} INFO - Started process (PID=223) to work on /home/airflow/.local/lib/python3.7/site-packages/airflow/example_dags/example_trigger_target_dag.py
[2023-12-26T13:42:02.096+0000] {processor.py:758} INFO - Processing file /home/airflow/.local/lib/python3.7/site-packages/airflow/example_dags/example_trigger_target_dag.py for tasks to queue
[2023-12-26T13:42:02.098+0000] {logging_mixin.py:117} INFO - [2023-12-26T13:42:02.097+0000] {dagbag.py:525} INFO - Filling up the DagBag from /home/airflow/.local/lib/python3.7/site-packages/airflow/example_dags/example_trigger_target_dag.py
[2023-12-26T13:42:02.177+0000] {processor.py:768} INFO - DAG(s) dict_keys(['example_trigger_target_dag']) retrieved from /home/airflow/.local/lib/python3.7/site-packages/airflow/example_dags/example_trigger_target_dag.py
[2023-12-26T13:42:02.284+0000] {logging_mixin.py:117} INFO - [2023-12-26T13:42:02.284+0000] {dag.py:2573} INFO - Sync 1 DAGs
[2023-12-26T13:42:02.356+0000] {logging_mixin.py:117} INFO - [2023-12-26T13:42:02.355+0000] {dag.py:3328} INFO - Setting next_dagrun for example_trigger_target_dag to None, run_after=None
[2023-12-26T13:42:02.485+0000] {processor.py:178} INFO - Processing /home/airflow/.local/lib/python3.7/site-packages/airflow/example_dags/example_trigger_target_dag.py took 0.417 seconds
[2023-12-26T13:42:33.103+0000] {processor.py:156} INFO - Started process (PID=279) to work on /home/airflow/.local/lib/python3.7/site-packages/airflow/example_dags/example_trigger_target_dag.py
[2023-12-26T13:42:33.105+0000] {processor.py:758} INFO - Processing file /home/airflow/.local/lib/python3.7/site-packages/airflow/example_dags/example_trigger_target_dag.py for tasks to queue
[2023-12-26T13:42:33.106+0000] {logging_mixin.py:117} INFO - [2023-12-26T13:42:33.106+0000] {dagbag.py:525} INFO - Filling up the DagBag from /home/airflow/.local/lib/python3.7/site-packages/airflow/example_dags/example_trigger_target_dag.py
[2023-12-26T13:42:33.165+0000] {processor.py:768} INFO - DAG(s) dict_keys(['example_trigger_target_dag']) retrieved from /home/airflow/.local/lib/python3.7/site-packages/airflow/example_dags/example_trigger_target_dag.py
[2023-12-26T13:42:33.296+0000] {logging_mixin.py:117} INFO - [2023-12-26T13:42:33.296+0000] {dag.py:2573} INFO - Sync 1 DAGs
[2023-12-26T13:42:33.363+0000] {logging_mixin.py:117} INFO - [2023-12-26T13:42:33.363+0000] {dag.py:3328} INFO - Setting next_dagrun for example_trigger_target_dag to None, run_after=None
[2023-12-26T13:42:33.417+0000] {processor.py:178} INFO - Processing /home/airflow/.local/lib/python3.7/site-packages/airflow/example_dags/example_trigger_target_dag.py took 0.320 seconds
[2023-12-26T13:43:03.866+0000] {processor.py:156} INFO - Started process (PID=337) to work on /home/airflow/.local/lib/python3.7/site-packages/airflow/example_dags/example_trigger_target_dag.py
[2023-12-26T13:43:03.868+0000] {processor.py:758} INFO - Processing file /home/airflow/.local/lib/python3.7/site-packages/airflow/example_dags/example_trigger_target_dag.py for tasks to queue
[2023-12-26T13:43:03.870+0000] {logging_mixin.py:117} INFO - [2023-12-26T13:43:03.869+0000] {dagbag.py:525} INFO - Filling up the DagBag from /home/airflow/.local/lib/python3.7/site-packages/airflow/example_dags/example_trigger_target_dag.py
[2023-12-26T13:43:03.928+0000] {processor.py:768} INFO - DAG(s) dict_keys(['example_trigger_target_dag']) retrieved from /home/airflow/.local/lib/python3.7/site-packages/airflow/example_dags/example_trigger_target_dag.py
[2023-12-26T13:43:04.034+0000] {logging_mixin.py:117} INFO - [2023-12-26T13:43:04.034+0000] {dag.py:2573} INFO - Sync 1 DAGs
[2023-12-26T13:43:04.105+0000] {logging_mixin.py:117} INFO - [2023-12-26T13:43:04.105+0000] {dag.py:3328} INFO - Setting next_dagrun for example_trigger_target_dag to None, run_after=None
[2023-12-26T13:43:04.183+0000] {processor.py:178} INFO - Processing /home/airflow/.local/lib/python3.7/site-packages/airflow/example_dags/example_trigger_target_dag.py took 0.324 seconds
[2023-12-26T13:43:38.241+0000] {processor.py:156} INFO - Started process (PID=393) to work on /home/airflow/.local/lib/python3.7/site-packages/airflow/example_dags/example_trigger_target_dag.py
[2023-12-26T13:43:38.269+0000] {processor.py:758} INFO - Processing file /home/airflow/.local/lib/python3.7/site-packages/airflow/example_dags/example_trigger_target_dag.py for tasks to queue
[2023-12-26T13:43:38.271+0000] {logging_mixin.py:117} INFO - [2023-12-26T13:43:38.270+0000] {dagbag.py:525} INFO - Filling up the DagBag from /home/airflow/.local/lib/python3.7/site-packages/airflow/example_dags/example_trigger_target_dag.py
[2023-12-26T13:43:38.336+0000] {processor.py:768} INFO - DAG(s) dict_keys(['example_trigger_target_dag']) retrieved from /home/airflow/.local/lib/python3.7/site-packages/airflow/example_dags/example_trigger_target_dag.py
[2023-12-26T13:43:38.464+0000] {logging_mixin.py:117} INFO - [2023-12-26T13:43:38.464+0000] {dag.py:2573} INFO - Sync 1 DAGs
[2023-12-26T13:43:38.548+0000] {logging_mixin.py:117} INFO - [2023-12-26T13:43:38.548+0000] {dag.py:3328} INFO - Setting next_dagrun for example_trigger_target_dag to None, run_after=None
[2023-12-26T13:43:38.605+0000] {processor.py:178} INFO - Processing /home/airflow/.local/lib/python3.7/site-packages/airflow/example_dags/example_trigger_target_dag.py took 0.372 seconds
[2023-12-26T13:44:18.394+0000] {processor.py:156} INFO - Started process (PID=450) to work on /home/airflow/.local/lib/python3.7/site-packages/airflow/example_dags/example_trigger_target_dag.py
[2023-12-26T13:44:18.429+0000] {processor.py:758} INFO - Processing file /home/airflow/.local/lib/python3.7/site-packages/airflow/example_dags/example_trigger_target_dag.py for tasks to queue
[2023-12-26T13:44:18.432+0000] {logging_mixin.py:117} INFO - [2023-12-26T13:44:18.432+0000] {dagbag.py:525} INFO - Filling up the DagBag from /home/airflow/.local/lib/python3.7/site-packages/airflow/example_dags/example_trigger_target_dag.py
[2023-12-26T13:44:18.728+0000] {processor.py:768} INFO - DAG(s) dict_keys(['example_trigger_target_dag']) retrieved from /home/airflow/.local/lib/python3.7/site-packages/airflow/example_dags/example_trigger_target_dag.py
[2023-12-26T13:44:19.305+0000] {logging_mixin.py:117} INFO - [2023-12-26T13:44:19.281+0000] {dag.py:2573} INFO - Sync 1 DAGs
[2023-12-26T13:44:20.066+0000] {logging_mixin.py:117} INFO - [2023-12-26T13:44:20.066+0000] {dag.py:3328} INFO - Setting next_dagrun for example_trigger_target_dag to None, run_after=None
[2023-12-26T13:44:20.436+0000] {processor.py:178} INFO - Processing /home/airflow/.local/lib/python3.7/site-packages/airflow/example_dags/example_trigger_target_dag.py took 2.164 seconds
[2023-12-26T13:45:12.364+0000] {processor.py:156} INFO - Started process (PID=512) to work on /home/airflow/.local/lib/python3.7/site-packages/airflow/example_dags/example_trigger_target_dag.py
[2023-12-26T13:45:12.370+0000] {processor.py:758} INFO - Processing file /home/airflow/.local/lib/python3.7/site-packages/airflow/example_dags/example_trigger_target_dag.py for tasks to queue
[2023-12-26T13:45:12.372+0000] {logging_mixin.py:117} INFO - [2023-12-26T13:45:12.371+0000] {dagbag.py:525} INFO - Filling up the DagBag from /home/airflow/.local/lib/python3.7/site-packages/airflow/example_dags/example_trigger_target_dag.py
[2023-12-26T13:45:12.592+0000] {processor.py:768} INFO - DAG(s) dict_keys(['example_trigger_target_dag']) retrieved from /home/airflow/.local/lib/python3.7/site-packages/airflow/example_dags/example_trigger_target_dag.py
[2023-12-26T13:45:12.984+0000] {logging_mixin.py:117} INFO - [2023-12-26T13:45:12.983+0000] {dag.py:2573} INFO - Sync 1 DAGs
[2023-12-26T13:45:13.110+0000] {logging_mixin.py:117} INFO - [2023-12-26T13:45:13.110+0000] {dag.py:3328} INFO - Setting next_dagrun for example_trigger_target_dag to None, run_after=None
[2023-12-26T13:45:13.357+0000] {processor.py:178} INFO - Processing /home/airflow/.local/lib/python3.7/site-packages/airflow/example_dags/example_trigger_target_dag.py took 1.035 seconds
[2023-12-26T13:45:49.022+0000] {processor.py:156} INFO - Started process (PID=560) to work on /home/airflow/.local/lib/python3.7/site-packages/airflow/example_dags/example_trigger_target_dag.py
[2023-12-26T13:45:49.064+0000] {processor.py:758} INFO - Processing file /home/airflow/.local/lib/python3.7/site-packages/airflow/example_dags/example_trigger_target_dag.py for tasks to queue
[2023-12-26T13:45:49.072+0000] {logging_mixin.py:117} INFO - [2023-12-26T13:45:49.071+0000] {dagbag.py:525} INFO - Filling up the DagBag from /home/airflow/.local/lib/python3.7/site-packages/airflow/example_dags/example_trigger_target_dag.py
[2023-12-26T13:45:50.219+0000] {processor.py:768} INFO - DAG(s) dict_keys(['example_trigger_target_dag']) retrieved from /home/airflow/.local/lib/python3.7/site-packages/airflow/example_dags/example_trigger_target_dag.py
[2023-12-26T13:45:51.170+0000] {logging_mixin.py:117} INFO - [2023-12-26T13:45:51.170+0000] {dag.py:2573} INFO - Sync 1 DAGs
[2023-12-26T13:45:51.894+0000] {logging_mixin.py:117} INFO - [2023-12-26T13:45:51.893+0000] {dag.py:3328} INFO - Setting next_dagrun for example_trigger_target_dag to None, run_after=None
[2023-12-26T13:45:52.056+0000] {processor.py:178} INFO - Processing /home/airflow/.local/lib/python3.7/site-packages/airflow/example_dags/example_trigger_target_dag.py took 3.165 seconds
