[2023-12-26T13:05:22.811+0000] {processor.py:156} INFO - Started process (PID=142) to work on /home/airflow/.local/lib/python3.7/site-packages/airflow/example_dags/example_nested_branch_dag.py
[2023-12-26T13:05:22.816+0000] {processor.py:758} INFO - Processing file /home/airflow/.local/lib/python3.7/site-packages/airflow/example_dags/example_nested_branch_dag.py for tasks to queue
[2023-12-26T13:05:22.853+0000] {logging_mixin.py:117} INFO - [2023-12-26T13:05:22.853+0000] {dagbag.py:525} INFO - Filling up the DagBag from /home/airflow/.local/lib/python3.7/site-packages/airflow/example_dags/example_nested_branch_dag.py
[2023-12-26T13:05:23.498+0000] {processor.py:768} INFO - DAG(s) dict_keys(['example_nested_branch_dag']) retrieved from /home/airflow/.local/lib/python3.7/site-packages/airflow/example_dags/example_nested_branch_dag.py
[2023-12-26T13:05:24.859+0000] {logging_mixin.py:117} INFO - [2023-12-26T13:05:24.840+0000] {dag.py:2573} INFO - Sync 1 DAGs
[2023-12-26T13:05:25.451+0000] {logging_mixin.py:117} INFO - [2023-12-26T13:05:25.451+0000] {dag.py:3328} INFO - Setting next_dagrun for example_nested_branch_dag to 2023-12-25T00:00:00+00:00, run_after=2023-12-26T00:00:00+00:00
[2023-12-26T13:05:25.935+0000] {processor.py:178} INFO - Processing /home/airflow/.local/lib/python3.7/site-packages/airflow/example_dags/example_nested_branch_dag.py took 3.361 seconds
[2023-12-26T13:07:51.859+0000] {processor.py:156} INFO - Started process (PID=255) to work on /home/airflow/.local/lib/python3.7/site-packages/airflow/example_dags/example_nested_branch_dag.py
[2023-12-26T13:07:51.896+0000] {processor.py:758} INFO - Processing file /home/airflow/.local/lib/python3.7/site-packages/airflow/example_dags/example_nested_branch_dag.py for tasks to queue
[2023-12-26T13:07:51.898+0000] {logging_mixin.py:117} INFO - [2023-12-26T13:07:51.898+0000] {dagbag.py:525} INFO - Filling up the DagBag from /home/airflow/.local/lib/python3.7/site-packages/airflow/example_dags/example_nested_branch_dag.py
[2023-12-26T13:07:52.520+0000] {processor.py:768} INFO - DAG(s) dict_keys(['example_nested_branch_dag']) retrieved from /home/airflow/.local/lib/python3.7/site-packages/airflow/example_dags/example_nested_branch_dag.py
[2023-12-26T13:07:53.856+0000] {logging_mixin.py:117} INFO - [2023-12-26T13:07:53.855+0000] {dag.py:2573} INFO - Sync 1 DAGs
[2023-12-26T13:07:54.837+0000] {logging_mixin.py:117} INFO - [2023-12-26T13:07:54.837+0000] {dag.py:3328} INFO - Setting next_dagrun for example_nested_branch_dag to 2023-12-25T00:00:00+00:00, run_after=2023-12-26T00:00:00+00:00
[2023-12-26T13:07:55.495+0000] {processor.py:178} INFO - Processing /home/airflow/.local/lib/python3.7/site-packages/airflow/example_dags/example_nested_branch_dag.py took 3.677 seconds
[2023-12-26T13:09:07.248+0000] {processor.py:156} INFO - Started process (PID=325) to work on /home/airflow/.local/lib/python3.7/site-packages/airflow/example_dags/example_nested_branch_dag.py
[2023-12-26T13:09:07.251+0000] {processor.py:758} INFO - Processing file /home/airflow/.local/lib/python3.7/site-packages/airflow/example_dags/example_nested_branch_dag.py for tasks to queue
[2023-12-26T13:09:07.278+0000] {logging_mixin.py:117} INFO - [2023-12-26T13:09:07.277+0000] {dagbag.py:525} INFO - Filling up the DagBag from /home/airflow/.local/lib/python3.7/site-packages/airflow/example_dags/example_nested_branch_dag.py
[2023-12-26T13:09:08.608+0000] {processor.py:768} INFO - DAG(s) dict_keys(['example_nested_branch_dag']) retrieved from /home/airflow/.local/lib/python3.7/site-packages/airflow/example_dags/example_nested_branch_dag.py
[2023-12-26T13:09:09.657+0000] {logging_mixin.py:117} INFO - [2023-12-26T13:09:09.657+0000] {dag.py:2573} INFO - Sync 1 DAGs
[2023-12-26T13:09:10.165+0000] {logging_mixin.py:117} INFO - [2023-12-26T13:09:10.164+0000] {dag.py:3328} INFO - Setting next_dagrun for example_nested_branch_dag to 2023-12-25T00:00:00+00:00, run_after=2023-12-26T00:00:00+00:00
[2023-12-26T13:09:10.628+0000] {processor.py:178} INFO - Processing /home/airflow/.local/lib/python3.7/site-packages/airflow/example_dags/example_nested_branch_dag.py took 3.484 seconds
[2023-12-26T13:09:40.816+0000] {processor.py:156} INFO - Started process (PID=380) to work on /home/airflow/.local/lib/python3.7/site-packages/airflow/example_dags/example_nested_branch_dag.py
[2023-12-26T13:09:40.841+0000] {processor.py:758} INFO - Processing file /home/airflow/.local/lib/python3.7/site-packages/airflow/example_dags/example_nested_branch_dag.py for tasks to queue
[2023-12-26T13:09:40.843+0000] {logging_mixin.py:117} INFO - [2023-12-26T13:09:40.842+0000] {dagbag.py:525} INFO - Filling up the DagBag from /home/airflow/.local/lib/python3.7/site-packages/airflow/example_dags/example_nested_branch_dag.py
[2023-12-26T13:09:40.915+0000] {processor.py:768} INFO - DAG(s) dict_keys(['example_nested_branch_dag']) retrieved from /home/airflow/.local/lib/python3.7/site-packages/airflow/example_dags/example_nested_branch_dag.py
[2023-12-26T13:09:41.019+0000] {logging_mixin.py:117} INFO - [2023-12-26T13:09:41.019+0000] {dag.py:2573} INFO - Sync 1 DAGs
[2023-12-26T13:09:41.095+0000] {logging_mixin.py:117} INFO - [2023-12-26T13:09:41.095+0000] {dag.py:3328} INFO - Setting next_dagrun for example_nested_branch_dag to 2023-12-25T00:00:00+00:00, run_after=2023-12-26T00:00:00+00:00
[2023-12-26T13:09:41.183+0000] {processor.py:178} INFO - Processing /home/airflow/.local/lib/python3.7/site-packages/airflow/example_dags/example_nested_branch_dag.py took 0.374 seconds
[2023-12-26T13:10:12.328+0000] {processor.py:156} INFO - Started process (PID=429) to work on /home/airflow/.local/lib/python3.7/site-packages/airflow/example_dags/example_nested_branch_dag.py
[2023-12-26T13:10:12.388+0000] {processor.py:758} INFO - Processing file /home/airflow/.local/lib/python3.7/site-packages/airflow/example_dags/example_nested_branch_dag.py for tasks to queue
[2023-12-26T13:10:12.390+0000] {logging_mixin.py:117} INFO - [2023-12-26T13:10:12.389+0000] {dagbag.py:525} INFO - Filling up the DagBag from /home/airflow/.local/lib/python3.7/site-packages/airflow/example_dags/example_nested_branch_dag.py
[2023-12-26T13:10:12.822+0000] {processor.py:768} INFO - DAG(s) dict_keys(['example_nested_branch_dag']) retrieved from /home/airflow/.local/lib/python3.7/site-packages/airflow/example_dags/example_nested_branch_dag.py
[2023-12-26T13:10:13.342+0000] {logging_mixin.py:117} INFO - [2023-12-26T13:10:13.341+0000] {dag.py:2573} INFO - Sync 1 DAGs
[2023-12-26T13:10:13.605+0000] {logging_mixin.py:117} INFO - [2023-12-26T13:10:13.604+0000] {dag.py:3328} INFO - Setting next_dagrun for example_nested_branch_dag to 2023-12-25T00:00:00+00:00, run_after=2023-12-26T00:00:00+00:00
[2023-12-26T13:10:13.924+0000] {processor.py:178} INFO - Processing /home/airflow/.local/lib/python3.7/site-packages/airflow/example_dags/example_nested_branch_dag.py took 1.615 seconds
[2023-12-26T13:10:44.014+0000] {processor.py:156} INFO - Started process (PID=482) to work on /home/airflow/.local/lib/python3.7/site-packages/airflow/example_dags/example_nested_branch_dag.py
[2023-12-26T13:10:44.048+0000] {processor.py:758} INFO - Processing file /home/airflow/.local/lib/python3.7/site-packages/airflow/example_dags/example_nested_branch_dag.py for tasks to queue
[2023-12-26T13:10:44.049+0000] {logging_mixin.py:117} INFO - [2023-12-26T13:10:44.049+0000] {dagbag.py:525} INFO - Filling up the DagBag from /home/airflow/.local/lib/python3.7/site-packages/airflow/example_dags/example_nested_branch_dag.py
[2023-12-26T13:10:44.241+0000] {processor.py:768} INFO - DAG(s) dict_keys(['example_nested_branch_dag']) retrieved from /home/airflow/.local/lib/python3.7/site-packages/airflow/example_dags/example_nested_branch_dag.py
[2023-12-26T13:10:44.474+0000] {logging_mixin.py:117} INFO - [2023-12-26T13:10:44.474+0000] {dag.py:2573} INFO - Sync 1 DAGs
[2023-12-26T13:10:44.785+0000] {logging_mixin.py:117} INFO - [2023-12-26T13:10:44.785+0000] {dag.py:3328} INFO - Setting next_dagrun for example_nested_branch_dag to 2023-12-25T00:00:00+00:00, run_after=2023-12-26T00:00:00+00:00
[2023-12-26T13:10:44.971+0000] {processor.py:178} INFO - Processing /home/airflow/.local/lib/python3.7/site-packages/airflow/example_dags/example_nested_branch_dag.py took 0.975 seconds
[2023-12-26T13:11:15.372+0000] {processor.py:156} INFO - Started process (PID=537) to work on /home/airflow/.local/lib/python3.7/site-packages/airflow/example_dags/example_nested_branch_dag.py
[2023-12-26T13:11:15.377+0000] {processor.py:758} INFO - Processing file /home/airflow/.local/lib/python3.7/site-packages/airflow/example_dags/example_nested_branch_dag.py for tasks to queue
[2023-12-26T13:11:15.378+0000] {logging_mixin.py:117} INFO - [2023-12-26T13:11:15.378+0000] {dagbag.py:525} INFO - Filling up the DagBag from /home/airflow/.local/lib/python3.7/site-packages/airflow/example_dags/example_nested_branch_dag.py
[2023-12-26T13:11:15.522+0000] {processor.py:768} INFO - DAG(s) dict_keys(['example_nested_branch_dag']) retrieved from /home/airflow/.local/lib/python3.7/site-packages/airflow/example_dags/example_nested_branch_dag.py
[2023-12-26T13:11:15.706+0000] {logging_mixin.py:117} INFO - [2023-12-26T13:11:15.705+0000] {dag.py:2573} INFO - Sync 1 DAGs
[2023-12-26T13:11:15.823+0000] {logging_mixin.py:117} INFO - [2023-12-26T13:11:15.823+0000] {dag.py:3328} INFO - Setting next_dagrun for example_nested_branch_dag to 2023-12-25T00:00:00+00:00, run_after=2023-12-26T00:00:00+00:00
[2023-12-26T13:11:15.938+0000] {processor.py:178} INFO - Processing /home/airflow/.local/lib/python3.7/site-packages/airflow/example_dags/example_nested_branch_dag.py took 0.572 seconds
[2023-12-26T13:11:46.544+0000] {processor.py:156} INFO - Started process (PID=591) to work on /home/airflow/.local/lib/python3.7/site-packages/airflow/example_dags/example_nested_branch_dag.py
[2023-12-26T13:11:46.592+0000] {processor.py:758} INFO - Processing file /home/airflow/.local/lib/python3.7/site-packages/airflow/example_dags/example_nested_branch_dag.py for tasks to queue
[2023-12-26T13:11:46.593+0000] {logging_mixin.py:117} INFO - [2023-12-26T13:11:46.593+0000] {dagbag.py:525} INFO - Filling up the DagBag from /home/airflow/.local/lib/python3.7/site-packages/airflow/example_dags/example_nested_branch_dag.py
[2023-12-26T13:11:46.656+0000] {processor.py:768} INFO - DAG(s) dict_keys(['example_nested_branch_dag']) retrieved from /home/airflow/.local/lib/python3.7/site-packages/airflow/example_dags/example_nested_branch_dag.py
[2023-12-26T13:11:46.754+0000] {logging_mixin.py:117} INFO - [2023-12-26T13:11:46.754+0000] {dag.py:2573} INFO - Sync 1 DAGs
[2023-12-26T13:11:46.829+0000] {logging_mixin.py:117} INFO - [2023-12-26T13:11:46.829+0000] {dag.py:3328} INFO - Setting next_dagrun for example_nested_branch_dag to 2023-12-25T00:00:00+00:00, run_after=2023-12-26T00:00:00+00:00
[2023-12-26T13:11:46.916+0000] {processor.py:178} INFO - Processing /home/airflow/.local/lib/python3.7/site-packages/airflow/example_dags/example_nested_branch_dag.py took 0.381 seconds
[2023-12-26T13:12:16.987+0000] {processor.py:156} INFO - Started process (PID=645) to work on /home/airflow/.local/lib/python3.7/site-packages/airflow/example_dags/example_nested_branch_dag.py
[2023-12-26T13:12:16.988+0000] {processor.py:758} INFO - Processing file /home/airflow/.local/lib/python3.7/site-packages/airflow/example_dags/example_nested_branch_dag.py for tasks to queue
[2023-12-26T13:12:16.989+0000] {logging_mixin.py:117} INFO - [2023-12-26T13:12:16.989+0000] {dagbag.py:525} INFO - Filling up the DagBag from /home/airflow/.local/lib/python3.7/site-packages/airflow/example_dags/example_nested_branch_dag.py
[2023-12-26T13:12:17.252+0000] {processor.py:768} INFO - DAG(s) dict_keys(['example_nested_branch_dag']) retrieved from /home/airflow/.local/lib/python3.7/site-packages/airflow/example_dags/example_nested_branch_dag.py
[2023-12-26T13:12:17.408+0000] {logging_mixin.py:117} INFO - [2023-12-26T13:12:17.408+0000] {dag.py:2573} INFO - Sync 1 DAGs
[2023-12-26T13:12:17.481+0000] {logging_mixin.py:117} INFO - [2023-12-26T13:12:17.480+0000] {dag.py:3328} INFO - Setting next_dagrun for example_nested_branch_dag to 2023-12-25T00:00:00+00:00, run_after=2023-12-26T00:00:00+00:00
[2023-12-26T13:12:17.710+0000] {processor.py:178} INFO - Processing /home/airflow/.local/lib/python3.7/site-packages/airflow/example_dags/example_nested_branch_dag.py took 0.735 seconds
[2023-12-26T13:13:07.504+0000] {processor.py:156} INFO - Started process (PID=710) to work on /home/airflow/.local/lib/python3.7/site-packages/airflow/example_dags/example_nested_branch_dag.py
[2023-12-26T13:13:07.569+0000] {processor.py:758} INFO - Processing file /home/airflow/.local/lib/python3.7/site-packages/airflow/example_dags/example_nested_branch_dag.py for tasks to queue
[2023-12-26T13:13:07.571+0000] {logging_mixin.py:117} INFO - [2023-12-26T13:13:07.571+0000] {dagbag.py:525} INFO - Filling up the DagBag from /home/airflow/.local/lib/python3.7/site-packages/airflow/example_dags/example_nested_branch_dag.py
[2023-12-26T13:13:08.491+0000] {processor.py:768} INFO - DAG(s) dict_keys(['example_nested_branch_dag']) retrieved from /home/airflow/.local/lib/python3.7/site-packages/airflow/example_dags/example_nested_branch_dag.py
[2023-12-26T13:13:10.089+0000] {logging_mixin.py:117} INFO - [2023-12-26T13:13:10.060+0000] {dag.py:2573} INFO - Sync 1 DAGs
[2023-12-26T13:13:11.189+0000] {logging_mixin.py:117} INFO - [2023-12-26T13:13:11.189+0000] {dag.py:3328} INFO - Setting next_dagrun for example_nested_branch_dag to 2023-12-25T00:00:00+00:00, run_after=2023-12-26T00:00:00+00:00
[2023-12-26T13:13:11.805+0000] {processor.py:178} INFO - Processing /home/airflow/.local/lib/python3.7/site-packages/airflow/example_dags/example_nested_branch_dag.py took 4.493 seconds
[2023-12-26T13:14:29.929+0000] {processor.py:156} INFO - Started process (PID=794) to work on /home/airflow/.local/lib/python3.7/site-packages/airflow/example_dags/example_nested_branch_dag.py
[2023-12-26T13:14:29.935+0000] {processor.py:758} INFO - Processing file /home/airflow/.local/lib/python3.7/site-packages/airflow/example_dags/example_nested_branch_dag.py for tasks to queue
[2023-12-26T13:14:29.937+0000] {logging_mixin.py:117} INFO - [2023-12-26T13:14:29.937+0000] {dagbag.py:525} INFO - Filling up the DagBag from /home/airflow/.local/lib/python3.7/site-packages/airflow/example_dags/example_nested_branch_dag.py
[2023-12-26T13:14:30.345+0000] {processor.py:768} INFO - DAG(s) dict_keys(['example_nested_branch_dag']) retrieved from /home/airflow/.local/lib/python3.7/site-packages/airflow/example_dags/example_nested_branch_dag.py
[2023-12-26T13:14:30.727+0000] {logging_mixin.py:117} INFO - [2023-12-26T13:14:30.727+0000] {dag.py:2573} INFO - Sync 1 DAGs
[2023-12-26T13:14:31.067+0000] {logging_mixin.py:117} INFO - [2023-12-26T13:14:31.067+0000] {dag.py:3328} INFO - Setting next_dagrun for example_nested_branch_dag to 2023-12-25T00:00:00+00:00, run_after=2023-12-26T00:00:00+00:00
[2023-12-26T13:14:31.338+0000] {processor.py:178} INFO - Processing /home/airflow/.local/lib/python3.7/site-packages/airflow/example_dags/example_nested_branch_dag.py took 1.424 seconds
[2023-12-26T13:15:01.558+0000] {processor.py:156} INFO - Started process (PID=848) to work on /home/airflow/.local/lib/python3.7/site-packages/airflow/example_dags/example_nested_branch_dag.py
[2023-12-26T13:15:01.559+0000] {processor.py:758} INFO - Processing file /home/airflow/.local/lib/python3.7/site-packages/airflow/example_dags/example_nested_branch_dag.py for tasks to queue
[2023-12-26T13:15:01.561+0000] {logging_mixin.py:117} INFO - [2023-12-26T13:15:01.561+0000] {dagbag.py:525} INFO - Filling up the DagBag from /home/airflow/.local/lib/python3.7/site-packages/airflow/example_dags/example_nested_branch_dag.py
[2023-12-26T13:15:01.648+0000] {processor.py:768} INFO - DAG(s) dict_keys(['example_nested_branch_dag']) retrieved from /home/airflow/.local/lib/python3.7/site-packages/airflow/example_dags/example_nested_branch_dag.py
[2023-12-26T13:15:01.758+0000] {logging_mixin.py:117} INFO - [2023-12-26T13:15:01.757+0000] {dag.py:2573} INFO - Sync 1 DAGs
[2023-12-26T13:15:01.837+0000] {logging_mixin.py:117} INFO - [2023-12-26T13:15:01.836+0000] {dag.py:3328} INFO - Setting next_dagrun for example_nested_branch_dag to 2023-12-25T00:00:00+00:00, run_after=2023-12-26T00:00:00+00:00
[2023-12-26T13:15:01.928+0000] {processor.py:178} INFO - Processing /home/airflow/.local/lib/python3.7/site-packages/airflow/example_dags/example_nested_branch_dag.py took 0.377 seconds
[2023-12-26T13:15:38.766+0000] {processor.py:156} INFO - Started process (PID=899) to work on /home/airflow/.local/lib/python3.7/site-packages/airflow/example_dags/example_nested_branch_dag.py
[2023-12-26T13:15:38.773+0000] {processor.py:758} INFO - Processing file /home/airflow/.local/lib/python3.7/site-packages/airflow/example_dags/example_nested_branch_dag.py for tasks to queue
[2023-12-26T13:15:38.780+0000] {logging_mixin.py:117} INFO - [2023-12-26T13:15:38.774+0000] {dagbag.py:525} INFO - Filling up the DagBag from /home/airflow/.local/lib/python3.7/site-packages/airflow/example_dags/example_nested_branch_dag.py
[2023-12-26T13:15:39.588+0000] {processor.py:768} INFO - DAG(s) dict_keys(['example_nested_branch_dag']) retrieved from /home/airflow/.local/lib/python3.7/site-packages/airflow/example_dags/example_nested_branch_dag.py
[2023-12-26T13:15:40.658+0000] {logging_mixin.py:117} INFO - [2023-12-26T13:15:40.656+0000] {dag.py:2573} INFO - Sync 1 DAGs
[2023-12-26T13:15:42.026+0000] {logging_mixin.py:117} INFO - [2023-12-26T13:15:42.026+0000] {dag.py:3328} INFO - Setting next_dagrun for example_nested_branch_dag to 2023-12-25T00:00:00+00:00, run_after=2023-12-26T00:00:00+00:00
[2023-12-26T13:15:42.795+0000] {processor.py:178} INFO - Processing /home/airflow/.local/lib/python3.7/site-packages/airflow/example_dags/example_nested_branch_dag.py took 4.225 seconds
[2023-12-26T13:20:09.864+0000] {processor.py:156} INFO - Started process (PID=123) to work on /home/airflow/.local/lib/python3.7/site-packages/airflow/example_dags/example_nested_branch_dag.py
[2023-12-26T13:20:09.878+0000] {processor.py:758} INFO - Processing file /home/airflow/.local/lib/python3.7/site-packages/airflow/example_dags/example_nested_branch_dag.py for tasks to queue
[2023-12-26T13:20:09.880+0000] {logging_mixin.py:117} INFO - [2023-12-26T13:20:09.879+0000] {dagbag.py:525} INFO - Filling up the DagBag from /home/airflow/.local/lib/python3.7/site-packages/airflow/example_dags/example_nested_branch_dag.py
[2023-12-26T13:20:11.039+0000] {processor.py:768} INFO - DAG(s) dict_keys(['example_nested_branch_dag']) retrieved from /home/airflow/.local/lib/python3.7/site-packages/airflow/example_dags/example_nested_branch_dag.py
[2023-12-26T13:20:11.527+0000] {logging_mixin.py:117} INFO - [2023-12-26T13:20:11.527+0000] {dag.py:2573} INFO - Sync 1 DAGs
[2023-12-26T13:20:11.808+0000] {logging_mixin.py:117} INFO - [2023-12-26T13:20:11.807+0000] {dag.py:3328} INFO - Setting next_dagrun for example_nested_branch_dag to 2023-12-25T00:00:00+00:00, run_after=2023-12-26T00:00:00+00:00
[2023-12-26T13:20:11.871+0000] {processor.py:178} INFO - Processing /home/airflow/.local/lib/python3.7/site-packages/airflow/example_dags/example_nested_branch_dag.py took 2.119 seconds
[2023-12-26T13:20:42.285+0000] {processor.py:156} INFO - Started process (PID=177) to work on /home/airflow/.local/lib/python3.7/site-packages/airflow/example_dags/example_nested_branch_dag.py
[2023-12-26T13:20:42.290+0000] {processor.py:758} INFO - Processing file /home/airflow/.local/lib/python3.7/site-packages/airflow/example_dags/example_nested_branch_dag.py for tasks to queue
[2023-12-26T13:20:42.298+0000] {logging_mixin.py:117} INFO - [2023-12-26T13:20:42.298+0000] {dagbag.py:525} INFO - Filling up the DagBag from /home/airflow/.local/lib/python3.7/site-packages/airflow/example_dags/example_nested_branch_dag.py
[2023-12-26T13:20:43.129+0000] {processor.py:768} INFO - DAG(s) dict_keys(['example_nested_branch_dag']) retrieved from /home/airflow/.local/lib/python3.7/site-packages/airflow/example_dags/example_nested_branch_dag.py
[2023-12-26T13:20:43.500+0000] {logging_mixin.py:117} INFO - [2023-12-26T13:20:43.500+0000] {dag.py:2573} INFO - Sync 1 DAGs
[2023-12-26T13:20:43.867+0000] {logging_mixin.py:117} INFO - [2023-12-26T13:20:43.864+0000] {dag.py:3328} INFO - Setting next_dagrun for example_nested_branch_dag to 2023-12-25T00:00:00+00:00, run_after=2023-12-26T00:00:00+00:00
[2023-12-26T13:20:44.110+0000] {processor.py:178} INFO - Processing /home/airflow/.local/lib/python3.7/site-packages/airflow/example_dags/example_nested_branch_dag.py took 1.865 seconds
[2023-12-26T13:21:14.343+0000] {processor.py:156} INFO - Started process (PID=223) to work on /home/airflow/.local/lib/python3.7/site-packages/airflow/example_dags/example_nested_branch_dag.py
[2023-12-26T13:21:14.345+0000] {processor.py:758} INFO - Processing file /home/airflow/.local/lib/python3.7/site-packages/airflow/example_dags/example_nested_branch_dag.py for tasks to queue
[2023-12-26T13:21:14.346+0000] {logging_mixin.py:117} INFO - [2023-12-26T13:21:14.346+0000] {dagbag.py:525} INFO - Filling up the DagBag from /home/airflow/.local/lib/python3.7/site-packages/airflow/example_dags/example_nested_branch_dag.py
[2023-12-26T13:21:14.530+0000] {processor.py:768} INFO - DAG(s) dict_keys(['example_nested_branch_dag']) retrieved from /home/airflow/.local/lib/python3.7/site-packages/airflow/example_dags/example_nested_branch_dag.py
[2023-12-26T13:21:14.791+0000] {logging_mixin.py:117} INFO - [2023-12-26T13:21:14.790+0000] {dag.py:2573} INFO - Sync 1 DAGs
[2023-12-26T13:21:15.045+0000] {logging_mixin.py:117} INFO - [2023-12-26T13:21:15.045+0000] {dag.py:3328} INFO - Setting next_dagrun for example_nested_branch_dag to 2023-12-25T00:00:00+00:00, run_after=2023-12-26T00:00:00+00:00
[2023-12-26T13:21:15.184+0000] {processor.py:178} INFO - Processing /home/airflow/.local/lib/python3.7/site-packages/airflow/example_dags/example_nested_branch_dag.py took 0.853 seconds
[2023-12-26T13:21:48.223+0000] {processor.py:156} INFO - Started process (PID=277) to work on /home/airflow/.local/lib/python3.7/site-packages/airflow/example_dags/example_nested_branch_dag.py
[2023-12-26T13:21:48.244+0000] {processor.py:758} INFO - Processing file /home/airflow/.local/lib/python3.7/site-packages/airflow/example_dags/example_nested_branch_dag.py for tasks to queue
[2023-12-26T13:21:48.260+0000] {logging_mixin.py:117} INFO - [2023-12-26T13:21:48.259+0000] {dagbag.py:525} INFO - Filling up the DagBag from /home/airflow/.local/lib/python3.7/site-packages/airflow/example_dags/example_nested_branch_dag.py
[2023-12-26T13:21:48.854+0000] {processor.py:768} INFO - DAG(s) dict_keys(['example_nested_branch_dag']) retrieved from /home/airflow/.local/lib/python3.7/site-packages/airflow/example_dags/example_nested_branch_dag.py
[2023-12-26T13:21:49.798+0000] {logging_mixin.py:117} INFO - [2023-12-26T13:21:49.797+0000] {dag.py:2573} INFO - Sync 1 DAGs
[2023-12-26T13:21:50.416+0000] {logging_mixin.py:117} INFO - [2023-12-26T13:21:50.415+0000] {dag.py:3328} INFO - Setting next_dagrun for example_nested_branch_dag to 2023-12-25T00:00:00+00:00, run_after=2023-12-26T00:00:00+00:00
[2023-12-26T13:21:50.868+0000] {processor.py:178} INFO - Processing /home/airflow/.local/lib/python3.7/site-packages/airflow/example_dags/example_nested_branch_dag.py took 2.735 seconds
[2023-12-26T13:22:21.578+0000] {processor.py:156} INFO - Started process (PID=332) to work on /home/airflow/.local/lib/python3.7/site-packages/airflow/example_dags/example_nested_branch_dag.py
[2023-12-26T13:22:21.625+0000] {processor.py:758} INFO - Processing file /home/airflow/.local/lib/python3.7/site-packages/airflow/example_dags/example_nested_branch_dag.py for tasks to queue
[2023-12-26T13:22:21.627+0000] {logging_mixin.py:117} INFO - [2023-12-26T13:22:21.626+0000] {dagbag.py:525} INFO - Filling up the DagBag from /home/airflow/.local/lib/python3.7/site-packages/airflow/example_dags/example_nested_branch_dag.py
[2023-12-26T13:22:22.477+0000] {processor.py:768} INFO - DAG(s) dict_keys(['example_nested_branch_dag']) retrieved from /home/airflow/.local/lib/python3.7/site-packages/airflow/example_dags/example_nested_branch_dag.py
[2023-12-26T13:22:23.445+0000] {logging_mixin.py:117} INFO - [2023-12-26T13:22:23.439+0000] {dag.py:2573} INFO - Sync 1 DAGs
[2023-12-26T13:22:24.035+0000] {logging_mixin.py:117} INFO - [2023-12-26T13:22:24.035+0000] {dag.py:3328} INFO - Setting next_dagrun for example_nested_branch_dag to 2023-12-25T00:00:00+00:00, run_after=2023-12-26T00:00:00+00:00
[2023-12-26T13:22:24.269+0000] {processor.py:178} INFO - Processing /home/airflow/.local/lib/python3.7/site-packages/airflow/example_dags/example_nested_branch_dag.py took 2.796 seconds
[2023-12-26T13:22:54.990+0000] {processor.py:156} INFO - Started process (PID=378) to work on /home/airflow/.local/lib/python3.7/site-packages/airflow/example_dags/example_nested_branch_dag.py
[2023-12-26T13:22:55.000+0000] {processor.py:758} INFO - Processing file /home/airflow/.local/lib/python3.7/site-packages/airflow/example_dags/example_nested_branch_dag.py for tasks to queue
[2023-12-26T13:22:55.009+0000] {logging_mixin.py:117} INFO - [2023-12-26T13:22:55.009+0000] {dagbag.py:525} INFO - Filling up the DagBag from /home/airflow/.local/lib/python3.7/site-packages/airflow/example_dags/example_nested_branch_dag.py
[2023-12-26T13:22:55.173+0000] {processor.py:768} INFO - DAG(s) dict_keys(['example_nested_branch_dag']) retrieved from /home/airflow/.local/lib/python3.7/site-packages/airflow/example_dags/example_nested_branch_dag.py
[2023-12-26T13:22:55.402+0000] {logging_mixin.py:117} INFO - [2023-12-26T13:22:55.401+0000] {dag.py:2573} INFO - Sync 1 DAGs
[2023-12-26T13:22:55.624+0000] {logging_mixin.py:117} INFO - [2023-12-26T13:22:55.623+0000] {dag.py:3328} INFO - Setting next_dagrun for example_nested_branch_dag to 2023-12-25T00:00:00+00:00, run_after=2023-12-26T00:00:00+00:00
[2023-12-26T13:22:55.739+0000] {processor.py:178} INFO - Processing /home/airflow/.local/lib/python3.7/site-packages/airflow/example_dags/example_nested_branch_dag.py took 0.789 seconds
[2023-12-26T13:23:26.183+0000] {processor.py:156} INFO - Started process (PID=432) to work on /home/airflow/.local/lib/python3.7/site-packages/airflow/example_dags/example_nested_branch_dag.py
[2023-12-26T13:23:26.194+0000] {processor.py:758} INFO - Processing file /home/airflow/.local/lib/python3.7/site-packages/airflow/example_dags/example_nested_branch_dag.py for tasks to queue
[2023-12-26T13:23:26.195+0000] {logging_mixin.py:117} INFO - [2023-12-26T13:23:26.195+0000] {dagbag.py:525} INFO - Filling up the DagBag from /home/airflow/.local/lib/python3.7/site-packages/airflow/example_dags/example_nested_branch_dag.py
[2023-12-26T13:23:26.362+0000] {processor.py:768} INFO - DAG(s) dict_keys(['example_nested_branch_dag']) retrieved from /home/airflow/.local/lib/python3.7/site-packages/airflow/example_dags/example_nested_branch_dag.py
[2023-12-26T13:23:26.555+0000] {logging_mixin.py:117} INFO - [2023-12-26T13:23:26.554+0000] {dag.py:2573} INFO - Sync 1 DAGs
[2023-12-26T13:23:26.696+0000] {logging_mixin.py:117} INFO - [2023-12-26T13:23:26.696+0000] {dag.py:3328} INFO - Setting next_dagrun for example_nested_branch_dag to 2023-12-25T00:00:00+00:00, run_after=2023-12-26T00:00:00+00:00
[2023-12-26T13:23:26.833+0000] {processor.py:178} INFO - Processing /home/airflow/.local/lib/python3.7/site-packages/airflow/example_dags/example_nested_branch_dag.py took 0.671 seconds
[2023-12-26T13:41:03.483+0000] {processor.py:156} INFO - Started process (PID=130) to work on /home/airflow/.local/lib/python3.7/site-packages/airflow/example_dags/example_nested_branch_dag.py
[2023-12-26T13:41:03.521+0000] {processor.py:758} INFO - Processing file /home/airflow/.local/lib/python3.7/site-packages/airflow/example_dags/example_nested_branch_dag.py for tasks to queue
[2023-12-26T13:41:03.523+0000] {logging_mixin.py:117} INFO - [2023-12-26T13:41:03.522+0000] {dagbag.py:525} INFO - Filling up the DagBag from /home/airflow/.local/lib/python3.7/site-packages/airflow/example_dags/example_nested_branch_dag.py
[2023-12-26T13:41:04.554+0000] {processor.py:768} INFO - DAG(s) dict_keys(['example_nested_branch_dag']) retrieved from /home/airflow/.local/lib/python3.7/site-packages/airflow/example_dags/example_nested_branch_dag.py
[2023-12-26T13:41:05.597+0000] {logging_mixin.py:117} INFO - [2023-12-26T13:41:05.597+0000] {dag.py:2573} INFO - Sync 1 DAGs
[2023-12-26T13:41:06.339+0000] {logging_mixin.py:117} INFO - [2023-12-26T13:41:06.338+0000] {dag.py:3328} INFO - Setting next_dagrun for example_nested_branch_dag to 2023-12-25T00:00:00+00:00, run_after=2023-12-26T00:00:00+00:00
[2023-12-26T13:41:06.737+0000] {processor.py:178} INFO - Processing /home/airflow/.local/lib/python3.7/site-packages/airflow/example_dags/example_nested_branch_dag.py took 3.281 seconds
[2023-12-26T13:41:37.125+0000] {processor.py:156} INFO - Started process (PID=180) to work on /home/airflow/.local/lib/python3.7/site-packages/airflow/example_dags/example_nested_branch_dag.py
[2023-12-26T13:41:37.130+0000] {processor.py:758} INFO - Processing file /home/airflow/.local/lib/python3.7/site-packages/airflow/example_dags/example_nested_branch_dag.py for tasks to queue
[2023-12-26T13:41:37.131+0000] {logging_mixin.py:117} INFO - [2023-12-26T13:41:37.131+0000] {dagbag.py:525} INFO - Filling up the DagBag from /home/airflow/.local/lib/python3.7/site-packages/airflow/example_dags/example_nested_branch_dag.py
[2023-12-26T13:41:37.295+0000] {processor.py:768} INFO - DAG(s) dict_keys(['example_nested_branch_dag']) retrieved from /home/airflow/.local/lib/python3.7/site-packages/airflow/example_dags/example_nested_branch_dag.py
[2023-12-26T13:41:37.521+0000] {logging_mixin.py:117} INFO - [2023-12-26T13:41:37.521+0000] {dag.py:2573} INFO - Sync 1 DAGs
[2023-12-26T13:41:37.596+0000] {logging_mixin.py:117} INFO - [2023-12-26T13:41:37.596+0000] {dag.py:3328} INFO - Setting next_dagrun for example_nested_branch_dag to 2023-12-25T00:00:00+00:00, run_after=2023-12-26T00:00:00+00:00
[2023-12-26T13:41:37.677+0000] {processor.py:178} INFO - Processing /home/airflow/.local/lib/python3.7/site-packages/airflow/example_dags/example_nested_branch_dag.py took 0.570 seconds
[2023-12-26T13:42:07.902+0000] {processor.py:156} INFO - Started process (PID=236) to work on /home/airflow/.local/lib/python3.7/site-packages/airflow/example_dags/example_nested_branch_dag.py
[2023-12-26T13:42:07.920+0000] {processor.py:758} INFO - Processing file /home/airflow/.local/lib/python3.7/site-packages/airflow/example_dags/example_nested_branch_dag.py for tasks to queue
[2023-12-26T13:42:07.922+0000] {logging_mixin.py:117} INFO - [2023-12-26T13:42:07.921+0000] {dagbag.py:525} INFO - Filling up the DagBag from /home/airflow/.local/lib/python3.7/site-packages/airflow/example_dags/example_nested_branch_dag.py
[2023-12-26T13:42:08.046+0000] {processor.py:768} INFO - DAG(s) dict_keys(['example_nested_branch_dag']) retrieved from /home/airflow/.local/lib/python3.7/site-packages/airflow/example_dags/example_nested_branch_dag.py
[2023-12-26T13:42:08.293+0000] {logging_mixin.py:117} INFO - [2023-12-26T13:42:08.292+0000] {dag.py:2573} INFO - Sync 1 DAGs
[2023-12-26T13:42:08.482+0000] {logging_mixin.py:117} INFO - [2023-12-26T13:42:08.482+0000] {dag.py:3328} INFO - Setting next_dagrun for example_nested_branch_dag to 2023-12-25T00:00:00+00:00, run_after=2023-12-26T00:00:00+00:00
[2023-12-26T13:42:08.618+0000] {processor.py:178} INFO - Processing /home/airflow/.local/lib/python3.7/site-packages/airflow/example_dags/example_nested_branch_dag.py took 0.722 seconds
[2023-12-26T13:42:39.350+0000] {processor.py:156} INFO - Started process (PID=292) to work on /home/airflow/.local/lib/python3.7/site-packages/airflow/example_dags/example_nested_branch_dag.py
[2023-12-26T13:42:39.360+0000] {processor.py:758} INFO - Processing file /home/airflow/.local/lib/python3.7/site-packages/airflow/example_dags/example_nested_branch_dag.py for tasks to queue
[2023-12-26T13:42:39.363+0000] {logging_mixin.py:117} INFO - [2023-12-26T13:42:39.363+0000] {dagbag.py:525} INFO - Filling up the DagBag from /home/airflow/.local/lib/python3.7/site-packages/airflow/example_dags/example_nested_branch_dag.py
[2023-12-26T13:42:39.572+0000] {processor.py:768} INFO - DAG(s) dict_keys(['example_nested_branch_dag']) retrieved from /home/airflow/.local/lib/python3.7/site-packages/airflow/example_dags/example_nested_branch_dag.py
[2023-12-26T13:42:39.988+0000] {logging_mixin.py:117} INFO - [2023-12-26T13:42:39.987+0000] {dag.py:2573} INFO - Sync 1 DAGs
[2023-12-26T13:42:40.197+0000] {logging_mixin.py:117} INFO - [2023-12-26T13:42:40.197+0000] {dag.py:3328} INFO - Setting next_dagrun for example_nested_branch_dag to 2023-12-25T00:00:00+00:00, run_after=2023-12-26T00:00:00+00:00
[2023-12-26T13:42:40.376+0000] {processor.py:178} INFO - Processing /home/airflow/.local/lib/python3.7/site-packages/airflow/example_dags/example_nested_branch_dag.py took 1.041 seconds
[2023-12-26T13:43:10.869+0000] {processor.py:156} INFO - Started process (PID=350) to work on /home/airflow/.local/lib/python3.7/site-packages/airflow/example_dags/example_nested_branch_dag.py
[2023-12-26T13:43:10.871+0000] {processor.py:758} INFO - Processing file /home/airflow/.local/lib/python3.7/site-packages/airflow/example_dags/example_nested_branch_dag.py for tasks to queue
[2023-12-26T13:43:10.882+0000] {logging_mixin.py:117} INFO - [2023-12-26T13:43:10.872+0000] {dagbag.py:525} INFO - Filling up the DagBag from /home/airflow/.local/lib/python3.7/site-packages/airflow/example_dags/example_nested_branch_dag.py
[2023-12-26T13:43:11.047+0000] {processor.py:768} INFO - DAG(s) dict_keys(['example_nested_branch_dag']) retrieved from /home/airflow/.local/lib/python3.7/site-packages/airflow/example_dags/example_nested_branch_dag.py
[2023-12-26T13:43:11.447+0000] {logging_mixin.py:117} INFO - [2023-12-26T13:43:11.446+0000] {dag.py:2573} INFO - Sync 1 DAGs
[2023-12-26T13:43:11.841+0000] {logging_mixin.py:117} INFO - [2023-12-26T13:43:11.841+0000] {dag.py:3328} INFO - Setting next_dagrun for example_nested_branch_dag to 2023-12-25T00:00:00+00:00, run_after=2023-12-26T00:00:00+00:00
[2023-12-26T13:43:12.178+0000] {processor.py:178} INFO - Processing /home/airflow/.local/lib/python3.7/site-packages/airflow/example_dags/example_nested_branch_dag.py took 1.315 seconds
[2023-12-26T13:43:42.822+0000] {processor.py:156} INFO - Started process (PID=406) to work on /home/airflow/.local/lib/python3.7/site-packages/airflow/example_dags/example_nested_branch_dag.py
[2023-12-26T13:43:42.847+0000] {processor.py:758} INFO - Processing file /home/airflow/.local/lib/python3.7/site-packages/airflow/example_dags/example_nested_branch_dag.py for tasks to queue
[2023-12-26T13:43:42.848+0000] {logging_mixin.py:117} INFO - [2023-12-26T13:43:42.848+0000] {dagbag.py:525} INFO - Filling up the DagBag from /home/airflow/.local/lib/python3.7/site-packages/airflow/example_dags/example_nested_branch_dag.py
[2023-12-26T13:43:43.096+0000] {processor.py:768} INFO - DAG(s) dict_keys(['example_nested_branch_dag']) retrieved from /home/airflow/.local/lib/python3.7/site-packages/airflow/example_dags/example_nested_branch_dag.py
[2023-12-26T13:43:43.426+0000] {logging_mixin.py:117} INFO - [2023-12-26T13:43:43.425+0000] {dag.py:2573} INFO - Sync 1 DAGs
[2023-12-26T13:43:43.571+0000] {logging_mixin.py:117} INFO - [2023-12-26T13:43:43.571+0000] {dag.py:3328} INFO - Setting next_dagrun for example_nested_branch_dag to 2023-12-25T00:00:00+00:00, run_after=2023-12-26T00:00:00+00:00
[2023-12-26T13:43:43.765+0000] {processor.py:178} INFO - Processing /home/airflow/.local/lib/python3.7/site-packages/airflow/example_dags/example_nested_branch_dag.py took 0.963 seconds
[2023-12-26T13:44:55.632+0000] {processor.py:156} INFO - Started process (PID=489) to work on /home/airflow/.local/lib/python3.7/site-packages/airflow/example_dags/example_nested_branch_dag.py
[2023-12-26T13:44:55.690+0000] {processor.py:758} INFO - Processing file /home/airflow/.local/lib/python3.7/site-packages/airflow/example_dags/example_nested_branch_dag.py for tasks to queue
[2023-12-26T13:44:55.715+0000] {logging_mixin.py:117} INFO - [2023-12-26T13:44:55.715+0000] {dagbag.py:525} INFO - Filling up the DagBag from /home/airflow/.local/lib/python3.7/site-packages/airflow/example_dags/example_nested_branch_dag.py
[2023-12-26T13:44:56.262+0000] {processor.py:768} INFO - DAG(s) dict_keys(['example_nested_branch_dag']) retrieved from /home/airflow/.local/lib/python3.7/site-packages/airflow/example_dags/example_nested_branch_dag.py
[2023-12-26T13:44:56.710+0000] {logging_mixin.py:117} INFO - [2023-12-26T13:44:56.709+0000] {dag.py:2573} INFO - Sync 1 DAGs
[2023-12-26T13:44:57.144+0000] {logging_mixin.py:117} INFO - [2023-12-26T13:44:57.143+0000] {dag.py:3328} INFO - Setting next_dagrun for example_nested_branch_dag to 2023-12-25T00:00:00+00:00, run_after=2023-12-26T00:00:00+00:00
[2023-12-26T13:44:57.415+0000] {processor.py:178} INFO - Processing /home/airflow/.local/lib/python3.7/site-packages/airflow/example_dags/example_nested_branch_dag.py took 1.844 seconds
[2023-12-26T13:45:33.153+0000] {processor.py:156} INFO - Started process (PID=544) to work on /home/airflow/.local/lib/python3.7/site-packages/airflow/example_dags/example_nested_branch_dag.py
[2023-12-26T13:45:33.163+0000] {processor.py:758} INFO - Processing file /home/airflow/.local/lib/python3.7/site-packages/airflow/example_dags/example_nested_branch_dag.py for tasks to queue
[2023-12-26T13:45:33.178+0000] {logging_mixin.py:117} INFO - [2023-12-26T13:45:33.178+0000] {dagbag.py:525} INFO - Filling up the DagBag from /home/airflow/.local/lib/python3.7/site-packages/airflow/example_dags/example_nested_branch_dag.py
[2023-12-26T13:45:33.628+0000] {processor.py:768} INFO - DAG(s) dict_keys(['example_nested_branch_dag']) retrieved from /home/airflow/.local/lib/python3.7/site-packages/airflow/example_dags/example_nested_branch_dag.py
[2023-12-26T13:45:33.916+0000] {logging_mixin.py:117} INFO - [2023-12-26T13:45:33.914+0000] {dag.py:2573} INFO - Sync 1 DAGs
[2023-12-26T13:45:34.057+0000] {logging_mixin.py:117} INFO - [2023-12-26T13:45:34.052+0000] {dag.py:3328} INFO - Setting next_dagrun for example_nested_branch_dag to 2023-12-25T00:00:00+00:00, run_after=2023-12-26T00:00:00+00:00
[2023-12-26T13:45:34.176+0000] {processor.py:178} INFO - Processing /home/airflow/.local/lib/python3.7/site-packages/airflow/example_dags/example_nested_branch_dag.py took 1.079 seconds
