[2023-12-26T13:05:12.559+0000] {processor.py:156} INFO - Started process (PID=137) to work on /home/airflow/.local/lib/python3.7/site-packages/airflow/example_dags/example_dag_decorator.py
[2023-12-26T13:05:12.619+0000] {processor.py:758} INFO - Processing file /home/airflow/.local/lib/python3.7/site-packages/airflow/example_dags/example_dag_decorator.py for tasks to queue
[2023-12-26T13:05:12.653+0000] {logging_mixin.py:117} INFO - [2023-12-26T13:05:12.620+0000] {dagbag.py:525} INFO - Filling up the DagBag from /home/airflow/.local/lib/python3.7/site-packages/airflow/example_dags/example_dag_decorator.py
[2023-12-26T13:05:14.911+0000] {processor.py:768} INFO - DAG(s) dict_keys(['example_dag_decorator']) retrieved from /home/airflow/.local/lib/python3.7/site-packages/airflow/example_dags/example_dag_decorator.py
[2023-12-26T13:05:19.875+0000] {logging_mixin.py:117} INFO - [2023-12-26T13:05:19.875+0000] {dag.py:2573} INFO - Sync 1 DAGs
[2023-12-26T13:05:21.000+0000] {logging_mixin.py:117} INFO - [2023-12-26T13:05:21.000+0000] {dag.py:3328} INFO - Setting next_dagrun for example_dag_decorator to None, run_after=None
[2023-12-26T13:05:22.104+0000] {processor.py:178} INFO - Processing /home/airflow/.local/lib/python3.7/site-packages/airflow/example_dags/example_dag_decorator.py took 9.655 seconds
[2023-12-26T13:07:48.177+0000] {processor.py:156} INFO - Started process (PID=253) to work on /home/airflow/.local/lib/python3.7/site-packages/airflow/example_dags/example_dag_decorator.py
[2023-12-26T13:07:48.224+0000] {processor.py:758} INFO - Processing file /home/airflow/.local/lib/python3.7/site-packages/airflow/example_dags/example_dag_decorator.py for tasks to queue
[2023-12-26T13:07:48.226+0000] {logging_mixin.py:117} INFO - [2023-12-26T13:07:48.225+0000] {dagbag.py:525} INFO - Filling up the DagBag from /home/airflow/.local/lib/python3.7/site-packages/airflow/example_dags/example_dag_decorator.py
[2023-12-26T13:07:48.547+0000] {processor.py:768} INFO - DAG(s) dict_keys(['example_dag_decorator']) retrieved from /home/airflow/.local/lib/python3.7/site-packages/airflow/example_dags/example_dag_decorator.py
[2023-12-26T13:07:50.378+0000] {logging_mixin.py:117} INFO - [2023-12-26T13:07:50.378+0000] {dag.py:2573} INFO - Sync 1 DAGs
[2023-12-26T13:07:51.010+0000] {logging_mixin.py:117} INFO - [2023-12-26T13:07:51.010+0000] {dag.py:3328} INFO - Setting next_dagrun for example_dag_decorator to None, run_after=None
[2023-12-26T13:07:51.505+0000] {processor.py:178} INFO - Processing /home/airflow/.local/lib/python3.7/site-packages/airflow/example_dags/example_dag_decorator.py took 3.380 seconds
[2023-12-26T13:08:57.287+0000] {processor.py:156} INFO - Started process (PID=316) to work on /home/airflow/.local/lib/python3.7/site-packages/airflow/example_dags/example_dag_decorator.py
[2023-12-26T13:08:57.327+0000] {processor.py:758} INFO - Processing file /home/airflow/.local/lib/python3.7/site-packages/airflow/example_dags/example_dag_decorator.py for tasks to queue
[2023-12-26T13:08:57.329+0000] {logging_mixin.py:117} INFO - [2023-12-26T13:08:57.328+0000] {dagbag.py:525} INFO - Filling up the DagBag from /home/airflow/.local/lib/python3.7/site-packages/airflow/example_dags/example_dag_decorator.py
[2023-12-26T13:08:59.082+0000] {processor.py:768} INFO - DAG(s) dict_keys(['example_dag_decorator']) retrieved from /home/airflow/.local/lib/python3.7/site-packages/airflow/example_dags/example_dag_decorator.py
[2023-12-26T13:09:03.727+0000] {logging_mixin.py:117} INFO - [2023-12-26T13:09:03.717+0000] {dag.py:2573} INFO - Sync 1 DAGs
[2023-12-26T13:09:05.540+0000] {logging_mixin.py:117} INFO - [2023-12-26T13:09:05.539+0000] {dag.py:3328} INFO - Setting next_dagrun for example_dag_decorator to None, run_after=None
[2023-12-26T13:09:06.793+0000] {processor.py:178} INFO - Processing /home/airflow/.local/lib/python3.7/site-packages/airflow/example_dags/example_dag_decorator.py took 9.605 seconds
[2023-12-26T13:09:37.153+0000] {processor.py:156} INFO - Started process (PID=372) to work on /home/airflow/.local/lib/python3.7/site-packages/airflow/example_dags/example_dag_decorator.py
[2023-12-26T13:09:37.155+0000] {processor.py:758} INFO - Processing file /home/airflow/.local/lib/python3.7/site-packages/airflow/example_dags/example_dag_decorator.py for tasks to queue
[2023-12-26T13:09:37.157+0000] {logging_mixin.py:117} INFO - [2023-12-26T13:09:37.156+0000] {dagbag.py:525} INFO - Filling up the DagBag from /home/airflow/.local/lib/python3.7/site-packages/airflow/example_dags/example_dag_decorator.py
[2023-12-26T13:09:37.235+0000] {processor.py:768} INFO - DAG(s) dict_keys(['example_dag_decorator']) retrieved from /home/airflow/.local/lib/python3.7/site-packages/airflow/example_dags/example_dag_decorator.py
[2023-12-26T13:09:37.560+0000] {logging_mixin.py:117} INFO - [2023-12-26T13:09:37.559+0000] {dag.py:2573} INFO - Sync 1 DAGs
[2023-12-26T13:09:37.627+0000] {logging_mixin.py:117} INFO - [2023-12-26T13:09:37.627+0000] {dag.py:3328} INFO - Setting next_dagrun for example_dag_decorator to None, run_after=None
[2023-12-26T13:09:37.739+0000] {processor.py:178} INFO - Processing /home/airflow/.local/lib/python3.7/site-packages/airflow/example_dags/example_dag_decorator.py took 0.592 seconds
[2023-12-26T13:10:11.385+0000] {processor.py:156} INFO - Started process (PID=428) to work on /home/airflow/.local/lib/python3.7/site-packages/airflow/example_dags/example_dag_decorator.py
[2023-12-26T13:10:11.424+0000] {processor.py:758} INFO - Processing file /home/airflow/.local/lib/python3.7/site-packages/airflow/example_dags/example_dag_decorator.py for tasks to queue
[2023-12-26T13:10:11.425+0000] {logging_mixin.py:117} INFO - [2023-12-26T13:10:11.425+0000] {dagbag.py:525} INFO - Filling up the DagBag from /home/airflow/.local/lib/python3.7/site-packages/airflow/example_dags/example_dag_decorator.py
[2023-12-26T13:10:12.357+0000] {processor.py:768} INFO - DAG(s) dict_keys(['example_dag_decorator']) retrieved from /home/airflow/.local/lib/python3.7/site-packages/airflow/example_dags/example_dag_decorator.py
[2023-12-26T13:10:13.666+0000] {logging_mixin.py:117} INFO - [2023-12-26T13:10:13.666+0000] {dag.py:2573} INFO - Sync 1 DAGs
[2023-12-26T13:10:13.986+0000] {logging_mixin.py:117} INFO - [2023-12-26T13:10:13.986+0000] {dag.py:3328} INFO - Setting next_dagrun for example_dag_decorator to None, run_after=None
[2023-12-26T13:10:14.277+0000] {processor.py:178} INFO - Processing /home/airflow/.local/lib/python3.7/site-packages/airflow/example_dags/example_dag_decorator.py took 2.899 seconds
[2023-12-26T13:10:44.722+0000] {processor.py:156} INFO - Started process (PID=483) to work on /home/airflow/.local/lib/python3.7/site-packages/airflow/example_dags/example_dag_decorator.py
[2023-12-26T13:10:44.733+0000] {processor.py:758} INFO - Processing file /home/airflow/.local/lib/python3.7/site-packages/airflow/example_dags/example_dag_decorator.py for tasks to queue
[2023-12-26T13:10:44.735+0000] {logging_mixin.py:117} INFO - [2023-12-26T13:10:44.734+0000] {dagbag.py:525} INFO - Filling up the DagBag from /home/airflow/.local/lib/python3.7/site-packages/airflow/example_dags/example_dag_decorator.py
[2023-12-26T13:10:45.014+0000] {processor.py:768} INFO - DAG(s) dict_keys(['example_dag_decorator']) retrieved from /home/airflow/.local/lib/python3.7/site-packages/airflow/example_dags/example_dag_decorator.py
[2023-12-26T13:10:45.486+0000] {logging_mixin.py:117} INFO - [2023-12-26T13:10:45.486+0000] {dag.py:2573} INFO - Sync 1 DAGs
[2023-12-26T13:10:45.621+0000] {logging_mixin.py:117} INFO - [2023-12-26T13:10:45.620+0000] {dag.py:3328} INFO - Setting next_dagrun for example_dag_decorator to None, run_after=None
[2023-12-26T13:10:45.721+0000] {processor.py:178} INFO - Processing /home/airflow/.local/lib/python3.7/site-packages/airflow/example_dags/example_dag_decorator.py took 1.028 seconds
[2023-12-26T13:11:16.019+0000] {processor.py:156} INFO - Started process (PID=538) to work on /home/airflow/.local/lib/python3.7/site-packages/airflow/example_dags/example_dag_decorator.py
[2023-12-26T13:11:16.025+0000] {processor.py:758} INFO - Processing file /home/airflow/.local/lib/python3.7/site-packages/airflow/example_dags/example_dag_decorator.py for tasks to queue
[2023-12-26T13:11:16.026+0000] {logging_mixin.py:117} INFO - [2023-12-26T13:11:16.026+0000] {dagbag.py:525} INFO - Filling up the DagBag from /home/airflow/.local/lib/python3.7/site-packages/airflow/example_dags/example_dag_decorator.py
[2023-12-26T13:11:16.282+0000] {processor.py:768} INFO - DAG(s) dict_keys(['example_dag_decorator']) retrieved from /home/airflow/.local/lib/python3.7/site-packages/airflow/example_dags/example_dag_decorator.py
[2023-12-26T13:11:16.643+0000] {logging_mixin.py:117} INFO - [2023-12-26T13:11:16.643+0000] {dag.py:2573} INFO - Sync 1 DAGs
[2023-12-26T13:11:16.706+0000] {logging_mixin.py:117} INFO - [2023-12-26T13:11:16.706+0000] {dag.py:3328} INFO - Setting next_dagrun for example_dag_decorator to None, run_after=None
[2023-12-26T13:11:16.953+0000] {processor.py:178} INFO - Processing /home/airflow/.local/lib/python3.7/site-packages/airflow/example_dags/example_dag_decorator.py took 0.948 seconds
[2023-12-26T13:11:47.589+0000] {processor.py:156} INFO - Started process (PID=592) to work on /home/airflow/.local/lib/python3.7/site-packages/airflow/example_dags/example_dag_decorator.py
[2023-12-26T13:11:47.628+0000] {processor.py:758} INFO - Processing file /home/airflow/.local/lib/python3.7/site-packages/airflow/example_dags/example_dag_decorator.py for tasks to queue
[2023-12-26T13:11:47.629+0000] {logging_mixin.py:117} INFO - [2023-12-26T13:11:47.629+0000] {dagbag.py:525} INFO - Filling up the DagBag from /home/airflow/.local/lib/python3.7/site-packages/airflow/example_dags/example_dag_decorator.py
[2023-12-26T13:11:47.701+0000] {processor.py:768} INFO - DAG(s) dict_keys(['example_dag_decorator']) retrieved from /home/airflow/.local/lib/python3.7/site-packages/airflow/example_dags/example_dag_decorator.py
[2023-12-26T13:11:47.990+0000] {logging_mixin.py:117} INFO - [2023-12-26T13:11:47.990+0000] {dag.py:2573} INFO - Sync 1 DAGs
[2023-12-26T13:11:48.066+0000] {logging_mixin.py:117} INFO - [2023-12-26T13:11:48.066+0000] {dag.py:3328} INFO - Setting next_dagrun for example_dag_decorator to None, run_after=None
[2023-12-26T13:11:48.168+0000] {processor.py:178} INFO - Processing /home/airflow/.local/lib/python3.7/site-packages/airflow/example_dags/example_dag_decorator.py took 0.585 seconds
[2023-12-26T13:12:18.424+0000] {processor.py:156} INFO - Started process (PID=653) to work on /home/airflow/.local/lib/python3.7/site-packages/airflow/example_dags/example_dag_decorator.py
[2023-12-26T13:12:18.425+0000] {processor.py:758} INFO - Processing file /home/airflow/.local/lib/python3.7/site-packages/airflow/example_dags/example_dag_decorator.py for tasks to queue
[2023-12-26T13:12:18.427+0000] {logging_mixin.py:117} INFO - [2023-12-26T13:12:18.426+0000] {dagbag.py:525} INFO - Filling up the DagBag from /home/airflow/.local/lib/python3.7/site-packages/airflow/example_dags/example_dag_decorator.py
[2023-12-26T13:12:18.521+0000] {processor.py:768} INFO - DAG(s) dict_keys(['example_dag_decorator']) retrieved from /home/airflow/.local/lib/python3.7/site-packages/airflow/example_dags/example_dag_decorator.py
[2023-12-26T13:12:18.778+0000] {logging_mixin.py:117} INFO - [2023-12-26T13:12:18.778+0000] {dag.py:2573} INFO - Sync 1 DAGs
[2023-12-26T13:12:18.842+0000] {logging_mixin.py:117} INFO - [2023-12-26T13:12:18.842+0000] {dag.py:3328} INFO - Setting next_dagrun for example_dag_decorator to None, run_after=None
[2023-12-26T13:12:18.932+0000] {processor.py:178} INFO - Processing /home/airflow/.local/lib/python3.7/site-packages/airflow/example_dags/example_dag_decorator.py took 0.514 seconds
[2023-12-26T13:13:04.698+0000] {processor.py:156} INFO - Started process (PID=709) to work on /home/airflow/.local/lib/python3.7/site-packages/airflow/example_dags/example_dag_decorator.py
[2023-12-26T13:13:04.714+0000] {processor.py:758} INFO - Processing file /home/airflow/.local/lib/python3.7/site-packages/airflow/example_dags/example_dag_decorator.py for tasks to queue
[2023-12-26T13:13:04.715+0000] {logging_mixin.py:117} INFO - [2023-12-26T13:13:04.715+0000] {dagbag.py:525} INFO - Filling up the DagBag from /home/airflow/.local/lib/python3.7/site-packages/airflow/example_dags/example_dag_decorator.py
[2023-12-26T13:13:05.679+0000] {processor.py:768} INFO - DAG(s) dict_keys(['example_dag_decorator']) retrieved from /home/airflow/.local/lib/python3.7/site-packages/airflow/example_dags/example_dag_decorator.py
[2023-12-26T13:13:09.147+0000] {logging_mixin.py:117} INFO - [2023-12-26T13:13:09.146+0000] {dag.py:2573} INFO - Sync 1 DAGs
[2023-12-26T13:13:10.308+0000] {logging_mixin.py:117} INFO - [2023-12-26T13:13:10.307+0000] {dag.py:3328} INFO - Setting next_dagrun for example_dag_decorator to None, run_after=None
[2023-12-26T13:13:11.183+0000] {processor.py:178} INFO - Processing /home/airflow/.local/lib/python3.7/site-packages/airflow/example_dags/example_dag_decorator.py took 6.551 seconds
[2023-12-26T13:14:26.561+0000] {processor.py:156} INFO - Started process (PID=792) to work on /home/airflow/.local/lib/python3.7/site-packages/airflow/example_dags/example_dag_decorator.py
[2023-12-26T13:14:26.576+0000] {processor.py:758} INFO - Processing file /home/airflow/.local/lib/python3.7/site-packages/airflow/example_dags/example_dag_decorator.py for tasks to queue
[2023-12-26T13:14:26.596+0000] {logging_mixin.py:117} INFO - [2023-12-26T13:14:26.596+0000] {dagbag.py:525} INFO - Filling up the DagBag from /home/airflow/.local/lib/python3.7/site-packages/airflow/example_dags/example_dag_decorator.py
[2023-12-26T13:14:27.269+0000] {processor.py:768} INFO - DAG(s) dict_keys(['example_dag_decorator']) retrieved from /home/airflow/.local/lib/python3.7/site-packages/airflow/example_dags/example_dag_decorator.py
[2023-12-26T13:14:28.606+0000] {logging_mixin.py:117} INFO - [2023-12-26T13:14:28.606+0000] {dag.py:2573} INFO - Sync 1 DAGs
[2023-12-26T13:14:29.377+0000] {logging_mixin.py:117} INFO - [2023-12-26T13:14:29.377+0000] {dag.py:3328} INFO - Setting next_dagrun for example_dag_decorator to None, run_after=None
[2023-12-26T13:14:29.778+0000] {processor.py:178} INFO - Processing /home/airflow/.local/lib/python3.7/site-packages/airflow/example_dags/example_dag_decorator.py took 3.275 seconds
[2023-12-26T13:14:59.984+0000] {processor.py:156} INFO - Started process (PID=847) to work on /home/airflow/.local/lib/python3.7/site-packages/airflow/example_dags/example_dag_decorator.py
[2023-12-26T13:15:00.007+0000] {processor.py:758} INFO - Processing file /home/airflow/.local/lib/python3.7/site-packages/airflow/example_dags/example_dag_decorator.py for tasks to queue
[2023-12-26T13:15:00.013+0000] {logging_mixin.py:117} INFO - [2023-12-26T13:15:00.013+0000] {dagbag.py:525} INFO - Filling up the DagBag from /home/airflow/.local/lib/python3.7/site-packages/airflow/example_dags/example_dag_decorator.py
[2023-12-26T13:15:00.098+0000] {processor.py:768} INFO - DAG(s) dict_keys(['example_dag_decorator']) retrieved from /home/airflow/.local/lib/python3.7/site-packages/airflow/example_dags/example_dag_decorator.py
[2023-12-26T13:15:00.336+0000] {logging_mixin.py:117} INFO - [2023-12-26T13:15:00.335+0000] {dag.py:2573} INFO - Sync 1 DAGs
[2023-12-26T13:15:00.418+0000] {logging_mixin.py:117} INFO - [2023-12-26T13:15:00.418+0000] {dag.py:3328} INFO - Setting next_dagrun for example_dag_decorator to None, run_after=None
[2023-12-26T13:15:00.531+0000] {processor.py:178} INFO - Processing /home/airflow/.local/lib/python3.7/site-packages/airflow/example_dags/example_dag_decorator.py took 0.553 seconds
[2023-12-26T13:15:35.760+0000] {processor.py:156} INFO - Started process (PID=898) to work on /home/airflow/.local/lib/python3.7/site-packages/airflow/example_dags/example_dag_decorator.py
[2023-12-26T13:15:35.850+0000] {processor.py:758} INFO - Processing file /home/airflow/.local/lib/python3.7/site-packages/airflow/example_dags/example_dag_decorator.py for tasks to queue
[2023-12-26T13:15:35.880+0000] {logging_mixin.py:117} INFO - [2023-12-26T13:15:35.867+0000] {dagbag.py:525} INFO - Filling up the DagBag from /home/airflow/.local/lib/python3.7/site-packages/airflow/example_dags/example_dag_decorator.py
[2023-12-26T13:15:37.518+0000] {processor.py:768} INFO - DAG(s) dict_keys(['example_dag_decorator']) retrieved from /home/airflow/.local/lib/python3.7/site-packages/airflow/example_dags/example_dag_decorator.py
[2023-12-26T13:15:41.470+0000] {logging_mixin.py:117} INFO - [2023-12-26T13:15:41.470+0000] {dag.py:2573} INFO - Sync 1 DAGs
[2023-12-26T13:15:43.022+0000] {logging_mixin.py:117} INFO - [2023-12-26T13:15:43.020+0000] {dag.py:3328} INFO - Setting next_dagrun for example_dag_decorator to None, run_after=None
[2023-12-26T13:15:44.127+0000] {processor.py:178} INFO - Processing /home/airflow/.local/lib/python3.7/site-packages/airflow/example_dags/example_dag_decorator.py took 8.523 seconds
[2023-12-26T13:20:06.740+0000] {processor.py:156} INFO - Started process (PID=121) to work on /home/airflow/.local/lib/python3.7/site-packages/airflow/example_dags/example_dag_decorator.py
[2023-12-26T13:20:06.761+0000] {processor.py:758} INFO - Processing file /home/airflow/.local/lib/python3.7/site-packages/airflow/example_dags/example_dag_decorator.py for tasks to queue
[2023-12-26T13:20:06.781+0000] {logging_mixin.py:117} INFO - [2023-12-26T13:20:06.781+0000] {dagbag.py:525} INFO - Filling up the DagBag from /home/airflow/.local/lib/python3.7/site-packages/airflow/example_dags/example_dag_decorator.py
[2023-12-26T13:20:07.775+0000] {processor.py:768} INFO - DAG(s) dict_keys(['example_dag_decorator']) retrieved from /home/airflow/.local/lib/python3.7/site-packages/airflow/example_dags/example_dag_decorator.py
[2023-12-26T13:20:08.634+0000] {logging_mixin.py:117} INFO - [2023-12-26T13:20:08.634+0000] {dag.py:2573} INFO - Sync 1 DAGs
[2023-12-26T13:20:09.023+0000] {logging_mixin.py:117} INFO - [2023-12-26T13:20:09.022+0000] {dag.py:3328} INFO - Setting next_dagrun for example_dag_decorator to None, run_after=None
[2023-12-26T13:20:09.388+0000] {processor.py:178} INFO - Processing /home/airflow/.local/lib/python3.7/site-packages/airflow/example_dags/example_dag_decorator.py took 2.702 seconds
[2023-12-26T13:20:39.737+0000] {processor.py:156} INFO - Started process (PID=175) to work on /home/airflow/.local/lib/python3.7/site-packages/airflow/example_dags/example_dag_decorator.py
[2023-12-26T13:20:39.739+0000] {processor.py:758} INFO - Processing file /home/airflow/.local/lib/python3.7/site-packages/airflow/example_dags/example_dag_decorator.py for tasks to queue
[2023-12-26T13:20:39.740+0000] {logging_mixin.py:117} INFO - [2023-12-26T13:20:39.740+0000] {dagbag.py:525} INFO - Filling up the DagBag from /home/airflow/.local/lib/python3.7/site-packages/airflow/example_dags/example_dag_decorator.py
[2023-12-26T13:20:40.913+0000] {processor.py:768} INFO - DAG(s) dict_keys(['example_dag_decorator']) retrieved from /home/airflow/.local/lib/python3.7/site-packages/airflow/example_dags/example_dag_decorator.py
[2023-12-26T13:20:41.604+0000] {logging_mixin.py:117} INFO - [2023-12-26T13:20:41.602+0000] {dag.py:2573} INFO - Sync 1 DAGs
[2023-12-26T13:20:41.801+0000] {logging_mixin.py:117} INFO - [2023-12-26T13:20:41.801+0000] {dag.py:3328} INFO - Setting next_dagrun for example_dag_decorator to None, run_after=None
[2023-12-26T13:20:41.945+0000] {processor.py:178} INFO - Processing /home/airflow/.local/lib/python3.7/site-packages/airflow/example_dags/example_dag_decorator.py took 2.262 seconds
[2023-12-26T13:21:12.299+0000] {processor.py:156} INFO - Started process (PID=222) to work on /home/airflow/.local/lib/python3.7/site-packages/airflow/example_dags/example_dag_decorator.py
[2023-12-26T13:21:12.307+0000] {processor.py:758} INFO - Processing file /home/airflow/.local/lib/python3.7/site-packages/airflow/example_dags/example_dag_decorator.py for tasks to queue
[2023-12-26T13:21:12.308+0000] {logging_mixin.py:117} INFO - [2023-12-26T13:21:12.308+0000] {dagbag.py:525} INFO - Filling up the DagBag from /home/airflow/.local/lib/python3.7/site-packages/airflow/example_dags/example_dag_decorator.py
[2023-12-26T13:21:12.386+0000] {processor.py:768} INFO - DAG(s) dict_keys(['example_dag_decorator']) retrieved from /home/airflow/.local/lib/python3.7/site-packages/airflow/example_dags/example_dag_decorator.py
[2023-12-26T13:21:12.607+0000] {logging_mixin.py:117} INFO - [2023-12-26T13:21:12.607+0000] {dag.py:2573} INFO - Sync 1 DAGs
[2023-12-26T13:21:12.678+0000] {logging_mixin.py:117} INFO - [2023-12-26T13:21:12.677+0000] {dag.py:3328} INFO - Setting next_dagrun for example_dag_decorator to None, run_after=None
[2023-12-26T13:21:12.772+0000] {processor.py:178} INFO - Processing /home/airflow/.local/lib/python3.7/site-packages/airflow/example_dags/example_dag_decorator.py took 0.486 seconds
[2023-12-26T13:21:45.890+0000] {processor.py:156} INFO - Started process (PID=276) to work on /home/airflow/.local/lib/python3.7/site-packages/airflow/example_dags/example_dag_decorator.py
[2023-12-26T13:21:45.949+0000] {processor.py:758} INFO - Processing file /home/airflow/.local/lib/python3.7/site-packages/airflow/example_dags/example_dag_decorator.py for tasks to queue
[2023-12-26T13:21:45.951+0000] {logging_mixin.py:117} INFO - [2023-12-26T13:21:45.950+0000] {dagbag.py:525} INFO - Filling up the DagBag from /home/airflow/.local/lib/python3.7/site-packages/airflow/example_dags/example_dag_decorator.py
[2023-12-26T13:21:46.770+0000] {processor.py:768} INFO - DAG(s) dict_keys(['example_dag_decorator']) retrieved from /home/airflow/.local/lib/python3.7/site-packages/airflow/example_dags/example_dag_decorator.py
[2023-12-26T13:21:48.470+0000] {logging_mixin.py:117} INFO - [2023-12-26T13:21:48.469+0000] {dag.py:2573} INFO - Sync 1 DAGs
[2023-12-26T13:21:48.883+0000] {logging_mixin.py:117} INFO - [2023-12-26T13:21:48.880+0000] {dag.py:3328} INFO - Setting next_dagrun for example_dag_decorator to None, run_after=None
[2023-12-26T13:21:49.610+0000] {processor.py:178} INFO - Processing /home/airflow/.local/lib/python3.7/site-packages/airflow/example_dags/example_dag_decorator.py took 3.744 seconds
[2023-12-26T13:22:20.300+0000] {processor.py:156} INFO - Started process (PID=331) to work on /home/airflow/.local/lib/python3.7/site-packages/airflow/example_dags/example_dag_decorator.py
[2023-12-26T13:22:20.311+0000] {processor.py:758} INFO - Processing file /home/airflow/.local/lib/python3.7/site-packages/airflow/example_dags/example_dag_decorator.py for tasks to queue
[2023-12-26T13:22:20.324+0000] {logging_mixin.py:117} INFO - [2023-12-26T13:22:20.324+0000] {dagbag.py:525} INFO - Filling up the DagBag from /home/airflow/.local/lib/python3.7/site-packages/airflow/example_dags/example_dag_decorator.py
[2023-12-26T13:22:20.809+0000] {processor.py:768} INFO - DAG(s) dict_keys(['example_dag_decorator']) retrieved from /home/airflow/.local/lib/python3.7/site-packages/airflow/example_dags/example_dag_decorator.py
[2023-12-26T13:22:23.419+0000] {logging_mixin.py:117} INFO - [2023-12-26T13:22:23.419+0000] {dag.py:2573} INFO - Sync 1 DAGs
[2023-12-26T13:22:23.676+0000] {logging_mixin.py:117} INFO - [2023-12-26T13:22:23.676+0000] {dag.py:3328} INFO - Setting next_dagrun for example_dag_decorator to None, run_after=None
[2023-12-26T13:22:24.037+0000] {processor.py:178} INFO - Processing /home/airflow/.local/lib/python3.7/site-packages/airflow/example_dags/example_dag_decorator.py took 3.794 seconds
[2023-12-26T13:22:54.348+0000] {processor.py:156} INFO - Started process (PID=377) to work on /home/airflow/.local/lib/python3.7/site-packages/airflow/example_dags/example_dag_decorator.py
[2023-12-26T13:22:54.391+0000] {processor.py:758} INFO - Processing file /home/airflow/.local/lib/python3.7/site-packages/airflow/example_dags/example_dag_decorator.py for tasks to queue
[2023-12-26T13:22:54.395+0000] {logging_mixin.py:117} INFO - [2023-12-26T13:22:54.394+0000] {dagbag.py:525} INFO - Filling up the DagBag from /home/airflow/.local/lib/python3.7/site-packages/airflow/example_dags/example_dag_decorator.py
[2023-12-26T13:22:54.565+0000] {processor.py:768} INFO - DAG(s) dict_keys(['example_dag_decorator']) retrieved from /home/airflow/.local/lib/python3.7/site-packages/airflow/example_dags/example_dag_decorator.py
[2023-12-26T13:22:55.168+0000] {logging_mixin.py:117} INFO - [2023-12-26T13:22:55.168+0000] {dag.py:2573} INFO - Sync 1 DAGs
[2023-12-26T13:22:55.255+0000] {logging_mixin.py:117} INFO - [2023-12-26T13:22:55.255+0000] {dag.py:3328} INFO - Setting next_dagrun for example_dag_decorator to None, run_after=None
[2023-12-26T13:22:55.342+0000] {processor.py:178} INFO - Processing /home/airflow/.local/lib/python3.7/site-packages/airflow/example_dags/example_dag_decorator.py took 0.999 seconds
[2023-12-26T13:23:25.739+0000] {processor.py:156} INFO - Started process (PID=431) to work on /home/airflow/.local/lib/python3.7/site-packages/airflow/example_dags/example_dag_decorator.py
[2023-12-26T13:23:25.741+0000] {processor.py:758} INFO - Processing file /home/airflow/.local/lib/python3.7/site-packages/airflow/example_dags/example_dag_decorator.py for tasks to queue
[2023-12-26T13:23:25.742+0000] {logging_mixin.py:117} INFO - [2023-12-26T13:23:25.742+0000] {dagbag.py:525} INFO - Filling up the DagBag from /home/airflow/.local/lib/python3.7/site-packages/airflow/example_dags/example_dag_decorator.py
[2023-12-26T13:23:25.902+0000] {processor.py:768} INFO - DAG(s) dict_keys(['example_dag_decorator']) retrieved from /home/airflow/.local/lib/python3.7/site-packages/airflow/example_dags/example_dag_decorator.py
[2023-12-26T13:23:26.562+0000] {logging_mixin.py:117} INFO - [2023-12-26T13:23:26.561+0000] {dag.py:2573} INFO - Sync 1 DAGs
[2023-12-26T13:23:26.689+0000] {logging_mixin.py:117} INFO - [2023-12-26T13:23:26.688+0000] {dag.py:3328} INFO - Setting next_dagrun for example_dag_decorator to None, run_after=None
[2023-12-26T13:23:26.814+0000] {processor.py:178} INFO - Processing /home/airflow/.local/lib/python3.7/site-packages/airflow/example_dags/example_dag_decorator.py took 1.080 seconds
[2023-12-26T13:41:00.239+0000] {processor.py:156} INFO - Started process (PID=123) to work on /home/airflow/.local/lib/python3.7/site-packages/airflow/example_dags/example_dag_decorator.py
[2023-12-26T13:41:00.272+0000] {processor.py:758} INFO - Processing file /home/airflow/.local/lib/python3.7/site-packages/airflow/example_dags/example_dag_decorator.py for tasks to queue
[2023-12-26T13:41:00.274+0000] {logging_mixin.py:117} INFO - [2023-12-26T13:41:00.273+0000] {dagbag.py:525} INFO - Filling up the DagBag from /home/airflow/.local/lib/python3.7/site-packages/airflow/example_dags/example_dag_decorator.py
[2023-12-26T13:41:00.908+0000] {processor.py:768} INFO - DAG(s) dict_keys(['example_dag_decorator']) retrieved from /home/airflow/.local/lib/python3.7/site-packages/airflow/example_dags/example_dag_decorator.py
[2023-12-26T13:41:02.362+0000] {logging_mixin.py:117} INFO - [2023-12-26T13:41:02.362+0000] {dag.py:2573} INFO - Sync 1 DAGs
[2023-12-26T13:41:02.683+0000] {logging_mixin.py:117} INFO - [2023-12-26T13:41:02.682+0000] {dag.py:3328} INFO - Setting next_dagrun for example_dag_decorator to None, run_after=None
[2023-12-26T13:41:03.297+0000] {processor.py:178} INFO - Processing /home/airflow/.local/lib/python3.7/site-packages/airflow/example_dags/example_dag_decorator.py took 3.084 seconds
[2023-12-26T13:41:35.091+0000] {processor.py:156} INFO - Started process (PID=179) to work on /home/airflow/.local/lib/python3.7/site-packages/airflow/example_dags/example_dag_decorator.py
[2023-12-26T13:41:35.096+0000] {processor.py:758} INFO - Processing file /home/airflow/.local/lib/python3.7/site-packages/airflow/example_dags/example_dag_decorator.py for tasks to queue
[2023-12-26T13:41:35.103+0000] {logging_mixin.py:117} INFO - [2023-12-26T13:41:35.102+0000] {dagbag.py:525} INFO - Filling up the DagBag from /home/airflow/.local/lib/python3.7/site-packages/airflow/example_dags/example_dag_decorator.py
[2023-12-26T13:41:35.394+0000] {processor.py:768} INFO - DAG(s) dict_keys(['example_dag_decorator']) retrieved from /home/airflow/.local/lib/python3.7/site-packages/airflow/example_dags/example_dag_decorator.py
[2023-12-26T13:41:37.202+0000] {logging_mixin.py:117} INFO - [2023-12-26T13:41:37.201+0000] {dag.py:2573} INFO - Sync 1 DAGs
[2023-12-26T13:41:37.293+0000] {logging_mixin.py:117} INFO - [2023-12-26T13:41:37.293+0000] {dag.py:3328} INFO - Setting next_dagrun for example_dag_decorator to None, run_after=None
[2023-12-26T13:41:37.396+0000] {processor.py:178} INFO - Processing /home/airflow/.local/lib/python3.7/site-packages/airflow/example_dags/example_dag_decorator.py took 2.317 seconds
[2023-12-26T13:42:07.891+0000] {processor.py:156} INFO - Started process (PID=235) to work on /home/airflow/.local/lib/python3.7/site-packages/airflow/example_dags/example_dag_decorator.py
[2023-12-26T13:42:07.920+0000] {processor.py:758} INFO - Processing file /home/airflow/.local/lib/python3.7/site-packages/airflow/example_dags/example_dag_decorator.py for tasks to queue
[2023-12-26T13:42:07.922+0000] {logging_mixin.py:117} INFO - [2023-12-26T13:42:07.921+0000] {dagbag.py:525} INFO - Filling up the DagBag from /home/airflow/.local/lib/python3.7/site-packages/airflow/example_dags/example_dag_decorator.py
[2023-12-26T13:42:07.995+0000] {processor.py:768} INFO - DAG(s) dict_keys(['example_dag_decorator']) retrieved from /home/airflow/.local/lib/python3.7/site-packages/airflow/example_dags/example_dag_decorator.py
[2023-12-26T13:42:08.400+0000] {logging_mixin.py:117} INFO - [2023-12-26T13:42:08.400+0000] {dag.py:2573} INFO - Sync 1 DAGs
[2023-12-26T13:42:08.528+0000] {logging_mixin.py:117} INFO - [2023-12-26T13:42:08.528+0000] {dag.py:3328} INFO - Setting next_dagrun for example_dag_decorator to None, run_after=None
[2023-12-26T13:42:08.627+0000] {processor.py:178} INFO - Processing /home/airflow/.local/lib/python3.7/site-packages/airflow/example_dags/example_dag_decorator.py took 0.742 seconds
[2023-12-26T13:42:39.325+0000] {processor.py:156} INFO - Started process (PID=291) to work on /home/airflow/.local/lib/python3.7/site-packages/airflow/example_dags/example_dag_decorator.py
[2023-12-26T13:42:39.360+0000] {processor.py:758} INFO - Processing file /home/airflow/.local/lib/python3.7/site-packages/airflow/example_dags/example_dag_decorator.py for tasks to queue
[2023-12-26T13:42:39.363+0000] {logging_mixin.py:117} INFO - [2023-12-26T13:42:39.362+0000] {dagbag.py:525} INFO - Filling up the DagBag from /home/airflow/.local/lib/python3.7/site-packages/airflow/example_dags/example_dag_decorator.py
[2023-12-26T13:42:39.667+0000] {processor.py:768} INFO - DAG(s) dict_keys(['example_dag_decorator']) retrieved from /home/airflow/.local/lib/python3.7/site-packages/airflow/example_dags/example_dag_decorator.py
[2023-12-26T13:42:40.370+0000] {logging_mixin.py:117} INFO - [2023-12-26T13:42:40.370+0000] {dag.py:2573} INFO - Sync 1 DAGs
[2023-12-26T13:42:40.539+0000] {logging_mixin.py:117} INFO - [2023-12-26T13:42:40.539+0000] {dag.py:3328} INFO - Setting next_dagrun for example_dag_decorator to None, run_after=None
[2023-12-26T13:42:40.596+0000] {processor.py:178} INFO - Processing /home/airflow/.local/lib/python3.7/site-packages/airflow/example_dags/example_dag_decorator.py took 1.296 seconds
[2023-12-26T13:43:10.858+0000] {processor.py:156} INFO - Started process (PID=349) to work on /home/airflow/.local/lib/python3.7/site-packages/airflow/example_dags/example_dag_decorator.py
[2023-12-26T13:43:10.860+0000] {processor.py:758} INFO - Processing file /home/airflow/.local/lib/python3.7/site-packages/airflow/example_dags/example_dag_decorator.py for tasks to queue
[2023-12-26T13:43:10.861+0000] {logging_mixin.py:117} INFO - [2023-12-26T13:43:10.861+0000] {dagbag.py:525} INFO - Filling up the DagBag from /home/airflow/.local/lib/python3.7/site-packages/airflow/example_dags/example_dag_decorator.py
[2023-12-26T13:43:11.045+0000] {processor.py:768} INFO - DAG(s) dict_keys(['example_dag_decorator']) retrieved from /home/airflow/.local/lib/python3.7/site-packages/airflow/example_dags/example_dag_decorator.py
[2023-12-26T13:43:12.102+0000] {logging_mixin.py:117} INFO - [2023-12-26T13:43:12.101+0000] {dag.py:2573} INFO - Sync 1 DAGs
[2023-12-26T13:43:12.426+0000] {logging_mixin.py:117} INFO - [2023-12-26T13:43:12.426+0000] {dag.py:3328} INFO - Setting next_dagrun for example_dag_decorator to None, run_after=None
[2023-12-26T13:43:12.611+0000] {processor.py:178} INFO - Processing /home/airflow/.local/lib/python3.7/site-packages/airflow/example_dags/example_dag_decorator.py took 1.765 seconds
[2023-12-26T13:43:42.781+0000] {processor.py:156} INFO - Started process (PID=405) to work on /home/airflow/.local/lib/python3.7/site-packages/airflow/example_dags/example_dag_decorator.py
[2023-12-26T13:43:42.783+0000] {processor.py:758} INFO - Processing file /home/airflow/.local/lib/python3.7/site-packages/airflow/example_dags/example_dag_decorator.py for tasks to queue
[2023-12-26T13:43:42.791+0000] {logging_mixin.py:117} INFO - [2023-12-26T13:43:42.791+0000] {dagbag.py:525} INFO - Filling up the DagBag from /home/airflow/.local/lib/python3.7/site-packages/airflow/example_dags/example_dag_decorator.py
[2023-12-26T13:43:43.114+0000] {processor.py:768} INFO - DAG(s) dict_keys(['example_dag_decorator']) retrieved from /home/airflow/.local/lib/python3.7/site-packages/airflow/example_dags/example_dag_decorator.py
[2023-12-26T13:43:43.720+0000] {logging_mixin.py:117} INFO - [2023-12-26T13:43:43.719+0000] {dag.py:2573} INFO - Sync 1 DAGs
[2023-12-26T13:43:43.894+0000] {logging_mixin.py:117} INFO - [2023-12-26T13:43:43.894+0000] {dag.py:3328} INFO - Setting next_dagrun for example_dag_decorator to None, run_after=None
[2023-12-26T13:43:43.991+0000] {processor.py:178} INFO - Processing /home/airflow/.local/lib/python3.7/site-packages/airflow/example_dags/example_dag_decorator.py took 1.228 seconds
[2023-12-26T13:44:51.221+0000] {processor.py:156} INFO - Started process (PID=487) to work on /home/airflow/.local/lib/python3.7/site-packages/airflow/example_dags/example_dag_decorator.py
[2023-12-26T13:44:51.226+0000] {processor.py:758} INFO - Processing file /home/airflow/.local/lib/python3.7/site-packages/airflow/example_dags/example_dag_decorator.py for tasks to queue
[2023-12-26T13:44:51.228+0000] {logging_mixin.py:117} INFO - [2023-12-26T13:44:51.228+0000] {dagbag.py:525} INFO - Filling up the DagBag from /home/airflow/.local/lib/python3.7/site-packages/airflow/example_dags/example_dag_decorator.py
[2023-12-26T13:44:51.704+0000] {processor.py:768} INFO - DAG(s) dict_keys(['example_dag_decorator']) retrieved from /home/airflow/.local/lib/python3.7/site-packages/airflow/example_dags/example_dag_decorator.py
[2023-12-26T13:44:54.602+0000] {logging_mixin.py:117} INFO - [2023-12-26T13:44:54.601+0000] {dag.py:2573} INFO - Sync 1 DAGs
[2023-12-26T13:44:54.785+0000] {logging_mixin.py:117} INFO - [2023-12-26T13:44:54.784+0000] {dag.py:3328} INFO - Setting next_dagrun for example_dag_decorator to None, run_after=None
[2023-12-26T13:44:55.227+0000] {processor.py:178} INFO - Processing /home/airflow/.local/lib/python3.7/site-packages/airflow/example_dags/example_dag_decorator.py took 4.015 seconds
[2023-12-26T13:45:32.129+0000] {processor.py:156} INFO - Started process (PID=542) to work on /home/airflow/.local/lib/python3.7/site-packages/airflow/example_dags/example_dag_decorator.py
[2023-12-26T13:45:32.143+0000] {processor.py:758} INFO - Processing file /home/airflow/.local/lib/python3.7/site-packages/airflow/example_dags/example_dag_decorator.py for tasks to queue
[2023-12-26T13:45:32.152+0000] {logging_mixin.py:117} INFO - [2023-12-26T13:45:32.151+0000] {dagbag.py:525} INFO - Filling up the DagBag from /home/airflow/.local/lib/python3.7/site-packages/airflow/example_dags/example_dag_decorator.py
[2023-12-26T13:45:32.400+0000] {processor.py:768} INFO - DAG(s) dict_keys(['example_dag_decorator']) retrieved from /home/airflow/.local/lib/python3.7/site-packages/airflow/example_dags/example_dag_decorator.py
[2023-12-26T13:45:32.725+0000] {logging_mixin.py:117} INFO - [2023-12-26T13:45:32.724+0000] {dag.py:2573} INFO - Sync 1 DAGs
[2023-12-26T13:45:32.810+0000] {logging_mixin.py:117} INFO - [2023-12-26T13:45:32.810+0000] {dag.py:3328} INFO - Setting next_dagrun for example_dag_decorator to None, run_after=None
[2023-12-26T13:45:32.935+0000] {processor.py:178} INFO - Processing /home/airflow/.local/lib/python3.7/site-packages/airflow/example_dags/example_dag_decorator.py took 0.822 seconds
