[2023-12-20T06:26:47.503+0000] {processor.py:161} INFO - Started process (PID=2072) to work on /opt/airflow/dags/scripts/managerpostgres.py
[2023-12-20T06:26:47.505+0000] {processor.py:830} INFO - Processing file /opt/airflow/dags/scripts/managerpostgres.py for tasks to queue
[2023-12-20T06:26:47.507+0000] {logging_mixin.py:188} INFO - [2023-12-20T06:26:47.506+0000] {dagbag.py:538} INFO - Filling up the DagBag from /opt/airflow/dags/scripts/managerpostgres.py
[2023-12-20T06:26:49.711+0000] {processor.py:842} WARNING - No viable dags retrieved from /opt/airflow/dags/scripts/managerpostgres.py
[2023-12-20T06:26:49.740+0000] {processor.py:183} INFO - Processing /opt/airflow/dags/scripts/managerpostgres.py took 2.250 seconds
[2023-12-20T06:27:20.328+0000] {processor.py:161} INFO - Started process (PID=2123) to work on /opt/airflow/dags/scripts/managerpostgres.py
[2023-12-20T06:27:20.346+0000] {processor.py:830} INFO - Processing file /opt/airflow/dags/scripts/managerpostgres.py for tasks to queue
[2023-12-20T06:27:20.366+0000] {logging_mixin.py:188} INFO - [2023-12-20T06:27:20.348+0000] {dagbag.py:538} INFO - Filling up the DagBag from /opt/airflow/dags/scripts/managerpostgres.py
[2023-12-20T06:27:23.194+0000] {processor.py:842} WARNING - No viable dags retrieved from /opt/airflow/dags/scripts/managerpostgres.py
[2023-12-20T06:27:23.230+0000] {processor.py:183} INFO - Processing /opt/airflow/dags/scripts/managerpostgres.py took 2.962 seconds
[2023-12-20T06:27:53.547+0000] {processor.py:161} INFO - Started process (PID=2182) to work on /opt/airflow/dags/scripts/managerpostgres.py
[2023-12-20T06:27:53.584+0000] {processor.py:830} INFO - Processing file /opt/airflow/dags/scripts/managerpostgres.py for tasks to queue
[2023-12-20T06:27:53.586+0000] {logging_mixin.py:188} INFO - [2023-12-20T06:27:53.585+0000] {dagbag.py:538} INFO - Filling up the DagBag from /opt/airflow/dags/scripts/managerpostgres.py
[2023-12-20T06:27:54.792+0000] {processor.py:842} WARNING - No viable dags retrieved from /opt/airflow/dags/scripts/managerpostgres.py
[2023-12-20T06:27:54.818+0000] {processor.py:183} INFO - Processing /opt/airflow/dags/scripts/managerpostgres.py took 1.283 seconds
[2023-12-20T06:28:24.910+0000] {processor.py:161} INFO - Started process (PID=2240) to work on /opt/airflow/dags/scripts/managerpostgres.py
[2023-12-20T06:28:24.964+0000] {processor.py:830} INFO - Processing file /opt/airflow/dags/scripts/managerpostgres.py for tasks to queue
[2023-12-20T06:28:24.966+0000] {logging_mixin.py:188} INFO - [2023-12-20T06:28:24.965+0000] {dagbag.py:538} INFO - Filling up the DagBag from /opt/airflow/dags/scripts/managerpostgres.py
[2023-12-20T06:28:26.006+0000] {processor.py:842} WARNING - No viable dags retrieved from /opt/airflow/dags/scripts/managerpostgres.py
[2023-12-20T06:28:26.032+0000] {processor.py:183} INFO - Processing /opt/airflow/dags/scripts/managerpostgres.py took 1.129 seconds
[2023-12-20T06:28:56.279+0000] {processor.py:161} INFO - Started process (PID=2297) to work on /opt/airflow/dags/scripts/managerpostgres.py
[2023-12-20T06:28:56.300+0000] {processor.py:830} INFO - Processing file /opt/airflow/dags/scripts/managerpostgres.py for tasks to queue
[2023-12-20T06:28:56.303+0000] {logging_mixin.py:188} INFO - [2023-12-20T06:28:56.302+0000] {dagbag.py:538} INFO - Filling up the DagBag from /opt/airflow/dags/scripts/managerpostgres.py
[2023-12-20T06:28:59.101+0000] {processor.py:842} WARNING - No viable dags retrieved from /opt/airflow/dags/scripts/managerpostgres.py
[2023-12-20T06:28:59.151+0000] {processor.py:183} INFO - Processing /opt/airflow/dags/scripts/managerpostgres.py took 2.895 seconds
[2023-12-20T06:29:30.130+0000] {processor.py:161} INFO - Started process (PID=2355) to work on /opt/airflow/dags/scripts/managerpostgres.py
[2023-12-20T06:29:30.153+0000] {processor.py:830} INFO - Processing file /opt/airflow/dags/scripts/managerpostgres.py for tasks to queue
[2023-12-20T06:29:30.155+0000] {logging_mixin.py:188} INFO - [2023-12-20T06:29:30.155+0000] {dagbag.py:538} INFO - Filling up the DagBag from /opt/airflow/dags/scripts/managerpostgres.py
[2023-12-20T06:29:32.300+0000] {processor.py:842} WARNING - No viable dags retrieved from /opt/airflow/dags/scripts/managerpostgres.py
[2023-12-20T06:29:32.325+0000] {processor.py:183} INFO - Processing /opt/airflow/dags/scripts/managerpostgres.py took 2.232 seconds
[2023-12-20T06:30:02.803+0000] {processor.py:161} INFO - Started process (PID=2415) to work on /opt/airflow/dags/scripts/managerpostgres.py
[2023-12-20T06:30:02.810+0000] {processor.py:830} INFO - Processing file /opt/airflow/dags/scripts/managerpostgres.py for tasks to queue
[2023-12-20T06:30:02.812+0000] {logging_mixin.py:188} INFO - [2023-12-20T06:30:02.811+0000] {dagbag.py:538} INFO - Filling up the DagBag from /opt/airflow/dags/scripts/managerpostgres.py
[2023-12-20T06:30:04.556+0000] {processor.py:842} WARNING - No viable dags retrieved from /opt/airflow/dags/scripts/managerpostgres.py
[2023-12-20T06:30:04.607+0000] {processor.py:183} INFO - Processing /opt/airflow/dags/scripts/managerpostgres.py took 1.820 seconds
[2023-12-20T06:30:34.795+0000] {processor.py:161} INFO - Started process (PID=2472) to work on /opt/airflow/dags/scripts/managerpostgres.py
[2023-12-20T06:30:34.797+0000] {processor.py:830} INFO - Processing file /opt/airflow/dags/scripts/managerpostgres.py for tasks to queue
[2023-12-20T06:30:34.801+0000] {logging_mixin.py:188} INFO - [2023-12-20T06:30:34.799+0000] {dagbag.py:538} INFO - Filling up the DagBag from /opt/airflow/dags/scripts/managerpostgres.py
[2023-12-20T06:30:39.161+0000] {processor.py:842} WARNING - No viable dags retrieved from /opt/airflow/dags/scripts/managerpostgres.py
[2023-12-20T06:30:39.209+0000] {processor.py:183} INFO - Processing /opt/airflow/dags/scripts/managerpostgres.py took 4.441 seconds
[2023-12-20T06:31:12.685+0000] {processor.py:161} INFO - Started process (PID=2528) to work on /opt/airflow/dags/scripts/managerpostgres.py
[2023-12-20T06:31:12.699+0000] {processor.py:830} INFO - Processing file /opt/airflow/dags/scripts/managerpostgres.py for tasks to queue
[2023-12-20T06:31:12.708+0000] {logging_mixin.py:188} INFO - [2023-12-20T06:31:12.707+0000] {dagbag.py:538} INFO - Filling up the DagBag from /opt/airflow/dags/scripts/managerpostgres.py
[2023-12-20T06:31:18.311+0000] {processor.py:842} WARNING - No viable dags retrieved from /opt/airflow/dags/scripts/managerpostgres.py
[2023-12-20T06:31:18.471+0000] {processor.py:183} INFO - Processing /opt/airflow/dags/scripts/managerpostgres.py took 5.808 seconds
[2023-12-20T06:31:49.180+0000] {processor.py:161} INFO - Started process (PID=2589) to work on /opt/airflow/dags/scripts/managerpostgres.py
[2023-12-20T06:31:49.183+0000] {processor.py:830} INFO - Processing file /opt/airflow/dags/scripts/managerpostgres.py for tasks to queue
[2023-12-20T06:31:49.185+0000] {logging_mixin.py:188} INFO - [2023-12-20T06:31:49.184+0000] {dagbag.py:538} INFO - Filling up the DagBag from /opt/airflow/dags/scripts/managerpostgres.py
[2023-12-20T06:31:50.310+0000] {processor.py:842} WARNING - No viable dags retrieved from /opt/airflow/dags/scripts/managerpostgres.py
[2023-12-20T06:31:50.343+0000] {processor.py:183} INFO - Processing /opt/airflow/dags/scripts/managerpostgres.py took 1.174 seconds
[2023-12-20T06:32:20.575+0000] {processor.py:161} INFO - Started process (PID=2653) to work on /opt/airflow/dags/scripts/managerpostgres.py
[2023-12-20T06:32:20.577+0000] {processor.py:830} INFO - Processing file /opt/airflow/dags/scripts/managerpostgres.py for tasks to queue
[2023-12-20T06:32:20.579+0000] {logging_mixin.py:188} INFO - [2023-12-20T06:32:20.578+0000] {dagbag.py:538} INFO - Filling up the DagBag from /opt/airflow/dags/scripts/managerpostgres.py
[2023-12-20T06:32:21.486+0000] {processor.py:842} WARNING - No viable dags retrieved from /opt/airflow/dags/scripts/managerpostgres.py
[2023-12-20T06:32:21.550+0000] {processor.py:183} INFO - Processing /opt/airflow/dags/scripts/managerpostgres.py took 0.983 seconds
[2023-12-20T06:32:52.130+0000] {processor.py:161} INFO - Started process (PID=2712) to work on /opt/airflow/dags/scripts/managerpostgres.py
[2023-12-20T06:32:52.167+0000] {processor.py:830} INFO - Processing file /opt/airflow/dags/scripts/managerpostgres.py for tasks to queue
[2023-12-20T06:32:52.169+0000] {logging_mixin.py:188} INFO - [2023-12-20T06:32:52.169+0000] {dagbag.py:538} INFO - Filling up the DagBag from /opt/airflow/dags/scripts/managerpostgres.py
[2023-12-20T06:32:53.664+0000] {processor.py:842} WARNING - No viable dags retrieved from /opt/airflow/dags/scripts/managerpostgres.py
[2023-12-20T06:32:53.745+0000] {processor.py:183} INFO - Processing /opt/airflow/dags/scripts/managerpostgres.py took 1.622 seconds
[2023-12-20T06:33:24.672+0000] {processor.py:161} INFO - Started process (PID=2771) to work on /opt/airflow/dags/scripts/managerpostgres.py
[2023-12-20T06:33:24.733+0000] {processor.py:830} INFO - Processing file /opt/airflow/dags/scripts/managerpostgres.py for tasks to queue
[2023-12-20T06:33:24.735+0000] {logging_mixin.py:188} INFO - [2023-12-20T06:33:24.735+0000] {dagbag.py:538} INFO - Filling up the DagBag from /opt/airflow/dags/scripts/managerpostgres.py
[2023-12-20T06:33:32.258+0000] {processor.py:842} WARNING - No viable dags retrieved from /opt/airflow/dags/scripts/managerpostgres.py
[2023-12-20T06:33:32.639+0000] {processor.py:183} INFO - Processing /opt/airflow/dags/scripts/managerpostgres.py took 8.084 seconds
