[2023-12-20T05:41:27.475+0000] {processor.py:161} INFO - Started process (PID=79) to work on /home/airflow/.local/lib/python3.8/site-packages/airflow/example_dags/example_branch_labels.py
[2023-12-20T05:41:27.477+0000] {processor.py:830} INFO - Processing file /home/airflow/.local/lib/python3.8/site-packages/airflow/example_dags/example_branch_labels.py for tasks to queue
[2023-12-20T05:41:27.497+0000] {logging_mixin.py:188} INFO - [2023-12-20T05:41:27.497+0000] {dagbag.py:538} INFO - Filling up the DagBag from /home/airflow/.local/lib/python3.8/site-packages/airflow/example_dags/example_branch_labels.py
[2023-12-20T05:41:27.666+0000] {processor.py:840} INFO - DAG(s) 'example_branch_labels' retrieved from /home/airflow/.local/lib/python3.8/site-packages/airflow/example_dags/example_branch_labels.py
[2023-12-20T05:41:29.292+0000] {logging_mixin.py:188} INFO - [2023-12-20T05:41:29.292+0000] {dag.py:3033} INFO - Sync 1 DAGs
[2023-12-20T05:41:29.688+0000] {logging_mixin.py:188} INFO - [2023-12-20T05:41:29.687+0000] {dag.py:3820} INFO - Setting next_dagrun for example_branch_labels to 2023-12-19T00:00:00+00:00, run_after=2023-12-20T00:00:00+00:00
[2023-12-20T05:41:29.971+0000] {processor.py:183} INFO - Processing /home/airflow/.local/lib/python3.8/site-packages/airflow/example_dags/example_branch_labels.py took 2.540 seconds
[2023-12-20T05:42:32.154+0000] {processor.py:161} INFO - Started process (PID=140) to work on /home/airflow/.local/lib/python3.8/site-packages/airflow/example_dags/example_branch_labels.py
[2023-12-20T05:42:32.159+0000] {processor.py:830} INFO - Processing file /home/airflow/.local/lib/python3.8/site-packages/airflow/example_dags/example_branch_labels.py for tasks to queue
[2023-12-20T05:42:32.171+0000] {logging_mixin.py:188} INFO - [2023-12-20T05:42:32.170+0000] {dagbag.py:538} INFO - Filling up the DagBag from /home/airflow/.local/lib/python3.8/site-packages/airflow/example_dags/example_branch_labels.py
[2023-12-20T05:42:32.248+0000] {processor.py:840} INFO - DAG(s) 'example_branch_labels' retrieved from /home/airflow/.local/lib/python3.8/site-packages/airflow/example_dags/example_branch_labels.py
[2023-12-20T05:42:32.352+0000] {logging_mixin.py:188} INFO - [2023-12-20T05:42:32.352+0000] {dag.py:3033} INFO - Sync 1 DAGs
[2023-12-20T05:42:32.566+0000] {logging_mixin.py:188} INFO - [2023-12-20T05:42:32.566+0000] {dag.py:3820} INFO - Setting next_dagrun for example_branch_labels to 2023-12-19T00:00:00+00:00, run_after=2023-12-20T00:00:00+00:00
[2023-12-20T05:42:32.745+0000] {processor.py:183} INFO - Processing /home/airflow/.local/lib/python3.8/site-packages/airflow/example_dags/example_branch_labels.py took 0.609 seconds
[2023-12-20T06:06:58.672+0000] {processor.py:161} INFO - Started process (PID=65) to work on /home/airflow/.local/lib/python3.8/site-packages/airflow/example_dags/example_branch_labels.py
[2023-12-20T06:06:58.679+0000] {processor.py:830} INFO - Processing file /home/airflow/.local/lib/python3.8/site-packages/airflow/example_dags/example_branch_labels.py for tasks to queue
[2023-12-20T06:06:58.685+0000] {logging_mixin.py:188} INFO - [2023-12-20T06:06:58.682+0000] {dagbag.py:538} INFO - Filling up the DagBag from /home/airflow/.local/lib/python3.8/site-packages/airflow/example_dags/example_branch_labels.py
[2023-12-20T06:06:58.735+0000] {processor.py:840} INFO - DAG(s) 'example_branch_labels' retrieved from /home/airflow/.local/lib/python3.8/site-packages/airflow/example_dags/example_branch_labels.py
[2023-12-20T06:06:58.926+0000] {logging_mixin.py:188} INFO - [2023-12-20T06:06:58.926+0000] {dag.py:3033} INFO - Sync 1 DAGs
[2023-12-20T06:06:59.166+0000] {logging_mixin.py:188} INFO - [2023-12-20T06:06:59.166+0000] {dag.py:3820} INFO - Setting next_dagrun for example_branch_labels to 2023-12-19T00:00:00+00:00, run_after=2023-12-20T00:00:00+00:00
[2023-12-20T06:06:59.495+0000] {processor.py:183} INFO - Processing /home/airflow/.local/lib/python3.8/site-packages/airflow/example_dags/example_branch_labels.py took 0.840 seconds
[2023-12-20T06:07:31.125+0000] {processor.py:161} INFO - Started process (PID=120) to work on /home/airflow/.local/lib/python3.8/site-packages/airflow/example_dags/example_branch_labels.py
[2023-12-20T06:07:31.134+0000] {processor.py:830} INFO - Processing file /home/airflow/.local/lib/python3.8/site-packages/airflow/example_dags/example_branch_labels.py for tasks to queue
[2023-12-20T06:07:31.139+0000] {logging_mixin.py:188} INFO - [2023-12-20T06:07:31.138+0000] {dagbag.py:538} INFO - Filling up the DagBag from /home/airflow/.local/lib/python3.8/site-packages/airflow/example_dags/example_branch_labels.py
[2023-12-20T06:07:31.231+0000] {processor.py:840} INFO - DAG(s) 'example_branch_labels' retrieved from /home/airflow/.local/lib/python3.8/site-packages/airflow/example_dags/example_branch_labels.py
[2023-12-20T06:07:31.546+0000] {logging_mixin.py:188} INFO - [2023-12-20T06:07:31.544+0000] {dag.py:3033} INFO - Sync 1 DAGs
[2023-12-20T06:07:31.923+0000] {logging_mixin.py:188} INFO - [2023-12-20T06:07:31.920+0000] {dag.py:3820} INFO - Setting next_dagrun for example_branch_labels to 2023-12-19T00:00:00+00:00, run_after=2023-12-20T00:00:00+00:00
[2023-12-20T06:07:32.245+0000] {processor.py:183} INFO - Processing /home/airflow/.local/lib/python3.8/site-packages/airflow/example_dags/example_branch_labels.py took 1.169 seconds
[2023-12-20T06:08:02.931+0000] {processor.py:161} INFO - Started process (PID=175) to work on /home/airflow/.local/lib/python3.8/site-packages/airflow/example_dags/example_branch_labels.py
[2023-12-20T06:08:02.968+0000] {processor.py:830} INFO - Processing file /home/airflow/.local/lib/python3.8/site-packages/airflow/example_dags/example_branch_labels.py for tasks to queue
[2023-12-20T06:08:02.972+0000] {logging_mixin.py:188} INFO - [2023-12-20T06:08:02.971+0000] {dagbag.py:538} INFO - Filling up the DagBag from /home/airflow/.local/lib/python3.8/site-packages/airflow/example_dags/example_branch_labels.py
[2023-12-20T06:08:03.055+0000] {processor.py:840} INFO - DAG(s) 'example_branch_labels' retrieved from /home/airflow/.local/lib/python3.8/site-packages/airflow/example_dags/example_branch_labels.py
[2023-12-20T06:08:03.182+0000] {logging_mixin.py:188} INFO - [2023-12-20T06:08:03.182+0000] {dag.py:3033} INFO - Sync 1 DAGs
[2023-12-20T06:08:03.326+0000] {logging_mixin.py:188} INFO - [2023-12-20T06:08:03.325+0000] {dag.py:3820} INFO - Setting next_dagrun for example_branch_labels to 2023-12-19T00:00:00+00:00, run_after=2023-12-20T00:00:00+00:00
[2023-12-20T06:08:03.456+0000] {processor.py:183} INFO - Processing /home/airflow/.local/lib/python3.8/site-packages/airflow/example_dags/example_branch_labels.py took 0.538 seconds
[2023-12-20T06:08:40.025+0000] {processor.py:161} INFO - Started process (PID=230) to work on /home/airflow/.local/lib/python3.8/site-packages/airflow/example_dags/example_branch_labels.py
[2023-12-20T06:08:40.027+0000] {processor.py:830} INFO - Processing file /home/airflow/.local/lib/python3.8/site-packages/airflow/example_dags/example_branch_labels.py for tasks to queue
[2023-12-20T06:08:40.049+0000] {logging_mixin.py:188} INFO - [2023-12-20T06:08:40.045+0000] {dagbag.py:538} INFO - Filling up the DagBag from /home/airflow/.local/lib/python3.8/site-packages/airflow/example_dags/example_branch_labels.py
[2023-12-20T06:08:40.189+0000] {processor.py:840} INFO - DAG(s) 'example_branch_labels' retrieved from /home/airflow/.local/lib/python3.8/site-packages/airflow/example_dags/example_branch_labels.py
[2023-12-20T06:08:40.542+0000] {logging_mixin.py:188} INFO - [2023-12-20T06:08:40.541+0000] {dag.py:3033} INFO - Sync 1 DAGs
[2023-12-20T06:08:41.068+0000] {logging_mixin.py:188} INFO - [2023-12-20T06:08:41.062+0000] {dag.py:3820} INFO - Setting next_dagrun for example_branch_labels to 2023-12-19T00:00:00+00:00, run_after=2023-12-20T00:00:00+00:00
[2023-12-20T06:08:41.456+0000] {processor.py:183} INFO - Processing /home/airflow/.local/lib/python3.8/site-packages/airflow/example_dags/example_branch_labels.py took 1.529 seconds
[2023-12-20T06:09:16.528+0000] {processor.py:161} INFO - Started process (PID=284) to work on /home/airflow/.local/lib/python3.8/site-packages/airflow/example_dags/example_branch_labels.py
[2023-12-20T06:09:16.543+0000] {processor.py:830} INFO - Processing file /home/airflow/.local/lib/python3.8/site-packages/airflow/example_dags/example_branch_labels.py for tasks to queue
[2023-12-20T06:09:16.571+0000] {logging_mixin.py:188} INFO - [2023-12-20T06:09:16.571+0000] {dagbag.py:538} INFO - Filling up the DagBag from /home/airflow/.local/lib/python3.8/site-packages/airflow/example_dags/example_branch_labels.py
[2023-12-20T06:09:16.700+0000] {processor.py:840} INFO - DAG(s) 'example_branch_labels' retrieved from /home/airflow/.local/lib/python3.8/site-packages/airflow/example_dags/example_branch_labels.py
[2023-12-20T06:09:16.862+0000] {logging_mixin.py:188} INFO - [2023-12-20T06:09:16.862+0000] {dag.py:3033} INFO - Sync 1 DAGs
[2023-12-20T06:09:17.074+0000] {logging_mixin.py:188} INFO - [2023-12-20T06:09:17.064+0000] {dag.py:3820} INFO - Setting next_dagrun for example_branch_labels to 2023-12-19T00:00:00+00:00, run_after=2023-12-20T00:00:00+00:00
[2023-12-20T06:09:17.224+0000] {processor.py:183} INFO - Processing /home/airflow/.local/lib/python3.8/site-packages/airflow/example_dags/example_branch_labels.py took 0.758 seconds
[2023-12-20T06:09:47.630+0000] {processor.py:161} INFO - Started process (PID=338) to work on /home/airflow/.local/lib/python3.8/site-packages/airflow/example_dags/example_branch_labels.py
[2023-12-20T06:09:47.668+0000] {processor.py:830} INFO - Processing file /home/airflow/.local/lib/python3.8/site-packages/airflow/example_dags/example_branch_labels.py for tasks to queue
[2023-12-20T06:09:47.673+0000] {logging_mixin.py:188} INFO - [2023-12-20T06:09:47.672+0000] {dagbag.py:538} INFO - Filling up the DagBag from /home/airflow/.local/lib/python3.8/site-packages/airflow/example_dags/example_branch_labels.py
[2023-12-20T06:09:47.691+0000] {processor.py:840} INFO - DAG(s) 'example_branch_labels' retrieved from /home/airflow/.local/lib/python3.8/site-packages/airflow/example_dags/example_branch_labels.py
[2023-12-20T06:09:47.741+0000] {logging_mixin.py:188} INFO - [2023-12-20T06:09:47.740+0000] {dag.py:3033} INFO - Sync 1 DAGs
[2023-12-20T06:09:47.823+0000] {logging_mixin.py:188} INFO - [2023-12-20T06:09:47.823+0000] {dag.py:3820} INFO - Setting next_dagrun for example_branch_labels to 2023-12-19T00:00:00+00:00, run_after=2023-12-20T00:00:00+00:00
[2023-12-20T06:09:47.881+0000] {processor.py:183} INFO - Processing /home/airflow/.local/lib/python3.8/site-packages/airflow/example_dags/example_branch_labels.py took 0.258 seconds
[2023-12-20T06:10:18.372+0000] {processor.py:161} INFO - Started process (PID=392) to work on /home/airflow/.local/lib/python3.8/site-packages/airflow/example_dags/example_branch_labels.py
[2023-12-20T06:10:18.374+0000] {processor.py:830} INFO - Processing file /home/airflow/.local/lib/python3.8/site-packages/airflow/example_dags/example_branch_labels.py for tasks to queue
[2023-12-20T06:10:18.378+0000] {logging_mixin.py:188} INFO - [2023-12-20T06:10:18.377+0000] {dagbag.py:538} INFO - Filling up the DagBag from /home/airflow/.local/lib/python3.8/site-packages/airflow/example_dags/example_branch_labels.py
[2023-12-20T06:10:18.408+0000] {processor.py:840} INFO - DAG(s) 'example_branch_labels' retrieved from /home/airflow/.local/lib/python3.8/site-packages/airflow/example_dags/example_branch_labels.py
[2023-12-20T06:10:18.463+0000] {logging_mixin.py:188} INFO - [2023-12-20T06:10:18.463+0000] {dag.py:3033} INFO - Sync 1 DAGs
[2023-12-20T06:10:18.533+0000] {logging_mixin.py:188} INFO - [2023-12-20T06:10:18.532+0000] {dag.py:3820} INFO - Setting next_dagrun for example_branch_labels to 2023-12-19T00:00:00+00:00, run_after=2023-12-20T00:00:00+00:00
[2023-12-20T06:10:18.585+0000] {processor.py:183} INFO - Processing /home/airflow/.local/lib/python3.8/site-packages/airflow/example_dags/example_branch_labels.py took 0.228 seconds
[2023-12-20T06:10:50.508+0000] {processor.py:161} INFO - Started process (PID=447) to work on /home/airflow/.local/lib/python3.8/site-packages/airflow/example_dags/example_branch_labels.py
[2023-12-20T06:10:50.515+0000] {processor.py:830} INFO - Processing file /home/airflow/.local/lib/python3.8/site-packages/airflow/example_dags/example_branch_labels.py for tasks to queue
[2023-12-20T06:10:50.527+0000] {logging_mixin.py:188} INFO - [2023-12-20T06:10:50.525+0000] {dagbag.py:538} INFO - Filling up the DagBag from /home/airflow/.local/lib/python3.8/site-packages/airflow/example_dags/example_branch_labels.py
[2023-12-20T06:10:50.589+0000] {processor.py:840} INFO - DAG(s) 'example_branch_labels' retrieved from /home/airflow/.local/lib/python3.8/site-packages/airflow/example_dags/example_branch_labels.py
[2023-12-20T06:10:50.696+0000] {logging_mixin.py:188} INFO - [2023-12-20T06:10:50.696+0000] {dag.py:3033} INFO - Sync 1 DAGs
[2023-12-20T06:10:50.876+0000] {logging_mixin.py:188} INFO - [2023-12-20T06:10:50.876+0000] {dag.py:3820} INFO - Setting next_dagrun for example_branch_labels to 2023-12-19T00:00:00+00:00, run_after=2023-12-20T00:00:00+00:00
[2023-12-20T06:10:50.992+0000] {processor.py:183} INFO - Processing /home/airflow/.local/lib/python3.8/site-packages/airflow/example_dags/example_branch_labels.py took 0.503 seconds
[2023-12-20T06:11:22.749+0000] {processor.py:161} INFO - Started process (PID=502) to work on /home/airflow/.local/lib/python3.8/site-packages/airflow/example_dags/example_branch_labels.py
[2023-12-20T06:11:22.751+0000] {processor.py:830} INFO - Processing file /home/airflow/.local/lib/python3.8/site-packages/airflow/example_dags/example_branch_labels.py for tasks to queue
[2023-12-20T06:11:22.771+0000] {logging_mixin.py:188} INFO - [2023-12-20T06:11:22.770+0000] {dagbag.py:538} INFO - Filling up the DagBag from /home/airflow/.local/lib/python3.8/site-packages/airflow/example_dags/example_branch_labels.py
[2023-12-20T06:11:22.830+0000] {processor.py:840} INFO - DAG(s) 'example_branch_labels' retrieved from /home/airflow/.local/lib/python3.8/site-packages/airflow/example_dags/example_branch_labels.py
[2023-12-20T06:11:22.951+0000] {logging_mixin.py:188} INFO - [2023-12-20T06:11:22.950+0000] {dag.py:3033} INFO - Sync 1 DAGs
[2023-12-20T06:11:23.291+0000] {logging_mixin.py:188} INFO - [2023-12-20T06:11:23.291+0000] {dag.py:3820} INFO - Setting next_dagrun for example_branch_labels to 2023-12-19T00:00:00+00:00, run_after=2023-12-20T00:00:00+00:00
[2023-12-20T06:11:23.481+0000] {processor.py:183} INFO - Processing /home/airflow/.local/lib/python3.8/site-packages/airflow/example_dags/example_branch_labels.py took 0.750 seconds
[2023-12-20T06:11:53.602+0000] {processor.py:161} INFO - Started process (PID=557) to work on /home/airflow/.local/lib/python3.8/site-packages/airflow/example_dags/example_branch_labels.py
[2023-12-20T06:11:53.613+0000] {processor.py:830} INFO - Processing file /home/airflow/.local/lib/python3.8/site-packages/airflow/example_dags/example_branch_labels.py for tasks to queue
[2023-12-20T06:11:53.626+0000] {logging_mixin.py:188} INFO - [2023-12-20T06:11:53.625+0000] {dagbag.py:538} INFO - Filling up the DagBag from /home/airflow/.local/lib/python3.8/site-packages/airflow/example_dags/example_branch_labels.py
[2023-12-20T06:11:53.687+0000] {processor.py:840} INFO - DAG(s) 'example_branch_labels' retrieved from /home/airflow/.local/lib/python3.8/site-packages/airflow/example_dags/example_branch_labels.py
[2023-12-20T06:11:53.838+0000] {logging_mixin.py:188} INFO - [2023-12-20T06:11:53.838+0000] {dag.py:3033} INFO - Sync 1 DAGs
[2023-12-20T06:11:53.970+0000] {logging_mixin.py:188} INFO - [2023-12-20T06:11:53.967+0000] {dag.py:3820} INFO - Setting next_dagrun for example_branch_labels to 2023-12-19T00:00:00+00:00, run_after=2023-12-20T00:00:00+00:00
[2023-12-20T06:11:54.117+0000] {processor.py:183} INFO - Processing /home/airflow/.local/lib/python3.8/site-packages/airflow/example_dags/example_branch_labels.py took 0.522 seconds
[2023-12-20T06:12:29.366+0000] {processor.py:161} INFO - Started process (PID=612) to work on /home/airflow/.local/lib/python3.8/site-packages/airflow/example_dags/example_branch_labels.py
[2023-12-20T06:12:29.371+0000] {processor.py:830} INFO - Processing file /home/airflow/.local/lib/python3.8/site-packages/airflow/example_dags/example_branch_labels.py for tasks to queue
[2023-12-20T06:12:29.382+0000] {logging_mixin.py:188} INFO - [2023-12-20T06:12:29.382+0000] {dagbag.py:538} INFO - Filling up the DagBag from /home/airflow/.local/lib/python3.8/site-packages/airflow/example_dags/example_branch_labels.py
[2023-12-20T06:12:29.465+0000] {processor.py:840} INFO - DAG(s) 'example_branch_labels' retrieved from /home/airflow/.local/lib/python3.8/site-packages/airflow/example_dags/example_branch_labels.py
[2023-12-20T06:12:29.861+0000] {logging_mixin.py:188} INFO - [2023-12-20T06:12:29.861+0000] {dag.py:3033} INFO - Sync 1 DAGs
[2023-12-20T06:12:30.210+0000] {logging_mixin.py:188} INFO - [2023-12-20T06:12:30.209+0000] {dag.py:3820} INFO - Setting next_dagrun for example_branch_labels to 2023-12-19T00:00:00+00:00, run_after=2023-12-20T00:00:00+00:00
[2023-12-20T06:12:30.430+0000] {processor.py:183} INFO - Processing /home/airflow/.local/lib/python3.8/site-packages/airflow/example_dags/example_branch_labels.py took 1.096 seconds
[2023-12-20T06:13:10.769+0000] {processor.py:161} INFO - Started process (PID=672) to work on /home/airflow/.local/lib/python3.8/site-packages/airflow/example_dags/example_branch_labels.py
[2023-12-20T06:13:10.771+0000] {processor.py:830} INFO - Processing file /home/airflow/.local/lib/python3.8/site-packages/airflow/example_dags/example_branch_labels.py for tasks to queue
[2023-12-20T06:13:10.790+0000] {logging_mixin.py:188} INFO - [2023-12-20T06:13:10.789+0000] {dagbag.py:538} INFO - Filling up the DagBag from /home/airflow/.local/lib/python3.8/site-packages/airflow/example_dags/example_branch_labels.py
[2023-12-20T06:13:10.888+0000] {processor.py:840} INFO - DAG(s) 'example_branch_labels' retrieved from /home/airflow/.local/lib/python3.8/site-packages/airflow/example_dags/example_branch_labels.py
[2023-12-20T06:13:11.133+0000] {logging_mixin.py:188} INFO - [2023-12-20T06:13:11.132+0000] {dag.py:3033} INFO - Sync 1 DAGs
[2023-12-20T06:13:11.393+0000] {logging_mixin.py:188} INFO - [2023-12-20T06:13:11.393+0000] {dag.py:3820} INFO - Setting next_dagrun for example_branch_labels to 2023-12-19T00:00:00+00:00, run_after=2023-12-20T00:00:00+00:00
[2023-12-20T06:13:11.649+0000] {processor.py:183} INFO - Processing /home/airflow/.local/lib/python3.8/site-packages/airflow/example_dags/example_branch_labels.py took 0.930 seconds
[2023-12-20T06:13:50.838+0000] {processor.py:161} INFO - Started process (PID=725) to work on /home/airflow/.local/lib/python3.8/site-packages/airflow/example_dags/example_branch_labels.py
[2023-12-20T06:13:50.869+0000] {processor.py:830} INFO - Processing file /home/airflow/.local/lib/python3.8/site-packages/airflow/example_dags/example_branch_labels.py for tasks to queue
[2023-12-20T06:13:50.897+0000] {logging_mixin.py:188} INFO - [2023-12-20T06:13:50.892+0000] {dagbag.py:538} INFO - Filling up the DagBag from /home/airflow/.local/lib/python3.8/site-packages/airflow/example_dags/example_branch_labels.py
[2023-12-20T06:13:50.953+0000] {processor.py:840} INFO - DAG(s) 'example_branch_labels' retrieved from /home/airflow/.local/lib/python3.8/site-packages/airflow/example_dags/example_branch_labels.py
[2023-12-20T06:13:51.063+0000] {logging_mixin.py:188} INFO - [2023-12-20T06:13:51.062+0000] {dag.py:3033} INFO - Sync 1 DAGs
[2023-12-20T06:13:51.456+0000] {logging_mixin.py:188} INFO - [2023-12-20T06:13:51.455+0000] {dag.py:3820} INFO - Setting next_dagrun for example_branch_labels to 2023-12-19T00:00:00+00:00, run_after=2023-12-20T00:00:00+00:00
[2023-12-20T06:13:51.697+0000] {processor.py:183} INFO - Processing /home/airflow/.local/lib/python3.8/site-packages/airflow/example_dags/example_branch_labels.py took 0.907 seconds
[2023-12-20T06:14:29.400+0000] {processor.py:161} INFO - Started process (PID=780) to work on /home/airflow/.local/lib/python3.8/site-packages/airflow/example_dags/example_branch_labels.py
[2023-12-20T06:14:29.431+0000] {processor.py:830} INFO - Processing file /home/airflow/.local/lib/python3.8/site-packages/airflow/example_dags/example_branch_labels.py for tasks to queue
[2023-12-20T06:14:29.461+0000] {logging_mixin.py:188} INFO - [2023-12-20T06:14:29.460+0000] {dagbag.py:538} INFO - Filling up the DagBag from /home/airflow/.local/lib/python3.8/site-packages/airflow/example_dags/example_branch_labels.py
[2023-12-20T06:14:29.554+0000] {processor.py:840} INFO - DAG(s) 'example_branch_labels' retrieved from /home/airflow/.local/lib/python3.8/site-packages/airflow/example_dags/example_branch_labels.py
[2023-12-20T06:14:29.720+0000] {logging_mixin.py:188} INFO - [2023-12-20T06:14:29.719+0000] {dag.py:3033} INFO - Sync 1 DAGs
[2023-12-20T06:14:29.871+0000] {logging_mixin.py:188} INFO - [2023-12-20T06:14:29.870+0000] {dag.py:3820} INFO - Setting next_dagrun for example_branch_labels to 2023-12-19T00:00:00+00:00, run_after=2023-12-20T00:00:00+00:00
[2023-12-20T06:14:30.088+0000] {processor.py:183} INFO - Processing /home/airflow/.local/lib/python3.8/site-packages/airflow/example_dags/example_branch_labels.py took 0.719 seconds
[2023-12-20T06:15:00.638+0000] {processor.py:161} INFO - Started process (PID=833) to work on /home/airflow/.local/lib/python3.8/site-packages/airflow/example_dags/example_branch_labels.py
[2023-12-20T06:15:00.640+0000] {processor.py:830} INFO - Processing file /home/airflow/.local/lib/python3.8/site-packages/airflow/example_dags/example_branch_labels.py for tasks to queue
[2023-12-20T06:15:00.644+0000] {logging_mixin.py:188} INFO - [2023-12-20T06:15:00.644+0000] {dagbag.py:538} INFO - Filling up the DagBag from /home/airflow/.local/lib/python3.8/site-packages/airflow/example_dags/example_branch_labels.py
[2023-12-20T06:15:00.664+0000] {processor.py:840} INFO - DAG(s) 'example_branch_labels' retrieved from /home/airflow/.local/lib/python3.8/site-packages/airflow/example_dags/example_branch_labels.py
[2023-12-20T06:15:00.715+0000] {logging_mixin.py:188} INFO - [2023-12-20T06:15:00.715+0000] {dag.py:3033} INFO - Sync 1 DAGs
[2023-12-20T06:15:00.796+0000] {logging_mixin.py:188} INFO - [2023-12-20T06:15:00.795+0000] {dag.py:3820} INFO - Setting next_dagrun for example_branch_labels to 2023-12-19T00:00:00+00:00, run_after=2023-12-20T00:00:00+00:00
[2023-12-20T06:15:00.908+0000] {processor.py:183} INFO - Processing /home/airflow/.local/lib/python3.8/site-packages/airflow/example_dags/example_branch_labels.py took 0.276 seconds
[2023-12-20T06:15:32.646+0000] {processor.py:161} INFO - Started process (PID=888) to work on /home/airflow/.local/lib/python3.8/site-packages/airflow/example_dags/example_branch_labels.py
[2023-12-20T06:15:32.647+0000] {processor.py:830} INFO - Processing file /home/airflow/.local/lib/python3.8/site-packages/airflow/example_dags/example_branch_labels.py for tasks to queue
[2023-12-20T06:15:32.656+0000] {logging_mixin.py:188} INFO - [2023-12-20T06:15:32.656+0000] {dagbag.py:538} INFO - Filling up the DagBag from /home/airflow/.local/lib/python3.8/site-packages/airflow/example_dags/example_branch_labels.py
[2023-12-20T06:15:32.686+0000] {processor.py:840} INFO - DAG(s) 'example_branch_labels' retrieved from /home/airflow/.local/lib/python3.8/site-packages/airflow/example_dags/example_branch_labels.py
[2023-12-20T06:15:32.774+0000] {logging_mixin.py:188} INFO - [2023-12-20T06:15:32.773+0000] {dag.py:3033} INFO - Sync 1 DAGs
[2023-12-20T06:15:32.934+0000] {logging_mixin.py:188} INFO - [2023-12-20T06:15:32.931+0000] {dag.py:3820} INFO - Setting next_dagrun for example_branch_labels to 2023-12-19T00:00:00+00:00, run_after=2023-12-20T00:00:00+00:00
[2023-12-20T06:15:33.121+0000] {processor.py:183} INFO - Processing /home/airflow/.local/lib/python3.8/site-packages/airflow/example_dags/example_branch_labels.py took 0.486 seconds
[2023-12-20T06:16:05.165+0000] {processor.py:161} INFO - Started process (PID=940) to work on /home/airflow/.local/lib/python3.8/site-packages/airflow/example_dags/example_branch_labels.py
[2023-12-20T06:16:05.171+0000] {processor.py:830} INFO - Processing file /home/airflow/.local/lib/python3.8/site-packages/airflow/example_dags/example_branch_labels.py for tasks to queue
[2023-12-20T06:16:05.184+0000] {logging_mixin.py:188} INFO - [2023-12-20T06:16:05.184+0000] {dagbag.py:538} INFO - Filling up the DagBag from /home/airflow/.local/lib/python3.8/site-packages/airflow/example_dags/example_branch_labels.py
[2023-12-20T06:16:05.294+0000] {processor.py:840} INFO - DAG(s) 'example_branch_labels' retrieved from /home/airflow/.local/lib/python3.8/site-packages/airflow/example_dags/example_branch_labels.py
[2023-12-20T06:16:05.589+0000] {logging_mixin.py:188} INFO - [2023-12-20T06:16:05.589+0000] {dag.py:3033} INFO - Sync 1 DAGs
[2023-12-20T06:16:05.791+0000] {logging_mixin.py:188} INFO - [2023-12-20T06:16:05.791+0000] {dag.py:3820} INFO - Setting next_dagrun for example_branch_labels to 2023-12-19T00:00:00+00:00, run_after=2023-12-20T00:00:00+00:00
[2023-12-20T06:16:06.143+0000] {processor.py:183} INFO - Processing /home/airflow/.local/lib/python3.8/site-packages/airflow/example_dags/example_branch_labels.py took 1.011 seconds
[2023-12-20T06:16:36.557+0000] {processor.py:161} INFO - Started process (PID=995) to work on /home/airflow/.local/lib/python3.8/site-packages/airflow/example_dags/example_branch_labels.py
[2023-12-20T06:16:36.560+0000] {processor.py:830} INFO - Processing file /home/airflow/.local/lib/python3.8/site-packages/airflow/example_dags/example_branch_labels.py for tasks to queue
[2023-12-20T06:16:36.565+0000] {logging_mixin.py:188} INFO - [2023-12-20T06:16:36.564+0000] {dagbag.py:538} INFO - Filling up the DagBag from /home/airflow/.local/lib/python3.8/site-packages/airflow/example_dags/example_branch_labels.py
[2023-12-20T06:16:36.586+0000] {processor.py:840} INFO - DAG(s) 'example_branch_labels' retrieved from /home/airflow/.local/lib/python3.8/site-packages/airflow/example_dags/example_branch_labels.py
[2023-12-20T06:16:36.683+0000] {logging_mixin.py:188} INFO - [2023-12-20T06:16:36.683+0000] {dag.py:3033} INFO - Sync 1 DAGs
[2023-12-20T06:16:36.847+0000] {logging_mixin.py:188} INFO - [2023-12-20T06:16:36.847+0000] {dag.py:3820} INFO - Setting next_dagrun for example_branch_labels to 2023-12-19T00:00:00+00:00, run_after=2023-12-20T00:00:00+00:00
[2023-12-20T06:16:37.273+0000] {processor.py:183} INFO - Processing /home/airflow/.local/lib/python3.8/site-packages/airflow/example_dags/example_branch_labels.py took 0.724 seconds
[2023-12-20T06:17:08.314+0000] {processor.py:161} INFO - Started process (PID=1056) to work on /home/airflow/.local/lib/python3.8/site-packages/airflow/example_dags/example_branch_labels.py
[2023-12-20T06:17:08.318+0000] {processor.py:830} INFO - Processing file /home/airflow/.local/lib/python3.8/site-packages/airflow/example_dags/example_branch_labels.py for tasks to queue
[2023-12-20T06:17:08.329+0000] {logging_mixin.py:188} INFO - [2023-12-20T06:17:08.329+0000] {dagbag.py:538} INFO - Filling up the DagBag from /home/airflow/.local/lib/python3.8/site-packages/airflow/example_dags/example_branch_labels.py
[2023-12-20T06:17:08.427+0000] {processor.py:840} INFO - DAG(s) 'example_branch_labels' retrieved from /home/airflow/.local/lib/python3.8/site-packages/airflow/example_dags/example_branch_labels.py
[2023-12-20T06:17:08.609+0000] {logging_mixin.py:188} INFO - [2023-12-20T06:17:08.605+0000] {dag.py:3033} INFO - Sync 1 DAGs
[2023-12-20T06:17:08.767+0000] {logging_mixin.py:188} INFO - [2023-12-20T06:17:08.765+0000] {dag.py:3820} INFO - Setting next_dagrun for example_branch_labels to 2023-12-19T00:00:00+00:00, run_after=2023-12-20T00:00:00+00:00
[2023-12-20T06:17:08.845+0000] {processor.py:183} INFO - Processing /home/airflow/.local/lib/python3.8/site-packages/airflow/example_dags/example_branch_labels.py took 0.551 seconds
[2023-12-20T06:17:39.217+0000] {processor.py:161} INFO - Started process (PID=1111) to work on /home/airflow/.local/lib/python3.8/site-packages/airflow/example_dags/example_branch_labels.py
[2023-12-20T06:17:39.256+0000] {processor.py:830} INFO - Processing file /home/airflow/.local/lib/python3.8/site-packages/airflow/example_dags/example_branch_labels.py for tasks to queue
[2023-12-20T06:17:39.263+0000] {logging_mixin.py:188} INFO - [2023-12-20T06:17:39.260+0000] {dagbag.py:538} INFO - Filling up the DagBag from /home/airflow/.local/lib/python3.8/site-packages/airflow/example_dags/example_branch_labels.py
[2023-12-20T06:17:39.366+0000] {processor.py:840} INFO - DAG(s) 'example_branch_labels' retrieved from /home/airflow/.local/lib/python3.8/site-packages/airflow/example_dags/example_branch_labels.py
[2023-12-20T06:17:39.522+0000] {logging_mixin.py:188} INFO - [2023-12-20T06:17:39.522+0000] {dag.py:3033} INFO - Sync 1 DAGs
[2023-12-20T06:17:39.705+0000] {logging_mixin.py:188} INFO - [2023-12-20T06:17:39.704+0000] {dag.py:3820} INFO - Setting next_dagrun for example_branch_labels to 2023-12-19T00:00:00+00:00, run_after=2023-12-20T00:00:00+00:00
[2023-12-20T06:17:39.806+0000] {processor.py:183} INFO - Processing /home/airflow/.local/lib/python3.8/site-packages/airflow/example_dags/example_branch_labels.py took 0.609 seconds
[2023-12-20T06:18:12.632+0000] {processor.py:161} INFO - Started process (PID=1165) to work on /home/airflow/.local/lib/python3.8/site-packages/airflow/example_dags/example_branch_labels.py
[2023-12-20T06:18:12.637+0000] {processor.py:830} INFO - Processing file /home/airflow/.local/lib/python3.8/site-packages/airflow/example_dags/example_branch_labels.py for tasks to queue
[2023-12-20T06:18:12.642+0000] {logging_mixin.py:188} INFO - [2023-12-20T06:18:12.641+0000] {dagbag.py:538} INFO - Filling up the DagBag from /home/airflow/.local/lib/python3.8/site-packages/airflow/example_dags/example_branch_labels.py
[2023-12-20T06:18:12.664+0000] {processor.py:840} INFO - DAG(s) 'example_branch_labels' retrieved from /home/airflow/.local/lib/python3.8/site-packages/airflow/example_dags/example_branch_labels.py
[2023-12-20T06:18:12.718+0000] {logging_mixin.py:188} INFO - [2023-12-20T06:18:12.717+0000] {dag.py:3033} INFO - Sync 1 DAGs
[2023-12-20T06:18:12.881+0000] {logging_mixin.py:188} INFO - [2023-12-20T06:18:12.880+0000] {dag.py:3820} INFO - Setting next_dagrun for example_branch_labels to 2023-12-19T00:00:00+00:00, run_after=2023-12-20T00:00:00+00:00
[2023-12-20T06:18:12.983+0000] {processor.py:183} INFO - Processing /home/airflow/.local/lib/python3.8/site-packages/airflow/example_dags/example_branch_labels.py took 0.358 seconds
[2023-12-20T06:18:46.348+0000] {processor.py:161} INFO - Started process (PID=1219) to work on /home/airflow/.local/lib/python3.8/site-packages/airflow/example_dags/example_branch_labels.py
[2023-12-20T06:18:46.350+0000] {processor.py:830} INFO - Processing file /home/airflow/.local/lib/python3.8/site-packages/airflow/example_dags/example_branch_labels.py for tasks to queue
[2023-12-20T06:18:46.359+0000] {logging_mixin.py:188} INFO - [2023-12-20T06:18:46.359+0000] {dagbag.py:538} INFO - Filling up the DagBag from /home/airflow/.local/lib/python3.8/site-packages/airflow/example_dags/example_branch_labels.py
[2023-12-20T06:18:46.429+0000] {processor.py:840} INFO - DAG(s) 'example_branch_labels' retrieved from /home/airflow/.local/lib/python3.8/site-packages/airflow/example_dags/example_branch_labels.py
[2023-12-20T06:18:46.510+0000] {logging_mixin.py:188} INFO - [2023-12-20T06:18:46.510+0000] {dag.py:3033} INFO - Sync 1 DAGs
[2023-12-20T06:18:46.749+0000] {logging_mixin.py:188} INFO - [2023-12-20T06:18:46.733+0000] {dag.py:3820} INFO - Setting next_dagrun for example_branch_labels to 2023-12-19T00:00:00+00:00, run_after=2023-12-20T00:00:00+00:00
[2023-12-20T06:18:46.894+0000] {processor.py:183} INFO - Processing /home/airflow/.local/lib/python3.8/site-packages/airflow/example_dags/example_branch_labels.py took 0.569 seconds
[2023-12-20T06:19:17.642+0000] {processor.py:161} INFO - Started process (PID=1276) to work on /home/airflow/.local/lib/python3.8/site-packages/airflow/example_dags/example_branch_labels.py
[2023-12-20T06:19:17.673+0000] {processor.py:830} INFO - Processing file /home/airflow/.local/lib/python3.8/site-packages/airflow/example_dags/example_branch_labels.py for tasks to queue
[2023-12-20T06:19:17.678+0000] {logging_mixin.py:188} INFO - [2023-12-20T06:19:17.677+0000] {dagbag.py:538} INFO - Filling up the DagBag from /home/airflow/.local/lib/python3.8/site-packages/airflow/example_dags/example_branch_labels.py
[2023-12-20T06:19:17.728+0000] {processor.py:840} INFO - DAG(s) 'example_branch_labels' retrieved from /home/airflow/.local/lib/python3.8/site-packages/airflow/example_dags/example_branch_labels.py
[2023-12-20T06:19:17.843+0000] {logging_mixin.py:188} INFO - [2023-12-20T06:19:17.843+0000] {dag.py:3033} INFO - Sync 1 DAGs
[2023-12-20T06:19:18.044+0000] {logging_mixin.py:188} INFO - [2023-12-20T06:19:18.043+0000] {dag.py:3820} INFO - Setting next_dagrun for example_branch_labels to 2023-12-19T00:00:00+00:00, run_after=2023-12-20T00:00:00+00:00
[2023-12-20T06:19:18.149+0000] {processor.py:183} INFO - Processing /home/airflow/.local/lib/python3.8/site-packages/airflow/example_dags/example_branch_labels.py took 0.521 seconds
[2023-12-20T06:19:48.729+0000] {processor.py:161} INFO - Started process (PID=1330) to work on /home/airflow/.local/lib/python3.8/site-packages/airflow/example_dags/example_branch_labels.py
[2023-12-20T06:19:48.730+0000] {processor.py:830} INFO - Processing file /home/airflow/.local/lib/python3.8/site-packages/airflow/example_dags/example_branch_labels.py for tasks to queue
[2023-12-20T06:19:48.735+0000] {logging_mixin.py:188} INFO - [2023-12-20T06:19:48.734+0000] {dagbag.py:538} INFO - Filling up the DagBag from /home/airflow/.local/lib/python3.8/site-packages/airflow/example_dags/example_branch_labels.py
[2023-12-20T06:19:48.759+0000] {processor.py:840} INFO - DAG(s) 'example_branch_labels' retrieved from /home/airflow/.local/lib/python3.8/site-packages/airflow/example_dags/example_branch_labels.py
[2023-12-20T06:19:48.816+0000] {logging_mixin.py:188} INFO - [2023-12-20T06:19:48.815+0000] {dag.py:3033} INFO - Sync 1 DAGs
[2023-12-20T06:19:48.882+0000] {logging_mixin.py:188} INFO - [2023-12-20T06:19:48.881+0000] {dag.py:3820} INFO - Setting next_dagrun for example_branch_labels to 2023-12-19T00:00:00+00:00, run_after=2023-12-20T00:00:00+00:00
[2023-12-20T06:19:48.975+0000] {processor.py:183} INFO - Processing /home/airflow/.local/lib/python3.8/site-packages/airflow/example_dags/example_branch_labels.py took 0.252 seconds
[2023-12-20T06:20:19.299+0000] {processor.py:161} INFO - Started process (PID=1385) to work on /home/airflow/.local/lib/python3.8/site-packages/airflow/example_dags/example_branch_labels.py
[2023-12-20T06:20:19.333+0000] {processor.py:830} INFO - Processing file /home/airflow/.local/lib/python3.8/site-packages/airflow/example_dags/example_branch_labels.py for tasks to queue
[2023-12-20T06:20:19.338+0000] {logging_mixin.py:188} INFO - [2023-12-20T06:20:19.337+0000] {dagbag.py:538} INFO - Filling up the DagBag from /home/airflow/.local/lib/python3.8/site-packages/airflow/example_dags/example_branch_labels.py
[2023-12-20T06:20:19.392+0000] {processor.py:840} INFO - DAG(s) 'example_branch_labels' retrieved from /home/airflow/.local/lib/python3.8/site-packages/airflow/example_dags/example_branch_labels.py
[2023-12-20T06:20:19.541+0000] {logging_mixin.py:188} INFO - [2023-12-20T06:20:19.540+0000] {dag.py:3033} INFO - Sync 1 DAGs
[2023-12-20T06:20:19.719+0000] {logging_mixin.py:188} INFO - [2023-12-20T06:20:19.718+0000] {dag.py:3820} INFO - Setting next_dagrun for example_branch_labels to 2023-12-19T00:00:00+00:00, run_after=2023-12-20T00:00:00+00:00
[2023-12-20T06:20:19.851+0000] {processor.py:183} INFO - Processing /home/airflow/.local/lib/python3.8/site-packages/airflow/example_dags/example_branch_labels.py took 0.577 seconds
[2023-12-20T06:20:50.552+0000] {processor.py:161} INFO - Started process (PID=1440) to work on /home/airflow/.local/lib/python3.8/site-packages/airflow/example_dags/example_branch_labels.py
[2023-12-20T06:20:50.554+0000] {processor.py:830} INFO - Processing file /home/airflow/.local/lib/python3.8/site-packages/airflow/example_dags/example_branch_labels.py for tasks to queue
[2023-12-20T06:20:50.559+0000] {logging_mixin.py:188} INFO - [2023-12-20T06:20:50.558+0000] {dagbag.py:538} INFO - Filling up the DagBag from /home/airflow/.local/lib/python3.8/site-packages/airflow/example_dags/example_branch_labels.py
[2023-12-20T06:20:50.583+0000] {processor.py:840} INFO - DAG(s) 'example_branch_labels' retrieved from /home/airflow/.local/lib/python3.8/site-packages/airflow/example_dags/example_branch_labels.py
[2023-12-20T06:20:50.653+0000] {logging_mixin.py:188} INFO - [2023-12-20T06:20:50.653+0000] {dag.py:3033} INFO - Sync 1 DAGs
[2023-12-20T06:20:50.735+0000] {logging_mixin.py:188} INFO - [2023-12-20T06:20:50.735+0000] {dag.py:3820} INFO - Setting next_dagrun for example_branch_labels to 2023-12-19T00:00:00+00:00, run_after=2023-12-20T00:00:00+00:00
[2023-12-20T06:20:50.865+0000] {processor.py:183} INFO - Processing /home/airflow/.local/lib/python3.8/site-packages/airflow/example_dags/example_branch_labels.py took 0.321 seconds
[2023-12-20T06:21:21.698+0000] {processor.py:161} INFO - Started process (PID=1494) to work on /home/airflow/.local/lib/python3.8/site-packages/airflow/example_dags/example_branch_labels.py
[2023-12-20T06:21:21.752+0000] {processor.py:830} INFO - Processing file /home/airflow/.local/lib/python3.8/site-packages/airflow/example_dags/example_branch_labels.py for tasks to queue
[2023-12-20T06:21:21.756+0000] {logging_mixin.py:188} INFO - [2023-12-20T06:21:21.755+0000] {dagbag.py:538} INFO - Filling up the DagBag from /home/airflow/.local/lib/python3.8/site-packages/airflow/example_dags/example_branch_labels.py
[2023-12-20T06:21:21.799+0000] {processor.py:840} INFO - DAG(s) 'example_branch_labels' retrieved from /home/airflow/.local/lib/python3.8/site-packages/airflow/example_dags/example_branch_labels.py
[2023-12-20T06:21:21.908+0000] {logging_mixin.py:188} INFO - [2023-12-20T06:21:21.907+0000] {dag.py:3033} INFO - Sync 1 DAGs
[2023-12-20T06:21:22.098+0000] {logging_mixin.py:188} INFO - [2023-12-20T06:21:22.097+0000] {dag.py:3820} INFO - Setting next_dagrun for example_branch_labels to 2023-12-19T00:00:00+00:00, run_after=2023-12-20T00:00:00+00:00
[2023-12-20T06:21:22.401+0000] {processor.py:183} INFO - Processing /home/airflow/.local/lib/python3.8/site-packages/airflow/example_dags/example_branch_labels.py took 0.710 seconds
[2023-12-20T06:21:53.295+0000] {processor.py:161} INFO - Started process (PID=1549) to work on /home/airflow/.local/lib/python3.8/site-packages/airflow/example_dags/example_branch_labels.py
[2023-12-20T06:21:53.333+0000] {processor.py:830} INFO - Processing file /home/airflow/.local/lib/python3.8/site-packages/airflow/example_dags/example_branch_labels.py for tasks to queue
[2023-12-20T06:21:53.340+0000] {logging_mixin.py:188} INFO - [2023-12-20T06:21:53.338+0000] {dagbag.py:538} INFO - Filling up the DagBag from /home/airflow/.local/lib/python3.8/site-packages/airflow/example_dags/example_branch_labels.py
[2023-12-20T06:21:53.366+0000] {processor.py:840} INFO - DAG(s) 'example_branch_labels' retrieved from /home/airflow/.local/lib/python3.8/site-packages/airflow/example_dags/example_branch_labels.py
[2023-12-20T06:21:53.459+0000] {logging_mixin.py:188} INFO - [2023-12-20T06:21:53.458+0000] {dag.py:3033} INFO - Sync 1 DAGs
[2023-12-20T06:21:53.579+0000] {logging_mixin.py:188} INFO - [2023-12-20T06:21:53.576+0000] {dag.py:3820} INFO - Setting next_dagrun for example_branch_labels to 2023-12-19T00:00:00+00:00, run_after=2023-12-20T00:00:00+00:00
[2023-12-20T06:21:53.679+0000] {processor.py:183} INFO - Processing /home/airflow/.local/lib/python3.8/site-packages/airflow/example_dags/example_branch_labels.py took 0.391 seconds
[2023-12-20T06:22:24.213+0000] {processor.py:161} INFO - Started process (PID=1604) to work on /home/airflow/.local/lib/python3.8/site-packages/airflow/example_dags/example_branch_labels.py
[2023-12-20T06:22:24.214+0000] {processor.py:830} INFO - Processing file /home/airflow/.local/lib/python3.8/site-packages/airflow/example_dags/example_branch_labels.py for tasks to queue
[2023-12-20T06:22:24.220+0000] {logging_mixin.py:188} INFO - [2023-12-20T06:22:24.217+0000] {dagbag.py:538} INFO - Filling up the DagBag from /home/airflow/.local/lib/python3.8/site-packages/airflow/example_dags/example_branch_labels.py
[2023-12-20T06:22:24.256+0000] {processor.py:840} INFO - DAG(s) 'example_branch_labels' retrieved from /home/airflow/.local/lib/python3.8/site-packages/airflow/example_dags/example_branch_labels.py
[2023-12-20T06:22:24.356+0000] {logging_mixin.py:188} INFO - [2023-12-20T06:22:24.356+0000] {dag.py:3033} INFO - Sync 1 DAGs
[2023-12-20T06:22:24.470+0000] {logging_mixin.py:188} INFO - [2023-12-20T06:22:24.463+0000] {dag.py:3820} INFO - Setting next_dagrun for example_branch_labels to 2023-12-19T00:00:00+00:00, run_after=2023-12-20T00:00:00+00:00
[2023-12-20T06:22:24.583+0000] {processor.py:183} INFO - Processing /home/airflow/.local/lib/python3.8/site-packages/airflow/example_dags/example_branch_labels.py took 0.394 seconds
[2023-12-20T06:22:54.764+0000] {processor.py:161} INFO - Started process (PID=1659) to work on /home/airflow/.local/lib/python3.8/site-packages/airflow/example_dags/example_branch_labels.py
[2023-12-20T06:22:54.800+0000] {processor.py:830} INFO - Processing file /home/airflow/.local/lib/python3.8/site-packages/airflow/example_dags/example_branch_labels.py for tasks to queue
[2023-12-20T06:22:54.802+0000] {logging_mixin.py:188} INFO - [2023-12-20T06:22:54.801+0000] {dagbag.py:538} INFO - Filling up the DagBag from /home/airflow/.local/lib/python3.8/site-packages/airflow/example_dags/example_branch_labels.py
[2023-12-20T06:22:54.845+0000] {processor.py:840} INFO - DAG(s) 'example_branch_labels' retrieved from /home/airflow/.local/lib/python3.8/site-packages/airflow/example_dags/example_branch_labels.py
[2023-12-20T06:22:54.981+0000] {logging_mixin.py:188} INFO - [2023-12-20T06:22:54.978+0000] {dag.py:3033} INFO - Sync 1 DAGs
[2023-12-20T06:22:55.132+0000] {logging_mixin.py:188} INFO - [2023-12-20T06:22:55.131+0000] {dag.py:3820} INFO - Setting next_dagrun for example_branch_labels to 2023-12-19T00:00:00+00:00, run_after=2023-12-20T00:00:00+00:00
[2023-12-20T06:22:55.270+0000] {processor.py:183} INFO - Processing /home/airflow/.local/lib/python3.8/site-packages/airflow/example_dags/example_branch_labels.py took 0.522 seconds
[2023-12-20T06:23:25.699+0000] {processor.py:161} INFO - Started process (PID=1715) to work on /home/airflow/.local/lib/python3.8/site-packages/airflow/example_dags/example_branch_labels.py
[2023-12-20T06:23:25.701+0000] {processor.py:830} INFO - Processing file /home/airflow/.local/lib/python3.8/site-packages/airflow/example_dags/example_branch_labels.py for tasks to queue
[2023-12-20T06:23:25.708+0000] {logging_mixin.py:188} INFO - [2023-12-20T06:23:25.707+0000] {dagbag.py:538} INFO - Filling up the DagBag from /home/airflow/.local/lib/python3.8/site-packages/airflow/example_dags/example_branch_labels.py
[2023-12-20T06:23:25.731+0000] {processor.py:840} INFO - DAG(s) 'example_branch_labels' retrieved from /home/airflow/.local/lib/python3.8/site-packages/airflow/example_dags/example_branch_labels.py
[2023-12-20T06:23:25.858+0000] {logging_mixin.py:188} INFO - [2023-12-20T06:23:25.857+0000] {dag.py:3033} INFO - Sync 1 DAGs
[2023-12-20T06:23:26.039+0000] {logging_mixin.py:188} INFO - [2023-12-20T06:23:26.038+0000] {dag.py:3820} INFO - Setting next_dagrun for example_branch_labels to 2023-12-19T00:00:00+00:00, run_after=2023-12-20T00:00:00+00:00
[2023-12-20T06:23:26.113+0000] {processor.py:183} INFO - Processing /home/airflow/.local/lib/python3.8/site-packages/airflow/example_dags/example_branch_labels.py took 0.433 seconds
[2023-12-20T06:23:57.648+0000] {processor.py:161} INFO - Started process (PID=1771) to work on /home/airflow/.local/lib/python3.8/site-packages/airflow/example_dags/example_branch_labels.py
[2023-12-20T06:23:57.693+0000] {processor.py:830} INFO - Processing file /home/airflow/.local/lib/python3.8/site-packages/airflow/example_dags/example_branch_labels.py for tasks to queue
[2023-12-20T06:23:57.695+0000] {logging_mixin.py:188} INFO - [2023-12-20T06:23:57.695+0000] {dagbag.py:538} INFO - Filling up the DagBag from /home/airflow/.local/lib/python3.8/site-packages/airflow/example_dags/example_branch_labels.py
[2023-12-20T06:23:57.819+0000] {processor.py:840} INFO - DAG(s) 'example_branch_labels' retrieved from /home/airflow/.local/lib/python3.8/site-packages/airflow/example_dags/example_branch_labels.py
[2023-12-20T06:23:58.069+0000] {logging_mixin.py:188} INFO - [2023-12-20T06:23:58.060+0000] {dag.py:3033} INFO - Sync 1 DAGs
[2023-12-20T06:23:58.285+0000] {logging_mixin.py:188} INFO - [2023-12-20T06:23:58.285+0000] {dag.py:3820} INFO - Setting next_dagrun for example_branch_labels to 2023-12-19T00:00:00+00:00, run_after=2023-12-20T00:00:00+00:00
[2023-12-20T06:23:58.476+0000] {processor.py:183} INFO - Processing /home/airflow/.local/lib/python3.8/site-packages/airflow/example_dags/example_branch_labels.py took 0.913 seconds
[2023-12-20T06:24:29.389+0000] {processor.py:161} INFO - Started process (PID=1826) to work on /home/airflow/.local/lib/python3.8/site-packages/airflow/example_dags/example_branch_labels.py
[2023-12-20T06:24:29.393+0000] {processor.py:830} INFO - Processing file /home/airflow/.local/lib/python3.8/site-packages/airflow/example_dags/example_branch_labels.py for tasks to queue
[2023-12-20T06:24:29.394+0000] {logging_mixin.py:188} INFO - [2023-12-20T06:24:29.394+0000] {dagbag.py:538} INFO - Filling up the DagBag from /home/airflow/.local/lib/python3.8/site-packages/airflow/example_dags/example_branch_labels.py
[2023-12-20T06:24:29.478+0000] {processor.py:840} INFO - DAG(s) 'example_branch_labels' retrieved from /home/airflow/.local/lib/python3.8/site-packages/airflow/example_dags/example_branch_labels.py
[2023-12-20T06:24:29.624+0000] {logging_mixin.py:188} INFO - [2023-12-20T06:24:29.623+0000] {dag.py:3033} INFO - Sync 1 DAGs
[2023-12-20T06:24:29.767+0000] {logging_mixin.py:188} INFO - [2023-12-20T06:24:29.767+0000] {dag.py:3820} INFO - Setting next_dagrun for example_branch_labels to 2023-12-19T00:00:00+00:00, run_after=2023-12-20T00:00:00+00:00
[2023-12-20T06:24:29.937+0000] {processor.py:183} INFO - Processing /home/airflow/.local/lib/python3.8/site-packages/airflow/example_dags/example_branch_labels.py took 0.569 seconds
[2023-12-20T06:25:00.736+0000] {processor.py:161} INFO - Started process (PID=1880) to work on /home/airflow/.local/lib/python3.8/site-packages/airflow/example_dags/example_branch_labels.py
[2023-12-20T06:25:00.749+0000] {processor.py:830} INFO - Processing file /home/airflow/.local/lib/python3.8/site-packages/airflow/example_dags/example_branch_labels.py for tasks to queue
[2023-12-20T06:25:00.754+0000] {logging_mixin.py:188} INFO - [2023-12-20T06:25:00.753+0000] {dagbag.py:538} INFO - Filling up the DagBag from /home/airflow/.local/lib/python3.8/site-packages/airflow/example_dags/example_branch_labels.py
[2023-12-20T06:25:00.790+0000] {processor.py:840} INFO - DAG(s) 'example_branch_labels' retrieved from /home/airflow/.local/lib/python3.8/site-packages/airflow/example_dags/example_branch_labels.py
[2023-12-20T06:25:00.854+0000] {logging_mixin.py:188} INFO - [2023-12-20T06:25:00.853+0000] {dag.py:3033} INFO - Sync 1 DAGs
[2023-12-20T06:25:01.090+0000] {logging_mixin.py:188} INFO - [2023-12-20T06:25:01.089+0000] {dag.py:3820} INFO - Setting next_dagrun for example_branch_labels to 2023-12-19T00:00:00+00:00, run_after=2023-12-20T00:00:00+00:00
[2023-12-20T06:25:01.308+0000] {processor.py:183} INFO - Processing /home/airflow/.local/lib/python3.8/site-packages/airflow/example_dags/example_branch_labels.py took 0.633 seconds
[2023-12-20T06:25:31.512+0000] {processor.py:161} INFO - Started process (PID=1935) to work on /home/airflow/.local/lib/python3.8/site-packages/airflow/example_dags/example_branch_labels.py
[2023-12-20T06:25:31.524+0000] {processor.py:830} INFO - Processing file /home/airflow/.local/lib/python3.8/site-packages/airflow/example_dags/example_branch_labels.py for tasks to queue
[2023-12-20T06:25:31.533+0000] {logging_mixin.py:188} INFO - [2023-12-20T06:25:31.528+0000] {dagbag.py:538} INFO - Filling up the DagBag from /home/airflow/.local/lib/python3.8/site-packages/airflow/example_dags/example_branch_labels.py
[2023-12-20T06:25:31.581+0000] {processor.py:840} INFO - DAG(s) 'example_branch_labels' retrieved from /home/airflow/.local/lib/python3.8/site-packages/airflow/example_dags/example_branch_labels.py
[2023-12-20T06:25:31.708+0000] {logging_mixin.py:188} INFO - [2023-12-20T06:25:31.708+0000] {dag.py:3033} INFO - Sync 1 DAGs
[2023-12-20T06:25:31.803+0000] {logging_mixin.py:188} INFO - [2023-12-20T06:25:31.802+0000] {dag.py:3820} INFO - Setting next_dagrun for example_branch_labels to 2023-12-19T00:00:00+00:00, run_after=2023-12-20T00:00:00+00:00
[2023-12-20T06:25:31.903+0000] {processor.py:183} INFO - Processing /home/airflow/.local/lib/python3.8/site-packages/airflow/example_dags/example_branch_labels.py took 0.417 seconds
[2023-12-20T06:26:02.526+0000] {processor.py:161} INFO - Started process (PID=1990) to work on /home/airflow/.local/lib/python3.8/site-packages/airflow/example_dags/example_branch_labels.py
[2023-12-20T06:26:02.529+0000] {processor.py:830} INFO - Processing file /home/airflow/.local/lib/python3.8/site-packages/airflow/example_dags/example_branch_labels.py for tasks to queue
[2023-12-20T06:26:02.531+0000] {logging_mixin.py:188} INFO - [2023-12-20T06:26:02.531+0000] {dagbag.py:538} INFO - Filling up the DagBag from /home/airflow/.local/lib/python3.8/site-packages/airflow/example_dags/example_branch_labels.py
[2023-12-20T06:26:02.555+0000] {processor.py:840} INFO - DAG(s) 'example_branch_labels' retrieved from /home/airflow/.local/lib/python3.8/site-packages/airflow/example_dags/example_branch_labels.py
[2023-12-20T06:26:02.613+0000] {logging_mixin.py:188} INFO - [2023-12-20T06:26:02.612+0000] {dag.py:3033} INFO - Sync 1 DAGs
[2023-12-20T06:26:02.729+0000] {logging_mixin.py:188} INFO - [2023-12-20T06:26:02.729+0000] {dag.py:3820} INFO - Setting next_dagrun for example_branch_labels to 2023-12-19T00:00:00+00:00, run_after=2023-12-20T00:00:00+00:00
[2023-12-20T06:26:02.863+0000] {processor.py:183} INFO - Processing /home/airflow/.local/lib/python3.8/site-packages/airflow/example_dags/example_branch_labels.py took 0.345 seconds
[2023-12-20T06:26:33.716+0000] {processor.py:161} INFO - Started process (PID=2045) to work on /home/airflow/.local/lib/python3.8/site-packages/airflow/example_dags/example_branch_labels.py
[2023-12-20T06:26:33.752+0000] {processor.py:830} INFO - Processing file /home/airflow/.local/lib/python3.8/site-packages/airflow/example_dags/example_branch_labels.py for tasks to queue
[2023-12-20T06:26:33.755+0000] {logging_mixin.py:188} INFO - [2023-12-20T06:26:33.754+0000] {dagbag.py:538} INFO - Filling up the DagBag from /home/airflow/.local/lib/python3.8/site-packages/airflow/example_dags/example_branch_labels.py
[2023-12-20T06:26:33.774+0000] {processor.py:840} INFO - DAG(s) 'example_branch_labels' retrieved from /home/airflow/.local/lib/python3.8/site-packages/airflow/example_dags/example_branch_labels.py
[2023-12-20T06:26:33.831+0000] {logging_mixin.py:188} INFO - [2023-12-20T06:26:33.831+0000] {dag.py:3033} INFO - Sync 1 DAGs
[2023-12-20T06:26:33.909+0000] {logging_mixin.py:188} INFO - [2023-12-20T06:26:33.906+0000] {dag.py:3820} INFO - Setting next_dagrun for example_branch_labels to 2023-12-19T00:00:00+00:00, run_after=2023-12-20T00:00:00+00:00
[2023-12-20T06:26:33.999+0000] {processor.py:183} INFO - Processing /home/airflow/.local/lib/python3.8/site-packages/airflow/example_dags/example_branch_labels.py took 0.292 seconds
[2023-12-20T06:27:10.780+0000] {processor.py:161} INFO - Started process (PID=2098) to work on /home/airflow/.local/lib/python3.8/site-packages/airflow/example_dags/example_branch_labels.py
[2023-12-20T06:27:10.799+0000] {processor.py:830} INFO - Processing file /home/airflow/.local/lib/python3.8/site-packages/airflow/example_dags/example_branch_labels.py for tasks to queue
[2023-12-20T06:27:10.802+0000] {logging_mixin.py:188} INFO - [2023-12-20T06:27:10.801+0000] {dagbag.py:538} INFO - Filling up the DagBag from /home/airflow/.local/lib/python3.8/site-packages/airflow/example_dags/example_branch_labels.py
[2023-12-20T06:27:10.864+0000] {processor.py:840} INFO - DAG(s) 'example_branch_labels' retrieved from /home/airflow/.local/lib/python3.8/site-packages/airflow/example_dags/example_branch_labels.py
[2023-12-20T06:27:10.960+0000] {logging_mixin.py:188} INFO - [2023-12-20T06:27:10.960+0000] {dag.py:3033} INFO - Sync 1 DAGs
[2023-12-20T06:27:11.098+0000] {logging_mixin.py:188} INFO - [2023-12-20T06:27:11.098+0000] {dag.py:3820} INFO - Setting next_dagrun for example_branch_labels to 2023-12-19T00:00:00+00:00, run_after=2023-12-20T00:00:00+00:00
[2023-12-20T06:27:11.281+0000] {processor.py:183} INFO - Processing /home/airflow/.local/lib/python3.8/site-packages/airflow/example_dags/example_branch_labels.py took 0.511 seconds
[2023-12-20T06:27:41.648+0000] {processor.py:161} INFO - Started process (PID=2155) to work on /home/airflow/.local/lib/python3.8/site-packages/airflow/example_dags/example_branch_labels.py
[2023-12-20T06:27:41.694+0000] {processor.py:830} INFO - Processing file /home/airflow/.local/lib/python3.8/site-packages/airflow/example_dags/example_branch_labels.py for tasks to queue
[2023-12-20T06:27:41.699+0000] {logging_mixin.py:188} INFO - [2023-12-20T06:27:41.696+0000] {dagbag.py:538} INFO - Filling up the DagBag from /home/airflow/.local/lib/python3.8/site-packages/airflow/example_dags/example_branch_labels.py
[2023-12-20T06:27:41.717+0000] {processor.py:840} INFO - DAG(s) 'example_branch_labels' retrieved from /home/airflow/.local/lib/python3.8/site-packages/airflow/example_dags/example_branch_labels.py
[2023-12-20T06:27:41.778+0000] {logging_mixin.py:188} INFO - [2023-12-20T06:27:41.776+0000] {dag.py:3033} INFO - Sync 1 DAGs
[2023-12-20T06:27:41.888+0000] {logging_mixin.py:188} INFO - [2023-12-20T06:27:41.885+0000] {dag.py:3820} INFO - Setting next_dagrun for example_branch_labels to 2023-12-19T00:00:00+00:00, run_after=2023-12-20T00:00:00+00:00
[2023-12-20T06:27:41.984+0000] {processor.py:183} INFO - Processing /home/airflow/.local/lib/python3.8/site-packages/airflow/example_dags/example_branch_labels.py took 0.349 seconds
[2023-12-20T06:28:16.862+0000] {processor.py:161} INFO - Started process (PID=2221) to work on /home/airflow/.local/lib/python3.8/site-packages/airflow/example_dags/example_branch_labels.py
[2023-12-20T06:28:16.864+0000] {processor.py:830} INFO - Processing file /home/airflow/.local/lib/python3.8/site-packages/airflow/example_dags/example_branch_labels.py for tasks to queue
[2023-12-20T06:28:16.866+0000] {logging_mixin.py:188} INFO - [2023-12-20T06:28:16.865+0000] {dagbag.py:538} INFO - Filling up the DagBag from /home/airflow/.local/lib/python3.8/site-packages/airflow/example_dags/example_branch_labels.py
[2023-12-20T06:28:16.989+0000] {processor.py:840} INFO - DAG(s) 'example_branch_labels' retrieved from /home/airflow/.local/lib/python3.8/site-packages/airflow/example_dags/example_branch_labels.py
[2023-12-20T06:28:17.131+0000] {logging_mixin.py:188} INFO - [2023-12-20T06:28:17.129+0000] {dag.py:3033} INFO - Sync 1 DAGs
[2023-12-20T06:28:17.327+0000] {logging_mixin.py:188} INFO - [2023-12-20T06:28:17.327+0000] {dag.py:3820} INFO - Setting next_dagrun for example_branch_labels to 2023-12-19T00:00:00+00:00, run_after=2023-12-20T00:00:00+00:00
[2023-12-20T06:28:17.436+0000] {processor.py:183} INFO - Processing /home/airflow/.local/lib/python3.8/site-packages/airflow/example_dags/example_branch_labels.py took 0.582 seconds
[2023-12-20T06:28:47.990+0000] {processor.py:161} INFO - Started process (PID=2278) to work on /home/airflow/.local/lib/python3.8/site-packages/airflow/example_dags/example_branch_labels.py
[2023-12-20T06:28:47.991+0000] {processor.py:830} INFO - Processing file /home/airflow/.local/lib/python3.8/site-packages/airflow/example_dags/example_branch_labels.py for tasks to queue
[2023-12-20T06:28:47.993+0000] {logging_mixin.py:188} INFO - [2023-12-20T06:28:47.992+0000] {dagbag.py:538} INFO - Filling up the DagBag from /home/airflow/.local/lib/python3.8/site-packages/airflow/example_dags/example_branch_labels.py
[2023-12-20T06:28:48.012+0000] {processor.py:840} INFO - DAG(s) 'example_branch_labels' retrieved from /home/airflow/.local/lib/python3.8/site-packages/airflow/example_dags/example_branch_labels.py
[2023-12-20T06:28:48.090+0000] {logging_mixin.py:188} INFO - [2023-12-20T06:28:48.090+0000] {dag.py:3033} INFO - Sync 1 DAGs
[2023-12-20T06:28:48.155+0000] {logging_mixin.py:188} INFO - [2023-12-20T06:28:48.154+0000] {dag.py:3820} INFO - Setting next_dagrun for example_branch_labels to 2023-12-19T00:00:00+00:00, run_after=2023-12-20T00:00:00+00:00
[2023-12-20T06:28:48.319+0000] {processor.py:183} INFO - Processing /home/airflow/.local/lib/python3.8/site-packages/airflow/example_dags/example_branch_labels.py took 0.336 seconds
[2023-12-20T06:29:18.761+0000] {processor.py:161} INFO - Started process (PID=2335) to work on /home/airflow/.local/lib/python3.8/site-packages/airflow/example_dags/example_branch_labels.py
[2023-12-20T06:29:18.764+0000] {processor.py:830} INFO - Processing file /home/airflow/.local/lib/python3.8/site-packages/airflow/example_dags/example_branch_labels.py for tasks to queue
[2023-12-20T06:29:18.766+0000] {logging_mixin.py:188} INFO - [2023-12-20T06:29:18.766+0000] {dagbag.py:538} INFO - Filling up the DagBag from /home/airflow/.local/lib/python3.8/site-packages/airflow/example_dags/example_branch_labels.py
[2023-12-20T06:29:18.819+0000] {processor.py:840} INFO - DAG(s) 'example_branch_labels' retrieved from /home/airflow/.local/lib/python3.8/site-packages/airflow/example_dags/example_branch_labels.py
[2023-12-20T06:29:18.929+0000] {logging_mixin.py:188} INFO - [2023-12-20T06:29:18.928+0000] {dag.py:3033} INFO - Sync 1 DAGs
[2023-12-20T06:29:19.070+0000] {logging_mixin.py:188} INFO - [2023-12-20T06:29:19.069+0000] {dag.py:3820} INFO - Setting next_dagrun for example_branch_labels to 2023-12-19T00:00:00+00:00, run_after=2023-12-20T00:00:00+00:00
[2023-12-20T06:29:19.171+0000] {processor.py:183} INFO - Processing /home/airflow/.local/lib/python3.8/site-packages/airflow/example_dags/example_branch_labels.py took 0.437 seconds
[2023-12-20T06:29:49.834+0000] {processor.py:161} INFO - Started process (PID=2392) to work on /home/airflow/.local/lib/python3.8/site-packages/airflow/example_dags/example_branch_labels.py
[2023-12-20T06:29:49.836+0000] {processor.py:830} INFO - Processing file /home/airflow/.local/lib/python3.8/site-packages/airflow/example_dags/example_branch_labels.py for tasks to queue
[2023-12-20T06:29:49.839+0000] {logging_mixin.py:188} INFO - [2023-12-20T06:29:49.838+0000] {dagbag.py:538} INFO - Filling up the DagBag from /home/airflow/.local/lib/python3.8/site-packages/airflow/example_dags/example_branch_labels.py
[2023-12-20T06:29:49.863+0000] {processor.py:840} INFO - DAG(s) 'example_branch_labels' retrieved from /home/airflow/.local/lib/python3.8/site-packages/airflow/example_dags/example_branch_labels.py
[2023-12-20T06:29:49.917+0000] {logging_mixin.py:188} INFO - [2023-12-20T06:29:49.916+0000] {dag.py:3033} INFO - Sync 1 DAGs
[2023-12-20T06:29:50.231+0000] {logging_mixin.py:188} INFO - [2023-12-20T06:29:50.230+0000] {dag.py:3820} INFO - Setting next_dagrun for example_branch_labels to 2023-12-19T00:00:00+00:00, run_after=2023-12-20T00:00:00+00:00
[2023-12-20T06:29:50.306+0000] {processor.py:183} INFO - Processing /home/airflow/.local/lib/python3.8/site-packages/airflow/example_dags/example_branch_labels.py took 0.478 seconds
[2023-12-20T06:30:21.523+0000] {processor.py:161} INFO - Started process (PID=2448) to work on /home/airflow/.local/lib/python3.8/site-packages/airflow/example_dags/example_branch_labels.py
[2023-12-20T06:30:21.528+0000] {processor.py:830} INFO - Processing file /home/airflow/.local/lib/python3.8/site-packages/airflow/example_dags/example_branch_labels.py for tasks to queue
[2023-12-20T06:30:21.530+0000] {logging_mixin.py:188} INFO - [2023-12-20T06:30:21.529+0000] {dagbag.py:538} INFO - Filling up the DagBag from /home/airflow/.local/lib/python3.8/site-packages/airflow/example_dags/example_branch_labels.py
[2023-12-20T06:30:21.577+0000] {processor.py:840} INFO - DAG(s) 'example_branch_labels' retrieved from /home/airflow/.local/lib/python3.8/site-packages/airflow/example_dags/example_branch_labels.py
[2023-12-20T06:30:21.831+0000] {logging_mixin.py:188} INFO - [2023-12-20T06:30:21.831+0000] {dag.py:3033} INFO - Sync 1 DAGs
[2023-12-20T06:30:22.205+0000] {logging_mixin.py:188} INFO - [2023-12-20T06:30:22.200+0000] {dag.py:3820} INFO - Setting next_dagrun for example_branch_labels to 2023-12-19T00:00:00+00:00, run_after=2023-12-20T00:00:00+00:00
[2023-12-20T06:30:22.452+0000] {processor.py:183} INFO - Processing /home/airflow/.local/lib/python3.8/site-packages/airflow/example_dags/example_branch_labels.py took 0.936 seconds
[2023-12-20T06:30:53.499+0000] {processor.py:161} INFO - Started process (PID=2504) to work on /home/airflow/.local/lib/python3.8/site-packages/airflow/example_dags/example_branch_labels.py
[2023-12-20T06:30:53.510+0000] {processor.py:830} INFO - Processing file /home/airflow/.local/lib/python3.8/site-packages/airflow/example_dags/example_branch_labels.py for tasks to queue
[2023-12-20T06:30:53.521+0000] {logging_mixin.py:188} INFO - [2023-12-20T06:30:53.514+0000] {dagbag.py:538} INFO - Filling up the DagBag from /home/airflow/.local/lib/python3.8/site-packages/airflow/example_dags/example_branch_labels.py
[2023-12-20T06:30:53.574+0000] {processor.py:840} INFO - DAG(s) 'example_branch_labels' retrieved from /home/airflow/.local/lib/python3.8/site-packages/airflow/example_dags/example_branch_labels.py
[2023-12-20T06:30:53.833+0000] {logging_mixin.py:188} INFO - [2023-12-20T06:30:53.833+0000] {dag.py:3033} INFO - Sync 1 DAGs
[2023-12-20T06:30:54.054+0000] {logging_mixin.py:188} INFO - [2023-12-20T06:30:54.051+0000] {dag.py:3820} INFO - Setting next_dagrun for example_branch_labels to 2023-12-19T00:00:00+00:00, run_after=2023-12-20T00:00:00+00:00
[2023-12-20T06:30:54.226+0000] {processor.py:183} INFO - Processing /home/airflow/.local/lib/python3.8/site-packages/airflow/example_dags/example_branch_labels.py took 0.759 seconds
[2023-12-20T06:31:32.089+0000] {processor.py:161} INFO - Started process (PID=2562) to work on /home/airflow/.local/lib/python3.8/site-packages/airflow/example_dags/example_branch_labels.py
[2023-12-20T06:31:32.097+0000] {processor.py:830} INFO - Processing file /home/airflow/.local/lib/python3.8/site-packages/airflow/example_dags/example_branch_labels.py for tasks to queue
[2023-12-20T06:31:32.100+0000] {logging_mixin.py:188} INFO - [2023-12-20T06:31:32.099+0000] {dagbag.py:538} INFO - Filling up the DagBag from /home/airflow/.local/lib/python3.8/site-packages/airflow/example_dags/example_branch_labels.py
[2023-12-20T06:31:32.172+0000] {processor.py:840} INFO - DAG(s) 'example_branch_labels' retrieved from /home/airflow/.local/lib/python3.8/site-packages/airflow/example_dags/example_branch_labels.py
[2023-12-20T06:31:33.282+0000] {logging_mixin.py:188} INFO - [2023-12-20T06:31:33.281+0000] {dag.py:3033} INFO - Sync 1 DAGs
[2023-12-20T06:31:33.454+0000] {logging_mixin.py:188} INFO - [2023-12-20T06:31:33.454+0000] {dag.py:3820} INFO - Setting next_dagrun for example_branch_labels to 2023-12-19T00:00:00+00:00, run_after=2023-12-20T00:00:00+00:00
[2023-12-20T06:31:33.660+0000] {processor.py:183} INFO - Processing /home/airflow/.local/lib/python3.8/site-packages/airflow/example_dags/example_branch_labels.py took 1.590 seconds
[2023-12-20T06:32:04.073+0000] {processor.py:161} INFO - Started process (PID=2619) to work on /home/airflow/.local/lib/python3.8/site-packages/airflow/example_dags/example_branch_labels.py
[2023-12-20T06:32:04.109+0000] {processor.py:830} INFO - Processing file /home/airflow/.local/lib/python3.8/site-packages/airflow/example_dags/example_branch_labels.py for tasks to queue
[2023-12-20T06:32:04.111+0000] {logging_mixin.py:188} INFO - [2023-12-20T06:32:04.110+0000] {dagbag.py:538} INFO - Filling up the DagBag from /home/airflow/.local/lib/python3.8/site-packages/airflow/example_dags/example_branch_labels.py
[2023-12-20T06:32:04.135+0000] {processor.py:840} INFO - DAG(s) 'example_branch_labels' retrieved from /home/airflow/.local/lib/python3.8/site-packages/airflow/example_dags/example_branch_labels.py
[2023-12-20T06:32:04.195+0000] {logging_mixin.py:188} INFO - [2023-12-20T06:32:04.195+0000] {dag.py:3033} INFO - Sync 1 DAGs
[2023-12-20T06:32:04.264+0000] {logging_mixin.py:188} INFO - [2023-12-20T06:32:04.264+0000] {dag.py:3820} INFO - Setting next_dagrun for example_branch_labels to 2023-12-19T00:00:00+00:00, run_after=2023-12-20T00:00:00+00:00
[2023-12-20T06:32:04.365+0000] {processor.py:183} INFO - Processing /home/airflow/.local/lib/python3.8/site-packages/airflow/example_dags/example_branch_labels.py took 0.298 seconds
[2023-12-20T06:32:34.422+0000] {processor.py:161} INFO - Started process (PID=2678) to work on /home/airflow/.local/lib/python3.8/site-packages/airflow/example_dags/example_branch_labels.py
[2023-12-20T06:32:34.423+0000] {processor.py:830} INFO - Processing file /home/airflow/.local/lib/python3.8/site-packages/airflow/example_dags/example_branch_labels.py for tasks to queue
[2023-12-20T06:32:34.425+0000] {logging_mixin.py:188} INFO - [2023-12-20T06:32:34.424+0000] {dagbag.py:538} INFO - Filling up the DagBag from /home/airflow/.local/lib/python3.8/site-packages/airflow/example_dags/example_branch_labels.py
[2023-12-20T06:32:34.456+0000] {processor.py:840} INFO - DAG(s) 'example_branch_labels' retrieved from /home/airflow/.local/lib/python3.8/site-packages/airflow/example_dags/example_branch_labels.py
[2023-12-20T06:32:34.517+0000] {logging_mixin.py:188} INFO - [2023-12-20T06:32:34.516+0000] {dag.py:3033} INFO - Sync 1 DAGs
[2023-12-20T06:32:34.581+0000] {logging_mixin.py:188} INFO - [2023-12-20T06:32:34.580+0000] {dag.py:3820} INFO - Setting next_dagrun for example_branch_labels to 2023-12-19T00:00:00+00:00, run_after=2023-12-20T00:00:00+00:00
[2023-12-20T06:32:34.674+0000] {processor.py:183} INFO - Processing /home/airflow/.local/lib/python3.8/site-packages/airflow/example_dags/example_branch_labels.py took 0.258 seconds
[2023-12-20T06:33:04.732+0000] {processor.py:161} INFO - Started process (PID=2737) to work on /home/airflow/.local/lib/python3.8/site-packages/airflow/example_dags/example_branch_labels.py
[2023-12-20T06:33:04.737+0000] {processor.py:830} INFO - Processing file /home/airflow/.local/lib/python3.8/site-packages/airflow/example_dags/example_branch_labels.py for tasks to queue
[2023-12-20T06:33:04.740+0000] {logging_mixin.py:188} INFO - [2023-12-20T06:33:04.739+0000] {dagbag.py:538} INFO - Filling up the DagBag from /home/airflow/.local/lib/python3.8/site-packages/airflow/example_dags/example_branch_labels.py
[2023-12-20T06:33:04.775+0000] {processor.py:840} INFO - DAG(s) 'example_branch_labels' retrieved from /home/airflow/.local/lib/python3.8/site-packages/airflow/example_dags/example_branch_labels.py
[2023-12-20T06:33:04.895+0000] {logging_mixin.py:188} INFO - [2023-12-20T06:33:04.893+0000] {dag.py:3033} INFO - Sync 1 DAGs
[2023-12-20T06:33:05.037+0000] {logging_mixin.py:188} INFO - [2023-12-20T06:33:05.037+0000] {dag.py:3820} INFO - Setting next_dagrun for example_branch_labels to 2023-12-19T00:00:00+00:00, run_after=2023-12-20T00:00:00+00:00
[2023-12-20T06:33:05.160+0000] {processor.py:183} INFO - Processing /home/airflow/.local/lib/python3.8/site-packages/airflow/example_dags/example_branch_labels.py took 0.442 seconds
[2023-12-20T06:33:58.507+0000] {processor.py:161} INFO - Started process (PID=2806) to work on /home/airflow/.local/lib/python3.8/site-packages/airflow/example_dags/example_branch_labels.py
[2023-12-20T06:33:58.514+0000] {processor.py:830} INFO - Processing file /home/airflow/.local/lib/python3.8/site-packages/airflow/example_dags/example_branch_labels.py for tasks to queue
[2023-12-20T06:33:58.524+0000] {logging_mixin.py:188} INFO - [2023-12-20T06:33:58.516+0000] {dagbag.py:538} INFO - Filling up the DagBag from /home/airflow/.local/lib/python3.8/site-packages/airflow/example_dags/example_branch_labels.py
[2023-12-20T06:33:58.641+0000] {processor.py:840} INFO - DAG(s) 'example_branch_labels' retrieved from /home/airflow/.local/lib/python3.8/site-packages/airflow/example_dags/example_branch_labels.py
[2023-12-20T06:33:58.937+0000] {logging_mixin.py:188} INFO - [2023-12-20T06:33:58.936+0000] {dag.py:3033} INFO - Sync 1 DAGs
[2023-12-20T06:33:59.347+0000] {logging_mixin.py:188} INFO - [2023-12-20T06:33:59.346+0000] {dag.py:3820} INFO - Setting next_dagrun for example_branch_labels to 2023-12-19T00:00:00+00:00, run_after=2023-12-20T00:00:00+00:00
[2023-12-20T06:33:59.777+0000] {processor.py:183} INFO - Processing /home/airflow/.local/lib/python3.8/site-packages/airflow/example_dags/example_branch_labels.py took 1.302 seconds
[2023-12-20T06:34:56.083+0000] {processor.py:161} INFO - Started process (PID=2868) to work on /home/airflow/.local/lib/python3.8/site-packages/airflow/example_dags/example_branch_labels.py
[2023-12-20T06:34:56.099+0000] {processor.py:830} INFO - Processing file /home/airflow/.local/lib/python3.8/site-packages/airflow/example_dags/example_branch_labels.py for tasks to queue
[2023-12-20T06:34:56.110+0000] {logging_mixin.py:188} INFO - [2023-12-20T06:34:56.100+0000] {dagbag.py:538} INFO - Filling up the DagBag from /home/airflow/.local/lib/python3.8/site-packages/airflow/example_dags/example_branch_labels.py
[2023-12-20T06:34:56.291+0000] {processor.py:840} INFO - DAG(s) 'example_branch_labels' retrieved from /home/airflow/.local/lib/python3.8/site-packages/airflow/example_dags/example_branch_labels.py
[2023-12-20T06:34:56.927+0000] {logging_mixin.py:188} INFO - [2023-12-20T06:34:56.927+0000] {dag.py:3033} INFO - Sync 1 DAGs
[2023-12-20T06:34:57.341+0000] {logging_mixin.py:188} INFO - [2023-12-20T06:34:57.341+0000] {dag.py:3820} INFO - Setting next_dagrun for example_branch_labels to 2023-12-19T00:00:00+00:00, run_after=2023-12-20T00:00:00+00:00
[2023-12-20T06:34:57.645+0000] {processor.py:183} INFO - Processing /home/airflow/.local/lib/python3.8/site-packages/airflow/example_dags/example_branch_labels.py took 1.619 seconds
[2023-12-20T06:35:55.431+0000] {processor.py:161} INFO - Started process (PID=2931) to work on /home/airflow/.local/lib/python3.8/site-packages/airflow/example_dags/example_branch_labels.py
[2023-12-20T06:35:55.480+0000] {processor.py:830} INFO - Processing file /home/airflow/.local/lib/python3.8/site-packages/airflow/example_dags/example_branch_labels.py for tasks to queue
[2023-12-20T06:35:55.499+0000] {logging_mixin.py:188} INFO - [2023-12-20T06:35:55.481+0000] {dagbag.py:538} INFO - Filling up the DagBag from /home/airflow/.local/lib/python3.8/site-packages/airflow/example_dags/example_branch_labels.py
[2023-12-20T06:35:55.695+0000] {processor.py:840} INFO - DAG(s) 'example_branch_labels' retrieved from /home/airflow/.local/lib/python3.8/site-packages/airflow/example_dags/example_branch_labels.py
[2023-12-20T06:35:56.197+0000] {logging_mixin.py:188} INFO - [2023-12-20T06:35:56.196+0000] {dag.py:3033} INFO - Sync 1 DAGs
[2023-12-20T06:35:56.745+0000] {logging_mixin.py:188} INFO - [2023-12-20T06:35:56.722+0000] {dag.py:3820} INFO - Setting next_dagrun for example_branch_labels to 2023-12-19T00:00:00+00:00, run_after=2023-12-20T00:00:00+00:00
[2023-12-20T06:35:57.057+0000] {processor.py:183} INFO - Processing /home/airflow/.local/lib/python3.8/site-packages/airflow/example_dags/example_branch_labels.py took 1.730 seconds
[2023-12-20T06:36:42.011+0000] {processor.py:161} INFO - Started process (PID=2982) to work on /home/airflow/.local/lib/python3.8/site-packages/airflow/example_dags/example_branch_labels.py
[2023-12-20T06:36:42.039+0000] {processor.py:830} INFO - Processing file /home/airflow/.local/lib/python3.8/site-packages/airflow/example_dags/example_branch_labels.py for tasks to queue
[2023-12-20T06:36:42.058+0000] {logging_mixin.py:188} INFO - [2023-12-20T06:36:42.044+0000] {dagbag.py:538} INFO - Filling up the DagBag from /home/airflow/.local/lib/python3.8/site-packages/airflow/example_dags/example_branch_labels.py
[2023-12-20T06:36:42.227+0000] {processor.py:840} INFO - DAG(s) 'example_branch_labels' retrieved from /home/airflow/.local/lib/python3.8/site-packages/airflow/example_dags/example_branch_labels.py
[2023-12-20T06:36:42.714+0000] {logging_mixin.py:188} INFO - [2023-12-20T06:36:42.714+0000] {dag.py:3033} INFO - Sync 1 DAGs
[2023-12-20T06:36:43.018+0000] {logging_mixin.py:188} INFO - [2023-12-20T06:36:43.018+0000] {dag.py:3820} INFO - Setting next_dagrun for example_branch_labels to 2023-12-19T00:00:00+00:00, run_after=2023-12-20T00:00:00+00:00
[2023-12-20T06:36:43.081+0000] {processor.py:183} INFO - Processing /home/airflow/.local/lib/python3.8/site-packages/airflow/example_dags/example_branch_labels.py took 1.079 seconds
[2023-12-20T06:37:40.177+0000] {processor.py:161} INFO - Started process (PID=3042) to work on /home/airflow/.local/lib/python3.8/site-packages/airflow/example_dags/example_branch_labels.py
[2023-12-20T06:37:40.186+0000] {processor.py:830} INFO - Processing file /home/airflow/.local/lib/python3.8/site-packages/airflow/example_dags/example_branch_labels.py for tasks to queue
[2023-12-20T06:37:40.191+0000] {logging_mixin.py:188} INFO - [2023-12-20T06:37:40.187+0000] {dagbag.py:538} INFO - Filling up the DagBag from /home/airflow/.local/lib/python3.8/site-packages/airflow/example_dags/example_branch_labels.py
[2023-12-20T06:37:40.315+0000] {processor.py:840} INFO - DAG(s) 'example_branch_labels' retrieved from /home/airflow/.local/lib/python3.8/site-packages/airflow/example_dags/example_branch_labels.py
[2023-12-20T06:37:40.594+0000] {logging_mixin.py:188} INFO - [2023-12-20T06:37:40.593+0000] {dag.py:3033} INFO - Sync 1 DAGs
[2023-12-20T06:37:40.819+0000] {logging_mixin.py:188} INFO - [2023-12-20T06:37:40.810+0000] {dag.py:3820} INFO - Setting next_dagrun for example_branch_labels to 2023-12-19T00:00:00+00:00, run_after=2023-12-20T00:00:00+00:00
[2023-12-20T06:37:40.969+0000] {processor.py:183} INFO - Processing /home/airflow/.local/lib/python3.8/site-packages/airflow/example_dags/example_branch_labels.py took 0.823 seconds
[2023-12-20T06:38:15.374+0000] {processor.py:161} INFO - Started process (PID=3101) to work on /home/airflow/.local/lib/python3.8/site-packages/airflow/example_dags/example_branch_labels.py
[2023-12-20T06:38:15.384+0000] {processor.py:830} INFO - Processing file /home/airflow/.local/lib/python3.8/site-packages/airflow/example_dags/example_branch_labels.py for tasks to queue
[2023-12-20T06:38:15.386+0000] {logging_mixin.py:188} INFO - [2023-12-20T06:38:15.385+0000] {dagbag.py:538} INFO - Filling up the DagBag from /home/airflow/.local/lib/python3.8/site-packages/airflow/example_dags/example_branch_labels.py
[2023-12-20T06:38:15.418+0000] {processor.py:840} INFO - DAG(s) 'example_branch_labels' retrieved from /home/airflow/.local/lib/python3.8/site-packages/airflow/example_dags/example_branch_labels.py
[2023-12-20T06:38:15.490+0000] {logging_mixin.py:188} INFO - [2023-12-20T06:38:15.489+0000] {dag.py:3033} INFO - Sync 1 DAGs
[2023-12-20T06:38:15.655+0000] {logging_mixin.py:188} INFO - [2023-12-20T06:38:15.648+0000] {dag.py:3820} INFO - Setting next_dagrun for example_branch_labels to 2023-12-19T00:00:00+00:00, run_after=2023-12-20T00:00:00+00:00
[2023-12-20T06:38:15.810+0000] {processor.py:183} INFO - Processing /home/airflow/.local/lib/python3.8/site-packages/airflow/example_dags/example_branch_labels.py took 0.457 seconds
[2023-12-20T06:38:46.410+0000] {processor.py:161} INFO - Started process (PID=3159) to work on /home/airflow/.local/lib/python3.8/site-packages/airflow/example_dags/example_branch_labels.py
[2023-12-20T06:38:46.414+0000] {processor.py:830} INFO - Processing file /home/airflow/.local/lib/python3.8/site-packages/airflow/example_dags/example_branch_labels.py for tasks to queue
[2023-12-20T06:38:46.425+0000] {logging_mixin.py:188} INFO - [2023-12-20T06:38:46.415+0000] {dagbag.py:538} INFO - Filling up the DagBag from /home/airflow/.local/lib/python3.8/site-packages/airflow/example_dags/example_branch_labels.py
[2023-12-20T06:38:46.496+0000] {processor.py:840} INFO - DAG(s) 'example_branch_labels' retrieved from /home/airflow/.local/lib/python3.8/site-packages/airflow/example_dags/example_branch_labels.py
[2023-12-20T06:38:46.629+0000] {logging_mixin.py:188} INFO - [2023-12-20T06:38:46.629+0000] {dag.py:3033} INFO - Sync 1 DAGs
[2023-12-20T06:38:46.704+0000] {logging_mixin.py:188} INFO - [2023-12-20T06:38:46.704+0000] {dag.py:3820} INFO - Setting next_dagrun for example_branch_labels to 2023-12-19T00:00:00+00:00, run_after=2023-12-20T00:00:00+00:00
[2023-12-20T06:38:46.804+0000] {processor.py:183} INFO - Processing /home/airflow/.local/lib/python3.8/site-packages/airflow/example_dags/example_branch_labels.py took 0.418 seconds
[2023-12-20T06:39:17.005+0000] {processor.py:161} INFO - Started process (PID=3219) to work on /home/airflow/.local/lib/python3.8/site-packages/airflow/example_dags/example_branch_labels.py
[2023-12-20T06:39:17.008+0000] {processor.py:830} INFO - Processing file /home/airflow/.local/lib/python3.8/site-packages/airflow/example_dags/example_branch_labels.py for tasks to queue
[2023-12-20T06:39:17.019+0000] {logging_mixin.py:188} INFO - [2023-12-20T06:39:17.017+0000] {dagbag.py:538} INFO - Filling up the DagBag from /home/airflow/.local/lib/python3.8/site-packages/airflow/example_dags/example_branch_labels.py
[2023-12-20T06:39:17.048+0000] {processor.py:840} INFO - DAG(s) 'example_branch_labels' retrieved from /home/airflow/.local/lib/python3.8/site-packages/airflow/example_dags/example_branch_labels.py
[2023-12-20T06:39:17.376+0000] {logging_mixin.py:188} INFO - [2023-12-20T06:39:17.375+0000] {dag.py:3033} INFO - Sync 1 DAGs
[2023-12-20T06:39:17.539+0000] {logging_mixin.py:188} INFO - [2023-12-20T06:39:17.539+0000] {dag.py:3820} INFO - Setting next_dagrun for example_branch_labels to 2023-12-19T00:00:00+00:00, run_after=2023-12-20T00:00:00+00:00
[2023-12-20T06:39:17.651+0000] {processor.py:183} INFO - Processing /home/airflow/.local/lib/python3.8/site-packages/airflow/example_dags/example_branch_labels.py took 0.660 seconds
[2023-12-20T06:39:47.854+0000] {processor.py:161} INFO - Started process (PID=3278) to work on /home/airflow/.local/lib/python3.8/site-packages/airflow/example_dags/example_branch_labels.py
[2023-12-20T06:39:47.856+0000] {processor.py:830} INFO - Processing file /home/airflow/.local/lib/python3.8/site-packages/airflow/example_dags/example_branch_labels.py for tasks to queue
[2023-12-20T06:39:47.857+0000] {logging_mixin.py:188} INFO - [2023-12-20T06:39:47.857+0000] {dagbag.py:538} INFO - Filling up the DagBag from /home/airflow/.local/lib/python3.8/site-packages/airflow/example_dags/example_branch_labels.py
[2023-12-20T06:39:47.875+0000] {processor.py:840} INFO - DAG(s) 'example_branch_labels' retrieved from /home/airflow/.local/lib/python3.8/site-packages/airflow/example_dags/example_branch_labels.py
[2023-12-20T06:39:47.927+0000] {logging_mixin.py:188} INFO - [2023-12-20T06:39:47.927+0000] {dag.py:3033} INFO - Sync 1 DAGs
[2023-12-20T06:39:47.989+0000] {logging_mixin.py:188} INFO - [2023-12-20T06:39:47.988+0000] {dag.py:3820} INFO - Setting next_dagrun for example_branch_labels to 2023-12-19T00:00:00+00:00, run_after=2023-12-20T00:00:00+00:00
[2023-12-20T06:39:48.059+0000] {processor.py:183} INFO - Processing /home/airflow/.local/lib/python3.8/site-packages/airflow/example_dags/example_branch_labels.py took 0.222 seconds
[2023-12-20T06:40:18.349+0000] {processor.py:161} INFO - Started process (PID=3336) to work on /home/airflow/.local/lib/python3.8/site-packages/airflow/example_dags/example_branch_labels.py
[2023-12-20T06:40:18.378+0000] {processor.py:830} INFO - Processing file /home/airflow/.local/lib/python3.8/site-packages/airflow/example_dags/example_branch_labels.py for tasks to queue
[2023-12-20T06:40:18.384+0000] {logging_mixin.py:188} INFO - [2023-12-20T06:40:18.382+0000] {dagbag.py:538} INFO - Filling up the DagBag from /home/airflow/.local/lib/python3.8/site-packages/airflow/example_dags/example_branch_labels.py
[2023-12-20T06:40:18.462+0000] {processor.py:840} INFO - DAG(s) 'example_branch_labels' retrieved from /home/airflow/.local/lib/python3.8/site-packages/airflow/example_dags/example_branch_labels.py
[2023-12-20T06:40:18.628+0000] {logging_mixin.py:188} INFO - [2023-12-20T06:40:18.628+0000] {dag.py:3033} INFO - Sync 1 DAGs
[2023-12-20T06:40:18.792+0000] {logging_mixin.py:188} INFO - [2023-12-20T06:40:18.792+0000] {dag.py:3820} INFO - Setting next_dagrun for example_branch_labels to 2023-12-19T00:00:00+00:00, run_after=2023-12-20T00:00:00+00:00
[2023-12-20T06:40:18.884+0000] {processor.py:183} INFO - Processing /home/airflow/.local/lib/python3.8/site-packages/airflow/example_dags/example_branch_labels.py took 0.551 seconds
[2023-12-20T06:44:57.900+0000] {processor.py:161} INFO - Started process (PID=3391) to work on /home/airflow/.local/lib/python3.8/site-packages/airflow/example_dags/example_branch_labels.py
[2023-12-20T06:44:57.935+0000] {processor.py:830} INFO - Processing file /home/airflow/.local/lib/python3.8/site-packages/airflow/example_dags/example_branch_labels.py for tasks to queue
[2023-12-20T06:44:57.937+0000] {logging_mixin.py:188} INFO - [2023-12-20T06:44:57.936+0000] {dagbag.py:538} INFO - Filling up the DagBag from /home/airflow/.local/lib/python3.8/site-packages/airflow/example_dags/example_branch_labels.py
[2023-12-20T06:44:57.984+0000] {processor.py:840} INFO - DAG(s) 'example_branch_labels' retrieved from /home/airflow/.local/lib/python3.8/site-packages/airflow/example_dags/example_branch_labels.py
[2023-12-20T06:44:58.057+0000] {logging_mixin.py:188} INFO - [2023-12-20T06:44:58.057+0000] {dag.py:3033} INFO - Sync 1 DAGs
[2023-12-20T06:44:58.128+0000] {logging_mixin.py:188} INFO - [2023-12-20T06:44:58.127+0000] {dag.py:3820} INFO - Setting next_dagrun for example_branch_labels to 2023-12-19T00:00:00+00:00, run_after=2023-12-20T00:00:00+00:00
[2023-12-20T06:44:58.197+0000] {processor.py:183} INFO - Processing /home/airflow/.local/lib/python3.8/site-packages/airflow/example_dags/example_branch_labels.py took 0.323 seconds
[2023-12-20T06:45:28.761+0000] {processor.py:161} INFO - Started process (PID=3449) to work on /home/airflow/.local/lib/python3.8/site-packages/airflow/example_dags/example_branch_labels.py
[2023-12-20T06:45:28.763+0000] {processor.py:830} INFO - Processing file /home/airflow/.local/lib/python3.8/site-packages/airflow/example_dags/example_branch_labels.py for tasks to queue
[2023-12-20T06:45:28.767+0000] {logging_mixin.py:188} INFO - [2023-12-20T06:45:28.765+0000] {dagbag.py:538} INFO - Filling up the DagBag from /home/airflow/.local/lib/python3.8/site-packages/airflow/example_dags/example_branch_labels.py
[2023-12-20T06:45:28.786+0000] {processor.py:840} INFO - DAG(s) 'example_branch_labels' retrieved from /home/airflow/.local/lib/python3.8/site-packages/airflow/example_dags/example_branch_labels.py
[2023-12-20T06:45:28.838+0000] {logging_mixin.py:188} INFO - [2023-12-20T06:45:28.837+0000] {dag.py:3033} INFO - Sync 1 DAGs
[2023-12-20T06:45:28.898+0000] {logging_mixin.py:188} INFO - [2023-12-20T06:45:28.897+0000] {dag.py:3820} INFO - Setting next_dagrun for example_branch_labels to 2023-12-19T00:00:00+00:00, run_after=2023-12-20T00:00:00+00:00
[2023-12-20T06:45:28.986+0000] {processor.py:183} INFO - Processing /home/airflow/.local/lib/python3.8/site-packages/airflow/example_dags/example_branch_labels.py took 0.232 seconds
[2023-12-20T06:45:59.623+0000] {processor.py:161} INFO - Started process (PID=3508) to work on /home/airflow/.local/lib/python3.8/site-packages/airflow/example_dags/example_branch_labels.py
[2023-12-20T06:45:59.625+0000] {processor.py:830} INFO - Processing file /home/airflow/.local/lib/python3.8/site-packages/airflow/example_dags/example_branch_labels.py for tasks to queue
[2023-12-20T06:45:59.627+0000] {logging_mixin.py:188} INFO - [2023-12-20T06:45:59.626+0000] {dagbag.py:538} INFO - Filling up the DagBag from /home/airflow/.local/lib/python3.8/site-packages/airflow/example_dags/example_branch_labels.py
[2023-12-20T06:45:59.645+0000] {processor.py:840} INFO - DAG(s) 'example_branch_labels' retrieved from /home/airflow/.local/lib/python3.8/site-packages/airflow/example_dags/example_branch_labels.py
[2023-12-20T06:45:59.705+0000] {logging_mixin.py:188} INFO - [2023-12-20T06:45:59.705+0000] {dag.py:3033} INFO - Sync 1 DAGs
[2023-12-20T06:45:59.767+0000] {logging_mixin.py:188} INFO - [2023-12-20T06:45:59.766+0000] {dag.py:3820} INFO - Setting next_dagrun for example_branch_labels to 2023-12-19T00:00:00+00:00, run_after=2023-12-20T00:00:00+00:00
[2023-12-20T06:45:59.815+0000] {processor.py:183} INFO - Processing /home/airflow/.local/lib/python3.8/site-packages/airflow/example_dags/example_branch_labels.py took 0.199 seconds
[2023-12-20T06:46:30.680+0000] {processor.py:161} INFO - Started process (PID=3566) to work on /home/airflow/.local/lib/python3.8/site-packages/airflow/example_dags/example_branch_labels.py
[2023-12-20T06:46:30.684+0000] {processor.py:830} INFO - Processing file /home/airflow/.local/lib/python3.8/site-packages/airflow/example_dags/example_branch_labels.py for tasks to queue
[2023-12-20T06:46:30.686+0000] {logging_mixin.py:188} INFO - [2023-12-20T06:46:30.685+0000] {dagbag.py:538} INFO - Filling up the DagBag from /home/airflow/.local/lib/python3.8/site-packages/airflow/example_dags/example_branch_labels.py
[2023-12-20T06:46:30.706+0000] {processor.py:840} INFO - DAG(s) 'example_branch_labels' retrieved from /home/airflow/.local/lib/python3.8/site-packages/airflow/example_dags/example_branch_labels.py
[2023-12-20T06:46:30.791+0000] {logging_mixin.py:188} INFO - [2023-12-20T06:46:30.791+0000] {dag.py:3033} INFO - Sync 1 DAGs
[2023-12-20T06:46:30.866+0000] {logging_mixin.py:188} INFO - [2023-12-20T06:46:30.866+0000] {dag.py:3820} INFO - Setting next_dagrun for example_branch_labels to 2023-12-19T00:00:00+00:00, run_after=2023-12-20T00:00:00+00:00
[2023-12-20T06:46:30.957+0000] {processor.py:183} INFO - Processing /home/airflow/.local/lib/python3.8/site-packages/airflow/example_dags/example_branch_labels.py took 0.287 seconds
[2023-12-20T06:47:01.084+0000] {processor.py:161} INFO - Started process (PID=3624) to work on /home/airflow/.local/lib/python3.8/site-packages/airflow/example_dags/example_branch_labels.py
[2023-12-20T06:47:01.112+0000] {processor.py:830} INFO - Processing file /home/airflow/.local/lib/python3.8/site-packages/airflow/example_dags/example_branch_labels.py for tasks to queue
[2023-12-20T06:47:01.126+0000] {logging_mixin.py:188} INFO - [2023-12-20T06:47:01.125+0000] {dagbag.py:538} INFO - Filling up the DagBag from /home/airflow/.local/lib/python3.8/site-packages/airflow/example_dags/example_branch_labels.py
[2023-12-20T06:47:01.150+0000] {processor.py:840} INFO - DAG(s) 'example_branch_labels' retrieved from /home/airflow/.local/lib/python3.8/site-packages/airflow/example_dags/example_branch_labels.py
[2023-12-20T06:47:01.200+0000] {logging_mixin.py:188} INFO - [2023-12-20T06:47:01.200+0000] {dag.py:3033} INFO - Sync 1 DAGs
[2023-12-20T06:47:01.264+0000] {logging_mixin.py:188} INFO - [2023-12-20T06:47:01.264+0000] {dag.py:3820} INFO - Setting next_dagrun for example_branch_labels to 2023-12-19T00:00:00+00:00, run_after=2023-12-20T00:00:00+00:00
[2023-12-20T06:47:01.319+0000] {processor.py:183} INFO - Processing /home/airflow/.local/lib/python3.8/site-packages/airflow/example_dags/example_branch_labels.py took 0.241 seconds
[2023-12-20T06:47:46.113+0000] {processor.py:161} INFO - Started process (PID=3689) to work on /home/airflow/.local/lib/python3.8/site-packages/airflow/example_dags/example_branch_labels.py
[2023-12-20T06:47:46.142+0000] {processor.py:830} INFO - Processing file /home/airflow/.local/lib/python3.8/site-packages/airflow/example_dags/example_branch_labels.py for tasks to queue
[2023-12-20T06:47:46.144+0000] {logging_mixin.py:188} INFO - [2023-12-20T06:47:46.143+0000] {dagbag.py:538} INFO - Filling up the DagBag from /home/airflow/.local/lib/python3.8/site-packages/airflow/example_dags/example_branch_labels.py
[2023-12-20T06:47:46.261+0000] {processor.py:840} INFO - DAG(s) 'example_branch_labels' retrieved from /home/airflow/.local/lib/python3.8/site-packages/airflow/example_dags/example_branch_labels.py
[2023-12-20T06:47:46.748+0000] {logging_mixin.py:188} INFO - [2023-12-20T06:47:46.748+0000] {dag.py:3033} INFO - Sync 1 DAGs
[2023-12-20T06:47:47.063+0000] {logging_mixin.py:188} INFO - [2023-12-20T06:47:47.059+0000] {dag.py:3820} INFO - Setting next_dagrun for example_branch_labels to 2023-12-19T00:00:00+00:00, run_after=2023-12-20T00:00:00+00:00
[2023-12-20T06:47:47.211+0000] {processor.py:183} INFO - Processing /home/airflow/.local/lib/python3.8/site-packages/airflow/example_dags/example_branch_labels.py took 1.134 seconds
[2023-12-20T06:48:57.206+0000] {processor.py:161} INFO - Started process (PID=3756) to work on /home/airflow/.local/lib/python3.8/site-packages/airflow/example_dags/example_branch_labels.py
[2023-12-20T06:48:57.249+0000] {processor.py:830} INFO - Processing file /home/airflow/.local/lib/python3.8/site-packages/airflow/example_dags/example_branch_labels.py for tasks to queue
[2023-12-20T06:48:57.273+0000] {logging_mixin.py:188} INFO - [2023-12-20T06:48:57.250+0000] {dagbag.py:538} INFO - Filling up the DagBag from /home/airflow/.local/lib/python3.8/site-packages/airflow/example_dags/example_branch_labels.py
[2023-12-20T06:48:57.716+0000] {processor.py:840} INFO - DAG(s) 'example_branch_labels' retrieved from /home/airflow/.local/lib/python3.8/site-packages/airflow/example_dags/example_branch_labels.py
[2023-12-20T06:48:58.389+0000] {logging_mixin.py:188} INFO - [2023-12-20T06:48:58.389+0000] {dag.py:3033} INFO - Sync 1 DAGs
[2023-12-20T06:48:58.776+0000] {logging_mixin.py:188} INFO - [2023-12-20T06:48:58.771+0000] {dag.py:3820} INFO - Setting next_dagrun for example_branch_labels to 2023-12-19T00:00:00+00:00, run_after=2023-12-20T00:00:00+00:00
[2023-12-20T06:48:59.140+0000] {processor.py:183} INFO - Processing /home/airflow/.local/lib/python3.8/site-packages/airflow/example_dags/example_branch_labels.py took 2.102 seconds
