[2023-12-20T05:41:15.731+0000] {processor.py:161} INFO - Started process (PID=72) to work on /home/airflow/.local/lib/python3.8/site-packages/airflow/example_dags/example_external_task_marker_dag.py
[2023-12-20T05:41:15.738+0000] {processor.py:830} INFO - Processing file /home/airflow/.local/lib/python3.8/site-packages/airflow/example_dags/example_external_task_marker_dag.py for tasks to queue
[2023-12-20T05:41:15.751+0000] {logging_mixin.py:188} INFO - [2023-12-20T05:41:15.751+0000] {dagbag.py:538} INFO - Filling up the DagBag from /home/airflow/.local/lib/python3.8/site-packages/airflow/example_dags/example_external_task_marker_dag.py
[2023-12-20T05:41:15.857+0000] {processor.py:840} INFO - DAG(s) 'example_external_task_marker_parent', 'example_external_task_marker_child' retrieved from /home/airflow/.local/lib/python3.8/site-packages/airflow/example_dags/example_external_task_marker_dag.py
[2023-12-20T05:41:18.631+0000] {logging_mixin.py:188} INFO - [2023-12-20T05:41:18.630+0000] {dag.py:3033} INFO - Sync 2 DAGs
[2023-12-20T05:41:18.693+0000] {logging_mixin.py:188} INFO - [2023-12-20T05:41:18.693+0000] {dag.py:3820} INFO - Setting next_dagrun for example_external_task_marker_child to None, run_after=None
[2023-12-20T05:41:18.708+0000] {logging_mixin.py:188} INFO - [2023-12-20T05:41:18.708+0000] {dag.py:3820} INFO - Setting next_dagrun for example_external_task_marker_parent to None, run_after=None
[2023-12-20T05:41:18.791+0000] {processor.py:183} INFO - Processing /home/airflow/.local/lib/python3.8/site-packages/airflow/example_dags/example_external_task_marker_dag.py took 3.084 seconds
[2023-12-20T05:42:26.432+0000] {processor.py:161} INFO - Started process (PID=133) to work on /home/airflow/.local/lib/python3.8/site-packages/airflow/example_dags/example_external_task_marker_dag.py
[2023-12-20T05:42:26.463+0000] {processor.py:830} INFO - Processing file /home/airflow/.local/lib/python3.8/site-packages/airflow/example_dags/example_external_task_marker_dag.py for tasks to queue
[2023-12-20T05:42:26.481+0000] {logging_mixin.py:188} INFO - [2023-12-20T05:42:26.481+0000] {dagbag.py:538} INFO - Filling up the DagBag from /home/airflow/.local/lib/python3.8/site-packages/airflow/example_dags/example_external_task_marker_dag.py
[2023-12-20T05:42:26.536+0000] {processor.py:840} INFO - DAG(s) 'example_external_task_marker_child', 'example_external_task_marker_parent' retrieved from /home/airflow/.local/lib/python3.8/site-packages/airflow/example_dags/example_external_task_marker_dag.py
[2023-12-20T05:42:26.760+0000] {logging_mixin.py:188} INFO - [2023-12-20T05:42:26.760+0000] {dag.py:3033} INFO - Sync 2 DAGs
[2023-12-20T05:42:26.902+0000] {logging_mixin.py:188} INFO - [2023-12-20T05:42:26.902+0000] {dag.py:3820} INFO - Setting next_dagrun for example_external_task_marker_child to None, run_after=None
[2023-12-20T05:42:26.939+0000] {logging_mixin.py:188} INFO - [2023-12-20T05:42:26.938+0000] {dag.py:3820} INFO - Setting next_dagrun for example_external_task_marker_parent to None, run_after=None
[2023-12-20T05:42:27.243+0000] {processor.py:183} INFO - Processing /home/airflow/.local/lib/python3.8/site-packages/airflow/example_dags/example_external_task_marker_dag.py took 0.841 seconds
[2023-12-20T06:06:54.595+0000] {processor.py:161} INFO - Started process (PID=58) to work on /home/airflow/.local/lib/python3.8/site-packages/airflow/example_dags/example_external_task_marker_dag.py
[2023-12-20T06:06:54.601+0000] {processor.py:830} INFO - Processing file /home/airflow/.local/lib/python3.8/site-packages/airflow/example_dags/example_external_task_marker_dag.py for tasks to queue
[2023-12-20T06:06:54.613+0000] {logging_mixin.py:188} INFO - [2023-12-20T06:06:54.613+0000] {dagbag.py:538} INFO - Filling up the DagBag from /home/airflow/.local/lib/python3.8/site-packages/airflow/example_dags/example_external_task_marker_dag.py
[2023-12-20T06:06:54.669+0000] {processor.py:840} INFO - DAG(s) 'example_external_task_marker_child', 'example_external_task_marker_parent' retrieved from /home/airflow/.local/lib/python3.8/site-packages/airflow/example_dags/example_external_task_marker_dag.py
[2023-12-20T06:06:54.892+0000] {logging_mixin.py:188} INFO - [2023-12-20T06:06:54.891+0000] {dag.py:3033} INFO - Sync 2 DAGs
[2023-12-20T06:06:55.115+0000] {logging_mixin.py:188} INFO - [2023-12-20T06:06:55.114+0000] {dag.py:3820} INFO - Setting next_dagrun for example_external_task_marker_child to None, run_after=None
[2023-12-20T06:06:55.210+0000] {logging_mixin.py:188} INFO - [2023-12-20T06:06:55.209+0000] {dag.py:3820} INFO - Setting next_dagrun for example_external_task_marker_parent to None, run_after=None
[2023-12-20T06:06:55.387+0000] {processor.py:183} INFO - Processing /home/airflow/.local/lib/python3.8/site-packages/airflow/example_dags/example_external_task_marker_dag.py took 0.812 seconds
[2023-12-20T06:07:27.361+0000] {processor.py:161} INFO - Started process (PID=113) to work on /home/airflow/.local/lib/python3.8/site-packages/airflow/example_dags/example_external_task_marker_dag.py
[2023-12-20T06:07:27.381+0000] {processor.py:830} INFO - Processing file /home/airflow/.local/lib/python3.8/site-packages/airflow/example_dags/example_external_task_marker_dag.py for tasks to queue
[2023-12-20T06:07:27.395+0000] {logging_mixin.py:188} INFO - [2023-12-20T06:07:27.395+0000] {dagbag.py:538} INFO - Filling up the DagBag from /home/airflow/.local/lib/python3.8/site-packages/airflow/example_dags/example_external_task_marker_dag.py
[2023-12-20T06:07:27.451+0000] {processor.py:840} INFO - DAG(s) 'example_external_task_marker_child', 'example_external_task_marker_parent' retrieved from /home/airflow/.local/lib/python3.8/site-packages/airflow/example_dags/example_external_task_marker_dag.py
[2023-12-20T06:07:27.645+0000] {logging_mixin.py:188} INFO - [2023-12-20T06:07:27.645+0000] {dag.py:3033} INFO - Sync 2 DAGs
[2023-12-20T06:07:27.797+0000] {logging_mixin.py:188} INFO - [2023-12-20T06:07:27.783+0000] {dag.py:3820} INFO - Setting next_dagrun for example_external_task_marker_child to None, run_after=None
[2023-12-20T06:07:27.835+0000] {logging_mixin.py:188} INFO - [2023-12-20T06:07:27.835+0000] {dag.py:3820} INFO - Setting next_dagrun for example_external_task_marker_parent to None, run_after=None
[2023-12-20T06:07:28.051+0000] {processor.py:183} INFO - Processing /home/airflow/.local/lib/python3.8/site-packages/airflow/example_dags/example_external_task_marker_dag.py took 0.713 seconds
[2023-12-20T06:07:59.291+0000] {processor.py:161} INFO - Started process (PID=168) to work on /home/airflow/.local/lib/python3.8/site-packages/airflow/example_dags/example_external_task_marker_dag.py
[2023-12-20T06:07:59.341+0000] {processor.py:830} INFO - Processing file /home/airflow/.local/lib/python3.8/site-packages/airflow/example_dags/example_external_task_marker_dag.py for tasks to queue
[2023-12-20T06:07:59.349+0000] {logging_mixin.py:188} INFO - [2023-12-20T06:07:59.348+0000] {dagbag.py:538} INFO - Filling up the DagBag from /home/airflow/.local/lib/python3.8/site-packages/airflow/example_dags/example_external_task_marker_dag.py
[2023-12-20T06:07:59.387+0000] {processor.py:840} INFO - DAG(s) 'example_external_task_marker_child', 'example_external_task_marker_parent' retrieved from /home/airflow/.local/lib/python3.8/site-packages/airflow/example_dags/example_external_task_marker_dag.py
[2023-12-20T06:07:59.522+0000] {logging_mixin.py:188} INFO - [2023-12-20T06:07:59.521+0000] {dag.py:3033} INFO - Sync 2 DAGs
[2023-12-20T06:07:59.650+0000] {logging_mixin.py:188} INFO - [2023-12-20T06:07:59.649+0000] {dag.py:3820} INFO - Setting next_dagrun for example_external_task_marker_child to None, run_after=None
[2023-12-20T06:07:59.707+0000] {logging_mixin.py:188} INFO - [2023-12-20T06:07:59.707+0000] {dag.py:3820} INFO - Setting next_dagrun for example_external_task_marker_parent to None, run_after=None
[2023-12-20T06:07:59.924+0000] {processor.py:183} INFO - Processing /home/airflow/.local/lib/python3.8/site-packages/airflow/example_dags/example_external_task_marker_dag.py took 0.660 seconds
[2023-12-20T06:08:31.602+0000] {processor.py:161} INFO - Started process (PID=223) to work on /home/airflow/.local/lib/python3.8/site-packages/airflow/example_dags/example_external_task_marker_dag.py
[2023-12-20T06:08:31.605+0000] {processor.py:830} INFO - Processing file /home/airflow/.local/lib/python3.8/site-packages/airflow/example_dags/example_external_task_marker_dag.py for tasks to queue
[2023-12-20T06:08:31.620+0000] {logging_mixin.py:188} INFO - [2023-12-20T06:08:31.619+0000] {dagbag.py:538} INFO - Filling up the DagBag from /home/airflow/.local/lib/python3.8/site-packages/airflow/example_dags/example_external_task_marker_dag.py
[2023-12-20T06:08:31.690+0000] {processor.py:840} INFO - DAG(s) 'example_external_task_marker_parent', 'example_external_task_marker_child' retrieved from /home/airflow/.local/lib/python3.8/site-packages/airflow/example_dags/example_external_task_marker_dag.py
[2023-12-20T06:08:32.074+0000] {logging_mixin.py:188} INFO - [2023-12-20T06:08:32.074+0000] {dag.py:3033} INFO - Sync 2 DAGs
[2023-12-20T06:08:32.231+0000] {logging_mixin.py:188} INFO - [2023-12-20T06:08:32.230+0000] {dag.py:3820} INFO - Setting next_dagrun for example_external_task_marker_child to None, run_after=None
[2023-12-20T06:08:32.275+0000] {logging_mixin.py:188} INFO - [2023-12-20T06:08:32.274+0000] {dag.py:3820} INFO - Setting next_dagrun for example_external_task_marker_parent to None, run_after=None
[2023-12-20T06:08:32.439+0000] {processor.py:183} INFO - Processing /home/airflow/.local/lib/python3.8/site-packages/airflow/example_dags/example_external_task_marker_dag.py took 0.878 seconds
[2023-12-20T06:09:12.921+0000] {processor.py:161} INFO - Started process (PID=276) to work on /home/airflow/.local/lib/python3.8/site-packages/airflow/example_dags/example_external_task_marker_dag.py
[2023-12-20T06:09:12.925+0000] {processor.py:830} INFO - Processing file /home/airflow/.local/lib/python3.8/site-packages/airflow/example_dags/example_external_task_marker_dag.py for tasks to queue
[2023-12-20T06:09:12.935+0000] {logging_mixin.py:188} INFO - [2023-12-20T06:09:12.931+0000] {dagbag.py:538} INFO - Filling up the DagBag from /home/airflow/.local/lib/python3.8/site-packages/airflow/example_dags/example_external_task_marker_dag.py
[2023-12-20T06:09:12.971+0000] {processor.py:840} INFO - DAG(s) 'example_external_task_marker_parent', 'example_external_task_marker_child' retrieved from /home/airflow/.local/lib/python3.8/site-packages/airflow/example_dags/example_external_task_marker_dag.py
[2023-12-20T06:09:13.121+0000] {logging_mixin.py:188} INFO - [2023-12-20T06:09:13.118+0000] {dag.py:3033} INFO - Sync 2 DAGs
[2023-12-20T06:09:13.181+0000] {logging_mixin.py:188} INFO - [2023-12-20T06:09:13.181+0000] {dag.py:3820} INFO - Setting next_dagrun for example_external_task_marker_child to None, run_after=None
[2023-12-20T06:09:13.210+0000] {logging_mixin.py:188} INFO - [2023-12-20T06:09:13.209+0000] {dag.py:3820} INFO - Setting next_dagrun for example_external_task_marker_parent to None, run_after=None
[2023-12-20T06:09:13.365+0000] {processor.py:183} INFO - Processing /home/airflow/.local/lib/python3.8/site-packages/airflow/example_dags/example_external_task_marker_dag.py took 0.474 seconds
[2023-12-20T06:09:44.090+0000] {processor.py:161} INFO - Started process (PID=331) to work on /home/airflow/.local/lib/python3.8/site-packages/airflow/example_dags/example_external_task_marker_dag.py
[2023-12-20T06:09:44.092+0000] {processor.py:830} INFO - Processing file /home/airflow/.local/lib/python3.8/site-packages/airflow/example_dags/example_external_task_marker_dag.py for tasks to queue
[2023-12-20T06:09:44.112+0000] {logging_mixin.py:188} INFO - [2023-12-20T06:09:44.112+0000] {dagbag.py:538} INFO - Filling up the DagBag from /home/airflow/.local/lib/python3.8/site-packages/airflow/example_dags/example_external_task_marker_dag.py
[2023-12-20T06:09:44.133+0000] {processor.py:840} INFO - DAG(s) 'example_external_task_marker_parent', 'example_external_task_marker_child' retrieved from /home/airflow/.local/lib/python3.8/site-packages/airflow/example_dags/example_external_task_marker_dag.py
[2023-12-20T06:09:44.225+0000] {logging_mixin.py:188} INFO - [2023-12-20T06:09:44.225+0000] {dag.py:3033} INFO - Sync 2 DAGs
[2023-12-20T06:09:44.331+0000] {logging_mixin.py:188} INFO - [2023-12-20T06:09:44.331+0000] {dag.py:3820} INFO - Setting next_dagrun for example_external_task_marker_child to None, run_after=None
[2023-12-20T06:09:44.397+0000] {logging_mixin.py:188} INFO - [2023-12-20T06:09:44.396+0000] {dag.py:3820} INFO - Setting next_dagrun for example_external_task_marker_parent to None, run_after=None
[2023-12-20T06:09:44.586+0000] {processor.py:183} INFO - Processing /home/airflow/.local/lib/python3.8/site-packages/airflow/example_dags/example_external_task_marker_dag.py took 0.503 seconds
[2023-12-20T06:10:14.894+0000] {processor.py:161} INFO - Started process (PID=385) to work on /home/airflow/.local/lib/python3.8/site-packages/airflow/example_dags/example_external_task_marker_dag.py
[2023-12-20T06:10:14.927+0000] {processor.py:830} INFO - Processing file /home/airflow/.local/lib/python3.8/site-packages/airflow/example_dags/example_external_task_marker_dag.py for tasks to queue
[2023-12-20T06:10:14.932+0000] {logging_mixin.py:188} INFO - [2023-12-20T06:10:14.931+0000] {dagbag.py:538} INFO - Filling up the DagBag from /home/airflow/.local/lib/python3.8/site-packages/airflow/example_dags/example_external_task_marker_dag.py
[2023-12-20T06:10:14.959+0000] {processor.py:840} INFO - DAG(s) 'example_external_task_marker_parent', 'example_external_task_marker_child' retrieved from /home/airflow/.local/lib/python3.8/site-packages/airflow/example_dags/example_external_task_marker_dag.py
[2023-12-20T06:10:15.058+0000] {logging_mixin.py:188} INFO - [2023-12-20T06:10:15.058+0000] {dag.py:3033} INFO - Sync 2 DAGs
[2023-12-20T06:10:15.120+0000] {logging_mixin.py:188} INFO - [2023-12-20T06:10:15.120+0000] {dag.py:3820} INFO - Setting next_dagrun for example_external_task_marker_child to None, run_after=None
[2023-12-20T06:10:15.142+0000] {logging_mixin.py:188} INFO - [2023-12-20T06:10:15.142+0000] {dag.py:3820} INFO - Setting next_dagrun for example_external_task_marker_parent to None, run_after=None
[2023-12-20T06:10:15.257+0000] {processor.py:183} INFO - Processing /home/airflow/.local/lib/python3.8/site-packages/airflow/example_dags/example_external_task_marker_dag.py took 0.395 seconds
[2023-12-20T06:10:48.318+0000] {processor.py:161} INFO - Started process (PID=440) to work on /home/airflow/.local/lib/python3.8/site-packages/airflow/example_dags/example_external_task_marker_dag.py
[2023-12-20T06:10:48.320+0000] {processor.py:830} INFO - Processing file /home/airflow/.local/lib/python3.8/site-packages/airflow/example_dags/example_external_task_marker_dag.py for tasks to queue
[2023-12-20T06:10:48.324+0000] {logging_mixin.py:188} INFO - [2023-12-20T06:10:48.323+0000] {dagbag.py:538} INFO - Filling up the DagBag from /home/airflow/.local/lib/python3.8/site-packages/airflow/example_dags/example_external_task_marker_dag.py
[2023-12-20T06:10:48.337+0000] {processor.py:840} INFO - DAG(s) 'example_external_task_marker_parent', 'example_external_task_marker_child' retrieved from /home/airflow/.local/lib/python3.8/site-packages/airflow/example_dags/example_external_task_marker_dag.py
[2023-12-20T06:10:48.399+0000] {logging_mixin.py:188} INFO - [2023-12-20T06:10:48.398+0000] {dag.py:3033} INFO - Sync 2 DAGs
[2023-12-20T06:10:48.441+0000] {logging_mixin.py:188} INFO - [2023-12-20T06:10:48.441+0000] {dag.py:3820} INFO - Setting next_dagrun for example_external_task_marker_child to None, run_after=None
[2023-12-20T06:10:48.455+0000] {logging_mixin.py:188} INFO - [2023-12-20T06:10:48.454+0000] {dag.py:3820} INFO - Setting next_dagrun for example_external_task_marker_parent to None, run_after=None
[2023-12-20T06:10:48.571+0000] {processor.py:183} INFO - Processing /home/airflow/.local/lib/python3.8/site-packages/airflow/example_dags/example_external_task_marker_dag.py took 0.268 seconds
[2023-12-20T06:11:19.700+0000] {processor.py:161} INFO - Started process (PID=495) to work on /home/airflow/.local/lib/python3.8/site-packages/airflow/example_dags/example_external_task_marker_dag.py
[2023-12-20T06:11:19.701+0000] {processor.py:830} INFO - Processing file /home/airflow/.local/lib/python3.8/site-packages/airflow/example_dags/example_external_task_marker_dag.py for tasks to queue
[2023-12-20T06:11:19.725+0000] {logging_mixin.py:188} INFO - [2023-12-20T06:11:19.725+0000] {dagbag.py:538} INFO - Filling up the DagBag from /home/airflow/.local/lib/python3.8/site-packages/airflow/example_dags/example_external_task_marker_dag.py
[2023-12-20T06:11:19.761+0000] {processor.py:840} INFO - DAG(s) 'example_external_task_marker_parent', 'example_external_task_marker_child' retrieved from /home/airflow/.local/lib/python3.8/site-packages/airflow/example_dags/example_external_task_marker_dag.py
[2023-12-20T06:11:19.972+0000] {logging_mixin.py:188} INFO - [2023-12-20T06:11:19.972+0000] {dag.py:3033} INFO - Sync 2 DAGs
[2023-12-20T06:11:20.122+0000] {logging_mixin.py:188} INFO - [2023-12-20T06:11:20.121+0000] {dag.py:3820} INFO - Setting next_dagrun for example_external_task_marker_child to None, run_after=None
[2023-12-20T06:11:20.141+0000] {logging_mixin.py:188} INFO - [2023-12-20T06:11:20.140+0000] {dag.py:3820} INFO - Setting next_dagrun for example_external_task_marker_parent to None, run_after=None
[2023-12-20T06:11:20.233+0000] {processor.py:183} INFO - Processing /home/airflow/.local/lib/python3.8/site-packages/airflow/example_dags/example_external_task_marker_dag.py took 0.571 seconds
[2023-12-20T06:11:50.740+0000] {processor.py:161} INFO - Started process (PID=550) to work on /home/airflow/.local/lib/python3.8/site-packages/airflow/example_dags/example_external_task_marker_dag.py
[2023-12-20T06:11:50.765+0000] {processor.py:830} INFO - Processing file /home/airflow/.local/lib/python3.8/site-packages/airflow/example_dags/example_external_task_marker_dag.py for tasks to queue
[2023-12-20T06:11:50.774+0000] {logging_mixin.py:188} INFO - [2023-12-20T06:11:50.773+0000] {dagbag.py:538} INFO - Filling up the DagBag from /home/airflow/.local/lib/python3.8/site-packages/airflow/example_dags/example_external_task_marker_dag.py
[2023-12-20T06:11:50.808+0000] {processor.py:840} INFO - DAG(s) 'example_external_task_marker_parent', 'example_external_task_marker_child' retrieved from /home/airflow/.local/lib/python3.8/site-packages/airflow/example_dags/example_external_task_marker_dag.py
[2023-12-20T06:11:50.883+0000] {logging_mixin.py:188} INFO - [2023-12-20T06:11:50.883+0000] {dag.py:3033} INFO - Sync 2 DAGs
[2023-12-20T06:11:50.922+0000] {logging_mixin.py:188} INFO - [2023-12-20T06:11:50.922+0000] {dag.py:3820} INFO - Setting next_dagrun for example_external_task_marker_child to None, run_after=None
[2023-12-20T06:11:50.932+0000] {logging_mixin.py:188} INFO - [2023-12-20T06:11:50.931+0000] {dag.py:3820} INFO - Setting next_dagrun for example_external_task_marker_parent to None, run_after=None
[2023-12-20T06:11:51.007+0000] {processor.py:183} INFO - Processing /home/airflow/.local/lib/python3.8/site-packages/airflow/example_dags/example_external_task_marker_dag.py took 0.273 seconds
[2023-12-20T06:12:24.684+0000] {processor.py:161} INFO - Started process (PID=605) to work on /home/airflow/.local/lib/python3.8/site-packages/airflow/example_dags/example_external_task_marker_dag.py
[2023-12-20T06:12:24.698+0000] {processor.py:830} INFO - Processing file /home/airflow/.local/lib/python3.8/site-packages/airflow/example_dags/example_external_task_marker_dag.py for tasks to queue
[2023-12-20T06:12:24.722+0000] {logging_mixin.py:188} INFO - [2023-12-20T06:12:24.716+0000] {dagbag.py:538} INFO - Filling up the DagBag from /home/airflow/.local/lib/python3.8/site-packages/airflow/example_dags/example_external_task_marker_dag.py
[2023-12-20T06:12:24.800+0000] {processor.py:840} INFO - DAG(s) 'example_external_task_marker_parent', 'example_external_task_marker_child' retrieved from /home/airflow/.local/lib/python3.8/site-packages/airflow/example_dags/example_external_task_marker_dag.py
[2023-12-20T06:12:25.042+0000] {logging_mixin.py:188} INFO - [2023-12-20T06:12:25.041+0000] {dag.py:3033} INFO - Sync 2 DAGs
[2023-12-20T06:12:25.212+0000] {logging_mixin.py:188} INFO - [2023-12-20T06:12:25.211+0000] {dag.py:3820} INFO - Setting next_dagrun for example_external_task_marker_child to None, run_after=None
[2023-12-20T06:12:25.267+0000] {logging_mixin.py:188} INFO - [2023-12-20T06:12:25.267+0000] {dag.py:3820} INFO - Setting next_dagrun for example_external_task_marker_parent to None, run_after=None
[2023-12-20T06:12:25.517+0000] {processor.py:183} INFO - Processing /home/airflow/.local/lib/python3.8/site-packages/airflow/example_dags/example_external_task_marker_dag.py took 0.888 seconds
[2023-12-20T06:13:02.232+0000] {processor.py:161} INFO - Started process (PID=663) to work on /home/airflow/.local/lib/python3.8/site-packages/airflow/example_dags/example_external_task_marker_dag.py
[2023-12-20T06:13:02.245+0000] {processor.py:830} INFO - Processing file /home/airflow/.local/lib/python3.8/site-packages/airflow/example_dags/example_external_task_marker_dag.py for tasks to queue
[2023-12-20T06:13:02.267+0000] {logging_mixin.py:188} INFO - [2023-12-20T06:13:02.252+0000] {dagbag.py:538} INFO - Filling up the DagBag from /home/airflow/.local/lib/python3.8/site-packages/airflow/example_dags/example_external_task_marker_dag.py
[2023-12-20T06:13:02.354+0000] {processor.py:840} INFO - DAG(s) 'example_external_task_marker_child', 'example_external_task_marker_parent' retrieved from /home/airflow/.local/lib/python3.8/site-packages/airflow/example_dags/example_external_task_marker_dag.py
[2023-12-20T06:13:02.702+0000] {logging_mixin.py:188} INFO - [2023-12-20T06:13:02.701+0000] {dag.py:3033} INFO - Sync 2 DAGs
[2023-12-20T06:13:03.033+0000] {logging_mixin.py:188} INFO - [2023-12-20T06:13:03.010+0000] {dag.py:3820} INFO - Setting next_dagrun for example_external_task_marker_child to None, run_after=None
[2023-12-20T06:13:03.134+0000] {logging_mixin.py:188} INFO - [2023-12-20T06:13:03.133+0000] {dag.py:3820} INFO - Setting next_dagrun for example_external_task_marker_parent to None, run_after=None
[2023-12-20T06:13:03.519+0000] {processor.py:183} INFO - Processing /home/airflow/.local/lib/python3.8/site-packages/airflow/example_dags/example_external_task_marker_dag.py took 1.302 seconds
[2023-12-20T06:13:43.806+0000] {processor.py:161} INFO - Started process (PID=714) to work on /home/airflow/.local/lib/python3.8/site-packages/airflow/example_dags/example_external_task_marker_dag.py
[2023-12-20T06:13:43.808+0000] {processor.py:830} INFO - Processing file /home/airflow/.local/lib/python3.8/site-packages/airflow/example_dags/example_external_task_marker_dag.py for tasks to queue
[2023-12-20T06:13:43.854+0000] {logging_mixin.py:188} INFO - [2023-12-20T06:13:43.853+0000] {dagbag.py:538} INFO - Filling up the DagBag from /home/airflow/.local/lib/python3.8/site-packages/airflow/example_dags/example_external_task_marker_dag.py
[2023-12-20T06:13:43.966+0000] {processor.py:840} INFO - DAG(s) 'example_external_task_marker_parent', 'example_external_task_marker_child' retrieved from /home/airflow/.local/lib/python3.8/site-packages/airflow/example_dags/example_external_task_marker_dag.py
[2023-12-20T06:13:44.410+0000] {logging_mixin.py:188} INFO - [2023-12-20T06:13:44.409+0000] {dag.py:3033} INFO - Sync 2 DAGs
[2023-12-20T06:13:44.734+0000] {logging_mixin.py:188} INFO - [2023-12-20T06:13:44.734+0000] {dag.py:3820} INFO - Setting next_dagrun for example_external_task_marker_child to None, run_after=None
[2023-12-20T06:13:44.857+0000] {logging_mixin.py:188} INFO - [2023-12-20T06:13:44.844+0000] {dag.py:3820} INFO - Setting next_dagrun for example_external_task_marker_parent to None, run_after=None
[2023-12-20T06:13:45.179+0000] {processor.py:183} INFO - Processing /home/airflow/.local/lib/python3.8/site-packages/airflow/example_dags/example_external_task_marker_dag.py took 1.478 seconds
[2023-12-20T06:14:22.180+0000] {processor.py:161} INFO - Started process (PID=767) to work on /home/airflow/.local/lib/python3.8/site-packages/airflow/example_dags/example_external_task_marker_dag.py
[2023-12-20T06:14:22.217+0000] {processor.py:830} INFO - Processing file /home/airflow/.local/lib/python3.8/site-packages/airflow/example_dags/example_external_task_marker_dag.py for tasks to queue
[2023-12-20T06:14:22.235+0000] {logging_mixin.py:188} INFO - [2023-12-20T06:14:22.234+0000] {dagbag.py:538} INFO - Filling up the DagBag from /home/airflow/.local/lib/python3.8/site-packages/airflow/example_dags/example_external_task_marker_dag.py
[2023-12-20T06:14:22.357+0000] {processor.py:840} INFO - DAG(s) 'example_external_task_marker_child', 'example_external_task_marker_parent' retrieved from /home/airflow/.local/lib/python3.8/site-packages/airflow/example_dags/example_external_task_marker_dag.py
[2023-12-20T06:14:22.818+0000] {logging_mixin.py:188} INFO - [2023-12-20T06:14:22.817+0000] {dag.py:3033} INFO - Sync 2 DAGs
[2023-12-20T06:14:23.001+0000] {logging_mixin.py:188} INFO - [2023-12-20T06:14:23.001+0000] {dag.py:3820} INFO - Setting next_dagrun for example_external_task_marker_child to None, run_after=None
[2023-12-20T06:14:23.035+0000] {logging_mixin.py:188} INFO - [2023-12-20T06:14:23.034+0000] {dag.py:3820} INFO - Setting next_dagrun for example_external_task_marker_parent to None, run_after=None
[2023-12-20T06:14:23.436+0000] {processor.py:183} INFO - Processing /home/airflow/.local/lib/python3.8/site-packages/airflow/example_dags/example_external_task_marker_dag.py took 1.277 seconds
[2023-12-20T06:14:55.002+0000] {processor.py:161} INFO - Started process (PID=822) to work on /home/airflow/.local/lib/python3.8/site-packages/airflow/example_dags/example_external_task_marker_dag.py
[2023-12-20T06:14:55.013+0000] {processor.py:830} INFO - Processing file /home/airflow/.local/lib/python3.8/site-packages/airflow/example_dags/example_external_task_marker_dag.py for tasks to queue
[2023-12-20T06:14:55.025+0000] {logging_mixin.py:188} INFO - [2023-12-20T06:14:55.025+0000] {dagbag.py:538} INFO - Filling up the DagBag from /home/airflow/.local/lib/python3.8/site-packages/airflow/example_dags/example_external_task_marker_dag.py
[2023-12-20T06:14:55.073+0000] {processor.py:840} INFO - DAG(s) 'example_external_task_marker_parent', 'example_external_task_marker_child' retrieved from /home/airflow/.local/lib/python3.8/site-packages/airflow/example_dags/example_external_task_marker_dag.py
[2023-12-20T06:14:55.271+0000] {logging_mixin.py:188} INFO - [2023-12-20T06:14:55.270+0000] {dag.py:3033} INFO - Sync 2 DAGs
[2023-12-20T06:14:55.506+0000] {logging_mixin.py:188} INFO - [2023-12-20T06:14:55.506+0000] {dag.py:3820} INFO - Setting next_dagrun for example_external_task_marker_child to None, run_after=None
[2023-12-20T06:14:55.550+0000] {logging_mixin.py:188} INFO - [2023-12-20T06:14:55.550+0000] {dag.py:3820} INFO - Setting next_dagrun for example_external_task_marker_parent to None, run_after=None
[2023-12-20T06:14:55.729+0000] {processor.py:183} INFO - Processing /home/airflow/.local/lib/python3.8/site-packages/airflow/example_dags/example_external_task_marker_dag.py took 0.766 seconds
[2023-12-20T06:15:27.562+0000] {processor.py:161} INFO - Started process (PID=877) to work on /home/airflow/.local/lib/python3.8/site-packages/airflow/example_dags/example_external_task_marker_dag.py
[2023-12-20T06:15:27.613+0000] {processor.py:830} INFO - Processing file /home/airflow/.local/lib/python3.8/site-packages/airflow/example_dags/example_external_task_marker_dag.py for tasks to queue
[2023-12-20T06:15:27.664+0000] {logging_mixin.py:188} INFO - [2023-12-20T06:15:27.639+0000] {dagbag.py:538} INFO - Filling up the DagBag from /home/airflow/.local/lib/python3.8/site-packages/airflow/example_dags/example_external_task_marker_dag.py
[2023-12-20T06:15:27.735+0000] {processor.py:840} INFO - DAG(s) 'example_external_task_marker_child', 'example_external_task_marker_parent' retrieved from /home/airflow/.local/lib/python3.8/site-packages/airflow/example_dags/example_external_task_marker_dag.py
[2023-12-20T06:15:27.934+0000] {logging_mixin.py:188} INFO - [2023-12-20T06:15:27.934+0000] {dag.py:3033} INFO - Sync 2 DAGs
[2023-12-20T06:15:28.038+0000] {logging_mixin.py:188} INFO - [2023-12-20T06:15:28.037+0000] {dag.py:3820} INFO - Setting next_dagrun for example_external_task_marker_child to None, run_after=None
[2023-12-20T06:15:28.068+0000] {logging_mixin.py:188} INFO - [2023-12-20T06:15:28.067+0000] {dag.py:3820} INFO - Setting next_dagrun for example_external_task_marker_parent to None, run_after=None
[2023-12-20T06:15:28.385+0000] {processor.py:183} INFO - Processing /home/airflow/.local/lib/python3.8/site-packages/airflow/example_dags/example_external_task_marker_dag.py took 0.889 seconds
[2023-12-20T06:15:59.339+0000] {processor.py:161} INFO - Started process (PID=932) to work on /home/airflow/.local/lib/python3.8/site-packages/airflow/example_dags/example_external_task_marker_dag.py
[2023-12-20T06:15:59.393+0000] {processor.py:830} INFO - Processing file /home/airflow/.local/lib/python3.8/site-packages/airflow/example_dags/example_external_task_marker_dag.py for tasks to queue
[2023-12-20T06:15:59.401+0000] {logging_mixin.py:188} INFO - [2023-12-20T06:15:59.400+0000] {dagbag.py:538} INFO - Filling up the DagBag from /home/airflow/.local/lib/python3.8/site-packages/airflow/example_dags/example_external_task_marker_dag.py
[2023-12-20T06:15:59.438+0000] {processor.py:840} INFO - DAG(s) 'example_external_task_marker_child', 'example_external_task_marker_parent' retrieved from /home/airflow/.local/lib/python3.8/site-packages/airflow/example_dags/example_external_task_marker_dag.py
[2023-12-20T06:15:59.658+0000] {logging_mixin.py:188} INFO - [2023-12-20T06:15:59.657+0000] {dag.py:3033} INFO - Sync 2 DAGs
[2023-12-20T06:15:59.858+0000] {logging_mixin.py:188} INFO - [2023-12-20T06:15:59.852+0000] {dag.py:3820} INFO - Setting next_dagrun for example_external_task_marker_child to None, run_after=None
[2023-12-20T06:15:59.895+0000] {logging_mixin.py:188} INFO - [2023-12-20T06:15:59.894+0000] {dag.py:3820} INFO - Setting next_dagrun for example_external_task_marker_parent to None, run_after=None
[2023-12-20T06:16:00.236+0000] {processor.py:183} INFO - Processing /home/airflow/.local/lib/python3.8/site-packages/airflow/example_dags/example_external_task_marker_dag.py took 0.918 seconds
[2023-12-20T06:16:30.981+0000] {processor.py:161} INFO - Started process (PID=987) to work on /home/airflow/.local/lib/python3.8/site-packages/airflow/example_dags/example_external_task_marker_dag.py
[2023-12-20T06:16:31.024+0000] {processor.py:830} INFO - Processing file /home/airflow/.local/lib/python3.8/site-packages/airflow/example_dags/example_external_task_marker_dag.py for tasks to queue
[2023-12-20T06:16:31.035+0000] {logging_mixin.py:188} INFO - [2023-12-20T06:16:31.032+0000] {dagbag.py:538} INFO - Filling up the DagBag from /home/airflow/.local/lib/python3.8/site-packages/airflow/example_dags/example_external_task_marker_dag.py
[2023-12-20T06:16:31.068+0000] {processor.py:840} INFO - DAG(s) 'example_external_task_marker_parent', 'example_external_task_marker_child' retrieved from /home/airflow/.local/lib/python3.8/site-packages/airflow/example_dags/example_external_task_marker_dag.py
[2023-12-20T06:16:31.170+0000] {logging_mixin.py:188} INFO - [2023-12-20T06:16:31.169+0000] {dag.py:3033} INFO - Sync 2 DAGs
[2023-12-20T06:16:31.208+0000] {logging_mixin.py:188} INFO - [2023-12-20T06:16:31.207+0000] {dag.py:3820} INFO - Setting next_dagrun for example_external_task_marker_child to None, run_after=None
[2023-12-20T06:16:31.218+0000] {logging_mixin.py:188} INFO - [2023-12-20T06:16:31.218+0000] {dag.py:3820} INFO - Setting next_dagrun for example_external_task_marker_parent to None, run_after=None
[2023-12-20T06:16:31.330+0000] {processor.py:183} INFO - Processing /home/airflow/.local/lib/python3.8/site-packages/airflow/example_dags/example_external_task_marker_dag.py took 0.355 seconds
[2023-12-20T06:17:01.521+0000] {processor.py:161} INFO - Started process (PID=1042) to work on /home/airflow/.local/lib/python3.8/site-packages/airflow/example_dags/example_external_task_marker_dag.py
[2023-12-20T06:17:01.529+0000] {processor.py:830} INFO - Processing file /home/airflow/.local/lib/python3.8/site-packages/airflow/example_dags/example_external_task_marker_dag.py for tasks to queue
[2023-12-20T06:17:01.547+0000] {logging_mixin.py:188} INFO - [2023-12-20T06:17:01.540+0000] {dagbag.py:538} INFO - Filling up the DagBag from /home/airflow/.local/lib/python3.8/site-packages/airflow/example_dags/example_external_task_marker_dag.py
[2023-12-20T06:17:01.604+0000] {processor.py:840} INFO - DAG(s) 'example_external_task_marker_parent', 'example_external_task_marker_child' retrieved from /home/airflow/.local/lib/python3.8/site-packages/airflow/example_dags/example_external_task_marker_dag.py
[2023-12-20T06:17:01.795+0000] {logging_mixin.py:188} INFO - [2023-12-20T06:17:01.795+0000] {dag.py:3033} INFO - Sync 2 DAGs
[2023-12-20T06:17:01.886+0000] {logging_mixin.py:188} INFO - [2023-12-20T06:17:01.885+0000] {dag.py:3820} INFO - Setting next_dagrun for example_external_task_marker_child to None, run_after=None
[2023-12-20T06:17:01.916+0000] {logging_mixin.py:188} INFO - [2023-12-20T06:17:01.916+0000] {dag.py:3820} INFO - Setting next_dagrun for example_external_task_marker_parent to None, run_after=None
[2023-12-20T06:17:02.067+0000] {processor.py:183} INFO - Processing /home/airflow/.local/lib/python3.8/site-packages/airflow/example_dags/example_external_task_marker_dag.py took 0.566 seconds
[2023-12-20T06:17:32.209+0000] {processor.py:161} INFO - Started process (PID=1095) to work on /home/airflow/.local/lib/python3.8/site-packages/airflow/example_dags/example_external_task_marker_dag.py
[2023-12-20T06:17:32.213+0000] {processor.py:830} INFO - Processing file /home/airflow/.local/lib/python3.8/site-packages/airflow/example_dags/example_external_task_marker_dag.py for tasks to queue
[2023-12-20T06:17:32.224+0000] {logging_mixin.py:188} INFO - [2023-12-20T06:17:32.220+0000] {dagbag.py:538} INFO - Filling up the DagBag from /home/airflow/.local/lib/python3.8/site-packages/airflow/example_dags/example_external_task_marker_dag.py
[2023-12-20T06:17:32.259+0000] {processor.py:840} INFO - DAG(s) 'example_external_task_marker_child', 'example_external_task_marker_parent' retrieved from /home/airflow/.local/lib/python3.8/site-packages/airflow/example_dags/example_external_task_marker_dag.py
[2023-12-20T06:17:32.392+0000] {logging_mixin.py:188} INFO - [2023-12-20T06:17:32.391+0000] {dag.py:3033} INFO - Sync 2 DAGs
[2023-12-20T06:17:32.479+0000] {logging_mixin.py:188} INFO - [2023-12-20T06:17:32.479+0000] {dag.py:3820} INFO - Setting next_dagrun for example_external_task_marker_child to None, run_after=None
[2023-12-20T06:17:32.505+0000] {logging_mixin.py:188} INFO - [2023-12-20T06:17:32.505+0000] {dag.py:3820} INFO - Setting next_dagrun for example_external_task_marker_parent to None, run_after=None
[2023-12-20T06:17:32.598+0000] {processor.py:183} INFO - Processing /home/airflow/.local/lib/python3.8/site-packages/airflow/example_dags/example_external_task_marker_dag.py took 0.411 seconds
[2023-12-20T06:18:07.311+0000] {processor.py:161} INFO - Started process (PID=1146) to work on /home/airflow/.local/lib/python3.8/site-packages/airflow/example_dags/example_external_task_marker_dag.py
[2023-12-20T06:18:07.319+0000] {processor.py:830} INFO - Processing file /home/airflow/.local/lib/python3.8/site-packages/airflow/example_dags/example_external_task_marker_dag.py for tasks to queue
[2023-12-20T06:18:07.336+0000] {logging_mixin.py:188} INFO - [2023-12-20T06:18:07.336+0000] {dagbag.py:538} INFO - Filling up the DagBag from /home/airflow/.local/lib/python3.8/site-packages/airflow/example_dags/example_external_task_marker_dag.py
[2023-12-20T06:18:07.390+0000] {processor.py:840} INFO - DAG(s) 'example_external_task_marker_child', 'example_external_task_marker_parent' retrieved from /home/airflow/.local/lib/python3.8/site-packages/airflow/example_dags/example_external_task_marker_dag.py
[2023-12-20T06:18:07.454+0000] {logging_mixin.py:188} INFO - [2023-12-20T06:18:07.453+0000] {dag.py:3033} INFO - Sync 2 DAGs
[2023-12-20T06:18:07.529+0000] {logging_mixin.py:188} INFO - [2023-12-20T06:18:07.524+0000] {dag.py:3820} INFO - Setting next_dagrun for example_external_task_marker_child to None, run_after=None
[2023-12-20T06:18:07.548+0000] {logging_mixin.py:188} INFO - [2023-12-20T06:18:07.548+0000] {dag.py:3820} INFO - Setting next_dagrun for example_external_task_marker_parent to None, run_after=None
[2023-12-20T06:18:07.684+0000] {processor.py:183} INFO - Processing /home/airflow/.local/lib/python3.8/site-packages/airflow/example_dags/example_external_task_marker_dag.py took 0.396 seconds
[2023-12-20T06:18:37.970+0000] {processor.py:161} INFO - Started process (PID=1200) to work on /home/airflow/.local/lib/python3.8/site-packages/airflow/example_dags/example_external_task_marker_dag.py
[2023-12-20T06:18:37.972+0000] {processor.py:830} INFO - Processing file /home/airflow/.local/lib/python3.8/site-packages/airflow/example_dags/example_external_task_marker_dag.py for tasks to queue
[2023-12-20T06:18:37.977+0000] {logging_mixin.py:188} INFO - [2023-12-20T06:18:37.976+0000] {dagbag.py:538} INFO - Filling up the DagBag from /home/airflow/.local/lib/python3.8/site-packages/airflow/example_dags/example_external_task_marker_dag.py
[2023-12-20T06:18:37.991+0000] {processor.py:840} INFO - DAG(s) 'example_external_task_marker_child', 'example_external_task_marker_parent' retrieved from /home/airflow/.local/lib/python3.8/site-packages/airflow/example_dags/example_external_task_marker_dag.py
[2023-12-20T06:18:38.059+0000] {logging_mixin.py:188} INFO - [2023-12-20T06:18:38.059+0000] {dag.py:3033} INFO - Sync 2 DAGs
[2023-12-20T06:18:38.097+0000] {logging_mixin.py:188} INFO - [2023-12-20T06:18:38.096+0000] {dag.py:3820} INFO - Setting next_dagrun for example_external_task_marker_child to None, run_after=None
[2023-12-20T06:18:38.107+0000] {logging_mixin.py:188} INFO - [2023-12-20T06:18:38.106+0000] {dag.py:3820} INFO - Setting next_dagrun for example_external_task_marker_parent to None, run_after=None
[2023-12-20T06:18:38.170+0000] {processor.py:183} INFO - Processing /home/airflow/.local/lib/python3.8/site-packages/airflow/example_dags/example_external_task_marker_dag.py took 0.207 seconds
[2023-12-20T06:19:08.309+0000] {processor.py:161} INFO - Started process (PID=1254) to work on /home/airflow/.local/lib/python3.8/site-packages/airflow/example_dags/example_external_task_marker_dag.py
[2023-12-20T06:19:08.361+0000] {processor.py:830} INFO - Processing file /home/airflow/.local/lib/python3.8/site-packages/airflow/example_dags/example_external_task_marker_dag.py for tasks to queue
[2023-12-20T06:19:08.365+0000] {logging_mixin.py:188} INFO - [2023-12-20T06:19:08.364+0000] {dagbag.py:538} INFO - Filling up the DagBag from /home/airflow/.local/lib/python3.8/site-packages/airflow/example_dags/example_external_task_marker_dag.py
[2023-12-20T06:19:08.378+0000] {processor.py:840} INFO - DAG(s) 'example_external_task_marker_parent', 'example_external_task_marker_child' retrieved from /home/airflow/.local/lib/python3.8/site-packages/airflow/example_dags/example_external_task_marker_dag.py
[2023-12-20T06:19:08.445+0000] {logging_mixin.py:188} INFO - [2023-12-20T06:19:08.445+0000] {dag.py:3033} INFO - Sync 2 DAGs
[2023-12-20T06:19:08.481+0000] {logging_mixin.py:188} INFO - [2023-12-20T06:19:08.481+0000] {dag.py:3820} INFO - Setting next_dagrun for example_external_task_marker_child to None, run_after=None
[2023-12-20T06:19:08.493+0000] {logging_mixin.py:188} INFO - [2023-12-20T06:19:08.492+0000] {dag.py:3820} INFO - Setting next_dagrun for example_external_task_marker_parent to None, run_after=None
[2023-12-20T06:19:08.576+0000] {processor.py:183} INFO - Processing /home/airflow/.local/lib/python3.8/site-packages/airflow/example_dags/example_external_task_marker_dag.py took 0.274 seconds
[2023-12-20T06:19:39.294+0000] {processor.py:161} INFO - Started process (PID=1310) to work on /home/airflow/.local/lib/python3.8/site-packages/airflow/example_dags/example_external_task_marker_dag.py
[2023-12-20T06:19:39.297+0000] {processor.py:830} INFO - Processing file /home/airflow/.local/lib/python3.8/site-packages/airflow/example_dags/example_external_task_marker_dag.py for tasks to queue
[2023-12-20T06:19:39.303+0000] {logging_mixin.py:188} INFO - [2023-12-20T06:19:39.302+0000] {dagbag.py:538} INFO - Filling up the DagBag from /home/airflow/.local/lib/python3.8/site-packages/airflow/example_dags/example_external_task_marker_dag.py
[2023-12-20T06:19:39.317+0000] {processor.py:840} INFO - DAG(s) 'example_external_task_marker_child', 'example_external_task_marker_parent' retrieved from /home/airflow/.local/lib/python3.8/site-packages/airflow/example_dags/example_external_task_marker_dag.py
[2023-12-20T06:19:39.393+0000] {logging_mixin.py:188} INFO - [2023-12-20T06:19:39.392+0000] {dag.py:3033} INFO - Sync 2 DAGs
[2023-12-20T06:19:39.431+0000] {logging_mixin.py:188} INFO - [2023-12-20T06:19:39.431+0000] {dag.py:3820} INFO - Setting next_dagrun for example_external_task_marker_child to None, run_after=None
[2023-12-20T06:19:39.460+0000] {logging_mixin.py:188} INFO - [2023-12-20T06:19:39.458+0000] {dag.py:3820} INFO - Setting next_dagrun for example_external_task_marker_parent to None, run_after=None
[2023-12-20T06:19:39.610+0000] {processor.py:183} INFO - Processing /home/airflow/.local/lib/python3.8/site-packages/airflow/example_dags/example_external_task_marker_dag.py took 0.366 seconds
[2023-12-20T06:20:10.453+0000] {processor.py:161} INFO - Started process (PID=1371) to work on /home/airflow/.local/lib/python3.8/site-packages/airflow/example_dags/example_external_task_marker_dag.py
[2023-12-20T06:20:10.485+0000] {processor.py:830} INFO - Processing file /home/airflow/.local/lib/python3.8/site-packages/airflow/example_dags/example_external_task_marker_dag.py for tasks to queue
[2023-12-20T06:20:10.490+0000] {logging_mixin.py:188} INFO - [2023-12-20T06:20:10.490+0000] {dagbag.py:538} INFO - Filling up the DagBag from /home/airflow/.local/lib/python3.8/site-packages/airflow/example_dags/example_external_task_marker_dag.py
[2023-12-20T06:20:10.503+0000] {processor.py:840} INFO - DAG(s) 'example_external_task_marker_parent', 'example_external_task_marker_child' retrieved from /home/airflow/.local/lib/python3.8/site-packages/airflow/example_dags/example_external_task_marker_dag.py
[2023-12-20T06:20:10.566+0000] {logging_mixin.py:188} INFO - [2023-12-20T06:20:10.565+0000] {dag.py:3033} INFO - Sync 2 DAGs
[2023-12-20T06:20:10.598+0000] {logging_mixin.py:188} INFO - [2023-12-20T06:20:10.597+0000] {dag.py:3820} INFO - Setting next_dagrun for example_external_task_marker_child to None, run_after=None
[2023-12-20T06:20:10.609+0000] {logging_mixin.py:188} INFO - [2023-12-20T06:20:10.609+0000] {dag.py:3820} INFO - Setting next_dagrun for example_external_task_marker_parent to None, run_after=None
[2023-12-20T06:20:10.687+0000] {processor.py:183} INFO - Processing /home/airflow/.local/lib/python3.8/site-packages/airflow/example_dags/example_external_task_marker_dag.py took 0.243 seconds
[2023-12-20T06:20:41.287+0000] {processor.py:161} INFO - Started process (PID=1425) to work on /home/airflow/.local/lib/python3.8/site-packages/airflow/example_dags/example_external_task_marker_dag.py
[2023-12-20T06:20:41.294+0000] {processor.py:830} INFO - Processing file /home/airflow/.local/lib/python3.8/site-packages/airflow/example_dags/example_external_task_marker_dag.py for tasks to queue
[2023-12-20T06:20:41.310+0000] {logging_mixin.py:188} INFO - [2023-12-20T06:20:41.309+0000] {dagbag.py:538} INFO - Filling up the DagBag from /home/airflow/.local/lib/python3.8/site-packages/airflow/example_dags/example_external_task_marker_dag.py
[2023-12-20T06:20:41.368+0000] {processor.py:840} INFO - DAG(s) 'example_external_task_marker_parent', 'example_external_task_marker_child' retrieved from /home/airflow/.local/lib/python3.8/site-packages/airflow/example_dags/example_external_task_marker_dag.py
[2023-12-20T06:20:41.592+0000] {logging_mixin.py:188} INFO - [2023-12-20T06:20:41.592+0000] {dag.py:3033} INFO - Sync 2 DAGs
[2023-12-20T06:20:41.697+0000] {logging_mixin.py:188} INFO - [2023-12-20T06:20:41.695+0000] {dag.py:3820} INFO - Setting next_dagrun for example_external_task_marker_child to None, run_after=None
[2023-12-20T06:20:41.707+0000] {logging_mixin.py:188} INFO - [2023-12-20T06:20:41.707+0000] {dag.py:3820} INFO - Setting next_dagrun for example_external_task_marker_parent to None, run_after=None
[2023-12-20T06:20:41.783+0000] {processor.py:183} INFO - Processing /home/airflow/.local/lib/python3.8/site-packages/airflow/example_dags/example_external_task_marker_dag.py took 0.516 seconds
[2023-12-20T06:21:12.011+0000] {processor.py:161} INFO - Started process (PID=1479) to work on /home/airflow/.local/lib/python3.8/site-packages/airflow/example_dags/example_external_task_marker_dag.py
[2023-12-20T06:21:12.013+0000] {processor.py:830} INFO - Processing file /home/airflow/.local/lib/python3.8/site-packages/airflow/example_dags/example_external_task_marker_dag.py for tasks to queue
[2023-12-20T06:21:12.018+0000] {logging_mixin.py:188} INFO - [2023-12-20T06:21:12.017+0000] {dagbag.py:538} INFO - Filling up the DagBag from /home/airflow/.local/lib/python3.8/site-packages/airflow/example_dags/example_external_task_marker_dag.py
[2023-12-20T06:21:12.033+0000] {processor.py:840} INFO - DAG(s) 'example_external_task_marker_parent', 'example_external_task_marker_child' retrieved from /home/airflow/.local/lib/python3.8/site-packages/airflow/example_dags/example_external_task_marker_dag.py
[2023-12-20T06:21:12.100+0000] {logging_mixin.py:188} INFO - [2023-12-20T06:21:12.099+0000] {dag.py:3033} INFO - Sync 2 DAGs
[2023-12-20T06:21:12.136+0000] {logging_mixin.py:188} INFO - [2023-12-20T06:21:12.135+0000] {dag.py:3820} INFO - Setting next_dagrun for example_external_task_marker_child to None, run_after=None
[2023-12-20T06:21:12.147+0000] {logging_mixin.py:188} INFO - [2023-12-20T06:21:12.147+0000] {dag.py:3820} INFO - Setting next_dagrun for example_external_task_marker_parent to None, run_after=None
[2023-12-20T06:21:12.224+0000] {processor.py:183} INFO - Processing /home/airflow/.local/lib/python3.8/site-packages/airflow/example_dags/example_external_task_marker_dag.py took 0.219 seconds
[2023-12-20T06:21:42.903+0000] {processor.py:161} INFO - Started process (PID=1533) to work on /home/airflow/.local/lib/python3.8/site-packages/airflow/example_dags/example_external_task_marker_dag.py
[2023-12-20T06:21:42.928+0000] {processor.py:830} INFO - Processing file /home/airflow/.local/lib/python3.8/site-packages/airflow/example_dags/example_external_task_marker_dag.py for tasks to queue
[2023-12-20T06:21:42.935+0000] {logging_mixin.py:188} INFO - [2023-12-20T06:21:42.934+0000] {dagbag.py:538} INFO - Filling up the DagBag from /home/airflow/.local/lib/python3.8/site-packages/airflow/example_dags/example_external_task_marker_dag.py
[2023-12-20T06:21:42.955+0000] {processor.py:840} INFO - DAG(s) 'example_external_task_marker_parent', 'example_external_task_marker_child' retrieved from /home/airflow/.local/lib/python3.8/site-packages/airflow/example_dags/example_external_task_marker_dag.py
[2023-12-20T06:21:43.071+0000] {logging_mixin.py:188} INFO - [2023-12-20T06:21:43.070+0000] {dag.py:3033} INFO - Sync 2 DAGs
[2023-12-20T06:21:43.143+0000] {logging_mixin.py:188} INFO - [2023-12-20T06:21:43.143+0000] {dag.py:3820} INFO - Setting next_dagrun for example_external_task_marker_child to None, run_after=None
[2023-12-20T06:21:43.167+0000] {logging_mixin.py:188} INFO - [2023-12-20T06:21:43.166+0000] {dag.py:3820} INFO - Setting next_dagrun for example_external_task_marker_parent to None, run_after=None
[2023-12-20T06:21:43.348+0000] {processor.py:183} INFO - Processing /home/airflow/.local/lib/python3.8/site-packages/airflow/example_dags/example_external_task_marker_dag.py took 0.452 seconds
[2023-12-20T06:22:14.263+0000] {processor.py:161} INFO - Started process (PID=1590) to work on /home/airflow/.local/lib/python3.8/site-packages/airflow/example_dags/example_external_task_marker_dag.py
[2023-12-20T06:22:14.265+0000] {processor.py:830} INFO - Processing file /home/airflow/.local/lib/python3.8/site-packages/airflow/example_dags/example_external_task_marker_dag.py for tasks to queue
[2023-12-20T06:22:14.269+0000] {logging_mixin.py:188} INFO - [2023-12-20T06:22:14.268+0000] {dagbag.py:538} INFO - Filling up the DagBag from /home/airflow/.local/lib/python3.8/site-packages/airflow/example_dags/example_external_task_marker_dag.py
[2023-12-20T06:22:14.288+0000] {processor.py:840} INFO - DAG(s) 'example_external_task_marker_parent', 'example_external_task_marker_child' retrieved from /home/airflow/.local/lib/python3.8/site-packages/airflow/example_dags/example_external_task_marker_dag.py
[2023-12-20T06:22:14.476+0000] {logging_mixin.py:188} INFO - [2023-12-20T06:22:14.475+0000] {dag.py:3033} INFO - Sync 2 DAGs
[2023-12-20T06:22:14.651+0000] {logging_mixin.py:188} INFO - [2023-12-20T06:22:14.650+0000] {dag.py:3820} INFO - Setting next_dagrun for example_external_task_marker_child to None, run_after=None
[2023-12-20T06:22:14.704+0000] {logging_mixin.py:188} INFO - [2023-12-20T06:22:14.704+0000] {dag.py:3820} INFO - Setting next_dagrun for example_external_task_marker_parent to None, run_after=None
[2023-12-20T06:22:15.013+0000] {processor.py:183} INFO - Processing /home/airflow/.local/lib/python3.8/site-packages/airflow/example_dags/example_external_task_marker_dag.py took 0.768 seconds
[2023-12-20T06:22:45.464+0000] {processor.py:161} INFO - Started process (PID=1645) to work on /home/airflow/.local/lib/python3.8/site-packages/airflow/example_dags/example_external_task_marker_dag.py
[2023-12-20T06:22:45.467+0000] {processor.py:830} INFO - Processing file /home/airflow/.local/lib/python3.8/site-packages/airflow/example_dags/example_external_task_marker_dag.py for tasks to queue
[2023-12-20T06:22:45.473+0000] {logging_mixin.py:188} INFO - [2023-12-20T06:22:45.469+0000] {dagbag.py:538} INFO - Filling up the DagBag from /home/airflow/.local/lib/python3.8/site-packages/airflow/example_dags/example_external_task_marker_dag.py
[2023-12-20T06:22:45.493+0000] {processor.py:840} INFO - DAG(s) 'example_external_task_marker_parent', 'example_external_task_marker_child' retrieved from /home/airflow/.local/lib/python3.8/site-packages/airflow/example_dags/example_external_task_marker_dag.py
[2023-12-20T06:22:45.562+0000] {logging_mixin.py:188} INFO - [2023-12-20T06:22:45.562+0000] {dag.py:3033} INFO - Sync 2 DAGs
[2023-12-20T06:22:45.632+0000] {logging_mixin.py:188} INFO - [2023-12-20T06:22:45.632+0000] {dag.py:3820} INFO - Setting next_dagrun for example_external_task_marker_child to None, run_after=None
[2023-12-20T06:22:45.674+0000] {logging_mixin.py:188} INFO - [2023-12-20T06:22:45.674+0000] {dag.py:3820} INFO - Setting next_dagrun for example_external_task_marker_parent to None, run_after=None
[2023-12-20T06:22:45.808+0000] {processor.py:183} INFO - Processing /home/airflow/.local/lib/python3.8/site-packages/airflow/example_dags/example_external_task_marker_dag.py took 0.352 seconds
[2023-12-20T06:23:16.476+0000] {processor.py:161} INFO - Started process (PID=1700) to work on /home/airflow/.local/lib/python3.8/site-packages/airflow/example_dags/example_external_task_marker_dag.py
[2023-12-20T06:23:16.481+0000] {processor.py:830} INFO - Processing file /home/airflow/.local/lib/python3.8/site-packages/airflow/example_dags/example_external_task_marker_dag.py for tasks to queue
[2023-12-20T06:23:16.483+0000] {logging_mixin.py:188} INFO - [2023-12-20T06:23:16.483+0000] {dagbag.py:538} INFO - Filling up the DagBag from /home/airflow/.local/lib/python3.8/site-packages/airflow/example_dags/example_external_task_marker_dag.py
[2023-12-20T06:23:16.497+0000] {processor.py:840} INFO - DAG(s) 'example_external_task_marker_parent', 'example_external_task_marker_child' retrieved from /home/airflow/.local/lib/python3.8/site-packages/airflow/example_dags/example_external_task_marker_dag.py
[2023-12-20T06:23:16.604+0000] {logging_mixin.py:188} INFO - [2023-12-20T06:23:16.603+0000] {dag.py:3033} INFO - Sync 2 DAGs
[2023-12-20T06:23:16.696+0000] {logging_mixin.py:188} INFO - [2023-12-20T06:23:16.695+0000] {dag.py:3820} INFO - Setting next_dagrun for example_external_task_marker_child to None, run_after=None
[2023-12-20T06:23:16.713+0000] {logging_mixin.py:188} INFO - [2023-12-20T06:23:16.712+0000] {dag.py:3820} INFO - Setting next_dagrun for example_external_task_marker_parent to None, run_after=None
[2023-12-20T06:23:16.835+0000] {processor.py:183} INFO - Processing /home/airflow/.local/lib/python3.8/site-packages/airflow/example_dags/example_external_task_marker_dag.py took 0.369 seconds
[2023-12-20T06:23:47.182+0000] {processor.py:161} INFO - Started process (PID=1755) to work on /home/airflow/.local/lib/python3.8/site-packages/airflow/example_dags/example_external_task_marker_dag.py
[2023-12-20T06:23:47.184+0000] {processor.py:830} INFO - Processing file /home/airflow/.local/lib/python3.8/site-packages/airflow/example_dags/example_external_task_marker_dag.py for tasks to queue
[2023-12-20T06:23:47.186+0000] {logging_mixin.py:188} INFO - [2023-12-20T06:23:47.186+0000] {dagbag.py:538} INFO - Filling up the DagBag from /home/airflow/.local/lib/python3.8/site-packages/airflow/example_dags/example_external_task_marker_dag.py
[2023-12-20T06:23:47.207+0000] {processor.py:840} INFO - DAG(s) 'example_external_task_marker_child', 'example_external_task_marker_parent' retrieved from /home/airflow/.local/lib/python3.8/site-packages/airflow/example_dags/example_external_task_marker_dag.py
[2023-12-20T06:23:47.294+0000] {logging_mixin.py:188} INFO - [2023-12-20T06:23:47.293+0000] {dag.py:3033} INFO - Sync 2 DAGs
[2023-12-20T06:23:47.333+0000] {logging_mixin.py:188} INFO - [2023-12-20T06:23:47.333+0000] {dag.py:3820} INFO - Setting next_dagrun for example_external_task_marker_child to None, run_after=None
[2023-12-20T06:23:47.343+0000] {logging_mixin.py:188} INFO - [2023-12-20T06:23:47.343+0000] {dag.py:3820} INFO - Setting next_dagrun for example_external_task_marker_parent to None, run_after=None
[2023-12-20T06:23:47.424+0000] {processor.py:183} INFO - Processing /home/airflow/.local/lib/python3.8/site-packages/airflow/example_dags/example_external_task_marker_dag.py took 0.248 seconds
[2023-12-20T06:24:18.525+0000] {processor.py:161} INFO - Started process (PID=1810) to work on /home/airflow/.local/lib/python3.8/site-packages/airflow/example_dags/example_external_task_marker_dag.py
[2023-12-20T06:24:18.560+0000] {processor.py:830} INFO - Processing file /home/airflow/.local/lib/python3.8/site-packages/airflow/example_dags/example_external_task_marker_dag.py for tasks to queue
[2023-12-20T06:24:18.563+0000] {logging_mixin.py:188} INFO - [2023-12-20T06:24:18.562+0000] {dagbag.py:538} INFO - Filling up the DagBag from /home/airflow/.local/lib/python3.8/site-packages/airflow/example_dags/example_external_task_marker_dag.py
[2023-12-20T06:24:18.606+0000] {processor.py:840} INFO - DAG(s) 'example_external_task_marker_parent', 'example_external_task_marker_child' retrieved from /home/airflow/.local/lib/python3.8/site-packages/airflow/example_dags/example_external_task_marker_dag.py
[2023-12-20T06:24:18.787+0000] {logging_mixin.py:188} INFO - [2023-12-20T06:24:18.787+0000] {dag.py:3033} INFO - Sync 2 DAGs
[2023-12-20T06:24:18.826+0000] {logging_mixin.py:188} INFO - [2023-12-20T06:24:18.826+0000] {dag.py:3820} INFO - Setting next_dagrun for example_external_task_marker_child to None, run_after=None
[2023-12-20T06:24:18.837+0000] {logging_mixin.py:188} INFO - [2023-12-20T06:24:18.836+0000] {dag.py:3820} INFO - Setting next_dagrun for example_external_task_marker_parent to None, run_after=None
[2023-12-20T06:24:18.889+0000] {processor.py:183} INFO - Processing /home/airflow/.local/lib/python3.8/site-packages/airflow/example_dags/example_external_task_marker_dag.py took 0.394 seconds
[2023-12-20T06:24:49.518+0000] {processor.py:161} INFO - Started process (PID=1863) to work on /home/airflow/.local/lib/python3.8/site-packages/airflow/example_dags/example_external_task_marker_dag.py
[2023-12-20T06:24:49.555+0000] {processor.py:830} INFO - Processing file /home/airflow/.local/lib/python3.8/site-packages/airflow/example_dags/example_external_task_marker_dag.py for tasks to queue
[2023-12-20T06:24:49.557+0000] {logging_mixin.py:188} INFO - [2023-12-20T06:24:49.556+0000] {dagbag.py:538} INFO - Filling up the DagBag from /home/airflow/.local/lib/python3.8/site-packages/airflow/example_dags/example_external_task_marker_dag.py
[2023-12-20T06:24:49.580+0000] {processor.py:840} INFO - DAG(s) 'example_external_task_marker_parent', 'example_external_task_marker_child' retrieved from /home/airflow/.local/lib/python3.8/site-packages/airflow/example_dags/example_external_task_marker_dag.py
[2023-12-20T06:24:49.665+0000] {logging_mixin.py:188} INFO - [2023-12-20T06:24:49.665+0000] {dag.py:3033} INFO - Sync 2 DAGs
[2023-12-20T06:24:49.699+0000] {logging_mixin.py:188} INFO - [2023-12-20T06:24:49.698+0000] {dag.py:3820} INFO - Setting next_dagrun for example_external_task_marker_child to None, run_after=None
[2023-12-20T06:24:49.709+0000] {logging_mixin.py:188} INFO - [2023-12-20T06:24:49.708+0000] {dag.py:3820} INFO - Setting next_dagrun for example_external_task_marker_parent to None, run_after=None
[2023-12-20T06:24:49.772+0000] {processor.py:183} INFO - Processing /home/airflow/.local/lib/python3.8/site-packages/airflow/example_dags/example_external_task_marker_dag.py took 0.263 seconds
[2023-12-20T06:25:19.827+0000] {processor.py:161} INFO - Started process (PID=1918) to work on /home/airflow/.local/lib/python3.8/site-packages/airflow/example_dags/example_external_task_marker_dag.py
[2023-12-20T06:25:19.829+0000] {processor.py:830} INFO - Processing file /home/airflow/.local/lib/python3.8/site-packages/airflow/example_dags/example_external_task_marker_dag.py for tasks to queue
[2023-12-20T06:25:19.832+0000] {logging_mixin.py:188} INFO - [2023-12-20T06:25:19.831+0000] {dagbag.py:538} INFO - Filling up the DagBag from /home/airflow/.local/lib/python3.8/site-packages/airflow/example_dags/example_external_task_marker_dag.py
[2023-12-20T06:25:19.847+0000] {processor.py:840} INFO - DAG(s) 'example_external_task_marker_child', 'example_external_task_marker_parent' retrieved from /home/airflow/.local/lib/python3.8/site-packages/airflow/example_dags/example_external_task_marker_dag.py
[2023-12-20T06:25:19.912+0000] {logging_mixin.py:188} INFO - [2023-12-20T06:25:19.912+0000] {dag.py:3033} INFO - Sync 2 DAGs
[2023-12-20T06:25:19.945+0000] {logging_mixin.py:188} INFO - [2023-12-20T06:25:19.945+0000] {dag.py:3820} INFO - Setting next_dagrun for example_external_task_marker_child to None, run_after=None
[2023-12-20T06:25:19.957+0000] {logging_mixin.py:188} INFO - [2023-12-20T06:25:19.956+0000] {dag.py:3820} INFO - Setting next_dagrun for example_external_task_marker_parent to None, run_after=None
[2023-12-20T06:25:20.002+0000] {processor.py:183} INFO - Processing /home/airflow/.local/lib/python3.8/site-packages/airflow/example_dags/example_external_task_marker_dag.py took 0.181 seconds
[2023-12-20T06:25:50.541+0000] {processor.py:161} INFO - Started process (PID=1973) to work on /home/airflow/.local/lib/python3.8/site-packages/airflow/example_dags/example_external_task_marker_dag.py
[2023-12-20T06:25:50.543+0000] {processor.py:830} INFO - Processing file /home/airflow/.local/lib/python3.8/site-packages/airflow/example_dags/example_external_task_marker_dag.py for tasks to queue
[2023-12-20T06:25:50.573+0000] {logging_mixin.py:188} INFO - [2023-12-20T06:25:50.544+0000] {dagbag.py:538} INFO - Filling up the DagBag from /home/airflow/.local/lib/python3.8/site-packages/airflow/example_dags/example_external_task_marker_dag.py
[2023-12-20T06:25:50.630+0000] {processor.py:840} INFO - DAG(s) 'example_external_task_marker_child', 'example_external_task_marker_parent' retrieved from /home/airflow/.local/lib/python3.8/site-packages/airflow/example_dags/example_external_task_marker_dag.py
[2023-12-20T06:25:50.904+0000] {logging_mixin.py:188} INFO - [2023-12-20T06:25:50.903+0000] {dag.py:3033} INFO - Sync 2 DAGs
[2023-12-20T06:25:50.986+0000] {logging_mixin.py:188} INFO - [2023-12-20T06:25:50.985+0000] {dag.py:3820} INFO - Setting next_dagrun for example_external_task_marker_child to None, run_after=None
[2023-12-20T06:25:51.006+0000] {logging_mixin.py:188} INFO - [2023-12-20T06:25:51.005+0000] {dag.py:3820} INFO - Setting next_dagrun for example_external_task_marker_parent to None, run_after=None
[2023-12-20T06:25:51.075+0000] {processor.py:183} INFO - Processing /home/airflow/.local/lib/python3.8/site-packages/airflow/example_dags/example_external_task_marker_dag.py took 0.559 seconds
[2023-12-20T06:26:22.016+0000] {processor.py:161} INFO - Started process (PID=2028) to work on /home/airflow/.local/lib/python3.8/site-packages/airflow/example_dags/example_external_task_marker_dag.py
[2023-12-20T06:26:22.060+0000] {processor.py:830} INFO - Processing file /home/airflow/.local/lib/python3.8/site-packages/airflow/example_dags/example_external_task_marker_dag.py for tasks to queue
[2023-12-20T06:26:22.062+0000] {logging_mixin.py:188} INFO - [2023-12-20T06:26:22.061+0000] {dagbag.py:538} INFO - Filling up the DagBag from /home/airflow/.local/lib/python3.8/site-packages/airflow/example_dags/example_external_task_marker_dag.py
[2023-12-20T06:26:22.098+0000] {processor.py:840} INFO - DAG(s) 'example_external_task_marker_child', 'example_external_task_marker_parent' retrieved from /home/airflow/.local/lib/python3.8/site-packages/airflow/example_dags/example_external_task_marker_dag.py
[2023-12-20T06:26:22.179+0000] {logging_mixin.py:188} INFO - [2023-12-20T06:26:22.178+0000] {dag.py:3033} INFO - Sync 2 DAGs
[2023-12-20T06:26:22.217+0000] {logging_mixin.py:188} INFO - [2023-12-20T06:26:22.217+0000] {dag.py:3820} INFO - Setting next_dagrun for example_external_task_marker_child to None, run_after=None
[2023-12-20T06:26:22.226+0000] {logging_mixin.py:188} INFO - [2023-12-20T06:26:22.226+0000] {dag.py:3820} INFO - Setting next_dagrun for example_external_task_marker_parent to None, run_after=None
[2023-12-20T06:26:22.340+0000] {processor.py:183} INFO - Processing /home/airflow/.local/lib/python3.8/site-packages/airflow/example_dags/example_external_task_marker_dag.py took 0.346 seconds
[2023-12-20T06:26:55.975+0000] {processor.py:161} INFO - Started process (PID=2085) to work on /home/airflow/.local/lib/python3.8/site-packages/airflow/example_dags/example_external_task_marker_dag.py
[2023-12-20T06:26:56.005+0000] {processor.py:830} INFO - Processing file /home/airflow/.local/lib/python3.8/site-packages/airflow/example_dags/example_external_task_marker_dag.py for tasks to queue
[2023-12-20T06:26:56.012+0000] {logging_mixin.py:188} INFO - [2023-12-20T06:26:56.011+0000] {dagbag.py:538} INFO - Filling up the DagBag from /home/airflow/.local/lib/python3.8/site-packages/airflow/example_dags/example_external_task_marker_dag.py
[2023-12-20T06:26:56.093+0000] {processor.py:840} INFO - DAG(s) 'example_external_task_marker_child', 'example_external_task_marker_parent' retrieved from /home/airflow/.local/lib/python3.8/site-packages/airflow/example_dags/example_external_task_marker_dag.py
[2023-12-20T06:26:56.451+0000] {logging_mixin.py:188} INFO - [2023-12-20T06:26:56.450+0000] {dag.py:3033} INFO - Sync 2 DAGs
[2023-12-20T06:26:56.520+0000] {logging_mixin.py:188} INFO - [2023-12-20T06:26:56.519+0000] {dag.py:3820} INFO - Setting next_dagrun for example_external_task_marker_child to None, run_after=None
[2023-12-20T06:26:56.558+0000] {logging_mixin.py:188} INFO - [2023-12-20T06:26:56.557+0000] {dag.py:3820} INFO - Setting next_dagrun for example_external_task_marker_parent to None, run_after=None
[2023-12-20T06:26:56.787+0000] {processor.py:183} INFO - Processing /home/airflow/.local/lib/python3.8/site-packages/airflow/example_dags/example_external_task_marker_dag.py took 0.834 seconds
[2023-12-20T06:27:27.492+0000] {processor.py:161} INFO - Started process (PID=2140) to work on /home/airflow/.local/lib/python3.8/site-packages/airflow/example_dags/example_external_task_marker_dag.py
[2023-12-20T06:27:27.495+0000] {processor.py:830} INFO - Processing file /home/airflow/.local/lib/python3.8/site-packages/airflow/example_dags/example_external_task_marker_dag.py for tasks to queue
[2023-12-20T06:27:27.498+0000] {logging_mixin.py:188} INFO - [2023-12-20T06:27:27.497+0000] {dagbag.py:538} INFO - Filling up the DagBag from /home/airflow/.local/lib/python3.8/site-packages/airflow/example_dags/example_external_task_marker_dag.py
[2023-12-20T06:27:27.516+0000] {processor.py:840} INFO - DAG(s) 'example_external_task_marker_child', 'example_external_task_marker_parent' retrieved from /home/airflow/.local/lib/python3.8/site-packages/airflow/example_dags/example_external_task_marker_dag.py
[2023-12-20T06:27:27.618+0000] {logging_mixin.py:188} INFO - [2023-12-20T06:27:27.618+0000] {dag.py:3033} INFO - Sync 2 DAGs
[2023-12-20T06:27:27.663+0000] {logging_mixin.py:188} INFO - [2023-12-20T06:27:27.662+0000] {dag.py:3820} INFO - Setting next_dagrun for example_external_task_marker_child to None, run_after=None
[2023-12-20T06:27:27.675+0000] {logging_mixin.py:188} INFO - [2023-12-20T06:27:27.674+0000] {dag.py:3820} INFO - Setting next_dagrun for example_external_task_marker_parent to None, run_after=None
[2023-12-20T06:27:27.743+0000] {processor.py:183} INFO - Processing /home/airflow/.local/lib/python3.8/site-packages/airflow/example_dags/example_external_task_marker_dag.py took 0.259 seconds
[2023-12-20T06:27:59.766+0000] {processor.py:161} INFO - Started process (PID=2196) to work on /home/airflow/.local/lib/python3.8/site-packages/airflow/example_dags/example_external_task_marker_dag.py
[2023-12-20T06:27:59.774+0000] {processor.py:830} INFO - Processing file /home/airflow/.local/lib/python3.8/site-packages/airflow/example_dags/example_external_task_marker_dag.py for tasks to queue
[2023-12-20T06:27:59.786+0000] {logging_mixin.py:188} INFO - [2023-12-20T06:27:59.785+0000] {dagbag.py:538} INFO - Filling up the DagBag from /home/airflow/.local/lib/python3.8/site-packages/airflow/example_dags/example_external_task_marker_dag.py
[2023-12-20T06:27:59.855+0000] {processor.py:840} INFO - DAG(s) 'example_external_task_marker_child', 'example_external_task_marker_parent' retrieved from /home/airflow/.local/lib/python3.8/site-packages/airflow/example_dags/example_external_task_marker_dag.py
[2023-12-20T06:28:00.042+0000] {logging_mixin.py:188} INFO - [2023-12-20T06:28:00.041+0000] {dag.py:3033} INFO - Sync 2 DAGs
[2023-12-20T06:28:00.184+0000] {logging_mixin.py:188} INFO - [2023-12-20T06:28:00.184+0000] {dag.py:3820} INFO - Setting next_dagrun for example_external_task_marker_child to None, run_after=None
[2023-12-20T06:28:00.224+0000] {logging_mixin.py:188} INFO - [2023-12-20T06:28:00.223+0000] {dag.py:3820} INFO - Setting next_dagrun for example_external_task_marker_parent to None, run_after=None
[2023-12-20T06:28:00.417+0000] {processor.py:183} INFO - Processing /home/airflow/.local/lib/python3.8/site-packages/airflow/example_dags/example_external_task_marker_dag.py took 0.691 seconds
[2023-12-20T06:28:30.683+0000] {processor.py:161} INFO - Started process (PID=2253) to work on /home/airflow/.local/lib/python3.8/site-packages/airflow/example_dags/example_external_task_marker_dag.py
[2023-12-20T06:28:30.732+0000] {processor.py:830} INFO - Processing file /home/airflow/.local/lib/python3.8/site-packages/airflow/example_dags/example_external_task_marker_dag.py for tasks to queue
[2023-12-20T06:28:30.734+0000] {logging_mixin.py:188} INFO - [2023-12-20T06:28:30.733+0000] {dagbag.py:538} INFO - Filling up the DagBag from /home/airflow/.local/lib/python3.8/site-packages/airflow/example_dags/example_external_task_marker_dag.py
[2023-12-20T06:28:30.747+0000] {processor.py:840} INFO - DAG(s) 'example_external_task_marker_child', 'example_external_task_marker_parent' retrieved from /home/airflow/.local/lib/python3.8/site-packages/airflow/example_dags/example_external_task_marker_dag.py
[2023-12-20T06:28:30.814+0000] {logging_mixin.py:188} INFO - [2023-12-20T06:28:30.814+0000] {dag.py:3033} INFO - Sync 2 DAGs
[2023-12-20T06:28:30.847+0000] {logging_mixin.py:188} INFO - [2023-12-20T06:28:30.847+0000] {dag.py:3820} INFO - Setting next_dagrun for example_external_task_marker_child to None, run_after=None
[2023-12-20T06:28:30.858+0000] {logging_mixin.py:188} INFO - [2023-12-20T06:28:30.858+0000] {dag.py:3820} INFO - Setting next_dagrun for example_external_task_marker_parent to None, run_after=None
[2023-12-20T06:28:30.948+0000] {processor.py:183} INFO - Processing /home/airflow/.local/lib/python3.8/site-packages/airflow/example_dags/example_external_task_marker_dag.py took 0.272 seconds
[2023-12-20T06:29:01.305+0000] {processor.py:161} INFO - Started process (PID=2309) to work on /home/airflow/.local/lib/python3.8/site-packages/airflow/example_dags/example_external_task_marker_dag.py
[2023-12-20T06:29:01.341+0000] {processor.py:830} INFO - Processing file /home/airflow/.local/lib/python3.8/site-packages/airflow/example_dags/example_external_task_marker_dag.py for tasks to queue
[2023-12-20T06:29:01.343+0000] {logging_mixin.py:188} INFO - [2023-12-20T06:29:01.342+0000] {dagbag.py:538} INFO - Filling up the DagBag from /home/airflow/.local/lib/python3.8/site-packages/airflow/example_dags/example_external_task_marker_dag.py
[2023-12-20T06:29:01.357+0000] {processor.py:840} INFO - DAG(s) 'example_external_task_marker_parent', 'example_external_task_marker_child' retrieved from /home/airflow/.local/lib/python3.8/site-packages/airflow/example_dags/example_external_task_marker_dag.py
[2023-12-20T06:29:01.415+0000] {logging_mixin.py:188} INFO - [2023-12-20T06:29:01.415+0000] {dag.py:3033} INFO - Sync 2 DAGs
[2023-12-20T06:29:01.451+0000] {logging_mixin.py:188} INFO - [2023-12-20T06:29:01.450+0000] {dag.py:3820} INFO - Setting next_dagrun for example_external_task_marker_child to None, run_after=None
[2023-12-20T06:29:01.464+0000] {logging_mixin.py:188} INFO - [2023-12-20T06:29:01.463+0000] {dag.py:3820} INFO - Setting next_dagrun for example_external_task_marker_parent to None, run_after=None
[2023-12-20T06:29:01.780+0000] {processor.py:183} INFO - Processing /home/airflow/.local/lib/python3.8/site-packages/airflow/example_dags/example_external_task_marker_dag.py took 0.483 seconds
[2023-12-20T06:29:32.710+0000] {processor.py:161} INFO - Started process (PID=2363) to work on /home/airflow/.local/lib/python3.8/site-packages/airflow/example_dags/example_external_task_marker_dag.py
[2023-12-20T06:29:32.712+0000] {processor.py:830} INFO - Processing file /home/airflow/.local/lib/python3.8/site-packages/airflow/example_dags/example_external_task_marker_dag.py for tasks to queue
[2023-12-20T06:29:32.726+0000] {logging_mixin.py:188} INFO - [2023-12-20T06:29:32.725+0000] {dagbag.py:538} INFO - Filling up the DagBag from /home/airflow/.local/lib/python3.8/site-packages/airflow/example_dags/example_external_task_marker_dag.py
[2023-12-20T06:29:32.771+0000] {processor.py:840} INFO - DAG(s) 'example_external_task_marker_parent', 'example_external_task_marker_child' retrieved from /home/airflow/.local/lib/python3.8/site-packages/airflow/example_dags/example_external_task_marker_dag.py
[2023-12-20T06:29:32.936+0000] {logging_mixin.py:188} INFO - [2023-12-20T06:29:32.935+0000] {dag.py:3033} INFO - Sync 2 DAGs
[2023-12-20T06:29:33.028+0000] {logging_mixin.py:188} INFO - [2023-12-20T06:29:33.028+0000] {dag.py:3820} INFO - Setting next_dagrun for example_external_task_marker_child to None, run_after=None
[2023-12-20T06:29:33.058+0000] {logging_mixin.py:188} INFO - [2023-12-20T06:29:33.057+0000] {dag.py:3820} INFO - Setting next_dagrun for example_external_task_marker_parent to None, run_after=None
[2023-12-20T06:29:33.178+0000] {processor.py:183} INFO - Processing /home/airflow/.local/lib/python3.8/site-packages/airflow/example_dags/example_external_task_marker_dag.py took 0.489 seconds
[2023-12-20T06:30:04.383+0000] {processor.py:161} INFO - Started process (PID=2420) to work on /home/airflow/.local/lib/python3.8/site-packages/airflow/example_dags/example_external_task_marker_dag.py
[2023-12-20T06:30:04.397+0000] {processor.py:830} INFO - Processing file /home/airflow/.local/lib/python3.8/site-packages/airflow/example_dags/example_external_task_marker_dag.py for tasks to queue
[2023-12-20T06:30:04.400+0000] {logging_mixin.py:188} INFO - [2023-12-20T06:30:04.399+0000] {dagbag.py:538} INFO - Filling up the DagBag from /home/airflow/.local/lib/python3.8/site-packages/airflow/example_dags/example_external_task_marker_dag.py
[2023-12-20T06:30:04.443+0000] {processor.py:840} INFO - DAG(s) 'example_external_task_marker_parent', 'example_external_task_marker_child' retrieved from /home/airflow/.local/lib/python3.8/site-packages/airflow/example_dags/example_external_task_marker_dag.py
[2023-12-20T06:30:04.513+0000] {logging_mixin.py:188} INFO - [2023-12-20T06:30:04.513+0000] {dag.py:3033} INFO - Sync 2 DAGs
[2023-12-20T06:30:04.566+0000] {logging_mixin.py:188} INFO - [2023-12-20T06:30:04.566+0000] {dag.py:3820} INFO - Setting next_dagrun for example_external_task_marker_child to None, run_after=None
[2023-12-20T06:30:04.581+0000] {logging_mixin.py:188} INFO - [2023-12-20T06:30:04.580+0000] {dag.py:3820} INFO - Setting next_dagrun for example_external_task_marker_parent to None, run_after=None
[2023-12-20T06:30:04.709+0000] {processor.py:183} INFO - Processing /home/airflow/.local/lib/python3.8/site-packages/airflow/example_dags/example_external_task_marker_dag.py took 0.350 seconds
[2023-12-20T06:30:39.382+0000] {processor.py:161} INFO - Started process (PID=2477) to work on /home/airflow/.local/lib/python3.8/site-packages/airflow/example_dags/example_external_task_marker_dag.py
[2023-12-20T06:30:39.389+0000] {processor.py:830} INFO - Processing file /home/airflow/.local/lib/python3.8/site-packages/airflow/example_dags/example_external_task_marker_dag.py for tasks to queue
[2023-12-20T06:30:39.392+0000] {logging_mixin.py:188} INFO - [2023-12-20T06:30:39.391+0000] {dagbag.py:538} INFO - Filling up the DagBag from /home/airflow/.local/lib/python3.8/site-packages/airflow/example_dags/example_external_task_marker_dag.py
[2023-12-20T06:30:39.433+0000] {processor.py:840} INFO - DAG(s) 'example_external_task_marker_parent', 'example_external_task_marker_child' retrieved from /home/airflow/.local/lib/python3.8/site-packages/airflow/example_dags/example_external_task_marker_dag.py
[2023-12-20T06:30:39.502+0000] {logging_mixin.py:188} INFO - [2023-12-20T06:30:39.502+0000] {dag.py:3033} INFO - Sync 2 DAGs
[2023-12-20T06:30:39.978+0000] {logging_mixin.py:188} INFO - [2023-12-20T06:30:39.978+0000] {dag.py:3820} INFO - Setting next_dagrun for example_external_task_marker_child to None, run_after=None
[2023-12-20T06:30:39.991+0000] {logging_mixin.py:188} INFO - [2023-12-20T06:30:39.991+0000] {dag.py:3820} INFO - Setting next_dagrun for example_external_task_marker_parent to None, run_after=None
[2023-12-20T06:30:40.054+0000] {processor.py:183} INFO - Processing /home/airflow/.local/lib/python3.8/site-packages/airflow/example_dags/example_external_task_marker_dag.py took 0.689 seconds
[2023-12-20T06:31:18.661+0000] {processor.py:161} INFO - Started process (PID=2533) to work on /home/airflow/.local/lib/python3.8/site-packages/airflow/example_dags/example_external_task_marker_dag.py
[2023-12-20T06:31:18.663+0000] {processor.py:830} INFO - Processing file /home/airflow/.local/lib/python3.8/site-packages/airflow/example_dags/example_external_task_marker_dag.py for tasks to queue
[2023-12-20T06:31:18.674+0000] {logging_mixin.py:188} INFO - [2023-12-20T06:31:18.668+0000] {dagbag.py:538} INFO - Filling up the DagBag from /home/airflow/.local/lib/python3.8/site-packages/airflow/example_dags/example_external_task_marker_dag.py
[2023-12-20T06:31:18.760+0000] {processor.py:840} INFO - DAG(s) 'example_external_task_marker_child', 'example_external_task_marker_parent' retrieved from /home/airflow/.local/lib/python3.8/site-packages/airflow/example_dags/example_external_task_marker_dag.py
[2023-12-20T06:31:19.016+0000] {logging_mixin.py:188} INFO - [2023-12-20T06:31:19.006+0000] {dag.py:3033} INFO - Sync 2 DAGs
[2023-12-20T06:31:19.249+0000] {logging_mixin.py:188} INFO - [2023-12-20T06:31:19.248+0000] {dag.py:3820} INFO - Setting next_dagrun for example_external_task_marker_child to None, run_after=None
[2023-12-20T06:31:19.347+0000] {logging_mixin.py:188} INFO - [2023-12-20T06:31:19.343+0000] {dag.py:3820} INFO - Setting next_dagrun for example_external_task_marker_parent to None, run_after=None
[2023-12-20T06:31:20.899+0000] {processor.py:183} INFO - Processing /home/airflow/.local/lib/python3.8/site-packages/airflow/example_dags/example_external_task_marker_dag.py took 2.273 seconds
[2023-12-20T06:31:51.414+0000] {processor.py:161} INFO - Started process (PID=2598) to work on /home/airflow/.local/lib/python3.8/site-packages/airflow/example_dags/example_external_task_marker_dag.py
[2023-12-20T06:31:51.449+0000] {processor.py:830} INFO - Processing file /home/airflow/.local/lib/python3.8/site-packages/airflow/example_dags/example_external_task_marker_dag.py for tasks to queue
[2023-12-20T06:31:51.451+0000] {logging_mixin.py:188} INFO - [2023-12-20T06:31:51.451+0000] {dagbag.py:538} INFO - Filling up the DagBag from /home/airflow/.local/lib/python3.8/site-packages/airflow/example_dags/example_external_task_marker_dag.py
[2023-12-20T06:31:51.466+0000] {processor.py:840} INFO - DAG(s) 'example_external_task_marker_child', 'example_external_task_marker_parent' retrieved from /home/airflow/.local/lib/python3.8/site-packages/airflow/example_dags/example_external_task_marker_dag.py
[2023-12-20T06:31:51.522+0000] {logging_mixin.py:188} INFO - [2023-12-20T06:31:51.521+0000] {dag.py:3033} INFO - Sync 2 DAGs
[2023-12-20T06:31:51.559+0000] {logging_mixin.py:188} INFO - [2023-12-20T06:31:51.559+0000] {dag.py:3820} INFO - Setting next_dagrun for example_external_task_marker_child to None, run_after=None
[2023-12-20T06:31:51.570+0000] {logging_mixin.py:188} INFO - [2023-12-20T06:31:51.570+0000] {dag.py:3820} INFO - Setting next_dagrun for example_external_task_marker_parent to None, run_after=None
[2023-12-20T06:31:51.654+0000] {processor.py:183} INFO - Processing /home/airflow/.local/lib/python3.8/site-packages/airflow/example_dags/example_external_task_marker_dag.py took 0.247 seconds
[2023-12-20T06:32:21.871+0000] {processor.py:161} INFO - Started process (PID=2657) to work on /home/airflow/.local/lib/python3.8/site-packages/airflow/example_dags/example_external_task_marker_dag.py
[2023-12-20T06:32:21.872+0000] {processor.py:830} INFO - Processing file /home/airflow/.local/lib/python3.8/site-packages/airflow/example_dags/example_external_task_marker_dag.py for tasks to queue
[2023-12-20T06:32:21.874+0000] {logging_mixin.py:188} INFO - [2023-12-20T06:32:21.874+0000] {dagbag.py:538} INFO - Filling up the DagBag from /home/airflow/.local/lib/python3.8/site-packages/airflow/example_dags/example_external_task_marker_dag.py
[2023-12-20T06:32:21.887+0000] {processor.py:840} INFO - DAG(s) 'example_external_task_marker_parent', 'example_external_task_marker_child' retrieved from /home/airflow/.local/lib/python3.8/site-packages/airflow/example_dags/example_external_task_marker_dag.py
[2023-12-20T06:32:21.959+0000] {logging_mixin.py:188} INFO - [2023-12-20T06:32:21.958+0000] {dag.py:3033} INFO - Sync 2 DAGs
[2023-12-20T06:32:22.009+0000] {logging_mixin.py:188} INFO - [2023-12-20T06:32:22.008+0000] {dag.py:3820} INFO - Setting next_dagrun for example_external_task_marker_child to None, run_after=None
[2023-12-20T06:32:22.019+0000] {logging_mixin.py:188} INFO - [2023-12-20T06:32:22.018+0000] {dag.py:3820} INFO - Setting next_dagrun for example_external_task_marker_parent to None, run_after=None
[2023-12-20T06:32:22.068+0000] {processor.py:183} INFO - Processing /home/airflow/.local/lib/python3.8/site-packages/airflow/example_dags/example_external_task_marker_dag.py took 0.203 seconds
[2023-12-20T06:32:54.160+0000] {processor.py:161} INFO - Started process (PID=2716) to work on /home/airflow/.local/lib/python3.8/site-packages/airflow/example_dags/example_external_task_marker_dag.py
[2023-12-20T06:32:54.168+0000] {processor.py:830} INFO - Processing file /home/airflow/.local/lib/python3.8/site-packages/airflow/example_dags/example_external_task_marker_dag.py for tasks to queue
[2023-12-20T06:32:54.183+0000] {logging_mixin.py:188} INFO - [2023-12-20T06:32:54.170+0000] {dagbag.py:538} INFO - Filling up the DagBag from /home/airflow/.local/lib/python3.8/site-packages/airflow/example_dags/example_external_task_marker_dag.py
[2023-12-20T06:32:54.211+0000] {processor.py:840} INFO - DAG(s) 'example_external_task_marker_child', 'example_external_task_marker_parent' retrieved from /home/airflow/.local/lib/python3.8/site-packages/airflow/example_dags/example_external_task_marker_dag.py
[2023-12-20T06:32:54.414+0000] {logging_mixin.py:188} INFO - [2023-12-20T06:32:54.413+0000] {dag.py:3033} INFO - Sync 2 DAGs
[2023-12-20T06:32:54.474+0000] {logging_mixin.py:188} INFO - [2023-12-20T06:32:54.473+0000] {dag.py:3820} INFO - Setting next_dagrun for example_external_task_marker_child to None, run_after=None
[2023-12-20T06:32:54.497+0000] {logging_mixin.py:188} INFO - [2023-12-20T06:32:54.483+0000] {dag.py:3820} INFO - Setting next_dagrun for example_external_task_marker_parent to None, run_after=None
[2023-12-20T06:32:54.608+0000] {processor.py:183} INFO - Processing /home/airflow/.local/lib/python3.8/site-packages/airflow/example_dags/example_external_task_marker_dag.py took 0.458 seconds
[2023-12-20T06:33:41.792+0000] {processor.py:161} INFO - Started process (PID=2782) to work on /home/airflow/.local/lib/python3.8/site-packages/airflow/example_dags/example_external_task_marker_dag.py
[2023-12-20T06:33:41.813+0000] {processor.py:830} INFO - Processing file /home/airflow/.local/lib/python3.8/site-packages/airflow/example_dags/example_external_task_marker_dag.py for tasks to queue
[2023-12-20T06:33:41.838+0000] {logging_mixin.py:188} INFO - [2023-12-20T06:33:41.815+0000] {dagbag.py:538} INFO - Filling up the DagBag from /home/airflow/.local/lib/python3.8/site-packages/airflow/example_dags/example_external_task_marker_dag.py
[2023-12-20T06:33:41.999+0000] {processor.py:840} INFO - DAG(s) 'example_external_task_marker_parent', 'example_external_task_marker_child' retrieved from /home/airflow/.local/lib/python3.8/site-packages/airflow/example_dags/example_external_task_marker_dag.py
[2023-12-20T06:33:42.524+0000] {logging_mixin.py:188} INFO - [2023-12-20T06:33:42.524+0000] {dag.py:3033} INFO - Sync 2 DAGs
[2023-12-20T06:33:42.747+0000] {logging_mixin.py:188} INFO - [2023-12-20T06:33:42.746+0000] {dag.py:3820} INFO - Setting next_dagrun for example_external_task_marker_child to None, run_after=None
[2023-12-20T06:33:42.854+0000] {logging_mixin.py:188} INFO - [2023-12-20T06:33:42.843+0000] {dag.py:3820} INFO - Setting next_dagrun for example_external_task_marker_parent to None, run_after=None
[2023-12-20T06:33:43.198+0000] {processor.py:183} INFO - Processing /home/airflow/.local/lib/python3.8/site-packages/airflow/example_dags/example_external_task_marker_dag.py took 1.516 seconds
