[2023-12-20T05:41:13.065+0000] {processor.py:161} INFO - Started process (PID=71) to work on /home/airflow/.local/lib/python3.8/site-packages/airflow/example_dags/example_short_circuit_operator.py
[2023-12-20T05:41:13.113+0000] {processor.py:830} INFO - Processing file /home/airflow/.local/lib/python3.8/site-packages/airflow/example_dags/example_short_circuit_operator.py for tasks to queue
[2023-12-20T05:41:13.170+0000] {logging_mixin.py:188} INFO - [2023-12-20T05:41:13.146+0000] {dagbag.py:538} INFO - Filling up the DagBag from /home/airflow/.local/lib/python3.8/site-packages/airflow/example_dags/example_short_circuit_operator.py
[2023-12-20T05:41:13.449+0000] {processor.py:840} INFO - DAG(s) 'example_short_circuit_operator' retrieved from /home/airflow/.local/lib/python3.8/site-packages/airflow/example_dags/example_short_circuit_operator.py
[2023-12-20T05:41:14.749+0000] {logging_mixin.py:188} INFO - [2023-12-20T05:41:14.748+0000] {dag.py:3033} INFO - Sync 1 DAGs
[2023-12-20T05:41:15.120+0000] {logging_mixin.py:188} INFO - [2023-12-20T05:41:15.120+0000] {dag.py:3820} INFO - Setting next_dagrun for example_short_circuit_operator to 2023-12-19T00:00:00+00:00, run_after=2023-12-20T00:00:00+00:00
[2023-12-20T05:41:15.492+0000] {processor.py:183} INFO - Processing /home/airflow/.local/lib/python3.8/site-packages/airflow/example_dags/example_short_circuit_operator.py took 2.509 seconds
[2023-12-20T05:42:24.713+0000] {processor.py:161} INFO - Started process (PID=132) to work on /home/airflow/.local/lib/python3.8/site-packages/airflow/example_dags/example_short_circuit_operator.py
[2023-12-20T05:42:24.720+0000] {processor.py:830} INFO - Processing file /home/airflow/.local/lib/python3.8/site-packages/airflow/example_dags/example_short_circuit_operator.py for tasks to queue
[2023-12-20T05:42:24.733+0000] {logging_mixin.py:188} INFO - [2023-12-20T05:42:24.732+0000] {dagbag.py:538} INFO - Filling up the DagBag from /home/airflow/.local/lib/python3.8/site-packages/airflow/example_dags/example_short_circuit_operator.py
[2023-12-20T05:42:24.819+0000] {processor.py:840} INFO - DAG(s) 'example_short_circuit_operator' retrieved from /home/airflow/.local/lib/python3.8/site-packages/airflow/example_dags/example_short_circuit_operator.py
[2023-12-20T05:42:25.564+0000] {logging_mixin.py:188} INFO - [2023-12-20T05:42:25.563+0000] {dag.py:3033} INFO - Sync 1 DAGs
[2023-12-20T05:42:26.027+0000] {logging_mixin.py:188} INFO - [2023-12-20T05:42:26.027+0000] {dag.py:3820} INFO - Setting next_dagrun for example_short_circuit_operator to 2023-12-19T00:00:00+00:00, run_after=2023-12-20T00:00:00+00:00
[2023-12-20T05:42:26.249+0000] {processor.py:183} INFO - Processing /home/airflow/.local/lib/python3.8/site-packages/airflow/example_dags/example_short_circuit_operator.py took 1.550 seconds
[2023-12-20T06:06:54.502+0000] {processor.py:161} INFO - Started process (PID=57) to work on /home/airflow/.local/lib/python3.8/site-packages/airflow/example_dags/example_short_circuit_operator.py
[2023-12-20T06:06:54.507+0000] {processor.py:830} INFO - Processing file /home/airflow/.local/lib/python3.8/site-packages/airflow/example_dags/example_short_circuit_operator.py for tasks to queue
[2023-12-20T06:06:54.516+0000] {logging_mixin.py:188} INFO - [2023-12-20T06:06:54.515+0000] {dagbag.py:538} INFO - Filling up the DagBag from /home/airflow/.local/lib/python3.8/site-packages/airflow/example_dags/example_short_circuit_operator.py
[2023-12-20T06:06:54.585+0000] {processor.py:840} INFO - DAG(s) 'example_short_circuit_operator' retrieved from /home/airflow/.local/lib/python3.8/site-packages/airflow/example_dags/example_short_circuit_operator.py
[2023-12-20T06:06:54.779+0000] {logging_mixin.py:188} INFO - [2023-12-20T06:06:54.779+0000] {dag.py:3033} INFO - Sync 1 DAGs
[2023-12-20T06:06:55.127+0000] {logging_mixin.py:188} INFO - [2023-12-20T06:06:55.126+0000] {dag.py:3820} INFO - Setting next_dagrun for example_short_circuit_operator to 2023-12-19T00:00:00+00:00, run_after=2023-12-20T00:00:00+00:00
[2023-12-20T06:06:55.386+0000] {processor.py:183} INFO - Processing /home/airflow/.local/lib/python3.8/site-packages/airflow/example_dags/example_short_circuit_operator.py took 0.896 seconds
[2023-12-20T06:07:26.808+0000] {processor.py:161} INFO - Started process (PID=112) to work on /home/airflow/.local/lib/python3.8/site-packages/airflow/example_dags/example_short_circuit_operator.py
[2023-12-20T06:07:26.820+0000] {processor.py:830} INFO - Processing file /home/airflow/.local/lib/python3.8/site-packages/airflow/example_dags/example_short_circuit_operator.py for tasks to queue
[2023-12-20T06:07:26.831+0000] {logging_mixin.py:188} INFO - [2023-12-20T06:07:26.830+0000] {dagbag.py:538} INFO - Filling up the DagBag from /home/airflow/.local/lib/python3.8/site-packages/airflow/example_dags/example_short_circuit_operator.py
[2023-12-20T06:07:26.964+0000] {processor.py:840} INFO - DAG(s) 'example_short_circuit_operator' retrieved from /home/airflow/.local/lib/python3.8/site-packages/airflow/example_dags/example_short_circuit_operator.py
[2023-12-20T06:07:27.227+0000] {logging_mixin.py:188} INFO - [2023-12-20T06:07:27.227+0000] {dag.py:3033} INFO - Sync 1 DAGs
[2023-12-20T06:07:27.413+0000] {logging_mixin.py:188} INFO - [2023-12-20T06:07:27.412+0000] {dag.py:3820} INFO - Setting next_dagrun for example_short_circuit_operator to 2023-12-19T00:00:00+00:00, run_after=2023-12-20T00:00:00+00:00
[2023-12-20T06:07:27.590+0000] {processor.py:183} INFO - Processing /home/airflow/.local/lib/python3.8/site-packages/airflow/example_dags/example_short_circuit_operator.py took 0.818 seconds
[2023-12-20T06:07:58.842+0000] {processor.py:161} INFO - Started process (PID=167) to work on /home/airflow/.local/lib/python3.8/site-packages/airflow/example_dags/example_short_circuit_operator.py
[2023-12-20T06:07:58.864+0000] {processor.py:830} INFO - Processing file /home/airflow/.local/lib/python3.8/site-packages/airflow/example_dags/example_short_circuit_operator.py for tasks to queue
[2023-12-20T06:07:58.877+0000] {logging_mixin.py:188} INFO - [2023-12-20T06:07:58.868+0000] {dagbag.py:538} INFO - Filling up the DagBag from /home/airflow/.local/lib/python3.8/site-packages/airflow/example_dags/example_short_circuit_operator.py
[2023-12-20T06:07:58.954+0000] {processor.py:840} INFO - DAG(s) 'example_short_circuit_operator' retrieved from /home/airflow/.local/lib/python3.8/site-packages/airflow/example_dags/example_short_circuit_operator.py
[2023-12-20T06:07:59.090+0000] {logging_mixin.py:188} INFO - [2023-12-20T06:07:59.089+0000] {dag.py:3033} INFO - Sync 1 DAGs
[2023-12-20T06:07:59.255+0000] {logging_mixin.py:188} INFO - [2023-12-20T06:07:59.254+0000] {dag.py:3820} INFO - Setting next_dagrun for example_short_circuit_operator to 2023-12-19T00:00:00+00:00, run_after=2023-12-20T00:00:00+00:00
[2023-12-20T06:07:59.411+0000] {processor.py:183} INFO - Processing /home/airflow/.local/lib/python3.8/site-packages/airflow/example_dags/example_short_circuit_operator.py took 0.587 seconds
[2023-12-20T06:08:30.531+0000] {processor.py:161} INFO - Started process (PID=221) to work on /home/airflow/.local/lib/python3.8/site-packages/airflow/example_dags/example_short_circuit_operator.py
[2023-12-20T06:08:30.545+0000] {processor.py:830} INFO - Processing file /home/airflow/.local/lib/python3.8/site-packages/airflow/example_dags/example_short_circuit_operator.py for tasks to queue
[2023-12-20T06:08:30.565+0000] {logging_mixin.py:188} INFO - [2023-12-20T06:08:30.565+0000] {dagbag.py:538} INFO - Filling up the DagBag from /home/airflow/.local/lib/python3.8/site-packages/airflow/example_dags/example_short_circuit_operator.py
[2023-12-20T06:08:30.658+0000] {processor.py:840} INFO - DAG(s) 'example_short_circuit_operator' retrieved from /home/airflow/.local/lib/python3.8/site-packages/airflow/example_dags/example_short_circuit_operator.py
[2023-12-20T06:08:30.985+0000] {logging_mixin.py:188} INFO - [2023-12-20T06:08:30.984+0000] {dag.py:3033} INFO - Sync 1 DAGs
[2023-12-20T06:08:31.294+0000] {logging_mixin.py:188} INFO - [2023-12-20T06:08:31.293+0000] {dag.py:3820} INFO - Setting next_dagrun for example_short_circuit_operator to 2023-12-19T00:00:00+00:00, run_after=2023-12-20T00:00:00+00:00
[2023-12-20T06:08:31.434+0000] {processor.py:183} INFO - Processing /home/airflow/.local/lib/python3.8/site-packages/airflow/example_dags/example_short_circuit_operator.py took 0.939 seconds
[2023-12-20T06:09:12.762+0000] {processor.py:161} INFO - Started process (PID=275) to work on /home/airflow/.local/lib/python3.8/site-packages/airflow/example_dags/example_short_circuit_operator.py
[2023-12-20T06:09:12.789+0000] {processor.py:830} INFO - Processing file /home/airflow/.local/lib/python3.8/site-packages/airflow/example_dags/example_short_circuit_operator.py for tasks to queue
[2023-12-20T06:09:12.798+0000] {logging_mixin.py:188} INFO - [2023-12-20T06:09:12.798+0000] {dagbag.py:538} INFO - Filling up the DagBag from /home/airflow/.local/lib/python3.8/site-packages/airflow/example_dags/example_short_circuit_operator.py
[2023-12-20T06:09:12.827+0000] {processor.py:840} INFO - DAG(s) 'example_short_circuit_operator' retrieved from /home/airflow/.local/lib/python3.8/site-packages/airflow/example_dags/example_short_circuit_operator.py
[2023-12-20T06:09:12.909+0000] {logging_mixin.py:188} INFO - [2023-12-20T06:09:12.908+0000] {dag.py:3033} INFO - Sync 1 DAGs
[2023-12-20T06:09:13.074+0000] {logging_mixin.py:188} INFO - [2023-12-20T06:09:13.074+0000] {dag.py:3820} INFO - Setting next_dagrun for example_short_circuit_operator to 2023-12-19T00:00:00+00:00, run_after=2023-12-20T00:00:00+00:00
[2023-12-20T06:09:13.181+0000] {processor.py:183} INFO - Processing /home/airflow/.local/lib/python3.8/site-packages/airflow/example_dags/example_short_circuit_operator.py took 0.432 seconds
[2023-12-20T06:09:43.915+0000] {processor.py:161} INFO - Started process (PID=330) to work on /home/airflow/.local/lib/python3.8/site-packages/airflow/example_dags/example_short_circuit_operator.py
[2023-12-20T06:09:43.917+0000] {processor.py:830} INFO - Processing file /home/airflow/.local/lib/python3.8/site-packages/airflow/example_dags/example_short_circuit_operator.py for tasks to queue
[2023-12-20T06:09:43.923+0000] {logging_mixin.py:188} INFO - [2023-12-20T06:09:43.920+0000] {dagbag.py:538} INFO - Filling up the DagBag from /home/airflow/.local/lib/python3.8/site-packages/airflow/example_dags/example_short_circuit_operator.py
[2023-12-20T06:09:43.943+0000] {processor.py:840} INFO - DAG(s) 'example_short_circuit_operator' retrieved from /home/airflow/.local/lib/python3.8/site-packages/airflow/example_dags/example_short_circuit_operator.py
[2023-12-20T06:09:44.003+0000] {logging_mixin.py:188} INFO - [2023-12-20T06:09:44.002+0000] {dag.py:3033} INFO - Sync 1 DAGs
[2023-12-20T06:09:44.068+0000] {logging_mixin.py:188} INFO - [2023-12-20T06:09:44.067+0000] {dag.py:3820} INFO - Setting next_dagrun for example_short_circuit_operator to 2023-12-19T00:00:00+00:00, run_after=2023-12-20T00:00:00+00:00
[2023-12-20T06:09:44.121+0000] {processor.py:183} INFO - Processing /home/airflow/.local/lib/python3.8/site-packages/airflow/example_dags/example_short_circuit_operator.py took 0.215 seconds
[2023-12-20T06:10:14.683+0000] {processor.py:161} INFO - Started process (PID=384) to work on /home/airflow/.local/lib/python3.8/site-packages/airflow/example_dags/example_short_circuit_operator.py
[2023-12-20T06:10:14.721+0000] {processor.py:830} INFO - Processing file /home/airflow/.local/lib/python3.8/site-packages/airflow/example_dags/example_short_circuit_operator.py for tasks to queue
[2023-12-20T06:10:14.726+0000] {logging_mixin.py:188} INFO - [2023-12-20T06:10:14.725+0000] {dagbag.py:538} INFO - Filling up the DagBag from /home/airflow/.local/lib/python3.8/site-packages/airflow/example_dags/example_short_circuit_operator.py
[2023-12-20T06:10:14.763+0000] {processor.py:840} INFO - DAG(s) 'example_short_circuit_operator' retrieved from /home/airflow/.local/lib/python3.8/site-packages/airflow/example_dags/example_short_circuit_operator.py
[2023-12-20T06:10:14.852+0000] {logging_mixin.py:188} INFO - [2023-12-20T06:10:14.851+0000] {dag.py:3033} INFO - Sync 1 DAGs
[2023-12-20T06:10:14.938+0000] {logging_mixin.py:188} INFO - [2023-12-20T06:10:14.938+0000] {dag.py:3820} INFO - Setting next_dagrun for example_short_circuit_operator to 2023-12-19T00:00:00+00:00, run_after=2023-12-20T00:00:00+00:00
[2023-12-20T06:10:15.091+0000] {processor.py:183} INFO - Processing /home/airflow/.local/lib/python3.8/site-packages/airflow/example_dags/example_short_circuit_operator.py took 0.423 seconds
[2023-12-20T06:10:47.820+0000] {processor.py:161} INFO - Started process (PID=439) to work on /home/airflow/.local/lib/python3.8/site-packages/airflow/example_dags/example_short_circuit_operator.py
[2023-12-20T06:10:47.823+0000] {processor.py:830} INFO - Processing file /home/airflow/.local/lib/python3.8/site-packages/airflow/example_dags/example_short_circuit_operator.py for tasks to queue
[2023-12-20T06:10:47.848+0000] {logging_mixin.py:188} INFO - [2023-12-20T06:10:47.847+0000] {dagbag.py:538} INFO - Filling up the DagBag from /home/airflow/.local/lib/python3.8/site-packages/airflow/example_dags/example_short_circuit_operator.py
[2023-12-20T06:10:47.918+0000] {processor.py:840} INFO - DAG(s) 'example_short_circuit_operator' retrieved from /home/airflow/.local/lib/python3.8/site-packages/airflow/example_dags/example_short_circuit_operator.py
[2023-12-20T06:10:48.098+0000] {logging_mixin.py:188} INFO - [2023-12-20T06:10:48.097+0000] {dag.py:3033} INFO - Sync 1 DAGs
[2023-12-20T06:10:48.215+0000] {logging_mixin.py:188} INFO - [2023-12-20T06:10:48.214+0000] {dag.py:3820} INFO - Setting next_dagrun for example_short_circuit_operator to 2023-12-19T00:00:00+00:00, run_after=2023-12-20T00:00:00+00:00
[2023-12-20T06:10:48.393+0000] {processor.py:183} INFO - Processing /home/airflow/.local/lib/python3.8/site-packages/airflow/example_dags/example_short_circuit_operator.py took 0.601 seconds
[2023-12-20T06:11:19.342+0000] {processor.py:161} INFO - Started process (PID=494) to work on /home/airflow/.local/lib/python3.8/site-packages/airflow/example_dags/example_short_circuit_operator.py
[2023-12-20T06:11:19.343+0000] {processor.py:830} INFO - Processing file /home/airflow/.local/lib/python3.8/site-packages/airflow/example_dags/example_short_circuit_operator.py for tasks to queue
[2023-12-20T06:11:19.347+0000] {logging_mixin.py:188} INFO - [2023-12-20T06:11:19.347+0000] {dagbag.py:538} INFO - Filling up the DagBag from /home/airflow/.local/lib/python3.8/site-packages/airflow/example_dags/example_short_circuit_operator.py
[2023-12-20T06:11:19.449+0000] {processor.py:840} INFO - DAG(s) 'example_short_circuit_operator' retrieved from /home/airflow/.local/lib/python3.8/site-packages/airflow/example_dags/example_short_circuit_operator.py
[2023-12-20T06:11:19.618+0000] {logging_mixin.py:188} INFO - [2023-12-20T06:11:19.618+0000] {dag.py:3033} INFO - Sync 1 DAGs
[2023-12-20T06:11:19.817+0000] {logging_mixin.py:188} INFO - [2023-12-20T06:11:19.808+0000] {dag.py:3820} INFO - Setting next_dagrun for example_short_circuit_operator to 2023-12-19T00:00:00+00:00, run_after=2023-12-20T00:00:00+00:00
[2023-12-20T06:11:20.025+0000] {processor.py:183} INFO - Processing /home/airflow/.local/lib/python3.8/site-packages/airflow/example_dags/example_short_circuit_operator.py took 0.694 seconds
[2023-12-20T06:11:50.360+0000] {processor.py:161} INFO - Started process (PID=549) to work on /home/airflow/.local/lib/python3.8/site-packages/airflow/example_dags/example_short_circuit_operator.py
[2023-12-20T06:11:50.376+0000] {processor.py:830} INFO - Processing file /home/airflow/.local/lib/python3.8/site-packages/airflow/example_dags/example_short_circuit_operator.py for tasks to queue
[2023-12-20T06:11:50.386+0000] {logging_mixin.py:188} INFO - [2023-12-20T06:11:50.385+0000] {dagbag.py:538} INFO - Filling up the DagBag from /home/airflow/.local/lib/python3.8/site-packages/airflow/example_dags/example_short_circuit_operator.py
[2023-12-20T06:11:50.416+0000] {processor.py:840} INFO - DAG(s) 'example_short_circuit_operator' retrieved from /home/airflow/.local/lib/python3.8/site-packages/airflow/example_dags/example_short_circuit_operator.py
[2023-12-20T06:11:50.527+0000] {logging_mixin.py:188} INFO - [2023-12-20T06:11:50.526+0000] {dag.py:3033} INFO - Sync 1 DAGs
[2023-12-20T06:11:50.661+0000] {logging_mixin.py:188} INFO - [2023-12-20T06:11:50.660+0000] {dag.py:3820} INFO - Setting next_dagrun for example_short_circuit_operator to 2023-12-19T00:00:00+00:00, run_after=2023-12-20T00:00:00+00:00
[2023-12-20T06:11:50.795+0000] {processor.py:183} INFO - Processing /home/airflow/.local/lib/python3.8/site-packages/airflow/example_dags/example_short_circuit_operator.py took 0.442 seconds
[2023-12-20T06:12:23.602+0000] {processor.py:161} INFO - Started process (PID=604) to work on /home/airflow/.local/lib/python3.8/site-packages/airflow/example_dags/example_short_circuit_operator.py
[2023-12-20T06:12:23.644+0000] {processor.py:830} INFO - Processing file /home/airflow/.local/lib/python3.8/site-packages/airflow/example_dags/example_short_circuit_operator.py for tasks to queue
[2023-12-20T06:12:23.661+0000] {logging_mixin.py:188} INFO - [2023-12-20T06:12:23.648+0000] {dagbag.py:538} INFO - Filling up the DagBag from /home/airflow/.local/lib/python3.8/site-packages/airflow/example_dags/example_short_circuit_operator.py
[2023-12-20T06:12:23.777+0000] {processor.py:840} INFO - DAG(s) 'example_short_circuit_operator' retrieved from /home/airflow/.local/lib/python3.8/site-packages/airflow/example_dags/example_short_circuit_operator.py
[2023-12-20T06:12:23.969+0000] {logging_mixin.py:188} INFO - [2023-12-20T06:12:23.969+0000] {dag.py:3033} INFO - Sync 1 DAGs
[2023-12-20T06:12:24.130+0000] {logging_mixin.py:188} INFO - [2023-12-20T06:12:24.129+0000] {dag.py:3820} INFO - Setting next_dagrun for example_short_circuit_operator to 2023-12-19T00:00:00+00:00, run_after=2023-12-20T00:00:00+00:00
[2023-12-20T06:12:24.453+0000] {processor.py:183} INFO - Processing /home/airflow/.local/lib/python3.8/site-packages/airflow/example_dags/example_short_circuit_operator.py took 0.863 seconds
[2023-12-20T06:13:02.088+0000] {processor.py:161} INFO - Started process (PID=662) to work on /home/airflow/.local/lib/python3.8/site-packages/airflow/example_dags/example_short_circuit_operator.py
[2023-12-20T06:13:02.125+0000] {processor.py:830} INFO - Processing file /home/airflow/.local/lib/python3.8/site-packages/airflow/example_dags/example_short_circuit_operator.py for tasks to queue
[2023-12-20T06:13:02.151+0000] {logging_mixin.py:188} INFO - [2023-12-20T06:13:02.150+0000] {dagbag.py:538} INFO - Filling up the DagBag from /home/airflow/.local/lib/python3.8/site-packages/airflow/example_dags/example_short_circuit_operator.py
[2023-12-20T06:13:02.298+0000] {processor.py:840} INFO - DAG(s) 'example_short_circuit_operator' retrieved from /home/airflow/.local/lib/python3.8/site-packages/airflow/example_dags/example_short_circuit_operator.py
[2023-12-20T06:13:02.690+0000] {logging_mixin.py:188} INFO - [2023-12-20T06:13:02.689+0000] {dag.py:3033} INFO - Sync 1 DAGs
[2023-12-20T06:13:03.319+0000] {logging_mixin.py:188} INFO - [2023-12-20T06:13:03.296+0000] {dag.py:3820} INFO - Setting next_dagrun for example_short_circuit_operator to 2023-12-19T00:00:00+00:00, run_after=2023-12-20T00:00:00+00:00
[2023-12-20T06:13:03.682+0000] {processor.py:183} INFO - Processing /home/airflow/.local/lib/python3.8/site-packages/airflow/example_dags/example_short_circuit_operator.py took 1.620 seconds
[2023-12-20T06:13:40.992+0000] {processor.py:161} INFO - Started process (PID=713) to work on /home/airflow/.local/lib/python3.8/site-packages/airflow/example_dags/example_short_circuit_operator.py
[2023-12-20T06:13:41.044+0000] {processor.py:830} INFO - Processing file /home/airflow/.local/lib/python3.8/site-packages/airflow/example_dags/example_short_circuit_operator.py for tasks to queue
[2023-12-20T06:13:41.096+0000] {logging_mixin.py:188} INFO - [2023-12-20T06:13:41.095+0000] {dagbag.py:538} INFO - Filling up the DagBag from /home/airflow/.local/lib/python3.8/site-packages/airflow/example_dags/example_short_circuit_operator.py
[2023-12-20T06:13:41.311+0000] {processor.py:840} INFO - DAG(s) 'example_short_circuit_operator' retrieved from /home/airflow/.local/lib/python3.8/site-packages/airflow/example_dags/example_short_circuit_operator.py
[2023-12-20T06:13:42.019+0000] {logging_mixin.py:188} INFO - [2023-12-20T06:13:42.007+0000] {dag.py:3033} INFO - Sync 1 DAGs
[2023-12-20T06:13:42.737+0000] {logging_mixin.py:188} INFO - [2023-12-20T06:13:42.735+0000] {dag.py:3820} INFO - Setting next_dagrun for example_short_circuit_operator to 2023-12-19T00:00:00+00:00, run_after=2023-12-20T00:00:00+00:00
[2023-12-20T06:13:43.247+0000] {processor.py:183} INFO - Processing /home/airflow/.local/lib/python3.8/site-packages/airflow/example_dags/example_short_circuit_operator.py took 2.276 seconds
[2023-12-20T06:14:21.207+0000] {processor.py:161} INFO - Started process (PID=766) to work on /home/airflow/.local/lib/python3.8/site-packages/airflow/example_dags/example_short_circuit_operator.py
[2023-12-20T06:14:21.210+0000] {processor.py:830} INFO - Processing file /home/airflow/.local/lib/python3.8/site-packages/airflow/example_dags/example_short_circuit_operator.py for tasks to queue
[2023-12-20T06:14:21.223+0000] {logging_mixin.py:188} INFO - [2023-12-20T06:14:21.222+0000] {dagbag.py:538} INFO - Filling up the DagBag from /home/airflow/.local/lib/python3.8/site-packages/airflow/example_dags/example_short_circuit_operator.py
[2023-12-20T06:14:21.319+0000] {processor.py:840} INFO - DAG(s) 'example_short_circuit_operator' retrieved from /home/airflow/.local/lib/python3.8/site-packages/airflow/example_dags/example_short_circuit_operator.py
[2023-12-20T06:14:21.617+0000] {logging_mixin.py:188} INFO - [2023-12-20T06:14:21.608+0000] {dag.py:3033} INFO - Sync 1 DAGs
[2023-12-20T06:14:21.922+0000] {logging_mixin.py:188} INFO - [2023-12-20T06:14:21.922+0000] {dag.py:3820} INFO - Setting next_dagrun for example_short_circuit_operator to 2023-12-19T00:00:00+00:00, run_after=2023-12-20T00:00:00+00:00
[2023-12-20T06:14:22.231+0000] {processor.py:183} INFO - Processing /home/airflow/.local/lib/python3.8/site-packages/airflow/example_dags/example_short_circuit_operator.py took 1.045 seconds
[2023-12-20T06:14:53.027+0000] {processor.py:161} INFO - Started process (PID=819) to work on /home/airflow/.local/lib/python3.8/site-packages/airflow/example_dags/example_short_circuit_operator.py
[2023-12-20T06:14:53.052+0000] {processor.py:830} INFO - Processing file /home/airflow/.local/lib/python3.8/site-packages/airflow/example_dags/example_short_circuit_operator.py for tasks to queue
[2023-12-20T06:14:53.090+0000] {logging_mixin.py:188} INFO - [2023-12-20T06:14:53.090+0000] {dagbag.py:538} INFO - Filling up the DagBag from /home/airflow/.local/lib/python3.8/site-packages/airflow/example_dags/example_short_circuit_operator.py
[2023-12-20T06:14:53.352+0000] {processor.py:840} INFO - DAG(s) 'example_short_circuit_operator' retrieved from /home/airflow/.local/lib/python3.8/site-packages/airflow/example_dags/example_short_circuit_operator.py
[2023-12-20T06:14:53.883+0000] {logging_mixin.py:188} INFO - [2023-12-20T06:14:53.882+0000] {dag.py:3033} INFO - Sync 1 DAGs
[2023-12-20T06:14:54.315+0000] {logging_mixin.py:188} INFO - [2023-12-20T06:14:54.310+0000] {dag.py:3820} INFO - Setting next_dagrun for example_short_circuit_operator to 2023-12-19T00:00:00+00:00, run_after=2023-12-20T00:00:00+00:00
[2023-12-20T06:14:54.528+0000] {processor.py:183} INFO - Processing /home/airflow/.local/lib/python3.8/site-packages/airflow/example_dags/example_short_circuit_operator.py took 1.579 seconds
[2023-12-20T06:15:25.295+0000] {processor.py:161} INFO - Started process (PID=874) to work on /home/airflow/.local/lib/python3.8/site-packages/airflow/example_dags/example_short_circuit_operator.py
[2023-12-20T06:15:25.384+0000] {processor.py:830} INFO - Processing file /home/airflow/.local/lib/python3.8/site-packages/airflow/example_dags/example_short_circuit_operator.py for tasks to queue
[2023-12-20T06:15:25.391+0000] {logging_mixin.py:188} INFO - [2023-12-20T06:15:25.390+0000] {dagbag.py:538} INFO - Filling up the DagBag from /home/airflow/.local/lib/python3.8/site-packages/airflow/example_dags/example_short_circuit_operator.py
[2023-12-20T06:15:25.439+0000] {processor.py:840} INFO - DAG(s) 'example_short_circuit_operator' retrieved from /home/airflow/.local/lib/python3.8/site-packages/airflow/example_dags/example_short_circuit_operator.py
[2023-12-20T06:15:25.651+0000] {logging_mixin.py:188} INFO - [2023-12-20T06:15:25.651+0000] {dag.py:3033} INFO - Sync 1 DAGs
[2023-12-20T06:15:26.042+0000] {logging_mixin.py:188} INFO - [2023-12-20T06:15:26.031+0000] {dag.py:3820} INFO - Setting next_dagrun for example_short_circuit_operator to 2023-12-19T00:00:00+00:00, run_after=2023-12-20T00:00:00+00:00
[2023-12-20T06:15:26.336+0000] {processor.py:183} INFO - Processing /home/airflow/.local/lib/python3.8/site-packages/airflow/example_dags/example_short_circuit_operator.py took 1.163 seconds
[2023-12-20T06:15:56.686+0000] {processor.py:161} INFO - Started process (PID=929) to work on /home/airflow/.local/lib/python3.8/site-packages/airflow/example_dags/example_short_circuit_operator.py
[2023-12-20T06:15:56.689+0000] {processor.py:830} INFO - Processing file /home/airflow/.local/lib/python3.8/site-packages/airflow/example_dags/example_short_circuit_operator.py for tasks to queue
[2023-12-20T06:15:56.697+0000] {logging_mixin.py:188} INFO - [2023-12-20T06:15:56.696+0000] {dagbag.py:538} INFO - Filling up the DagBag from /home/airflow/.local/lib/python3.8/site-packages/airflow/example_dags/example_short_circuit_operator.py
[2023-12-20T06:15:56.743+0000] {processor.py:840} INFO - DAG(s) 'example_short_circuit_operator' retrieved from /home/airflow/.local/lib/python3.8/site-packages/airflow/example_dags/example_short_circuit_operator.py
[2023-12-20T06:15:56.962+0000] {logging_mixin.py:188} INFO - [2023-12-20T06:15:56.961+0000] {dag.py:3033} INFO - Sync 1 DAGs
[2023-12-20T06:15:57.239+0000] {logging_mixin.py:188} INFO - [2023-12-20T06:15:57.239+0000] {dag.py:3820} INFO - Setting next_dagrun for example_short_circuit_operator to 2023-12-19T00:00:00+00:00, run_after=2023-12-20T00:00:00+00:00
[2023-12-20T06:15:57.474+0000] {processor.py:183} INFO - Processing /home/airflow/.local/lib/python3.8/site-packages/airflow/example_dags/example_short_circuit_operator.py took 0.812 seconds
[2023-12-20T06:16:28.275+0000] {processor.py:161} INFO - Started process (PID=984) to work on /home/airflow/.local/lib/python3.8/site-packages/airflow/example_dags/example_short_circuit_operator.py
[2023-12-20T06:16:28.285+0000] {processor.py:830} INFO - Processing file /home/airflow/.local/lib/python3.8/site-packages/airflow/example_dags/example_short_circuit_operator.py for tasks to queue
[2023-12-20T06:16:28.301+0000] {logging_mixin.py:188} INFO - [2023-12-20T06:16:28.288+0000] {dagbag.py:538} INFO - Filling up the DagBag from /home/airflow/.local/lib/python3.8/site-packages/airflow/example_dags/example_short_circuit_operator.py
[2023-12-20T06:16:28.317+0000] {processor.py:840} INFO - DAG(s) 'example_short_circuit_operator' retrieved from /home/airflow/.local/lib/python3.8/site-packages/airflow/example_dags/example_short_circuit_operator.py
[2023-12-20T06:16:28.430+0000] {logging_mixin.py:188} INFO - [2023-12-20T06:16:28.429+0000] {dag.py:3033} INFO - Sync 1 DAGs
[2023-12-20T06:16:28.539+0000] {logging_mixin.py:188} INFO - [2023-12-20T06:16:28.538+0000] {dag.py:3820} INFO - Setting next_dagrun for example_short_circuit_operator to 2023-12-19T00:00:00+00:00, run_after=2023-12-20T00:00:00+00:00
[2023-12-20T06:16:28.637+0000] {processor.py:183} INFO - Processing /home/airflow/.local/lib/python3.8/site-packages/airflow/example_dags/example_short_circuit_operator.py took 0.368 seconds
[2023-12-20T06:16:58.720+0000] {processor.py:161} INFO - Started process (PID=1039) to work on /home/airflow/.local/lib/python3.8/site-packages/airflow/example_dags/example_short_circuit_operator.py
[2023-12-20T06:16:58.721+0000] {processor.py:830} INFO - Processing file /home/airflow/.local/lib/python3.8/site-packages/airflow/example_dags/example_short_circuit_operator.py for tasks to queue
[2023-12-20T06:16:58.728+0000] {logging_mixin.py:188} INFO - [2023-12-20T06:16:58.727+0000] {dagbag.py:538} INFO - Filling up the DagBag from /home/airflow/.local/lib/python3.8/site-packages/airflow/example_dags/example_short_circuit_operator.py
[2023-12-20T06:16:58.745+0000] {processor.py:840} INFO - DAG(s) 'example_short_circuit_operator' retrieved from /home/airflow/.local/lib/python3.8/site-packages/airflow/example_dags/example_short_circuit_operator.py
[2023-12-20T06:16:59.026+0000] {logging_mixin.py:188} INFO - [2023-12-20T06:16:59.025+0000] {dag.py:3033} INFO - Sync 1 DAGs
[2023-12-20T06:16:59.195+0000] {logging_mixin.py:188} INFO - [2023-12-20T06:16:59.194+0000] {dag.py:3820} INFO - Setting next_dagrun for example_short_circuit_operator to 2023-12-19T00:00:00+00:00, run_after=2023-12-20T00:00:00+00:00
[2023-12-20T06:16:59.295+0000] {processor.py:183} INFO - Processing /home/airflow/.local/lib/python3.8/site-packages/airflow/example_dags/example_short_circuit_operator.py took 0.582 seconds
[2023-12-20T06:17:30.453+0000] {processor.py:161} INFO - Started process (PID=1091) to work on /home/airflow/.local/lib/python3.8/site-packages/airflow/example_dags/example_short_circuit_operator.py
[2023-12-20T06:17:30.485+0000] {processor.py:830} INFO - Processing file /home/airflow/.local/lib/python3.8/site-packages/airflow/example_dags/example_short_circuit_operator.py for tasks to queue
[2023-12-20T06:17:30.516+0000] {logging_mixin.py:188} INFO - [2023-12-20T06:17:30.510+0000] {dagbag.py:538} INFO - Filling up the DagBag from /home/airflow/.local/lib/python3.8/site-packages/airflow/example_dags/example_short_circuit_operator.py
[2023-12-20T06:17:30.641+0000] {processor.py:840} INFO - DAG(s) 'example_short_circuit_operator' retrieved from /home/airflow/.local/lib/python3.8/site-packages/airflow/example_dags/example_short_circuit_operator.py
[2023-12-20T06:17:30.869+0000] {logging_mixin.py:188} INFO - [2023-12-20T06:17:30.869+0000] {dag.py:3033} INFO - Sync 1 DAGs
[2023-12-20T06:17:31.053+0000] {logging_mixin.py:188} INFO - [2023-12-20T06:17:31.052+0000] {dag.py:3820} INFO - Setting next_dagrun for example_short_circuit_operator to 2023-12-19T00:00:00+00:00, run_after=2023-12-20T00:00:00+00:00
[2023-12-20T06:17:31.246+0000] {processor.py:183} INFO - Processing /home/airflow/.local/lib/python3.8/site-packages/airflow/example_dags/example_short_circuit_operator.py took 0.822 seconds
[2023-12-20T06:18:06.929+0000] {processor.py:161} INFO - Started process (PID=1145) to work on /home/airflow/.local/lib/python3.8/site-packages/airflow/example_dags/example_short_circuit_operator.py
[2023-12-20T06:18:06.933+0000] {processor.py:830} INFO - Processing file /home/airflow/.local/lib/python3.8/site-packages/airflow/example_dags/example_short_circuit_operator.py for tasks to queue
[2023-12-20T06:18:06.948+0000] {logging_mixin.py:188} INFO - [2023-12-20T06:18:06.946+0000] {dagbag.py:538} INFO - Filling up the DagBag from /home/airflow/.local/lib/python3.8/site-packages/airflow/example_dags/example_short_circuit_operator.py
[2023-12-20T06:18:07.030+0000] {processor.py:840} INFO - DAG(s) 'example_short_circuit_operator' retrieved from /home/airflow/.local/lib/python3.8/site-packages/airflow/example_dags/example_short_circuit_operator.py
[2023-12-20T06:18:07.163+0000] {logging_mixin.py:188} INFO - [2023-12-20T06:18:07.163+0000] {dag.py:3033} INFO - Sync 1 DAGs
[2023-12-20T06:18:07.299+0000] {logging_mixin.py:188} INFO - [2023-12-20T06:18:07.299+0000] {dag.py:3820} INFO - Setting next_dagrun for example_short_circuit_operator to 2023-12-19T00:00:00+00:00, run_after=2023-12-20T00:00:00+00:00
[2023-12-20T06:18:07.357+0000] {processor.py:183} INFO - Processing /home/airflow/.local/lib/python3.8/site-packages/airflow/example_dags/example_short_circuit_operator.py took 0.477 seconds
[2023-12-20T06:18:37.622+0000] {processor.py:161} INFO - Started process (PID=1198) to work on /home/airflow/.local/lib/python3.8/site-packages/airflow/example_dags/example_short_circuit_operator.py
[2023-12-20T06:18:37.648+0000] {processor.py:830} INFO - Processing file /home/airflow/.local/lib/python3.8/site-packages/airflow/example_dags/example_short_circuit_operator.py for tasks to queue
[2023-12-20T06:18:37.652+0000] {logging_mixin.py:188} INFO - [2023-12-20T06:18:37.652+0000] {dagbag.py:538} INFO - Filling up the DagBag from /home/airflow/.local/lib/python3.8/site-packages/airflow/example_dags/example_short_circuit_operator.py
[2023-12-20T06:18:37.683+0000] {processor.py:840} INFO - DAG(s) 'example_short_circuit_operator' retrieved from /home/airflow/.local/lib/python3.8/site-packages/airflow/example_dags/example_short_circuit_operator.py
[2023-12-20T06:18:37.760+0000] {logging_mixin.py:188} INFO - [2023-12-20T06:18:37.760+0000] {dag.py:3033} INFO - Sync 1 DAGs
[2023-12-20T06:18:37.854+0000] {logging_mixin.py:188} INFO - [2023-12-20T06:18:37.854+0000] {dag.py:3820} INFO - Setting next_dagrun for example_short_circuit_operator to 2023-12-19T00:00:00+00:00, run_after=2023-12-20T00:00:00+00:00
[2023-12-20T06:18:37.921+0000] {processor.py:183} INFO - Processing /home/airflow/.local/lib/python3.8/site-packages/airflow/example_dags/example_short_circuit_operator.py took 0.315 seconds
[2023-12-20T06:19:08.057+0000] {processor.py:161} INFO - Started process (PID=1253) to work on /home/airflow/.local/lib/python3.8/site-packages/airflow/example_dags/example_short_circuit_operator.py
[2023-12-20T06:19:08.059+0000] {processor.py:830} INFO - Processing file /home/airflow/.local/lib/python3.8/site-packages/airflow/example_dags/example_short_circuit_operator.py for tasks to queue
[2023-12-20T06:19:08.064+0000] {logging_mixin.py:188} INFO - [2023-12-20T06:19:08.063+0000] {dagbag.py:538} INFO - Filling up the DagBag from /home/airflow/.local/lib/python3.8/site-packages/airflow/example_dags/example_short_circuit_operator.py
[2023-12-20T06:19:08.085+0000] {processor.py:840} INFO - DAG(s) 'example_short_circuit_operator' retrieved from /home/airflow/.local/lib/python3.8/site-packages/airflow/example_dags/example_short_circuit_operator.py
[2023-12-20T06:19:08.152+0000] {logging_mixin.py:188} INFO - [2023-12-20T06:19:08.151+0000] {dag.py:3033} INFO - Sync 1 DAGs
[2023-12-20T06:19:08.219+0000] {logging_mixin.py:188} INFO - [2023-12-20T06:19:08.218+0000] {dag.py:3820} INFO - Setting next_dagrun for example_short_circuit_operator to 2023-12-19T00:00:00+00:00, run_after=2023-12-20T00:00:00+00:00
[2023-12-20T06:19:08.270+0000] {processor.py:183} INFO - Processing /home/airflow/.local/lib/python3.8/site-packages/airflow/example_dags/example_short_circuit_operator.py took 0.221 seconds
[2023-12-20T06:19:38.941+0000] {processor.py:161} INFO - Started process (PID=1309) to work on /home/airflow/.local/lib/python3.8/site-packages/airflow/example_dags/example_short_circuit_operator.py
[2023-12-20T06:19:38.942+0000] {processor.py:830} INFO - Processing file /home/airflow/.local/lib/python3.8/site-packages/airflow/example_dags/example_short_circuit_operator.py for tasks to queue
[2023-12-20T06:19:38.947+0000] {logging_mixin.py:188} INFO - [2023-12-20T06:19:38.947+0000] {dagbag.py:538} INFO - Filling up the DagBag from /home/airflow/.local/lib/python3.8/site-packages/airflow/example_dags/example_short_circuit_operator.py
[2023-12-20T06:19:38.989+0000] {processor.py:840} INFO - DAG(s) 'example_short_circuit_operator' retrieved from /home/airflow/.local/lib/python3.8/site-packages/airflow/example_dags/example_short_circuit_operator.py
[2023-12-20T06:19:39.092+0000] {logging_mixin.py:188} INFO - [2023-12-20T06:19:39.091+0000] {dag.py:3033} INFO - Sync 1 DAGs
[2023-12-20T06:19:39.464+0000] {logging_mixin.py:188} INFO - [2023-12-20T06:19:39.463+0000] {dag.py:3820} INFO - Setting next_dagrun for example_short_circuit_operator to 2023-12-19T00:00:00+00:00, run_after=2023-12-20T00:00:00+00:00
[2023-12-20T06:19:39.630+0000] {processor.py:183} INFO - Processing /home/airflow/.local/lib/python3.8/site-packages/airflow/example_dags/example_short_circuit_operator.py took 0.700 seconds
[2023-12-20T06:20:10.133+0000] {processor.py:161} INFO - Started process (PID=1370) to work on /home/airflow/.local/lib/python3.8/site-packages/airflow/example_dags/example_short_circuit_operator.py
[2023-12-20T06:20:10.136+0000] {processor.py:830} INFO - Processing file /home/airflow/.local/lib/python3.8/site-packages/airflow/example_dags/example_short_circuit_operator.py for tasks to queue
[2023-12-20T06:20:10.151+0000] {logging_mixin.py:188} INFO - [2023-12-20T06:20:10.150+0000] {dagbag.py:538} INFO - Filling up the DagBag from /home/airflow/.local/lib/python3.8/site-packages/airflow/example_dags/example_short_circuit_operator.py
[2023-12-20T06:20:10.197+0000] {processor.py:840} INFO - DAG(s) 'example_short_circuit_operator' retrieved from /home/airflow/.local/lib/python3.8/site-packages/airflow/example_dags/example_short_circuit_operator.py
[2023-12-20T06:20:10.317+0000] {logging_mixin.py:188} INFO - [2023-12-20T06:20:10.316+0000] {dag.py:3033} INFO - Sync 1 DAGs
[2023-12-20T06:20:10.389+0000] {logging_mixin.py:188} INFO - [2023-12-20T06:20:10.388+0000] {dag.py:3820} INFO - Setting next_dagrun for example_short_circuit_operator to 2023-12-19T00:00:00+00:00, run_after=2023-12-20T00:00:00+00:00
[2023-12-20T06:20:10.507+0000] {processor.py:183} INFO - Processing /home/airflow/.local/lib/python3.8/site-packages/airflow/example_dags/example_short_circuit_operator.py took 0.396 seconds
[2023-12-20T06:20:40.618+0000] {processor.py:161} INFO - Started process (PID=1422) to work on /home/airflow/.local/lib/python3.8/site-packages/airflow/example_dags/example_short_circuit_operator.py
[2023-12-20T06:20:40.619+0000] {processor.py:830} INFO - Processing file /home/airflow/.local/lib/python3.8/site-packages/airflow/example_dags/example_short_circuit_operator.py for tasks to queue
[2023-12-20T06:20:40.625+0000] {logging_mixin.py:188} INFO - [2023-12-20T06:20:40.625+0000] {dagbag.py:538} INFO - Filling up the DagBag from /home/airflow/.local/lib/python3.8/site-packages/airflow/example_dags/example_short_circuit_operator.py
[2023-12-20T06:20:40.646+0000] {processor.py:840} INFO - DAG(s) 'example_short_circuit_operator' retrieved from /home/airflow/.local/lib/python3.8/site-packages/airflow/example_dags/example_short_circuit_operator.py
[2023-12-20T06:20:40.713+0000] {logging_mixin.py:188} INFO - [2023-12-20T06:20:40.712+0000] {dag.py:3033} INFO - Sync 1 DAGs
[2023-12-20T06:20:40.792+0000] {logging_mixin.py:188} INFO - [2023-12-20T06:20:40.791+0000] {dag.py:3820} INFO - Setting next_dagrun for example_short_circuit_operator to 2023-12-19T00:00:00+00:00, run_after=2023-12-20T00:00:00+00:00
[2023-12-20T06:20:40.958+0000] {processor.py:183} INFO - Processing /home/airflow/.local/lib/python3.8/site-packages/airflow/example_dags/example_short_circuit_operator.py took 0.351 seconds
[2023-12-20T06:21:11.348+0000] {processor.py:161} INFO - Started process (PID=1477) to work on /home/airflow/.local/lib/python3.8/site-packages/airflow/example_dags/example_short_circuit_operator.py
[2023-12-20T06:21:11.380+0000] {processor.py:830} INFO - Processing file /home/airflow/.local/lib/python3.8/site-packages/airflow/example_dags/example_short_circuit_operator.py for tasks to queue
[2023-12-20T06:21:11.392+0000] {logging_mixin.py:188} INFO - [2023-12-20T06:21:11.384+0000] {dagbag.py:538} INFO - Filling up the DagBag from /home/airflow/.local/lib/python3.8/site-packages/airflow/example_dags/example_short_circuit_operator.py
[2023-12-20T06:21:11.417+0000] {processor.py:840} INFO - DAG(s) 'example_short_circuit_operator' retrieved from /home/airflow/.local/lib/python3.8/site-packages/airflow/example_dags/example_short_circuit_operator.py
[2023-12-20T06:21:11.493+0000] {logging_mixin.py:188} INFO - [2023-12-20T06:21:11.492+0000] {dag.py:3033} INFO - Sync 1 DAGs
[2023-12-20T06:21:11.558+0000] {logging_mixin.py:188} INFO - [2023-12-20T06:21:11.557+0000] {dag.py:3820} INFO - Setting next_dagrun for example_short_circuit_operator to 2023-12-19T00:00:00+00:00, run_after=2023-12-20T00:00:00+00:00
[2023-12-20T06:21:11.642+0000] {processor.py:183} INFO - Processing /home/airflow/.local/lib/python3.8/site-packages/airflow/example_dags/example_short_circuit_operator.py took 0.305 seconds
[2023-12-20T06:21:42.423+0000] {processor.py:161} INFO - Started process (PID=1532) to work on /home/airflow/.local/lib/python3.8/site-packages/airflow/example_dags/example_short_circuit_operator.py
[2023-12-20T06:21:42.443+0000] {processor.py:830} INFO - Processing file /home/airflow/.local/lib/python3.8/site-packages/airflow/example_dags/example_short_circuit_operator.py for tasks to queue
[2023-12-20T06:21:42.449+0000] {logging_mixin.py:188} INFO - [2023-12-20T06:21:42.448+0000] {dagbag.py:538} INFO - Filling up the DagBag from /home/airflow/.local/lib/python3.8/site-packages/airflow/example_dags/example_short_circuit_operator.py
[2023-12-20T06:21:42.498+0000] {processor.py:840} INFO - DAG(s) 'example_short_circuit_operator' retrieved from /home/airflow/.local/lib/python3.8/site-packages/airflow/example_dags/example_short_circuit_operator.py
[2023-12-20T06:21:42.613+0000] {logging_mixin.py:188} INFO - [2023-12-20T06:21:42.613+0000] {dag.py:3033} INFO - Sync 1 DAGs
[2023-12-20T06:21:42.714+0000] {logging_mixin.py:188} INFO - [2023-12-20T06:21:42.713+0000] {dag.py:3820} INFO - Setting next_dagrun for example_short_circuit_operator to 2023-12-19T00:00:00+00:00, run_after=2023-12-20T00:00:00+00:00
[2023-12-20T06:21:42.858+0000] {processor.py:183} INFO - Processing /home/airflow/.local/lib/python3.8/site-packages/airflow/example_dags/example_short_circuit_operator.py took 0.448 seconds
[2023-12-20T06:22:13.417+0000] {processor.py:161} INFO - Started process (PID=1589) to work on /home/airflow/.local/lib/python3.8/site-packages/airflow/example_dags/example_short_circuit_operator.py
[2023-12-20T06:22:13.424+0000] {processor.py:830} INFO - Processing file /home/airflow/.local/lib/python3.8/site-packages/airflow/example_dags/example_short_circuit_operator.py for tasks to queue
[2023-12-20T06:22:13.425+0000] {logging_mixin.py:188} INFO - [2023-12-20T06:22:13.425+0000] {dagbag.py:538} INFO - Filling up the DagBag from /home/airflow/.local/lib/python3.8/site-packages/airflow/example_dags/example_short_circuit_operator.py
[2023-12-20T06:22:13.591+0000] {processor.py:840} INFO - DAG(s) 'example_short_circuit_operator' retrieved from /home/airflow/.local/lib/python3.8/site-packages/airflow/example_dags/example_short_circuit_operator.py
[2023-12-20T06:22:13.883+0000] {logging_mixin.py:188} INFO - [2023-12-20T06:22:13.883+0000] {dag.py:3033} INFO - Sync 1 DAGs
[2023-12-20T06:22:14.112+0000] {logging_mixin.py:188} INFO - [2023-12-20T06:22:14.112+0000] {dag.py:3820} INFO - Setting next_dagrun for example_short_circuit_operator to 2023-12-19T00:00:00+00:00, run_after=2023-12-20T00:00:00+00:00
[2023-12-20T06:22:14.442+0000] {processor.py:183} INFO - Processing /home/airflow/.local/lib/python3.8/site-packages/airflow/example_dags/example_short_circuit_operator.py took 1.103 seconds
[2023-12-20T06:22:44.813+0000] {processor.py:161} INFO - Started process (PID=1644) to work on /home/airflow/.local/lib/python3.8/site-packages/airflow/example_dags/example_short_circuit_operator.py
[2023-12-20T06:22:44.829+0000] {processor.py:830} INFO - Processing file /home/airflow/.local/lib/python3.8/site-packages/airflow/example_dags/example_short_circuit_operator.py for tasks to queue
[2023-12-20T06:22:44.836+0000] {logging_mixin.py:188} INFO - [2023-12-20T06:22:44.835+0000] {dagbag.py:538} INFO - Filling up the DagBag from /home/airflow/.local/lib/python3.8/site-packages/airflow/example_dags/example_short_circuit_operator.py
[2023-12-20T06:22:44.868+0000] {processor.py:840} INFO - DAG(s) 'example_short_circuit_operator' retrieved from /home/airflow/.local/lib/python3.8/site-packages/airflow/example_dags/example_short_circuit_operator.py
[2023-12-20T06:22:45.103+0000] {logging_mixin.py:188} INFO - [2023-12-20T06:22:45.102+0000] {dag.py:3033} INFO - Sync 1 DAGs
[2023-12-20T06:22:45.356+0000] {logging_mixin.py:188} INFO - [2023-12-20T06:22:45.349+0000] {dag.py:3820} INFO - Setting next_dagrun for example_short_circuit_operator to 2023-12-19T00:00:00+00:00, run_after=2023-12-20T00:00:00+00:00
[2023-12-20T06:22:45.469+0000] {processor.py:183} INFO - Processing /home/airflow/.local/lib/python3.8/site-packages/airflow/example_dags/example_short_circuit_operator.py took 0.686 seconds
[2023-12-20T06:23:16.160+0000] {processor.py:161} INFO - Started process (PID=1699) to work on /home/airflow/.local/lib/python3.8/site-packages/airflow/example_dags/example_short_circuit_operator.py
[2023-12-20T06:23:16.162+0000] {processor.py:830} INFO - Processing file /home/airflow/.local/lib/python3.8/site-packages/airflow/example_dags/example_short_circuit_operator.py for tasks to queue
[2023-12-20T06:23:16.165+0000] {logging_mixin.py:188} INFO - [2023-12-20T06:23:16.164+0000] {dagbag.py:538} INFO - Filling up the DagBag from /home/airflow/.local/lib/python3.8/site-packages/airflow/example_dags/example_short_circuit_operator.py
[2023-12-20T06:23:16.193+0000] {processor.py:840} INFO - DAG(s) 'example_short_circuit_operator' retrieved from /home/airflow/.local/lib/python3.8/site-packages/airflow/example_dags/example_short_circuit_operator.py
[2023-12-20T06:23:16.285+0000] {logging_mixin.py:188} INFO - [2023-12-20T06:23:16.285+0000] {dag.py:3033} INFO - Sync 1 DAGs
[2023-12-20T06:23:16.347+0000] {logging_mixin.py:188} INFO - [2023-12-20T06:23:16.346+0000] {dag.py:3820} INFO - Setting next_dagrun for example_short_circuit_operator to 2023-12-19T00:00:00+00:00, run_after=2023-12-20T00:00:00+00:00
[2023-12-20T06:23:16.436+0000] {processor.py:183} INFO - Processing /home/airflow/.local/lib/python3.8/site-packages/airflow/example_dags/example_short_circuit_operator.py took 0.283 seconds
[2023-12-20T06:23:46.804+0000] {processor.py:161} INFO - Started process (PID=1754) to work on /home/airflow/.local/lib/python3.8/site-packages/airflow/example_dags/example_short_circuit_operator.py
[2023-12-20T06:23:46.829+0000] {processor.py:830} INFO - Processing file /home/airflow/.local/lib/python3.8/site-packages/airflow/example_dags/example_short_circuit_operator.py for tasks to queue
[2023-12-20T06:23:46.832+0000] {logging_mixin.py:188} INFO - [2023-12-20T06:23:46.831+0000] {dagbag.py:538} INFO - Filling up the DagBag from /home/airflow/.local/lib/python3.8/site-packages/airflow/example_dags/example_short_circuit_operator.py
[2023-12-20T06:23:46.852+0000] {processor.py:840} INFO - DAG(s) 'example_short_circuit_operator' retrieved from /home/airflow/.local/lib/python3.8/site-packages/airflow/example_dags/example_short_circuit_operator.py
[2023-12-20T06:23:46.928+0000] {logging_mixin.py:188} INFO - [2023-12-20T06:23:46.927+0000] {dag.py:3033} INFO - Sync 1 DAGs
[2023-12-20T06:23:47.006+0000] {logging_mixin.py:188} INFO - [2023-12-20T06:23:47.006+0000] {dag.py:3820} INFO - Setting next_dagrun for example_short_circuit_operator to 2023-12-19T00:00:00+00:00, run_after=2023-12-20T00:00:00+00:00
[2023-12-20T06:23:47.122+0000] {processor.py:183} INFO - Processing /home/airflow/.local/lib/python3.8/site-packages/airflow/example_dags/example_short_circuit_operator.py took 0.326 seconds
[2023-12-20T06:24:18.066+0000] {processor.py:161} INFO - Started process (PID=1809) to work on /home/airflow/.local/lib/python3.8/site-packages/airflow/example_dags/example_short_circuit_operator.py
[2023-12-20T06:24:18.068+0000] {processor.py:830} INFO - Processing file /home/airflow/.local/lib/python3.8/site-packages/airflow/example_dags/example_short_circuit_operator.py for tasks to queue
[2023-12-20T06:24:18.070+0000] {logging_mixin.py:188} INFO - [2023-12-20T06:24:18.069+0000] {dagbag.py:538} INFO - Filling up the DagBag from /home/airflow/.local/lib/python3.8/site-packages/airflow/example_dags/example_short_circuit_operator.py
[2023-12-20T06:24:18.093+0000] {processor.py:840} INFO - DAG(s) 'example_short_circuit_operator' retrieved from /home/airflow/.local/lib/python3.8/site-packages/airflow/example_dags/example_short_circuit_operator.py
[2023-12-20T06:24:18.162+0000] {logging_mixin.py:188} INFO - [2023-12-20T06:24:18.162+0000] {dag.py:3033} INFO - Sync 1 DAGs
[2023-12-20T06:24:18.273+0000] {logging_mixin.py:188} INFO - [2023-12-20T06:24:18.261+0000] {dag.py:3820} INFO - Setting next_dagrun for example_short_circuit_operator to 2023-12-19T00:00:00+00:00, run_after=2023-12-20T00:00:00+00:00
[2023-12-20T06:24:18.420+0000] {processor.py:183} INFO - Processing /home/airflow/.local/lib/python3.8/site-packages/airflow/example_dags/example_short_circuit_operator.py took 0.361 seconds
[2023-12-20T06:24:48.494+0000] {processor.py:161} INFO - Started process (PID=1862) to work on /home/airflow/.local/lib/python3.8/site-packages/airflow/example_dags/example_short_circuit_operator.py
[2023-12-20T06:24:48.537+0000] {processor.py:830} INFO - Processing file /home/airflow/.local/lib/python3.8/site-packages/airflow/example_dags/example_short_circuit_operator.py for tasks to queue
[2023-12-20T06:24:48.540+0000] {logging_mixin.py:188} INFO - [2023-12-20T06:24:48.539+0000] {dagbag.py:538} INFO - Filling up the DagBag from /home/airflow/.local/lib/python3.8/site-packages/airflow/example_dags/example_short_circuit_operator.py
[2023-12-20T06:24:48.560+0000] {processor.py:840} INFO - DAG(s) 'example_short_circuit_operator' retrieved from /home/airflow/.local/lib/python3.8/site-packages/airflow/example_dags/example_short_circuit_operator.py
[2023-12-20T06:24:48.629+0000] {logging_mixin.py:188} INFO - [2023-12-20T06:24:48.629+0000] {dag.py:3033} INFO - Sync 1 DAGs
[2023-12-20T06:24:48.692+0000] {logging_mixin.py:188} INFO - [2023-12-20T06:24:48.692+0000] {dag.py:3820} INFO - Setting next_dagrun for example_short_circuit_operator to 2023-12-19T00:00:00+00:00, run_after=2023-12-20T00:00:00+00:00
[2023-12-20T06:24:48.802+0000] {processor.py:183} INFO - Processing /home/airflow/.local/lib/python3.8/site-packages/airflow/example_dags/example_short_circuit_operator.py took 0.316 seconds
[2023-12-20T06:25:19.506+0000] {processor.py:161} INFO - Started process (PID=1917) to work on /home/airflow/.local/lib/python3.8/site-packages/airflow/example_dags/example_short_circuit_operator.py
[2023-12-20T06:25:19.536+0000] {processor.py:830} INFO - Processing file /home/airflow/.local/lib/python3.8/site-packages/airflow/example_dags/example_short_circuit_operator.py for tasks to queue
[2023-12-20T06:25:19.538+0000] {logging_mixin.py:188} INFO - [2023-12-20T06:25:19.538+0000] {dagbag.py:538} INFO - Filling up the DagBag from /home/airflow/.local/lib/python3.8/site-packages/airflow/example_dags/example_short_circuit_operator.py
[2023-12-20T06:25:19.557+0000] {processor.py:840} INFO - DAG(s) 'example_short_circuit_operator' retrieved from /home/airflow/.local/lib/python3.8/site-packages/airflow/example_dags/example_short_circuit_operator.py
[2023-12-20T06:25:19.636+0000] {logging_mixin.py:188} INFO - [2023-12-20T06:25:19.635+0000] {dag.py:3033} INFO - Sync 1 DAGs
[2023-12-20T06:25:19.694+0000] {logging_mixin.py:188} INFO - [2023-12-20T06:25:19.694+0000] {dag.py:3820} INFO - Setting next_dagrun for example_short_circuit_operator to 2023-12-19T00:00:00+00:00, run_after=2023-12-20T00:00:00+00:00
[2023-12-20T06:25:19.780+0000] {processor.py:183} INFO - Processing /home/airflow/.local/lib/python3.8/site-packages/airflow/example_dags/example_short_circuit_operator.py took 0.281 seconds
[2023-12-20T06:25:50.202+0000] {processor.py:161} INFO - Started process (PID=1972) to work on /home/airflow/.local/lib/python3.8/site-packages/airflow/example_dags/example_short_circuit_operator.py
[2023-12-20T06:25:50.203+0000] {processor.py:830} INFO - Processing file /home/airflow/.local/lib/python3.8/site-packages/airflow/example_dags/example_short_circuit_operator.py for tasks to queue
[2023-12-20T06:25:50.212+0000] {logging_mixin.py:188} INFO - [2023-12-20T06:25:50.211+0000] {dagbag.py:538} INFO - Filling up the DagBag from /home/airflow/.local/lib/python3.8/site-packages/airflow/example_dags/example_short_circuit_operator.py
[2023-12-20T06:25:50.275+0000] {processor.py:840} INFO - DAG(s) 'example_short_circuit_operator' retrieved from /home/airflow/.local/lib/python3.8/site-packages/airflow/example_dags/example_short_circuit_operator.py
[2023-12-20T06:25:50.436+0000] {logging_mixin.py:188} INFO - [2023-12-20T06:25:50.436+0000] {dag.py:3033} INFO - Sync 1 DAGs
[2023-12-20T06:25:50.598+0000] {logging_mixin.py:188} INFO - [2023-12-20T06:25:50.598+0000] {dag.py:3820} INFO - Setting next_dagrun for example_short_circuit_operator to 2023-12-19T00:00:00+00:00, run_after=2023-12-20T00:00:00+00:00
[2023-12-20T06:25:50.893+0000] {processor.py:183} INFO - Processing /home/airflow/.local/lib/python3.8/site-packages/airflow/example_dags/example_short_circuit_operator.py took 0.712 seconds
[2023-12-20T06:26:21.933+0000] {processor.py:161} INFO - Started process (PID=2027) to work on /home/airflow/.local/lib/python3.8/site-packages/airflow/example_dags/example_short_circuit_operator.py
[2023-12-20T06:26:21.955+0000] {processor.py:830} INFO - Processing file /home/airflow/.local/lib/python3.8/site-packages/airflow/example_dags/example_short_circuit_operator.py for tasks to queue
[2023-12-20T06:26:21.961+0000] {logging_mixin.py:188} INFO - [2023-12-20T06:26:21.956+0000] {dagbag.py:538} INFO - Filling up the DagBag from /home/airflow/.local/lib/python3.8/site-packages/airflow/example_dags/example_short_circuit_operator.py
[2023-12-20T06:26:21.992+0000] {processor.py:840} INFO - DAG(s) 'example_short_circuit_operator' retrieved from /home/airflow/.local/lib/python3.8/site-packages/airflow/example_dags/example_short_circuit_operator.py
[2023-12-20T06:26:22.056+0000] {logging_mixin.py:188} INFO - [2023-12-20T06:26:22.055+0000] {dag.py:3033} INFO - Sync 1 DAGs
[2023-12-20T06:26:22.157+0000] {logging_mixin.py:188} INFO - [2023-12-20T06:26:22.148+0000] {dag.py:3820} INFO - Setting next_dagrun for example_short_circuit_operator to 2023-12-19T00:00:00+00:00, run_after=2023-12-20T00:00:00+00:00
[2023-12-20T06:26:22.563+0000] {processor.py:183} INFO - Processing /home/airflow/.local/lib/python3.8/site-packages/airflow/example_dags/example_short_circuit_operator.py took 0.671 seconds
[2023-12-20T06:26:55.067+0000] {processor.py:161} INFO - Started process (PID=2083) to work on /home/airflow/.local/lib/python3.8/site-packages/airflow/example_dags/example_short_circuit_operator.py
[2023-12-20T06:26:55.080+0000] {processor.py:830} INFO - Processing file /home/airflow/.local/lib/python3.8/site-packages/airflow/example_dags/example_short_circuit_operator.py for tasks to queue
[2023-12-20T06:26:55.082+0000] {logging_mixin.py:188} INFO - [2023-12-20T06:26:55.081+0000] {dagbag.py:538} INFO - Filling up the DagBag from /home/airflow/.local/lib/python3.8/site-packages/airflow/example_dags/example_short_circuit_operator.py
[2023-12-20T06:26:55.193+0000] {processor.py:840} INFO - DAG(s) 'example_short_circuit_operator' retrieved from /home/airflow/.local/lib/python3.8/site-packages/airflow/example_dags/example_short_circuit_operator.py
[2023-12-20T06:26:55.379+0000] {logging_mixin.py:188} INFO - [2023-12-20T06:26:55.377+0000] {dag.py:3033} INFO - Sync 1 DAGs
[2023-12-20T06:26:55.552+0000] {logging_mixin.py:188} INFO - [2023-12-20T06:26:55.552+0000] {dag.py:3820} INFO - Setting next_dagrun for example_short_circuit_operator to 2023-12-19T00:00:00+00:00, run_after=2023-12-20T00:00:00+00:00
[2023-12-20T06:26:55.769+0000] {processor.py:183} INFO - Processing /home/airflow/.local/lib/python3.8/site-packages/airflow/example_dags/example_short_circuit_operator.py took 0.742 seconds
[2023-12-20T06:27:26.722+0000] {processor.py:161} INFO - Started process (PID=2137) to work on /home/airflow/.local/lib/python3.8/site-packages/airflow/example_dags/example_short_circuit_operator.py
[2023-12-20T06:27:26.731+0000] {processor.py:830} INFO - Processing file /home/airflow/.local/lib/python3.8/site-packages/airflow/example_dags/example_short_circuit_operator.py for tasks to queue
[2023-12-20T06:27:26.738+0000] {logging_mixin.py:188} INFO - [2023-12-20T06:27:26.738+0000] {dagbag.py:538} INFO - Filling up the DagBag from /home/airflow/.local/lib/python3.8/site-packages/airflow/example_dags/example_short_circuit_operator.py
[2023-12-20T06:27:26.782+0000] {processor.py:840} INFO - DAG(s) 'example_short_circuit_operator' retrieved from /home/airflow/.local/lib/python3.8/site-packages/airflow/example_dags/example_short_circuit_operator.py
[2023-12-20T06:27:26.927+0000] {logging_mixin.py:188} INFO - [2023-12-20T06:27:26.925+0000] {dag.py:3033} INFO - Sync 1 DAGs
[2023-12-20T06:27:27.030+0000] {logging_mixin.py:188} INFO - [2023-12-20T06:27:27.029+0000] {dag.py:3820} INFO - Setting next_dagrun for example_short_circuit_operator to 2023-12-19T00:00:00+00:00, run_after=2023-12-20T00:00:00+00:00
[2023-12-20T06:27:27.213+0000] {processor.py:183} INFO - Processing /home/airflow/.local/lib/python3.8/site-packages/airflow/example_dags/example_short_circuit_operator.py took 0.518 seconds
[2023-12-20T06:27:58.611+0000] {processor.py:161} INFO - Started process (PID=2194) to work on /home/airflow/.local/lib/python3.8/site-packages/airflow/example_dags/example_short_circuit_operator.py
[2023-12-20T06:27:58.632+0000] {processor.py:830} INFO - Processing file /home/airflow/.local/lib/python3.8/site-packages/airflow/example_dags/example_short_circuit_operator.py for tasks to queue
[2023-12-20T06:27:58.635+0000] {logging_mixin.py:188} INFO - [2023-12-20T06:27:58.635+0000] {dagbag.py:538} INFO - Filling up the DagBag from /home/airflow/.local/lib/python3.8/site-packages/airflow/example_dags/example_short_circuit_operator.py
[2023-12-20T06:27:58.699+0000] {processor.py:840} INFO - DAG(s) 'example_short_circuit_operator' retrieved from /home/airflow/.local/lib/python3.8/site-packages/airflow/example_dags/example_short_circuit_operator.py
[2023-12-20T06:27:58.811+0000] {logging_mixin.py:188} INFO - [2023-12-20T06:27:58.808+0000] {dag.py:3033} INFO - Sync 1 DAGs
[2023-12-20T06:27:59.011+0000] {logging_mixin.py:188} INFO - [2023-12-20T06:27:59.010+0000] {dag.py:3820} INFO - Setting next_dagrun for example_short_circuit_operator to 2023-12-19T00:00:00+00:00, run_after=2023-12-20T00:00:00+00:00
[2023-12-20T06:27:59.207+0000] {processor.py:183} INFO - Processing /home/airflow/.local/lib/python3.8/site-packages/airflow/example_dags/example_short_circuit_operator.py took 0.625 seconds
[2023-12-20T06:28:29.343+0000] {processor.py:161} INFO - Started process (PID=2251) to work on /home/airflow/.local/lib/python3.8/site-packages/airflow/example_dags/example_short_circuit_operator.py
[2023-12-20T06:28:29.349+0000] {processor.py:830} INFO - Processing file /home/airflow/.local/lib/python3.8/site-packages/airflow/example_dags/example_short_circuit_operator.py for tasks to queue
[2023-12-20T06:28:29.351+0000] {logging_mixin.py:188} INFO - [2023-12-20T06:28:29.350+0000] {dagbag.py:538} INFO - Filling up the DagBag from /home/airflow/.local/lib/python3.8/site-packages/airflow/example_dags/example_short_circuit_operator.py
[2023-12-20T06:28:29.371+0000] {processor.py:840} INFO - DAG(s) 'example_short_circuit_operator' retrieved from /home/airflow/.local/lib/python3.8/site-packages/airflow/example_dags/example_short_circuit_operator.py
[2023-12-20T06:28:29.429+0000] {logging_mixin.py:188} INFO - [2023-12-20T06:28:29.429+0000] {dag.py:3033} INFO - Sync 1 DAGs
[2023-12-20T06:28:29.724+0000] {logging_mixin.py:188} INFO - [2023-12-20T06:28:29.723+0000] {dag.py:3820} INFO - Setting next_dagrun for example_short_circuit_operator to 2023-12-19T00:00:00+00:00, run_after=2023-12-20T00:00:00+00:00
[2023-12-20T06:28:29.812+0000] {processor.py:183} INFO - Processing /home/airflow/.local/lib/python3.8/site-packages/airflow/example_dags/example_short_circuit_operator.py took 0.478 seconds
[2023-12-20T06:29:01.007+0000] {processor.py:161} INFO - Started process (PID=2308) to work on /home/airflow/.local/lib/python3.8/site-packages/airflow/example_dags/example_short_circuit_operator.py
[2023-12-20T06:29:01.009+0000] {processor.py:830} INFO - Processing file /home/airflow/.local/lib/python3.8/site-packages/airflow/example_dags/example_short_circuit_operator.py for tasks to queue
[2023-12-20T06:29:01.011+0000] {logging_mixin.py:188} INFO - [2023-12-20T06:29:01.011+0000] {dagbag.py:538} INFO - Filling up the DagBag from /home/airflow/.local/lib/python3.8/site-packages/airflow/example_dags/example_short_circuit_operator.py
[2023-12-20T06:29:01.030+0000] {processor.py:840} INFO - DAG(s) 'example_short_circuit_operator' retrieved from /home/airflow/.local/lib/python3.8/site-packages/airflow/example_dags/example_short_circuit_operator.py
[2023-12-20T06:29:01.116+0000] {logging_mixin.py:188} INFO - [2023-12-20T06:29:01.116+0000] {dag.py:3033} INFO - Sync 1 DAGs
[2023-12-20T06:29:01.178+0000] {logging_mixin.py:188} INFO - [2023-12-20T06:29:01.177+0000] {dag.py:3820} INFO - Setting next_dagrun for example_short_circuit_operator to 2023-12-19T00:00:00+00:00, run_after=2023-12-20T00:00:00+00:00
[2023-12-20T06:29:01.519+0000] {processor.py:183} INFO - Processing /home/airflow/.local/lib/python3.8/site-packages/airflow/example_dags/example_short_circuit_operator.py took 0.519 seconds
[2023-12-20T06:29:32.686+0000] {processor.py:161} INFO - Started process (PID=2362) to work on /home/airflow/.local/lib/python3.8/site-packages/airflow/example_dags/example_short_circuit_operator.py
[2023-12-20T06:29:32.688+0000] {processor.py:830} INFO - Processing file /home/airflow/.local/lib/python3.8/site-packages/airflow/example_dags/example_short_circuit_operator.py for tasks to queue
[2023-12-20T06:29:32.691+0000] {logging_mixin.py:188} INFO - [2023-12-20T06:29:32.690+0000] {dagbag.py:538} INFO - Filling up the DagBag from /home/airflow/.local/lib/python3.8/site-packages/airflow/example_dags/example_short_circuit_operator.py
[2023-12-20T06:29:32.712+0000] {processor.py:840} INFO - DAG(s) 'example_short_circuit_operator' retrieved from /home/airflow/.local/lib/python3.8/site-packages/airflow/example_dags/example_short_circuit_operator.py
[2023-12-20T06:29:32.802+0000] {logging_mixin.py:188} INFO - [2023-12-20T06:29:32.801+0000] {dag.py:3033} INFO - Sync 1 DAGs
[2023-12-20T06:29:32.895+0000] {logging_mixin.py:188} INFO - [2023-12-20T06:29:32.895+0000] {dag.py:3820} INFO - Setting next_dagrun for example_short_circuit_operator to 2023-12-19T00:00:00+00:00, run_after=2023-12-20T00:00:00+00:00
[2023-12-20T06:29:33.031+0000] {processor.py:183} INFO - Processing /home/airflow/.local/lib/python3.8/site-packages/airflow/example_dags/example_short_circuit_operator.py took 0.352 seconds
[2023-12-20T06:30:03.827+0000] {processor.py:161} INFO - Started process (PID=2419) to work on /home/airflow/.local/lib/python3.8/site-packages/airflow/example_dags/example_short_circuit_operator.py
[2023-12-20T06:30:03.864+0000] {processor.py:830} INFO - Processing file /home/airflow/.local/lib/python3.8/site-packages/airflow/example_dags/example_short_circuit_operator.py for tasks to queue
[2023-12-20T06:30:03.866+0000] {logging_mixin.py:188} INFO - [2023-12-20T06:30:03.865+0000] {dagbag.py:538} INFO - Filling up the DagBag from /home/airflow/.local/lib/python3.8/site-packages/airflow/example_dags/example_short_circuit_operator.py
[2023-12-20T06:30:03.933+0000] {processor.py:840} INFO - DAG(s) 'example_short_circuit_operator' retrieved from /home/airflow/.local/lib/python3.8/site-packages/airflow/example_dags/example_short_circuit_operator.py
[2023-12-20T06:30:04.057+0000] {logging_mixin.py:188} INFO - [2023-12-20T06:30:04.048+0000] {dag.py:3033} INFO - Sync 1 DAGs
[2023-12-20T06:30:04.203+0000] {logging_mixin.py:188} INFO - [2023-12-20T06:30:04.202+0000] {dag.py:3820} INFO - Setting next_dagrun for example_short_circuit_operator to 2023-12-19T00:00:00+00:00, run_after=2023-12-20T00:00:00+00:00
[2023-12-20T06:30:04.314+0000] {processor.py:183} INFO - Processing /home/airflow/.local/lib/python3.8/site-packages/airflow/example_dags/example_short_circuit_operator.py took 0.515 seconds
[2023-12-20T06:30:39.149+0000] {processor.py:161} INFO - Started process (PID=2476) to work on /home/airflow/.local/lib/python3.8/site-packages/airflow/example_dags/example_short_circuit_operator.py
[2023-12-20T06:30:39.159+0000] {processor.py:830} INFO - Processing file /home/airflow/.local/lib/python3.8/site-packages/airflow/example_dags/example_short_circuit_operator.py for tasks to queue
[2023-12-20T06:30:39.165+0000] {logging_mixin.py:188} INFO - [2023-12-20T06:30:39.164+0000] {dagbag.py:538} INFO - Filling up the DagBag from /home/airflow/.local/lib/python3.8/site-packages/airflow/example_dags/example_short_circuit_operator.py
[2023-12-20T06:30:39.225+0000] {processor.py:840} INFO - DAG(s) 'example_short_circuit_operator' retrieved from /home/airflow/.local/lib/python3.8/site-packages/airflow/example_dags/example_short_circuit_operator.py
[2023-12-20T06:30:39.313+0000] {logging_mixin.py:188} INFO - [2023-12-20T06:30:39.312+0000] {dag.py:3033} INFO - Sync 1 DAGs
[2023-12-20T06:30:39.860+0000] {logging_mixin.py:188} INFO - [2023-12-20T06:30:39.859+0000] {dag.py:3820} INFO - Setting next_dagrun for example_short_circuit_operator to 2023-12-19T00:00:00+00:00, run_after=2023-12-20T00:00:00+00:00
[2023-12-20T06:30:39.990+0000] {processor.py:183} INFO - Processing /home/airflow/.local/lib/python3.8/site-packages/airflow/example_dags/example_short_circuit_operator.py took 0.866 seconds
[2023-12-20T06:31:17.102+0000] {processor.py:161} INFO - Started process (PID=2532) to work on /home/airflow/.local/lib/python3.8/site-packages/airflow/example_dags/example_short_circuit_operator.py
[2023-12-20T06:31:17.124+0000] {processor.py:830} INFO - Processing file /home/airflow/.local/lib/python3.8/site-packages/airflow/example_dags/example_short_circuit_operator.py for tasks to queue
[2023-12-20T06:31:17.126+0000] {logging_mixin.py:188} INFO - [2023-12-20T06:31:17.126+0000] {dagbag.py:538} INFO - Filling up the DagBag from /home/airflow/.local/lib/python3.8/site-packages/airflow/example_dags/example_short_circuit_operator.py
[2023-12-20T06:31:17.187+0000] {processor.py:840} INFO - DAG(s) 'example_short_circuit_operator' retrieved from /home/airflow/.local/lib/python3.8/site-packages/airflow/example_dags/example_short_circuit_operator.py
[2023-12-20T06:31:17.596+0000] {logging_mixin.py:188} INFO - [2023-12-20T06:31:17.594+0000] {dag.py:3033} INFO - Sync 1 DAGs
[2023-12-20T06:31:19.576+0000] {logging_mixin.py:188} INFO - [2023-12-20T06:31:19.574+0000] {dag.py:3820} INFO - Setting next_dagrun for example_short_circuit_operator to 2023-12-19T00:00:00+00:00, run_after=2023-12-20T00:00:00+00:00
[2023-12-20T06:31:19.863+0000] {processor.py:183} INFO - Processing /home/airflow/.local/lib/python3.8/site-packages/airflow/example_dags/example_short_circuit_operator.py took 2.795 seconds
[2023-12-20T06:31:50.120+0000] {processor.py:161} INFO - Started process (PID=2597) to work on /home/airflow/.local/lib/python3.8/site-packages/airflow/example_dags/example_short_circuit_operator.py
[2023-12-20T06:31:50.122+0000] {processor.py:830} INFO - Processing file /home/airflow/.local/lib/python3.8/site-packages/airflow/example_dags/example_short_circuit_operator.py for tasks to queue
[2023-12-20T06:31:50.135+0000] {logging_mixin.py:188} INFO - [2023-12-20T06:31:50.124+0000] {dagbag.py:538} INFO - Filling up the DagBag from /home/airflow/.local/lib/python3.8/site-packages/airflow/example_dags/example_short_circuit_operator.py
[2023-12-20T06:31:50.180+0000] {processor.py:840} INFO - DAG(s) 'example_short_circuit_operator' retrieved from /home/airflow/.local/lib/python3.8/site-packages/airflow/example_dags/example_short_circuit_operator.py
[2023-12-20T06:31:50.289+0000] {logging_mixin.py:188} INFO - [2023-12-20T06:31:50.289+0000] {dag.py:3033} INFO - Sync 1 DAGs
[2023-12-20T06:31:50.425+0000] {logging_mixin.py:188} INFO - [2023-12-20T06:31:50.425+0000] {dag.py:3820} INFO - Setting next_dagrun for example_short_circuit_operator to 2023-12-19T00:00:00+00:00, run_after=2023-12-20T00:00:00+00:00
[2023-12-20T06:31:50.496+0000] {processor.py:183} INFO - Processing /home/airflow/.local/lib/python3.8/site-packages/airflow/example_dags/example_short_circuit_operator.py took 0.383 seconds
[2023-12-20T06:32:21.660+0000] {processor.py:161} INFO - Started process (PID=2656) to work on /home/airflow/.local/lib/python3.8/site-packages/airflow/example_dags/example_short_circuit_operator.py
[2023-12-20T06:32:21.668+0000] {processor.py:830} INFO - Processing file /home/airflow/.local/lib/python3.8/site-packages/airflow/example_dags/example_short_circuit_operator.py for tasks to queue
[2023-12-20T06:32:21.673+0000] {logging_mixin.py:188} INFO - [2023-12-20T06:32:21.672+0000] {dagbag.py:538} INFO - Filling up the DagBag from /home/airflow/.local/lib/python3.8/site-packages/airflow/example_dags/example_short_circuit_operator.py
[2023-12-20T06:32:21.740+0000] {processor.py:840} INFO - DAG(s) 'example_short_circuit_operator' retrieved from /home/airflow/.local/lib/python3.8/site-packages/airflow/example_dags/example_short_circuit_operator.py
[2023-12-20T06:32:21.807+0000] {logging_mixin.py:188} INFO - [2023-12-20T06:32:21.807+0000] {dag.py:3033} INFO - Sync 1 DAGs
[2023-12-20T06:32:21.874+0000] {logging_mixin.py:188} INFO - [2023-12-20T06:32:21.873+0000] {dag.py:3820} INFO - Setting next_dagrun for example_short_circuit_operator to 2023-12-19T00:00:00+00:00, run_after=2023-12-20T00:00:00+00:00
[2023-12-20T06:32:21.941+0000] {processor.py:183} INFO - Processing /home/airflow/.local/lib/python3.8/site-packages/airflow/example_dags/example_short_circuit_operator.py took 0.290 seconds
[2023-12-20T06:32:53.884+0000] {processor.py:161} INFO - Started process (PID=2715) to work on /home/airflow/.local/lib/python3.8/site-packages/airflow/example_dags/example_short_circuit_operator.py
[2023-12-20T06:32:53.887+0000] {processor.py:830} INFO - Processing file /home/airflow/.local/lib/python3.8/site-packages/airflow/example_dags/example_short_circuit_operator.py for tasks to queue
[2023-12-20T06:32:53.889+0000] {logging_mixin.py:188} INFO - [2023-12-20T06:32:53.888+0000] {dagbag.py:538} INFO - Filling up the DagBag from /home/airflow/.local/lib/python3.8/site-packages/airflow/example_dags/example_short_circuit_operator.py
[2023-12-20T06:32:53.924+0000] {processor.py:840} INFO - DAG(s) 'example_short_circuit_operator' retrieved from /home/airflow/.local/lib/python3.8/site-packages/airflow/example_dags/example_short_circuit_operator.py
[2023-12-20T06:32:54.004+0000] {logging_mixin.py:188} INFO - [2023-12-20T06:32:54.003+0000] {dag.py:3033} INFO - Sync 1 DAGs
[2023-12-20T06:32:54.106+0000] {logging_mixin.py:188} INFO - [2023-12-20T06:32:54.106+0000] {dag.py:3820} INFO - Setting next_dagrun for example_short_circuit_operator to 2023-12-19T00:00:00+00:00, run_after=2023-12-20T00:00:00+00:00
[2023-12-20T06:32:54.245+0000] {processor.py:183} INFO - Processing /home/airflow/.local/lib/python3.8/site-packages/airflow/example_dags/example_short_circuit_operator.py took 0.387 seconds
[2023-12-20T06:33:33.210+0000] {processor.py:161} INFO - Started process (PID=2774) to work on /home/airflow/.local/lib/python3.8/site-packages/airflow/example_dags/example_short_circuit_operator.py
[2023-12-20T06:33:33.237+0000] {processor.py:830} INFO - Processing file /home/airflow/.local/lib/python3.8/site-packages/airflow/example_dags/example_short_circuit_operator.py for tasks to queue
[2023-12-20T06:33:33.239+0000] {logging_mixin.py:188} INFO - [2023-12-20T06:33:33.238+0000] {dagbag.py:538} INFO - Filling up the DagBag from /home/airflow/.local/lib/python3.8/site-packages/airflow/example_dags/example_short_circuit_operator.py
[2023-12-20T06:33:33.406+0000] {processor.py:840} INFO - DAG(s) 'example_short_circuit_operator' retrieved from /home/airflow/.local/lib/python3.8/site-packages/airflow/example_dags/example_short_circuit_operator.py
[2023-12-20T06:33:34.251+0000] {logging_mixin.py:188} INFO - [2023-12-20T06:33:34.251+0000] {dag.py:3033} INFO - Sync 1 DAGs
[2023-12-20T06:33:34.930+0000] {logging_mixin.py:188} INFO - [2023-12-20T06:33:34.930+0000] {dag.py:3820} INFO - Setting next_dagrun for example_short_circuit_operator to 2023-12-19T00:00:00+00:00, run_after=2023-12-20T00:00:00+00:00
[2023-12-20T06:33:35.251+0000] {processor.py:183} INFO - Processing /home/airflow/.local/lib/python3.8/site-packages/airflow/example_dags/example_short_circuit_operator.py took 2.123 seconds
[2023-12-20T06:34:40.574+0000] {processor.py:161} INFO - Started process (PID=2846) to work on /home/airflow/.local/lib/python3.8/site-packages/airflow/example_dags/example_short_circuit_operator.py
[2023-12-20T06:34:40.597+0000] {processor.py:830} INFO - Processing file /home/airflow/.local/lib/python3.8/site-packages/airflow/example_dags/example_short_circuit_operator.py for tasks to queue
[2023-12-20T06:34:40.610+0000] {logging_mixin.py:188} INFO - [2023-12-20T06:34:40.604+0000] {dagbag.py:538} INFO - Filling up the DagBag from /home/airflow/.local/lib/python3.8/site-packages/airflow/example_dags/example_short_circuit_operator.py
[2023-12-20T06:34:40.746+0000] {processor.py:840} INFO - DAG(s) 'example_short_circuit_operator' retrieved from /home/airflow/.local/lib/python3.8/site-packages/airflow/example_dags/example_short_circuit_operator.py
[2023-12-20T06:34:41.092+0000] {logging_mixin.py:188} INFO - [2023-12-20T06:34:41.092+0000] {dag.py:3033} INFO - Sync 1 DAGs
[2023-12-20T06:34:41.531+0000] {logging_mixin.py:188} INFO - [2023-12-20T06:34:41.530+0000] {dag.py:3820} INFO - Setting next_dagrun for example_short_circuit_operator to 2023-12-19T00:00:00+00:00, run_after=2023-12-20T00:00:00+00:00
[2023-12-20T06:34:41.972+0000] {processor.py:183} INFO - Processing /home/airflow/.local/lib/python3.8/site-packages/airflow/example_dags/example_short_circuit_operator.py took 1.433 seconds
[2023-12-20T06:35:30.147+0000] {processor.py:161} INFO - Started process (PID=2905) to work on /home/airflow/.local/lib/python3.8/site-packages/airflow/example_dags/example_short_circuit_operator.py
[2023-12-20T06:35:30.181+0000] {processor.py:830} INFO - Processing file /home/airflow/.local/lib/python3.8/site-packages/airflow/example_dags/example_short_circuit_operator.py for tasks to queue
[2023-12-20T06:35:30.201+0000] {logging_mixin.py:188} INFO - [2023-12-20T06:35:30.186+0000] {dagbag.py:538} INFO - Filling up the DagBag from /home/airflow/.local/lib/python3.8/site-packages/airflow/example_dags/example_short_circuit_operator.py
[2023-12-20T06:35:30.385+0000] {processor.py:840} INFO - DAG(s) 'example_short_circuit_operator' retrieved from /home/airflow/.local/lib/python3.8/site-packages/airflow/example_dags/example_short_circuit_operator.py
[2023-12-20T06:35:30.852+0000] {logging_mixin.py:188} INFO - [2023-12-20T06:35:30.851+0000] {dag.py:3033} INFO - Sync 1 DAGs
[2023-12-20T06:35:31.307+0000] {logging_mixin.py:188} INFO - [2023-12-20T06:35:31.307+0000] {dag.py:3820} INFO - Setting next_dagrun for example_short_circuit_operator to 2023-12-19T00:00:00+00:00, run_after=2023-12-20T00:00:00+00:00
[2023-12-20T06:35:31.891+0000] {processor.py:183} INFO - Processing /home/airflow/.local/lib/python3.8/site-packages/airflow/example_dags/example_short_circuit_operator.py took 1.827 seconds
[2023-12-20T06:36:26.541+0000] {processor.py:161} INFO - Started process (PID=2965) to work on /home/airflow/.local/lib/python3.8/site-packages/airflow/example_dags/example_short_circuit_operator.py
[2023-12-20T06:36:26.557+0000] {processor.py:830} INFO - Processing file /home/airflow/.local/lib/python3.8/site-packages/airflow/example_dags/example_short_circuit_operator.py for tasks to queue
[2023-12-20T06:36:26.559+0000] {logging_mixin.py:188} INFO - [2023-12-20T06:36:26.558+0000] {dagbag.py:538} INFO - Filling up the DagBag from /home/airflow/.local/lib/python3.8/site-packages/airflow/example_dags/example_short_circuit_operator.py
[2023-12-20T06:36:26.969+0000] {processor.py:840} INFO - DAG(s) 'example_short_circuit_operator' retrieved from /home/airflow/.local/lib/python3.8/site-packages/airflow/example_dags/example_short_circuit_operator.py
[2023-12-20T06:36:27.388+0000] {logging_mixin.py:188} INFO - [2023-12-20T06:36:27.357+0000] {dag.py:3033} INFO - Sync 1 DAGs
[2023-12-20T06:36:27.966+0000] {logging_mixin.py:188} INFO - [2023-12-20T06:36:27.966+0000] {dag.py:3820} INFO - Setting next_dagrun for example_short_circuit_operator to 2023-12-19T00:00:00+00:00, run_after=2023-12-20T00:00:00+00:00
[2023-12-20T06:36:28.342+0000] {processor.py:183} INFO - Processing /home/airflow/.local/lib/python3.8/site-packages/airflow/example_dags/example_short_circuit_operator.py took 1.956 seconds
[2023-12-20T06:37:24.580+0000] {processor.py:161} INFO - Started process (PID=3021) to work on /home/airflow/.local/lib/python3.8/site-packages/airflow/example_dags/example_short_circuit_operator.py
[2023-12-20T06:37:24.589+0000] {processor.py:830} INFO - Processing file /home/airflow/.local/lib/python3.8/site-packages/airflow/example_dags/example_short_circuit_operator.py for tasks to queue
[2023-12-20T06:37:24.599+0000] {logging_mixin.py:188} INFO - [2023-12-20T06:37:24.599+0000] {dagbag.py:538} INFO - Filling up the DagBag from /home/airflow/.local/lib/python3.8/site-packages/airflow/example_dags/example_short_circuit_operator.py
[2023-12-20T06:37:24.801+0000] {processor.py:840} INFO - DAG(s) 'example_short_circuit_operator' retrieved from /home/airflow/.local/lib/python3.8/site-packages/airflow/example_dags/example_short_circuit_operator.py
[2023-12-20T06:37:25.222+0000] {logging_mixin.py:188} INFO - [2023-12-20T06:37:25.221+0000] {dag.py:3033} INFO - Sync 1 DAGs
[2023-12-20T06:37:25.304+0000] {logging_mixin.py:188} INFO - [2023-12-20T06:37:25.303+0000] {dag.py:3820} INFO - Setting next_dagrun for example_short_circuit_operator to 2023-12-19T00:00:00+00:00, run_after=2023-12-20T00:00:00+00:00
[2023-12-20T06:37:25.537+0000] {processor.py:183} INFO - Processing /home/airflow/.local/lib/python3.8/site-packages/airflow/example_dags/example_short_circuit_operator.py took 0.995 seconds
[2023-12-20T06:38:06.364+0000] {processor.py:161} INFO - Started process (PID=3080) to work on /home/airflow/.local/lib/python3.8/site-packages/airflow/example_dags/example_short_circuit_operator.py
[2023-12-20T06:38:06.420+0000] {processor.py:830} INFO - Processing file /home/airflow/.local/lib/python3.8/site-packages/airflow/example_dags/example_short_circuit_operator.py for tasks to queue
[2023-12-20T06:38:06.423+0000] {logging_mixin.py:188} INFO - [2023-12-20T06:38:06.422+0000] {dagbag.py:538} INFO - Filling up the DagBag from /home/airflow/.local/lib/python3.8/site-packages/airflow/example_dags/example_short_circuit_operator.py
[2023-12-20T06:38:06.531+0000] {processor.py:840} INFO - DAG(s) 'example_short_circuit_operator' retrieved from /home/airflow/.local/lib/python3.8/site-packages/airflow/example_dags/example_short_circuit_operator.py
[2023-12-20T06:38:06.890+0000] {logging_mixin.py:188} INFO - [2023-12-20T06:38:06.889+0000] {dag.py:3033} INFO - Sync 1 DAGs
[2023-12-20T06:38:07.055+0000] {logging_mixin.py:188} INFO - [2023-12-20T06:38:07.054+0000] {dag.py:3820} INFO - Setting next_dagrun for example_short_circuit_operator to 2023-12-19T00:00:00+00:00, run_after=2023-12-20T00:00:00+00:00
[2023-12-20T06:38:07.181+0000] {processor.py:183} INFO - Processing /home/airflow/.local/lib/python3.8/site-packages/airflow/example_dags/example_short_circuit_operator.py took 0.830 seconds
[2023-12-20T06:38:37.254+0000] {processor.py:161} INFO - Started process (PID=3138) to work on /home/airflow/.local/lib/python3.8/site-packages/airflow/example_dags/example_short_circuit_operator.py
[2023-12-20T06:38:37.272+0000] {processor.py:830} INFO - Processing file /home/airflow/.local/lib/python3.8/site-packages/airflow/example_dags/example_short_circuit_operator.py for tasks to queue
[2023-12-20T06:38:37.274+0000] {logging_mixin.py:188} INFO - [2023-12-20T06:38:37.274+0000] {dagbag.py:538} INFO - Filling up the DagBag from /home/airflow/.local/lib/python3.8/site-packages/airflow/example_dags/example_short_circuit_operator.py
[2023-12-20T06:38:37.292+0000] {processor.py:840} INFO - DAG(s) 'example_short_circuit_operator' retrieved from /home/airflow/.local/lib/python3.8/site-packages/airflow/example_dags/example_short_circuit_operator.py
[2023-12-20T06:38:37.352+0000] {logging_mixin.py:188} INFO - [2023-12-20T06:38:37.352+0000] {dag.py:3033} INFO - Sync 1 DAGs
[2023-12-20T06:38:37.414+0000] {logging_mixin.py:188} INFO - [2023-12-20T06:38:37.413+0000] {dag.py:3820} INFO - Setting next_dagrun for example_short_circuit_operator to 2023-12-19T00:00:00+00:00, run_after=2023-12-20T00:00:00+00:00
[2023-12-20T06:38:37.500+0000] {processor.py:183} INFO - Processing /home/airflow/.local/lib/python3.8/site-packages/airflow/example_dags/example_short_circuit_operator.py took 0.253 seconds
[2023-12-20T06:39:08.442+0000] {processor.py:161} INFO - Started process (PID=3198) to work on /home/airflow/.local/lib/python3.8/site-packages/airflow/example_dags/example_short_circuit_operator.py
[2023-12-20T06:39:08.443+0000] {processor.py:830} INFO - Processing file /home/airflow/.local/lib/python3.8/site-packages/airflow/example_dags/example_short_circuit_operator.py for tasks to queue
[2023-12-20T06:39:08.446+0000] {logging_mixin.py:188} INFO - [2023-12-20T06:39:08.445+0000] {dagbag.py:538} INFO - Filling up the DagBag from /home/airflow/.local/lib/python3.8/site-packages/airflow/example_dags/example_short_circuit_operator.py
[2023-12-20T06:39:08.472+0000] {processor.py:840} INFO - DAG(s) 'example_short_circuit_operator' retrieved from /home/airflow/.local/lib/python3.8/site-packages/airflow/example_dags/example_short_circuit_operator.py
[2023-12-20T06:39:08.534+0000] {logging_mixin.py:188} INFO - [2023-12-20T06:39:08.534+0000] {dag.py:3033} INFO - Sync 1 DAGs
[2023-12-20T06:39:08.597+0000] {logging_mixin.py:188} INFO - [2023-12-20T06:39:08.595+0000] {dag.py:3820} INFO - Setting next_dagrun for example_short_circuit_operator to 2023-12-19T00:00:00+00:00, run_after=2023-12-20T00:00:00+00:00
[2023-12-20T06:39:08.660+0000] {processor.py:183} INFO - Processing /home/airflow/.local/lib/python3.8/site-packages/airflow/example_dags/example_short_circuit_operator.py took 0.228 seconds
[2023-12-20T06:39:40.014+0000] {processor.py:161} INFO - Started process (PID=3258) to work on /home/airflow/.local/lib/python3.8/site-packages/airflow/example_dags/example_short_circuit_operator.py
[2023-12-20T06:39:40.041+0000] {processor.py:830} INFO - Processing file /home/airflow/.local/lib/python3.8/site-packages/airflow/example_dags/example_short_circuit_operator.py for tasks to queue
[2023-12-20T06:39:40.043+0000] {logging_mixin.py:188} INFO - [2023-12-20T06:39:40.042+0000] {dagbag.py:538} INFO - Filling up the DagBag from /home/airflow/.local/lib/python3.8/site-packages/airflow/example_dags/example_short_circuit_operator.py
[2023-12-20T06:39:40.067+0000] {processor.py:840} INFO - DAG(s) 'example_short_circuit_operator' retrieved from /home/airflow/.local/lib/python3.8/site-packages/airflow/example_dags/example_short_circuit_operator.py
[2023-12-20T06:39:40.135+0000] {logging_mixin.py:188} INFO - [2023-12-20T06:39:40.135+0000] {dag.py:3033} INFO - Sync 1 DAGs
[2023-12-20T06:39:40.201+0000] {logging_mixin.py:188} INFO - [2023-12-20T06:39:40.201+0000] {dag.py:3820} INFO - Setting next_dagrun for example_short_circuit_operator to 2023-12-19T00:00:00+00:00, run_after=2023-12-20T00:00:00+00:00
[2023-12-20T06:39:40.314+0000] {processor.py:183} INFO - Processing /home/airflow/.local/lib/python3.8/site-packages/airflow/example_dags/example_short_circuit_operator.py took 0.309 seconds
[2023-12-20T06:40:12.090+0000] {processor.py:161} INFO - Started process (PID=3316) to work on /home/airflow/.local/lib/python3.8/site-packages/airflow/example_dags/example_short_circuit_operator.py
[2023-12-20T06:40:12.125+0000] {processor.py:830} INFO - Processing file /home/airflow/.local/lib/python3.8/site-packages/airflow/example_dags/example_short_circuit_operator.py for tasks to queue
[2023-12-20T06:40:12.127+0000] {logging_mixin.py:188} INFO - [2023-12-20T06:40:12.126+0000] {dagbag.py:538} INFO - Filling up the DagBag from /home/airflow/.local/lib/python3.8/site-packages/airflow/example_dags/example_short_circuit_operator.py
[2023-12-20T06:40:12.154+0000] {processor.py:840} INFO - DAG(s) 'example_short_circuit_operator' retrieved from /home/airflow/.local/lib/python3.8/site-packages/airflow/example_dags/example_short_circuit_operator.py
[2023-12-20T06:40:12.217+0000] {logging_mixin.py:188} INFO - [2023-12-20T06:40:12.217+0000] {dag.py:3033} INFO - Sync 1 DAGs
[2023-12-20T06:40:12.288+0000] {logging_mixin.py:188} INFO - [2023-12-20T06:40:12.287+0000] {dag.py:3820} INFO - Setting next_dagrun for example_short_circuit_operator to 2023-12-19T00:00:00+00:00, run_after=2023-12-20T00:00:00+00:00
[2023-12-20T06:40:12.357+0000] {processor.py:183} INFO - Processing /home/airflow/.local/lib/python3.8/site-packages/airflow/example_dags/example_short_circuit_operator.py took 0.282 seconds
[2023-12-20T06:44:55.434+0000] {processor.py:161} INFO - Started process (PID=3383) to work on /home/airflow/.local/lib/python3.8/site-packages/airflow/example_dags/example_short_circuit_operator.py
[2023-12-20T06:44:55.452+0000] {processor.py:830} INFO - Processing file /home/airflow/.local/lib/python3.8/site-packages/airflow/example_dags/example_short_circuit_operator.py for tasks to queue
[2023-12-20T06:44:55.454+0000] {logging_mixin.py:188} INFO - [2023-12-20T06:44:55.454+0000] {dagbag.py:538} INFO - Filling up the DagBag from /home/airflow/.local/lib/python3.8/site-packages/airflow/example_dags/example_short_circuit_operator.py
[2023-12-20T06:44:55.477+0000] {processor.py:840} INFO - DAG(s) 'example_short_circuit_operator' retrieved from /home/airflow/.local/lib/python3.8/site-packages/airflow/example_dags/example_short_circuit_operator.py
[2023-12-20T06:44:55.555+0000] {logging_mixin.py:188} INFO - [2023-12-20T06:44:55.554+0000] {dag.py:3033} INFO - Sync 1 DAGs
[2023-12-20T06:44:55.662+0000] {logging_mixin.py:188} INFO - [2023-12-20T06:44:55.661+0000] {dag.py:3820} INFO - Setting next_dagrun for example_short_circuit_operator to 2023-12-19T00:00:00+00:00, run_after=2023-12-20T00:00:00+00:00
[2023-12-20T06:44:55.853+0000] {processor.py:183} INFO - Processing /home/airflow/.local/lib/python3.8/site-packages/airflow/example_dags/example_short_circuit_operator.py took 0.427 seconds
[2023-12-20T06:45:26.052+0000] {processor.py:161} INFO - Started process (PID=3441) to work on /home/airflow/.local/lib/python3.8/site-packages/airflow/example_dags/example_short_circuit_operator.py
[2023-12-20T06:45:26.054+0000] {processor.py:830} INFO - Processing file /home/airflow/.local/lib/python3.8/site-packages/airflow/example_dags/example_short_circuit_operator.py for tasks to queue
[2023-12-20T06:45:26.056+0000] {logging_mixin.py:188} INFO - [2023-12-20T06:45:26.055+0000] {dagbag.py:538} INFO - Filling up the DagBag from /home/airflow/.local/lib/python3.8/site-packages/airflow/example_dags/example_short_circuit_operator.py
[2023-12-20T06:45:26.074+0000] {processor.py:840} INFO - DAG(s) 'example_short_circuit_operator' retrieved from /home/airflow/.local/lib/python3.8/site-packages/airflow/example_dags/example_short_circuit_operator.py
[2023-12-20T06:45:26.129+0000] {logging_mixin.py:188} INFO - [2023-12-20T06:45:26.129+0000] {dag.py:3033} INFO - Sync 1 DAGs
[2023-12-20T06:45:26.187+0000] {logging_mixin.py:188} INFO - [2023-12-20T06:45:26.187+0000] {dag.py:3820} INFO - Setting next_dagrun for example_short_circuit_operator to 2023-12-19T00:00:00+00:00, run_after=2023-12-20T00:00:00+00:00
[2023-12-20T06:45:26.282+0000] {processor.py:183} INFO - Processing /home/airflow/.local/lib/python3.8/site-packages/airflow/example_dags/example_short_circuit_operator.py took 0.237 seconds
[2023-12-20T06:45:57.795+0000] {processor.py:161} INFO - Started process (PID=3500) to work on /home/airflow/.local/lib/python3.8/site-packages/airflow/example_dags/example_short_circuit_operator.py
[2023-12-20T06:45:57.798+0000] {processor.py:830} INFO - Processing file /home/airflow/.local/lib/python3.8/site-packages/airflow/example_dags/example_short_circuit_operator.py for tasks to queue
[2023-12-20T06:45:57.803+0000] {logging_mixin.py:188} INFO - [2023-12-20T06:45:57.802+0000] {dagbag.py:538} INFO - Filling up the DagBag from /home/airflow/.local/lib/python3.8/site-packages/airflow/example_dags/example_short_circuit_operator.py
[2023-12-20T06:45:57.858+0000] {processor.py:840} INFO - DAG(s) 'example_short_circuit_operator' retrieved from /home/airflow/.local/lib/python3.8/site-packages/airflow/example_dags/example_short_circuit_operator.py
[2023-12-20T06:45:57.967+0000] {logging_mixin.py:188} INFO - [2023-12-20T06:45:57.967+0000] {dag.py:3033} INFO - Sync 1 DAGs
[2023-12-20T06:45:58.057+0000] {logging_mixin.py:188} INFO - [2023-12-20T06:45:58.057+0000] {dag.py:3820} INFO - Setting next_dagrun for example_short_circuit_operator to 2023-12-19T00:00:00+00:00, run_after=2023-12-20T00:00:00+00:00
[2023-12-20T06:45:58.135+0000] {processor.py:183} INFO - Processing /home/airflow/.local/lib/python3.8/site-packages/airflow/example_dags/example_short_circuit_operator.py took 0.350 seconds
[2023-12-20T06:46:29.168+0000] {processor.py:161} INFO - Started process (PID=3558) to work on /home/airflow/.local/lib/python3.8/site-packages/airflow/example_dags/example_short_circuit_operator.py
[2023-12-20T06:46:29.211+0000] {processor.py:830} INFO - Processing file /home/airflow/.local/lib/python3.8/site-packages/airflow/example_dags/example_short_circuit_operator.py for tasks to queue
[2023-12-20T06:46:29.213+0000] {logging_mixin.py:188} INFO - [2023-12-20T06:46:29.212+0000] {dagbag.py:538} INFO - Filling up the DagBag from /home/airflow/.local/lib/python3.8/site-packages/airflow/example_dags/example_short_circuit_operator.py
[2023-12-20T06:46:29.240+0000] {processor.py:840} INFO - DAG(s) 'example_short_circuit_operator' retrieved from /home/airflow/.local/lib/python3.8/site-packages/airflow/example_dags/example_short_circuit_operator.py
[2023-12-20T06:46:29.368+0000] {logging_mixin.py:188} INFO - [2023-12-20T06:46:29.362+0000] {dag.py:3033} INFO - Sync 1 DAGs
[2023-12-20T06:46:29.438+0000] {logging_mixin.py:188} INFO - [2023-12-20T06:46:29.438+0000] {dag.py:3820} INFO - Setting next_dagrun for example_short_circuit_operator to 2023-12-19T00:00:00+00:00, run_after=2023-12-20T00:00:00+00:00
[2023-12-20T06:46:29.484+0000] {processor.py:183} INFO - Processing /home/airflow/.local/lib/python3.8/site-packages/airflow/example_dags/example_short_circuit_operator.py took 0.322 seconds
[2023-12-20T06:46:59.641+0000] {processor.py:161} INFO - Started process (PID=3616) to work on /home/airflow/.local/lib/python3.8/site-packages/airflow/example_dags/example_short_circuit_operator.py
[2023-12-20T06:46:59.683+0000] {processor.py:830} INFO - Processing file /home/airflow/.local/lib/python3.8/site-packages/airflow/example_dags/example_short_circuit_operator.py for tasks to queue
[2023-12-20T06:46:59.685+0000] {logging_mixin.py:188} INFO - [2023-12-20T06:46:59.684+0000] {dagbag.py:538} INFO - Filling up the DagBag from /home/airflow/.local/lib/python3.8/site-packages/airflow/example_dags/example_short_circuit_operator.py
[2023-12-20T06:46:59.704+0000] {processor.py:840} INFO - DAG(s) 'example_short_circuit_operator' retrieved from /home/airflow/.local/lib/python3.8/site-packages/airflow/example_dags/example_short_circuit_operator.py
[2023-12-20T06:46:59.761+0000] {logging_mixin.py:188} INFO - [2023-12-20T06:46:59.761+0000] {dag.py:3033} INFO - Sync 1 DAGs
[2023-12-20T06:46:59.823+0000] {logging_mixin.py:188} INFO - [2023-12-20T06:46:59.823+0000] {dag.py:3820} INFO - Setting next_dagrun for example_short_circuit_operator to 2023-12-19T00:00:00+00:00, run_after=2023-12-20T00:00:00+00:00
[2023-12-20T06:46:59.871+0000] {processor.py:183} INFO - Processing /home/airflow/.local/lib/python3.8/site-packages/airflow/example_dags/example_short_circuit_operator.py took 0.237 seconds
[2023-12-20T06:47:40.081+0000] {processor.py:161} INFO - Started process (PID=3681) to work on /home/airflow/.local/lib/python3.8/site-packages/airflow/example_dags/example_short_circuit_operator.py
[2023-12-20T06:47:40.109+0000] {processor.py:830} INFO - Processing file /home/airflow/.local/lib/python3.8/site-packages/airflow/example_dags/example_short_circuit_operator.py for tasks to queue
[2023-12-20T06:47:40.135+0000] {logging_mixin.py:188} INFO - [2023-12-20T06:47:40.134+0000] {dagbag.py:538} INFO - Filling up the DagBag from /home/airflow/.local/lib/python3.8/site-packages/airflow/example_dags/example_short_circuit_operator.py
[2023-12-20T06:47:40.274+0000] {processor.py:840} INFO - DAG(s) 'example_short_circuit_operator' retrieved from /home/airflow/.local/lib/python3.8/site-packages/airflow/example_dags/example_short_circuit_operator.py
[2023-12-20T06:47:40.698+0000] {logging_mixin.py:188} INFO - [2023-12-20T06:47:40.698+0000] {dag.py:3033} INFO - Sync 1 DAGs
[2023-12-20T06:47:41.044+0000] {logging_mixin.py:188} INFO - [2023-12-20T06:47:41.043+0000] {dag.py:3820} INFO - Setting next_dagrun for example_short_circuit_operator to 2023-12-19T00:00:00+00:00, run_after=2023-12-20T00:00:00+00:00
[2023-12-20T06:47:41.410+0000] {processor.py:183} INFO - Processing /home/airflow/.local/lib/python3.8/site-packages/airflow/example_dags/example_short_circuit_operator.py took 1.390 seconds
[2023-12-20T06:48:41.461+0000] {processor.py:161} INFO - Started process (PID=3742) to work on /home/airflow/.local/lib/python3.8/site-packages/airflow/example_dags/example_short_circuit_operator.py
[2023-12-20T06:48:41.485+0000] {processor.py:830} INFO - Processing file /home/airflow/.local/lib/python3.8/site-packages/airflow/example_dags/example_short_circuit_operator.py for tasks to queue
[2023-12-20T06:48:41.496+0000] {logging_mixin.py:188} INFO - [2023-12-20T06:48:41.495+0000] {dagbag.py:538} INFO - Filling up the DagBag from /home/airflow/.local/lib/python3.8/site-packages/airflow/example_dags/example_short_circuit_operator.py
[2023-12-20T06:48:41.879+0000] {processor.py:840} INFO - DAG(s) 'example_short_circuit_operator' retrieved from /home/airflow/.local/lib/python3.8/site-packages/airflow/example_dags/example_short_circuit_operator.py
[2023-12-20T06:48:43.645+0000] {logging_mixin.py:188} INFO - [2023-12-20T06:48:43.566+0000] {dag.py:3033} INFO - Sync 1 DAGs
[2023-12-20T06:48:44.169+0000] {logging_mixin.py:188} INFO - [2023-12-20T06:48:44.169+0000] {dag.py:3820} INFO - Setting next_dagrun for example_short_circuit_operator to 2023-12-19T00:00:00+00:00, run_after=2023-12-20T00:00:00+00:00
[2023-12-20T06:48:45.124+0000] {processor.py:183} INFO - Processing /home/airflow/.local/lib/python3.8/site-packages/airflow/example_dags/example_short_circuit_operator.py took 3.699 seconds
