[2023-12-20T05:41:08.439+0000] {processor.py:161} INFO - Started process (PID=68) to work on /home/airflow/.local/lib/python3.8/site-packages/airflow/example_dags/example_setup_teardown.py
[2023-12-20T05:41:08.442+0000] {processor.py:830} INFO - Processing file /home/airflow/.local/lib/python3.8/site-packages/airflow/example_dags/example_setup_teardown.py for tasks to queue
[2023-12-20T05:41:08.461+0000] {logging_mixin.py:188} INFO - [2023-12-20T05:41:08.460+0000] {dagbag.py:538} INFO - Filling up the DagBag from /home/airflow/.local/lib/python3.8/site-packages/airflow/example_dags/example_setup_teardown.py
[2023-12-20T05:41:08.590+0000] {processor.py:840} INFO - DAG(s) 'example_setup_teardown' retrieved from /home/airflow/.local/lib/python3.8/site-packages/airflow/example_dags/example_setup_teardown.py
[2023-12-20T05:41:11.602+0000] {logging_mixin.py:188} INFO - [2023-12-20T05:41:11.601+0000] {dag.py:3033} INFO - Sync 1 DAGs
[2023-12-20T05:41:12.467+0000] {logging_mixin.py:188} INFO - [2023-12-20T05:41:12.462+0000] {dag.py:3820} INFO - Setting next_dagrun for example_setup_teardown to 2023-12-19T00:00:00+00:00, run_after=2023-12-20T00:00:00+00:00
[2023-12-20T05:41:12.784+0000] {processor.py:183} INFO - Processing /home/airflow/.local/lib/python3.8/site-packages/airflow/example_dags/example_setup_teardown.py took 4.376 seconds
[2023-12-20T05:42:21.378+0000] {processor.py:161} INFO - Started process (PID=129) to work on /home/airflow/.local/lib/python3.8/site-packages/airflow/example_dags/example_setup_teardown.py
[2023-12-20T05:42:21.391+0000] {processor.py:830} INFO - Processing file /home/airflow/.local/lib/python3.8/site-packages/airflow/example_dags/example_setup_teardown.py for tasks to queue
[2023-12-20T05:42:21.405+0000] {logging_mixin.py:188} INFO - [2023-12-20T05:42:21.404+0000] {dagbag.py:538} INFO - Filling up the DagBag from /home/airflow/.local/lib/python3.8/site-packages/airflow/example_dags/example_setup_teardown.py
[2023-12-20T05:42:21.489+0000] {processor.py:840} INFO - DAG(s) 'example_setup_teardown' retrieved from /home/airflow/.local/lib/python3.8/site-packages/airflow/example_dags/example_setup_teardown.py
[2023-12-20T05:42:21.636+0000] {logging_mixin.py:188} INFO - [2023-12-20T05:42:21.636+0000] {dag.py:3033} INFO - Sync 1 DAGs
[2023-12-20T05:42:22.561+0000] {logging_mixin.py:188} INFO - [2023-12-20T05:42:22.560+0000] {dag.py:3820} INFO - Setting next_dagrun for example_setup_teardown to 2023-12-19T00:00:00+00:00, run_after=2023-12-20T00:00:00+00:00
[2023-12-20T05:42:23.074+0000] {processor.py:183} INFO - Processing /home/airflow/.local/lib/python3.8/site-packages/airflow/example_dags/example_setup_teardown.py took 1.722 seconds
[2023-12-20T06:06:52.022+0000] {processor.py:161} INFO - Started process (PID=48) to work on /home/airflow/.local/lib/python3.8/site-packages/airflow/example_dags/example_setup_teardown.py
[2023-12-20T06:06:52.029+0000] {processor.py:830} INFO - Processing file /home/airflow/.local/lib/python3.8/site-packages/airflow/example_dags/example_setup_teardown.py for tasks to queue
[2023-12-20T06:06:52.052+0000] {logging_mixin.py:188} INFO - [2023-12-20T06:06:52.051+0000] {dagbag.py:538} INFO - Filling up the DagBag from /home/airflow/.local/lib/python3.8/site-packages/airflow/example_dags/example_setup_teardown.py
[2023-12-20T06:06:52.122+0000] {processor.py:840} INFO - DAG(s) 'example_setup_teardown' retrieved from /home/airflow/.local/lib/python3.8/site-packages/airflow/example_dags/example_setup_teardown.py
[2023-12-20T06:06:52.281+0000] {logging_mixin.py:188} INFO - [2023-12-20T06:06:52.276+0000] {dag.py:3033} INFO - Sync 1 DAGs
[2023-12-20T06:06:52.523+0000] {logging_mixin.py:188} INFO - [2023-12-20T06:06:52.522+0000] {dag.py:3820} INFO - Setting next_dagrun for example_setup_teardown to 2023-12-19T00:00:00+00:00, run_after=2023-12-20T00:00:00+00:00
[2023-12-20T06:06:52.659+0000] {processor.py:183} INFO - Processing /home/airflow/.local/lib/python3.8/site-packages/airflow/example_dags/example_setup_teardown.py took 0.687 seconds
[2023-12-20T06:07:25.526+0000] {processor.py:161} INFO - Started process (PID=109) to work on /home/airflow/.local/lib/python3.8/site-packages/airflow/example_dags/example_setup_teardown.py
[2023-12-20T06:07:25.544+0000] {processor.py:830} INFO - Processing file /home/airflow/.local/lib/python3.8/site-packages/airflow/example_dags/example_setup_teardown.py for tasks to queue
[2023-12-20T06:07:25.564+0000] {logging_mixin.py:188} INFO - [2023-12-20T06:07:25.548+0000] {dagbag.py:538} INFO - Filling up the DagBag from /home/airflow/.local/lib/python3.8/site-packages/airflow/example_dags/example_setup_teardown.py
[2023-12-20T06:07:25.641+0000] {processor.py:840} INFO - DAG(s) 'example_setup_teardown' retrieved from /home/airflow/.local/lib/python3.8/site-packages/airflow/example_dags/example_setup_teardown.py
[2023-12-20T06:07:25.874+0000] {logging_mixin.py:188} INFO - [2023-12-20T06:07:25.874+0000] {dag.py:3033} INFO - Sync 1 DAGs
[2023-12-20T06:07:26.159+0000] {logging_mixin.py:188} INFO - [2023-12-20T06:07:26.158+0000] {dag.py:3820} INFO - Setting next_dagrun for example_setup_teardown to 2023-12-19T00:00:00+00:00, run_after=2023-12-20T00:00:00+00:00
[2023-12-20T06:07:26.402+0000] {processor.py:183} INFO - Processing /home/airflow/.local/lib/python3.8/site-packages/airflow/example_dags/example_setup_teardown.py took 0.911 seconds
[2023-12-20T06:07:57.273+0000] {processor.py:161} INFO - Started process (PID=164) to work on /home/airflow/.local/lib/python3.8/site-packages/airflow/example_dags/example_setup_teardown.py
[2023-12-20T06:07:57.289+0000] {processor.py:830} INFO - Processing file /home/airflow/.local/lib/python3.8/site-packages/airflow/example_dags/example_setup_teardown.py for tasks to queue
[2023-12-20T06:07:57.301+0000] {logging_mixin.py:188} INFO - [2023-12-20T06:07:57.301+0000] {dagbag.py:538} INFO - Filling up the DagBag from /home/airflow/.local/lib/python3.8/site-packages/airflow/example_dags/example_setup_teardown.py
[2023-12-20T06:07:57.345+0000] {processor.py:840} INFO - DAG(s) 'example_setup_teardown' retrieved from /home/airflow/.local/lib/python3.8/site-packages/airflow/example_dags/example_setup_teardown.py
[2023-12-20T06:07:57.494+0000] {logging_mixin.py:188} INFO - [2023-12-20T06:07:57.493+0000] {dag.py:3033} INFO - Sync 1 DAGs
[2023-12-20T06:07:57.617+0000] {logging_mixin.py:188} INFO - [2023-12-20T06:07:57.617+0000] {dag.py:3820} INFO - Setting next_dagrun for example_setup_teardown to 2023-12-19T00:00:00+00:00, run_after=2023-12-20T00:00:00+00:00
[2023-12-20T06:07:57.718+0000] {processor.py:183} INFO - Processing /home/airflow/.local/lib/python3.8/site-packages/airflow/example_dags/example_setup_teardown.py took 0.484 seconds
[2023-12-20T06:08:28.184+0000] {processor.py:161} INFO - Started process (PID=217) to work on /home/airflow/.local/lib/python3.8/site-packages/airflow/example_dags/example_setup_teardown.py
[2023-12-20T06:08:28.209+0000] {processor.py:830} INFO - Processing file /home/airflow/.local/lib/python3.8/site-packages/airflow/example_dags/example_setup_teardown.py for tasks to queue
[2023-12-20T06:08:28.223+0000] {logging_mixin.py:188} INFO - [2023-12-20T06:08:28.223+0000] {dagbag.py:538} INFO - Filling up the DagBag from /home/airflow/.local/lib/python3.8/site-packages/airflow/example_dags/example_setup_teardown.py
[2023-12-20T06:08:28.244+0000] {processor.py:840} INFO - DAG(s) 'example_setup_teardown' retrieved from /home/airflow/.local/lib/python3.8/site-packages/airflow/example_dags/example_setup_teardown.py
[2023-12-20T06:08:28.366+0000] {logging_mixin.py:188} INFO - [2023-12-20T06:08:28.366+0000] {dag.py:3033} INFO - Sync 1 DAGs
[2023-12-20T06:08:28.528+0000] {logging_mixin.py:188} INFO - [2023-12-20T06:08:28.527+0000] {dag.py:3820} INFO - Setting next_dagrun for example_setup_teardown to 2023-12-19T00:00:00+00:00, run_after=2023-12-20T00:00:00+00:00
[2023-12-20T06:08:28.657+0000] {processor.py:183} INFO - Processing /home/airflow/.local/lib/python3.8/site-packages/airflow/example_dags/example_setup_teardown.py took 0.480 seconds
[2023-12-20T06:09:11.836+0000] {processor.py:161} INFO - Started process (PID=272) to work on /home/airflow/.local/lib/python3.8/site-packages/airflow/example_dags/example_setup_teardown.py
[2023-12-20T06:09:11.873+0000] {processor.py:830} INFO - Processing file /home/airflow/.local/lib/python3.8/site-packages/airflow/example_dags/example_setup_teardown.py for tasks to queue
[2023-12-20T06:09:11.877+0000] {logging_mixin.py:188} INFO - [2023-12-20T06:09:11.876+0000] {dagbag.py:538} INFO - Filling up the DagBag from /home/airflow/.local/lib/python3.8/site-packages/airflow/example_dags/example_setup_teardown.py
[2023-12-20T06:09:11.892+0000] {processor.py:840} INFO - DAG(s) 'example_setup_teardown' retrieved from /home/airflow/.local/lib/python3.8/site-packages/airflow/example_dags/example_setup_teardown.py
[2023-12-20T06:09:11.942+0000] {logging_mixin.py:188} INFO - [2023-12-20T06:09:11.941+0000] {dag.py:3033} INFO - Sync 1 DAGs
[2023-12-20T06:09:12.050+0000] {logging_mixin.py:188} INFO - [2023-12-20T06:09:12.028+0000] {dag.py:3820} INFO - Setting next_dagrun for example_setup_teardown to 2023-12-19T00:00:00+00:00, run_after=2023-12-20T00:00:00+00:00
[2023-12-20T06:09:12.235+0000] {processor.py:183} INFO - Processing /home/airflow/.local/lib/python3.8/site-packages/airflow/example_dags/example_setup_teardown.py took 0.421 seconds
[2023-12-20T06:09:42.485+0000] {processor.py:161} INFO - Started process (PID=327) to work on /home/airflow/.local/lib/python3.8/site-packages/airflow/example_dags/example_setup_teardown.py
[2023-12-20T06:09:42.506+0000] {processor.py:830} INFO - Processing file /home/airflow/.local/lib/python3.8/site-packages/airflow/example_dags/example_setup_teardown.py for tasks to queue
[2023-12-20T06:09:42.523+0000] {logging_mixin.py:188} INFO - [2023-12-20T06:09:42.522+0000] {dagbag.py:538} INFO - Filling up the DagBag from /home/airflow/.local/lib/python3.8/site-packages/airflow/example_dags/example_setup_teardown.py
[2023-12-20T06:09:42.543+0000] {processor.py:840} INFO - DAG(s) 'example_setup_teardown' retrieved from /home/airflow/.local/lib/python3.8/site-packages/airflow/example_dags/example_setup_teardown.py
[2023-12-20T06:09:42.599+0000] {logging_mixin.py:188} INFO - [2023-12-20T06:09:42.598+0000] {dag.py:3033} INFO - Sync 1 DAGs
[2023-12-20T06:09:42.698+0000] {logging_mixin.py:188} INFO - [2023-12-20T06:09:42.697+0000] {dag.py:3820} INFO - Setting next_dagrun for example_setup_teardown to 2023-12-19T00:00:00+00:00, run_after=2023-12-20T00:00:00+00:00
[2023-12-20T06:09:42.912+0000] {processor.py:183} INFO - Processing /home/airflow/.local/lib/python3.8/site-packages/airflow/example_dags/example_setup_teardown.py took 0.434 seconds
[2023-12-20T06:10:13.801+0000] {processor.py:161} INFO - Started process (PID=381) to work on /home/airflow/.local/lib/python3.8/site-packages/airflow/example_dags/example_setup_teardown.py
[2023-12-20T06:10:13.820+0000] {processor.py:830} INFO - Processing file /home/airflow/.local/lib/python3.8/site-packages/airflow/example_dags/example_setup_teardown.py for tasks to queue
[2023-12-20T06:10:13.825+0000] {logging_mixin.py:188} INFO - [2023-12-20T06:10:13.824+0000] {dagbag.py:538} INFO - Filling up the DagBag from /home/airflow/.local/lib/python3.8/site-packages/airflow/example_dags/example_setup_teardown.py
[2023-12-20T06:10:13.840+0000] {processor.py:840} INFO - DAG(s) 'example_setup_teardown' retrieved from /home/airflow/.local/lib/python3.8/site-packages/airflow/example_dags/example_setup_teardown.py
[2023-12-20T06:10:13.958+0000] {logging_mixin.py:188} INFO - [2023-12-20T06:10:13.958+0000] {dag.py:3033} INFO - Sync 1 DAGs
[2023-12-20T06:10:14.083+0000] {logging_mixin.py:188} INFO - [2023-12-20T06:10:14.082+0000] {dag.py:3820} INFO - Setting next_dagrun for example_setup_teardown to 2023-12-19T00:00:00+00:00, run_after=2023-12-20T00:00:00+00:00
[2023-12-20T06:10:14.221+0000] {processor.py:183} INFO - Processing /home/airflow/.local/lib/python3.8/site-packages/airflow/example_dags/example_setup_teardown.py took 0.427 seconds
[2023-12-20T06:10:46.080+0000] {processor.py:161} INFO - Started process (PID=436) to work on /home/airflow/.local/lib/python3.8/site-packages/airflow/example_dags/example_setup_teardown.py
[2023-12-20T06:10:46.083+0000] {processor.py:830} INFO - Processing file /home/airflow/.local/lib/python3.8/site-packages/airflow/example_dags/example_setup_teardown.py for tasks to queue
[2023-12-20T06:10:46.096+0000] {logging_mixin.py:188} INFO - [2023-12-20T06:10:46.095+0000] {dagbag.py:538} INFO - Filling up the DagBag from /home/airflow/.local/lib/python3.8/site-packages/airflow/example_dags/example_setup_teardown.py
[2023-12-20T06:10:46.150+0000] {processor.py:840} INFO - DAG(s) 'example_setup_teardown' retrieved from /home/airflow/.local/lib/python3.8/site-packages/airflow/example_dags/example_setup_teardown.py
[2023-12-20T06:10:46.322+0000] {logging_mixin.py:188} INFO - [2023-12-20T06:10:46.322+0000] {dag.py:3033} INFO - Sync 1 DAGs
[2023-12-20T06:10:46.598+0000] {logging_mixin.py:188} INFO - [2023-12-20T06:10:46.598+0000] {dag.py:3820} INFO - Setting next_dagrun for example_setup_teardown to 2023-12-19T00:00:00+00:00, run_after=2023-12-20T00:00:00+00:00
[2023-12-20T06:10:46.814+0000] {processor.py:183} INFO - Processing /home/airflow/.local/lib/python3.8/site-packages/airflow/example_dags/example_setup_teardown.py took 0.756 seconds
[2023-12-20T06:11:18.235+0000] {processor.py:161} INFO - Started process (PID=489) to work on /home/airflow/.local/lib/python3.8/site-packages/airflow/example_dags/example_setup_teardown.py
[2023-12-20T06:11:18.237+0000] {processor.py:830} INFO - Processing file /home/airflow/.local/lib/python3.8/site-packages/airflow/example_dags/example_setup_teardown.py for tasks to queue
[2023-12-20T06:11:18.272+0000] {logging_mixin.py:188} INFO - [2023-12-20T06:11:18.271+0000] {dagbag.py:538} INFO - Filling up the DagBag from /home/airflow/.local/lib/python3.8/site-packages/airflow/example_dags/example_setup_teardown.py
[2023-12-20T06:11:18.362+0000] {processor.py:840} INFO - DAG(s) 'example_setup_teardown' retrieved from /home/airflow/.local/lib/python3.8/site-packages/airflow/example_dags/example_setup_teardown.py
[2023-12-20T06:11:18.499+0000] {logging_mixin.py:188} INFO - [2023-12-20T06:11:18.499+0000] {dag.py:3033} INFO - Sync 1 DAGs
[2023-12-20T06:11:18.608+0000] {logging_mixin.py:188} INFO - [2023-12-20T06:11:18.607+0000] {dag.py:3820} INFO - Setting next_dagrun for example_setup_teardown to 2023-12-19T00:00:00+00:00, run_after=2023-12-20T00:00:00+00:00
[2023-12-20T06:11:18.693+0000] {processor.py:183} INFO - Processing /home/airflow/.local/lib/python3.8/site-packages/airflow/example_dags/example_setup_teardown.py took 0.502 seconds
[2023-12-20T06:11:49.592+0000] {processor.py:161} INFO - Started process (PID=545) to work on /home/airflow/.local/lib/python3.8/site-packages/airflow/example_dags/example_setup_teardown.py
[2023-12-20T06:11:49.632+0000] {processor.py:830} INFO - Processing file /home/airflow/.local/lib/python3.8/site-packages/airflow/example_dags/example_setup_teardown.py for tasks to queue
[2023-12-20T06:11:49.637+0000] {logging_mixin.py:188} INFO - [2023-12-20T06:11:49.636+0000] {dagbag.py:538} INFO - Filling up the DagBag from /home/airflow/.local/lib/python3.8/site-packages/airflow/example_dags/example_setup_teardown.py
[2023-12-20T06:11:49.666+0000] {processor.py:840} INFO - DAG(s) 'example_setup_teardown' retrieved from /home/airflow/.local/lib/python3.8/site-packages/airflow/example_dags/example_setup_teardown.py
[2023-12-20T06:11:49.729+0000] {logging_mixin.py:188} INFO - [2023-12-20T06:11:49.729+0000] {dag.py:3033} INFO - Sync 1 DAGs
[2023-12-20T06:11:49.786+0000] {logging_mixin.py:188} INFO - [2023-12-20T06:11:49.786+0000] {dag.py:3820} INFO - Setting next_dagrun for example_setup_teardown to 2023-12-19T00:00:00+00:00, run_after=2023-12-20T00:00:00+00:00
[2023-12-20T06:11:49.911+0000] {processor.py:183} INFO - Processing /home/airflow/.local/lib/python3.8/site-packages/airflow/example_dags/example_setup_teardown.py took 0.326 seconds
[2023-12-20T06:12:20.458+0000] {processor.py:161} INFO - Started process (PID=599) to work on /home/airflow/.local/lib/python3.8/site-packages/airflow/example_dags/example_setup_teardown.py
[2023-12-20T06:12:20.469+0000] {processor.py:830} INFO - Processing file /home/airflow/.local/lib/python3.8/site-packages/airflow/example_dags/example_setup_teardown.py for tasks to queue
[2023-12-20T06:12:20.475+0000] {logging_mixin.py:188} INFO - [2023-12-20T06:12:20.474+0000] {dagbag.py:538} INFO - Filling up the DagBag from /home/airflow/.local/lib/python3.8/site-packages/airflow/example_dags/example_setup_teardown.py
[2023-12-20T06:12:20.528+0000] {processor.py:840} INFO - DAG(s) 'example_setup_teardown' retrieved from /home/airflow/.local/lib/python3.8/site-packages/airflow/example_dags/example_setup_teardown.py
[2023-12-20T06:12:20.648+0000] {logging_mixin.py:188} INFO - [2023-12-20T06:12:20.647+0000] {dag.py:3033} INFO - Sync 1 DAGs
[2023-12-20T06:12:20.836+0000] {logging_mixin.py:188} INFO - [2023-12-20T06:12:20.836+0000] {dag.py:3820} INFO - Setting next_dagrun for example_setup_teardown to 2023-12-19T00:00:00+00:00, run_after=2023-12-20T00:00:00+00:00
[2023-12-20T06:12:21.111+0000] {processor.py:183} INFO - Processing /home/airflow/.local/lib/python3.8/site-packages/airflow/example_dags/example_setup_teardown.py took 0.684 seconds
[2023-12-20T06:12:58.537+0000] {processor.py:161} INFO - Started process (PID=654) to work on /home/airflow/.local/lib/python3.8/site-packages/airflow/example_dags/example_setup_teardown.py
[2023-12-20T06:12:58.550+0000] {processor.py:830} INFO - Processing file /home/airflow/.local/lib/python3.8/site-packages/airflow/example_dags/example_setup_teardown.py for tasks to queue
[2023-12-20T06:12:58.572+0000] {logging_mixin.py:188} INFO - [2023-12-20T06:12:58.571+0000] {dagbag.py:538} INFO - Filling up the DagBag from /home/airflow/.local/lib/python3.8/site-packages/airflow/example_dags/example_setup_teardown.py
[2023-12-20T06:12:58.709+0000] {processor.py:840} INFO - DAG(s) 'example_setup_teardown' retrieved from /home/airflow/.local/lib/python3.8/site-packages/airflow/example_dags/example_setup_teardown.py
[2023-12-20T06:12:58.997+0000] {logging_mixin.py:188} INFO - [2023-12-20T06:12:58.996+0000] {dag.py:3033} INFO - Sync 1 DAGs
[2023-12-20T06:12:59.412+0000] {logging_mixin.py:188} INFO - [2023-12-20T06:12:59.412+0000] {dag.py:3820} INFO - Setting next_dagrun for example_setup_teardown to 2023-12-19T00:00:00+00:00, run_after=2023-12-20T00:00:00+00:00
[2023-12-20T06:12:59.773+0000] {processor.py:183} INFO - Processing /home/airflow/.local/lib/python3.8/site-packages/airflow/example_dags/example_setup_teardown.py took 1.269 seconds
[2023-12-20T06:13:36.031+0000] {processor.py:161} INFO - Started process (PID=710) to work on /home/airflow/.local/lib/python3.8/site-packages/airflow/example_dags/example_setup_teardown.py
[2023-12-20T06:13:36.098+0000] {processor.py:830} INFO - Processing file /home/airflow/.local/lib/python3.8/site-packages/airflow/example_dags/example_setup_teardown.py for tasks to queue
[2023-12-20T06:13:36.107+0000] {logging_mixin.py:188} INFO - [2023-12-20T06:13:36.106+0000] {dagbag.py:538} INFO - Filling up the DagBag from /home/airflow/.local/lib/python3.8/site-packages/airflow/example_dags/example_setup_teardown.py
[2023-12-20T06:13:36.197+0000] {processor.py:840} INFO - DAG(s) 'example_setup_teardown' retrieved from /home/airflow/.local/lib/python3.8/site-packages/airflow/example_dags/example_setup_teardown.py
[2023-12-20T06:13:36.439+0000] {logging_mixin.py:188} INFO - [2023-12-20T06:13:36.439+0000] {dag.py:3033} INFO - Sync 1 DAGs
[2023-12-20T06:13:36.779+0000] {logging_mixin.py:188} INFO - [2023-12-20T06:13:36.778+0000] {dag.py:3820} INFO - Setting next_dagrun for example_setup_teardown to 2023-12-19T00:00:00+00:00, run_after=2023-12-20T00:00:00+00:00
[2023-12-20T06:13:37.157+0000] {processor.py:183} INFO - Processing /home/airflow/.local/lib/python3.8/site-packages/airflow/example_dags/example_setup_teardown.py took 1.164 seconds
[2023-12-20T06:14:14.212+0000] {processor.py:161} INFO - Started process (PID=759) to work on /home/airflow/.local/lib/python3.8/site-packages/airflow/example_dags/example_setup_teardown.py
[2023-12-20T06:14:14.223+0000] {processor.py:830} INFO - Processing file /home/airflow/.local/lib/python3.8/site-packages/airflow/example_dags/example_setup_teardown.py for tasks to queue
[2023-12-20T06:14:14.266+0000] {logging_mixin.py:188} INFO - [2023-12-20T06:14:14.266+0000] {dagbag.py:538} INFO - Filling up the DagBag from /home/airflow/.local/lib/python3.8/site-packages/airflow/example_dags/example_setup_teardown.py
[2023-12-20T06:14:14.364+0000] {processor.py:840} INFO - DAG(s) 'example_setup_teardown' retrieved from /home/airflow/.local/lib/python3.8/site-packages/airflow/example_dags/example_setup_teardown.py
[2023-12-20T06:14:14.557+0000] {logging_mixin.py:188} INFO - [2023-12-20T06:14:14.555+0000] {dag.py:3033} INFO - Sync 1 DAGs
[2023-12-20T06:14:15.148+0000] {logging_mixin.py:188} INFO - [2023-12-20T06:14:15.147+0000] {dag.py:3820} INFO - Setting next_dagrun for example_setup_teardown to 2023-12-19T00:00:00+00:00, run_after=2023-12-20T00:00:00+00:00
[2023-12-20T06:14:15.746+0000] {processor.py:183} INFO - Processing /home/airflow/.local/lib/python3.8/site-packages/airflow/example_dags/example_setup_teardown.py took 1.577 seconds
[2023-12-20T06:14:47.493+0000] {processor.py:161} INFO - Started process (PID=810) to work on /home/airflow/.local/lib/python3.8/site-packages/airflow/example_dags/example_setup_teardown.py
[2023-12-20T06:14:47.563+0000] {processor.py:830} INFO - Processing file /home/airflow/.local/lib/python3.8/site-packages/airflow/example_dags/example_setup_teardown.py for tasks to queue
[2023-12-20T06:14:47.567+0000] {logging_mixin.py:188} INFO - [2023-12-20T06:14:47.567+0000] {dagbag.py:538} INFO - Filling up the DagBag from /home/airflow/.local/lib/python3.8/site-packages/airflow/example_dags/example_setup_teardown.py
[2023-12-20T06:14:47.682+0000] {processor.py:840} INFO - DAG(s) 'example_setup_teardown' retrieved from /home/airflow/.local/lib/python3.8/site-packages/airflow/example_dags/example_setup_teardown.py
[2023-12-20T06:14:48.281+0000] {logging_mixin.py:188} INFO - [2023-12-20T06:14:48.280+0000] {dag.py:3033} INFO - Sync 1 DAGs
[2023-12-20T06:14:48.599+0000] {logging_mixin.py:188} INFO - [2023-12-20T06:14:48.598+0000] {dag.py:3820} INFO - Setting next_dagrun for example_setup_teardown to 2023-12-19T00:00:00+00:00, run_after=2023-12-20T00:00:00+00:00
[2023-12-20T06:14:48.809+0000] {processor.py:183} INFO - Processing /home/airflow/.local/lib/python3.8/site-packages/airflow/example_dags/example_setup_teardown.py took 1.387 seconds
[2023-12-20T06:15:19.376+0000] {processor.py:161} INFO - Started process (PID=865) to work on /home/airflow/.local/lib/python3.8/site-packages/airflow/example_dags/example_setup_teardown.py
[2023-12-20T06:15:19.383+0000] {processor.py:830} INFO - Processing file /home/airflow/.local/lib/python3.8/site-packages/airflow/example_dags/example_setup_teardown.py for tasks to queue
[2023-12-20T06:15:19.387+0000] {logging_mixin.py:188} INFO - [2023-12-20T06:15:19.386+0000] {dagbag.py:538} INFO - Filling up the DagBag from /home/airflow/.local/lib/python3.8/site-packages/airflow/example_dags/example_setup_teardown.py
[2023-12-20T06:15:19.445+0000] {processor.py:840} INFO - DAG(s) 'example_setup_teardown' retrieved from /home/airflow/.local/lib/python3.8/site-packages/airflow/example_dags/example_setup_teardown.py
[2023-12-20T06:15:19.708+0000] {logging_mixin.py:188} INFO - [2023-12-20T06:15:19.705+0000] {dag.py:3033} INFO - Sync 1 DAGs
[2023-12-20T06:15:20.093+0000] {logging_mixin.py:188} INFO - [2023-12-20T06:15:20.092+0000] {dag.py:3820} INFO - Setting next_dagrun for example_setup_teardown to 2023-12-19T00:00:00+00:00, run_after=2023-12-20T00:00:00+00:00
[2023-12-20T06:15:20.373+0000] {processor.py:183} INFO - Processing /home/airflow/.local/lib/python3.8/site-packages/airflow/example_dags/example_setup_teardown.py took 1.006 seconds
[2023-12-20T06:15:50.706+0000] {processor.py:161} INFO - Started process (PID=920) to work on /home/airflow/.local/lib/python3.8/site-packages/airflow/example_dags/example_setup_teardown.py
[2023-12-20T06:15:50.712+0000] {processor.py:830} INFO - Processing file /home/airflow/.local/lib/python3.8/site-packages/airflow/example_dags/example_setup_teardown.py for tasks to queue
[2023-12-20T06:15:50.720+0000] {logging_mixin.py:188} INFO - [2023-12-20T06:15:50.719+0000] {dagbag.py:538} INFO - Filling up the DagBag from /home/airflow/.local/lib/python3.8/site-packages/airflow/example_dags/example_setup_teardown.py
[2023-12-20T06:15:50.758+0000] {processor.py:840} INFO - DAG(s) 'example_setup_teardown' retrieved from /home/airflow/.local/lib/python3.8/site-packages/airflow/example_dags/example_setup_teardown.py
[2023-12-20T06:15:50.933+0000] {logging_mixin.py:188} INFO - [2023-12-20T06:15:50.933+0000] {dag.py:3033} INFO - Sync 1 DAGs
[2023-12-20T06:15:51.048+0000] {logging_mixin.py:188} INFO - [2023-12-20T06:15:51.047+0000] {dag.py:3820} INFO - Setting next_dagrun for example_setup_teardown to 2023-12-19T00:00:00+00:00, run_after=2023-12-20T00:00:00+00:00
[2023-12-20T06:15:51.161+0000] {processor.py:183} INFO - Processing /home/airflow/.local/lib/python3.8/site-packages/airflow/example_dags/example_setup_teardown.py took 0.470 seconds
[2023-12-20T06:16:21.861+0000] {processor.py:161} INFO - Started process (PID=975) to work on /home/airflow/.local/lib/python3.8/site-packages/airflow/example_dags/example_setup_teardown.py
[2023-12-20T06:16:21.864+0000] {processor.py:830} INFO - Processing file /home/airflow/.local/lib/python3.8/site-packages/airflow/example_dags/example_setup_teardown.py for tasks to queue
[2023-12-20T06:16:21.868+0000] {logging_mixin.py:188} INFO - [2023-12-20T06:16:21.867+0000] {dagbag.py:538} INFO - Filling up the DagBag from /home/airflow/.local/lib/python3.8/site-packages/airflow/example_dags/example_setup_teardown.py
[2023-12-20T06:16:21.883+0000] {processor.py:840} INFO - DAG(s) 'example_setup_teardown' retrieved from /home/airflow/.local/lib/python3.8/site-packages/airflow/example_dags/example_setup_teardown.py
[2023-12-20T06:16:21.942+0000] {logging_mixin.py:188} INFO - [2023-12-20T06:16:21.941+0000] {dag.py:3033} INFO - Sync 1 DAGs
[2023-12-20T06:16:22.006+0000] {logging_mixin.py:188} INFO - [2023-12-20T06:16:22.006+0000] {dag.py:3820} INFO - Setting next_dagrun for example_setup_teardown to 2023-12-19T00:00:00+00:00, run_after=2023-12-20T00:00:00+00:00
[2023-12-20T06:16:22.092+0000] {processor.py:183} INFO - Processing /home/airflow/.local/lib/python3.8/site-packages/airflow/example_dags/example_setup_teardown.py took 0.243 seconds
[2023-12-20T06:16:52.881+0000] {processor.py:161} INFO - Started process (PID=1029) to work on /home/airflow/.local/lib/python3.8/site-packages/airflow/example_dags/example_setup_teardown.py
[2023-12-20T06:16:52.883+0000] {processor.py:830} INFO - Processing file /home/airflow/.local/lib/python3.8/site-packages/airflow/example_dags/example_setup_teardown.py for tasks to queue
[2023-12-20T06:16:52.892+0000] {logging_mixin.py:188} INFO - [2023-12-20T06:16:52.891+0000] {dagbag.py:538} INFO - Filling up the DagBag from /home/airflow/.local/lib/python3.8/site-packages/airflow/example_dags/example_setup_teardown.py
[2023-12-20T06:16:52.936+0000] {processor.py:840} INFO - DAG(s) 'example_setup_teardown' retrieved from /home/airflow/.local/lib/python3.8/site-packages/airflow/example_dags/example_setup_teardown.py
[2023-12-20T06:16:53.114+0000] {logging_mixin.py:188} INFO - [2023-12-20T06:16:53.113+0000] {dag.py:3033} INFO - Sync 1 DAGs
[2023-12-20T06:16:53.335+0000] {logging_mixin.py:188} INFO - [2023-12-20T06:16:53.335+0000] {dag.py:3820} INFO - Setting next_dagrun for example_setup_teardown to 2023-12-19T00:00:00+00:00, run_after=2023-12-20T00:00:00+00:00
[2023-12-20T06:16:53.679+0000] {processor.py:183} INFO - Processing /home/airflow/.local/lib/python3.8/site-packages/airflow/example_dags/example_setup_teardown.py took 0.821 seconds
[2023-12-20T06:17:25.632+0000] {processor.py:161} INFO - Started process (PID=1084) to work on /home/airflow/.local/lib/python3.8/site-packages/airflow/example_dags/example_setup_teardown.py
[2023-12-20T06:17:25.668+0000] {processor.py:830} INFO - Processing file /home/airflow/.local/lib/python3.8/site-packages/airflow/example_dags/example_setup_teardown.py for tasks to queue
[2023-12-20T06:17:25.678+0000] {logging_mixin.py:188} INFO - [2023-12-20T06:17:25.677+0000] {dagbag.py:538} INFO - Filling up the DagBag from /home/airflow/.local/lib/python3.8/site-packages/airflow/example_dags/example_setup_teardown.py
[2023-12-20T06:17:25.780+0000] {processor.py:840} INFO - DAG(s) 'example_setup_teardown' retrieved from /home/airflow/.local/lib/python3.8/site-packages/airflow/example_dags/example_setup_teardown.py
[2023-12-20T06:17:25.938+0000] {logging_mixin.py:188} INFO - [2023-12-20T06:17:25.937+0000] {dag.py:3033} INFO - Sync 1 DAGs
[2023-12-20T06:17:26.008+0000] {logging_mixin.py:188} INFO - [2023-12-20T06:17:26.007+0000] {dag.py:3820} INFO - Setting next_dagrun for example_setup_teardown to 2023-12-19T00:00:00+00:00, run_after=2023-12-20T00:00:00+00:00
[2023-12-20T06:17:26.173+0000] {processor.py:183} INFO - Processing /home/airflow/.local/lib/python3.8/site-packages/airflow/example_dags/example_setup_teardown.py took 0.593 seconds
[2023-12-20T06:17:57.685+0000] {processor.py:161} INFO - Started process (PID=1137) to work on /home/airflow/.local/lib/python3.8/site-packages/airflow/example_dags/example_setup_teardown.py
[2023-12-20T06:17:57.688+0000] {processor.py:830} INFO - Processing file /home/airflow/.local/lib/python3.8/site-packages/airflow/example_dags/example_setup_teardown.py for tasks to queue
[2023-12-20T06:17:57.714+0000] {logging_mixin.py:188} INFO - [2023-12-20T06:17:57.712+0000] {dagbag.py:538} INFO - Filling up the DagBag from /home/airflow/.local/lib/python3.8/site-packages/airflow/example_dags/example_setup_teardown.py
[2023-12-20T06:17:57.755+0000] {processor.py:840} INFO - DAG(s) 'example_setup_teardown' retrieved from /home/airflow/.local/lib/python3.8/site-packages/airflow/example_dags/example_setup_teardown.py
[2023-12-20T06:17:58.245+0000] {logging_mixin.py:188} INFO - [2023-12-20T06:17:58.245+0000] {dag.py:3033} INFO - Sync 1 DAGs
[2023-12-20T06:17:59.643+0000] {logging_mixin.py:188} INFO - [2023-12-20T06:17:59.643+0000] {dag.py:3820} INFO - Setting next_dagrun for example_setup_teardown to 2023-12-19T00:00:00+00:00, run_after=2023-12-20T00:00:00+00:00
[2023-12-20T06:17:59.939+0000] {processor.py:183} INFO - Processing /home/airflow/.local/lib/python3.8/site-packages/airflow/example_dags/example_setup_teardown.py took 2.817 seconds
[2023-12-20T06:18:30.395+0000] {processor.py:161} INFO - Started process (PID=1191) to work on /home/airflow/.local/lib/python3.8/site-packages/airflow/example_dags/example_setup_teardown.py
[2023-12-20T06:18:30.398+0000] {processor.py:830} INFO - Processing file /home/airflow/.local/lib/python3.8/site-packages/airflow/example_dags/example_setup_teardown.py for tasks to queue
[2023-12-20T06:18:30.404+0000] {logging_mixin.py:188} INFO - [2023-12-20T06:18:30.403+0000] {dagbag.py:538} INFO - Filling up the DagBag from /home/airflow/.local/lib/python3.8/site-packages/airflow/example_dags/example_setup_teardown.py
[2023-12-20T06:18:30.425+0000] {processor.py:840} INFO - DAG(s) 'example_setup_teardown' retrieved from /home/airflow/.local/lib/python3.8/site-packages/airflow/example_dags/example_setup_teardown.py
[2023-12-20T06:18:30.516+0000] {logging_mixin.py:188} INFO - [2023-12-20T06:18:30.516+0000] {dag.py:3033} INFO - Sync 1 DAGs
[2023-12-20T06:18:30.609+0000] {logging_mixin.py:188} INFO - [2023-12-20T06:18:30.609+0000] {dag.py:3820} INFO - Setting next_dagrun for example_setup_teardown to 2023-12-19T00:00:00+00:00, run_after=2023-12-20T00:00:00+00:00
[2023-12-20T06:18:30.663+0000] {processor.py:183} INFO - Processing /home/airflow/.local/lib/python3.8/site-packages/airflow/example_dags/example_setup_teardown.py took 0.276 seconds
[2023-12-20T06:19:01.084+0000] {processor.py:161} INFO - Started process (PID=1246) to work on /home/airflow/.local/lib/python3.8/site-packages/airflow/example_dags/example_setup_teardown.py
[2023-12-20T06:19:01.127+0000] {processor.py:830} INFO - Processing file /home/airflow/.local/lib/python3.8/site-packages/airflow/example_dags/example_setup_teardown.py for tasks to queue
[2023-12-20T06:19:01.158+0000] {logging_mixin.py:188} INFO - [2023-12-20T06:19:01.157+0000] {dagbag.py:538} INFO - Filling up the DagBag from /home/airflow/.local/lib/python3.8/site-packages/airflow/example_dags/example_setup_teardown.py
[2023-12-20T06:19:01.202+0000] {processor.py:840} INFO - DAG(s) 'example_setup_teardown' retrieved from /home/airflow/.local/lib/python3.8/site-packages/airflow/example_dags/example_setup_teardown.py
[2023-12-20T06:19:01.314+0000] {logging_mixin.py:188} INFO - [2023-12-20T06:19:01.313+0000] {dag.py:3033} INFO - Sync 1 DAGs
[2023-12-20T06:19:01.376+0000] {logging_mixin.py:188} INFO - [2023-12-20T06:19:01.376+0000] {dag.py:3820} INFO - Setting next_dagrun for example_setup_teardown to 2023-12-19T00:00:00+00:00, run_after=2023-12-20T00:00:00+00:00
[2023-12-20T06:19:01.483+0000] {processor.py:183} INFO - Processing /home/airflow/.local/lib/python3.8/site-packages/airflow/example_dags/example_setup_teardown.py took 0.429 seconds
[2023-12-20T06:19:31.838+0000] {processor.py:161} INFO - Started process (PID=1302) to work on /home/airflow/.local/lib/python3.8/site-packages/airflow/example_dags/example_setup_teardown.py
[2023-12-20T06:19:31.840+0000] {processor.py:830} INFO - Processing file /home/airflow/.local/lib/python3.8/site-packages/airflow/example_dags/example_setup_teardown.py for tasks to queue
[2023-12-20T06:19:31.848+0000] {logging_mixin.py:188} INFO - [2023-12-20T06:19:31.847+0000] {dagbag.py:538} INFO - Filling up the DagBag from /home/airflow/.local/lib/python3.8/site-packages/airflow/example_dags/example_setup_teardown.py
[2023-12-20T06:19:31.866+0000] {processor.py:840} INFO - DAG(s) 'example_setup_teardown' retrieved from /home/airflow/.local/lib/python3.8/site-packages/airflow/example_dags/example_setup_teardown.py
[2023-12-20T06:19:31.925+0000] {logging_mixin.py:188} INFO - [2023-12-20T06:19:31.924+0000] {dag.py:3033} INFO - Sync 1 DAGs
[2023-12-20T06:19:31.997+0000] {logging_mixin.py:188} INFO - [2023-12-20T06:19:31.997+0000] {dag.py:3820} INFO - Setting next_dagrun for example_setup_teardown to 2023-12-19T00:00:00+00:00, run_after=2023-12-20T00:00:00+00:00
[2023-12-20T06:19:32.080+0000] {processor.py:183} INFO - Processing /home/airflow/.local/lib/python3.8/site-packages/airflow/example_dags/example_setup_teardown.py took 0.249 seconds
[2023-12-20T06:20:02.979+0000] {processor.py:161} INFO - Started process (PID=1357) to work on /home/airflow/.local/lib/python3.8/site-packages/airflow/example_dags/example_setup_teardown.py
[2023-12-20T06:20:02.982+0000] {processor.py:830} INFO - Processing file /home/airflow/.local/lib/python3.8/site-packages/airflow/example_dags/example_setup_teardown.py for tasks to queue
[2023-12-20T06:20:02.987+0000] {logging_mixin.py:188} INFO - [2023-12-20T06:20:02.986+0000] {dagbag.py:538} INFO - Filling up the DagBag from /home/airflow/.local/lib/python3.8/site-packages/airflow/example_dags/example_setup_teardown.py
[2023-12-20T06:20:03.015+0000] {processor.py:840} INFO - DAG(s) 'example_setup_teardown' retrieved from /home/airflow/.local/lib/python3.8/site-packages/airflow/example_dags/example_setup_teardown.py
[2023-12-20T06:20:03.138+0000] {logging_mixin.py:188} INFO - [2023-12-20T06:20:03.138+0000] {dag.py:3033} INFO - Sync 1 DAGs
[2023-12-20T06:20:03.284+0000] {logging_mixin.py:188} INFO - [2023-12-20T06:20:03.283+0000] {dag.py:3820} INFO - Setting next_dagrun for example_setup_teardown to 2023-12-19T00:00:00+00:00, run_after=2023-12-20T00:00:00+00:00
[2023-12-20T06:20:03.389+0000] {processor.py:183} INFO - Processing /home/airflow/.local/lib/python3.8/site-packages/airflow/example_dags/example_setup_teardown.py took 0.418 seconds
[2023-12-20T06:20:33.902+0000] {processor.py:161} INFO - Started process (PID=1413) to work on /home/airflow/.local/lib/python3.8/site-packages/airflow/example_dags/example_setup_teardown.py
[2023-12-20T06:20:33.908+0000] {processor.py:830} INFO - Processing file /home/airflow/.local/lib/python3.8/site-packages/airflow/example_dags/example_setup_teardown.py for tasks to queue
[2023-12-20T06:20:33.916+0000] {logging_mixin.py:188} INFO - [2023-12-20T06:20:33.915+0000] {dagbag.py:538} INFO - Filling up the DagBag from /home/airflow/.local/lib/python3.8/site-packages/airflow/example_dags/example_setup_teardown.py
[2023-12-20T06:20:33.950+0000] {processor.py:840} INFO - DAG(s) 'example_setup_teardown' retrieved from /home/airflow/.local/lib/python3.8/site-packages/airflow/example_dags/example_setup_teardown.py
[2023-12-20T06:20:34.028+0000] {logging_mixin.py:188} INFO - [2023-12-20T06:20:34.028+0000] {dag.py:3033} INFO - Sync 1 DAGs
[2023-12-20T06:20:34.109+0000] {logging_mixin.py:188} INFO - [2023-12-20T06:20:34.108+0000] {dag.py:3820} INFO - Setting next_dagrun for example_setup_teardown to 2023-12-19T00:00:00+00:00, run_after=2023-12-20T00:00:00+00:00
[2023-12-20T06:20:34.186+0000] {processor.py:183} INFO - Processing /home/airflow/.local/lib/python3.8/site-packages/airflow/example_dags/example_setup_teardown.py took 0.297 seconds
[2023-12-20T06:21:04.520+0000] {processor.py:161} INFO - Started process (PID=1467) to work on /home/airflow/.local/lib/python3.8/site-packages/airflow/example_dags/example_setup_teardown.py
[2023-12-20T06:21:04.562+0000] {processor.py:830} INFO - Processing file /home/airflow/.local/lib/python3.8/site-packages/airflow/example_dags/example_setup_teardown.py for tasks to queue
[2023-12-20T06:21:04.566+0000] {logging_mixin.py:188} INFO - [2023-12-20T06:21:04.566+0000] {dagbag.py:538} INFO - Filling up the DagBag from /home/airflow/.local/lib/python3.8/site-packages/airflow/example_dags/example_setup_teardown.py
[2023-12-20T06:21:04.583+0000] {processor.py:840} INFO - DAG(s) 'example_setup_teardown' retrieved from /home/airflow/.local/lib/python3.8/site-packages/airflow/example_dags/example_setup_teardown.py
[2023-12-20T06:21:04.637+0000] {logging_mixin.py:188} INFO - [2023-12-20T06:21:04.637+0000] {dag.py:3033} INFO - Sync 1 DAGs
[2023-12-20T06:21:04.700+0000] {logging_mixin.py:188} INFO - [2023-12-20T06:21:04.699+0000] {dag.py:3820} INFO - Setting next_dagrun for example_setup_teardown to 2023-12-19T00:00:00+00:00, run_after=2023-12-20T00:00:00+00:00
[2023-12-20T06:21:04.783+0000] {processor.py:183} INFO - Processing /home/airflow/.local/lib/python3.8/site-packages/airflow/example_dags/example_setup_teardown.py took 0.282 seconds
[2023-12-20T06:21:35.047+0000] {processor.py:161} INFO - Started process (PID=1521) to work on /home/airflow/.local/lib/python3.8/site-packages/airflow/example_dags/example_setup_teardown.py
[2023-12-20T06:21:35.049+0000] {processor.py:830} INFO - Processing file /home/airflow/.local/lib/python3.8/site-packages/airflow/example_dags/example_setup_teardown.py for tasks to queue
[2023-12-20T06:21:35.063+0000] {logging_mixin.py:188} INFO - [2023-12-20T06:21:35.063+0000] {dagbag.py:538} INFO - Filling up the DagBag from /home/airflow/.local/lib/python3.8/site-packages/airflow/example_dags/example_setup_teardown.py
[2023-12-20T06:21:35.136+0000] {processor.py:840} INFO - DAG(s) 'example_setup_teardown' retrieved from /home/airflow/.local/lib/python3.8/site-packages/airflow/example_dags/example_setup_teardown.py
[2023-12-20T06:21:35.262+0000] {logging_mixin.py:188} INFO - [2023-12-20T06:21:35.259+0000] {dag.py:3033} INFO - Sync 1 DAGs
[2023-12-20T06:21:35.394+0000] {logging_mixin.py:188} INFO - [2023-12-20T06:21:35.394+0000] {dag.py:3820} INFO - Setting next_dagrun for example_setup_teardown to 2023-12-19T00:00:00+00:00, run_after=2023-12-20T00:00:00+00:00
[2023-12-20T06:21:35.521+0000] {processor.py:183} INFO - Processing /home/airflow/.local/lib/python3.8/site-packages/airflow/example_dags/example_setup_teardown.py took 0.502 seconds
[2023-12-20T06:22:06.071+0000] {processor.py:161} INFO - Started process (PID=1578) to work on /home/airflow/.local/lib/python3.8/site-packages/airflow/example_dags/example_setup_teardown.py
[2023-12-20T06:22:06.112+0000] {processor.py:830} INFO - Processing file /home/airflow/.local/lib/python3.8/site-packages/airflow/example_dags/example_setup_teardown.py for tasks to queue
[2023-12-20T06:22:06.126+0000] {logging_mixin.py:188} INFO - [2023-12-20T06:22:06.126+0000] {dagbag.py:538} INFO - Filling up the DagBag from /home/airflow/.local/lib/python3.8/site-packages/airflow/example_dags/example_setup_teardown.py
[2023-12-20T06:22:06.197+0000] {processor.py:840} INFO - DAG(s) 'example_setup_teardown' retrieved from /home/airflow/.local/lib/python3.8/site-packages/airflow/example_dags/example_setup_teardown.py
[2023-12-20T06:22:06.426+0000] {logging_mixin.py:188} INFO - [2023-12-20T06:22:06.426+0000] {dag.py:3033} INFO - Sync 1 DAGs
[2023-12-20T06:22:06.648+0000] {logging_mixin.py:188} INFO - [2023-12-20T06:22:06.648+0000] {dag.py:3820} INFO - Setting next_dagrun for example_setup_teardown to 2023-12-19T00:00:00+00:00, run_after=2023-12-20T00:00:00+00:00
[2023-12-20T06:22:06.868+0000] {processor.py:183} INFO - Processing /home/airflow/.local/lib/python3.8/site-packages/airflow/example_dags/example_setup_teardown.py took 0.825 seconds
[2023-12-20T06:22:37.176+0000] {processor.py:161} INFO - Started process (PID=1633) to work on /home/airflow/.local/lib/python3.8/site-packages/airflow/example_dags/example_setup_teardown.py
[2023-12-20T06:22:37.183+0000] {processor.py:830} INFO - Processing file /home/airflow/.local/lib/python3.8/site-packages/airflow/example_dags/example_setup_teardown.py for tasks to queue
[2023-12-20T06:22:37.188+0000] {logging_mixin.py:188} INFO - [2023-12-20T06:22:37.185+0000] {dagbag.py:538} INFO - Filling up the DagBag from /home/airflow/.local/lib/python3.8/site-packages/airflow/example_dags/example_setup_teardown.py
[2023-12-20T06:22:37.209+0000] {processor.py:840} INFO - DAG(s) 'example_setup_teardown' retrieved from /home/airflow/.local/lib/python3.8/site-packages/airflow/example_dags/example_setup_teardown.py
[2023-12-20T06:22:37.285+0000] {logging_mixin.py:188} INFO - [2023-12-20T06:22:37.284+0000] {dag.py:3033} INFO - Sync 1 DAGs
[2023-12-20T06:22:37.360+0000] {logging_mixin.py:188} INFO - [2023-12-20T06:22:37.360+0000] {dag.py:3820} INFO - Setting next_dagrun for example_setup_teardown to 2023-12-19T00:00:00+00:00, run_after=2023-12-20T00:00:00+00:00
[2023-12-20T06:22:37.441+0000] {processor.py:183} INFO - Processing /home/airflow/.local/lib/python3.8/site-packages/airflow/example_dags/example_setup_teardown.py took 0.274 seconds
[2023-12-20T06:23:08.204+0000] {processor.py:161} INFO - Started process (PID=1688) to work on /home/airflow/.local/lib/python3.8/site-packages/airflow/example_dags/example_setup_teardown.py
[2023-12-20T06:23:08.211+0000] {processor.py:830} INFO - Processing file /home/airflow/.local/lib/python3.8/site-packages/airflow/example_dags/example_setup_teardown.py for tasks to queue
[2023-12-20T06:23:08.217+0000] {logging_mixin.py:188} INFO - [2023-12-20T06:23:08.212+0000] {dagbag.py:538} INFO - Filling up the DagBag from /home/airflow/.local/lib/python3.8/site-packages/airflow/example_dags/example_setup_teardown.py
[2023-12-20T06:23:08.250+0000] {processor.py:840} INFO - DAG(s) 'example_setup_teardown' retrieved from /home/airflow/.local/lib/python3.8/site-packages/airflow/example_dags/example_setup_teardown.py
[2023-12-20T06:23:08.334+0000] {logging_mixin.py:188} INFO - [2023-12-20T06:23:08.333+0000] {dag.py:3033} INFO - Sync 1 DAGs
[2023-12-20T06:23:08.479+0000] {logging_mixin.py:188} INFO - [2023-12-20T06:23:08.471+0000] {dag.py:3820} INFO - Setting next_dagrun for example_setup_teardown to 2023-12-19T00:00:00+00:00, run_after=2023-12-20T00:00:00+00:00
[2023-12-20T06:23:08.657+0000] {processor.py:183} INFO - Processing /home/airflow/.local/lib/python3.8/site-packages/airflow/example_dags/example_setup_teardown.py took 0.468 seconds
[2023-12-20T06:23:39.144+0000] {processor.py:161} INFO - Started process (PID=1743) to work on /home/airflow/.local/lib/python3.8/site-packages/airflow/example_dags/example_setup_teardown.py
[2023-12-20T06:23:39.149+0000] {processor.py:830} INFO - Processing file /home/airflow/.local/lib/python3.8/site-packages/airflow/example_dags/example_setup_teardown.py for tasks to queue
[2023-12-20T06:23:39.158+0000] {logging_mixin.py:188} INFO - [2023-12-20T06:23:39.154+0000] {dagbag.py:538} INFO - Filling up the DagBag from /home/airflow/.local/lib/python3.8/site-packages/airflow/example_dags/example_setup_teardown.py
[2023-12-20T06:23:39.270+0000] {processor.py:840} INFO - DAG(s) 'example_setup_teardown' retrieved from /home/airflow/.local/lib/python3.8/site-packages/airflow/example_dags/example_setup_teardown.py
[2023-12-20T06:23:39.446+0000] {logging_mixin.py:188} INFO - [2023-12-20T06:23:39.446+0000] {dag.py:3033} INFO - Sync 1 DAGs
[2023-12-20T06:23:39.596+0000] {logging_mixin.py:188} INFO - [2023-12-20T06:23:39.595+0000] {dag.py:3820} INFO - Setting next_dagrun for example_setup_teardown to 2023-12-19T00:00:00+00:00, run_after=2023-12-20T00:00:00+00:00
[2023-12-20T06:23:39.808+0000] {processor.py:183} INFO - Processing /home/airflow/.local/lib/python3.8/site-packages/airflow/example_dags/example_setup_teardown.py took 0.684 seconds
[2023-12-20T06:24:10.293+0000] {processor.py:161} INFO - Started process (PID=1792) to work on /home/airflow/.local/lib/python3.8/site-packages/airflow/example_dags/example_setup_teardown.py
[2023-12-20T06:24:10.325+0000] {processor.py:830} INFO - Processing file /home/airflow/.local/lib/python3.8/site-packages/airflow/example_dags/example_setup_teardown.py for tasks to queue
[2023-12-20T06:24:10.327+0000] {logging_mixin.py:188} INFO - [2023-12-20T06:24:10.326+0000] {dagbag.py:538} INFO - Filling up the DagBag from /home/airflow/.local/lib/python3.8/site-packages/airflow/example_dags/example_setup_teardown.py
[2023-12-20T06:24:10.426+0000] {processor.py:840} INFO - DAG(s) 'example_setup_teardown' retrieved from /home/airflow/.local/lib/python3.8/site-packages/airflow/example_dags/example_setup_teardown.py
[2023-12-20T06:24:10.692+0000] {logging_mixin.py:188} INFO - [2023-12-20T06:24:10.640+0000] {dag.py:3033} INFO - Sync 1 DAGs
[2023-12-20T06:24:10.875+0000] {logging_mixin.py:188} INFO - [2023-12-20T06:24:10.862+0000] {dag.py:3820} INFO - Setting next_dagrun for example_setup_teardown to 2023-12-19T00:00:00+00:00, run_after=2023-12-20T00:00:00+00:00
[2023-12-20T06:24:11.079+0000] {processor.py:183} INFO - Processing /home/airflow/.local/lib/python3.8/site-packages/airflow/example_dags/example_setup_teardown.py took 0.796 seconds
[2023-12-20T06:24:41.442+0000] {processor.py:161} INFO - Started process (PID=1845) to work on /home/airflow/.local/lib/python3.8/site-packages/airflow/example_dags/example_setup_teardown.py
[2023-12-20T06:24:41.444+0000] {processor.py:830} INFO - Processing file /home/airflow/.local/lib/python3.8/site-packages/airflow/example_dags/example_setup_teardown.py for tasks to queue
[2023-12-20T06:24:41.447+0000] {logging_mixin.py:188} INFO - [2023-12-20T06:24:41.446+0000] {dagbag.py:538} INFO - Filling up the DagBag from /home/airflow/.local/lib/python3.8/site-packages/airflow/example_dags/example_setup_teardown.py
[2023-12-20T06:24:41.464+0000] {processor.py:840} INFO - DAG(s) 'example_setup_teardown' retrieved from /home/airflow/.local/lib/python3.8/site-packages/airflow/example_dags/example_setup_teardown.py
[2023-12-20T06:24:41.529+0000] {logging_mixin.py:188} INFO - [2023-12-20T06:24:41.529+0000] {dag.py:3033} INFO - Sync 1 DAGs
[2023-12-20T06:24:41.589+0000] {logging_mixin.py:188} INFO - [2023-12-20T06:24:41.589+0000] {dag.py:3820} INFO - Setting next_dagrun for example_setup_teardown to 2023-12-19T00:00:00+00:00, run_after=2023-12-20T00:00:00+00:00
[2023-12-20T06:24:41.676+0000] {processor.py:183} INFO - Processing /home/airflow/.local/lib/python3.8/site-packages/airflow/example_dags/example_setup_teardown.py took 0.241 seconds
[2023-12-20T06:25:11.771+0000] {processor.py:161} INFO - Started process (PID=1899) to work on /home/airflow/.local/lib/python3.8/site-packages/airflow/example_dags/example_setup_teardown.py
[2023-12-20T06:25:11.816+0000] {processor.py:830} INFO - Processing file /home/airflow/.local/lib/python3.8/site-packages/airflow/example_dags/example_setup_teardown.py for tasks to queue
[2023-12-20T06:25:11.818+0000] {logging_mixin.py:188} INFO - [2023-12-20T06:25:11.817+0000] {dagbag.py:538} INFO - Filling up the DagBag from /home/airflow/.local/lib/python3.8/site-packages/airflow/example_dags/example_setup_teardown.py
[2023-12-20T06:25:11.835+0000] {processor.py:840} INFO - DAG(s) 'example_setup_teardown' retrieved from /home/airflow/.local/lib/python3.8/site-packages/airflow/example_dags/example_setup_teardown.py
[2023-12-20T06:25:11.894+0000] {logging_mixin.py:188} INFO - [2023-12-20T06:25:11.894+0000] {dag.py:3033} INFO - Sync 1 DAGs
[2023-12-20T06:25:11.973+0000] {logging_mixin.py:188} INFO - [2023-12-20T06:25:11.972+0000] {dag.py:3820} INFO - Setting next_dagrun for example_setup_teardown to 2023-12-19T00:00:00+00:00, run_after=2023-12-20T00:00:00+00:00
[2023-12-20T06:25:12.062+0000] {processor.py:183} INFO - Processing /home/airflow/.local/lib/python3.8/site-packages/airflow/example_dags/example_setup_teardown.py took 0.298 seconds
[2023-12-20T06:25:42.483+0000] {processor.py:161} INFO - Started process (PID=1954) to work on /home/airflow/.local/lib/python3.8/site-packages/airflow/example_dags/example_setup_teardown.py
[2023-12-20T06:25:42.490+0000] {processor.py:830} INFO - Processing file /home/airflow/.local/lib/python3.8/site-packages/airflow/example_dags/example_setup_teardown.py for tasks to queue
[2023-12-20T06:25:42.496+0000] {logging_mixin.py:188} INFO - [2023-12-20T06:25:42.494+0000] {dagbag.py:538} INFO - Filling up the DagBag from /home/airflow/.local/lib/python3.8/site-packages/airflow/example_dags/example_setup_teardown.py
[2023-12-20T06:25:42.543+0000] {processor.py:840} INFO - DAG(s) 'example_setup_teardown' retrieved from /home/airflow/.local/lib/python3.8/site-packages/airflow/example_dags/example_setup_teardown.py
[2023-12-20T06:25:42.642+0000] {logging_mixin.py:188} INFO - [2023-12-20T06:25:42.641+0000] {dag.py:3033} INFO - Sync 1 DAGs
[2023-12-20T06:25:42.709+0000] {logging_mixin.py:188} INFO - [2023-12-20T06:25:42.709+0000] {dag.py:3820} INFO - Setting next_dagrun for example_setup_teardown to 2023-12-19T00:00:00+00:00, run_after=2023-12-20T00:00:00+00:00
[2023-12-20T06:25:42.767+0000] {processor.py:183} INFO - Processing /home/airflow/.local/lib/python3.8/site-packages/airflow/example_dags/example_setup_teardown.py took 0.293 seconds
[2023-12-20T06:26:13.283+0000] {processor.py:161} INFO - Started process (PID=2008) to work on /home/airflow/.local/lib/python3.8/site-packages/airflow/example_dags/example_setup_teardown.py
[2023-12-20T06:26:13.296+0000] {processor.py:830} INFO - Processing file /home/airflow/.local/lib/python3.8/site-packages/airflow/example_dags/example_setup_teardown.py for tasks to queue
[2023-12-20T06:26:13.308+0000] {logging_mixin.py:188} INFO - [2023-12-20T06:26:13.307+0000] {dagbag.py:538} INFO - Filling up the DagBag from /home/airflow/.local/lib/python3.8/site-packages/airflow/example_dags/example_setup_teardown.py
[2023-12-20T06:26:13.484+0000] {processor.py:840} INFO - DAG(s) 'example_setup_teardown' retrieved from /home/airflow/.local/lib/python3.8/site-packages/airflow/example_dags/example_setup_teardown.py
[2023-12-20T06:26:13.654+0000] {logging_mixin.py:188} INFO - [2023-12-20T06:26:13.653+0000] {dag.py:3033} INFO - Sync 1 DAGs
[2023-12-20T06:26:13.790+0000] {logging_mixin.py:188} INFO - [2023-12-20T06:26:13.789+0000] {dag.py:3820} INFO - Setting next_dagrun for example_setup_teardown to 2023-12-19T00:00:00+00:00, run_after=2023-12-20T00:00:00+00:00
[2023-12-20T06:26:13.953+0000] {processor.py:183} INFO - Processing /home/airflow/.local/lib/python3.8/site-packages/airflow/example_dags/example_setup_teardown.py took 0.679 seconds
[2023-12-20T06:26:44.531+0000] {processor.py:161} INFO - Started process (PID=2070) to work on /home/airflow/.local/lib/python3.8/site-packages/airflow/example_dags/example_setup_teardown.py
[2023-12-20T06:26:44.533+0000] {processor.py:830} INFO - Processing file /home/airflow/.local/lib/python3.8/site-packages/airflow/example_dags/example_setup_teardown.py for tasks to queue
[2023-12-20T06:26:44.535+0000] {logging_mixin.py:188} INFO - [2023-12-20T06:26:44.534+0000] {dagbag.py:538} INFO - Filling up the DagBag from /home/airflow/.local/lib/python3.8/site-packages/airflow/example_dags/example_setup_teardown.py
[2023-12-20T06:26:44.604+0000] {processor.py:840} INFO - DAG(s) 'example_setup_teardown' retrieved from /home/airflow/.local/lib/python3.8/site-packages/airflow/example_dags/example_setup_teardown.py
[2023-12-20T06:26:44.654+0000] {logging_mixin.py:188} INFO - [2023-12-20T06:26:44.653+0000] {dag.py:3033} INFO - Sync 1 DAGs
[2023-12-20T06:26:44.710+0000] {logging_mixin.py:188} INFO - [2023-12-20T06:26:44.710+0000] {dag.py:3820} INFO - Setting next_dagrun for example_setup_teardown to 2023-12-19T00:00:00+00:00, run_after=2023-12-20T00:00:00+00:00
[2023-12-20T06:26:44.758+0000] {processor.py:183} INFO - Processing /home/airflow/.local/lib/python3.8/site-packages/airflow/example_dags/example_setup_teardown.py took 0.239 seconds
[2023-12-20T06:27:21.857+0000] {processor.py:161} INFO - Started process (PID=2126) to work on /home/airflow/.local/lib/python3.8/site-packages/airflow/example_dags/example_setup_teardown.py
[2023-12-20T06:27:21.872+0000] {processor.py:830} INFO - Processing file /home/airflow/.local/lib/python3.8/site-packages/airflow/example_dags/example_setup_teardown.py for tasks to queue
[2023-12-20T06:27:21.889+0000] {logging_mixin.py:188} INFO - [2023-12-20T06:27:21.889+0000] {dagbag.py:538} INFO - Filling up the DagBag from /home/airflow/.local/lib/python3.8/site-packages/airflow/example_dags/example_setup_teardown.py
[2023-12-20T06:27:21.943+0000] {processor.py:840} INFO - DAG(s) 'example_setup_teardown' retrieved from /home/airflow/.local/lib/python3.8/site-packages/airflow/example_dags/example_setup_teardown.py
[2023-12-20T06:27:22.158+0000] {logging_mixin.py:188} INFO - [2023-12-20T06:27:22.158+0000] {dag.py:3033} INFO - Sync 1 DAGs
[2023-12-20T06:27:22.406+0000] {logging_mixin.py:188} INFO - [2023-12-20T06:27:22.406+0000] {dag.py:3820} INFO - Setting next_dagrun for example_setup_teardown to 2023-12-19T00:00:00+00:00, run_after=2023-12-20T00:00:00+00:00
[2023-12-20T06:27:22.597+0000] {processor.py:183} INFO - Processing /home/airflow/.local/lib/python3.8/site-packages/airflow/example_dags/example_setup_teardown.py took 0.811 seconds
[2023-12-20T06:27:52.718+0000] {processor.py:161} INFO - Started process (PID=2181) to work on /home/airflow/.local/lib/python3.8/site-packages/airflow/example_dags/example_setup_teardown.py
[2023-12-20T06:27:52.738+0000] {processor.py:830} INFO - Processing file /home/airflow/.local/lib/python3.8/site-packages/airflow/example_dags/example_setup_teardown.py for tasks to queue
[2023-12-20T06:27:52.744+0000] {logging_mixin.py:188} INFO - [2023-12-20T06:27:52.743+0000] {dagbag.py:538} INFO - Filling up the DagBag from /home/airflow/.local/lib/python3.8/site-packages/airflow/example_dags/example_setup_teardown.py
[2023-12-20T06:27:52.763+0000] {processor.py:840} INFO - DAG(s) 'example_setup_teardown' retrieved from /home/airflow/.local/lib/python3.8/site-packages/airflow/example_dags/example_setup_teardown.py
[2023-12-20T06:27:52.946+0000] {logging_mixin.py:188} INFO - [2023-12-20T06:27:52.945+0000] {dag.py:3033} INFO - Sync 1 DAGs
[2023-12-20T06:27:53.378+0000] {logging_mixin.py:188} INFO - [2023-12-20T06:27:53.377+0000] {dag.py:3820} INFO - Setting next_dagrun for example_setup_teardown to 2023-12-19T00:00:00+00:00, run_after=2023-12-20T00:00:00+00:00
[2023-12-20T06:27:53.472+0000] {processor.py:183} INFO - Processing /home/airflow/.local/lib/python3.8/site-packages/airflow/example_dags/example_setup_teardown.py took 0.773 seconds
[2023-12-20T06:28:23.574+0000] {processor.py:161} INFO - Started process (PID=2238) to work on /home/airflow/.local/lib/python3.8/site-packages/airflow/example_dags/example_setup_teardown.py
[2023-12-20T06:28:23.616+0000] {processor.py:830} INFO - Processing file /home/airflow/.local/lib/python3.8/site-packages/airflow/example_dags/example_setup_teardown.py for tasks to queue
[2023-12-20T06:28:23.619+0000] {logging_mixin.py:188} INFO - [2023-12-20T06:28:23.618+0000] {dagbag.py:538} INFO - Filling up the DagBag from /home/airflow/.local/lib/python3.8/site-packages/airflow/example_dags/example_setup_teardown.py
[2023-12-20T06:28:23.636+0000] {processor.py:840} INFO - DAG(s) 'example_setup_teardown' retrieved from /home/airflow/.local/lib/python3.8/site-packages/airflow/example_dags/example_setup_teardown.py
[2023-12-20T06:28:23.684+0000] {logging_mixin.py:188} INFO - [2023-12-20T06:28:23.683+0000] {dag.py:3033} INFO - Sync 1 DAGs
[2023-12-20T06:28:23.744+0000] {logging_mixin.py:188} INFO - [2023-12-20T06:28:23.744+0000] {dag.py:3820} INFO - Setting next_dagrun for example_setup_teardown to 2023-12-19T00:00:00+00:00, run_after=2023-12-20T00:00:00+00:00
[2023-12-20T06:28:23.800+0000] {processor.py:183} INFO - Processing /home/airflow/.local/lib/python3.8/site-packages/airflow/example_dags/example_setup_teardown.py took 0.251 seconds
[2023-12-20T06:28:54.272+0000] {processor.py:161} INFO - Started process (PID=2295) to work on /home/airflow/.local/lib/python3.8/site-packages/airflow/example_dags/example_setup_teardown.py
[2023-12-20T06:28:54.274+0000] {processor.py:830} INFO - Processing file /home/airflow/.local/lib/python3.8/site-packages/airflow/example_dags/example_setup_teardown.py for tasks to queue
[2023-12-20T06:28:54.276+0000] {logging_mixin.py:188} INFO - [2023-12-20T06:28:54.276+0000] {dagbag.py:538} INFO - Filling up the DagBag from /home/airflow/.local/lib/python3.8/site-packages/airflow/example_dags/example_setup_teardown.py
[2023-12-20T06:28:54.338+0000] {processor.py:840} INFO - DAG(s) 'example_setup_teardown' retrieved from /home/airflow/.local/lib/python3.8/site-packages/airflow/example_dags/example_setup_teardown.py
[2023-12-20T06:28:54.443+0000] {logging_mixin.py:188} INFO - [2023-12-20T06:28:54.443+0000] {dag.py:3033} INFO - Sync 1 DAGs
[2023-12-20T06:28:54.511+0000] {logging_mixin.py:188} INFO - [2023-12-20T06:28:54.510+0000] {dag.py:3820} INFO - Setting next_dagrun for example_setup_teardown to 2023-12-19T00:00:00+00:00, run_after=2023-12-20T00:00:00+00:00
[2023-12-20T06:28:54.557+0000] {processor.py:183} INFO - Processing /home/airflow/.local/lib/python3.8/site-packages/airflow/example_dags/example_setup_teardown.py took 0.300 seconds
[2023-12-20T06:29:25.287+0000] {processor.py:161} INFO - Started process (PID=2352) to work on /home/airflow/.local/lib/python3.8/site-packages/airflow/example_dags/example_setup_teardown.py
[2023-12-20T06:29:25.289+0000] {processor.py:830} INFO - Processing file /home/airflow/.local/lib/python3.8/site-packages/airflow/example_dags/example_setup_teardown.py for tasks to queue
[2023-12-20T06:29:25.299+0000] {logging_mixin.py:188} INFO - [2023-12-20T06:29:25.299+0000] {dagbag.py:538} INFO - Filling up the DagBag from /home/airflow/.local/lib/python3.8/site-packages/airflow/example_dags/example_setup_teardown.py
[2023-12-20T06:29:25.336+0000] {processor.py:840} INFO - DAG(s) 'example_setup_teardown' retrieved from /home/airflow/.local/lib/python3.8/site-packages/airflow/example_dags/example_setup_teardown.py
[2023-12-20T06:29:25.467+0000] {logging_mixin.py:188} INFO - [2023-12-20T06:29:25.466+0000] {dag.py:3033} INFO - Sync 1 DAGs
[2023-12-20T06:29:25.579+0000] {logging_mixin.py:188} INFO - [2023-12-20T06:29:25.578+0000] {dag.py:3820} INFO - Setting next_dagrun for example_setup_teardown to 2023-12-19T00:00:00+00:00, run_after=2023-12-20T00:00:00+00:00
[2023-12-20T06:29:25.708+0000] {processor.py:183} INFO - Processing /home/airflow/.local/lib/python3.8/site-packages/airflow/example_dags/example_setup_teardown.py took 0.427 seconds
[2023-12-20T06:29:58.427+0000] {processor.py:161} INFO - Started process (PID=2409) to work on /home/airflow/.local/lib/python3.8/site-packages/airflow/example_dags/example_setup_teardown.py
[2023-12-20T06:29:58.441+0000] {processor.py:830} INFO - Processing file /home/airflow/.local/lib/python3.8/site-packages/airflow/example_dags/example_setup_teardown.py for tasks to queue
[2023-12-20T06:29:58.444+0000] {logging_mixin.py:188} INFO - [2023-12-20T06:29:58.443+0000] {dagbag.py:538} INFO - Filling up the DagBag from /home/airflow/.local/lib/python3.8/site-packages/airflow/example_dags/example_setup_teardown.py
[2023-12-20T06:29:58.509+0000] {processor.py:840} INFO - DAG(s) 'example_setup_teardown' retrieved from /home/airflow/.local/lib/python3.8/site-packages/airflow/example_dags/example_setup_teardown.py
[2023-12-20T06:29:58.651+0000] {logging_mixin.py:188} INFO - [2023-12-20T06:29:58.640+0000] {dag.py:3033} INFO - Sync 1 DAGs
[2023-12-20T06:29:59.275+0000] {logging_mixin.py:188} INFO - [2023-12-20T06:29:59.275+0000] {dag.py:3820} INFO - Setting next_dagrun for example_setup_teardown to 2023-12-19T00:00:00+00:00, run_after=2023-12-20T00:00:00+00:00
[2023-12-20T06:29:59.413+0000] {processor.py:183} INFO - Processing /home/airflow/.local/lib/python3.8/site-packages/airflow/example_dags/example_setup_teardown.py took 1.007 seconds
[2023-12-20T06:30:31.435+0000] {processor.py:161} INFO - Started process (PID=2466) to work on /home/airflow/.local/lib/python3.8/site-packages/airflow/example_dags/example_setup_teardown.py
[2023-12-20T06:30:31.440+0000] {processor.py:830} INFO - Processing file /home/airflow/.local/lib/python3.8/site-packages/airflow/example_dags/example_setup_teardown.py for tasks to queue
[2023-12-20T06:30:31.441+0000] {logging_mixin.py:188} INFO - [2023-12-20T06:30:31.441+0000] {dagbag.py:538} INFO - Filling up the DagBag from /home/airflow/.local/lib/python3.8/site-packages/airflow/example_dags/example_setup_teardown.py
[2023-12-20T06:30:31.497+0000] {processor.py:840} INFO - DAG(s) 'example_setup_teardown' retrieved from /home/airflow/.local/lib/python3.8/site-packages/airflow/example_dags/example_setup_teardown.py
[2023-12-20T06:30:31.662+0000] {logging_mixin.py:188} INFO - [2023-12-20T06:30:31.661+0000] {dag.py:3033} INFO - Sync 1 DAGs
[2023-12-20T06:30:32.182+0000] {logging_mixin.py:188} INFO - [2023-12-20T06:30:32.181+0000] {dag.py:3820} INFO - Setting next_dagrun for example_setup_teardown to 2023-12-19T00:00:00+00:00, run_after=2023-12-20T00:00:00+00:00
[2023-12-20T06:30:32.283+0000] {processor.py:183} INFO - Processing /home/airflow/.local/lib/python3.8/site-packages/airflow/example_dags/example_setup_teardown.py took 0.864 seconds
[2023-12-20T06:31:05.587+0000] {processor.py:161} INFO - Started process (PID=2518) to work on /home/airflow/.local/lib/python3.8/site-packages/airflow/example_dags/example_setup_teardown.py
[2023-12-20T06:31:05.597+0000] {processor.py:830} INFO - Processing file /home/airflow/.local/lib/python3.8/site-packages/airflow/example_dags/example_setup_teardown.py for tasks to queue
[2023-12-20T06:31:05.607+0000] {logging_mixin.py:188} INFO - [2023-12-20T06:31:05.598+0000] {dagbag.py:538} INFO - Filling up the DagBag from /home/airflow/.local/lib/python3.8/site-packages/airflow/example_dags/example_setup_teardown.py
[2023-12-20T06:31:05.687+0000] {processor.py:840} INFO - DAG(s) 'example_setup_teardown' retrieved from /home/airflow/.local/lib/python3.8/site-packages/airflow/example_dags/example_setup_teardown.py
[2023-12-20T06:31:05.865+0000] {logging_mixin.py:188} INFO - [2023-12-20T06:31:05.864+0000] {dag.py:3033} INFO - Sync 1 DAGs
[2023-12-20T06:31:06.351+0000] {logging_mixin.py:188} INFO - [2023-12-20T06:31:06.350+0000] {dag.py:3820} INFO - Setting next_dagrun for example_setup_teardown to 2023-12-19T00:00:00+00:00, run_after=2023-12-20T00:00:00+00:00
[2023-12-20T06:31:06.682+0000] {processor.py:183} INFO - Processing /home/airflow/.local/lib/python3.8/site-packages/airflow/example_dags/example_setup_teardown.py took 1.123 seconds
[2023-12-20T06:31:38.675+0000] {processor.py:161} INFO - Started process (PID=2574) to work on /home/airflow/.local/lib/python3.8/site-packages/airflow/example_dags/example_setup_teardown.py
[2023-12-20T06:31:38.682+0000] {processor.py:830} INFO - Processing file /home/airflow/.local/lib/python3.8/site-packages/airflow/example_dags/example_setup_teardown.py for tasks to queue
[2023-12-20T06:31:38.692+0000] {logging_mixin.py:188} INFO - [2023-12-20T06:31:38.684+0000] {dagbag.py:538} INFO - Filling up the DagBag from /home/airflow/.local/lib/python3.8/site-packages/airflow/example_dags/example_setup_teardown.py
[2023-12-20T06:31:39.597+0000] {processor.py:840} INFO - DAG(s) 'example_setup_teardown' retrieved from /home/airflow/.local/lib/python3.8/site-packages/airflow/example_dags/example_setup_teardown.py
[2023-12-20T06:31:39.648+0000] {logging_mixin.py:188} INFO - [2023-12-20T06:31:39.648+0000] {dag.py:3033} INFO - Sync 1 DAGs
[2023-12-20T06:31:39.708+0000] {logging_mixin.py:188} INFO - [2023-12-20T06:31:39.707+0000] {dag.py:3820} INFO - Setting next_dagrun for example_setup_teardown to 2023-12-19T00:00:00+00:00, run_after=2023-12-20T00:00:00+00:00
[2023-12-20T06:31:39.756+0000] {processor.py:183} INFO - Processing /home/airflow/.local/lib/python3.8/site-packages/airflow/example_dags/example_setup_teardown.py took 1.106 seconds
[2023-12-20T06:32:10.051+0000] {processor.py:161} INFO - Started process (PID=2633) to work on /home/airflow/.local/lib/python3.8/site-packages/airflow/example_dags/example_setup_teardown.py
[2023-12-20T06:32:10.053+0000] {processor.py:830} INFO - Processing file /home/airflow/.local/lib/python3.8/site-packages/airflow/example_dags/example_setup_teardown.py for tasks to queue
[2023-12-20T06:32:10.055+0000] {logging_mixin.py:188} INFO - [2023-12-20T06:32:10.054+0000] {dagbag.py:538} INFO - Filling up the DagBag from /home/airflow/.local/lib/python3.8/site-packages/airflow/example_dags/example_setup_teardown.py
[2023-12-20T06:32:10.070+0000] {processor.py:840} INFO - DAG(s) 'example_setup_teardown' retrieved from /home/airflow/.local/lib/python3.8/site-packages/airflow/example_dags/example_setup_teardown.py
[2023-12-20T06:32:10.122+0000] {logging_mixin.py:188} INFO - [2023-12-20T06:32:10.121+0000] {dag.py:3033} INFO - Sync 1 DAGs
[2023-12-20T06:32:10.182+0000] {logging_mixin.py:188} INFO - [2023-12-20T06:32:10.181+0000] {dag.py:3820} INFO - Setting next_dagrun for example_setup_teardown to 2023-12-19T00:00:00+00:00, run_after=2023-12-20T00:00:00+00:00
[2023-12-20T06:32:10.232+0000] {processor.py:183} INFO - Processing /home/airflow/.local/lib/python3.8/site-packages/airflow/example_dags/example_setup_teardown.py took 0.187 seconds
[2023-12-20T06:32:40.445+0000] {processor.py:161} INFO - Started process (PID=2692) to work on /home/airflow/.local/lib/python3.8/site-packages/airflow/example_dags/example_setup_teardown.py
[2023-12-20T06:32:40.447+0000] {processor.py:830} INFO - Processing file /home/airflow/.local/lib/python3.8/site-packages/airflow/example_dags/example_setup_teardown.py for tasks to queue
[2023-12-20T06:32:40.449+0000] {logging_mixin.py:188} INFO - [2023-12-20T06:32:40.448+0000] {dagbag.py:538} INFO - Filling up the DagBag from /home/airflow/.local/lib/python3.8/site-packages/airflow/example_dags/example_setup_teardown.py
[2023-12-20T06:32:40.464+0000] {processor.py:840} INFO - DAG(s) 'example_setup_teardown' retrieved from /home/airflow/.local/lib/python3.8/site-packages/airflow/example_dags/example_setup_teardown.py
[2023-12-20T06:32:40.513+0000] {logging_mixin.py:188} INFO - [2023-12-20T06:32:40.512+0000] {dag.py:3033} INFO - Sync 1 DAGs
[2023-12-20T06:32:40.604+0000] {logging_mixin.py:188} INFO - [2023-12-20T06:32:40.603+0000] {dag.py:3820} INFO - Setting next_dagrun for example_setup_teardown to 2023-12-19T00:00:00+00:00, run_after=2023-12-20T00:00:00+00:00
[2023-12-20T06:32:40.751+0000] {processor.py:183} INFO - Processing /home/airflow/.local/lib/python3.8/site-packages/airflow/example_dags/example_setup_teardown.py took 0.315 seconds
[2023-12-20T06:33:11.038+0000] {processor.py:161} INFO - Started process (PID=2751) to work on /home/airflow/.local/lib/python3.8/site-packages/airflow/example_dags/example_setup_teardown.py
[2023-12-20T06:33:11.046+0000] {processor.py:830} INFO - Processing file /home/airflow/.local/lib/python3.8/site-packages/airflow/example_dags/example_setup_teardown.py for tasks to queue
[2023-12-20T06:33:11.048+0000] {logging_mixin.py:188} INFO - [2023-12-20T06:33:11.048+0000] {dagbag.py:538} INFO - Filling up the DagBag from /home/airflow/.local/lib/python3.8/site-packages/airflow/example_dags/example_setup_teardown.py
[2023-12-20T06:33:11.107+0000] {processor.py:840} INFO - DAG(s) 'example_setup_teardown' retrieved from /home/airflow/.local/lib/python3.8/site-packages/airflow/example_dags/example_setup_teardown.py
[2023-12-20T06:33:11.230+0000] {logging_mixin.py:188} INFO - [2023-12-20T06:33:11.230+0000] {dag.py:3033} INFO - Sync 1 DAGs
[2023-12-20T06:33:11.384+0000] {logging_mixin.py:188} INFO - [2023-12-20T06:33:11.384+0000] {dag.py:3820} INFO - Setting next_dagrun for example_setup_teardown to 2023-12-19T00:00:00+00:00, run_after=2023-12-20T00:00:00+00:00
[2023-12-20T06:33:11.521+0000] {processor.py:183} INFO - Processing /home/airflow/.local/lib/python3.8/site-packages/airflow/example_dags/example_setup_teardown.py took 0.510 seconds
