[2023-12-20T05:41:32.400+0000] {processor.py:161} INFO - Started process (PID=82) to work on /home/airflow/.local/lib/python3.8/site-packages/airflow/example_dags/example_python_operator.py
[2023-12-20T05:41:32.403+0000] {processor.py:830} INFO - Processing file /home/airflow/.local/lib/python3.8/site-packages/airflow/example_dags/example_python_operator.py for tasks to queue
[2023-12-20T05:41:32.414+0000] {logging_mixin.py:188} INFO - [2023-12-20T05:41:32.413+0000] {dagbag.py:538} INFO - Filling up the DagBag from /home/airflow/.local/lib/python3.8/site-packages/airflow/example_dags/example_python_operator.py
[2023-12-20T05:41:32.533+0000] {processor.py:840} INFO - DAG(s) 'example_python_operator' retrieved from /home/airflow/.local/lib/python3.8/site-packages/airflow/example_dags/example_python_operator.py
[2023-12-20T05:41:33.945+0000] {logging_mixin.py:188} INFO - [2023-12-20T05:41:33.945+0000] {dag.py:3033} INFO - Sync 1 DAGs
[2023-12-20T05:41:34.153+0000] {logging_mixin.py:188} INFO - [2023-12-20T05:41:34.152+0000] {dag.py:3820} INFO - Setting next_dagrun for example_python_operator to None, run_after=None
[2023-12-20T05:41:34.429+0000] {processor.py:183} INFO - Processing /home/airflow/.local/lib/python3.8/site-packages/airflow/example_dags/example_python_operator.py took 2.057 seconds
[2023-12-20T05:42:35.019+0000] {processor.py:161} INFO - Started process (PID=143) to work on /home/airflow/.local/lib/python3.8/site-packages/airflow/example_dags/example_python_operator.py
[2023-12-20T05:42:35.049+0000] {processor.py:830} INFO - Processing file /home/airflow/.local/lib/python3.8/site-packages/airflow/example_dags/example_python_operator.py for tasks to queue
[2023-12-20T05:42:35.071+0000] {logging_mixin.py:188} INFO - [2023-12-20T05:42:35.070+0000] {dagbag.py:538} INFO - Filling up the DagBag from /home/airflow/.local/lib/python3.8/site-packages/airflow/example_dags/example_python_operator.py
[2023-12-20T05:42:35.267+0000] {processor.py:840} INFO - DAG(s) 'example_python_operator' retrieved from /home/airflow/.local/lib/python3.8/site-packages/airflow/example_dags/example_python_operator.py
[2023-12-20T05:42:35.703+0000] {logging_mixin.py:188} INFO - [2023-12-20T05:42:35.702+0000] {dag.py:3033} INFO - Sync 1 DAGs
[2023-12-20T05:42:35.777+0000] {logging_mixin.py:188} INFO - [2023-12-20T05:42:35.776+0000] {dag.py:3820} INFO - Setting next_dagrun for example_python_operator to None, run_after=None
[2023-12-20T05:42:35.986+0000] {processor.py:183} INFO - Processing /home/airflow/.local/lib/python3.8/site-packages/airflow/example_dags/example_python_operator.py took 1.031 seconds
[2023-12-20T06:07:00.182+0000] {processor.py:161} INFO - Started process (PID=68) to work on /home/airflow/.local/lib/python3.8/site-packages/airflow/example_dags/example_python_operator.py
[2023-12-20T06:07:00.192+0000] {processor.py:830} INFO - Processing file /home/airflow/.local/lib/python3.8/site-packages/airflow/example_dags/example_python_operator.py for tasks to queue
[2023-12-20T06:07:00.199+0000] {logging_mixin.py:188} INFO - [2023-12-20T06:07:00.198+0000] {dagbag.py:538} INFO - Filling up the DagBag from /home/airflow/.local/lib/python3.8/site-packages/airflow/example_dags/example_python_operator.py
[2023-12-20T06:07:00.420+0000] {processor.py:840} INFO - DAG(s) 'example_python_operator' retrieved from /home/airflow/.local/lib/python3.8/site-packages/airflow/example_dags/example_python_operator.py
[2023-12-20T06:07:01.678+0000] {logging_mixin.py:188} INFO - [2023-12-20T06:07:01.677+0000] {dag.py:3033} INFO - Sync 1 DAGs
[2023-12-20T06:07:01.770+0000] {logging_mixin.py:188} INFO - [2023-12-20T06:07:01.770+0000] {dag.py:3820} INFO - Setting next_dagrun for example_python_operator to None, run_after=None
[2023-12-20T06:07:01.901+0000] {processor.py:183} INFO - Processing /home/airflow/.local/lib/python3.8/site-packages/airflow/example_dags/example_python_operator.py took 1.754 seconds
[2023-12-20T06:07:33.309+0000] {processor.py:161} INFO - Started process (PID=123) to work on /home/airflow/.local/lib/python3.8/site-packages/airflow/example_dags/example_python_operator.py
[2023-12-20T06:07:33.322+0000] {processor.py:830} INFO - Processing file /home/airflow/.local/lib/python3.8/site-packages/airflow/example_dags/example_python_operator.py for tasks to queue
[2023-12-20T06:07:33.348+0000] {logging_mixin.py:188} INFO - [2023-12-20T06:07:33.344+0000] {dagbag.py:538} INFO - Filling up the DagBag from /home/airflow/.local/lib/python3.8/site-packages/airflow/example_dags/example_python_operator.py
[2023-12-20T06:07:33.415+0000] {processor.py:840} INFO - DAG(s) 'example_python_operator' retrieved from /home/airflow/.local/lib/python3.8/site-packages/airflow/example_dags/example_python_operator.py
[2023-12-20T06:07:33.686+0000] {logging_mixin.py:188} INFO - [2023-12-20T06:07:33.685+0000] {dag.py:3033} INFO - Sync 1 DAGs
[2023-12-20T06:07:33.797+0000] {logging_mixin.py:188} INFO - [2023-12-20T06:07:33.772+0000] {dag.py:3820} INFO - Setting next_dagrun for example_python_operator to None, run_after=None
[2023-12-20T06:07:34.061+0000] {processor.py:183} INFO - Processing /home/airflow/.local/lib/python3.8/site-packages/airflow/example_dags/example_python_operator.py took 0.795 seconds
[2023-12-20T06:08:04.268+0000] {processor.py:161} INFO - Started process (PID=178) to work on /home/airflow/.local/lib/python3.8/site-packages/airflow/example_dags/example_python_operator.py
[2023-12-20T06:08:04.270+0000] {processor.py:830} INFO - Processing file /home/airflow/.local/lib/python3.8/site-packages/airflow/example_dags/example_python_operator.py for tasks to queue
[2023-12-20T06:08:04.274+0000] {logging_mixin.py:188} INFO - [2023-12-20T06:08:04.274+0000] {dagbag.py:538} INFO - Filling up the DagBag from /home/airflow/.local/lib/python3.8/site-packages/airflow/example_dags/example_python_operator.py
[2023-12-20T06:08:04.301+0000] {processor.py:840} INFO - DAG(s) 'example_python_operator' retrieved from /home/airflow/.local/lib/python3.8/site-packages/airflow/example_dags/example_python_operator.py
[2023-12-20T06:08:04.357+0000] {logging_mixin.py:188} INFO - [2023-12-20T06:08:04.357+0000] {dag.py:3033} INFO - Sync 1 DAGs
[2023-12-20T06:08:04.393+0000] {logging_mixin.py:188} INFO - [2023-12-20T06:08:04.393+0000] {dag.py:3820} INFO - Setting next_dagrun for example_python_operator to None, run_after=None
[2023-12-20T06:08:04.444+0000] {processor.py:183} INFO - Processing /home/airflow/.local/lib/python3.8/site-packages/airflow/example_dags/example_python_operator.py took 0.183 seconds
[2023-12-20T06:08:42.100+0000] {processor.py:161} INFO - Started process (PID=233) to work on /home/airflow/.local/lib/python3.8/site-packages/airflow/example_dags/example_python_operator.py
[2023-12-20T06:08:42.127+0000] {processor.py:830} INFO - Processing file /home/airflow/.local/lib/python3.8/site-packages/airflow/example_dags/example_python_operator.py for tasks to queue
[2023-12-20T06:08:42.134+0000] {logging_mixin.py:188} INFO - [2023-12-20T06:08:42.133+0000] {dagbag.py:538} INFO - Filling up the DagBag from /home/airflow/.local/lib/python3.8/site-packages/airflow/example_dags/example_python_operator.py
[2023-12-20T06:08:42.367+0000] {processor.py:840} INFO - DAG(s) 'example_python_operator' retrieved from /home/airflow/.local/lib/python3.8/site-packages/airflow/example_dags/example_python_operator.py
[2023-12-20T06:08:42.795+0000] {logging_mixin.py:188} INFO - [2023-12-20T06:08:42.785+0000] {dag.py:3033} INFO - Sync 1 DAGs
[2023-12-20T06:08:43.077+0000] {logging_mixin.py:188} INFO - [2023-12-20T06:08:43.056+0000] {dag.py:3820} INFO - Setting next_dagrun for example_python_operator to None, run_after=None
[2023-12-20T06:08:43.509+0000] {processor.py:183} INFO - Processing /home/airflow/.local/lib/python3.8/site-packages/airflow/example_dags/example_python_operator.py took 1.458 seconds
[2023-12-20T06:09:20.172+0000] {processor.py:161} INFO - Started process (PID=288) to work on /home/airflow/.local/lib/python3.8/site-packages/airflow/example_dags/example_python_operator.py
[2023-12-20T06:09:20.177+0000] {processor.py:830} INFO - Processing file /home/airflow/.local/lib/python3.8/site-packages/airflow/example_dags/example_python_operator.py for tasks to queue
[2023-12-20T06:09:20.189+0000] {logging_mixin.py:188} INFO - [2023-12-20T06:09:20.184+0000] {dagbag.py:538} INFO - Filling up the DagBag from /home/airflow/.local/lib/python3.8/site-packages/airflow/example_dags/example_python_operator.py
[2023-12-20T06:09:20.289+0000] {processor.py:840} INFO - DAG(s) 'example_python_operator' retrieved from /home/airflow/.local/lib/python3.8/site-packages/airflow/example_dags/example_python_operator.py
[2023-12-20T06:09:20.604+0000] {logging_mixin.py:188} INFO - [2023-12-20T06:09:20.604+0000] {dag.py:3033} INFO - Sync 1 DAGs
[2023-12-20T06:09:20.644+0000] {logging_mixin.py:188} INFO - [2023-12-20T06:09:20.643+0000] {dag.py:3820} INFO - Setting next_dagrun for example_python_operator to None, run_after=None
[2023-12-20T06:09:20.861+0000] {processor.py:183} INFO - Processing /home/airflow/.local/lib/python3.8/site-packages/airflow/example_dags/example_python_operator.py took 0.720 seconds
[2023-12-20T06:09:51.208+0000] {processor.py:161} INFO - Started process (PID=341) to work on /home/airflow/.local/lib/python3.8/site-packages/airflow/example_dags/example_python_operator.py
[2023-12-20T06:09:51.211+0000] {processor.py:830} INFO - Processing file /home/airflow/.local/lib/python3.8/site-packages/airflow/example_dags/example_python_operator.py for tasks to queue
[2023-12-20T06:09:51.215+0000] {logging_mixin.py:188} INFO - [2023-12-20T06:09:51.214+0000] {dagbag.py:538} INFO - Filling up the DagBag from /home/airflow/.local/lib/python3.8/site-packages/airflow/example_dags/example_python_operator.py
[2023-12-20T06:09:51.241+0000] {processor.py:840} INFO - DAG(s) 'example_python_operator' retrieved from /home/airflow/.local/lib/python3.8/site-packages/airflow/example_dags/example_python_operator.py
[2023-12-20T06:09:51.298+0000] {logging_mixin.py:188} INFO - [2023-12-20T06:09:51.297+0000] {dag.py:3033} INFO - Sync 1 DAGs
[2023-12-20T06:09:51.334+0000] {logging_mixin.py:188} INFO - [2023-12-20T06:09:51.333+0000] {dag.py:3820} INFO - Setting next_dagrun for example_python_operator to None, run_after=None
[2023-12-20T06:09:51.437+0000] {processor.py:183} INFO - Processing /home/airflow/.local/lib/python3.8/site-packages/airflow/example_dags/example_python_operator.py took 0.237 seconds
[2023-12-20T06:10:22.312+0000] {processor.py:161} INFO - Started process (PID=395) to work on /home/airflow/.local/lib/python3.8/site-packages/airflow/example_dags/example_python_operator.py
[2023-12-20T06:10:22.317+0000] {processor.py:830} INFO - Processing file /home/airflow/.local/lib/python3.8/site-packages/airflow/example_dags/example_python_operator.py for tasks to queue
[2023-12-20T06:10:22.330+0000] {logging_mixin.py:188} INFO - [2023-12-20T06:10:22.330+0000] {dagbag.py:538} INFO - Filling up the DagBag from /home/airflow/.local/lib/python3.8/site-packages/airflow/example_dags/example_python_operator.py
[2023-12-20T06:10:22.367+0000] {processor.py:840} INFO - DAG(s) 'example_python_operator' retrieved from /home/airflow/.local/lib/python3.8/site-packages/airflow/example_dags/example_python_operator.py
[2023-12-20T06:10:22.465+0000] {logging_mixin.py:188} INFO - [2023-12-20T06:10:22.461+0000] {dag.py:3033} INFO - Sync 1 DAGs
[2023-12-20T06:10:22.510+0000] {logging_mixin.py:188} INFO - [2023-12-20T06:10:22.509+0000] {dag.py:3820} INFO - Setting next_dagrun for example_python_operator to None, run_after=None
[2023-12-20T06:10:22.676+0000] {processor.py:183} INFO - Processing /home/airflow/.local/lib/python3.8/site-packages/airflow/example_dags/example_python_operator.py took 0.380 seconds
[2023-12-20T06:10:53.103+0000] {processor.py:161} INFO - Started process (PID=450) to work on /home/airflow/.local/lib/python3.8/site-packages/airflow/example_dags/example_python_operator.py
[2023-12-20T06:10:53.144+0000] {processor.py:830} INFO - Processing file /home/airflow/.local/lib/python3.8/site-packages/airflow/example_dags/example_python_operator.py for tasks to queue
[2023-12-20T06:10:53.148+0000] {logging_mixin.py:188} INFO - [2023-12-20T06:10:53.147+0000] {dagbag.py:538} INFO - Filling up the DagBag from /home/airflow/.local/lib/python3.8/site-packages/airflow/example_dags/example_python_operator.py
[2023-12-20T06:10:53.171+0000] {processor.py:840} INFO - DAG(s) 'example_python_operator' retrieved from /home/airflow/.local/lib/python3.8/site-packages/airflow/example_dags/example_python_operator.py
[2023-12-20T06:10:53.232+0000] {logging_mixin.py:188} INFO - [2023-12-20T06:10:53.231+0000] {dag.py:3033} INFO - Sync 1 DAGs
[2023-12-20T06:10:53.264+0000] {logging_mixin.py:188} INFO - [2023-12-20T06:10:53.263+0000] {dag.py:3820} INFO - Setting next_dagrun for example_python_operator to None, run_after=None
[2023-12-20T06:10:53.372+0000] {processor.py:183} INFO - Processing /home/airflow/.local/lib/python3.8/site-packages/airflow/example_dags/example_python_operator.py took 0.287 seconds
[2023-12-20T06:11:24.328+0000] {processor.py:161} INFO - Started process (PID=505) to work on /home/airflow/.local/lib/python3.8/site-packages/airflow/example_dags/example_python_operator.py
[2023-12-20T06:11:24.334+0000] {processor.py:830} INFO - Processing file /home/airflow/.local/lib/python3.8/site-packages/airflow/example_dags/example_python_operator.py for tasks to queue
[2023-12-20T06:11:24.355+0000] {logging_mixin.py:188} INFO - [2023-12-20T06:11:24.355+0000] {dagbag.py:538} INFO - Filling up the DagBag from /home/airflow/.local/lib/python3.8/site-packages/airflow/example_dags/example_python_operator.py
[2023-12-20T06:11:24.420+0000] {processor.py:840} INFO - DAG(s) 'example_python_operator' retrieved from /home/airflow/.local/lib/python3.8/site-packages/airflow/example_dags/example_python_operator.py
[2023-12-20T06:11:24.560+0000] {logging_mixin.py:188} INFO - [2023-12-20T06:11:24.559+0000] {dag.py:3033} INFO - Sync 1 DAGs
[2023-12-20T06:11:24.691+0000] {logging_mixin.py:188} INFO - [2023-12-20T06:11:24.691+0000] {dag.py:3820} INFO - Setting next_dagrun for example_python_operator to None, run_after=None
[2023-12-20T06:11:24.869+0000] {processor.py:183} INFO - Processing /home/airflow/.local/lib/python3.8/site-packages/airflow/example_dags/example_python_operator.py took 0.590 seconds
[2023-12-20T06:11:56.297+0000] {processor.py:161} INFO - Started process (PID=560) to work on /home/airflow/.local/lib/python3.8/site-packages/airflow/example_dags/example_python_operator.py
[2023-12-20T06:11:56.310+0000] {processor.py:830} INFO - Processing file /home/airflow/.local/lib/python3.8/site-packages/airflow/example_dags/example_python_operator.py for tasks to queue
[2023-12-20T06:11:56.329+0000] {logging_mixin.py:188} INFO - [2023-12-20T06:11:56.329+0000] {dagbag.py:538} INFO - Filling up the DagBag from /home/airflow/.local/lib/python3.8/site-packages/airflow/example_dags/example_python_operator.py
[2023-12-20T06:11:56.360+0000] {processor.py:840} INFO - DAG(s) 'example_python_operator' retrieved from /home/airflow/.local/lib/python3.8/site-packages/airflow/example_dags/example_python_operator.py
[2023-12-20T06:11:56.491+0000] {logging_mixin.py:188} INFO - [2023-12-20T06:11:56.490+0000] {dag.py:3033} INFO - Sync 1 DAGs
[2023-12-20T06:11:56.578+0000] {logging_mixin.py:188} INFO - [2023-12-20T06:11:56.577+0000] {dag.py:3820} INFO - Setting next_dagrun for example_python_operator to None, run_after=None
[2023-12-20T06:11:56.846+0000] {processor.py:183} INFO - Processing /home/airflow/.local/lib/python3.8/site-packages/airflow/example_dags/example_python_operator.py took 0.569 seconds
[2023-12-20T06:12:31.636+0000] {processor.py:161} INFO - Started process (PID=621) to work on /home/airflow/.local/lib/python3.8/site-packages/airflow/example_dags/example_python_operator.py
[2023-12-20T06:12:31.677+0000] {processor.py:830} INFO - Processing file /home/airflow/.local/lib/python3.8/site-packages/airflow/example_dags/example_python_operator.py for tasks to queue
[2023-12-20T06:12:31.685+0000] {logging_mixin.py:188} INFO - [2023-12-20T06:12:31.685+0000] {dagbag.py:538} INFO - Filling up the DagBag from /home/airflow/.local/lib/python3.8/site-packages/airflow/example_dags/example_python_operator.py
[2023-12-20T06:12:31.765+0000] {processor.py:840} INFO - DAG(s) 'example_python_operator' retrieved from /home/airflow/.local/lib/python3.8/site-packages/airflow/example_dags/example_python_operator.py
[2023-12-20T06:12:31.992+0000] {logging_mixin.py:188} INFO - [2023-12-20T06:12:31.991+0000] {dag.py:3033} INFO - Sync 1 DAGs
[2023-12-20T06:12:32.144+0000] {logging_mixin.py:188} INFO - [2023-12-20T06:12:32.143+0000] {dag.py:3820} INFO - Setting next_dagrun for example_python_operator to None, run_after=None
[2023-12-20T06:12:32.365+0000] {processor.py:183} INFO - Processing /home/airflow/.local/lib/python3.8/site-packages/airflow/example_dags/example_python_operator.py took 0.781 seconds
[2023-12-20T06:13:12.126+0000] {processor.py:161} INFO - Started process (PID=675) to work on /home/airflow/.local/lib/python3.8/site-packages/airflow/example_dags/example_python_operator.py
[2023-12-20T06:13:12.160+0000] {processor.py:830} INFO - Processing file /home/airflow/.local/lib/python3.8/site-packages/airflow/example_dags/example_python_operator.py for tasks to queue
[2023-12-20T06:13:12.180+0000] {logging_mixin.py:188} INFO - [2023-12-20T06:13:12.179+0000] {dagbag.py:538} INFO - Filling up the DagBag from /home/airflow/.local/lib/python3.8/site-packages/airflow/example_dags/example_python_operator.py
[2023-12-20T06:13:12.423+0000] {processor.py:840} INFO - DAG(s) 'example_python_operator' retrieved from /home/airflow/.local/lib/python3.8/site-packages/airflow/example_dags/example_python_operator.py
[2023-12-20T06:13:12.688+0000] {logging_mixin.py:188} INFO - [2023-12-20T06:13:12.688+0000] {dag.py:3033} INFO - Sync 1 DAGs
[2023-12-20T06:13:12.827+0000] {logging_mixin.py:188} INFO - [2023-12-20T06:13:12.827+0000] {dag.py:3820} INFO - Setting next_dagrun for example_python_operator to None, run_after=None
[2023-12-20T06:13:13.037+0000] {processor.py:183} INFO - Processing /home/airflow/.local/lib/python3.8/site-packages/airflow/example_dags/example_python_operator.py took 0.927 seconds
[2023-12-20T06:13:52.646+0000] {processor.py:161} INFO - Started process (PID=728) to work on /home/airflow/.local/lib/python3.8/site-packages/airflow/example_dags/example_python_operator.py
[2023-12-20T06:13:52.657+0000] {processor.py:830} INFO - Processing file /home/airflow/.local/lib/python3.8/site-packages/airflow/example_dags/example_python_operator.py for tasks to queue
[2023-12-20T06:13:52.665+0000] {logging_mixin.py:188} INFO - [2023-12-20T06:13:52.665+0000] {dagbag.py:538} INFO - Filling up the DagBag from /home/airflow/.local/lib/python3.8/site-packages/airflow/example_dags/example_python_operator.py
[2023-12-20T06:13:52.804+0000] {processor.py:840} INFO - DAG(s) 'example_python_operator' retrieved from /home/airflow/.local/lib/python3.8/site-packages/airflow/example_dags/example_python_operator.py
[2023-12-20T06:13:53.106+0000] {logging_mixin.py:188} INFO - [2023-12-20T06:13:53.105+0000] {dag.py:3033} INFO - Sync 1 DAGs
[2023-12-20T06:13:53.251+0000] {logging_mixin.py:188} INFO - [2023-12-20T06:13:53.251+0000] {dag.py:3820} INFO - Setting next_dagrun for example_python_operator to None, run_after=None
[2023-12-20T06:13:53.423+0000] {processor.py:183} INFO - Processing /home/airflow/.local/lib/python3.8/site-packages/airflow/example_dags/example_python_operator.py took 0.796 seconds
[2023-12-20T06:14:31.777+0000] {processor.py:161} INFO - Started process (PID=783) to work on /home/airflow/.local/lib/python3.8/site-packages/airflow/example_dags/example_python_operator.py
[2023-12-20T06:14:31.789+0000] {processor.py:830} INFO - Processing file /home/airflow/.local/lib/python3.8/site-packages/airflow/example_dags/example_python_operator.py for tasks to queue
[2023-12-20T06:14:31.796+0000] {logging_mixin.py:188} INFO - [2023-12-20T06:14:31.795+0000] {dagbag.py:538} INFO - Filling up the DagBag from /home/airflow/.local/lib/python3.8/site-packages/airflow/example_dags/example_python_operator.py
[2023-12-20T06:14:31.858+0000] {processor.py:840} INFO - DAG(s) 'example_python_operator' retrieved from /home/airflow/.local/lib/python3.8/site-packages/airflow/example_dags/example_python_operator.py
[2023-12-20T06:14:32.242+0000] {logging_mixin.py:188} INFO - [2023-12-20T06:14:32.241+0000] {dag.py:3033} INFO - Sync 1 DAGs
[2023-12-20T06:14:32.440+0000] {logging_mixin.py:188} INFO - [2023-12-20T06:14:32.440+0000] {dag.py:3820} INFO - Setting next_dagrun for example_python_operator to None, run_after=None
[2023-12-20T06:14:32.649+0000] {processor.py:183} INFO - Processing /home/airflow/.local/lib/python3.8/site-packages/airflow/example_dags/example_python_operator.py took 0.942 seconds
[2023-12-20T06:15:03.674+0000] {processor.py:161} INFO - Started process (PID=838) to work on /home/airflow/.local/lib/python3.8/site-packages/airflow/example_dags/example_python_operator.py
[2023-12-20T06:15:03.689+0000] {processor.py:830} INFO - Processing file /home/airflow/.local/lib/python3.8/site-packages/airflow/example_dags/example_python_operator.py for tasks to queue
[2023-12-20T06:15:03.709+0000] {logging_mixin.py:188} INFO - [2023-12-20T06:15:03.692+0000] {dagbag.py:538} INFO - Filling up the DagBag from /home/airflow/.local/lib/python3.8/site-packages/airflow/example_dags/example_python_operator.py
[2023-12-20T06:15:03.844+0000] {processor.py:840} INFO - DAG(s) 'example_python_operator' retrieved from /home/airflow/.local/lib/python3.8/site-packages/airflow/example_dags/example_python_operator.py
[2023-12-20T06:15:04.217+0000] {logging_mixin.py:188} INFO - [2023-12-20T06:15:04.217+0000] {dag.py:3033} INFO - Sync 1 DAGs
[2023-12-20T06:15:04.294+0000] {logging_mixin.py:188} INFO - [2023-12-20T06:15:04.293+0000] {dag.py:3820} INFO - Setting next_dagrun for example_python_operator to None, run_after=None
[2023-12-20T06:15:04.448+0000] {processor.py:183} INFO - Processing /home/airflow/.local/lib/python3.8/site-packages/airflow/example_dags/example_python_operator.py took 0.804 seconds
[2023-12-20T06:15:34.706+0000] {processor.py:161} INFO - Started process (PID=891) to work on /home/airflow/.local/lib/python3.8/site-packages/airflow/example_dags/example_python_operator.py
[2023-12-20T06:15:34.713+0000] {processor.py:830} INFO - Processing file /home/airflow/.local/lib/python3.8/site-packages/airflow/example_dags/example_python_operator.py for tasks to queue
[2023-12-20T06:15:34.722+0000] {logging_mixin.py:188} INFO - [2023-12-20T06:15:34.721+0000] {dagbag.py:538} INFO - Filling up the DagBag from /home/airflow/.local/lib/python3.8/site-packages/airflow/example_dags/example_python_operator.py
[2023-12-20T06:15:34.768+0000] {processor.py:840} INFO - DAG(s) 'example_python_operator' retrieved from /home/airflow/.local/lib/python3.8/site-packages/airflow/example_dags/example_python_operator.py
[2023-12-20T06:15:34.827+0000] {logging_mixin.py:188} INFO - [2023-12-20T06:15:34.826+0000] {dag.py:3033} INFO - Sync 1 DAGs
[2023-12-20T06:15:34.956+0000] {logging_mixin.py:188} INFO - [2023-12-20T06:15:34.935+0000] {dag.py:3820} INFO - Setting next_dagrun for example_python_operator to None, run_after=None
[2023-12-20T06:15:35.175+0000] {processor.py:183} INFO - Processing /home/airflow/.local/lib/python3.8/site-packages/airflow/example_dags/example_python_operator.py took 0.485 seconds
[2023-12-20T06:16:09.056+0000] {processor.py:161} INFO - Started process (PID=953) to work on /home/airflow/.local/lib/python3.8/site-packages/airflow/example_dags/example_python_operator.py
[2023-12-20T06:16:09.108+0000] {processor.py:830} INFO - Processing file /home/airflow/.local/lib/python3.8/site-packages/airflow/example_dags/example_python_operator.py for tasks to queue
[2023-12-20T06:16:09.114+0000] {logging_mixin.py:188} INFO - [2023-12-20T06:16:09.113+0000] {dagbag.py:538} INFO - Filling up the DagBag from /home/airflow/.local/lib/python3.8/site-packages/airflow/example_dags/example_python_operator.py
[2023-12-20T06:16:09.306+0000] {processor.py:840} INFO - DAG(s) 'example_python_operator' retrieved from /home/airflow/.local/lib/python3.8/site-packages/airflow/example_dags/example_python_operator.py
[2023-12-20T06:16:09.681+0000] {logging_mixin.py:188} INFO - [2023-12-20T06:16:09.675+0000] {dag.py:3033} INFO - Sync 1 DAGs
[2023-12-20T06:16:09.770+0000] {logging_mixin.py:188} INFO - [2023-12-20T06:16:09.769+0000] {dag.py:3820} INFO - Setting next_dagrun for example_python_operator to None, run_after=None
[2023-12-20T06:16:10.020+0000] {processor.py:183} INFO - Processing /home/airflow/.local/lib/python3.8/site-packages/airflow/example_dags/example_python_operator.py took 1.038 seconds
[2023-12-20T06:16:40.359+0000] {processor.py:161} INFO - Started process (PID=1008) to work on /home/airflow/.local/lib/python3.8/site-packages/airflow/example_dags/example_python_operator.py
[2023-12-20T06:16:40.380+0000] {processor.py:830} INFO - Processing file /home/airflow/.local/lib/python3.8/site-packages/airflow/example_dags/example_python_operator.py for tasks to queue
[2023-12-20T06:16:40.428+0000] {logging_mixin.py:188} INFO - [2023-12-20T06:16:40.400+0000] {dagbag.py:538} INFO - Filling up the DagBag from /home/airflow/.local/lib/python3.8/site-packages/airflow/example_dags/example_python_operator.py
[2023-12-20T06:16:40.545+0000] {processor.py:840} INFO - DAG(s) 'example_python_operator' retrieved from /home/airflow/.local/lib/python3.8/site-packages/airflow/example_dags/example_python_operator.py
[2023-12-20T06:16:40.756+0000] {logging_mixin.py:188} INFO - [2023-12-20T06:16:40.756+0000] {dag.py:3033} INFO - Sync 1 DAGs
[2023-12-20T06:16:40.905+0000] {logging_mixin.py:188} INFO - [2023-12-20T06:16:40.904+0000] {dag.py:3820} INFO - Setting next_dagrun for example_python_operator to None, run_after=None
[2023-12-20T06:16:41.129+0000] {processor.py:183} INFO - Processing /home/airflow/.local/lib/python3.8/site-packages/airflow/example_dags/example_python_operator.py took 0.792 seconds
[2023-12-20T06:17:12.009+0000] {processor.py:161} INFO - Started process (PID=1063) to work on /home/airflow/.local/lib/python3.8/site-packages/airflow/example_dags/example_python_operator.py
[2023-12-20T06:17:12.029+0000] {processor.py:830} INFO - Processing file /home/airflow/.local/lib/python3.8/site-packages/airflow/example_dags/example_python_operator.py for tasks to queue
[2023-12-20T06:17:12.054+0000] {logging_mixin.py:188} INFO - [2023-12-20T06:17:12.053+0000] {dagbag.py:538} INFO - Filling up the DagBag from /home/airflow/.local/lib/python3.8/site-packages/airflow/example_dags/example_python_operator.py
[2023-12-20T06:17:12.226+0000] {processor.py:840} INFO - DAG(s) 'example_python_operator' retrieved from /home/airflow/.local/lib/python3.8/site-packages/airflow/example_dags/example_python_operator.py
[2023-12-20T06:17:12.463+0000] {logging_mixin.py:188} INFO - [2023-12-20T06:17:12.463+0000] {dag.py:3033} INFO - Sync 1 DAGs
[2023-12-20T06:17:12.532+0000] {logging_mixin.py:188} INFO - [2023-12-20T06:17:12.532+0000] {dag.py:3820} INFO - Setting next_dagrun for example_python_operator to None, run_after=None
[2023-12-20T06:17:12.656+0000] {processor.py:183} INFO - Processing /home/airflow/.local/lib/python3.8/site-packages/airflow/example_dags/example_python_operator.py took 0.661 seconds
[2023-12-20T06:17:42.848+0000] {processor.py:161} INFO - Started process (PID=1118) to work on /home/airflow/.local/lib/python3.8/site-packages/airflow/example_dags/example_python_operator.py
[2023-12-20T06:17:42.857+0000] {processor.py:830} INFO - Processing file /home/airflow/.local/lib/python3.8/site-packages/airflow/example_dags/example_python_operator.py for tasks to queue
[2023-12-20T06:17:42.869+0000] {logging_mixin.py:188} INFO - [2023-12-20T06:17:42.869+0000] {dagbag.py:538} INFO - Filling up the DagBag from /home/airflow/.local/lib/python3.8/site-packages/airflow/example_dags/example_python_operator.py
[2023-12-20T06:17:42.932+0000] {processor.py:840} INFO - DAG(s) 'example_python_operator' retrieved from /home/airflow/.local/lib/python3.8/site-packages/airflow/example_dags/example_python_operator.py
[2023-12-20T06:17:43.053+0000] {logging_mixin.py:188} INFO - [2023-12-20T06:17:43.052+0000] {dag.py:3033} INFO - Sync 1 DAGs
[2023-12-20T06:17:43.143+0000] {logging_mixin.py:188} INFO - [2023-12-20T06:17:43.143+0000] {dag.py:3820} INFO - Setting next_dagrun for example_python_operator to None, run_after=None
[2023-12-20T06:17:43.304+0000] {processor.py:183} INFO - Processing /home/airflow/.local/lib/python3.8/site-packages/airflow/example_dags/example_python_operator.py took 0.479 seconds
[2023-12-20T06:18:14.246+0000] {processor.py:161} INFO - Started process (PID=1173) to work on /home/airflow/.local/lib/python3.8/site-packages/airflow/example_dags/example_python_operator.py
[2023-12-20T06:18:14.254+0000] {processor.py:830} INFO - Processing file /home/airflow/.local/lib/python3.8/site-packages/airflow/example_dags/example_python_operator.py for tasks to queue
[2023-12-20T06:18:14.260+0000] {logging_mixin.py:188} INFO - [2023-12-20T06:18:14.259+0000] {dagbag.py:538} INFO - Filling up the DagBag from /home/airflow/.local/lib/python3.8/site-packages/airflow/example_dags/example_python_operator.py
[2023-12-20T06:18:14.354+0000] {processor.py:840} INFO - DAG(s) 'example_python_operator' retrieved from /home/airflow/.local/lib/python3.8/site-packages/airflow/example_dags/example_python_operator.py
[2023-12-20T06:18:14.458+0000] {logging_mixin.py:188} INFO - [2023-12-20T06:18:14.458+0000] {dag.py:3033} INFO - Sync 1 DAGs
[2023-12-20T06:18:14.513+0000] {logging_mixin.py:188} INFO - [2023-12-20T06:18:14.501+0000] {dag.py:3820} INFO - Setting next_dagrun for example_python_operator to None, run_after=None
[2023-12-20T06:18:14.580+0000] {processor.py:183} INFO - Processing /home/airflow/.local/lib/python3.8/site-packages/airflow/example_dags/example_python_operator.py took 0.350 seconds
[2023-12-20T06:18:48.218+0000] {processor.py:161} INFO - Started process (PID=1226) to work on /home/airflow/.local/lib/python3.8/site-packages/airflow/example_dags/example_python_operator.py
[2023-12-20T06:18:48.252+0000] {processor.py:830} INFO - Processing file /home/airflow/.local/lib/python3.8/site-packages/airflow/example_dags/example_python_operator.py for tasks to queue
[2023-12-20T06:18:48.272+0000] {logging_mixin.py:188} INFO - [2023-12-20T06:18:48.267+0000] {dagbag.py:538} INFO - Filling up the DagBag from /home/airflow/.local/lib/python3.8/site-packages/airflow/example_dags/example_python_operator.py
[2023-12-20T06:18:48.410+0000] {processor.py:840} INFO - DAG(s) 'example_python_operator' retrieved from /home/airflow/.local/lib/python3.8/site-packages/airflow/example_dags/example_python_operator.py
[2023-12-20T06:18:48.547+0000] {logging_mixin.py:188} INFO - [2023-12-20T06:18:48.546+0000] {dag.py:3033} INFO - Sync 1 DAGs
[2023-12-20T06:18:48.583+0000] {logging_mixin.py:188} INFO - [2023-12-20T06:18:48.582+0000] {dag.py:3820} INFO - Setting next_dagrun for example_python_operator to None, run_after=None
[2023-12-20T06:18:48.782+0000] {processor.py:183} INFO - Processing /home/airflow/.local/lib/python3.8/site-packages/airflow/example_dags/example_python_operator.py took 0.573 seconds
[2023-12-20T06:19:20.038+0000] {processor.py:161} INFO - Started process (PID=1282) to work on /home/airflow/.local/lib/python3.8/site-packages/airflow/example_dags/example_python_operator.py
[2023-12-20T06:19:20.077+0000] {processor.py:830} INFO - Processing file /home/airflow/.local/lib/python3.8/site-packages/airflow/example_dags/example_python_operator.py for tasks to queue
[2023-12-20T06:19:20.086+0000] {logging_mixin.py:188} INFO - [2023-12-20T06:19:20.086+0000] {dagbag.py:538} INFO - Filling up the DagBag from /home/airflow/.local/lib/python3.8/site-packages/airflow/example_dags/example_python_operator.py
[2023-12-20T06:19:20.149+0000] {processor.py:840} INFO - DAG(s) 'example_python_operator' retrieved from /home/airflow/.local/lib/python3.8/site-packages/airflow/example_dags/example_python_operator.py
[2023-12-20T06:19:20.236+0000] {logging_mixin.py:188} INFO - [2023-12-20T06:19:20.235+0000] {dag.py:3033} INFO - Sync 1 DAGs
[2023-12-20T06:19:20.336+0000] {logging_mixin.py:188} INFO - [2023-12-20T06:19:20.332+0000] {dag.py:3820} INFO - Setting next_dagrun for example_python_operator to None, run_after=None
[2023-12-20T06:19:20.424+0000] {processor.py:183} INFO - Processing /home/airflow/.local/lib/python3.8/site-packages/airflow/example_dags/example_python_operator.py took 0.393 seconds
[2023-12-20T06:19:50.489+0000] {processor.py:161} INFO - Started process (PID=1336) to work on /home/airflow/.local/lib/python3.8/site-packages/airflow/example_dags/example_python_operator.py
[2023-12-20T06:19:50.523+0000] {processor.py:830} INFO - Processing file /home/airflow/.local/lib/python3.8/site-packages/airflow/example_dags/example_python_operator.py for tasks to queue
[2023-12-20T06:19:50.529+0000] {logging_mixin.py:188} INFO - [2023-12-20T06:19:50.528+0000] {dagbag.py:538} INFO - Filling up the DagBag from /home/airflow/.local/lib/python3.8/site-packages/airflow/example_dags/example_python_operator.py
[2023-12-20T06:19:50.557+0000] {processor.py:840} INFO - DAG(s) 'example_python_operator' retrieved from /home/airflow/.local/lib/python3.8/site-packages/airflow/example_dags/example_python_operator.py
[2023-12-20T06:19:50.634+0000] {logging_mixin.py:188} INFO - [2023-12-20T06:19:50.633+0000] {dag.py:3033} INFO - Sync 1 DAGs
[2023-12-20T06:19:50.679+0000] {logging_mixin.py:188} INFO - [2023-12-20T06:19:50.679+0000] {dag.py:3820} INFO - Setting next_dagrun for example_python_operator to None, run_after=None
[2023-12-20T06:19:50.743+0000] {processor.py:183} INFO - Processing /home/airflow/.local/lib/python3.8/site-packages/airflow/example_dags/example_python_operator.py took 0.264 seconds
[2023-12-20T06:20:22.009+0000] {processor.py:161} INFO - Started process (PID=1392) to work on /home/airflow/.local/lib/python3.8/site-packages/airflow/example_dags/example_python_operator.py
[2023-12-20T06:20:22.064+0000] {processor.py:830} INFO - Processing file /home/airflow/.local/lib/python3.8/site-packages/airflow/example_dags/example_python_operator.py for tasks to queue
[2023-12-20T06:20:22.068+0000] {logging_mixin.py:188} INFO - [2023-12-20T06:20:22.067+0000] {dagbag.py:538} INFO - Filling up the DagBag from /home/airflow/.local/lib/python3.8/site-packages/airflow/example_dags/example_python_operator.py
[2023-12-20T06:20:22.137+0000] {processor.py:840} INFO - DAG(s) 'example_python_operator' retrieved from /home/airflow/.local/lib/python3.8/site-packages/airflow/example_dags/example_python_operator.py
[2023-12-20T06:20:22.203+0000] {logging_mixin.py:188} INFO - [2023-12-20T06:20:22.202+0000] {dag.py:3033} INFO - Sync 1 DAGs
[2023-12-20T06:20:22.277+0000] {logging_mixin.py:188} INFO - [2023-12-20T06:20:22.276+0000] {dag.py:3820} INFO - Setting next_dagrun for example_python_operator to None, run_after=None
[2023-12-20T06:20:22.382+0000] {processor.py:183} INFO - Processing /home/airflow/.local/lib/python3.8/site-packages/airflow/example_dags/example_python_operator.py took 0.395 seconds
[2023-12-20T06:20:52.510+0000] {processor.py:161} INFO - Started process (PID=1445) to work on /home/airflow/.local/lib/python3.8/site-packages/airflow/example_dags/example_python_operator.py
[2023-12-20T06:20:52.512+0000] {processor.py:830} INFO - Processing file /home/airflow/.local/lib/python3.8/site-packages/airflow/example_dags/example_python_operator.py for tasks to queue
[2023-12-20T06:20:52.516+0000] {logging_mixin.py:188} INFO - [2023-12-20T06:20:52.515+0000] {dagbag.py:538} INFO - Filling up the DagBag from /home/airflow/.local/lib/python3.8/site-packages/airflow/example_dags/example_python_operator.py
[2023-12-20T06:20:52.560+0000] {processor.py:840} INFO - DAG(s) 'example_python_operator' retrieved from /home/airflow/.local/lib/python3.8/site-packages/airflow/example_dags/example_python_operator.py
[2023-12-20T06:20:52.642+0000] {logging_mixin.py:188} INFO - [2023-12-20T06:20:52.642+0000] {dag.py:3033} INFO - Sync 1 DAGs
[2023-12-20T06:20:52.687+0000] {logging_mixin.py:188} INFO - [2023-12-20T06:20:52.687+0000] {dag.py:3820} INFO - Setting next_dagrun for example_python_operator to None, run_after=None
[2023-12-20T06:20:52.745+0000] {processor.py:183} INFO - Processing /home/airflow/.local/lib/python3.8/site-packages/airflow/example_dags/example_python_operator.py took 0.247 seconds
[2023-12-20T06:21:24.093+0000] {processor.py:161} INFO - Started process (PID=1499) to work on /home/airflow/.local/lib/python3.8/site-packages/airflow/example_dags/example_python_operator.py
[2023-12-20T06:21:24.125+0000] {processor.py:830} INFO - Processing file /home/airflow/.local/lib/python3.8/site-packages/airflow/example_dags/example_python_operator.py for tasks to queue
[2023-12-20T06:21:24.139+0000] {logging_mixin.py:188} INFO - [2023-12-20T06:21:24.139+0000] {dagbag.py:538} INFO - Filling up the DagBag from /home/airflow/.local/lib/python3.8/site-packages/airflow/example_dags/example_python_operator.py
[2023-12-20T06:21:24.299+0000] {processor.py:840} INFO - DAG(s) 'example_python_operator' retrieved from /home/airflow/.local/lib/python3.8/site-packages/airflow/example_dags/example_python_operator.py
[2023-12-20T06:21:24.403+0000] {logging_mixin.py:188} INFO - [2023-12-20T06:21:24.400+0000] {dag.py:3033} INFO - Sync 1 DAGs
[2023-12-20T06:21:24.440+0000] {logging_mixin.py:188} INFO - [2023-12-20T06:21:24.440+0000] {dag.py:3820} INFO - Setting next_dagrun for example_python_operator to None, run_after=None
[2023-12-20T06:21:24.528+0000] {processor.py:183} INFO - Processing /home/airflow/.local/lib/python3.8/site-packages/airflow/example_dags/example_python_operator.py took 0.477 seconds
[2023-12-20T06:21:54.996+0000] {processor.py:161} INFO - Started process (PID=1556) to work on /home/airflow/.local/lib/python3.8/site-packages/airflow/example_dags/example_python_operator.py
[2023-12-20T06:21:55.032+0000] {processor.py:830} INFO - Processing file /home/airflow/.local/lib/python3.8/site-packages/airflow/example_dags/example_python_operator.py for tasks to queue
[2023-12-20T06:21:55.050+0000] {logging_mixin.py:188} INFO - [2023-12-20T06:21:55.042+0000] {dagbag.py:538} INFO - Filling up the DagBag from /home/airflow/.local/lib/python3.8/site-packages/airflow/example_dags/example_python_operator.py
[2023-12-20T06:21:55.149+0000] {processor.py:840} INFO - DAG(s) 'example_python_operator' retrieved from /home/airflow/.local/lib/python3.8/site-packages/airflow/example_dags/example_python_operator.py
[2023-12-20T06:21:55.379+0000] {logging_mixin.py:188} INFO - [2023-12-20T06:21:55.372+0000] {dag.py:3033} INFO - Sync 1 DAGs
[2023-12-20T06:21:55.448+0000] {logging_mixin.py:188} INFO - [2023-12-20T06:21:55.447+0000] {dag.py:3820} INFO - Setting next_dagrun for example_python_operator to None, run_after=None
[2023-12-20T06:21:55.614+0000] {processor.py:183} INFO - Processing /home/airflow/.local/lib/python3.8/site-packages/airflow/example_dags/example_python_operator.py took 0.644 seconds
[2023-12-20T06:22:26.302+0000] {processor.py:161} INFO - Started process (PID=1609) to work on /home/airflow/.local/lib/python3.8/site-packages/airflow/example_dags/example_python_operator.py
[2023-12-20T06:22:26.324+0000] {processor.py:830} INFO - Processing file /home/airflow/.local/lib/python3.8/site-packages/airflow/example_dags/example_python_operator.py for tasks to queue
[2023-12-20T06:22:26.327+0000] {logging_mixin.py:188} INFO - [2023-12-20T06:22:26.325+0000] {dagbag.py:538} INFO - Filling up the DagBag from /home/airflow/.local/lib/python3.8/site-packages/airflow/example_dags/example_python_operator.py
[2023-12-20T06:22:26.370+0000] {processor.py:840} INFO - DAG(s) 'example_python_operator' retrieved from /home/airflow/.local/lib/python3.8/site-packages/airflow/example_dags/example_python_operator.py
[2023-12-20T06:22:26.618+0000] {logging_mixin.py:188} INFO - [2023-12-20T06:22:26.618+0000] {dag.py:3033} INFO - Sync 1 DAGs
[2023-12-20T06:22:26.704+0000] {logging_mixin.py:188} INFO - [2023-12-20T06:22:26.703+0000] {dag.py:3820} INFO - Setting next_dagrun for example_python_operator to None, run_after=None
[2023-12-20T06:22:26.849+0000] {processor.py:183} INFO - Processing /home/airflow/.local/lib/python3.8/site-packages/airflow/example_dags/example_python_operator.py took 0.554 seconds
[2023-12-20T06:22:57.202+0000] {processor.py:161} INFO - Started process (PID=1664) to work on /home/airflow/.local/lib/python3.8/site-packages/airflow/example_dags/example_python_operator.py
[2023-12-20T06:22:57.203+0000] {processor.py:830} INFO - Processing file /home/airflow/.local/lib/python3.8/site-packages/airflow/example_dags/example_python_operator.py for tasks to queue
[2023-12-20T06:22:57.257+0000] {logging_mixin.py:188} INFO - [2023-12-20T06:22:57.230+0000] {dagbag.py:538} INFO - Filling up the DagBag from /home/airflow/.local/lib/python3.8/site-packages/airflow/example_dags/example_python_operator.py
[2023-12-20T06:22:57.389+0000] {processor.py:840} INFO - DAG(s) 'example_python_operator' retrieved from /home/airflow/.local/lib/python3.8/site-packages/airflow/example_dags/example_python_operator.py
[2023-12-20T06:22:57.529+0000] {logging_mixin.py:188} INFO - [2023-12-20T06:22:57.526+0000] {dag.py:3033} INFO - Sync 1 DAGs
[2023-12-20T06:22:57.612+0000] {logging_mixin.py:188} INFO - [2023-12-20T06:22:57.612+0000] {dag.py:3820} INFO - Setting next_dagrun for example_python_operator to None, run_after=None
[2023-12-20T06:22:57.705+0000] {processor.py:183} INFO - Processing /home/airflow/.local/lib/python3.8/site-packages/airflow/example_dags/example_python_operator.py took 0.569 seconds
[2023-12-20T06:23:28.495+0000] {processor.py:161} INFO - Started process (PID=1719) to work on /home/airflow/.local/lib/python3.8/site-packages/airflow/example_dags/example_python_operator.py
[2023-12-20T06:23:28.525+0000] {processor.py:830} INFO - Processing file /home/airflow/.local/lib/python3.8/site-packages/airflow/example_dags/example_python_operator.py for tasks to queue
[2023-12-20T06:23:28.528+0000] {logging_mixin.py:188} INFO - [2023-12-20T06:23:28.527+0000] {dagbag.py:538} INFO - Filling up the DagBag from /home/airflow/.local/lib/python3.8/site-packages/airflow/example_dags/example_python_operator.py
[2023-12-20T06:23:28.561+0000] {processor.py:840} INFO - DAG(s) 'example_python_operator' retrieved from /home/airflow/.local/lib/python3.8/site-packages/airflow/example_dags/example_python_operator.py
[2023-12-20T06:23:28.627+0000] {logging_mixin.py:188} INFO - [2023-12-20T06:23:28.627+0000] {dag.py:3033} INFO - Sync 1 DAGs
[2023-12-20T06:23:28.674+0000] {logging_mixin.py:188} INFO - [2023-12-20T06:23:28.674+0000] {dag.py:3820} INFO - Setting next_dagrun for example_python_operator to None, run_after=None
[2023-12-20T06:23:28.776+0000] {processor.py:183} INFO - Processing /home/airflow/.local/lib/python3.8/site-packages/airflow/example_dags/example_python_operator.py took 0.288 seconds
[2023-12-20T06:23:59.354+0000] {processor.py:161} INFO - Started process (PID=1774) to work on /home/airflow/.local/lib/python3.8/site-packages/airflow/example_dags/example_python_operator.py
[2023-12-20T06:23:59.363+0000] {processor.py:830} INFO - Processing file /home/airflow/.local/lib/python3.8/site-packages/airflow/example_dags/example_python_operator.py for tasks to queue
[2023-12-20T06:23:59.365+0000] {logging_mixin.py:188} INFO - [2023-12-20T06:23:59.364+0000] {dagbag.py:538} INFO - Filling up the DagBag from /home/airflow/.local/lib/python3.8/site-packages/airflow/example_dags/example_python_operator.py
[2023-12-20T06:23:59.462+0000] {processor.py:840} INFO - DAG(s) 'example_python_operator' retrieved from /home/airflow/.local/lib/python3.8/site-packages/airflow/example_dags/example_python_operator.py
[2023-12-20T06:23:59.737+0000] {logging_mixin.py:188} INFO - [2023-12-20T06:23:59.736+0000] {dag.py:3033} INFO - Sync 1 DAGs
[2023-12-20T06:23:59.887+0000] {logging_mixin.py:188} INFO - [2023-12-20T06:23:59.887+0000] {dag.py:3820} INFO - Setting next_dagrun for example_python_operator to None, run_after=None
[2023-12-20T06:24:00.139+0000] {processor.py:183} INFO - Processing /home/airflow/.local/lib/python3.8/site-packages/airflow/example_dags/example_python_operator.py took 0.806 seconds
[2023-12-20T06:24:30.374+0000] {processor.py:161} INFO - Started process (PID=1829) to work on /home/airflow/.local/lib/python3.8/site-packages/airflow/example_dags/example_python_operator.py
[2023-12-20T06:24:30.409+0000] {processor.py:830} INFO - Processing file /home/airflow/.local/lib/python3.8/site-packages/airflow/example_dags/example_python_operator.py for tasks to queue
[2023-12-20T06:24:30.415+0000] {logging_mixin.py:188} INFO - [2023-12-20T06:24:30.415+0000] {dagbag.py:538} INFO - Filling up the DagBag from /home/airflow/.local/lib/python3.8/site-packages/airflow/example_dags/example_python_operator.py
[2023-12-20T06:24:30.445+0000] {processor.py:840} INFO - DAG(s) 'example_python_operator' retrieved from /home/airflow/.local/lib/python3.8/site-packages/airflow/example_dags/example_python_operator.py
[2023-12-20T06:24:30.520+0000] {logging_mixin.py:188} INFO - [2023-12-20T06:24:30.519+0000] {dag.py:3033} INFO - Sync 1 DAGs
[2023-12-20T06:24:30.555+0000] {logging_mixin.py:188} INFO - [2023-12-20T06:24:30.555+0000] {dag.py:3820} INFO - Setting next_dagrun for example_python_operator to None, run_after=None
[2023-12-20T06:24:30.617+0000] {processor.py:183} INFO - Processing /home/airflow/.local/lib/python3.8/site-packages/airflow/example_dags/example_python_operator.py took 0.251 seconds
[2023-12-20T06:25:01.834+0000] {processor.py:161} INFO - Started process (PID=1883) to work on /home/airflow/.local/lib/python3.8/site-packages/airflow/example_dags/example_python_operator.py
[2023-12-20T06:25:01.857+0000] {processor.py:830} INFO - Processing file /home/airflow/.local/lib/python3.8/site-packages/airflow/example_dags/example_python_operator.py for tasks to queue
[2023-12-20T06:25:01.859+0000] {logging_mixin.py:188} INFO - [2023-12-20T06:25:01.859+0000] {dagbag.py:538} INFO - Filling up the DagBag from /home/airflow/.local/lib/python3.8/site-packages/airflow/example_dags/example_python_operator.py
[2023-12-20T06:25:01.913+0000] {processor.py:840} INFO - DAG(s) 'example_python_operator' retrieved from /home/airflow/.local/lib/python3.8/site-packages/airflow/example_dags/example_python_operator.py
[2023-12-20T06:25:02.004+0000] {logging_mixin.py:188} INFO - [2023-12-20T06:25:02.003+0000] {dag.py:3033} INFO - Sync 1 DAGs
[2023-12-20T06:25:02.041+0000] {logging_mixin.py:188} INFO - [2023-12-20T06:25:02.041+0000] {dag.py:3820} INFO - Setting next_dagrun for example_python_operator to None, run_after=None
[2023-12-20T06:25:02.094+0000] {processor.py:183} INFO - Processing /home/airflow/.local/lib/python3.8/site-packages/airflow/example_dags/example_python_operator.py took 0.269 seconds
[2023-12-20T06:25:32.824+0000] {processor.py:161} INFO - Started process (PID=1938) to work on /home/airflow/.local/lib/python3.8/site-packages/airflow/example_dags/example_python_operator.py
[2023-12-20T06:25:32.841+0000] {processor.py:830} INFO - Processing file /home/airflow/.local/lib/python3.8/site-packages/airflow/example_dags/example_python_operator.py for tasks to queue
[2023-12-20T06:25:32.855+0000] {logging_mixin.py:188} INFO - [2023-12-20T06:25:32.852+0000] {dagbag.py:538} INFO - Filling up the DagBag from /home/airflow/.local/lib/python3.8/site-packages/airflow/example_dags/example_python_operator.py
[2023-12-20T06:25:32.991+0000] {processor.py:840} INFO - DAG(s) 'example_python_operator' retrieved from /home/airflow/.local/lib/python3.8/site-packages/airflow/example_dags/example_python_operator.py
[2023-12-20T06:25:33.129+0000] {logging_mixin.py:188} INFO - [2023-12-20T06:25:33.128+0000] {dag.py:3033} INFO - Sync 1 DAGs
[2023-12-20T06:25:33.170+0000] {logging_mixin.py:188} INFO - [2023-12-20T06:25:33.166+0000] {dag.py:3820} INFO - Setting next_dagrun for example_python_operator to None, run_after=None
[2023-12-20T06:25:33.272+0000] {processor.py:183} INFO - Processing /home/airflow/.local/lib/python3.8/site-packages/airflow/example_dags/example_python_operator.py took 0.520 seconds
[2023-12-20T06:26:03.957+0000] {processor.py:161} INFO - Started process (PID=1993) to work on /home/airflow/.local/lib/python3.8/site-packages/airflow/example_dags/example_python_operator.py
[2023-12-20T06:26:03.989+0000] {processor.py:830} INFO - Processing file /home/airflow/.local/lib/python3.8/site-packages/airflow/example_dags/example_python_operator.py for tasks to queue
[2023-12-20T06:26:03.992+0000] {logging_mixin.py:188} INFO - [2023-12-20T06:26:03.991+0000] {dagbag.py:538} INFO - Filling up the DagBag from /home/airflow/.local/lib/python3.8/site-packages/airflow/example_dags/example_python_operator.py
[2023-12-20T06:26:04.035+0000] {processor.py:840} INFO - DAG(s) 'example_python_operator' retrieved from /home/airflow/.local/lib/python3.8/site-packages/airflow/example_dags/example_python_operator.py
[2023-12-20T06:26:04.099+0000] {logging_mixin.py:188} INFO - [2023-12-20T06:26:04.098+0000] {dag.py:3033} INFO - Sync 1 DAGs
[2023-12-20T06:26:04.186+0000] {logging_mixin.py:188} INFO - [2023-12-20T06:26:04.185+0000] {dag.py:3820} INFO - Setting next_dagrun for example_python_operator to None, run_after=None
[2023-12-20T06:26:04.331+0000] {processor.py:183} INFO - Processing /home/airflow/.local/lib/python3.8/site-packages/airflow/example_dags/example_python_operator.py took 0.380 seconds
[2023-12-20T06:26:35.100+0000] {processor.py:161} INFO - Started process (PID=2048) to work on /home/airflow/.local/lib/python3.8/site-packages/airflow/example_dags/example_python_operator.py
[2023-12-20T06:26:35.102+0000] {processor.py:830} INFO - Processing file /home/airflow/.local/lib/python3.8/site-packages/airflow/example_dags/example_python_operator.py for tasks to queue
[2023-12-20T06:26:35.105+0000] {logging_mixin.py:188} INFO - [2023-12-20T06:26:35.104+0000] {dagbag.py:538} INFO - Filling up the DagBag from /home/airflow/.local/lib/python3.8/site-packages/airflow/example_dags/example_python_operator.py
[2023-12-20T06:26:35.140+0000] {processor.py:840} INFO - DAG(s) 'example_python_operator' retrieved from /home/airflow/.local/lib/python3.8/site-packages/airflow/example_dags/example_python_operator.py
[2023-12-20T06:26:35.274+0000] {logging_mixin.py:188} INFO - [2023-12-20T06:26:35.274+0000] {dag.py:3033} INFO - Sync 1 DAGs
[2023-12-20T06:26:35.359+0000] {logging_mixin.py:188} INFO - [2023-12-20T06:26:35.358+0000] {dag.py:3820} INFO - Setting next_dagrun for example_python_operator to None, run_after=None
[2023-12-20T06:26:35.447+0000] {processor.py:183} INFO - Processing /home/airflow/.local/lib/python3.8/site-packages/airflow/example_dags/example_python_operator.py took 0.355 seconds
[2023-12-20T06:27:16.124+0000] {processor.py:161} INFO - Started process (PID=2115) to work on /home/airflow/.local/lib/python3.8/site-packages/airflow/example_dags/example_python_operator.py
[2023-12-20T06:27:16.151+0000] {processor.py:830} INFO - Processing file /home/airflow/.local/lib/python3.8/site-packages/airflow/example_dags/example_python_operator.py for tasks to queue
[2023-12-20T06:27:16.165+0000] {logging_mixin.py:188} INFO - [2023-12-20T06:27:16.156+0000] {dagbag.py:538} INFO - Filling up the DagBag from /home/airflow/.local/lib/python3.8/site-packages/airflow/example_dags/example_python_operator.py
[2023-12-20T06:27:16.326+0000] {processor.py:840} INFO - DAG(s) 'example_python_operator' retrieved from /home/airflow/.local/lib/python3.8/site-packages/airflow/example_dags/example_python_operator.py
[2023-12-20T06:27:16.626+0000] {logging_mixin.py:188} INFO - [2023-12-20T06:27:16.626+0000] {dag.py:3033} INFO - Sync 1 DAGs
[2023-12-20T06:27:16.881+0000] {logging_mixin.py:188} INFO - [2023-12-20T06:27:16.880+0000] {dag.py:3820} INFO - Setting next_dagrun for example_python_operator to None, run_after=None
[2023-12-20T06:27:17.169+0000] {processor.py:183} INFO - Processing /home/airflow/.local/lib/python3.8/site-packages/airflow/example_dags/example_python_operator.py took 1.092 seconds
[2023-12-20T06:27:47.385+0000] {processor.py:161} INFO - Started process (PID=2172) to work on /home/airflow/.local/lib/python3.8/site-packages/airflow/example_dags/example_python_operator.py
[2023-12-20T06:27:47.388+0000] {processor.py:830} INFO - Processing file /home/airflow/.local/lib/python3.8/site-packages/airflow/example_dags/example_python_operator.py for tasks to queue
[2023-12-20T06:27:47.390+0000] {logging_mixin.py:188} INFO - [2023-12-20T06:27:47.390+0000] {dagbag.py:538} INFO - Filling up the DagBag from /home/airflow/.local/lib/python3.8/site-packages/airflow/example_dags/example_python_operator.py
[2023-12-20T06:27:47.415+0000] {processor.py:840} INFO - DAG(s) 'example_python_operator' retrieved from /home/airflow/.local/lib/python3.8/site-packages/airflow/example_dags/example_python_operator.py
[2023-12-20T06:27:47.470+0000] {logging_mixin.py:188} INFO - [2023-12-20T06:27:47.469+0000] {dag.py:3033} INFO - Sync 1 DAGs
[2023-12-20T06:27:47.504+0000] {logging_mixin.py:188} INFO - [2023-12-20T06:27:47.504+0000] {dag.py:3820} INFO - Setting next_dagrun for example_python_operator to None, run_after=None
[2023-12-20T06:27:47.840+0000] {processor.py:183} INFO - Processing /home/airflow/.local/lib/python3.8/site-packages/airflow/example_dags/example_python_operator.py took 0.465 seconds
[2023-12-20T06:28:19.656+0000] {processor.py:161} INFO - Started process (PID=2229) to work on /home/airflow/.local/lib/python3.8/site-packages/airflow/example_dags/example_python_operator.py
[2023-12-20T06:28:19.692+0000] {processor.py:830} INFO - Processing file /home/airflow/.local/lib/python3.8/site-packages/airflow/example_dags/example_python_operator.py for tasks to queue
[2023-12-20T06:28:19.694+0000] {logging_mixin.py:188} INFO - [2023-12-20T06:28:19.693+0000] {dagbag.py:538} INFO - Filling up the DagBag from /home/airflow/.local/lib/python3.8/site-packages/airflow/example_dags/example_python_operator.py
[2023-12-20T06:28:19.756+0000] {processor.py:840} INFO - DAG(s) 'example_python_operator' retrieved from /home/airflow/.local/lib/python3.8/site-packages/airflow/example_dags/example_python_operator.py
[2023-12-20T06:28:19.910+0000] {logging_mixin.py:188} INFO - [2023-12-20T06:28:19.909+0000] {dag.py:3033} INFO - Sync 1 DAGs
[2023-12-20T06:28:19.979+0000] {logging_mixin.py:188} INFO - [2023-12-20T06:28:19.979+0000] {dag.py:3820} INFO - Setting next_dagrun for example_python_operator to None, run_after=None
[2023-12-20T06:28:20.061+0000] {processor.py:183} INFO - Processing /home/airflow/.local/lib/python3.8/site-packages/airflow/example_dags/example_python_operator.py took 0.417 seconds
[2023-12-20T06:28:50.243+0000] {processor.py:161} INFO - Started process (PID=2286) to work on /home/airflow/.local/lib/python3.8/site-packages/airflow/example_dags/example_python_operator.py
[2023-12-20T06:28:50.245+0000] {processor.py:830} INFO - Processing file /home/airflow/.local/lib/python3.8/site-packages/airflow/example_dags/example_python_operator.py for tasks to queue
[2023-12-20T06:28:50.255+0000] {logging_mixin.py:188} INFO - [2023-12-20T06:28:50.246+0000] {dagbag.py:538} INFO - Filling up the DagBag from /home/airflow/.local/lib/python3.8/site-packages/airflow/example_dags/example_python_operator.py
[2023-12-20T06:28:50.326+0000] {processor.py:840} INFO - DAG(s) 'example_python_operator' retrieved from /home/airflow/.local/lib/python3.8/site-packages/airflow/example_dags/example_python_operator.py
[2023-12-20T06:28:50.469+0000] {logging_mixin.py:188} INFO - [2023-12-20T06:28:50.469+0000] {dag.py:3033} INFO - Sync 1 DAGs
[2023-12-20T06:28:50.515+0000] {logging_mixin.py:188} INFO - [2023-12-20T06:28:50.514+0000] {dag.py:3820} INFO - Setting next_dagrun for example_python_operator to None, run_after=None
[2023-12-20T06:28:50.663+0000] {processor.py:183} INFO - Processing /home/airflow/.local/lib/python3.8/site-packages/airflow/example_dags/example_python_operator.py took 0.428 seconds
[2023-12-20T06:29:20.786+0000] {processor.py:161} INFO - Started process (PID=2343) to work on /home/airflow/.local/lib/python3.8/site-packages/airflow/example_dags/example_python_operator.py
[2023-12-20T06:29:20.796+0000] {processor.py:830} INFO - Processing file /home/airflow/.local/lib/python3.8/site-packages/airflow/example_dags/example_python_operator.py for tasks to queue
[2023-12-20T06:29:20.808+0000] {logging_mixin.py:188} INFO - [2023-12-20T06:29:20.804+0000] {dagbag.py:538} INFO - Filling up the DagBag from /home/airflow/.local/lib/python3.8/site-packages/airflow/example_dags/example_python_operator.py
[2023-12-20T06:29:20.927+0000] {processor.py:840} INFO - DAG(s) 'example_python_operator' retrieved from /home/airflow/.local/lib/python3.8/site-packages/airflow/example_dags/example_python_operator.py
[2023-12-20T06:29:21.076+0000] {logging_mixin.py:188} INFO - [2023-12-20T06:29:21.075+0000] {dag.py:3033} INFO - Sync 1 DAGs
[2023-12-20T06:29:21.148+0000] {logging_mixin.py:188} INFO - [2023-12-20T06:29:21.148+0000] {dag.py:3820} INFO - Setting next_dagrun for example_python_operator to None, run_after=None
[2023-12-20T06:29:21.199+0000] {processor.py:183} INFO - Processing /home/airflow/.local/lib/python3.8/site-packages/airflow/example_dags/example_python_operator.py took 0.428 seconds
[2023-12-20T06:29:52.039+0000] {processor.py:161} INFO - Started process (PID=2400) to work on /home/airflow/.local/lib/python3.8/site-packages/airflow/example_dags/example_python_operator.py
[2023-12-20T06:29:52.040+0000] {processor.py:830} INFO - Processing file /home/airflow/.local/lib/python3.8/site-packages/airflow/example_dags/example_python_operator.py for tasks to queue
[2023-12-20T06:29:52.042+0000] {logging_mixin.py:188} INFO - [2023-12-20T06:29:52.041+0000] {dagbag.py:538} INFO - Filling up the DagBag from /home/airflow/.local/lib/python3.8/site-packages/airflow/example_dags/example_python_operator.py
[2023-12-20T06:29:52.088+0000] {processor.py:840} INFO - DAG(s) 'example_python_operator' retrieved from /home/airflow/.local/lib/python3.8/site-packages/airflow/example_dags/example_python_operator.py
[2023-12-20T06:29:52.217+0000] {logging_mixin.py:188} INFO - [2023-12-20T06:29:52.217+0000] {dag.py:3033} INFO - Sync 1 DAGs
[2023-12-20T06:29:52.516+0000] {logging_mixin.py:188} INFO - [2023-12-20T06:29:52.515+0000] {dag.py:3820} INFO - Setting next_dagrun for example_python_operator to None, run_after=None
[2023-12-20T06:29:52.569+0000] {processor.py:183} INFO - Processing /home/airflow/.local/lib/python3.8/site-packages/airflow/example_dags/example_python_operator.py took 0.544 seconds
[2023-12-20T06:30:25.494+0000] {processor.py:161} INFO - Started process (PID=2453) to work on /home/airflow/.local/lib/python3.8/site-packages/airflow/example_dags/example_python_operator.py
[2023-12-20T06:30:25.505+0000] {processor.py:830} INFO - Processing file /home/airflow/.local/lib/python3.8/site-packages/airflow/example_dags/example_python_operator.py for tasks to queue
[2023-12-20T06:30:25.507+0000] {logging_mixin.py:188} INFO - [2023-12-20T06:30:25.506+0000] {dagbag.py:538} INFO - Filling up the DagBag from /home/airflow/.local/lib/python3.8/site-packages/airflow/example_dags/example_python_operator.py
[2023-12-20T06:30:25.594+0000] {processor.py:840} INFO - DAG(s) 'example_python_operator' retrieved from /home/airflow/.local/lib/python3.8/site-packages/airflow/example_dags/example_python_operator.py
[2023-12-20T06:30:25.727+0000] {logging_mixin.py:188} INFO - [2023-12-20T06:30:25.724+0000] {dag.py:3033} INFO - Sync 1 DAGs
[2023-12-20T06:30:25.832+0000] {logging_mixin.py:188} INFO - [2023-12-20T06:30:25.831+0000] {dag.py:3820} INFO - Setting next_dagrun for example_python_operator to None, run_after=None
[2023-12-20T06:30:25.953+0000] {processor.py:183} INFO - Processing /home/airflow/.local/lib/python3.8/site-packages/airflow/example_dags/example_python_operator.py took 0.466 seconds
[2023-12-20T06:30:56.353+0000] {processor.py:161} INFO - Started process (PID=2508) to work on /home/airflow/.local/lib/python3.8/site-packages/airflow/example_dags/example_python_operator.py
[2023-12-20T06:30:56.357+0000] {processor.py:830} INFO - Processing file /home/airflow/.local/lib/python3.8/site-packages/airflow/example_dags/example_python_operator.py for tasks to queue
[2023-12-20T06:30:56.364+0000] {logging_mixin.py:188} INFO - [2023-12-20T06:30:56.364+0000] {dagbag.py:538} INFO - Filling up the DagBag from /home/airflow/.local/lib/python3.8/site-packages/airflow/example_dags/example_python_operator.py
[2023-12-20T06:30:56.420+0000] {processor.py:840} INFO - DAG(s) 'example_python_operator' retrieved from /home/airflow/.local/lib/python3.8/site-packages/airflow/example_dags/example_python_operator.py
[2023-12-20T06:30:56.490+0000] {logging_mixin.py:188} INFO - [2023-12-20T06:30:56.489+0000] {dag.py:3033} INFO - Sync 1 DAGs
[2023-12-20T06:30:56.535+0000] {logging_mixin.py:188} INFO - [2023-12-20T06:30:56.535+0000] {dag.py:3820} INFO - Setting next_dagrun for example_python_operator to None, run_after=None
[2023-12-20T06:30:56.588+0000] {processor.py:183} INFO - Processing /home/airflow/.local/lib/python3.8/site-packages/airflow/example_dags/example_python_operator.py took 0.270 seconds
[2023-12-20T06:31:33.903+0000] {processor.py:161} INFO - Started process (PID=2565) to work on /home/airflow/.local/lib/python3.8/site-packages/airflow/example_dags/example_python_operator.py
[2023-12-20T06:31:33.912+0000] {processor.py:830} INFO - Processing file /home/airflow/.local/lib/python3.8/site-packages/airflow/example_dags/example_python_operator.py for tasks to queue
[2023-12-20T06:31:33.915+0000] {logging_mixin.py:188} INFO - [2023-12-20T06:31:33.914+0000] {dagbag.py:538} INFO - Filling up the DagBag from /home/airflow/.local/lib/python3.8/site-packages/airflow/example_dags/example_python_operator.py
[2023-12-20T06:31:33.969+0000] {processor.py:840} INFO - DAG(s) 'example_python_operator' retrieved from /home/airflow/.local/lib/python3.8/site-packages/airflow/example_dags/example_python_operator.py
[2023-12-20T06:31:34.506+0000] {logging_mixin.py:188} INFO - [2023-12-20T06:31:34.505+0000] {dag.py:3033} INFO - Sync 1 DAGs
[2023-12-20T06:31:34.561+0000] {logging_mixin.py:188} INFO - [2023-12-20T06:31:34.561+0000] {dag.py:3820} INFO - Setting next_dagrun for example_python_operator to None, run_after=None
[2023-12-20T06:31:34.654+0000] {processor.py:183} INFO - Processing /home/airflow/.local/lib/python3.8/site-packages/airflow/example_dags/example_python_operator.py took 0.778 seconds
[2023-12-20T06:32:05.431+0000] {processor.py:161} INFO - Started process (PID=2624) to work on /home/airflow/.local/lib/python3.8/site-packages/airflow/example_dags/example_python_operator.py
[2023-12-20T06:32:05.433+0000] {processor.py:830} INFO - Processing file /home/airflow/.local/lib/python3.8/site-packages/airflow/example_dags/example_python_operator.py for tasks to queue
[2023-12-20T06:32:05.435+0000] {logging_mixin.py:188} INFO - [2023-12-20T06:32:05.434+0000] {dagbag.py:538} INFO - Filling up the DagBag from /home/airflow/.local/lib/python3.8/site-packages/airflow/example_dags/example_python_operator.py
[2023-12-20T06:32:05.461+0000] {processor.py:840} INFO - DAG(s) 'example_python_operator' retrieved from /home/airflow/.local/lib/python3.8/site-packages/airflow/example_dags/example_python_operator.py
[2023-12-20T06:32:05.516+0000] {logging_mixin.py:188} INFO - [2023-12-20T06:32:05.515+0000] {dag.py:3033} INFO - Sync 1 DAGs
[2023-12-20T06:32:05.547+0000] {logging_mixin.py:188} INFO - [2023-12-20T06:32:05.547+0000] {dag.py:3820} INFO - Setting next_dagrun for example_python_operator to None, run_after=None
[2023-12-20T06:32:05.650+0000] {processor.py:183} INFO - Processing /home/airflow/.local/lib/python3.8/site-packages/airflow/example_dags/example_python_operator.py took 0.225 seconds
[2023-12-20T06:32:35.769+0000] {processor.py:161} INFO - Started process (PID=2681) to work on /home/airflow/.local/lib/python3.8/site-packages/airflow/example_dags/example_python_operator.py
[2023-12-20T06:32:35.809+0000] {processor.py:830} INFO - Processing file /home/airflow/.local/lib/python3.8/site-packages/airflow/example_dags/example_python_operator.py for tasks to queue
[2023-12-20T06:32:35.811+0000] {logging_mixin.py:188} INFO - [2023-12-20T06:32:35.810+0000] {dagbag.py:538} INFO - Filling up the DagBag from /home/airflow/.local/lib/python3.8/site-packages/airflow/example_dags/example_python_operator.py
[2023-12-20T06:32:35.871+0000] {processor.py:840} INFO - DAG(s) 'example_python_operator' retrieved from /home/airflow/.local/lib/python3.8/site-packages/airflow/example_dags/example_python_operator.py
[2023-12-20T06:32:35.992+0000] {logging_mixin.py:188} INFO - [2023-12-20T06:32:35.991+0000] {dag.py:3033} INFO - Sync 1 DAGs
[2023-12-20T06:32:36.035+0000] {logging_mixin.py:188} INFO - [2023-12-20T06:32:36.034+0000] {dag.py:3820} INFO - Setting next_dagrun for example_python_operator to None, run_after=None
[2023-12-20T06:32:36.095+0000] {processor.py:183} INFO - Processing /home/airflow/.local/lib/python3.8/site-packages/airflow/example_dags/example_python_operator.py took 0.332 seconds
[2023-12-20T06:33:06.380+0000] {processor.py:161} INFO - Started process (PID=2740) to work on /home/airflow/.local/lib/python3.8/site-packages/airflow/example_dags/example_python_operator.py
[2023-12-20T06:33:06.385+0000] {processor.py:830} INFO - Processing file /home/airflow/.local/lib/python3.8/site-packages/airflow/example_dags/example_python_operator.py for tasks to queue
[2023-12-20T06:33:06.388+0000] {logging_mixin.py:188} INFO - [2023-12-20T06:33:06.387+0000] {dagbag.py:538} INFO - Filling up the DagBag from /home/airflow/.local/lib/python3.8/site-packages/airflow/example_dags/example_python_operator.py
[2023-12-20T06:33:06.471+0000] {processor.py:840} INFO - DAG(s) 'example_python_operator' retrieved from /home/airflow/.local/lib/python3.8/site-packages/airflow/example_dags/example_python_operator.py
[2023-12-20T06:33:06.600+0000] {logging_mixin.py:188} INFO - [2023-12-20T06:33:06.599+0000] {dag.py:3033} INFO - Sync 1 DAGs
[2023-12-20T06:33:06.687+0000] {logging_mixin.py:188} INFO - [2023-12-20T06:33:06.686+0000] {dag.py:3820} INFO - Setting next_dagrun for example_python_operator to None, run_after=None
[2023-12-20T06:33:06.863+0000] {processor.py:183} INFO - Processing /home/airflow/.local/lib/python3.8/site-packages/airflow/example_dags/example_python_operator.py took 0.507 seconds
[2023-12-20T06:34:00.638+0000] {processor.py:161} INFO - Started process (PID=2809) to work on /home/airflow/.local/lib/python3.8/site-packages/airflow/example_dags/example_python_operator.py
[2023-12-20T06:34:00.646+0000] {processor.py:830} INFO - Processing file /home/airflow/.local/lib/python3.8/site-packages/airflow/example_dags/example_python_operator.py for tasks to queue
[2023-12-20T06:34:00.652+0000] {logging_mixin.py:188} INFO - [2023-12-20T06:34:00.651+0000] {dagbag.py:538} INFO - Filling up the DagBag from /home/airflow/.local/lib/python3.8/site-packages/airflow/example_dags/example_python_operator.py
[2023-12-20T06:34:00.755+0000] {processor.py:840} INFO - DAG(s) 'example_python_operator' retrieved from /home/airflow/.local/lib/python3.8/site-packages/airflow/example_dags/example_python_operator.py
[2023-12-20T06:34:01.011+0000] {logging_mixin.py:188} INFO - [2023-12-20T06:34:01.011+0000] {dag.py:3033} INFO - Sync 1 DAGs
[2023-12-20T06:34:01.122+0000] {logging_mixin.py:188} INFO - [2023-12-20T06:34:01.122+0000] {dag.py:3820} INFO - Setting next_dagrun for example_python_operator to None, run_after=None
[2023-12-20T06:34:01.372+0000] {processor.py:183} INFO - Processing /home/airflow/.local/lib/python3.8/site-packages/airflow/example_dags/example_python_operator.py took 0.759 seconds
[2023-12-20T06:35:00.119+0000] {processor.py:161} INFO - Started process (PID=2871) to work on /home/airflow/.local/lib/python3.8/site-packages/airflow/example_dags/example_python_operator.py
[2023-12-20T06:35:00.147+0000] {processor.py:830} INFO - Processing file /home/airflow/.local/lib/python3.8/site-packages/airflow/example_dags/example_python_operator.py for tasks to queue
[2023-12-20T06:35:00.150+0000] {logging_mixin.py:188} INFO - [2023-12-20T06:35:00.149+0000] {dagbag.py:538} INFO - Filling up the DagBag from /home/airflow/.local/lib/python3.8/site-packages/airflow/example_dags/example_python_operator.py
[2023-12-20T06:35:00.296+0000] {processor.py:840} INFO - DAG(s) 'example_python_operator' retrieved from /home/airflow/.local/lib/python3.8/site-packages/airflow/example_dags/example_python_operator.py
[2023-12-20T06:35:00.589+0000] {logging_mixin.py:188} INFO - [2023-12-20T06:35:00.588+0000] {dag.py:3033} INFO - Sync 1 DAGs
[2023-12-20T06:35:00.946+0000] {logging_mixin.py:188} INFO - [2023-12-20T06:35:00.945+0000] {dag.py:3820} INFO - Setting next_dagrun for example_python_operator to None, run_after=None
[2023-12-20T06:35:01.685+0000] {processor.py:183} INFO - Processing /home/airflow/.local/lib/python3.8/site-packages/airflow/example_dags/example_python_operator.py took 1.629 seconds
[2023-12-20T06:35:59.266+0000] {processor.py:161} INFO - Started process (PID=2934) to work on /home/airflow/.local/lib/python3.8/site-packages/airflow/example_dags/example_python_operator.py
[2023-12-20T06:35:59.275+0000] {processor.py:830} INFO - Processing file /home/airflow/.local/lib/python3.8/site-packages/airflow/example_dags/example_python_operator.py for tasks to queue
[2023-12-20T06:35:59.300+0000] {logging_mixin.py:188} INFO - [2023-12-20T06:35:59.299+0000] {dagbag.py:538} INFO - Filling up the DagBag from /home/airflow/.local/lib/python3.8/site-packages/airflow/example_dags/example_python_operator.py
[2023-12-20T06:35:59.585+0000] {processor.py:840} INFO - DAG(s) 'example_python_operator' retrieved from /home/airflow/.local/lib/python3.8/site-packages/airflow/example_dags/example_python_operator.py
[2023-12-20T06:35:59.849+0000] {logging_mixin.py:188} INFO - [2023-12-20T06:35:59.844+0000] {dag.py:3033} INFO - Sync 1 DAGs
[2023-12-20T06:36:00.085+0000] {logging_mixin.py:188} INFO - [2023-12-20T06:36:00.084+0000] {dag.py:3820} INFO - Setting next_dagrun for example_python_operator to None, run_after=None
[2023-12-20T06:36:00.503+0000] {processor.py:183} INFO - Processing /home/airflow/.local/lib/python3.8/site-packages/airflow/example_dags/example_python_operator.py took 1.333 seconds
[2023-12-20T06:36:44.179+0000] {processor.py:161} INFO - Started process (PID=2985) to work on /home/airflow/.local/lib/python3.8/site-packages/airflow/example_dags/example_python_operator.py
[2023-12-20T06:36:44.195+0000] {processor.py:830} INFO - Processing file /home/airflow/.local/lib/python3.8/site-packages/airflow/example_dags/example_python_operator.py for tasks to queue
[2023-12-20T06:36:44.207+0000] {logging_mixin.py:188} INFO - [2023-12-20T06:36:44.203+0000] {dagbag.py:538} INFO - Filling up the DagBag from /home/airflow/.local/lib/python3.8/site-packages/airflow/example_dags/example_python_operator.py
[2023-12-20T06:36:44.303+0000] {processor.py:840} INFO - DAG(s) 'example_python_operator' retrieved from /home/airflow/.local/lib/python3.8/site-packages/airflow/example_dags/example_python_operator.py
[2023-12-20T06:36:44.490+0000] {logging_mixin.py:188} INFO - [2023-12-20T06:36:44.490+0000] {dag.py:3033} INFO - Sync 1 DAGs
[2023-12-20T06:36:44.680+0000] {logging_mixin.py:188} INFO - [2023-12-20T06:36:44.679+0000] {dag.py:3820} INFO - Setting next_dagrun for example_python_operator to None, run_after=None
[2023-12-20T06:36:45.139+0000] {processor.py:183} INFO - Processing /home/airflow/.local/lib/python3.8/site-packages/airflow/example_dags/example_python_operator.py took 0.989 seconds
[2023-12-20T06:37:43.875+0000] {processor.py:161} INFO - Started process (PID=3045) to work on /home/airflow/.local/lib/python3.8/site-packages/airflow/example_dags/example_python_operator.py
[2023-12-20T06:37:43.898+0000] {processor.py:830} INFO - Processing file /home/airflow/.local/lib/python3.8/site-packages/airflow/example_dags/example_python_operator.py for tasks to queue
[2023-12-20T06:37:43.912+0000] {logging_mixin.py:188} INFO - [2023-12-20T06:37:43.911+0000] {dagbag.py:538} INFO - Filling up the DagBag from /home/airflow/.local/lib/python3.8/site-packages/airflow/example_dags/example_python_operator.py
[2023-12-20T06:37:44.060+0000] {processor.py:840} INFO - DAG(s) 'example_python_operator' retrieved from /home/airflow/.local/lib/python3.8/site-packages/airflow/example_dags/example_python_operator.py
[2023-12-20T06:37:44.476+0000] {logging_mixin.py:188} INFO - [2023-12-20T06:37:44.475+0000] {dag.py:3033} INFO - Sync 1 DAGs
[2023-12-20T06:37:44.935+0000] {logging_mixin.py:188} INFO - [2023-12-20T06:37:44.934+0000] {dag.py:3820} INFO - Setting next_dagrun for example_python_operator to None, run_after=None
[2023-12-20T06:37:45.291+0000] {processor.py:183} INFO - Processing /home/airflow/.local/lib/python3.8/site-packages/airflow/example_dags/example_python_operator.py took 1.486 seconds
[2023-12-20T06:38:16.651+0000] {processor.py:161} INFO - Started process (PID=3104) to work on /home/airflow/.local/lib/python3.8/site-packages/airflow/example_dags/example_python_operator.py
[2023-12-20T06:38:16.653+0000] {processor.py:830} INFO - Processing file /home/airflow/.local/lib/python3.8/site-packages/airflow/example_dags/example_python_operator.py for tasks to queue
[2023-12-20T06:38:16.655+0000] {logging_mixin.py:188} INFO - [2023-12-20T06:38:16.654+0000] {dagbag.py:538} INFO - Filling up the DagBag from /home/airflow/.local/lib/python3.8/site-packages/airflow/example_dags/example_python_operator.py
[2023-12-20T06:38:16.684+0000] {processor.py:840} INFO - DAG(s) 'example_python_operator' retrieved from /home/airflow/.local/lib/python3.8/site-packages/airflow/example_dags/example_python_operator.py
[2023-12-20T06:38:16.757+0000] {logging_mixin.py:188} INFO - [2023-12-20T06:38:16.756+0000] {dag.py:3033} INFO - Sync 1 DAGs
[2023-12-20T06:38:16.792+0000] {logging_mixin.py:188} INFO - [2023-12-20T06:38:16.791+0000] {dag.py:3820} INFO - Setting next_dagrun for example_python_operator to None, run_after=None
[2023-12-20T06:38:16.846+0000] {processor.py:183} INFO - Processing /home/airflow/.local/lib/python3.8/site-packages/airflow/example_dags/example_python_operator.py took 0.202 seconds
[2023-12-20T06:38:47.026+0000] {processor.py:161} INFO - Started process (PID=3162) to work on /home/airflow/.local/lib/python3.8/site-packages/airflow/example_dags/example_python_operator.py
[2023-12-20T06:38:47.027+0000] {processor.py:830} INFO - Processing file /home/airflow/.local/lib/python3.8/site-packages/airflow/example_dags/example_python_operator.py for tasks to queue
[2023-12-20T06:38:47.029+0000] {logging_mixin.py:188} INFO - [2023-12-20T06:38:47.028+0000] {dagbag.py:538} INFO - Filling up the DagBag from /home/airflow/.local/lib/python3.8/site-packages/airflow/example_dags/example_python_operator.py
[2023-12-20T06:38:47.052+0000] {processor.py:840} INFO - DAG(s) 'example_python_operator' retrieved from /home/airflow/.local/lib/python3.8/site-packages/airflow/example_dags/example_python_operator.py
[2023-12-20T06:38:47.109+0000] {logging_mixin.py:188} INFO - [2023-12-20T06:38:47.108+0000] {dag.py:3033} INFO - Sync 1 DAGs
[2023-12-20T06:38:47.138+0000] {logging_mixin.py:188} INFO - [2023-12-20T06:38:47.138+0000] {dag.py:3820} INFO - Setting next_dagrun for example_python_operator to None, run_after=None
[2023-12-20T06:38:47.247+0000] {processor.py:183} INFO - Processing /home/airflow/.local/lib/python3.8/site-packages/airflow/example_dags/example_python_operator.py took 0.227 seconds
[2023-12-20T06:39:18.122+0000] {processor.py:161} INFO - Started process (PID=3222) to work on /home/airflow/.local/lib/python3.8/site-packages/airflow/example_dags/example_python_operator.py
[2023-12-20T06:39:18.126+0000] {processor.py:830} INFO - Processing file /home/airflow/.local/lib/python3.8/site-packages/airflow/example_dags/example_python_operator.py for tasks to queue
[2023-12-20T06:39:18.130+0000] {logging_mixin.py:188} INFO - [2023-12-20T06:39:18.129+0000] {dagbag.py:538} INFO - Filling up the DagBag from /home/airflow/.local/lib/python3.8/site-packages/airflow/example_dags/example_python_operator.py
[2023-12-20T06:39:18.208+0000] {processor.py:840} INFO - DAG(s) 'example_python_operator' retrieved from /home/airflow/.local/lib/python3.8/site-packages/airflow/example_dags/example_python_operator.py
[2023-12-20T06:39:18.313+0000] {logging_mixin.py:188} INFO - [2023-12-20T06:39:18.313+0000] {dag.py:3033} INFO - Sync 1 DAGs
[2023-12-20T06:39:18.344+0000] {logging_mixin.py:188} INFO - [2023-12-20T06:39:18.343+0000] {dag.py:3820} INFO - Setting next_dagrun for example_python_operator to None, run_after=None
[2023-12-20T06:39:18.436+0000] {processor.py:183} INFO - Processing /home/airflow/.local/lib/python3.8/site-packages/airflow/example_dags/example_python_operator.py took 0.348 seconds
[2023-12-20T06:39:49.208+0000] {processor.py:161} INFO - Started process (PID=3282) to work on /home/airflow/.local/lib/python3.8/site-packages/airflow/example_dags/example_python_operator.py
[2023-12-20T06:39:49.209+0000] {processor.py:830} INFO - Processing file /home/airflow/.local/lib/python3.8/site-packages/airflow/example_dags/example_python_operator.py for tasks to queue
[2023-12-20T06:39:49.212+0000] {logging_mixin.py:188} INFO - [2023-12-20T06:39:49.211+0000] {dagbag.py:538} INFO - Filling up the DagBag from /home/airflow/.local/lib/python3.8/site-packages/airflow/example_dags/example_python_operator.py
[2023-12-20T06:39:49.240+0000] {processor.py:840} INFO - DAG(s) 'example_python_operator' retrieved from /home/airflow/.local/lib/python3.8/site-packages/airflow/example_dags/example_python_operator.py
[2023-12-20T06:39:49.304+0000] {logging_mixin.py:188} INFO - [2023-12-20T06:39:49.303+0000] {dag.py:3033} INFO - Sync 1 DAGs
[2023-12-20T06:39:49.341+0000] {logging_mixin.py:188} INFO - [2023-12-20T06:39:49.341+0000] {dag.py:3820} INFO - Setting next_dagrun for example_python_operator to None, run_after=None
[2023-12-20T06:39:49.427+0000] {processor.py:183} INFO - Processing /home/airflow/.local/lib/python3.8/site-packages/airflow/example_dags/example_python_operator.py took 0.225 seconds
[2023-12-20T06:40:19.995+0000] {processor.py:161} INFO - Started process (PID=3340) to work on /home/airflow/.local/lib/python3.8/site-packages/airflow/example_dags/example_python_operator.py
[2023-12-20T06:40:20.028+0000] {processor.py:830} INFO - Processing file /home/airflow/.local/lib/python3.8/site-packages/airflow/example_dags/example_python_operator.py for tasks to queue
[2023-12-20T06:40:20.030+0000] {logging_mixin.py:188} INFO - [2023-12-20T06:40:20.029+0000] {dagbag.py:538} INFO - Filling up the DagBag from /home/airflow/.local/lib/python3.8/site-packages/airflow/example_dags/example_python_operator.py
[2023-12-20T06:40:20.069+0000] {processor.py:840} INFO - DAG(s) 'example_python_operator' retrieved from /home/airflow/.local/lib/python3.8/site-packages/airflow/example_dags/example_python_operator.py
[2023-12-20T06:40:20.158+0000] {logging_mixin.py:188} INFO - [2023-12-20T06:40:20.157+0000] {dag.py:3033} INFO - Sync 1 DAGs
[2023-12-20T06:40:20.190+0000] {logging_mixin.py:188} INFO - [2023-12-20T06:40:20.189+0000] {dag.py:3820} INFO - Setting next_dagrun for example_python_operator to None, run_after=None
[2023-12-20T06:40:20.277+0000] {processor.py:183} INFO - Processing /home/airflow/.local/lib/python3.8/site-packages/airflow/example_dags/example_python_operator.py took 0.290 seconds
[2023-12-20T06:44:58.700+0000] {processor.py:161} INFO - Started process (PID=3394) to work on /home/airflow/.local/lib/python3.8/site-packages/airflow/example_dags/example_python_operator.py
[2023-12-20T06:44:58.707+0000] {processor.py:830} INFO - Processing file /home/airflow/.local/lib/python3.8/site-packages/airflow/example_dags/example_python_operator.py for tasks to queue
[2023-12-20T06:44:58.709+0000] {logging_mixin.py:188} INFO - [2023-12-20T06:44:58.709+0000] {dagbag.py:538} INFO - Filling up the DagBag from /home/airflow/.local/lib/python3.8/site-packages/airflow/example_dags/example_python_operator.py
[2023-12-20T06:44:58.772+0000] {processor.py:840} INFO - DAG(s) 'example_python_operator' retrieved from /home/airflow/.local/lib/python3.8/site-packages/airflow/example_dags/example_python_operator.py
[2023-12-20T06:44:59.017+0000] {logging_mixin.py:188} INFO - [2023-12-20T06:44:59.016+0000] {dag.py:3033} INFO - Sync 1 DAGs
[2023-12-20T06:44:59.125+0000] {logging_mixin.py:188} INFO - [2023-12-20T06:44:59.125+0000] {dag.py:3820} INFO - Setting next_dagrun for example_python_operator to None, run_after=None
[2023-12-20T06:44:59.330+0000] {processor.py:183} INFO - Processing /home/airflow/.local/lib/python3.8/site-packages/airflow/example_dags/example_python_operator.py took 0.638 seconds
[2023-12-20T06:45:29.648+0000] {processor.py:161} INFO - Started process (PID=3452) to work on /home/airflow/.local/lib/python3.8/site-packages/airflow/example_dags/example_python_operator.py
[2023-12-20T06:45:29.682+0000] {processor.py:830} INFO - Processing file /home/airflow/.local/lib/python3.8/site-packages/airflow/example_dags/example_python_operator.py for tasks to queue
[2023-12-20T06:45:29.688+0000] {logging_mixin.py:188} INFO - [2023-12-20T06:45:29.687+0000] {dagbag.py:538} INFO - Filling up the DagBag from /home/airflow/.local/lib/python3.8/site-packages/airflow/example_dags/example_python_operator.py
[2023-12-20T06:45:29.807+0000] {processor.py:840} INFO - DAG(s) 'example_python_operator' retrieved from /home/airflow/.local/lib/python3.8/site-packages/airflow/example_dags/example_python_operator.py
[2023-12-20T06:45:30.025+0000] {logging_mixin.py:188} INFO - [2023-12-20T06:45:30.024+0000] {dag.py:3033} INFO - Sync 1 DAGs
[2023-12-20T06:45:30.215+0000] {logging_mixin.py:188} INFO - [2023-12-20T06:45:30.198+0000] {dag.py:3820} INFO - Setting next_dagrun for example_python_operator to None, run_after=None
[2023-12-20T06:45:30.448+0000] {processor.py:183} INFO - Processing /home/airflow/.local/lib/python3.8/site-packages/airflow/example_dags/example_python_operator.py took 0.851 seconds
[2023-12-20T06:46:01.166+0000] {processor.py:161} INFO - Started process (PID=3511) to work on /home/airflow/.local/lib/python3.8/site-packages/airflow/example_dags/example_python_operator.py
[2023-12-20T06:46:01.170+0000] {processor.py:830} INFO - Processing file /home/airflow/.local/lib/python3.8/site-packages/airflow/example_dags/example_python_operator.py for tasks to queue
[2023-12-20T06:46:01.172+0000] {logging_mixin.py:188} INFO - [2023-12-20T06:46:01.172+0000] {dagbag.py:538} INFO - Filling up the DagBag from /home/airflow/.local/lib/python3.8/site-packages/airflow/example_dags/example_python_operator.py
[2023-12-20T06:46:01.195+0000] {processor.py:840} INFO - DAG(s) 'example_python_operator' retrieved from /home/airflow/.local/lib/python3.8/site-packages/airflow/example_dags/example_python_operator.py
[2023-12-20T06:46:01.256+0000] {logging_mixin.py:188} INFO - [2023-12-20T06:46:01.255+0000] {dag.py:3033} INFO - Sync 1 DAGs
[2023-12-20T06:46:01.302+0000] {logging_mixin.py:188} INFO - [2023-12-20T06:46:01.301+0000] {dag.py:3820} INFO - Setting next_dagrun for example_python_operator to None, run_after=None
[2023-12-20T06:46:01.400+0000] {processor.py:183} INFO - Processing /home/airflow/.local/lib/python3.8/site-packages/airflow/example_dags/example_python_operator.py took 0.240 seconds
[2023-12-20T06:46:31.688+0000] {processor.py:161} INFO - Started process (PID=3569) to work on /home/airflow/.local/lib/python3.8/site-packages/airflow/example_dags/example_python_operator.py
[2023-12-20T06:46:31.735+0000] {processor.py:830} INFO - Processing file /home/airflow/.local/lib/python3.8/site-packages/airflow/example_dags/example_python_operator.py for tasks to queue
[2023-12-20T06:46:31.738+0000] {logging_mixin.py:188} INFO - [2023-12-20T06:46:31.737+0000] {dagbag.py:538} INFO - Filling up the DagBag from /home/airflow/.local/lib/python3.8/site-packages/airflow/example_dags/example_python_operator.py
[2023-12-20T06:46:31.772+0000] {processor.py:840} INFO - DAG(s) 'example_python_operator' retrieved from /home/airflow/.local/lib/python3.8/site-packages/airflow/example_dags/example_python_operator.py
[2023-12-20T06:46:31.874+0000] {logging_mixin.py:188} INFO - [2023-12-20T06:46:31.874+0000] {dag.py:3033} INFO - Sync 1 DAGs
[2023-12-20T06:46:31.922+0000] {logging_mixin.py:188} INFO - [2023-12-20T06:46:31.922+0000] {dag.py:3820} INFO - Setting next_dagrun for example_python_operator to None, run_after=None
[2023-12-20T06:46:32.040+0000] {processor.py:183} INFO - Processing /home/airflow/.local/lib/python3.8/site-packages/airflow/example_dags/example_python_operator.py took 0.359 seconds
[2023-12-20T06:47:02.778+0000] {processor.py:161} INFO - Started process (PID=3627) to work on /home/airflow/.local/lib/python3.8/site-packages/airflow/example_dags/example_python_operator.py
[2023-12-20T06:47:02.818+0000] {processor.py:830} INFO - Processing file /home/airflow/.local/lib/python3.8/site-packages/airflow/example_dags/example_python_operator.py for tasks to queue
[2023-12-20T06:47:02.820+0000] {logging_mixin.py:188} INFO - [2023-12-20T06:47:02.820+0000] {dagbag.py:538} INFO - Filling up the DagBag from /home/airflow/.local/lib/python3.8/site-packages/airflow/example_dags/example_python_operator.py
[2023-12-20T06:47:02.843+0000] {processor.py:840} INFO - DAG(s) 'example_python_operator' retrieved from /home/airflow/.local/lib/python3.8/site-packages/airflow/example_dags/example_python_operator.py
[2023-12-20T06:47:02.910+0000] {logging_mixin.py:188} INFO - [2023-12-20T06:47:02.909+0000] {dag.py:3033} INFO - Sync 1 DAGs
[2023-12-20T06:47:02.945+0000] {logging_mixin.py:188} INFO - [2023-12-20T06:47:02.945+0000] {dag.py:3820} INFO - Setting next_dagrun for example_python_operator to None, run_after=None
[2023-12-20T06:47:03.077+0000] {processor.py:183} INFO - Processing /home/airflow/.local/lib/python3.8/site-packages/airflow/example_dags/example_python_operator.py took 0.305 seconds
[2023-12-20T06:47:47.655+0000] {processor.py:161} INFO - Started process (PID=3692) to work on /home/airflow/.local/lib/python3.8/site-packages/airflow/example_dags/example_python_operator.py
[2023-12-20T06:47:47.668+0000] {processor.py:830} INFO - Processing file /home/airflow/.local/lib/python3.8/site-packages/airflow/example_dags/example_python_operator.py for tasks to queue
[2023-12-20T06:47:47.670+0000] {logging_mixin.py:188} INFO - [2023-12-20T06:47:47.669+0000] {dagbag.py:538} INFO - Filling up the DagBag from /home/airflow/.local/lib/python3.8/site-packages/airflow/example_dags/example_python_operator.py
[2023-12-20T06:47:47.820+0000] {processor.py:840} INFO - DAG(s) 'example_python_operator' retrieved from /home/airflow/.local/lib/python3.8/site-packages/airflow/example_dags/example_python_operator.py
[2023-12-20T06:47:48.029+0000] {logging_mixin.py:188} INFO - [2023-12-20T06:47:48.028+0000] {dag.py:3033} INFO - Sync 1 DAGs
[2023-12-20T06:47:48.116+0000] {logging_mixin.py:188} INFO - [2023-12-20T06:47:48.116+0000] {dag.py:3820} INFO - Setting next_dagrun for example_python_operator to None, run_after=None
[2023-12-20T06:47:48.264+0000] {processor.py:183} INFO - Processing /home/airflow/.local/lib/python3.8/site-packages/airflow/example_dags/example_python_operator.py took 0.675 seconds
[2023-12-20T06:49:02.368+0000] {processor.py:161} INFO - Started process (PID=3759) to work on /home/airflow/.local/lib/python3.8/site-packages/airflow/example_dags/example_python_operator.py
[2023-12-20T06:49:02.372+0000] {processor.py:830} INFO - Processing file /home/airflow/.local/lib/python3.8/site-packages/airflow/example_dags/example_python_operator.py for tasks to queue
[2023-12-20T06:49:02.377+0000] {logging_mixin.py:188} INFO - [2023-12-20T06:49:02.374+0000] {dagbag.py:538} INFO - Filling up the DagBag from /home/airflow/.local/lib/python3.8/site-packages/airflow/example_dags/example_python_operator.py
[2023-12-20T06:49:02.739+0000] {processor.py:840} INFO - DAG(s) 'example_python_operator' retrieved from /home/airflow/.local/lib/python3.8/site-packages/airflow/example_dags/example_python_operator.py
[2023-12-20T06:49:03.253+0000] {logging_mixin.py:188} INFO - [2023-12-20T06:49:03.248+0000] {dag.py:3033} INFO - Sync 1 DAGs
[2023-12-20T06:49:03.905+0000] {logging_mixin.py:188} INFO - [2023-12-20T06:49:03.827+0000] {dag.py:3820} INFO - Setting next_dagrun for example_python_operator to None, run_after=None
[2023-12-20T06:49:04.512+0000] {processor.py:183} INFO - Processing /home/airflow/.local/lib/python3.8/site-packages/airflow/example_dags/example_python_operator.py took 2.190 seconds
