[2023-12-20T05:41:39.626+0000] {processor.py:161} INFO - Started process (PID=93) to work on /home/airflow/.local/lib/python3.8/site-packages/airflow/example_dags/example_sla_dag.py
[2023-12-20T05:41:39.636+0000] {processor.py:830} INFO - Processing file /home/airflow/.local/lib/python3.8/site-packages/airflow/example_dags/example_sla_dag.py for tasks to queue
[2023-12-20T05:41:39.654+0000] {logging_mixin.py:188} INFO - [2023-12-20T05:41:39.654+0000] {dagbag.py:538} INFO - Filling up the DagBag from /home/airflow/.local/lib/python3.8/site-packages/airflow/example_dags/example_sla_dag.py
[2023-12-20T05:41:39.814+0000] {processor.py:840} INFO - DAG(s) 'example_sla_dag' retrieved from /home/airflow/.local/lib/python3.8/site-packages/airflow/example_dags/example_sla_dag.py
[2023-12-20T05:41:41.018+0000] {logging_mixin.py:188} INFO - [2023-12-20T05:41:41.017+0000] {dag.py:3033} INFO - Sync 1 DAGs
[2023-12-20T05:41:41.217+0000] {logging_mixin.py:188} INFO - [2023-12-20T05:41:41.216+0000] {dag.py:3820} INFO - Setting next_dagrun for example_sla_dag to 2023-12-20T05:38:00+00:00, run_after=2023-12-20T05:40:00+00:00
[2023-12-20T05:41:41.347+0000] {processor.py:183} INFO - Processing /home/airflow/.local/lib/python3.8/site-packages/airflow/example_dags/example_sla_dag.py took 1.781 seconds
[2023-12-20T05:42:38.201+0000] {processor.py:161} INFO - Started process (PID=148) to work on /home/airflow/.local/lib/python3.8/site-packages/airflow/example_dags/example_sla_dag.py
[2023-12-20T05:42:38.208+0000] {processor.py:830} INFO - Processing file /home/airflow/.local/lib/python3.8/site-packages/airflow/example_dags/example_sla_dag.py for tasks to queue
[2023-12-20T05:42:38.222+0000] {logging_mixin.py:188} INFO - [2023-12-20T05:42:38.221+0000] {dagbag.py:538} INFO - Filling up the DagBag from /home/airflow/.local/lib/python3.8/site-packages/airflow/example_dags/example_sla_dag.py
[2023-12-20T05:42:38.316+0000] {processor.py:840} INFO - DAG(s) 'example_sla_dag' retrieved from /home/airflow/.local/lib/python3.8/site-packages/airflow/example_dags/example_sla_dag.py
[2023-12-20T05:42:38.560+0000] {logging_mixin.py:188} INFO - [2023-12-20T05:42:38.559+0000] {dag.py:3033} INFO - Sync 1 DAGs
[2023-12-20T05:42:39.620+0000] {logging_mixin.py:188} INFO - [2023-12-20T05:42:39.616+0000] {dag.py:3820} INFO - Setting next_dagrun for example_sla_dag to 2023-12-20T05:40:00+00:00, run_after=2023-12-20T05:42:00+00:00
[2023-12-20T05:42:39.938+0000] {processor.py:183} INFO - Processing /home/airflow/.local/lib/python3.8/site-packages/airflow/example_dags/example_sla_dag.py took 1.761 seconds
[2023-12-20T06:07:03.117+0000] {processor.py:161} INFO - Started process (PID=73) to work on /home/airflow/.local/lib/python3.8/site-packages/airflow/example_dags/example_sla_dag.py
[2023-12-20T06:07:03.132+0000] {processor.py:830} INFO - Processing file /home/airflow/.local/lib/python3.8/site-packages/airflow/example_dags/example_sla_dag.py for tasks to queue
[2023-12-20T06:07:03.142+0000] {logging_mixin.py:188} INFO - [2023-12-20T06:07:03.141+0000] {dagbag.py:538} INFO - Filling up the DagBag from /home/airflow/.local/lib/python3.8/site-packages/airflow/example_dags/example_sla_dag.py
[2023-12-20T06:07:03.245+0000] {processor.py:840} INFO - DAG(s) 'example_sla_dag' retrieved from /home/airflow/.local/lib/python3.8/site-packages/airflow/example_dags/example_sla_dag.py
[2023-12-20T06:07:03.387+0000] {logging_mixin.py:188} INFO - [2023-12-20T06:07:03.379+0000] {dag.py:3033} INFO - Sync 1 DAGs
[2023-12-20T06:07:03.690+0000] {logging_mixin.py:188} INFO - [2023-12-20T06:07:03.690+0000] {dag.py:3820} INFO - Setting next_dagrun for example_sla_dag to 2023-12-20T06:04:00+00:00, run_after=2023-12-20T06:06:00+00:00
[2023-12-20T06:07:03.880+0000] {processor.py:183} INFO - Processing /home/airflow/.local/lib/python3.8/site-packages/airflow/example_dags/example_sla_dag.py took 0.778 seconds
[2023-12-20T06:07:35.568+0000] {processor.py:161} INFO - Started process (PID=128) to work on /home/airflow/.local/lib/python3.8/site-packages/airflow/example_dags/example_sla_dag.py
[2023-12-20T06:07:35.579+0000] {processor.py:830} INFO - Processing file /home/airflow/.local/lib/python3.8/site-packages/airflow/example_dags/example_sla_dag.py for tasks to queue
[2023-12-20T06:07:35.587+0000] {logging_mixin.py:188} INFO - [2023-12-20T06:07:35.586+0000] {dagbag.py:538} INFO - Filling up the DagBag from /home/airflow/.local/lib/python3.8/site-packages/airflow/example_dags/example_sla_dag.py
[2023-12-20T06:07:35.640+0000] {processor.py:840} INFO - DAG(s) 'example_sla_dag' retrieved from /home/airflow/.local/lib/python3.8/site-packages/airflow/example_dags/example_sla_dag.py
[2023-12-20T06:07:35.759+0000] {logging_mixin.py:188} INFO - [2023-12-20T06:07:35.759+0000] {dag.py:3033} INFO - Sync 1 DAGs
[2023-12-20T06:07:35.914+0000] {logging_mixin.py:188} INFO - [2023-12-20T06:07:35.914+0000] {dag.py:3820} INFO - Setting next_dagrun for example_sla_dag to 2023-12-20T06:04:00+00:00, run_after=2023-12-20T06:06:00+00:00
[2023-12-20T06:07:35.965+0000] {processor.py:183} INFO - Processing /home/airflow/.local/lib/python3.8/site-packages/airflow/example_dags/example_sla_dag.py took 0.410 seconds
[2023-12-20T06:08:06.329+0000] {processor.py:161} INFO - Started process (PID=183) to work on /home/airflow/.local/lib/python3.8/site-packages/airflow/example_dags/example_sla_dag.py
[2023-12-20T06:08:06.331+0000] {processor.py:830} INFO - Processing file /home/airflow/.local/lib/python3.8/site-packages/airflow/example_dags/example_sla_dag.py for tasks to queue
[2023-12-20T06:08:06.335+0000] {logging_mixin.py:188} INFO - [2023-12-20T06:08:06.334+0000] {dagbag.py:538} INFO - Filling up the DagBag from /home/airflow/.local/lib/python3.8/site-packages/airflow/example_dags/example_sla_dag.py
[2023-12-20T06:08:06.355+0000] {processor.py:840} INFO - DAG(s) 'example_sla_dag' retrieved from /home/airflow/.local/lib/python3.8/site-packages/airflow/example_dags/example_sla_dag.py
[2023-12-20T06:08:06.401+0000] {logging_mixin.py:188} INFO - [2023-12-20T06:08:06.400+0000] {dag.py:3033} INFO - Sync 1 DAGs
[2023-12-20T06:08:06.531+0000] {logging_mixin.py:188} INFO - [2023-12-20T06:08:06.530+0000] {dag.py:3820} INFO - Setting next_dagrun for example_sla_dag to 2023-12-20T06:06:00+00:00, run_after=2023-12-20T06:08:00+00:00
[2023-12-20T06:08:06.596+0000] {processor.py:183} INFO - Processing /home/airflow/.local/lib/python3.8/site-packages/airflow/example_dags/example_sla_dag.py took 0.273 seconds
[2023-12-20T06:08:46.646+0000] {processor.py:161} INFO - Started process (PID=238) to work on /home/airflow/.local/lib/python3.8/site-packages/airflow/example_dags/example_sla_dag.py
[2023-12-20T06:08:46.662+0000] {processor.py:830} INFO - Processing file /home/airflow/.local/lib/python3.8/site-packages/airflow/example_dags/example_sla_dag.py for tasks to queue
[2023-12-20T06:08:46.712+0000] {logging_mixin.py:188} INFO - [2023-12-20T06:08:46.706+0000] {dagbag.py:538} INFO - Filling up the DagBag from /home/airflow/.local/lib/python3.8/site-packages/airflow/example_dags/example_sla_dag.py
[2023-12-20T06:08:46.926+0000] {processor.py:840} INFO - DAG(s) 'example_sla_dag' retrieved from /home/airflow/.local/lib/python3.8/site-packages/airflow/example_dags/example_sla_dag.py
[2023-12-20T06:08:47.142+0000] {logging_mixin.py:188} INFO - [2023-12-20T06:08:47.142+0000] {dag.py:3033} INFO - Sync 1 DAGs
[2023-12-20T06:08:47.679+0000] {logging_mixin.py:188} INFO - [2023-12-20T06:08:47.678+0000] {dag.py:3820} INFO - Setting next_dagrun for example_sla_dag to 2023-12-20T06:06:00+00:00, run_after=2023-12-20T06:08:00+00:00
[2023-12-20T06:08:48.286+0000] {processor.py:183} INFO - Processing /home/airflow/.local/lib/python3.8/site-packages/airflow/example_dags/example_sla_dag.py took 1.692 seconds
[2023-12-20T06:09:24.236+0000] {processor.py:161} INFO - Started process (PID=293) to work on /home/airflow/.local/lib/python3.8/site-packages/airflow/example_dags/example_sla_dag.py
[2023-12-20T06:09:24.249+0000] {processor.py:830} INFO - Processing file /home/airflow/.local/lib/python3.8/site-packages/airflow/example_dags/example_sla_dag.py for tasks to queue
[2023-12-20T06:09:24.265+0000] {logging_mixin.py:188} INFO - [2023-12-20T06:09:24.265+0000] {dagbag.py:538} INFO - Filling up the DagBag from /home/airflow/.local/lib/python3.8/site-packages/airflow/example_dags/example_sla_dag.py
[2023-12-20T06:09:24.347+0000] {processor.py:840} INFO - DAG(s) 'example_sla_dag' retrieved from /home/airflow/.local/lib/python3.8/site-packages/airflow/example_dags/example_sla_dag.py
[2023-12-20T06:09:24.453+0000] {logging_mixin.py:188} INFO - [2023-12-20T06:09:24.453+0000] {dag.py:3033} INFO - Sync 1 DAGs
[2023-12-20T06:09:24.693+0000] {logging_mixin.py:188} INFO - [2023-12-20T06:09:24.690+0000] {dag.py:3820} INFO - Setting next_dagrun for example_sla_dag to 2023-12-20T06:06:00+00:00, run_after=2023-12-20T06:08:00+00:00
[2023-12-20T06:09:24.863+0000] {processor.py:183} INFO - Processing /home/airflow/.local/lib/python3.8/site-packages/airflow/example_dags/example_sla_dag.py took 0.654 seconds
[2023-12-20T06:09:56.069+0000] {processor.py:161} INFO - Started process (PID=348) to work on /home/airflow/.local/lib/python3.8/site-packages/airflow/example_dags/example_sla_dag.py
[2023-12-20T06:09:56.108+0000] {processor.py:830} INFO - Processing file /home/airflow/.local/lib/python3.8/site-packages/airflow/example_dags/example_sla_dag.py for tasks to queue
[2023-12-20T06:09:56.112+0000] {logging_mixin.py:188} INFO - [2023-12-20T06:09:56.111+0000] {dagbag.py:538} INFO - Filling up the DagBag from /home/airflow/.local/lib/python3.8/site-packages/airflow/example_dags/example_sla_dag.py
[2023-12-20T06:09:56.146+0000] {processor.py:840} INFO - DAG(s) 'example_sla_dag' retrieved from /home/airflow/.local/lib/python3.8/site-packages/airflow/example_dags/example_sla_dag.py
[2023-12-20T06:09:56.210+0000] {logging_mixin.py:188} INFO - [2023-12-20T06:09:56.210+0000] {dag.py:3033} INFO - Sync 1 DAGs
[2023-12-20T06:09:56.353+0000] {logging_mixin.py:188} INFO - [2023-12-20T06:09:56.352+0000] {dag.py:3820} INFO - Setting next_dagrun for example_sla_dag to 2023-12-20T06:06:00+00:00, run_after=2023-12-20T06:08:00+00:00
[2023-12-20T06:09:56.543+0000] {processor.py:183} INFO - Processing /home/airflow/.local/lib/python3.8/site-packages/airflow/example_dags/example_sla_dag.py took 0.493 seconds
[2023-12-20T06:10:26.830+0000] {processor.py:161} INFO - Started process (PID=401) to work on /home/airflow/.local/lib/python3.8/site-packages/airflow/example_dags/example_sla_dag.py
[2023-12-20T06:10:26.836+0000] {processor.py:830} INFO - Processing file /home/airflow/.local/lib/python3.8/site-packages/airflow/example_dags/example_sla_dag.py for tasks to queue
[2023-12-20T06:10:26.850+0000] {logging_mixin.py:188} INFO - [2023-12-20T06:10:26.844+0000] {dagbag.py:538} INFO - Filling up the DagBag from /home/airflow/.local/lib/python3.8/site-packages/airflow/example_dags/example_sla_dag.py
[2023-12-20T06:10:26.910+0000] {processor.py:840} INFO - DAG(s) 'example_sla_dag' retrieved from /home/airflow/.local/lib/python3.8/site-packages/airflow/example_dags/example_sla_dag.py
[2023-12-20T06:10:27.005+0000] {logging_mixin.py:188} INFO - [2023-12-20T06:10:27.005+0000] {dag.py:3033} INFO - Sync 1 DAGs
[2023-12-20T06:10:27.155+0000] {logging_mixin.py:188} INFO - [2023-12-20T06:10:27.152+0000] {dag.py:3820} INFO - Setting next_dagrun for example_sla_dag to 2023-12-20T06:08:00+00:00, run_after=2023-12-20T06:10:00+00:00
[2023-12-20T06:10:27.282+0000] {processor.py:183} INFO - Processing /home/airflow/.local/lib/python3.8/site-packages/airflow/example_dags/example_sla_dag.py took 0.468 seconds
[2023-12-20T06:10:58.288+0000] {processor.py:161} INFO - Started process (PID=455) to work on /home/airflow/.local/lib/python3.8/site-packages/airflow/example_dags/example_sla_dag.py
[2023-12-20T06:10:58.328+0000] {processor.py:830} INFO - Processing file /home/airflow/.local/lib/python3.8/site-packages/airflow/example_dags/example_sla_dag.py for tasks to queue
[2023-12-20T06:10:58.347+0000] {logging_mixin.py:188} INFO - [2023-12-20T06:10:58.346+0000] {dagbag.py:538} INFO - Filling up the DagBag from /home/airflow/.local/lib/python3.8/site-packages/airflow/example_dags/example_sla_dag.py
[2023-12-20T06:10:58.501+0000] {processor.py:840} INFO - DAG(s) 'example_sla_dag' retrieved from /home/airflow/.local/lib/python3.8/site-packages/airflow/example_dags/example_sla_dag.py
[2023-12-20T06:10:58.665+0000] {logging_mixin.py:188} INFO - [2023-12-20T06:10:58.665+0000] {dag.py:3033} INFO - Sync 1 DAGs
[2023-12-20T06:10:58.918+0000] {logging_mixin.py:188} INFO - [2023-12-20T06:10:58.918+0000] {dag.py:3820} INFO - Setting next_dagrun for example_sla_dag to 2023-12-20T06:08:00+00:00, run_after=2023-12-20T06:10:00+00:00
[2023-12-20T06:10:59.070+0000] {processor.py:183} INFO - Processing /home/airflow/.local/lib/python3.8/site-packages/airflow/example_dags/example_sla_dag.py took 0.811 seconds
[2023-12-20T06:11:29.631+0000] {processor.py:161} INFO - Started process (PID=516) to work on /home/airflow/.local/lib/python3.8/site-packages/airflow/example_dags/example_sla_dag.py
[2023-12-20T06:11:29.664+0000] {processor.py:830} INFO - Processing file /home/airflow/.local/lib/python3.8/site-packages/airflow/example_dags/example_sla_dag.py for tasks to queue
[2023-12-20T06:11:29.668+0000] {logging_mixin.py:188} INFO - [2023-12-20T06:11:29.667+0000] {dagbag.py:538} INFO - Filling up the DagBag from /home/airflow/.local/lib/python3.8/site-packages/airflow/example_dags/example_sla_dag.py
[2023-12-20T06:11:29.823+0000] {processor.py:840} INFO - DAG(s) 'example_sla_dag' retrieved from /home/airflow/.local/lib/python3.8/site-packages/airflow/example_dags/example_sla_dag.py
[2023-12-20T06:11:30.035+0000] {logging_mixin.py:188} INFO - [2023-12-20T06:11:30.034+0000] {dag.py:3033} INFO - Sync 1 DAGs
[2023-12-20T06:11:30.321+0000] {logging_mixin.py:188} INFO - [2023-12-20T06:11:30.320+0000] {dag.py:3820} INFO - Setting next_dagrun for example_sla_dag to 2023-12-20T06:08:00+00:00, run_after=2023-12-20T06:10:00+00:00
[2023-12-20T06:11:30.789+0000] {processor.py:183} INFO - Processing /home/airflow/.local/lib/python3.8/site-packages/airflow/example_dags/example_sla_dag.py took 1.192 seconds
[2023-12-20T06:12:01.025+0000] {processor.py:161} INFO - Started process (PID=571) to work on /home/airflow/.local/lib/python3.8/site-packages/airflow/example_dags/example_sla_dag.py
[2023-12-20T06:12:01.026+0000] {processor.py:830} INFO - Processing file /home/airflow/.local/lib/python3.8/site-packages/airflow/example_dags/example_sla_dag.py for tasks to queue
[2023-12-20T06:12:01.062+0000] {logging_mixin.py:188} INFO - [2023-12-20T06:12:01.061+0000] {dagbag.py:538} INFO - Filling up the DagBag from /home/airflow/.local/lib/python3.8/site-packages/airflow/example_dags/example_sla_dag.py
[2023-12-20T06:12:01.144+0000] {processor.py:840} INFO - DAG(s) 'example_sla_dag' retrieved from /home/airflow/.local/lib/python3.8/site-packages/airflow/example_dags/example_sla_dag.py
[2023-12-20T06:12:01.270+0000] {logging_mixin.py:188} INFO - [2023-12-20T06:12:01.269+0000] {dag.py:3033} INFO - Sync 1 DAGs
[2023-12-20T06:12:01.481+0000] {logging_mixin.py:188} INFO - [2023-12-20T06:12:01.480+0000] {dag.py:3820} INFO - Setting next_dagrun for example_sla_dag to 2023-12-20T06:10:00+00:00, run_after=2023-12-20T06:12:00+00:00
[2023-12-20T06:12:01.591+0000] {processor.py:183} INFO - Processing /home/airflow/.local/lib/python3.8/site-packages/airflow/example_dags/example_sla_dag.py took 0.627 seconds
[2023-12-20T06:12:33.955+0000] {processor.py:161} INFO - Started process (PID=626) to work on /home/airflow/.local/lib/python3.8/site-packages/airflow/example_dags/example_sla_dag.py
[2023-12-20T06:12:33.957+0000] {processor.py:830} INFO - Processing file /home/airflow/.local/lib/python3.8/site-packages/airflow/example_dags/example_sla_dag.py for tasks to queue
[2023-12-20T06:12:33.962+0000] {logging_mixin.py:188} INFO - [2023-12-20T06:12:33.961+0000] {dagbag.py:538} INFO - Filling up the DagBag from /home/airflow/.local/lib/python3.8/site-packages/airflow/example_dags/example_sla_dag.py
[2023-12-20T06:12:33.983+0000] {processor.py:840} INFO - DAG(s) 'example_sla_dag' retrieved from /home/airflow/.local/lib/python3.8/site-packages/airflow/example_dags/example_sla_dag.py
[2023-12-20T06:12:34.098+0000] {logging_mixin.py:188} INFO - [2023-12-20T06:12:34.093+0000] {dag.py:3033} INFO - Sync 1 DAGs
[2023-12-20T06:12:34.304+0000] {logging_mixin.py:188} INFO - [2023-12-20T06:12:34.303+0000] {dag.py:3820} INFO - Setting next_dagrun for example_sla_dag to 2023-12-20T06:10:00+00:00, run_after=2023-12-20T06:12:00+00:00
[2023-12-20T06:12:34.483+0000] {processor.py:183} INFO - Processing /home/airflow/.local/lib/python3.8/site-packages/airflow/example_dags/example_sla_dag.py took 0.537 seconds
[2023-12-20T06:13:15.235+0000] {processor.py:161} INFO - Started process (PID=680) to work on /home/airflow/.local/lib/python3.8/site-packages/airflow/example_dags/example_sla_dag.py
[2023-12-20T06:13:15.254+0000] {processor.py:830} INFO - Processing file /home/airflow/.local/lib/python3.8/site-packages/airflow/example_dags/example_sla_dag.py for tasks to queue
[2023-12-20T06:13:15.260+0000] {logging_mixin.py:188} INFO - [2023-12-20T06:13:15.260+0000] {dagbag.py:538} INFO - Filling up the DagBag from /home/airflow/.local/lib/python3.8/site-packages/airflow/example_dags/example_sla_dag.py
[2023-12-20T06:13:15.384+0000] {processor.py:840} INFO - DAG(s) 'example_sla_dag' retrieved from /home/airflow/.local/lib/python3.8/site-packages/airflow/example_dags/example_sla_dag.py
[2023-12-20T06:13:15.552+0000] {logging_mixin.py:188} INFO - [2023-12-20T06:13:15.552+0000] {dag.py:3033} INFO - Sync 1 DAGs
[2023-12-20T06:13:16.070+0000] {logging_mixin.py:188} INFO - [2023-12-20T06:13:16.070+0000] {dag.py:3820} INFO - Setting next_dagrun for example_sla_dag to 2023-12-20T06:10:00+00:00, run_after=2023-12-20T06:12:00+00:00
[2023-12-20T06:13:16.572+0000] {processor.py:183} INFO - Processing /home/airflow/.local/lib/python3.8/site-packages/airflow/example_dags/example_sla_dag.py took 1.359 seconds
[2023-12-20T06:13:56.329+0000] {processor.py:161} INFO - Started process (PID=733) to work on /home/airflow/.local/lib/python3.8/site-packages/airflow/example_dags/example_sla_dag.py
[2023-12-20T06:13:56.335+0000] {processor.py:830} INFO - Processing file /home/airflow/.local/lib/python3.8/site-packages/airflow/example_dags/example_sla_dag.py for tasks to queue
[2023-12-20T06:13:56.339+0000] {logging_mixin.py:188} INFO - [2023-12-20T06:13:56.339+0000] {dagbag.py:538} INFO - Filling up the DagBag from /home/airflow/.local/lib/python3.8/site-packages/airflow/example_dags/example_sla_dag.py
[2023-12-20T06:13:56.449+0000] {processor.py:840} INFO - DAG(s) 'example_sla_dag' retrieved from /home/airflow/.local/lib/python3.8/site-packages/airflow/example_dags/example_sla_dag.py
[2023-12-20T06:13:56.866+0000] {logging_mixin.py:188} INFO - [2023-12-20T06:13:56.866+0000] {dag.py:3033} INFO - Sync 1 DAGs
[2023-12-20T06:13:57.097+0000] {logging_mixin.py:188} INFO - [2023-12-20T06:13:57.092+0000] {dag.py:3820} INFO - Setting next_dagrun for example_sla_dag to 2023-12-20T06:10:00+00:00, run_after=2023-12-20T06:12:00+00:00
[2023-12-20T06:13:57.317+0000] {processor.py:183} INFO - Processing /home/airflow/.local/lib/python3.8/site-packages/airflow/example_dags/example_sla_dag.py took 0.998 seconds
[2023-12-20T06:14:37.288+0000] {processor.py:161} INFO - Started process (PID=798) to work on /home/airflow/.local/lib/python3.8/site-packages/airflow/example_dags/example_sla_dag.py
[2023-12-20T06:14:37.303+0000] {processor.py:830} INFO - Processing file /home/airflow/.local/lib/python3.8/site-packages/airflow/example_dags/example_sla_dag.py for tasks to queue
[2023-12-20T06:14:37.319+0000] {logging_mixin.py:188} INFO - [2023-12-20T06:14:37.319+0000] {dagbag.py:538} INFO - Filling up the DagBag from /home/airflow/.local/lib/python3.8/site-packages/airflow/example_dags/example_sla_dag.py
[2023-12-20T06:14:37.438+0000] {processor.py:840} INFO - DAG(s) 'example_sla_dag' retrieved from /home/airflow/.local/lib/python3.8/site-packages/airflow/example_dags/example_sla_dag.py
[2023-12-20T06:14:37.666+0000] {logging_mixin.py:188} INFO - [2023-12-20T06:14:37.662+0000] {dag.py:3033} INFO - Sync 1 DAGs
[2023-12-20T06:14:38.233+0000] {logging_mixin.py:188} INFO - [2023-12-20T06:14:38.233+0000] {dag.py:3820} INFO - Setting next_dagrun for example_sla_dag to 2023-12-20T06:12:00+00:00, run_after=2023-12-20T06:14:00+00:00
[2023-12-20T06:14:38.532+0000] {processor.py:183} INFO - Processing /home/airflow/.local/lib/python3.8/site-packages/airflow/example_dags/example_sla_dag.py took 1.259 seconds
[2023-12-20T06:15:08.676+0000] {processor.py:161} INFO - Started process (PID=853) to work on /home/airflow/.local/lib/python3.8/site-packages/airflow/example_dags/example_sla_dag.py
[2023-12-20T06:15:08.679+0000] {processor.py:830} INFO - Processing file /home/airflow/.local/lib/python3.8/site-packages/airflow/example_dags/example_sla_dag.py for tasks to queue
[2023-12-20T06:15:08.684+0000] {logging_mixin.py:188} INFO - [2023-12-20T06:15:08.684+0000] {dagbag.py:538} INFO - Filling up the DagBag from /home/airflow/.local/lib/python3.8/site-packages/airflow/example_dags/example_sla_dag.py
[2023-12-20T06:15:08.703+0000] {processor.py:840} INFO - DAG(s) 'example_sla_dag' retrieved from /home/airflow/.local/lib/python3.8/site-packages/airflow/example_dags/example_sla_dag.py
[2023-12-20T06:15:08.771+0000] {logging_mixin.py:188} INFO - [2023-12-20T06:15:08.771+0000] {dag.py:3033} INFO - Sync 1 DAGs
[2023-12-20T06:15:08.839+0000] {logging_mixin.py:188} INFO - [2023-12-20T06:15:08.839+0000] {dag.py:3820} INFO - Setting next_dagrun for example_sla_dag to 2023-12-20T06:12:00+00:00, run_after=2023-12-20T06:14:00+00:00
[2023-12-20T06:15:08.927+0000] {processor.py:183} INFO - Processing /home/airflow/.local/lib/python3.8/site-packages/airflow/example_dags/example_sla_dag.py took 0.258 seconds
[2023-12-20T06:15:40.667+0000] {processor.py:161} INFO - Started process (PID=908) to work on /home/airflow/.local/lib/python3.8/site-packages/airflow/example_dags/example_sla_dag.py
[2023-12-20T06:15:40.672+0000] {processor.py:830} INFO - Processing file /home/airflow/.local/lib/python3.8/site-packages/airflow/example_dags/example_sla_dag.py for tasks to queue
[2023-12-20T06:15:40.683+0000] {logging_mixin.py:188} INFO - [2023-12-20T06:15:40.683+0000] {dagbag.py:538} INFO - Filling up the DagBag from /home/airflow/.local/lib/python3.8/site-packages/airflow/example_dags/example_sla_dag.py
[2023-12-20T06:15:40.733+0000] {processor.py:840} INFO - DAG(s) 'example_sla_dag' retrieved from /home/airflow/.local/lib/python3.8/site-packages/airflow/example_dags/example_sla_dag.py
[2023-12-20T06:15:41.098+0000] {logging_mixin.py:188} INFO - [2023-12-20T06:15:41.097+0000] {dag.py:3033} INFO - Sync 1 DAGs
[2023-12-20T06:15:41.414+0000] {logging_mixin.py:188} INFO - [2023-12-20T06:15:41.413+0000] {dag.py:3820} INFO - Setting next_dagrun for example_sla_dag to 2023-12-20T06:12:00+00:00, run_after=2023-12-20T06:14:00+00:00
[2023-12-20T06:15:41.602+0000] {processor.py:183} INFO - Processing /home/airflow/.local/lib/python3.8/site-packages/airflow/example_dags/example_sla_dag.py took 0.955 seconds
[2023-12-20T06:16:15.549+0000] {processor.py:161} INFO - Started process (PID=964) to work on /home/airflow/.local/lib/python3.8/site-packages/airflow/example_dags/example_sla_dag.py
[2023-12-20T06:16:15.564+0000] {processor.py:830} INFO - Processing file /home/airflow/.local/lib/python3.8/site-packages/airflow/example_dags/example_sla_dag.py for tasks to queue
[2023-12-20T06:16:15.581+0000] {logging_mixin.py:188} INFO - [2023-12-20T06:16:15.578+0000] {dagbag.py:538} INFO - Filling up the DagBag from /home/airflow/.local/lib/python3.8/site-packages/airflow/example_dags/example_sla_dag.py
[2023-12-20T06:16:15.692+0000] {processor.py:840} INFO - DAG(s) 'example_sla_dag' retrieved from /home/airflow/.local/lib/python3.8/site-packages/airflow/example_dags/example_sla_dag.py
[2023-12-20T06:16:15.861+0000] {logging_mixin.py:188} INFO - [2023-12-20T06:16:15.861+0000] {dag.py:3033} INFO - Sync 1 DAGs
[2023-12-20T06:16:16.054+0000] {logging_mixin.py:188} INFO - [2023-12-20T06:16:16.054+0000] {dag.py:3820} INFO - Setting next_dagrun for example_sla_dag to 2023-12-20T06:14:00+00:00, run_after=2023-12-20T06:16:00+00:00
[2023-12-20T06:16:16.129+0000] {processor.py:183} INFO - Processing /home/airflow/.local/lib/python3.8/site-packages/airflow/example_dags/example_sla_dag.py took 0.607 seconds
[2023-12-20T06:16:46.846+0000] {processor.py:161} INFO - Started process (PID=1017) to work on /home/airflow/.local/lib/python3.8/site-packages/airflow/example_dags/example_sla_dag.py
[2023-12-20T06:16:46.854+0000] {processor.py:830} INFO - Processing file /home/airflow/.local/lib/python3.8/site-packages/airflow/example_dags/example_sla_dag.py for tasks to queue
[2023-12-20T06:16:46.869+0000] {logging_mixin.py:188} INFO - [2023-12-20T06:16:46.869+0000] {dagbag.py:538} INFO - Filling up the DagBag from /home/airflow/.local/lib/python3.8/site-packages/airflow/example_dags/example_sla_dag.py
[2023-12-20T06:16:46.909+0000] {processor.py:840} INFO - DAG(s) 'example_sla_dag' retrieved from /home/airflow/.local/lib/python3.8/site-packages/airflow/example_dags/example_sla_dag.py
[2023-12-20T06:16:46.990+0000] {logging_mixin.py:188} INFO - [2023-12-20T06:16:46.989+0000] {dag.py:3033} INFO - Sync 1 DAGs
[2023-12-20T06:16:47.156+0000] {logging_mixin.py:188} INFO - [2023-12-20T06:16:47.156+0000] {dag.py:3820} INFO - Setting next_dagrun for example_sla_dag to 2023-12-20T06:14:00+00:00, run_after=2023-12-20T06:16:00+00:00
[2023-12-20T06:16:47.356+0000] {processor.py:183} INFO - Processing /home/airflow/.local/lib/python3.8/site-packages/airflow/example_dags/example_sla_dag.py took 0.534 seconds
[2023-12-20T06:17:17.628+0000] {processor.py:161} INFO - Started process (PID=1072) to work on /home/airflow/.local/lib/python3.8/site-packages/airflow/example_dags/example_sla_dag.py
[2023-12-20T06:17:17.642+0000] {processor.py:830} INFO - Processing file /home/airflow/.local/lib/python3.8/site-packages/airflow/example_dags/example_sla_dag.py for tasks to queue
[2023-12-20T06:17:17.662+0000] {logging_mixin.py:188} INFO - [2023-12-20T06:17:17.661+0000] {dagbag.py:538} INFO - Filling up the DagBag from /home/airflow/.local/lib/python3.8/site-packages/airflow/example_dags/example_sla_dag.py
[2023-12-20T06:17:17.695+0000] {processor.py:840} INFO - DAG(s) 'example_sla_dag' retrieved from /home/airflow/.local/lib/python3.8/site-packages/airflow/example_dags/example_sla_dag.py
[2023-12-20T06:17:17.755+0000] {logging_mixin.py:188} INFO - [2023-12-20T06:17:17.755+0000] {dag.py:3033} INFO - Sync 1 DAGs
[2023-12-20T06:17:17.836+0000] {logging_mixin.py:188} INFO - [2023-12-20T06:17:17.836+0000] {dag.py:3820} INFO - Setting next_dagrun for example_sla_dag to 2023-12-20T06:14:00+00:00, run_after=2023-12-20T06:16:00+00:00
[2023-12-20T06:17:17.962+0000] {processor.py:183} INFO - Processing /home/airflow/.local/lib/python3.8/site-packages/airflow/example_dags/example_sla_dag.py took 0.381 seconds
[2023-12-20T06:17:48.221+0000] {processor.py:161} INFO - Started process (PID=1127) to work on /home/airflow/.local/lib/python3.8/site-packages/airflow/example_dags/example_sla_dag.py
[2023-12-20T06:17:48.225+0000] {processor.py:830} INFO - Processing file /home/airflow/.local/lib/python3.8/site-packages/airflow/example_dags/example_sla_dag.py for tasks to queue
[2023-12-20T06:17:48.242+0000] {logging_mixin.py:188} INFO - [2023-12-20T06:17:48.239+0000] {dagbag.py:538} INFO - Filling up the DagBag from /home/airflow/.local/lib/python3.8/site-packages/airflow/example_dags/example_sla_dag.py
[2023-12-20T06:17:48.291+0000] {processor.py:840} INFO - DAG(s) 'example_sla_dag' retrieved from /home/airflow/.local/lib/python3.8/site-packages/airflow/example_dags/example_sla_dag.py
[2023-12-20T06:17:48.375+0000] {logging_mixin.py:188} INFO - [2023-12-20T06:17:48.372+0000] {dag.py:3033} INFO - Sync 1 DAGs
[2023-12-20T06:17:48.532+0000] {logging_mixin.py:188} INFO - [2023-12-20T06:17:48.531+0000] {dag.py:3820} INFO - Setting next_dagrun for example_sla_dag to 2023-12-20T06:14:00+00:00, run_after=2023-12-20T06:16:00+00:00
[2023-12-20T06:17:48.613+0000] {processor.py:183} INFO - Processing /home/airflow/.local/lib/python3.8/site-packages/airflow/example_dags/example_sla_dag.py took 0.406 seconds
[2023-12-20T06:18:18.715+0000] {processor.py:161} INFO - Started process (PID=1182) to work on /home/airflow/.local/lib/python3.8/site-packages/airflow/example_dags/example_sla_dag.py
[2023-12-20T06:18:18.719+0000] {processor.py:830} INFO - Processing file /home/airflow/.local/lib/python3.8/site-packages/airflow/example_dags/example_sla_dag.py for tasks to queue
[2023-12-20T06:18:18.723+0000] {logging_mixin.py:188} INFO - [2023-12-20T06:18:18.722+0000] {dagbag.py:538} INFO - Filling up the DagBag from /home/airflow/.local/lib/python3.8/site-packages/airflow/example_dags/example_sla_dag.py
[2023-12-20T06:18:18.755+0000] {processor.py:840} INFO - DAG(s) 'example_sla_dag' retrieved from /home/airflow/.local/lib/python3.8/site-packages/airflow/example_dags/example_sla_dag.py
[2023-12-20T06:18:18.813+0000] {logging_mixin.py:188} INFO - [2023-12-20T06:18:18.812+0000] {dag.py:3033} INFO - Sync 1 DAGs
[2023-12-20T06:18:18.922+0000] {logging_mixin.py:188} INFO - [2023-12-20T06:18:18.922+0000] {dag.py:3820} INFO - Setting next_dagrun for example_sla_dag to 2023-12-20T06:16:00+00:00, run_after=2023-12-20T06:18:00+00:00
[2023-12-20T06:18:18.986+0000] {processor.py:183} INFO - Processing /home/airflow/.local/lib/python3.8/site-packages/airflow/example_dags/example_sla_dag.py took 0.280 seconds
[2023-12-20T06:18:51.342+0000] {processor.py:161} INFO - Started process (PID=1237) to work on /home/airflow/.local/lib/python3.8/site-packages/airflow/example_dags/example_sla_dag.py
[2023-12-20T06:18:51.388+0000] {processor.py:830} INFO - Processing file /home/airflow/.local/lib/python3.8/site-packages/airflow/example_dags/example_sla_dag.py for tasks to queue
[2023-12-20T06:18:51.392+0000] {logging_mixin.py:188} INFO - [2023-12-20T06:18:51.392+0000] {dagbag.py:538} INFO - Filling up the DagBag from /home/airflow/.local/lib/python3.8/site-packages/airflow/example_dags/example_sla_dag.py
[2023-12-20T06:18:51.418+0000] {processor.py:840} INFO - DAG(s) 'example_sla_dag' retrieved from /home/airflow/.local/lib/python3.8/site-packages/airflow/example_dags/example_sla_dag.py
[2023-12-20T06:18:51.494+0000] {logging_mixin.py:188} INFO - [2023-12-20T06:18:51.493+0000] {dag.py:3033} INFO - Sync 1 DAGs
[2023-12-20T06:18:51.587+0000] {logging_mixin.py:188} INFO - [2023-12-20T06:18:51.587+0000] {dag.py:3820} INFO - Setting next_dagrun for example_sla_dag to 2023-12-20T06:16:00+00:00, run_after=2023-12-20T06:18:00+00:00
[2023-12-20T06:18:51.793+0000] {processor.py:183} INFO - Processing /home/airflow/.local/lib/python3.8/site-packages/airflow/example_dags/example_sla_dag.py took 0.456 seconds
[2023-12-20T06:19:23.417+0000] {processor.py:161} INFO - Started process (PID=1293) to work on /home/airflow/.local/lib/python3.8/site-packages/airflow/example_dags/example_sla_dag.py
[2023-12-20T06:19:23.419+0000] {processor.py:830} INFO - Processing file /home/airflow/.local/lib/python3.8/site-packages/airflow/example_dags/example_sla_dag.py for tasks to queue
[2023-12-20T06:19:23.424+0000] {logging_mixin.py:188} INFO - [2023-12-20T06:19:23.423+0000] {dagbag.py:538} INFO - Filling up the DagBag from /home/airflow/.local/lib/python3.8/site-packages/airflow/example_dags/example_sla_dag.py
[2023-12-20T06:19:23.475+0000] {processor.py:840} INFO - DAG(s) 'example_sla_dag' retrieved from /home/airflow/.local/lib/python3.8/site-packages/airflow/example_dags/example_sla_dag.py
[2023-12-20T06:19:23.635+0000] {logging_mixin.py:188} INFO - [2023-12-20T06:19:23.634+0000] {dag.py:3033} INFO - Sync 1 DAGs
[2023-12-20T06:19:23.784+0000] {logging_mixin.py:188} INFO - [2023-12-20T06:19:23.784+0000] {dag.py:3820} INFO - Setting next_dagrun for example_sla_dag to 2023-12-20T06:16:00+00:00, run_after=2023-12-20T06:18:00+00:00
[2023-12-20T06:19:23.879+0000] {processor.py:183} INFO - Processing /home/airflow/.local/lib/python3.8/site-packages/airflow/example_dags/example_sla_dag.py took 0.480 seconds
[2023-12-20T06:19:55.013+0000] {processor.py:161} INFO - Started process (PID=1349) to work on /home/airflow/.local/lib/python3.8/site-packages/airflow/example_dags/example_sla_dag.py
[2023-12-20T06:19:55.043+0000] {processor.py:830} INFO - Processing file /home/airflow/.local/lib/python3.8/site-packages/airflow/example_dags/example_sla_dag.py for tasks to queue
[2023-12-20T06:19:55.049+0000] {logging_mixin.py:188} INFO - [2023-12-20T06:19:55.047+0000] {dagbag.py:538} INFO - Filling up the DagBag from /home/airflow/.local/lib/python3.8/site-packages/airflow/example_dags/example_sla_dag.py
[2023-12-20T06:19:55.091+0000] {processor.py:840} INFO - DAG(s) 'example_sla_dag' retrieved from /home/airflow/.local/lib/python3.8/site-packages/airflow/example_dags/example_sla_dag.py
[2023-12-20T06:19:55.156+0000] {logging_mixin.py:188} INFO - [2023-12-20T06:19:55.155+0000] {dag.py:3033} INFO - Sync 1 DAGs
[2023-12-20T06:19:55.262+0000] {logging_mixin.py:188} INFO - [2023-12-20T06:19:55.262+0000] {dag.py:3820} INFO - Setting next_dagrun for example_sla_dag to 2023-12-20T06:16:00+00:00, run_after=2023-12-20T06:18:00+00:00
[2023-12-20T06:19:55.362+0000] {processor.py:183} INFO - Processing /home/airflow/.local/lib/python3.8/site-packages/airflow/example_dags/example_sla_dag.py took 0.359 seconds
[2023-12-20T06:20:26.127+0000] {processor.py:161} INFO - Started process (PID=1404) to work on /home/airflow/.local/lib/python3.8/site-packages/airflow/example_dags/example_sla_dag.py
[2023-12-20T06:20:26.164+0000] {processor.py:830} INFO - Processing file /home/airflow/.local/lib/python3.8/site-packages/airflow/example_dags/example_sla_dag.py for tasks to queue
[2023-12-20T06:20:26.170+0000] {logging_mixin.py:188} INFO - [2023-12-20T06:20:26.169+0000] {dagbag.py:538} INFO - Filling up the DagBag from /home/airflow/.local/lib/python3.8/site-packages/airflow/example_dags/example_sla_dag.py
[2023-12-20T06:20:26.341+0000] {processor.py:840} INFO - DAG(s) 'example_sla_dag' retrieved from /home/airflow/.local/lib/python3.8/site-packages/airflow/example_dags/example_sla_dag.py
[2023-12-20T06:20:26.460+0000] {logging_mixin.py:188} INFO - [2023-12-20T06:20:26.460+0000] {dag.py:3033} INFO - Sync 1 DAGs
[2023-12-20T06:20:26.682+0000] {logging_mixin.py:188} INFO - [2023-12-20T06:20:26.681+0000] {dag.py:3820} INFO - Setting next_dagrun for example_sla_dag to 2023-12-20T06:18:00+00:00, run_after=2023-12-20T06:20:00+00:00
[2023-12-20T06:20:26.882+0000] {processor.py:183} INFO - Processing /home/airflow/.local/lib/python3.8/site-packages/airflow/example_dags/example_sla_dag.py took 0.794 seconds
[2023-12-20T06:20:57.186+0000] {processor.py:161} INFO - Started process (PID=1458) to work on /home/airflow/.local/lib/python3.8/site-packages/airflow/example_dags/example_sla_dag.py
[2023-12-20T06:20:57.213+0000] {processor.py:830} INFO - Processing file /home/airflow/.local/lib/python3.8/site-packages/airflow/example_dags/example_sla_dag.py for tasks to queue
[2023-12-20T06:20:57.224+0000] {logging_mixin.py:188} INFO - [2023-12-20T06:20:57.224+0000] {dagbag.py:538} INFO - Filling up the DagBag from /home/airflow/.local/lib/python3.8/site-packages/airflow/example_dags/example_sla_dag.py
[2023-12-20T06:20:57.355+0000] {processor.py:840} INFO - DAG(s) 'example_sla_dag' retrieved from /home/airflow/.local/lib/python3.8/site-packages/airflow/example_dags/example_sla_dag.py
[2023-12-20T06:20:57.696+0000] {logging_mixin.py:188} INFO - [2023-12-20T06:20:57.696+0000] {dag.py:3033} INFO - Sync 1 DAGs
[2023-12-20T06:20:57.952+0000] {logging_mixin.py:188} INFO - [2023-12-20T06:20:57.951+0000] {dag.py:3820} INFO - Setting next_dagrun for example_sla_dag to 2023-12-20T06:18:00+00:00, run_after=2023-12-20T06:20:00+00:00
[2023-12-20T06:20:58.017+0000] {processor.py:183} INFO - Processing /home/airflow/.local/lib/python3.8/site-packages/airflow/example_dags/example_sla_dag.py took 0.838 seconds
[2023-12-20T06:21:31.202+0000] {processor.py:161} INFO - Started process (PID=1515) to work on /home/airflow/.local/lib/python3.8/site-packages/airflow/example_dags/example_sla_dag.py
[2023-12-20T06:21:31.215+0000] {processor.py:830} INFO - Processing file /home/airflow/.local/lib/python3.8/site-packages/airflow/example_dags/example_sla_dag.py for tasks to queue
[2023-12-20T06:21:31.220+0000] {logging_mixin.py:188} INFO - [2023-12-20T06:21:31.219+0000] {dagbag.py:538} INFO - Filling up the DagBag from /home/airflow/.local/lib/python3.8/site-packages/airflow/example_dags/example_sla_dag.py
[2023-12-20T06:21:31.246+0000] {processor.py:840} INFO - DAG(s) 'example_sla_dag' retrieved from /home/airflow/.local/lib/python3.8/site-packages/airflow/example_dags/example_sla_dag.py
[2023-12-20T06:21:31.313+0000] {logging_mixin.py:188} INFO - [2023-12-20T06:21:31.313+0000] {dag.py:3033} INFO - Sync 1 DAGs
[2023-12-20T06:21:31.433+0000] {logging_mixin.py:188} INFO - [2023-12-20T06:21:31.432+0000] {dag.py:3820} INFO - Setting next_dagrun for example_sla_dag to 2023-12-20T06:18:00+00:00, run_after=2023-12-20T06:20:00+00:00
[2023-12-20T06:21:31.512+0000] {processor.py:183} INFO - Processing /home/airflow/.local/lib/python3.8/site-packages/airflow/example_dags/example_sla_dag.py took 0.336 seconds
[2023-12-20T06:22:02.790+0000] {processor.py:161} INFO - Started process (PID=1571) to work on /home/airflow/.local/lib/python3.8/site-packages/airflow/example_dags/example_sla_dag.py
[2023-12-20T06:22:02.792+0000] {processor.py:830} INFO - Processing file /home/airflow/.local/lib/python3.8/site-packages/airflow/example_dags/example_sla_dag.py for tasks to queue
[2023-12-20T06:22:02.800+0000] {logging_mixin.py:188} INFO - [2023-12-20T06:22:02.800+0000] {dagbag.py:538} INFO - Filling up the DagBag from /home/airflow/.local/lib/python3.8/site-packages/airflow/example_dags/example_sla_dag.py
[2023-12-20T06:22:02.848+0000] {processor.py:840} INFO - DAG(s) 'example_sla_dag' retrieved from /home/airflow/.local/lib/python3.8/site-packages/airflow/example_dags/example_sla_dag.py
[2023-12-20T06:22:02.930+0000] {logging_mixin.py:188} INFO - [2023-12-20T06:22:02.929+0000] {dag.py:3033} INFO - Sync 1 DAGs
[2023-12-20T06:22:03.093+0000] {logging_mixin.py:188} INFO - [2023-12-20T06:22:03.092+0000] {dag.py:3820} INFO - Setting next_dagrun for example_sla_dag to 2023-12-20T06:20:00+00:00, run_after=2023-12-20T06:22:00+00:00
[2023-12-20T06:22:03.204+0000] {processor.py:183} INFO - Processing /home/airflow/.local/lib/python3.8/site-packages/airflow/example_dags/example_sla_dag.py took 0.422 seconds
[2023-12-20T06:22:33.463+0000] {processor.py:161} INFO - Started process (PID=1625) to work on /home/airflow/.local/lib/python3.8/site-packages/airflow/example_dags/example_sla_dag.py
[2023-12-20T06:22:33.488+0000] {processor.py:830} INFO - Processing file /home/airflow/.local/lib/python3.8/site-packages/airflow/example_dags/example_sla_dag.py for tasks to queue
[2023-12-20T06:22:33.490+0000] {logging_mixin.py:188} INFO - [2023-12-20T06:22:33.489+0000] {dagbag.py:538} INFO - Filling up the DagBag from /home/airflow/.local/lib/python3.8/site-packages/airflow/example_dags/example_sla_dag.py
[2023-12-20T06:22:33.542+0000] {processor.py:840} INFO - DAG(s) 'example_sla_dag' retrieved from /home/airflow/.local/lib/python3.8/site-packages/airflow/example_dags/example_sla_dag.py
[2023-12-20T06:22:33.624+0000] {logging_mixin.py:188} INFO - [2023-12-20T06:22:33.624+0000] {dag.py:3033} INFO - Sync 1 DAGs
[2023-12-20T06:22:33.744+0000] {logging_mixin.py:188} INFO - [2023-12-20T06:22:33.744+0000] {dag.py:3820} INFO - Setting next_dagrun for example_sla_dag to 2023-12-20T06:20:00+00:00, run_after=2023-12-20T06:22:00+00:00
[2023-12-20T06:22:33.809+0000] {processor.py:183} INFO - Processing /home/airflow/.local/lib/python3.8/site-packages/airflow/example_dags/example_sla_dag.py took 0.359 seconds
[2023-12-20T06:23:04.001+0000] {processor.py:161} INFO - Started process (PID=1680) to work on /home/airflow/.local/lib/python3.8/site-packages/airflow/example_dags/example_sla_dag.py
[2023-12-20T06:23:04.003+0000] {processor.py:830} INFO - Processing file /home/airflow/.local/lib/python3.8/site-packages/airflow/example_dags/example_sla_dag.py for tasks to queue
[2023-12-20T06:23:04.005+0000] {logging_mixin.py:188} INFO - [2023-12-20T06:23:04.004+0000] {dagbag.py:538} INFO - Filling up the DagBag from /home/airflow/.local/lib/python3.8/site-packages/airflow/example_dags/example_sla_dag.py
[2023-12-20T06:23:04.031+0000] {processor.py:840} INFO - DAG(s) 'example_sla_dag' retrieved from /home/airflow/.local/lib/python3.8/site-packages/airflow/example_dags/example_sla_dag.py
[2023-12-20T06:23:04.101+0000] {logging_mixin.py:188} INFO - [2023-12-20T06:23:04.101+0000] {dag.py:3033} INFO - Sync 1 DAGs
[2023-12-20T06:23:04.199+0000] {logging_mixin.py:188} INFO - [2023-12-20T06:23:04.199+0000] {dag.py:3820} INFO - Setting next_dagrun for example_sla_dag to 2023-12-20T06:20:00+00:00, run_after=2023-12-20T06:22:00+00:00
[2023-12-20T06:23:04.268+0000] {processor.py:183} INFO - Processing /home/airflow/.local/lib/python3.8/site-packages/airflow/example_dags/example_sla_dag.py took 0.274 seconds
[2023-12-20T06:23:34.606+0000] {processor.py:161} INFO - Started process (PID=1735) to work on /home/airflow/.local/lib/python3.8/site-packages/airflow/example_dags/example_sla_dag.py
[2023-12-20T06:23:34.636+0000] {processor.py:830} INFO - Processing file /home/airflow/.local/lib/python3.8/site-packages/airflow/example_dags/example_sla_dag.py for tasks to queue
[2023-12-20T06:23:34.642+0000] {logging_mixin.py:188} INFO - [2023-12-20T06:23:34.641+0000] {dagbag.py:538} INFO - Filling up the DagBag from /home/airflow/.local/lib/python3.8/site-packages/airflow/example_dags/example_sla_dag.py
[2023-12-20T06:23:34.691+0000] {processor.py:840} INFO - DAG(s) 'example_sla_dag' retrieved from /home/airflow/.local/lib/python3.8/site-packages/airflow/example_dags/example_sla_dag.py
[2023-12-20T06:23:34.783+0000] {logging_mixin.py:188} INFO - [2023-12-20T06:23:34.783+0000] {dag.py:3033} INFO - Sync 1 DAGs
[2023-12-20T06:23:34.936+0000] {logging_mixin.py:188} INFO - [2023-12-20T06:23:34.936+0000] {dag.py:3820} INFO - Setting next_dagrun for example_sla_dag to 2023-12-20T06:20:00+00:00, run_after=2023-12-20T06:22:00+00:00
[2023-12-20T06:23:35.062+0000] {processor.py:183} INFO - Processing /home/airflow/.local/lib/python3.8/site-packages/airflow/example_dags/example_sla_dag.py took 0.478 seconds
[2023-12-20T06:24:08.531+0000] {processor.py:161} INFO - Started process (PID=1790) to work on /home/airflow/.local/lib/python3.8/site-packages/airflow/example_dags/example_sla_dag.py
[2023-12-20T06:24:08.534+0000] {processor.py:830} INFO - Processing file /home/airflow/.local/lib/python3.8/site-packages/airflow/example_dags/example_sla_dag.py for tasks to queue
[2023-12-20T06:24:08.544+0000] {logging_mixin.py:188} INFO - [2023-12-20T06:24:08.535+0000] {dagbag.py:538} INFO - Filling up the DagBag from /home/airflow/.local/lib/python3.8/site-packages/airflow/example_dags/example_sla_dag.py
[2023-12-20T06:24:08.652+0000] {processor.py:840} INFO - DAG(s) 'example_sla_dag' retrieved from /home/airflow/.local/lib/python3.8/site-packages/airflow/example_dags/example_sla_dag.py
[2023-12-20T06:24:08.919+0000] {logging_mixin.py:188} INFO - [2023-12-20T06:24:08.918+0000] {dag.py:3033} INFO - Sync 1 DAGs
[2023-12-20T06:24:09.463+0000] {logging_mixin.py:188} INFO - [2023-12-20T06:24:09.444+0000] {dag.py:3820} INFO - Setting next_dagrun for example_sla_dag to 2023-12-20T06:22:00+00:00, run_after=2023-12-20T06:24:00+00:00
[2023-12-20T06:24:09.773+0000] {processor.py:183} INFO - Processing /home/airflow/.local/lib/python3.8/site-packages/airflow/example_dags/example_sla_dag.py took 1.272 seconds
[2023-12-20T06:24:40.133+0000] {processor.py:161} INFO - Started process (PID=1843) to work on /home/airflow/.local/lib/python3.8/site-packages/airflow/example_dags/example_sla_dag.py
[2023-12-20T06:24:40.139+0000] {processor.py:830} INFO - Processing file /home/airflow/.local/lib/python3.8/site-packages/airflow/example_dags/example_sla_dag.py for tasks to queue
[2023-12-20T06:24:40.144+0000] {logging_mixin.py:188} INFO - [2023-12-20T06:24:40.143+0000] {dagbag.py:538} INFO - Filling up the DagBag from /home/airflow/.local/lib/python3.8/site-packages/airflow/example_dags/example_sla_dag.py
[2023-12-20T06:24:40.169+0000] {processor.py:840} INFO - DAG(s) 'example_sla_dag' retrieved from /home/airflow/.local/lib/python3.8/site-packages/airflow/example_dags/example_sla_dag.py
[2023-12-20T06:24:40.229+0000] {logging_mixin.py:188} INFO - [2023-12-20T06:24:40.229+0000] {dag.py:3033} INFO - Sync 1 DAGs
[2023-12-20T06:24:40.328+0000] {logging_mixin.py:188} INFO - [2023-12-20T06:24:40.327+0000] {dag.py:3820} INFO - Setting next_dagrun for example_sla_dag to 2023-12-20T06:22:00+00:00, run_after=2023-12-20T06:24:00+00:00
[2023-12-20T06:24:40.375+0000] {processor.py:183} INFO - Processing /home/airflow/.local/lib/python3.8/site-packages/airflow/example_dags/example_sla_dag.py took 0.249 seconds
[2023-12-20T06:25:10.591+0000] {processor.py:161} INFO - Started process (PID=1897) to work on /home/airflow/.local/lib/python3.8/site-packages/airflow/example_dags/example_sla_dag.py
[2023-12-20T06:25:10.629+0000] {processor.py:830} INFO - Processing file /home/airflow/.local/lib/python3.8/site-packages/airflow/example_dags/example_sla_dag.py for tasks to queue
[2023-12-20T06:25:10.632+0000] {logging_mixin.py:188} INFO - [2023-12-20T06:25:10.631+0000] {dagbag.py:538} INFO - Filling up the DagBag from /home/airflow/.local/lib/python3.8/site-packages/airflow/example_dags/example_sla_dag.py
[2023-12-20T06:25:10.655+0000] {processor.py:840} INFO - DAG(s) 'example_sla_dag' retrieved from /home/airflow/.local/lib/python3.8/site-packages/airflow/example_dags/example_sla_dag.py
[2023-12-20T06:25:10.714+0000] {logging_mixin.py:188} INFO - [2023-12-20T06:25:10.713+0000] {dag.py:3033} INFO - Sync 1 DAGs
[2023-12-20T06:25:10.845+0000] {logging_mixin.py:188} INFO - [2023-12-20T06:25:10.841+0000] {dag.py:3820} INFO - Setting next_dagrun for example_sla_dag to 2023-12-20T06:22:00+00:00, run_after=2023-12-20T06:24:00+00:00
[2023-12-20T06:25:10.915+0000] {processor.py:183} INFO - Processing /home/airflow/.local/lib/python3.8/site-packages/airflow/example_dags/example_sla_dag.py took 0.331 seconds
[2023-12-20T06:25:41.876+0000] {processor.py:161} INFO - Started process (PID=1953) to work on /home/airflow/.local/lib/python3.8/site-packages/airflow/example_dags/example_sla_dag.py
[2023-12-20T06:25:41.882+0000] {processor.py:830} INFO - Processing file /home/airflow/.local/lib/python3.8/site-packages/airflow/example_dags/example_sla_dag.py for tasks to queue
[2023-12-20T06:25:41.889+0000] {logging_mixin.py:188} INFO - [2023-12-20T06:25:41.888+0000] {dagbag.py:538} INFO - Filling up the DagBag from /home/airflow/.local/lib/python3.8/site-packages/airflow/example_dags/example_sla_dag.py
[2023-12-20T06:25:41.954+0000] {processor.py:840} INFO - DAG(s) 'example_sla_dag' retrieved from /home/airflow/.local/lib/python3.8/site-packages/airflow/example_dags/example_sla_dag.py
[2023-12-20T06:25:42.067+0000] {logging_mixin.py:188} INFO - [2023-12-20T06:25:42.064+0000] {dag.py:3033} INFO - Sync 1 DAGs
[2023-12-20T06:25:42.243+0000] {logging_mixin.py:188} INFO - [2023-12-20T06:25:42.243+0000] {dag.py:3820} INFO - Setting next_dagrun for example_sla_dag to 2023-12-20T06:22:00+00:00, run_after=2023-12-20T06:24:00+00:00
[2023-12-20T06:25:42.376+0000] {processor.py:183} INFO - Processing /home/airflow/.local/lib/python3.8/site-packages/airflow/example_dags/example_sla_dag.py took 0.556 seconds
[2023-12-20T06:26:13.333+0000] {processor.py:161} INFO - Started process (PID=2009) to work on /home/airflow/.local/lib/python3.8/site-packages/airflow/example_dags/example_sla_dag.py
[2023-12-20T06:26:13.342+0000] {processor.py:830} INFO - Processing file /home/airflow/.local/lib/python3.8/site-packages/airflow/example_dags/example_sla_dag.py for tasks to queue
[2023-12-20T06:26:13.344+0000] {logging_mixin.py:188} INFO - [2023-12-20T06:26:13.344+0000] {dagbag.py:538} INFO - Filling up the DagBag from /home/airflow/.local/lib/python3.8/site-packages/airflow/example_dags/example_sla_dag.py
[2023-12-20T06:26:13.391+0000] {processor.py:840} INFO - DAG(s) 'example_sla_dag' retrieved from /home/airflow/.local/lib/python3.8/site-packages/airflow/example_dags/example_sla_dag.py
[2023-12-20T06:26:13.605+0000] {logging_mixin.py:188} INFO - [2023-12-20T06:26:13.596+0000] {dag.py:3033} INFO - Sync 1 DAGs
[2023-12-20T06:26:13.768+0000] {logging_mixin.py:188} INFO - [2023-12-20T06:26:13.767+0000] {dag.py:3820} INFO - Setting next_dagrun for example_sla_dag to 2023-12-20T06:24:00+00:00, run_after=2023-12-20T06:26:00+00:00
[2023-12-20T06:26:13.905+0000] {processor.py:183} INFO - Processing /home/airflow/.local/lib/python3.8/site-packages/airflow/example_dags/example_sla_dag.py took 0.622 seconds
[2023-12-20T06:26:44.058+0000] {processor.py:161} INFO - Started process (PID=2063) to work on /home/airflow/.local/lib/python3.8/site-packages/airflow/example_dags/example_sla_dag.py
[2023-12-20T06:26:44.061+0000] {processor.py:830} INFO - Processing file /home/airflow/.local/lib/python3.8/site-packages/airflow/example_dags/example_sla_dag.py for tasks to queue
[2023-12-20T06:26:44.063+0000] {logging_mixin.py:188} INFO - [2023-12-20T06:26:44.062+0000] {dagbag.py:538} INFO - Filling up the DagBag from /home/airflow/.local/lib/python3.8/site-packages/airflow/example_dags/example_sla_dag.py
[2023-12-20T06:26:44.105+0000] {processor.py:840} INFO - DAG(s) 'example_sla_dag' retrieved from /home/airflow/.local/lib/python3.8/site-packages/airflow/example_dags/example_sla_dag.py
[2023-12-20T06:26:44.158+0000] {logging_mixin.py:188} INFO - [2023-12-20T06:26:44.158+0000] {dag.py:3033} INFO - Sync 1 DAGs
[2023-12-20T06:26:44.229+0000] {logging_mixin.py:188} INFO - [2023-12-20T06:26:44.228+0000] {dag.py:3820} INFO - Setting next_dagrun for example_sla_dag to 2023-12-20T06:24:00+00:00, run_after=2023-12-20T06:26:00+00:00
[2023-12-20T06:26:44.380+0000] {processor.py:183} INFO - Processing /home/airflow/.local/lib/python3.8/site-packages/airflow/example_dags/example_sla_dag.py took 0.329 seconds
[2023-12-20T06:27:22.679+0000] {processor.py:161} INFO - Started process (PID=2127) to work on /home/airflow/.local/lib/python3.8/site-packages/airflow/example_dags/example_sla_dag.py
[2023-12-20T06:27:22.689+0000] {processor.py:830} INFO - Processing file /home/airflow/.local/lib/python3.8/site-packages/airflow/example_dags/example_sla_dag.py for tasks to queue
[2023-12-20T06:27:22.691+0000] {logging_mixin.py:188} INFO - [2023-12-20T06:27:22.690+0000] {dagbag.py:538} INFO - Filling up the DagBag from /home/airflow/.local/lib/python3.8/site-packages/airflow/example_dags/example_sla_dag.py
[2023-12-20T06:27:22.777+0000] {processor.py:840} INFO - DAG(s) 'example_sla_dag' retrieved from /home/airflow/.local/lib/python3.8/site-packages/airflow/example_dags/example_sla_dag.py
[2023-12-20T06:27:22.863+0000] {logging_mixin.py:188} INFO - [2023-12-20T06:27:22.863+0000] {dag.py:3033} INFO - Sync 1 DAGs
[2023-12-20T06:27:23.007+0000] {logging_mixin.py:188} INFO - [2023-12-20T06:27:23.006+0000] {dag.py:3820} INFO - Setting next_dagrun for example_sla_dag to 2023-12-20T06:24:00+00:00, run_after=2023-12-20T06:26:00+00:00
[2023-12-20T06:27:23.173+0000] {processor.py:183} INFO - Processing /home/airflow/.local/lib/python3.8/site-packages/airflow/example_dags/example_sla_dag.py took 0.520 seconds
[2023-12-20T06:27:53.560+0000] {processor.py:161} INFO - Started process (PID=2183) to work on /home/airflow/.local/lib/python3.8/site-packages/airflow/example_dags/example_sla_dag.py
[2023-12-20T06:27:53.585+0000] {processor.py:830} INFO - Processing file /home/airflow/.local/lib/python3.8/site-packages/airflow/example_dags/example_sla_dag.py for tasks to queue
[2023-12-20T06:27:53.587+0000] {logging_mixin.py:188} INFO - [2023-12-20T06:27:53.586+0000] {dagbag.py:538} INFO - Filling up the DagBag from /home/airflow/.local/lib/python3.8/site-packages/airflow/example_dags/example_sla_dag.py
[2023-12-20T06:27:53.617+0000] {processor.py:840} INFO - DAG(s) 'example_sla_dag' retrieved from /home/airflow/.local/lib/python3.8/site-packages/airflow/example_dags/example_sla_dag.py
[2023-12-20T06:27:53.670+0000] {logging_mixin.py:188} INFO - [2023-12-20T06:27:53.669+0000] {dag.py:3033} INFO - Sync 1 DAGs
[2023-12-20T06:27:53.752+0000] {logging_mixin.py:188} INFO - [2023-12-20T06:27:53.751+0000] {dag.py:3820} INFO - Setting next_dagrun for example_sla_dag to 2023-12-20T06:24:00+00:00, run_after=2023-12-20T06:26:00+00:00
[2023-12-20T06:27:53.843+0000] {processor.py:183} INFO - Processing /home/airflow/.local/lib/python3.8/site-packages/airflow/example_dags/example_sla_dag.py took 0.291 seconds
[2023-12-20T06:28:24.603+0000] {processor.py:161} INFO - Started process (PID=2239) to work on /home/airflow/.local/lib/python3.8/site-packages/airflow/example_dags/example_sla_dag.py
[2023-12-20T06:28:24.641+0000] {processor.py:830} INFO - Processing file /home/airflow/.local/lib/python3.8/site-packages/airflow/example_dags/example_sla_dag.py for tasks to queue
[2023-12-20T06:28:24.643+0000] {logging_mixin.py:188} INFO - [2023-12-20T06:28:24.642+0000] {dagbag.py:538} INFO - Filling up the DagBag from /home/airflow/.local/lib/python3.8/site-packages/airflow/example_dags/example_sla_dag.py
[2023-12-20T06:28:24.662+0000] {processor.py:840} INFO - DAG(s) 'example_sla_dag' retrieved from /home/airflow/.local/lib/python3.8/site-packages/airflow/example_dags/example_sla_dag.py
[2023-12-20T06:28:24.717+0000] {logging_mixin.py:188} INFO - [2023-12-20T06:28:24.717+0000] {dag.py:3033} INFO - Sync 1 DAGs
[2023-12-20T06:28:24.784+0000] {logging_mixin.py:188} INFO - [2023-12-20T06:28:24.783+0000] {dag.py:3820} INFO - Setting next_dagrun for example_sla_dag to 2023-12-20T06:26:00+00:00, run_after=2023-12-20T06:28:00+00:00
[2023-12-20T06:28:24.867+0000] {processor.py:183} INFO - Processing /home/airflow/.local/lib/python3.8/site-packages/airflow/example_dags/example_sla_dag.py took 0.271 seconds
[2023-12-20T06:28:55.648+0000] {processor.py:161} INFO - Started process (PID=2296) to work on /home/airflow/.local/lib/python3.8/site-packages/airflow/example_dags/example_sla_dag.py
[2023-12-20T06:28:55.655+0000] {processor.py:830} INFO - Processing file /home/airflow/.local/lib/python3.8/site-packages/airflow/example_dags/example_sla_dag.py for tasks to queue
[2023-12-20T06:28:55.667+0000] {logging_mixin.py:188} INFO - [2023-12-20T06:28:55.666+0000] {dagbag.py:538} INFO - Filling up the DagBag from /home/airflow/.local/lib/python3.8/site-packages/airflow/example_dags/example_sla_dag.py
[2023-12-20T06:28:55.725+0000] {processor.py:840} INFO - DAG(s) 'example_sla_dag' retrieved from /home/airflow/.local/lib/python3.8/site-packages/airflow/example_dags/example_sla_dag.py
[2023-12-20T06:28:55.881+0000] {logging_mixin.py:188} INFO - [2023-12-20T06:28:55.880+0000] {dag.py:3033} INFO - Sync 1 DAGs
[2023-12-20T06:28:56.043+0000] {logging_mixin.py:188} INFO - [2023-12-20T06:28:56.042+0000] {dag.py:3820} INFO - Setting next_dagrun for example_sla_dag to 2023-12-20T06:26:00+00:00, run_after=2023-12-20T06:28:00+00:00
[2023-12-20T06:28:56.171+0000] {processor.py:183} INFO - Processing /home/airflow/.local/lib/python3.8/site-packages/airflow/example_dags/example_sla_dag.py took 0.540 seconds
[2023-12-20T06:29:26.638+0000] {processor.py:161} INFO - Started process (PID=2353) to work on /home/airflow/.local/lib/python3.8/site-packages/airflow/example_dags/example_sla_dag.py
[2023-12-20T06:29:26.673+0000] {processor.py:830} INFO - Processing file /home/airflow/.local/lib/python3.8/site-packages/airflow/example_dags/example_sla_dag.py for tasks to queue
[2023-12-20T06:29:26.676+0000] {logging_mixin.py:188} INFO - [2023-12-20T06:29:26.675+0000] {dagbag.py:538} INFO - Filling up the DagBag from /home/airflow/.local/lib/python3.8/site-packages/airflow/example_dags/example_sla_dag.py
[2023-12-20T06:29:26.699+0000] {processor.py:840} INFO - DAG(s) 'example_sla_dag' retrieved from /home/airflow/.local/lib/python3.8/site-packages/airflow/example_dags/example_sla_dag.py
[2023-12-20T06:29:26.767+0000] {logging_mixin.py:188} INFO - [2023-12-20T06:29:26.766+0000] {dag.py:3033} INFO - Sync 1 DAGs
[2023-12-20T06:29:26.873+0000] {logging_mixin.py:188} INFO - [2023-12-20T06:29:26.873+0000] {dag.py:3820} INFO - Setting next_dagrun for example_sla_dag to 2023-12-20T06:26:00+00:00, run_after=2023-12-20T06:28:00+00:00
[2023-12-20T06:29:26.972+0000] {processor.py:183} INFO - Processing /home/airflow/.local/lib/python3.8/site-packages/airflow/example_dags/example_sla_dag.py took 0.342 seconds
[2023-12-20T06:29:59.157+0000] {processor.py:161} INFO - Started process (PID=2410) to work on /home/airflow/.local/lib/python3.8/site-packages/airflow/example_dags/example_sla_dag.py
[2023-12-20T06:29:59.168+0000] {processor.py:830} INFO - Processing file /home/airflow/.local/lib/python3.8/site-packages/airflow/example_dags/example_sla_dag.py for tasks to queue
[2023-12-20T06:29:59.176+0000] {logging_mixin.py:188} INFO - [2023-12-20T06:29:59.172+0000] {dagbag.py:538} INFO - Filling up the DagBag from /home/airflow/.local/lib/python3.8/site-packages/airflow/example_dags/example_sla_dag.py
[2023-12-20T06:29:59.295+0000] {processor.py:840} INFO - DAG(s) 'example_sla_dag' retrieved from /home/airflow/.local/lib/python3.8/site-packages/airflow/example_dags/example_sla_dag.py
[2023-12-20T06:29:59.378+0000] {logging_mixin.py:188} INFO - [2023-12-20T06:29:59.378+0000] {dag.py:3033} INFO - Sync 1 DAGs
[2023-12-20T06:29:59.935+0000] {logging_mixin.py:188} INFO - [2023-12-20T06:29:59.935+0000] {dag.py:3820} INFO - Setting next_dagrun for example_sla_dag to 2023-12-20T06:26:00+00:00, run_after=2023-12-20T06:28:00+00:00
[2023-12-20T06:30:00.050+0000] {processor.py:183} INFO - Processing /home/airflow/.local/lib/python3.8/site-packages/airflow/example_dags/example_sla_dag.py took 0.961 seconds
[2023-12-20T06:30:32.134+0000] {processor.py:161} INFO - Started process (PID=2467) to work on /home/airflow/.local/lib/python3.8/site-packages/airflow/example_dags/example_sla_dag.py
[2023-12-20T06:30:32.141+0000] {processor.py:830} INFO - Processing file /home/airflow/.local/lib/python3.8/site-packages/airflow/example_dags/example_sla_dag.py for tasks to queue
[2023-12-20T06:30:32.147+0000] {logging_mixin.py:188} INFO - [2023-12-20T06:30:32.147+0000] {dagbag.py:538} INFO - Filling up the DagBag from /home/airflow/.local/lib/python3.8/site-packages/airflow/example_dags/example_sla_dag.py
[2023-12-20T06:30:32.215+0000] {processor.py:840} INFO - DAG(s) 'example_sla_dag' retrieved from /home/airflow/.local/lib/python3.8/site-packages/airflow/example_dags/example_sla_dag.py
[2023-12-20T06:30:32.326+0000] {logging_mixin.py:188} INFO - [2023-12-20T06:30:32.324+0000] {dag.py:3033} INFO - Sync 1 DAGs
[2023-12-20T06:30:33.063+0000] {logging_mixin.py:188} INFO - [2023-12-20T06:30:33.062+0000] {dag.py:3820} INFO - Setting next_dagrun for example_sla_dag to 2023-12-20T06:28:00+00:00, run_after=2023-12-20T06:30:00+00:00
[2023-12-20T06:30:33.157+0000] {processor.py:183} INFO - Processing /home/airflow/.local/lib/python3.8/site-packages/airflow/example_dags/example_sla_dag.py took 1.056 seconds
[2023-12-20T06:31:07.725+0000] {processor.py:161} INFO - Started process (PID=2520) to work on /home/airflow/.local/lib/python3.8/site-packages/airflow/example_dags/example_sla_dag.py
[2023-12-20T06:31:07.745+0000] {processor.py:830} INFO - Processing file /home/airflow/.local/lib/python3.8/site-packages/airflow/example_dags/example_sla_dag.py for tasks to queue
[2023-12-20T06:31:07.748+0000] {logging_mixin.py:188} INFO - [2023-12-20T06:31:07.747+0000] {dagbag.py:538} INFO - Filling up the DagBag from /home/airflow/.local/lib/python3.8/site-packages/airflow/example_dags/example_sla_dag.py
[2023-12-20T06:31:07.906+0000] {processor.py:840} INFO - DAG(s) 'example_sla_dag' retrieved from /home/airflow/.local/lib/python3.8/site-packages/airflow/example_dags/example_sla_dag.py
[2023-12-20T06:31:07.999+0000] {logging_mixin.py:188} INFO - [2023-12-20T06:31:07.999+0000] {dag.py:3033} INFO - Sync 1 DAGs
[2023-12-20T06:31:08.255+0000] {logging_mixin.py:188} INFO - [2023-12-20T06:31:08.255+0000] {dag.py:3820} INFO - Setting next_dagrun for example_sla_dag to 2023-12-20T06:28:00+00:00, run_after=2023-12-20T06:30:00+00:00
[2023-12-20T06:31:08.430+0000] {processor.py:183} INFO - Processing /home/airflow/.local/lib/python3.8/site-packages/airflow/example_dags/example_sla_dag.py took 0.730 seconds
[2023-12-20T06:31:40.515+0000] {processor.py:161} INFO - Started process (PID=2577) to work on /home/airflow/.local/lib/python3.8/site-packages/airflow/example_dags/example_sla_dag.py
[2023-12-20T06:31:40.526+0000] {processor.py:830} INFO - Processing file /home/airflow/.local/lib/python3.8/site-packages/airflow/example_dags/example_sla_dag.py for tasks to queue
[2023-12-20T06:31:40.533+0000] {logging_mixin.py:188} INFO - [2023-12-20T06:31:40.533+0000] {dagbag.py:538} INFO - Filling up the DagBag from /home/airflow/.local/lib/python3.8/site-packages/airflow/example_dags/example_sla_dag.py
[2023-12-20T06:31:41.316+0000] {processor.py:840} INFO - DAG(s) 'example_sla_dag' retrieved from /home/airflow/.local/lib/python3.8/site-packages/airflow/example_dags/example_sla_dag.py
[2023-12-20T06:31:41.382+0000] {logging_mixin.py:188} INFO - [2023-12-20T06:31:41.381+0000] {dag.py:3033} INFO - Sync 1 DAGs
[2023-12-20T06:31:41.468+0000] {logging_mixin.py:188} INFO - [2023-12-20T06:31:41.467+0000] {dag.py:3820} INFO - Setting next_dagrun for example_sla_dag to 2023-12-20T06:28:00+00:00, run_after=2023-12-20T06:30:00+00:00
[2023-12-20T06:31:41.524+0000] {processor.py:183} INFO - Processing /home/airflow/.local/lib/python3.8/site-packages/airflow/example_dags/example_sla_dag.py took 1.021 seconds
[2023-12-20T06:32:11.629+0000] {processor.py:161} INFO - Started process (PID=2636) to work on /home/airflow/.local/lib/python3.8/site-packages/airflow/example_dags/example_sla_dag.py
[2023-12-20T06:32:11.631+0000] {processor.py:830} INFO - Processing file /home/airflow/.local/lib/python3.8/site-packages/airflow/example_dags/example_sla_dag.py for tasks to queue
[2023-12-20T06:32:11.635+0000] {logging_mixin.py:188} INFO - [2023-12-20T06:32:11.634+0000] {dagbag.py:538} INFO - Filling up the DagBag from /home/airflow/.local/lib/python3.8/site-packages/airflow/example_dags/example_sla_dag.py
[2023-12-20T06:32:11.656+0000] {processor.py:840} INFO - DAG(s) 'example_sla_dag' retrieved from /home/airflow/.local/lib/python3.8/site-packages/airflow/example_dags/example_sla_dag.py
[2023-12-20T06:32:11.715+0000] {logging_mixin.py:188} INFO - [2023-12-20T06:32:11.713+0000] {dag.py:3033} INFO - Sync 1 DAGs
[2023-12-20T06:32:11.788+0000] {logging_mixin.py:188} INFO - [2023-12-20T06:32:11.788+0000] {dag.py:3820} INFO - Setting next_dagrun for example_sla_dag to 2023-12-20T06:30:00+00:00, run_after=2023-12-20T06:32:00+00:00
[2023-12-20T06:32:11.867+0000] {processor.py:183} INFO - Processing /home/airflow/.local/lib/python3.8/site-packages/airflow/example_dags/example_sla_dag.py took 0.248 seconds
[2023-12-20T06:32:42.378+0000] {processor.py:161} INFO - Started process (PID=2695) to work on /home/airflow/.local/lib/python3.8/site-packages/airflow/example_dags/example_sla_dag.py
[2023-12-20T06:32:42.401+0000] {processor.py:830} INFO - Processing file /home/airflow/.local/lib/python3.8/site-packages/airflow/example_dags/example_sla_dag.py for tasks to queue
[2023-12-20T06:32:42.402+0000] {logging_mixin.py:188} INFO - [2023-12-20T06:32:42.402+0000] {dagbag.py:538} INFO - Filling up the DagBag from /home/airflow/.local/lib/python3.8/site-packages/airflow/example_dags/example_sla_dag.py
[2023-12-20T06:32:42.445+0000] {processor.py:840} INFO - DAG(s) 'example_sla_dag' retrieved from /home/airflow/.local/lib/python3.8/site-packages/airflow/example_dags/example_sla_dag.py
[2023-12-20T06:32:42.495+0000] {logging_mixin.py:188} INFO - [2023-12-20T06:32:42.494+0000] {dag.py:3033} INFO - Sync 1 DAGs
[2023-12-20T06:32:42.610+0000] {logging_mixin.py:188} INFO - [2023-12-20T06:32:42.596+0000] {dag.py:3820} INFO - Setting next_dagrun for example_sla_dag to 2023-12-20T06:30:00+00:00, run_after=2023-12-20T06:32:00+00:00
[2023-12-20T06:32:42.728+0000] {processor.py:183} INFO - Processing /home/airflow/.local/lib/python3.8/site-packages/airflow/example_dags/example_sla_dag.py took 0.356 seconds
[2023-12-20T06:33:13.774+0000] {processor.py:161} INFO - Started process (PID=2754) to work on /home/airflow/.local/lib/python3.8/site-packages/airflow/example_dags/example_sla_dag.py
[2023-12-20T06:33:13.781+0000] {processor.py:830} INFO - Processing file /home/airflow/.local/lib/python3.8/site-packages/airflow/example_dags/example_sla_dag.py for tasks to queue
[2023-12-20T06:33:13.783+0000] {logging_mixin.py:188} INFO - [2023-12-20T06:33:13.782+0000] {dagbag.py:538} INFO - Filling up the DagBag from /home/airflow/.local/lib/python3.8/site-packages/airflow/example_dags/example_sla_dag.py
[2023-12-20T06:33:13.921+0000] {processor.py:840} INFO - DAG(s) 'example_sla_dag' retrieved from /home/airflow/.local/lib/python3.8/site-packages/airflow/example_dags/example_sla_dag.py
[2023-12-20T06:33:14.164+0000] {logging_mixin.py:188} INFO - [2023-12-20T06:33:14.163+0000] {dag.py:3033} INFO - Sync 1 DAGs
[2023-12-20T06:33:14.625+0000] {logging_mixin.py:188} INFO - [2023-12-20T06:33:14.614+0000] {dag.py:3820} INFO - Setting next_dagrun for example_sla_dag to 2023-12-20T06:30:00+00:00, run_after=2023-12-20T06:32:00+00:00
[2023-12-20T06:33:15.191+0000] {processor.py:183} INFO - Processing /home/airflow/.local/lib/python3.8/site-packages/airflow/example_dags/example_sla_dag.py took 1.452 seconds
[2023-12-20T06:34:03.844+0000] {processor.py:161} INFO - Started process (PID=2814) to work on /home/airflow/.local/lib/python3.8/site-packages/airflow/example_dags/example_sla_dag.py
[2023-12-20T06:34:03.853+0000] {processor.py:830} INFO - Processing file /home/airflow/.local/lib/python3.8/site-packages/airflow/example_dags/example_sla_dag.py for tasks to queue
[2023-12-20T06:34:03.855+0000] {logging_mixin.py:188} INFO - [2023-12-20T06:34:03.855+0000] {dagbag.py:538} INFO - Filling up the DagBag from /home/airflow/.local/lib/python3.8/site-packages/airflow/example_dags/example_sla_dag.py
[2023-12-20T06:34:03.964+0000] {processor.py:840} INFO - DAG(s) 'example_sla_dag' retrieved from /home/airflow/.local/lib/python3.8/site-packages/airflow/example_dags/example_sla_dag.py
[2023-12-20T06:34:04.214+0000] {logging_mixin.py:188} INFO - [2023-12-20T06:34:04.214+0000] {dag.py:3033} INFO - Sync 1 DAGs
[2023-12-20T06:34:04.669+0000] {logging_mixin.py:188} INFO - [2023-12-20T06:34:04.652+0000] {dag.py:3820} INFO - Setting next_dagrun for example_sla_dag to 2023-12-20T06:32:00+00:00, run_after=2023-12-20T06:34:00+00:00
[2023-12-20T06:34:04.908+0000] {processor.py:183} INFO - Processing /home/airflow/.local/lib/python3.8/site-packages/airflow/example_dags/example_sla_dag.py took 1.094 seconds
[2023-12-20T06:35:05.408+0000] {processor.py:161} INFO - Started process (PID=2876) to work on /home/airflow/.local/lib/python3.8/site-packages/airflow/example_dags/example_sla_dag.py
[2023-12-20T06:35:05.421+0000] {processor.py:830} INFO - Processing file /home/airflow/.local/lib/python3.8/site-packages/airflow/example_dags/example_sla_dag.py for tasks to queue
[2023-12-20T06:35:05.423+0000] {logging_mixin.py:188} INFO - [2023-12-20T06:35:05.422+0000] {dagbag.py:538} INFO - Filling up the DagBag from /home/airflow/.local/lib/python3.8/site-packages/airflow/example_dags/example_sla_dag.py
[2023-12-20T06:35:05.643+0000] {processor.py:840} INFO - DAG(s) 'example_sla_dag' retrieved from /home/airflow/.local/lib/python3.8/site-packages/airflow/example_dags/example_sla_dag.py
[2023-12-20T06:35:06.006+0000] {logging_mixin.py:188} INFO - [2023-12-20T06:35:06.006+0000] {dag.py:3033} INFO - Sync 1 DAGs
[2023-12-20T06:35:06.744+0000] {logging_mixin.py:188} INFO - [2023-12-20T06:35:06.743+0000] {dag.py:3820} INFO - Setting next_dagrun for example_sla_dag to 2023-12-20T06:32:00+00:00, run_after=2023-12-20T06:34:00+00:00
[2023-12-20T06:35:07.078+0000] {processor.py:183} INFO - Processing /home/airflow/.local/lib/python3.8/site-packages/airflow/example_dags/example_sla_dag.py took 1.708 seconds
[2023-12-20T06:36:02.205+0000] {processor.py:161} INFO - Started process (PID=2939) to work on /home/airflow/.local/lib/python3.8/site-packages/airflow/example_dags/example_sla_dag.py
[2023-12-20T06:36:02.218+0000] {processor.py:830} INFO - Processing file /home/airflow/.local/lib/python3.8/site-packages/airflow/example_dags/example_sla_dag.py for tasks to queue
[2023-12-20T06:36:02.228+0000] {logging_mixin.py:188} INFO - [2023-12-20T06:36:02.227+0000] {dagbag.py:538} INFO - Filling up the DagBag from /home/airflow/.local/lib/python3.8/site-packages/airflow/example_dags/example_sla_dag.py
[2023-12-20T06:36:02.355+0000] {processor.py:840} INFO - DAG(s) 'example_sla_dag' retrieved from /home/airflow/.local/lib/python3.8/site-packages/airflow/example_dags/example_sla_dag.py
[2023-12-20T06:36:02.521+0000] {logging_mixin.py:188} INFO - [2023-12-20T06:36:02.520+0000] {dag.py:3033} INFO - Sync 1 DAGs
[2023-12-20T06:36:02.822+0000] {logging_mixin.py:188} INFO - [2023-12-20T06:36:02.820+0000] {dag.py:3820} INFO - Setting next_dagrun for example_sla_dag to 2023-12-20T06:34:00+00:00, run_after=2023-12-20T06:36:00+00:00
[2023-12-20T06:36:03.375+0000] {processor.py:183} INFO - Processing /home/airflow/.local/lib/python3.8/site-packages/airflow/example_dags/example_sla_dag.py took 1.209 seconds
[2023-12-20T06:36:47.920+0000] {processor.py:161} INFO - Started process (PID=2990) to work on /home/airflow/.local/lib/python3.8/site-packages/airflow/example_dags/example_sla_dag.py
[2023-12-20T06:36:47.956+0000] {processor.py:830} INFO - Processing file /home/airflow/.local/lib/python3.8/site-packages/airflow/example_dags/example_sla_dag.py for tasks to queue
[2023-12-20T06:36:47.958+0000] {logging_mixin.py:188} INFO - [2023-12-20T06:36:47.957+0000] {dagbag.py:538} INFO - Filling up the DagBag from /home/airflow/.local/lib/python3.8/site-packages/airflow/example_dags/example_sla_dag.py
[2023-12-20T06:36:48.046+0000] {processor.py:840} INFO - DAG(s) 'example_sla_dag' retrieved from /home/airflow/.local/lib/python3.8/site-packages/airflow/example_dags/example_sla_dag.py
[2023-12-20T06:36:48.194+0000] {logging_mixin.py:188} INFO - [2023-12-20T06:36:48.194+0000] {dag.py:3033} INFO - Sync 1 DAGs
[2023-12-20T06:36:49.071+0000] {logging_mixin.py:188} INFO - [2023-12-20T06:36:49.071+0000] {dag.py:3820} INFO - Setting next_dagrun for example_sla_dag to 2023-12-20T06:34:00+00:00, run_after=2023-12-20T06:36:00+00:00
[2023-12-20T06:36:49.294+0000] {processor.py:183} INFO - Processing /home/airflow/.local/lib/python3.8/site-packages/airflow/example_dags/example_sla_dag.py took 1.416 seconds
[2023-12-20T06:37:48.356+0000] {processor.py:161} INFO - Started process (PID=3050) to work on /home/airflow/.local/lib/python3.8/site-packages/airflow/example_dags/example_sla_dag.py
[2023-12-20T06:37:48.367+0000] {processor.py:830} INFO - Processing file /home/airflow/.local/lib/python3.8/site-packages/airflow/example_dags/example_sla_dag.py for tasks to queue
[2023-12-20T06:37:48.385+0000] {logging_mixin.py:188} INFO - [2023-12-20T06:37:48.368+0000] {dagbag.py:538} INFO - Filling up the DagBag from /home/airflow/.local/lib/python3.8/site-packages/airflow/example_dags/example_sla_dag.py
[2023-12-20T06:37:48.592+0000] {processor.py:840} INFO - DAG(s) 'example_sla_dag' retrieved from /home/airflow/.local/lib/python3.8/site-packages/airflow/example_dags/example_sla_dag.py
[2023-12-20T06:37:49.154+0000] {logging_mixin.py:188} INFO - [2023-12-20T06:37:49.154+0000] {dag.py:3033} INFO - Sync 1 DAGs
[2023-12-20T06:37:50.033+0000] {logging_mixin.py:188} INFO - [2023-12-20T06:37:50.023+0000] {dag.py:3820} INFO - Setting next_dagrun for example_sla_dag to 2023-12-20T06:34:00+00:00, run_after=2023-12-20T06:36:00+00:00
[2023-12-20T06:37:50.445+0000] {processor.py:183} INFO - Processing /home/airflow/.local/lib/python3.8/site-packages/airflow/example_dags/example_sla_dag.py took 2.161 seconds
[2023-12-20T06:38:20.834+0000] {processor.py:161} INFO - Started process (PID=3109) to work on /home/airflow/.local/lib/python3.8/site-packages/airflow/example_dags/example_sla_dag.py
[2023-12-20T06:38:20.838+0000] {processor.py:830} INFO - Processing file /home/airflow/.local/lib/python3.8/site-packages/airflow/example_dags/example_sla_dag.py for tasks to queue
[2023-12-20T06:38:20.840+0000] {logging_mixin.py:188} INFO - [2023-12-20T06:38:20.839+0000] {dagbag.py:538} INFO - Filling up the DagBag from /home/airflow/.local/lib/python3.8/site-packages/airflow/example_dags/example_sla_dag.py
[2023-12-20T06:38:20.865+0000] {processor.py:840} INFO - DAG(s) 'example_sla_dag' retrieved from /home/airflow/.local/lib/python3.8/site-packages/airflow/example_dags/example_sla_dag.py
[2023-12-20T06:38:20.923+0000] {logging_mixin.py:188} INFO - [2023-12-20T06:38:20.922+0000] {dag.py:3033} INFO - Sync 1 DAGs
[2023-12-20T06:38:20.993+0000] {logging_mixin.py:188} INFO - [2023-12-20T06:38:20.991+0000] {dag.py:3820} INFO - Setting next_dagrun for example_sla_dag to 2023-12-20T06:36:00+00:00, run_after=2023-12-20T06:38:00+00:00
[2023-12-20T06:38:21.074+0000] {processor.py:183} INFO - Processing /home/airflow/.local/lib/python3.8/site-packages/airflow/example_dags/example_sla_dag.py took 0.246 seconds
[2023-12-20T06:38:51.827+0000] {processor.py:161} INFO - Started process (PID=3167) to work on /home/airflow/.local/lib/python3.8/site-packages/airflow/example_dags/example_sla_dag.py
[2023-12-20T06:38:51.828+0000] {processor.py:830} INFO - Processing file /home/airflow/.local/lib/python3.8/site-packages/airflow/example_dags/example_sla_dag.py for tasks to queue
[2023-12-20T06:38:51.838+0000] {logging_mixin.py:188} INFO - [2023-12-20T06:38:51.838+0000] {dagbag.py:538} INFO - Filling up the DagBag from /home/airflow/.local/lib/python3.8/site-packages/airflow/example_dags/example_sla_dag.py
[2023-12-20T06:38:51.901+0000] {processor.py:840} INFO - DAG(s) 'example_sla_dag' retrieved from /home/airflow/.local/lib/python3.8/site-packages/airflow/example_dags/example_sla_dag.py
[2023-12-20T06:38:52.005+0000] {logging_mixin.py:188} INFO - [2023-12-20T06:38:52.005+0000] {dag.py:3033} INFO - Sync 1 DAGs
[2023-12-20T06:38:52.136+0000] {logging_mixin.py:188} INFO - [2023-12-20T06:38:52.135+0000] {dag.py:3820} INFO - Setting next_dagrun for example_sla_dag to 2023-12-20T06:36:00+00:00, run_after=2023-12-20T06:38:00+00:00
[2023-12-20T06:38:52.274+0000] {processor.py:183} INFO - Processing /home/airflow/.local/lib/python3.8/site-packages/airflow/example_dags/example_sla_dag.py took 0.465 seconds
[2023-12-20T06:39:22.782+0000] {processor.py:161} INFO - Started process (PID=3227) to work on /home/airflow/.local/lib/python3.8/site-packages/airflow/example_dags/example_sla_dag.py
[2023-12-20T06:39:22.816+0000] {processor.py:830} INFO - Processing file /home/airflow/.local/lib/python3.8/site-packages/airflow/example_dags/example_sla_dag.py for tasks to queue
[2023-12-20T06:39:22.818+0000] {logging_mixin.py:188} INFO - [2023-12-20T06:39:22.818+0000] {dagbag.py:538} INFO - Filling up the DagBag from /home/airflow/.local/lib/python3.8/site-packages/airflow/example_dags/example_sla_dag.py
[2023-12-20T06:39:22.850+0000] {processor.py:840} INFO - DAG(s) 'example_sla_dag' retrieved from /home/airflow/.local/lib/python3.8/site-packages/airflow/example_dags/example_sla_dag.py
[2023-12-20T06:39:22.912+0000] {logging_mixin.py:188} INFO - [2023-12-20T06:39:22.911+0000] {dag.py:3033} INFO - Sync 1 DAGs
[2023-12-20T06:39:23.126+0000] {logging_mixin.py:188} INFO - [2023-12-20T06:39:23.126+0000] {dag.py:3820} INFO - Setting next_dagrun for example_sla_dag to 2023-12-20T06:36:00+00:00, run_after=2023-12-20T06:38:00+00:00
[2023-12-20T06:39:23.290+0000] {processor.py:183} INFO - Processing /home/airflow/.local/lib/python3.8/site-packages/airflow/example_dags/example_sla_dag.py took 0.518 seconds
[2023-12-20T06:39:53.436+0000] {processor.py:161} INFO - Started process (PID=3287) to work on /home/airflow/.local/lib/python3.8/site-packages/airflow/example_dags/example_sla_dag.py
[2023-12-20T06:39:53.438+0000] {processor.py:830} INFO - Processing file /home/airflow/.local/lib/python3.8/site-packages/airflow/example_dags/example_sla_dag.py for tasks to queue
[2023-12-20T06:39:53.440+0000] {logging_mixin.py:188} INFO - [2023-12-20T06:39:53.439+0000] {dagbag.py:538} INFO - Filling up the DagBag from /home/airflow/.local/lib/python3.8/site-packages/airflow/example_dags/example_sla_dag.py
[2023-12-20T06:39:53.460+0000] {processor.py:840} INFO - DAG(s) 'example_sla_dag' retrieved from /home/airflow/.local/lib/python3.8/site-packages/airflow/example_dags/example_sla_dag.py
[2023-12-20T06:39:53.507+0000] {logging_mixin.py:188} INFO - [2023-12-20T06:39:53.507+0000] {dag.py:3033} INFO - Sync 1 DAGs
[2023-12-20T06:39:53.578+0000] {logging_mixin.py:188} INFO - [2023-12-20T06:39:53.577+0000] {dag.py:3820} INFO - Setting next_dagrun for example_sla_dag to 2023-12-20T06:36:00+00:00, run_after=2023-12-20T06:38:00+00:00
[2023-12-20T06:39:53.662+0000] {processor.py:183} INFO - Processing /home/airflow/.local/lib/python3.8/site-packages/airflow/example_dags/example_sla_dag.py took 0.233 seconds
[2023-12-20T06:40:23.805+0000] {processor.py:161} INFO - Started process (PID=3345) to work on /home/airflow/.local/lib/python3.8/site-packages/airflow/example_dags/example_sla_dag.py
[2023-12-20T06:40:23.844+0000] {processor.py:830} INFO - Processing file /home/airflow/.local/lib/python3.8/site-packages/airflow/example_dags/example_sla_dag.py for tasks to queue
[2023-12-20T06:40:23.846+0000] {logging_mixin.py:188} INFO - [2023-12-20T06:40:23.845+0000] {dagbag.py:538} INFO - Filling up the DagBag from /home/airflow/.local/lib/python3.8/site-packages/airflow/example_dags/example_sla_dag.py
[2023-12-20T06:40:23.898+0000] {processor.py:840} INFO - DAG(s) 'example_sla_dag' retrieved from /home/airflow/.local/lib/python3.8/site-packages/airflow/example_dags/example_sla_dag.py
[2023-12-20T06:40:24.069+0000] {logging_mixin.py:188} INFO - [2023-12-20T06:40:24.069+0000] {dag.py:3033} INFO - Sync 1 DAGs
[2023-12-20T06:40:24.332+0000] {logging_mixin.py:188} INFO - [2023-12-20T06:40:24.331+0000] {dag.py:3820} INFO - Setting next_dagrun for example_sla_dag to 2023-12-20T06:38:00+00:00, run_after=2023-12-20T06:40:00+00:00
[2023-12-20T06:40:24.443+0000] {processor.py:183} INFO - Processing /home/airflow/.local/lib/python3.8/site-packages/airflow/example_dags/example_sla_dag.py took 0.651 seconds
[2023-12-20T06:45:01.027+0000] {processor.py:161} INFO - Started process (PID=3399) to work on /home/airflow/.local/lib/python3.8/site-packages/airflow/example_dags/example_sla_dag.py
[2023-12-20T06:45:01.043+0000] {processor.py:830} INFO - Processing file /home/airflow/.local/lib/python3.8/site-packages/airflow/example_dags/example_sla_dag.py for tasks to queue
[2023-12-20T06:45:01.044+0000] {logging_mixin.py:188} INFO - [2023-12-20T06:45:01.044+0000] {dagbag.py:538} INFO - Filling up the DagBag from /home/airflow/.local/lib/python3.8/site-packages/airflow/example_dags/example_sla_dag.py
[2023-12-20T06:45:01.194+0000] {processor.py:840} INFO - DAG(s) 'example_sla_dag' retrieved from /home/airflow/.local/lib/python3.8/site-packages/airflow/example_dags/example_sla_dag.py
[2023-12-20T06:45:01.394+0000] {logging_mixin.py:188} INFO - [2023-12-20T06:45:01.394+0000] {dag.py:3033} INFO - Sync 1 DAGs
[2023-12-20T06:45:01.591+0000] {logging_mixin.py:188} INFO - [2023-12-20T06:45:01.589+0000] {dag.py:3820} INFO - Setting next_dagrun for example_sla_dag to 2023-12-20T06:42:00+00:00, run_after=2023-12-20T06:44:00+00:00
[2023-12-20T06:45:01.717+0000] {processor.py:183} INFO - Processing /home/airflow/.local/lib/python3.8/site-packages/airflow/example_dags/example_sla_dag.py took 0.786 seconds
[2023-12-20T06:45:32.621+0000] {processor.py:161} INFO - Started process (PID=3457) to work on /home/airflow/.local/lib/python3.8/site-packages/airflow/example_dags/example_sla_dag.py
[2023-12-20T06:45:32.664+0000] {processor.py:830} INFO - Processing file /home/airflow/.local/lib/python3.8/site-packages/airflow/example_dags/example_sla_dag.py for tasks to queue
[2023-12-20T06:45:32.666+0000] {logging_mixin.py:188} INFO - [2023-12-20T06:45:32.666+0000] {dagbag.py:538} INFO - Filling up the DagBag from /home/airflow/.local/lib/python3.8/site-packages/airflow/example_dags/example_sla_dag.py
[2023-12-20T06:45:32.712+0000] {processor.py:840} INFO - DAG(s) 'example_sla_dag' retrieved from /home/airflow/.local/lib/python3.8/site-packages/airflow/example_dags/example_sla_dag.py
[2023-12-20T06:45:32.821+0000] {logging_mixin.py:188} INFO - [2023-12-20T06:45:32.820+0000] {dag.py:3033} INFO - Sync 1 DAGs
[2023-12-20T06:45:32.963+0000] {logging_mixin.py:188} INFO - [2023-12-20T06:45:32.962+0000] {dag.py:3820} INFO - Setting next_dagrun for example_sla_dag to 2023-12-20T06:42:00+00:00, run_after=2023-12-20T06:44:00+00:00
[2023-12-20T06:45:33.159+0000] {processor.py:183} INFO - Processing /home/airflow/.local/lib/python3.8/site-packages/airflow/example_dags/example_sla_dag.py took 0.554 seconds
[2023-12-20T06:46:04.282+0000] {processor.py:161} INFO - Started process (PID=3521) to work on /home/airflow/.local/lib/python3.8/site-packages/airflow/example_dags/example_sla_dag.py
[2023-12-20T06:46:04.344+0000] {processor.py:830} INFO - Processing file /home/airflow/.local/lib/python3.8/site-packages/airflow/example_dags/example_sla_dag.py for tasks to queue
[2023-12-20T06:46:04.346+0000] {logging_mixin.py:188} INFO - [2023-12-20T06:46:04.345+0000] {dagbag.py:538} INFO - Filling up the DagBag from /home/airflow/.local/lib/python3.8/site-packages/airflow/example_dags/example_sla_dag.py
[2023-12-20T06:46:04.601+0000] {processor.py:840} INFO - DAG(s) 'example_sla_dag' retrieved from /home/airflow/.local/lib/python3.8/site-packages/airflow/example_dags/example_sla_dag.py
[2023-12-20T06:46:04.913+0000] {logging_mixin.py:188} INFO - [2023-12-20T06:46:04.912+0000] {dag.py:3033} INFO - Sync 1 DAGs
[2023-12-20T06:46:05.200+0000] {logging_mixin.py:188} INFO - [2023-12-20T06:46:05.199+0000] {dag.py:3820} INFO - Setting next_dagrun for example_sla_dag to 2023-12-20T06:44:00+00:00, run_after=2023-12-20T06:46:00+00:00
[2023-12-20T06:46:05.272+0000] {processor.py:183} INFO - Processing /home/airflow/.local/lib/python3.8/site-packages/airflow/example_dags/example_sla_dag.py took 1.024 seconds
[2023-12-20T06:46:35.767+0000] {processor.py:161} INFO - Started process (PID=3579) to work on /home/airflow/.local/lib/python3.8/site-packages/airflow/example_dags/example_sla_dag.py
[2023-12-20T06:46:35.788+0000] {processor.py:830} INFO - Processing file /home/airflow/.local/lib/python3.8/site-packages/airflow/example_dags/example_sla_dag.py for tasks to queue
[2023-12-20T06:46:35.796+0000] {logging_mixin.py:188} INFO - [2023-12-20T06:46:35.789+0000] {dagbag.py:538} INFO - Filling up the DagBag from /home/airflow/.local/lib/python3.8/site-packages/airflow/example_dags/example_sla_dag.py
[2023-12-20T06:46:35.896+0000] {processor.py:840} INFO - DAG(s) 'example_sla_dag' retrieved from /home/airflow/.local/lib/python3.8/site-packages/airflow/example_dags/example_sla_dag.py
[2023-12-20T06:46:36.063+0000] {logging_mixin.py:188} INFO - [2023-12-20T06:46:36.060+0000] {dag.py:3033} INFO - Sync 1 DAGs
[2023-12-20T06:46:36.287+0000] {logging_mixin.py:188} INFO - [2023-12-20T06:46:36.283+0000] {dag.py:3820} INFO - Setting next_dagrun for example_sla_dag to 2023-12-20T06:44:00+00:00, run_after=2023-12-20T06:46:00+00:00
[2023-12-20T06:46:36.411+0000] {processor.py:183} INFO - Processing /home/airflow/.local/lib/python3.8/site-packages/airflow/example_dags/example_sla_dag.py took 0.674 seconds
[2023-12-20T06:47:06.662+0000] {processor.py:161} INFO - Started process (PID=3638) to work on /home/airflow/.local/lib/python3.8/site-packages/airflow/example_dags/example_sla_dag.py
[2023-12-20T06:47:06.665+0000] {processor.py:830} INFO - Processing file /home/airflow/.local/lib/python3.8/site-packages/airflow/example_dags/example_sla_dag.py for tasks to queue
[2023-12-20T06:47:06.667+0000] {logging_mixin.py:188} INFO - [2023-12-20T06:47:06.666+0000] {dagbag.py:538} INFO - Filling up the DagBag from /home/airflow/.local/lib/python3.8/site-packages/airflow/example_dags/example_sla_dag.py
[2023-12-20T06:47:06.702+0000] {processor.py:840} INFO - DAG(s) 'example_sla_dag' retrieved from /home/airflow/.local/lib/python3.8/site-packages/airflow/example_dags/example_sla_dag.py
[2023-12-20T06:47:06.771+0000] {logging_mixin.py:188} INFO - [2023-12-20T06:47:06.771+0000] {dag.py:3033} INFO - Sync 1 DAGs
[2023-12-20T06:47:06.856+0000] {logging_mixin.py:188} INFO - [2023-12-20T06:47:06.856+0000] {dag.py:3820} INFO - Setting next_dagrun for example_sla_dag to 2023-12-20T06:44:00+00:00, run_after=2023-12-20T06:46:00+00:00
[2023-12-20T06:47:07.023+0000] {processor.py:183} INFO - Processing /home/airflow/.local/lib/python3.8/site-packages/airflow/example_dags/example_sla_dag.py took 0.367 seconds
[2023-12-20T06:47:50.056+0000] {processor.py:161} INFO - Started process (PID=3698) to work on /home/airflow/.local/lib/python3.8/site-packages/airflow/example_dags/example_sla_dag.py
[2023-12-20T06:47:50.070+0000] {processor.py:830} INFO - Processing file /home/airflow/.local/lib/python3.8/site-packages/airflow/example_dags/example_sla_dag.py for tasks to queue
[2023-12-20T06:47:50.073+0000] {logging_mixin.py:188} INFO - [2023-12-20T06:47:50.072+0000] {dagbag.py:538} INFO - Filling up the DagBag from /home/airflow/.local/lib/python3.8/site-packages/airflow/example_dags/example_sla_dag.py
[2023-12-20T06:47:50.145+0000] {processor.py:840} INFO - DAG(s) 'example_sla_dag' retrieved from /home/airflow/.local/lib/python3.8/site-packages/airflow/example_dags/example_sla_dag.py
[2023-12-20T06:47:50.229+0000] {logging_mixin.py:188} INFO - [2023-12-20T06:47:50.229+0000] {dag.py:3033} INFO - Sync 1 DAGs
[2023-12-20T06:47:50.390+0000] {logging_mixin.py:188} INFO - [2023-12-20T06:47:50.389+0000] {dag.py:3820} INFO - Setting next_dagrun for example_sla_dag to 2023-12-20T06:44:00+00:00, run_after=2023-12-20T06:46:00+00:00
[2023-12-20T06:47:50.641+0000] {processor.py:183} INFO - Processing /home/airflow/.local/lib/python3.8/site-packages/airflow/example_dags/example_sla_dag.py took 0.595 seconds
[2023-12-20T06:49:08.030+0000] {processor.py:161} INFO - Started process (PID=3764) to work on /home/airflow/.local/lib/python3.8/site-packages/airflow/example_dags/example_sla_dag.py
[2023-12-20T06:49:08.040+0000] {processor.py:830} INFO - Processing file /home/airflow/.local/lib/python3.8/site-packages/airflow/example_dags/example_sla_dag.py for tasks to queue
[2023-12-20T06:49:08.060+0000] {logging_mixin.py:188} INFO - [2023-12-20T06:49:08.048+0000] {dagbag.py:538} INFO - Filling up the DagBag from /home/airflow/.local/lib/python3.8/site-packages/airflow/example_dags/example_sla_dag.py
[2023-12-20T06:49:08.284+0000] {processor.py:840} INFO - DAG(s) 'example_sla_dag' retrieved from /home/airflow/.local/lib/python3.8/site-packages/airflow/example_dags/example_sla_dag.py
[2023-12-20T06:49:09.079+0000] {logging_mixin.py:188} INFO - [2023-12-20T06:49:09.068+0000] {dag.py:3033} INFO - Sync 1 DAGs
[2023-12-20T06:49:09.886+0000] {logging_mixin.py:188} INFO - [2023-12-20T06:49:09.885+0000] {dag.py:3820} INFO - Setting next_dagrun for example_sla_dag to 2023-12-20T06:46:00+00:00, run_after=2023-12-20T06:48:00+00:00
[2023-12-20T06:49:10.305+0000] {processor.py:183} INFO - Processing /home/airflow/.local/lib/python3.8/site-packages/airflow/example_dags/example_sla_dag.py took 2.329 seconds
[2023-12-20T06:50:27.790+0000] {processor.py:161} INFO - Started process (PID=3839) to work on /home/airflow/.local/lib/python3.8/site-packages/airflow/example_dags/example_sla_dag.py
[2023-12-20T06:50:27.807+0000] {processor.py:830} INFO - Processing file /home/airflow/.local/lib/python3.8/site-packages/airflow/example_dags/example_sla_dag.py for tasks to queue
[2023-12-20T06:50:27.820+0000] {logging_mixin.py:188} INFO - [2023-12-20T06:50:27.820+0000] {dagbag.py:538} INFO - Filling up the DagBag from /home/airflow/.local/lib/python3.8/site-packages/airflow/example_dags/example_sla_dag.py
[2023-12-20T06:50:27.974+0000] {processor.py:840} INFO - DAG(s) 'example_sla_dag' retrieved from /home/airflow/.local/lib/python3.8/site-packages/airflow/example_dags/example_sla_dag.py
[2023-12-20T06:50:28.429+0000] {logging_mixin.py:188} INFO - [2023-12-20T06:50:28.428+0000] {dag.py:3033} INFO - Sync 1 DAGs
[2023-12-20T06:50:29.262+0000] {logging_mixin.py:188} INFO - [2023-12-20T06:50:29.261+0000] {dag.py:3820} INFO - Setting next_dagrun for example_sla_dag to 2023-12-20T06:48:00+00:00, run_after=2023-12-20T06:50:00+00:00
[2023-12-20T06:50:29.701+0000] {processor.py:183} INFO - Processing /home/airflow/.local/lib/python3.8/site-packages/airflow/example_dags/example_sla_dag.py took 1.942 seconds
[2023-12-20T06:51:37.735+0000] {processor.py:161} INFO - Started process (PID=3904) to work on /home/airflow/.local/lib/python3.8/site-packages/airflow/example_dags/example_sla_dag.py
[2023-12-20T06:51:37.755+0000] {processor.py:830} INFO - Processing file /home/airflow/.local/lib/python3.8/site-packages/airflow/example_dags/example_sla_dag.py for tasks to queue
[2023-12-20T06:51:37.758+0000] {logging_mixin.py:188} INFO - [2023-12-20T06:51:37.757+0000] {dagbag.py:538} INFO - Filling up the DagBag from /home/airflow/.local/lib/python3.8/site-packages/airflow/example_dags/example_sla_dag.py
[2023-12-20T06:51:37.973+0000] {processor.py:840} INFO - DAG(s) 'example_sla_dag' retrieved from /home/airflow/.local/lib/python3.8/site-packages/airflow/example_dags/example_sla_dag.py
[2023-12-20T06:51:38.357+0000] {logging_mixin.py:188} INFO - [2023-12-20T06:51:38.356+0000] {dag.py:3033} INFO - Sync 1 DAGs
[2023-12-20T06:51:38.967+0000] {logging_mixin.py:188} INFO - [2023-12-20T06:51:38.966+0000] {dag.py:3820} INFO - Setting next_dagrun for example_sla_dag to 2023-12-20T06:48:00+00:00, run_after=2023-12-20T06:50:00+00:00
[2023-12-20T06:51:39.229+0000] {processor.py:183} INFO - Processing /home/airflow/.local/lib/python3.8/site-packages/airflow/example_dags/example_sla_dag.py took 1.572 seconds
[2023-12-20T06:52:40.061+0000] {processor.py:161} INFO - Started process (PID=3966) to work on /home/airflow/.local/lib/python3.8/site-packages/airflow/example_dags/example_sla_dag.py
[2023-12-20T06:52:40.080+0000] {processor.py:830} INFO - Processing file /home/airflow/.local/lib/python3.8/site-packages/airflow/example_dags/example_sla_dag.py for tasks to queue
[2023-12-20T06:52:40.090+0000] {logging_mixin.py:188} INFO - [2023-12-20T06:52:40.089+0000] {dagbag.py:538} INFO - Filling up the DagBag from /home/airflow/.local/lib/python3.8/site-packages/airflow/example_dags/example_sla_dag.py
[2023-12-20T06:52:40.167+0000] {processor.py:840} INFO - DAG(s) 'example_sla_dag' retrieved from /home/airflow/.local/lib/python3.8/site-packages/airflow/example_dags/example_sla_dag.py
[2023-12-20T06:52:40.398+0000] {logging_mixin.py:188} INFO - [2023-12-20T06:52:40.391+0000] {dag.py:3033} INFO - Sync 1 DAGs
[2023-12-20T06:52:40.964+0000] {logging_mixin.py:188} INFO - [2023-12-20T06:52:40.963+0000] {dag.py:3820} INFO - Setting next_dagrun for example_sla_dag to 2023-12-20T06:50:00+00:00, run_after=2023-12-20T06:52:00+00:00
[2023-12-20T06:52:41.251+0000] {processor.py:183} INFO - Processing /home/airflow/.local/lib/python3.8/site-packages/airflow/example_dags/example_sla_dag.py took 1.236 seconds
[2023-12-20T06:53:22.003+0000] {processor.py:161} INFO - Started process (PID=4025) to work on /home/airflow/.local/lib/python3.8/site-packages/airflow/example_dags/example_sla_dag.py
[2023-12-20T06:53:22.007+0000] {processor.py:830} INFO - Processing file /home/airflow/.local/lib/python3.8/site-packages/airflow/example_dags/example_sla_dag.py for tasks to queue
[2023-12-20T06:53:22.010+0000] {logging_mixin.py:188} INFO - [2023-12-20T06:53:22.008+0000] {dagbag.py:538} INFO - Filling up the DagBag from /home/airflow/.local/lib/python3.8/site-packages/airflow/example_dags/example_sla_dag.py
[2023-12-20T06:53:22.053+0000] {processor.py:840} INFO - DAG(s) 'example_sla_dag' retrieved from /home/airflow/.local/lib/python3.8/site-packages/airflow/example_dags/example_sla_dag.py
[2023-12-20T06:53:22.207+0000] {logging_mixin.py:188} INFO - [2023-12-20T06:53:22.206+0000] {dag.py:3033} INFO - Sync 1 DAGs
[2023-12-20T06:53:22.387+0000] {logging_mixin.py:188} INFO - [2023-12-20T06:53:22.387+0000] {dag.py:3820} INFO - Setting next_dagrun for example_sla_dag to 2023-12-20T06:50:00+00:00, run_after=2023-12-20T06:52:00+00:00
[2023-12-20T06:53:22.556+0000] {processor.py:183} INFO - Processing /home/airflow/.local/lib/python3.8/site-packages/airflow/example_dags/example_sla_dag.py took 0.570 seconds
