[2023-12-20T05:41:19.029+0000] {processor.py:161} INFO - Started process (PID=74) to work on /home/airflow/.local/lib/python3.8/site-packages/airflow/example_dags/example_params_trigger_ui.py
[2023-12-20T05:41:19.031+0000] {processor.py:830} INFO - Processing file /home/airflow/.local/lib/python3.8/site-packages/airflow/example_dags/example_params_trigger_ui.py for tasks to queue
[2023-12-20T05:41:19.068+0000] {logging_mixin.py:188} INFO - [2023-12-20T05:41:19.057+0000] {dagbag.py:538} INFO - Filling up the DagBag from /home/airflow/.local/lib/python3.8/site-packages/airflow/example_dags/example_params_trigger_ui.py
[2023-12-20T05:41:19.653+0000] {processor.py:840} INFO - DAG(s) 'example_params_trigger_ui' retrieved from /home/airflow/.local/lib/python3.8/site-packages/airflow/example_dags/example_params_trigger_ui.py
[2023-12-20T05:41:23.591+0000] {logging_mixin.py:188} INFO - [2023-12-20T05:41:23.589+0000] {dag.py:3033} INFO - Sync 1 DAGs
[2023-12-20T05:41:23.731+0000] {logging_mixin.py:188} INFO - [2023-12-20T05:41:23.731+0000] {dag.py:3820} INFO - Setting next_dagrun for example_params_trigger_ui to None, run_after=None
[2023-12-20T05:41:24.081+0000] {processor.py:183} INFO - Processing /home/airflow/.local/lib/python3.8/site-packages/airflow/example_dags/example_params_trigger_ui.py took 5.091 seconds
[2023-12-20T05:42:28.362+0000] {processor.py:161} INFO - Started process (PID=135) to work on /home/airflow/.local/lib/python3.8/site-packages/airflow/example_dags/example_params_trigger_ui.py
[2023-12-20T05:42:28.369+0000] {processor.py:830} INFO - Processing file /home/airflow/.local/lib/python3.8/site-packages/airflow/example_dags/example_params_trigger_ui.py for tasks to queue
[2023-12-20T05:42:28.387+0000] {logging_mixin.py:188} INFO - [2023-12-20T05:42:28.386+0000] {dagbag.py:538} INFO - Filling up the DagBag from /home/airflow/.local/lib/python3.8/site-packages/airflow/example_dags/example_params_trigger_ui.py
[2023-12-20T05:42:28.706+0000] {processor.py:840} INFO - DAG(s) 'example_params_trigger_ui' retrieved from /home/airflow/.local/lib/python3.8/site-packages/airflow/example_dags/example_params_trigger_ui.py
[2023-12-20T05:42:30.712+0000] {logging_mixin.py:188} INFO - [2023-12-20T05:42:30.711+0000] {dag.py:3033} INFO - Sync 1 DAGs
[2023-12-20T05:42:30.790+0000] {logging_mixin.py:188} INFO - [2023-12-20T05:42:30.789+0000] {dag.py:3820} INFO - Setting next_dagrun for example_params_trigger_ui to None, run_after=None
[2023-12-20T05:42:30.939+0000] {processor.py:183} INFO - Processing /home/airflow/.local/lib/python3.8/site-packages/airflow/example_dags/example_params_trigger_ui.py took 2.605 seconds
[2023-12-20T06:06:55.685+0000] {processor.py:161} INFO - Started process (PID=60) to work on /home/airflow/.local/lib/python3.8/site-packages/airflow/example_dags/example_params_trigger_ui.py
[2023-12-20T06:06:55.701+0000] {processor.py:830} INFO - Processing file /home/airflow/.local/lib/python3.8/site-packages/airflow/example_dags/example_params_trigger_ui.py for tasks to queue
[2023-12-20T06:06:55.810+0000] {logging_mixin.py:188} INFO - [2023-12-20T06:06:55.704+0000] {dagbag.py:538} INFO - Filling up the DagBag from /home/airflow/.local/lib/python3.8/site-packages/airflow/example_dags/example_params_trigger_ui.py
[2023-12-20T06:06:55.937+0000] {processor.py:840} INFO - DAG(s) 'example_params_trigger_ui' retrieved from /home/airflow/.local/lib/python3.8/site-packages/airflow/example_dags/example_params_trigger_ui.py
[2023-12-20T06:06:56.637+0000] {logging_mixin.py:188} INFO - [2023-12-20T06:06:56.637+0000] {dag.py:3033} INFO - Sync 1 DAGs
[2023-12-20T06:06:56.685+0000] {logging_mixin.py:188} INFO - [2023-12-20T06:06:56.684+0000] {dag.py:3820} INFO - Setting next_dagrun for example_params_trigger_ui to None, run_after=None
[2023-12-20T06:06:56.840+0000] {processor.py:183} INFO - Processing /home/airflow/.local/lib/python3.8/site-packages/airflow/example_dags/example_params_trigger_ui.py took 1.202 seconds
[2023-12-20T06:07:28.259+0000] {processor.py:161} INFO - Started process (PID=115) to work on /home/airflow/.local/lib/python3.8/site-packages/airflow/example_dags/example_params_trigger_ui.py
[2023-12-20T06:07:28.273+0000] {processor.py:830} INFO - Processing file /home/airflow/.local/lib/python3.8/site-packages/airflow/example_dags/example_params_trigger_ui.py for tasks to queue
[2023-12-20T06:07:28.295+0000] {logging_mixin.py:188} INFO - [2023-12-20T06:07:28.294+0000] {dagbag.py:538} INFO - Filling up the DagBag from /home/airflow/.local/lib/python3.8/site-packages/airflow/example_dags/example_params_trigger_ui.py
[2023-12-20T06:07:28.446+0000] {processor.py:840} INFO - DAG(s) 'example_params_trigger_ui' retrieved from /home/airflow/.local/lib/python3.8/site-packages/airflow/example_dags/example_params_trigger_ui.py
[2023-12-20T06:07:29.262+0000] {logging_mixin.py:188} INFO - [2023-12-20T06:07:29.255+0000] {dag.py:3033} INFO - Sync 1 DAGs
[2023-12-20T06:07:29.406+0000] {logging_mixin.py:188} INFO - [2023-12-20T06:07:29.406+0000] {dag.py:3820} INFO - Setting next_dagrun for example_params_trigger_ui to None, run_after=None
[2023-12-20T06:07:29.738+0000] {processor.py:183} INFO - Processing /home/airflow/.local/lib/python3.8/site-packages/airflow/example_dags/example_params_trigger_ui.py took 1.518 seconds
[2023-12-20T06:07:59.999+0000] {processor.py:161} INFO - Started process (PID=170) to work on /home/airflow/.local/lib/python3.8/site-packages/airflow/example_dags/example_params_trigger_ui.py
[2023-12-20T06:08:00.007+0000] {processor.py:830} INFO - Processing file /home/airflow/.local/lib/python3.8/site-packages/airflow/example_dags/example_params_trigger_ui.py for tasks to queue
[2023-12-20T06:08:00.020+0000] {logging_mixin.py:188} INFO - [2023-12-20T06:08:00.018+0000] {dagbag.py:538} INFO - Filling up the DagBag from /home/airflow/.local/lib/python3.8/site-packages/airflow/example_dags/example_params_trigger_ui.py
[2023-12-20T06:08:00.067+0000] {processor.py:840} INFO - DAG(s) 'example_params_trigger_ui' retrieved from /home/airflow/.local/lib/python3.8/site-packages/airflow/example_dags/example_params_trigger_ui.py
[2023-12-20T06:08:00.505+0000] {logging_mixin.py:188} INFO - [2023-12-20T06:08:00.504+0000] {dag.py:3033} INFO - Sync 1 DAGs
[2023-12-20T06:08:00.613+0000] {logging_mixin.py:188} INFO - [2023-12-20T06:08:00.613+0000] {dag.py:3820} INFO - Setting next_dagrun for example_params_trigger_ui to None, run_after=None
[2023-12-20T06:08:00.769+0000] {processor.py:183} INFO - Processing /home/airflow/.local/lib/python3.8/site-packages/airflow/example_dags/example_params_trigger_ui.py took 0.779 seconds
[2023-12-20T06:08:34.548+0000] {processor.py:161} INFO - Started process (PID=225) to work on /home/airflow/.local/lib/python3.8/site-packages/airflow/example_dags/example_params_trigger_ui.py
[2023-12-20T06:08:34.605+0000] {processor.py:830} INFO - Processing file /home/airflow/.local/lib/python3.8/site-packages/airflow/example_dags/example_params_trigger_ui.py for tasks to queue
[2023-12-20T06:08:34.685+0000] {logging_mixin.py:188} INFO - [2023-12-20T06:08:34.682+0000] {dagbag.py:538} INFO - Filling up the DagBag from /home/airflow/.local/lib/python3.8/site-packages/airflow/example_dags/example_params_trigger_ui.py
[2023-12-20T06:08:34.936+0000] {processor.py:840} INFO - DAG(s) 'example_params_trigger_ui' retrieved from /home/airflow/.local/lib/python3.8/site-packages/airflow/example_dags/example_params_trigger_ui.py
[2023-12-20T06:08:36.034+0000] {logging_mixin.py:188} INFO - [2023-12-20T06:08:36.021+0000] {dag.py:3033} INFO - Sync 1 DAGs
[2023-12-20T06:08:36.460+0000] {logging_mixin.py:188} INFO - [2023-12-20T06:08:36.444+0000] {dag.py:3820} INFO - Setting next_dagrun for example_params_trigger_ui to None, run_after=None
[2023-12-20T06:08:36.871+0000] {processor.py:183} INFO - Processing /home/airflow/.local/lib/python3.8/site-packages/airflow/example_dags/example_params_trigger_ui.py took 2.364 seconds
[2023-12-20T06:09:13.486+0000] {processor.py:161} INFO - Started process (PID=278) to work on /home/airflow/.local/lib/python3.8/site-packages/airflow/example_dags/example_params_trigger_ui.py
[2023-12-20T06:09:13.493+0000] {processor.py:830} INFO - Processing file /home/airflow/.local/lib/python3.8/site-packages/airflow/example_dags/example_params_trigger_ui.py for tasks to queue
[2023-12-20T06:09:13.502+0000] {logging_mixin.py:188} INFO - [2023-12-20T06:09:13.501+0000] {dagbag.py:538} INFO - Filling up the DagBag from /home/airflow/.local/lib/python3.8/site-packages/airflow/example_dags/example_params_trigger_ui.py
[2023-12-20T06:09:13.588+0000] {processor.py:840} INFO - DAG(s) 'example_params_trigger_ui' retrieved from /home/airflow/.local/lib/python3.8/site-packages/airflow/example_dags/example_params_trigger_ui.py
[2023-12-20T06:09:14.381+0000] {logging_mixin.py:188} INFO - [2023-12-20T06:09:14.381+0000] {dag.py:3033} INFO - Sync 1 DAGs
[2023-12-20T06:09:14.481+0000] {logging_mixin.py:188} INFO - [2023-12-20T06:09:14.476+0000] {dag.py:3820} INFO - Setting next_dagrun for example_params_trigger_ui to None, run_after=None
[2023-12-20T06:09:14.653+0000] {processor.py:183} INFO - Processing /home/airflow/.local/lib/python3.8/site-packages/airflow/example_dags/example_params_trigger_ui.py took 1.192 seconds
[2023-12-20T06:09:44.858+0000] {processor.py:161} INFO - Started process (PID=333) to work on /home/airflow/.local/lib/python3.8/site-packages/airflow/example_dags/example_params_trigger_ui.py
[2023-12-20T06:09:44.866+0000] {processor.py:830} INFO - Processing file /home/airflow/.local/lib/python3.8/site-packages/airflow/example_dags/example_params_trigger_ui.py for tasks to queue
[2023-12-20T06:09:44.890+0000] {logging_mixin.py:188} INFO - [2023-12-20T06:09:44.874+0000] {dagbag.py:538} INFO - Filling up the DagBag from /home/airflow/.local/lib/python3.8/site-packages/airflow/example_dags/example_params_trigger_ui.py
[2023-12-20T06:09:45.029+0000] {processor.py:840} INFO - DAG(s) 'example_params_trigger_ui' retrieved from /home/airflow/.local/lib/python3.8/site-packages/airflow/example_dags/example_params_trigger_ui.py
[2023-12-20T06:09:45.388+0000] {logging_mixin.py:188} INFO - [2023-12-20T06:09:45.387+0000] {dag.py:3033} INFO - Sync 1 DAGs
[2023-12-20T06:09:45.442+0000] {logging_mixin.py:188} INFO - [2023-12-20T06:09:45.441+0000] {dag.py:3820} INFO - Setting next_dagrun for example_params_trigger_ui to None, run_after=None
[2023-12-20T06:09:45.625+0000] {processor.py:183} INFO - Processing /home/airflow/.local/lib/python3.8/site-packages/airflow/example_dags/example_params_trigger_ui.py took 0.792 seconds
[2023-12-20T06:10:16.260+0000] {processor.py:161} INFO - Started process (PID=387) to work on /home/airflow/.local/lib/python3.8/site-packages/airflow/example_dags/example_params_trigger_ui.py
[2023-12-20T06:10:16.270+0000] {processor.py:830} INFO - Processing file /home/airflow/.local/lib/python3.8/site-packages/airflow/example_dags/example_params_trigger_ui.py for tasks to queue
[2023-12-20T06:10:16.279+0000] {logging_mixin.py:188} INFO - [2023-12-20T06:10:16.278+0000] {dagbag.py:538} INFO - Filling up the DagBag from /home/airflow/.local/lib/python3.8/site-packages/airflow/example_dags/example_params_trigger_ui.py
[2023-12-20T06:10:16.387+0000] {processor.py:840} INFO - DAG(s) 'example_params_trigger_ui' retrieved from /home/airflow/.local/lib/python3.8/site-packages/airflow/example_dags/example_params_trigger_ui.py
[2023-12-20T06:10:16.995+0000] {logging_mixin.py:188} INFO - [2023-12-20T06:10:16.994+0000] {dag.py:3033} INFO - Sync 1 DAGs
[2023-12-20T06:10:17.041+0000] {logging_mixin.py:188} INFO - [2023-12-20T06:10:17.040+0000] {dag.py:3820} INFO - Setting next_dagrun for example_params_trigger_ui to None, run_after=None
[2023-12-20T06:10:17.146+0000] {processor.py:183} INFO - Processing /home/airflow/.local/lib/python3.8/site-packages/airflow/example_dags/example_params_trigger_ui.py took 0.905 seconds
[2023-12-20T06:10:48.679+0000] {processor.py:161} INFO - Started process (PID=442) to work on /home/airflow/.local/lib/python3.8/site-packages/airflow/example_dags/example_params_trigger_ui.py
[2023-12-20T06:10:48.716+0000] {processor.py:830} INFO - Processing file /home/airflow/.local/lib/python3.8/site-packages/airflow/example_dags/example_params_trigger_ui.py for tasks to queue
[2023-12-20T06:10:48.730+0000] {logging_mixin.py:188} INFO - [2023-12-20T06:10:48.729+0000] {dagbag.py:538} INFO - Filling up the DagBag from /home/airflow/.local/lib/python3.8/site-packages/airflow/example_dags/example_params_trigger_ui.py
[2023-12-20T06:10:48.799+0000] {processor.py:840} INFO - DAG(s) 'example_params_trigger_ui' retrieved from /home/airflow/.local/lib/python3.8/site-packages/airflow/example_dags/example_params_trigger_ui.py
[2023-12-20T06:10:49.138+0000] {logging_mixin.py:188} INFO - [2023-12-20T06:10:49.137+0000] {dag.py:3033} INFO - Sync 1 DAGs
[2023-12-20T06:10:49.250+0000] {logging_mixin.py:188} INFO - [2023-12-20T06:10:49.250+0000] {dag.py:3820} INFO - Setting next_dagrun for example_params_trigger_ui to None, run_after=None
[2023-12-20T06:10:49.395+0000] {processor.py:183} INFO - Processing /home/airflow/.local/lib/python3.8/site-packages/airflow/example_dags/example_params_trigger_ui.py took 0.731 seconds
[2023-12-20T06:11:20.391+0000] {processor.py:161} INFO - Started process (PID=497) to work on /home/airflow/.local/lib/python3.8/site-packages/airflow/example_dags/example_params_trigger_ui.py
[2023-12-20T06:11:20.400+0000] {processor.py:830} INFO - Processing file /home/airflow/.local/lib/python3.8/site-packages/airflow/example_dags/example_params_trigger_ui.py for tasks to queue
[2023-12-20T06:11:20.415+0000] {logging_mixin.py:188} INFO - [2023-12-20T06:11:20.413+0000] {dagbag.py:538} INFO - Filling up the DagBag from /home/airflow/.local/lib/python3.8/site-packages/airflow/example_dags/example_params_trigger_ui.py
[2023-12-20T06:11:20.573+0000] {processor.py:840} INFO - DAG(s) 'example_params_trigger_ui' retrieved from /home/airflow/.local/lib/python3.8/site-packages/airflow/example_dags/example_params_trigger_ui.py
[2023-12-20T06:11:21.510+0000] {logging_mixin.py:188} INFO - [2023-12-20T06:11:21.502+0000] {dag.py:3033} INFO - Sync 1 DAGs
[2023-12-20T06:11:21.695+0000] {logging_mixin.py:188} INFO - [2023-12-20T06:11:21.694+0000] {dag.py:3820} INFO - Setting next_dagrun for example_params_trigger_ui to None, run_after=None
[2023-12-20T06:11:21.881+0000] {processor.py:183} INFO - Processing /home/airflow/.local/lib/python3.8/site-packages/airflow/example_dags/example_params_trigger_ui.py took 1.521 seconds
[2023-12-20T06:11:52.156+0000] {processor.py:161} INFO - Started process (PID=552) to work on /home/airflow/.local/lib/python3.8/site-packages/airflow/example_dags/example_params_trigger_ui.py
[2023-12-20T06:11:52.192+0000] {processor.py:830} INFO - Processing file /home/airflow/.local/lib/python3.8/site-packages/airflow/example_dags/example_params_trigger_ui.py for tasks to queue
[2023-12-20T06:11:52.196+0000] {logging_mixin.py:188} INFO - [2023-12-20T06:11:52.195+0000] {dagbag.py:538} INFO - Filling up the DagBag from /home/airflow/.local/lib/python3.8/site-packages/airflow/example_dags/example_params_trigger_ui.py
[2023-12-20T06:11:52.279+0000] {processor.py:840} INFO - DAG(s) 'example_params_trigger_ui' retrieved from /home/airflow/.local/lib/python3.8/site-packages/airflow/example_dags/example_params_trigger_ui.py
[2023-12-20T06:11:52.595+0000] {logging_mixin.py:188} INFO - [2023-12-20T06:11:52.595+0000] {dag.py:3033} INFO - Sync 1 DAGs
[2023-12-20T06:11:52.658+0000] {logging_mixin.py:188} INFO - [2023-12-20T06:11:52.657+0000] {dag.py:3820} INFO - Setting next_dagrun for example_params_trigger_ui to None, run_after=None
[2023-12-20T06:11:52.831+0000] {processor.py:183} INFO - Processing /home/airflow/.local/lib/python3.8/site-packages/airflow/example_dags/example_params_trigger_ui.py took 0.709 seconds
[2023-12-20T06:12:25.825+0000] {processor.py:161} INFO - Started process (PID=607) to work on /home/airflow/.local/lib/python3.8/site-packages/airflow/example_dags/example_params_trigger_ui.py
[2023-12-20T06:12:25.829+0000] {processor.py:830} INFO - Processing file /home/airflow/.local/lib/python3.8/site-packages/airflow/example_dags/example_params_trigger_ui.py for tasks to queue
[2023-12-20T06:12:25.838+0000] {logging_mixin.py:188} INFO - [2023-12-20T06:12:25.837+0000] {dagbag.py:538} INFO - Filling up the DagBag from /home/airflow/.local/lib/python3.8/site-packages/airflow/example_dags/example_params_trigger_ui.py
[2023-12-20T06:12:25.936+0000] {processor.py:840} INFO - DAG(s) 'example_params_trigger_ui' retrieved from /home/airflow/.local/lib/python3.8/site-packages/airflow/example_dags/example_params_trigger_ui.py
[2023-12-20T06:12:26.646+0000] {logging_mixin.py:188} INFO - [2023-12-20T06:12:26.616+0000] {dag.py:3033} INFO - Sync 1 DAGs
[2023-12-20T06:12:26.932+0000] {logging_mixin.py:188} INFO - [2023-12-20T06:12:26.931+0000] {dag.py:3820} INFO - Setting next_dagrun for example_params_trigger_ui to None, run_after=None
[2023-12-20T06:12:27.226+0000] {processor.py:183} INFO - Processing /home/airflow/.local/lib/python3.8/site-packages/airflow/example_dags/example_params_trigger_ui.py took 1.417 seconds
[2023-12-20T06:13:04.025+0000] {processor.py:161} INFO - Started process (PID=665) to work on /home/airflow/.local/lib/python3.8/site-packages/airflow/example_dags/example_params_trigger_ui.py
[2023-12-20T06:13:04.033+0000] {processor.py:830} INFO - Processing file /home/airflow/.local/lib/python3.8/site-packages/airflow/example_dags/example_params_trigger_ui.py for tasks to queue
[2023-12-20T06:13:04.057+0000] {logging_mixin.py:188} INFO - [2023-12-20T06:13:04.048+0000] {dagbag.py:538} INFO - Filling up the DagBag from /home/airflow/.local/lib/python3.8/site-packages/airflow/example_dags/example_params_trigger_ui.py
[2023-12-20T06:13:04.343+0000] {processor.py:840} INFO - DAG(s) 'example_params_trigger_ui' retrieved from /home/airflow/.local/lib/python3.8/site-packages/airflow/example_dags/example_params_trigger_ui.py
[2023-12-20T06:13:05.860+0000] {logging_mixin.py:188} INFO - [2023-12-20T06:13:05.859+0000] {dag.py:3033} INFO - Sync 1 DAGs
[2023-12-20T06:13:06.199+0000] {logging_mixin.py:188} INFO - [2023-12-20T06:13:06.198+0000] {dag.py:3820} INFO - Setting next_dagrun for example_params_trigger_ui to None, run_after=None
[2023-12-20T06:13:06.476+0000] {processor.py:183} INFO - Processing /home/airflow/.local/lib/python3.8/site-packages/airflow/example_dags/example_params_trigger_ui.py took 2.505 seconds
[2023-12-20T06:13:47.798+0000] {processor.py:161} INFO - Started process (PID=720) to work on /home/airflow/.local/lib/python3.8/site-packages/airflow/example_dags/example_params_trigger_ui.py
[2023-12-20T06:13:47.811+0000] {processor.py:830} INFO - Processing file /home/airflow/.local/lib/python3.8/site-packages/airflow/example_dags/example_params_trigger_ui.py for tasks to queue
[2023-12-20T06:13:47.822+0000] {logging_mixin.py:188} INFO - [2023-12-20T06:13:47.822+0000] {dagbag.py:538} INFO - Filling up the DagBag from /home/airflow/.local/lib/python3.8/site-packages/airflow/example_dags/example_params_trigger_ui.py
[2023-12-20T06:13:48.024+0000] {processor.py:840} INFO - DAG(s) 'example_params_trigger_ui' retrieved from /home/airflow/.local/lib/python3.8/site-packages/airflow/example_dags/example_params_trigger_ui.py
[2023-12-20T06:13:48.839+0000] {logging_mixin.py:188} INFO - [2023-12-20T06:13:48.838+0000] {dag.py:3033} INFO - Sync 1 DAGs
[2023-12-20T06:13:49.015+0000] {logging_mixin.py:188} INFO - [2023-12-20T06:13:49.014+0000] {dag.py:3820} INFO - Setting next_dagrun for example_params_trigger_ui to None, run_after=None
[2023-12-20T06:13:49.265+0000] {processor.py:183} INFO - Processing /home/airflow/.local/lib/python3.8/site-packages/airflow/example_dags/example_params_trigger_ui.py took 1.507 seconds
[2023-12-20T06:14:24.003+0000] {processor.py:161} INFO - Started process (PID=769) to work on /home/airflow/.local/lib/python3.8/site-packages/airflow/example_dags/example_params_trigger_ui.py
[2023-12-20T06:14:24.013+0000] {processor.py:830} INFO - Processing file /home/airflow/.local/lib/python3.8/site-packages/airflow/example_dags/example_params_trigger_ui.py for tasks to queue
[2023-12-20T06:14:24.050+0000] {logging_mixin.py:188} INFO - [2023-12-20T06:14:24.049+0000] {dagbag.py:538} INFO - Filling up the DagBag from /home/airflow/.local/lib/python3.8/site-packages/airflow/example_dags/example_params_trigger_ui.py
[2023-12-20T06:14:24.147+0000] {processor.py:840} INFO - DAG(s) 'example_params_trigger_ui' retrieved from /home/airflow/.local/lib/python3.8/site-packages/airflow/example_dags/example_params_trigger_ui.py
[2023-12-20T06:14:24.929+0000] {logging_mixin.py:188} INFO - [2023-12-20T06:14:24.929+0000] {dag.py:3033} INFO - Sync 1 DAGs
[2023-12-20T06:14:25.124+0000] {logging_mixin.py:188} INFO - [2023-12-20T06:14:25.124+0000] {dag.py:3820} INFO - Setting next_dagrun for example_params_trigger_ui to None, run_after=None
[2023-12-20T06:14:25.353+0000] {processor.py:183} INFO - Processing /home/airflow/.local/lib/python3.8/site-packages/airflow/example_dags/example_params_trigger_ui.py took 1.418 seconds
[2023-12-20T06:14:56.972+0000] {processor.py:161} INFO - Started process (PID=825) to work on /home/airflow/.local/lib/python3.8/site-packages/airflow/example_dags/example_params_trigger_ui.py
[2023-12-20T06:14:57.016+0000] {processor.py:830} INFO - Processing file /home/airflow/.local/lib/python3.8/site-packages/airflow/example_dags/example_params_trigger_ui.py for tasks to queue
[2023-12-20T06:14:57.055+0000] {logging_mixin.py:188} INFO - [2023-12-20T06:14:57.048+0000] {dagbag.py:538} INFO - Filling up the DagBag from /home/airflow/.local/lib/python3.8/site-packages/airflow/example_dags/example_params_trigger_ui.py
[2023-12-20T06:14:57.265+0000] {processor.py:840} INFO - DAG(s) 'example_params_trigger_ui' retrieved from /home/airflow/.local/lib/python3.8/site-packages/airflow/example_dags/example_params_trigger_ui.py
[2023-12-20T06:14:57.986+0000] {logging_mixin.py:188} INFO - [2023-12-20T06:14:57.984+0000] {dag.py:3033} INFO - Sync 1 DAGs
[2023-12-20T06:14:58.117+0000] {logging_mixin.py:188} INFO - [2023-12-20T06:14:58.114+0000] {dag.py:3820} INFO - Setting next_dagrun for example_params_trigger_ui to None, run_after=None
[2023-12-20T06:14:58.272+0000] {processor.py:183} INFO - Processing /home/airflow/.local/lib/python3.8/site-packages/airflow/example_dags/example_params_trigger_ui.py took 1.382 seconds
[2023-12-20T06:15:28.647+0000] {processor.py:161} INFO - Started process (PID=879) to work on /home/airflow/.local/lib/python3.8/site-packages/airflow/example_dags/example_params_trigger_ui.py
[2023-12-20T06:15:28.652+0000] {processor.py:830} INFO - Processing file /home/airflow/.local/lib/python3.8/site-packages/airflow/example_dags/example_params_trigger_ui.py for tasks to queue
[2023-12-20T06:15:28.682+0000] {logging_mixin.py:188} INFO - [2023-12-20T06:15:28.671+0000] {dagbag.py:538} INFO - Filling up the DagBag from /home/airflow/.local/lib/python3.8/site-packages/airflow/example_dags/example_params_trigger_ui.py
[2023-12-20T06:15:28.860+0000] {processor.py:840} INFO - DAG(s) 'example_params_trigger_ui' retrieved from /home/airflow/.local/lib/python3.8/site-packages/airflow/example_dags/example_params_trigger_ui.py
[2023-12-20T06:15:29.679+0000] {logging_mixin.py:188} INFO - [2023-12-20T06:15:29.679+0000] {dag.py:3033} INFO - Sync 1 DAGs
[2023-12-20T06:15:29.948+0000] {logging_mixin.py:188} INFO - [2023-12-20T06:15:29.931+0000] {dag.py:3820} INFO - Setting next_dagrun for example_params_trigger_ui to None, run_after=None
[2023-12-20T06:15:30.203+0000] {processor.py:183} INFO - Processing /home/airflow/.local/lib/python3.8/site-packages/airflow/example_dags/example_params_trigger_ui.py took 1.592 seconds
[2023-12-20T06:16:00.521+0000] {processor.py:161} INFO - Started process (PID=934) to work on /home/airflow/.local/lib/python3.8/site-packages/airflow/example_dags/example_params_trigger_ui.py
[2023-12-20T06:16:00.565+0000] {processor.py:830} INFO - Processing file /home/airflow/.local/lib/python3.8/site-packages/airflow/example_dags/example_params_trigger_ui.py for tasks to queue
[2023-12-20T06:16:00.585+0000] {logging_mixin.py:188} INFO - [2023-12-20T06:16:00.585+0000] {dagbag.py:538} INFO - Filling up the DagBag from /home/airflow/.local/lib/python3.8/site-packages/airflow/example_dags/example_params_trigger_ui.py
[2023-12-20T06:16:00.830+0000] {processor.py:840} INFO - DAG(s) 'example_params_trigger_ui' retrieved from /home/airflow/.local/lib/python3.8/site-packages/airflow/example_dags/example_params_trigger_ui.py
[2023-12-20T06:16:01.564+0000] {logging_mixin.py:188} INFO - [2023-12-20T06:16:01.563+0000] {dag.py:3033} INFO - Sync 1 DAGs
[2023-12-20T06:16:01.779+0000] {logging_mixin.py:188} INFO - [2023-12-20T06:16:01.778+0000] {dag.py:3820} INFO - Setting next_dagrun for example_params_trigger_ui to None, run_after=None
[2023-12-20T06:16:01.944+0000] {processor.py:183} INFO - Processing /home/airflow/.local/lib/python3.8/site-packages/airflow/example_dags/example_params_trigger_ui.py took 1.455 seconds
[2023-12-20T06:16:32.161+0000] {processor.py:161} INFO - Started process (PID=989) to work on /home/airflow/.local/lib/python3.8/site-packages/airflow/example_dags/example_params_trigger_ui.py
[2023-12-20T06:16:32.164+0000] {processor.py:830} INFO - Processing file /home/airflow/.local/lib/python3.8/site-packages/airflow/example_dags/example_params_trigger_ui.py for tasks to queue
[2023-12-20T06:16:32.168+0000] {logging_mixin.py:188} INFO - [2023-12-20T06:16:32.167+0000] {dagbag.py:538} INFO - Filling up the DagBag from /home/airflow/.local/lib/python3.8/site-packages/airflow/example_dags/example_params_trigger_ui.py
[2023-12-20T06:16:32.202+0000] {processor.py:840} INFO - DAG(s) 'example_params_trigger_ui' retrieved from /home/airflow/.local/lib/python3.8/site-packages/airflow/example_dags/example_params_trigger_ui.py
[2023-12-20T06:16:32.641+0000] {logging_mixin.py:188} INFO - [2023-12-20T06:16:32.641+0000] {dag.py:3033} INFO - Sync 1 DAGs
[2023-12-20T06:16:32.682+0000] {logging_mixin.py:188} INFO - [2023-12-20T06:16:32.681+0000] {dag.py:3820} INFO - Setting next_dagrun for example_params_trigger_ui to None, run_after=None
[2023-12-20T06:16:32.807+0000] {processor.py:183} INFO - Processing /home/airflow/.local/lib/python3.8/site-packages/airflow/example_dags/example_params_trigger_ui.py took 0.652 seconds
[2023-12-20T06:17:03.241+0000] {processor.py:161} INFO - Started process (PID=1044) to work on /home/airflow/.local/lib/python3.8/site-packages/airflow/example_dags/example_params_trigger_ui.py
[2023-12-20T06:17:03.242+0000] {processor.py:830} INFO - Processing file /home/airflow/.local/lib/python3.8/site-packages/airflow/example_dags/example_params_trigger_ui.py for tasks to queue
[2023-12-20T06:17:03.253+0000] {logging_mixin.py:188} INFO - [2023-12-20T06:17:03.253+0000] {dagbag.py:538} INFO - Filling up the DagBag from /home/airflow/.local/lib/python3.8/site-packages/airflow/example_dags/example_params_trigger_ui.py
[2023-12-20T06:17:03.298+0000] {processor.py:840} INFO - DAG(s) 'example_params_trigger_ui' retrieved from /home/airflow/.local/lib/python3.8/site-packages/airflow/example_dags/example_params_trigger_ui.py
[2023-12-20T06:17:03.517+0000] {logging_mixin.py:188} INFO - [2023-12-20T06:17:03.517+0000] {dag.py:3033} INFO - Sync 1 DAGs
[2023-12-20T06:17:03.591+0000] {logging_mixin.py:188} INFO - [2023-12-20T06:17:03.590+0000] {dag.py:3820} INFO - Setting next_dagrun for example_params_trigger_ui to None, run_after=None
[2023-12-20T06:17:03.709+0000] {processor.py:183} INFO - Processing /home/airflow/.local/lib/python3.8/site-packages/airflow/example_dags/example_params_trigger_ui.py took 0.484 seconds
[2023-12-20T06:17:34.244+0000] {processor.py:161} INFO - Started process (PID=1099) to work on /home/airflow/.local/lib/python3.8/site-packages/airflow/example_dags/example_params_trigger_ui.py
[2023-12-20T06:17:34.288+0000] {processor.py:830} INFO - Processing file /home/airflow/.local/lib/python3.8/site-packages/airflow/example_dags/example_params_trigger_ui.py for tasks to queue
[2023-12-20T06:17:34.300+0000] {logging_mixin.py:188} INFO - [2023-12-20T06:17:34.299+0000] {dagbag.py:538} INFO - Filling up the DagBag from /home/airflow/.local/lib/python3.8/site-packages/airflow/example_dags/example_params_trigger_ui.py
[2023-12-20T06:17:34.412+0000] {processor.py:840} INFO - DAG(s) 'example_params_trigger_ui' retrieved from /home/airflow/.local/lib/python3.8/site-packages/airflow/example_dags/example_params_trigger_ui.py
[2023-12-20T06:17:35.353+0000] {logging_mixin.py:188} INFO - [2023-12-20T06:17:35.353+0000] {dag.py:3033} INFO - Sync 1 DAGs
[2023-12-20T06:17:35.549+0000] {logging_mixin.py:188} INFO - [2023-12-20T06:17:35.549+0000] {dag.py:3820} INFO - Setting next_dagrun for example_params_trigger_ui to None, run_after=None
[2023-12-20T06:17:35.790+0000] {processor.py:183} INFO - Processing /home/airflow/.local/lib/python3.8/site-packages/airflow/example_dags/example_params_trigger_ui.py took 1.552 seconds
[2023-12-20T06:18:07.807+0000] {processor.py:161} INFO - Started process (PID=1148) to work on /home/airflow/.local/lib/python3.8/site-packages/airflow/example_dags/example_params_trigger_ui.py
[2023-12-20T06:18:07.809+0000] {processor.py:830} INFO - Processing file /home/airflow/.local/lib/python3.8/site-packages/airflow/example_dags/example_params_trigger_ui.py for tasks to queue
[2023-12-20T06:18:07.815+0000] {logging_mixin.py:188} INFO - [2023-12-20T06:18:07.813+0000] {dagbag.py:538} INFO - Filling up the DagBag from /home/airflow/.local/lib/python3.8/site-packages/airflow/example_dags/example_params_trigger_ui.py
[2023-12-20T06:18:07.876+0000] {processor.py:840} INFO - DAG(s) 'example_params_trigger_ui' retrieved from /home/airflow/.local/lib/python3.8/site-packages/airflow/example_dags/example_params_trigger_ui.py
[2023-12-20T06:18:08.069+0000] {logging_mixin.py:188} INFO - [2023-12-20T06:18:08.068+0000] {dag.py:3033} INFO - Sync 1 DAGs
[2023-12-20T06:18:08.111+0000] {logging_mixin.py:188} INFO - [2023-12-20T06:18:08.111+0000] {dag.py:3820} INFO - Setting next_dagrun for example_params_trigger_ui to None, run_after=None
[2023-12-20T06:18:08.171+0000] {processor.py:183} INFO - Processing /home/airflow/.local/lib/python3.8/site-packages/airflow/example_dags/example_params_trigger_ui.py took 0.374 seconds
[2023-12-20T06:18:40.220+0000] {processor.py:161} INFO - Started process (PID=1209) to work on /home/airflow/.local/lib/python3.8/site-packages/airflow/example_dags/example_params_trigger_ui.py
[2023-12-20T06:18:40.344+0000] {processor.py:830} INFO - Processing file /home/airflow/.local/lib/python3.8/site-packages/airflow/example_dags/example_params_trigger_ui.py for tasks to queue
[2023-12-20T06:18:40.350+0000] {logging_mixin.py:188} INFO - [2023-12-20T06:18:40.349+0000] {dagbag.py:538} INFO - Filling up the DagBag from /home/airflow/.local/lib/python3.8/site-packages/airflow/example_dags/example_params_trigger_ui.py
[2023-12-20T06:18:40.491+0000] {processor.py:840} INFO - DAG(s) 'example_params_trigger_ui' retrieved from /home/airflow/.local/lib/python3.8/site-packages/airflow/example_dags/example_params_trigger_ui.py
[2023-12-20T06:18:40.875+0000] {logging_mixin.py:188} INFO - [2023-12-20T06:18:40.873+0000] {dag.py:3033} INFO - Sync 1 DAGs
[2023-12-20T06:18:40.986+0000] {logging_mixin.py:188} INFO - [2023-12-20T06:18:40.985+0000] {dag.py:3820} INFO - Setting next_dagrun for example_params_trigger_ui to None, run_after=None
[2023-12-20T06:18:41.134+0000] {processor.py:183} INFO - Processing /home/airflow/.local/lib/python3.8/site-packages/airflow/example_dags/example_params_trigger_ui.py took 0.927 seconds
[2023-12-20T06:19:11.700+0000] {processor.py:161} INFO - Started process (PID=1265) to work on /home/airflow/.local/lib/python3.8/site-packages/airflow/example_dags/example_params_trigger_ui.py
[2023-12-20T06:19:11.740+0000] {processor.py:830} INFO - Processing file /home/airflow/.local/lib/python3.8/site-packages/airflow/example_dags/example_params_trigger_ui.py for tasks to queue
[2023-12-20T06:19:11.750+0000] {logging_mixin.py:188} INFO - [2023-12-20T06:19:11.750+0000] {dagbag.py:538} INFO - Filling up the DagBag from /home/airflow/.local/lib/python3.8/site-packages/airflow/example_dags/example_params_trigger_ui.py
[2023-12-20T06:19:11.846+0000] {processor.py:840} INFO - DAG(s) 'example_params_trigger_ui' retrieved from /home/airflow/.local/lib/python3.8/site-packages/airflow/example_dags/example_params_trigger_ui.py
[2023-12-20T06:19:12.127+0000] {logging_mixin.py:188} INFO - [2023-12-20T06:19:12.126+0000] {dag.py:3033} INFO - Sync 1 DAGs
[2023-12-20T06:19:12.206+0000] {logging_mixin.py:188} INFO - [2023-12-20T06:19:12.205+0000] {dag.py:3820} INFO - Setting next_dagrun for example_params_trigger_ui to None, run_after=None
[2023-12-20T06:19:12.354+0000] {processor.py:183} INFO - Processing /home/airflow/.local/lib/python3.8/site-packages/airflow/example_dags/example_params_trigger_ui.py took 0.676 seconds
[2023-12-20T06:19:42.733+0000] {processor.py:161} INFO - Started process (PID=1318) to work on /home/airflow/.local/lib/python3.8/site-packages/airflow/example_dags/example_params_trigger_ui.py
[2023-12-20T06:19:42.735+0000] {processor.py:830} INFO - Processing file /home/airflow/.local/lib/python3.8/site-packages/airflow/example_dags/example_params_trigger_ui.py for tasks to queue
[2023-12-20T06:19:42.741+0000] {logging_mixin.py:188} INFO - [2023-12-20T06:19:42.740+0000] {dagbag.py:538} INFO - Filling up the DagBag from /home/airflow/.local/lib/python3.8/site-packages/airflow/example_dags/example_params_trigger_ui.py
[2023-12-20T06:19:42.858+0000] {processor.py:840} INFO - DAG(s) 'example_params_trigger_ui' retrieved from /home/airflow/.local/lib/python3.8/site-packages/airflow/example_dags/example_params_trigger_ui.py
[2023-12-20T06:19:43.129+0000] {logging_mixin.py:188} INFO - [2023-12-20T06:19:43.129+0000] {dag.py:3033} INFO - Sync 1 DAGs
[2023-12-20T06:19:43.199+0000] {logging_mixin.py:188} INFO - [2023-12-20T06:19:43.198+0000] {dag.py:3820} INFO - Setting next_dagrun for example_params_trigger_ui to None, run_after=None
[2023-12-20T06:19:43.287+0000] {processor.py:183} INFO - Processing /home/airflow/.local/lib/python3.8/site-packages/airflow/example_dags/example_params_trigger_ui.py took 0.562 seconds
[2023-12-20T06:20:13.793+0000] {processor.py:161} INFO - Started process (PID=1373) to work on /home/airflow/.local/lib/python3.8/site-packages/airflow/example_dags/example_params_trigger_ui.py
[2023-12-20T06:20:13.802+0000] {processor.py:830} INFO - Processing file /home/airflow/.local/lib/python3.8/site-packages/airflow/example_dags/example_params_trigger_ui.py for tasks to queue
[2023-12-20T06:20:13.806+0000] {logging_mixin.py:188} INFO - [2023-12-20T06:20:13.805+0000] {dagbag.py:538} INFO - Filling up the DagBag from /home/airflow/.local/lib/python3.8/site-packages/airflow/example_dags/example_params_trigger_ui.py
[2023-12-20T06:20:13.893+0000] {processor.py:840} INFO - DAG(s) 'example_params_trigger_ui' retrieved from /home/airflow/.local/lib/python3.8/site-packages/airflow/example_dags/example_params_trigger_ui.py
[2023-12-20T06:20:14.110+0000] {logging_mixin.py:188} INFO - [2023-12-20T06:20:14.110+0000] {dag.py:3033} INFO - Sync 1 DAGs
[2023-12-20T06:20:14.144+0000] {logging_mixin.py:188} INFO - [2023-12-20T06:20:14.144+0000] {dag.py:3820} INFO - Setting next_dagrun for example_params_trigger_ui to None, run_after=None
[2023-12-20T06:20:14.194+0000] {processor.py:183} INFO - Processing /home/airflow/.local/lib/python3.8/site-packages/airflow/example_dags/example_params_trigger_ui.py took 0.419 seconds
[2023-12-20T06:20:44.538+0000] {processor.py:161} INFO - Started process (PID=1427) to work on /home/airflow/.local/lib/python3.8/site-packages/airflow/example_dags/example_params_trigger_ui.py
[2023-12-20T06:20:44.540+0000] {processor.py:830} INFO - Processing file /home/airflow/.local/lib/python3.8/site-packages/airflow/example_dags/example_params_trigger_ui.py for tasks to queue
[2023-12-20T06:20:44.552+0000] {logging_mixin.py:188} INFO - [2023-12-20T06:20:44.549+0000] {dagbag.py:538} INFO - Filling up the DagBag from /home/airflow/.local/lib/python3.8/site-packages/airflow/example_dags/example_params_trigger_ui.py
[2023-12-20T06:20:44.623+0000] {processor.py:840} INFO - DAG(s) 'example_params_trigger_ui' retrieved from /home/airflow/.local/lib/python3.8/site-packages/airflow/example_dags/example_params_trigger_ui.py
[2023-12-20T06:20:45.245+0000] {logging_mixin.py:188} INFO - [2023-12-20T06:20:45.244+0000] {dag.py:3033} INFO - Sync 1 DAGs
[2023-12-20T06:20:45.422+0000] {logging_mixin.py:188} INFO - [2023-12-20T06:20:45.422+0000] {dag.py:3820} INFO - Setting next_dagrun for example_params_trigger_ui to None, run_after=None
[2023-12-20T06:20:45.660+0000] {processor.py:183} INFO - Processing /home/airflow/.local/lib/python3.8/site-packages/airflow/example_dags/example_params_trigger_ui.py took 1.147 seconds
[2023-12-20T06:21:16.627+0000] {processor.py:161} INFO - Started process (PID=1483) to work on /home/airflow/.local/lib/python3.8/site-packages/airflow/example_dags/example_params_trigger_ui.py
[2023-12-20T06:21:16.660+0000] {processor.py:830} INFO - Processing file /home/airflow/.local/lib/python3.8/site-packages/airflow/example_dags/example_params_trigger_ui.py for tasks to queue
[2023-12-20T06:21:16.666+0000] {logging_mixin.py:188} INFO - [2023-12-20T06:21:16.665+0000] {dagbag.py:538} INFO - Filling up the DagBag from /home/airflow/.local/lib/python3.8/site-packages/airflow/example_dags/example_params_trigger_ui.py
[2023-12-20T06:21:16.702+0000] {processor.py:840} INFO - DAG(s) 'example_params_trigger_ui' retrieved from /home/airflow/.local/lib/python3.8/site-packages/airflow/example_dags/example_params_trigger_ui.py
[2023-12-20T06:21:16.863+0000] {logging_mixin.py:188} INFO - [2023-12-20T06:21:16.863+0000] {dag.py:3033} INFO - Sync 1 DAGs
[2023-12-20T06:21:16.903+0000] {logging_mixin.py:188} INFO - [2023-12-20T06:21:16.902+0000] {dag.py:3820} INFO - Setting next_dagrun for example_params_trigger_ui to None, run_after=None
[2023-12-20T06:21:17.011+0000] {processor.py:183} INFO - Processing /home/airflow/.local/lib/python3.8/site-packages/airflow/example_dags/example_params_trigger_ui.py took 0.391 seconds
[2023-12-20T06:21:47.491+0000] {processor.py:161} INFO - Started process (PID=1539) to work on /home/airflow/.local/lib/python3.8/site-packages/airflow/example_dags/example_params_trigger_ui.py
[2023-12-20T06:21:47.495+0000] {processor.py:830} INFO - Processing file /home/airflow/.local/lib/python3.8/site-packages/airflow/example_dags/example_params_trigger_ui.py for tasks to queue
[2023-12-20T06:21:47.506+0000] {logging_mixin.py:188} INFO - [2023-12-20T06:21:47.505+0000] {dagbag.py:538} INFO - Filling up the DagBag from /home/airflow/.local/lib/python3.8/site-packages/airflow/example_dags/example_params_trigger_ui.py
[2023-12-20T06:21:47.651+0000] {processor.py:840} INFO - DAG(s) 'example_params_trigger_ui' retrieved from /home/airflow/.local/lib/python3.8/site-packages/airflow/example_dags/example_params_trigger_ui.py
[2023-12-20T06:21:47.979+0000] {logging_mixin.py:188} INFO - [2023-12-20T06:21:47.979+0000] {dag.py:3033} INFO - Sync 1 DAGs
[2023-12-20T06:21:48.062+0000] {logging_mixin.py:188} INFO - [2023-12-20T06:21:48.061+0000] {dag.py:3820} INFO - Setting next_dagrun for example_params_trigger_ui to None, run_after=None
[2023-12-20T06:21:48.174+0000] {processor.py:183} INFO - Processing /home/airflow/.local/lib/python3.8/site-packages/airflow/example_dags/example_params_trigger_ui.py took 0.690 seconds
[2023-12-20T06:22:18.407+0000] {processor.py:161} INFO - Started process (PID=1595) to work on /home/airflow/.local/lib/python3.8/site-packages/airflow/example_dags/example_params_trigger_ui.py
[2023-12-20T06:22:18.408+0000] {processor.py:830} INFO - Processing file /home/airflow/.local/lib/python3.8/site-packages/airflow/example_dags/example_params_trigger_ui.py for tasks to queue
[2023-12-20T06:22:18.426+0000] {logging_mixin.py:188} INFO - [2023-12-20T06:22:18.423+0000] {dagbag.py:538} INFO - Filling up the DagBag from /home/airflow/.local/lib/python3.8/site-packages/airflow/example_dags/example_params_trigger_ui.py
[2023-12-20T06:22:18.542+0000] {processor.py:840} INFO - DAG(s) 'example_params_trigger_ui' retrieved from /home/airflow/.local/lib/python3.8/site-packages/airflow/example_dags/example_params_trigger_ui.py
[2023-12-20T06:22:18.918+0000] {logging_mixin.py:188} INFO - [2023-12-20T06:22:18.918+0000] {dag.py:3033} INFO - Sync 1 DAGs
[2023-12-20T06:22:18.994+0000] {logging_mixin.py:188} INFO - [2023-12-20T06:22:18.994+0000] {dag.py:3820} INFO - Setting next_dagrun for example_params_trigger_ui to None, run_after=None
[2023-12-20T06:22:19.110+0000] {processor.py:183} INFO - Processing /home/airflow/.local/lib/python3.8/site-packages/airflow/example_dags/example_params_trigger_ui.py took 0.731 seconds
[2023-12-20T06:22:49.938+0000] {processor.py:161} INFO - Started process (PID=1650) to work on /home/airflow/.local/lib/python3.8/site-packages/airflow/example_dags/example_params_trigger_ui.py
[2023-12-20T06:22:49.940+0000] {processor.py:830} INFO - Processing file /home/airflow/.local/lib/python3.8/site-packages/airflow/example_dags/example_params_trigger_ui.py for tasks to queue
[2023-12-20T06:22:49.942+0000] {logging_mixin.py:188} INFO - [2023-12-20T06:22:49.941+0000] {dagbag.py:538} INFO - Filling up the DagBag from /home/airflow/.local/lib/python3.8/site-packages/airflow/example_dags/example_params_trigger_ui.py
[2023-12-20T06:22:49.981+0000] {processor.py:840} INFO - DAG(s) 'example_params_trigger_ui' retrieved from /home/airflow/.local/lib/python3.8/site-packages/airflow/example_dags/example_params_trigger_ui.py
[2023-12-20T06:22:50.145+0000] {logging_mixin.py:188} INFO - [2023-12-20T06:22:50.144+0000] {dag.py:3033} INFO - Sync 1 DAGs
[2023-12-20T06:22:50.181+0000] {logging_mixin.py:188} INFO - [2023-12-20T06:22:50.176+0000] {dag.py:3820} INFO - Setting next_dagrun for example_params_trigger_ui to None, run_after=None
[2023-12-20T06:22:50.322+0000] {processor.py:183} INFO - Processing /home/airflow/.local/lib/python3.8/site-packages/airflow/example_dags/example_params_trigger_ui.py took 0.391 seconds
[2023-12-20T06:23:20.835+0000] {processor.py:161} INFO - Started process (PID=1705) to work on /home/airflow/.local/lib/python3.8/site-packages/airflow/example_dags/example_params_trigger_ui.py
[2023-12-20T06:23:20.837+0000] {processor.py:830} INFO - Processing file /home/airflow/.local/lib/python3.8/site-packages/airflow/example_dags/example_params_trigger_ui.py for tasks to queue
[2023-12-20T06:23:20.840+0000] {logging_mixin.py:188} INFO - [2023-12-20T06:23:20.839+0000] {dagbag.py:538} INFO - Filling up the DagBag from /home/airflow/.local/lib/python3.8/site-packages/airflow/example_dags/example_params_trigger_ui.py
[2023-12-20T06:23:20.932+0000] {processor.py:840} INFO - DAG(s) 'example_params_trigger_ui' retrieved from /home/airflow/.local/lib/python3.8/site-packages/airflow/example_dags/example_params_trigger_ui.py
[2023-12-20T06:23:21.239+0000] {logging_mixin.py:188} INFO - [2023-12-20T06:23:21.239+0000] {dag.py:3033} INFO - Sync 1 DAGs
[2023-12-20T06:23:21.295+0000] {logging_mixin.py:188} INFO - [2023-12-20T06:23:21.294+0000] {dag.py:3820} INFO - Setting next_dagrun for example_params_trigger_ui to None, run_after=None
[2023-12-20T06:23:21.472+0000] {processor.py:183} INFO - Processing /home/airflow/.local/lib/python3.8/site-packages/airflow/example_dags/example_params_trigger_ui.py took 0.648 seconds
[2023-12-20T06:23:51.536+0000] {processor.py:161} INFO - Started process (PID=1760) to work on /home/airflow/.local/lib/python3.8/site-packages/airflow/example_dags/example_params_trigger_ui.py
[2023-12-20T06:23:51.572+0000] {processor.py:830} INFO - Processing file /home/airflow/.local/lib/python3.8/site-packages/airflow/example_dags/example_params_trigger_ui.py for tasks to queue
[2023-12-20T06:23:51.574+0000] {logging_mixin.py:188} INFO - [2023-12-20T06:23:51.573+0000] {dagbag.py:538} INFO - Filling up the DagBag from /home/airflow/.local/lib/python3.8/site-packages/airflow/example_dags/example_params_trigger_ui.py
[2023-12-20T06:23:51.621+0000] {processor.py:840} INFO - DAG(s) 'example_params_trigger_ui' retrieved from /home/airflow/.local/lib/python3.8/site-packages/airflow/example_dags/example_params_trigger_ui.py
[2023-12-20T06:23:51.900+0000] {logging_mixin.py:188} INFO - [2023-12-20T06:23:51.899+0000] {dag.py:3033} INFO - Sync 1 DAGs
[2023-12-20T06:23:51.941+0000] {logging_mixin.py:188} INFO - [2023-12-20T06:23:51.940+0000] {dag.py:3820} INFO - Setting next_dagrun for example_params_trigger_ui to None, run_after=None
[2023-12-20T06:23:52.045+0000] {processor.py:183} INFO - Processing /home/airflow/.local/lib/python3.8/site-packages/airflow/example_dags/example_params_trigger_ui.py took 0.524 seconds
[2023-12-20T06:24:22.549+0000] {processor.py:161} INFO - Started process (PID=1815) to work on /home/airflow/.local/lib/python3.8/site-packages/airflow/example_dags/example_params_trigger_ui.py
[2023-12-20T06:24:22.553+0000] {processor.py:830} INFO - Processing file /home/airflow/.local/lib/python3.8/site-packages/airflow/example_dags/example_params_trigger_ui.py for tasks to queue
[2023-12-20T06:24:22.558+0000] {logging_mixin.py:188} INFO - [2023-12-20T06:24:22.557+0000] {dagbag.py:538} INFO - Filling up the DagBag from /home/airflow/.local/lib/python3.8/site-packages/airflow/example_dags/example_params_trigger_ui.py
[2023-12-20T06:24:22.619+0000] {processor.py:840} INFO - DAG(s) 'example_params_trigger_ui' retrieved from /home/airflow/.local/lib/python3.8/site-packages/airflow/example_dags/example_params_trigger_ui.py
[2023-12-20T06:24:23.088+0000] {logging_mixin.py:188} INFO - [2023-12-20T06:24:23.087+0000] {dag.py:3033} INFO - Sync 1 DAGs
[2023-12-20T06:24:23.149+0000] {logging_mixin.py:188} INFO - [2023-12-20T06:24:23.144+0000] {dag.py:3820} INFO - Setting next_dagrun for example_params_trigger_ui to None, run_after=None
[2023-12-20T06:24:23.297+0000] {processor.py:183} INFO - Processing /home/airflow/.local/lib/python3.8/site-packages/airflow/example_dags/example_params_trigger_ui.py took 0.780 seconds
[2023-12-20T06:24:53.790+0000] {processor.py:161} INFO - Started process (PID=1869) to work on /home/airflow/.local/lib/python3.8/site-packages/airflow/example_dags/example_params_trigger_ui.py
[2023-12-20T06:24:53.844+0000] {processor.py:830} INFO - Processing file /home/airflow/.local/lib/python3.8/site-packages/airflow/example_dags/example_params_trigger_ui.py for tasks to queue
[2023-12-20T06:24:53.846+0000] {logging_mixin.py:188} INFO - [2023-12-20T06:24:53.845+0000] {dagbag.py:538} INFO - Filling up the DagBag from /home/airflow/.local/lib/python3.8/site-packages/airflow/example_dags/example_params_trigger_ui.py
[2023-12-20T06:24:53.890+0000] {processor.py:840} INFO - DAG(s) 'example_params_trigger_ui' retrieved from /home/airflow/.local/lib/python3.8/site-packages/airflow/example_dags/example_params_trigger_ui.py
[2023-12-20T06:24:54.249+0000] {logging_mixin.py:188} INFO - [2023-12-20T06:24:54.248+0000] {dag.py:3033} INFO - Sync 1 DAGs
[2023-12-20T06:24:54.310+0000] {logging_mixin.py:188} INFO - [2023-12-20T06:24:54.303+0000] {dag.py:3820} INFO - Setting next_dagrun for example_params_trigger_ui to None, run_after=None
[2023-12-20T06:24:54.373+0000] {processor.py:183} INFO - Processing /home/airflow/.local/lib/python3.8/site-packages/airflow/example_dags/example_params_trigger_ui.py took 0.605 seconds
[2023-12-20T06:25:24.677+0000] {processor.py:161} INFO - Started process (PID=1924) to work on /home/airflow/.local/lib/python3.8/site-packages/airflow/example_dags/example_params_trigger_ui.py
[2023-12-20T06:25:24.712+0000] {processor.py:830} INFO - Processing file /home/airflow/.local/lib/python3.8/site-packages/airflow/example_dags/example_params_trigger_ui.py for tasks to queue
[2023-12-20T06:25:24.714+0000] {logging_mixin.py:188} INFO - [2023-12-20T06:25:24.713+0000] {dagbag.py:538} INFO - Filling up the DagBag from /home/airflow/.local/lib/python3.8/site-packages/airflow/example_dags/example_params_trigger_ui.py
[2023-12-20T06:25:24.859+0000] {processor.py:840} INFO - DAG(s) 'example_params_trigger_ui' retrieved from /home/airflow/.local/lib/python3.8/site-packages/airflow/example_dags/example_params_trigger_ui.py
[2023-12-20T06:25:25.214+0000] {logging_mixin.py:188} INFO - [2023-12-20T06:25:25.213+0000] {dag.py:3033} INFO - Sync 1 DAGs
[2023-12-20T06:25:25.282+0000] {logging_mixin.py:188} INFO - [2023-12-20T06:25:25.281+0000] {dag.py:3820} INFO - Setting next_dagrun for example_params_trigger_ui to None, run_after=None
[2023-12-20T06:25:25.377+0000] {processor.py:183} INFO - Processing /home/airflow/.local/lib/python3.8/site-packages/airflow/example_dags/example_params_trigger_ui.py took 0.727 seconds
[2023-12-20T06:25:55.435+0000] {processor.py:161} INFO - Started process (PID=1980) to work on /home/airflow/.local/lib/python3.8/site-packages/airflow/example_dags/example_params_trigger_ui.py
[2023-12-20T06:25:55.437+0000] {processor.py:830} INFO - Processing file /home/airflow/.local/lib/python3.8/site-packages/airflow/example_dags/example_params_trigger_ui.py for tasks to queue
[2023-12-20T06:25:55.439+0000] {logging_mixin.py:188} INFO - [2023-12-20T06:25:55.438+0000] {dagbag.py:538} INFO - Filling up the DagBag from /home/airflow/.local/lib/python3.8/site-packages/airflow/example_dags/example_params_trigger_ui.py
[2023-12-20T06:25:55.554+0000] {processor.py:840} INFO - DAG(s) 'example_params_trigger_ui' retrieved from /home/airflow/.local/lib/python3.8/site-packages/airflow/example_dags/example_params_trigger_ui.py
[2023-12-20T06:25:55.929+0000] {logging_mixin.py:188} INFO - [2023-12-20T06:25:55.929+0000] {dag.py:3033} INFO - Sync 1 DAGs
[2023-12-20T06:25:55.975+0000] {logging_mixin.py:188} INFO - [2023-12-20T06:25:55.974+0000] {dag.py:3820} INFO - Setting next_dagrun for example_params_trigger_ui to None, run_after=None
[2023-12-20T06:25:56.066+0000] {processor.py:183} INFO - Processing /home/airflow/.local/lib/python3.8/site-packages/airflow/example_dags/example_params_trigger_ui.py took 0.638 seconds
[2023-12-20T06:26:26.626+0000] {processor.py:161} INFO - Started process (PID=2034) to work on /home/airflow/.local/lib/python3.8/site-packages/airflow/example_dags/example_params_trigger_ui.py
[2023-12-20T06:26:26.630+0000] {processor.py:830} INFO - Processing file /home/airflow/.local/lib/python3.8/site-packages/airflow/example_dags/example_params_trigger_ui.py for tasks to queue
[2023-12-20T06:26:26.639+0000] {logging_mixin.py:188} INFO - [2023-12-20T06:26:26.638+0000] {dagbag.py:538} INFO - Filling up the DagBag from /home/airflow/.local/lib/python3.8/site-packages/airflow/example_dags/example_params_trigger_ui.py
[2023-12-20T06:26:26.742+0000] {processor.py:840} INFO - DAG(s) 'example_params_trigger_ui' retrieved from /home/airflow/.local/lib/python3.8/site-packages/airflow/example_dags/example_params_trigger_ui.py
[2023-12-20T06:26:27.053+0000] {logging_mixin.py:188} INFO - [2023-12-20T06:26:27.053+0000] {dag.py:3033} INFO - Sync 1 DAGs
[2023-12-20T06:26:27.107+0000] {logging_mixin.py:188} INFO - [2023-12-20T06:26:27.106+0000] {dag.py:3820} INFO - Setting next_dagrun for example_params_trigger_ui to None, run_after=None
[2023-12-20T06:26:27.219+0000] {processor.py:183} INFO - Processing /home/airflow/.local/lib/python3.8/site-packages/airflow/example_dags/example_params_trigger_ui.py took 0.606 seconds
[2023-12-20T06:27:08.389+0000] {processor.py:161} INFO - Started process (PID=2094) to work on /home/airflow/.local/lib/python3.8/site-packages/airflow/example_dags/example_params_trigger_ui.py
[2023-12-20T06:27:08.393+0000] {processor.py:830} INFO - Processing file /home/airflow/.local/lib/python3.8/site-packages/airflow/example_dags/example_params_trigger_ui.py for tasks to queue
[2023-12-20T06:27:08.412+0000] {logging_mixin.py:188} INFO - [2023-12-20T06:27:08.403+0000] {dagbag.py:538} INFO - Filling up the DagBag from /home/airflow/.local/lib/python3.8/site-packages/airflow/example_dags/example_params_trigger_ui.py
[2023-12-20T06:27:08.582+0000] {processor.py:840} INFO - DAG(s) 'example_params_trigger_ui' retrieved from /home/airflow/.local/lib/python3.8/site-packages/airflow/example_dags/example_params_trigger_ui.py
[2023-12-20T06:27:09.227+0000] {logging_mixin.py:188} INFO - [2023-12-20T06:27:09.227+0000] {dag.py:3033} INFO - Sync 1 DAGs
[2023-12-20T06:27:09.402+0000] {logging_mixin.py:188} INFO - [2023-12-20T06:27:09.401+0000] {dag.py:3820} INFO - Setting next_dagrun for example_params_trigger_ui to None, run_after=None
[2023-12-20T06:27:09.582+0000] {processor.py:183} INFO - Processing /home/airflow/.local/lib/python3.8/site-packages/airflow/example_dags/example_params_trigger_ui.py took 1.228 seconds
[2023-12-20T06:27:39.777+0000] {processor.py:161} INFO - Started process (PID=2151) to work on /home/airflow/.local/lib/python3.8/site-packages/airflow/example_dags/example_params_trigger_ui.py
[2023-12-20T06:27:39.779+0000] {processor.py:830} INFO - Processing file /home/airflow/.local/lib/python3.8/site-packages/airflow/example_dags/example_params_trigger_ui.py for tasks to queue
[2023-12-20T06:27:39.782+0000] {logging_mixin.py:188} INFO - [2023-12-20T06:27:39.781+0000] {dagbag.py:538} INFO - Filling up the DagBag from /home/airflow/.local/lib/python3.8/site-packages/airflow/example_dags/example_params_trigger_ui.py
[2023-12-20T06:27:39.814+0000] {processor.py:840} INFO - DAG(s) 'example_params_trigger_ui' retrieved from /home/airflow/.local/lib/python3.8/site-packages/airflow/example_dags/example_params_trigger_ui.py
[2023-12-20T06:27:39.993+0000] {logging_mixin.py:188} INFO - [2023-12-20T06:27:39.992+0000] {dag.py:3033} INFO - Sync 1 DAGs
[2023-12-20T06:27:40.031+0000] {logging_mixin.py:188} INFO - [2023-12-20T06:27:40.031+0000] {dag.py:3820} INFO - Setting next_dagrun for example_params_trigger_ui to None, run_after=None
[2023-12-20T06:27:40.123+0000] {processor.py:183} INFO - Processing /home/airflow/.local/lib/python3.8/site-packages/airflow/example_dags/example_params_trigger_ui.py took 0.353 seconds
[2023-12-20T06:28:12.916+0000] {processor.py:161} INFO - Started process (PID=2208) to work on /home/airflow/.local/lib/python3.8/site-packages/airflow/example_dags/example_params_trigger_ui.py
[2023-12-20T06:28:12.939+0000] {processor.py:830} INFO - Processing file /home/airflow/.local/lib/python3.8/site-packages/airflow/example_dags/example_params_trigger_ui.py for tasks to queue
[2023-12-20T06:28:12.954+0000] {logging_mixin.py:188} INFO - [2023-12-20T06:28:12.953+0000] {dagbag.py:538} INFO - Filling up the DagBag from /home/airflow/.local/lib/python3.8/site-packages/airflow/example_dags/example_params_trigger_ui.py
[2023-12-20T06:28:13.195+0000] {processor.py:840} INFO - DAG(s) 'example_params_trigger_ui' retrieved from /home/airflow/.local/lib/python3.8/site-packages/airflow/example_dags/example_params_trigger_ui.py
[2023-12-20T06:28:13.914+0000] {logging_mixin.py:188} INFO - [2023-12-20T06:28:13.911+0000] {dag.py:3033} INFO - Sync 1 DAGs
[2023-12-20T06:28:14.056+0000] {logging_mixin.py:188} INFO - [2023-12-20T06:28:14.054+0000] {dag.py:3820} INFO - Setting next_dagrun for example_params_trigger_ui to None, run_after=None
[2023-12-20T06:28:14.346+0000] {processor.py:183} INFO - Processing /home/airflow/.local/lib/python3.8/site-packages/airflow/example_dags/example_params_trigger_ui.py took 1.479 seconds
[2023-12-20T06:28:44.597+0000] {processor.py:161} INFO - Started process (PID=2264) to work on /home/airflow/.local/lib/python3.8/site-packages/airflow/example_dags/example_params_trigger_ui.py
[2023-12-20T06:28:44.605+0000] {processor.py:830} INFO - Processing file /home/airflow/.local/lib/python3.8/site-packages/airflow/example_dags/example_params_trigger_ui.py for tasks to queue
[2023-12-20T06:28:44.607+0000] {logging_mixin.py:188} INFO - [2023-12-20T06:28:44.606+0000] {dagbag.py:538} INFO - Filling up the DagBag from /home/airflow/.local/lib/python3.8/site-packages/airflow/example_dags/example_params_trigger_ui.py
[2023-12-20T06:28:44.655+0000] {processor.py:840} INFO - DAG(s) 'example_params_trigger_ui' retrieved from /home/airflow/.local/lib/python3.8/site-packages/airflow/example_dags/example_params_trigger_ui.py
[2023-12-20T06:28:44.882+0000] {logging_mixin.py:188} INFO - [2023-12-20T06:28:44.882+0000] {dag.py:3033} INFO - Sync 1 DAGs
[2023-12-20T06:28:44.916+0000] {logging_mixin.py:188} INFO - [2023-12-20T06:28:44.915+0000] {dag.py:3820} INFO - Setting next_dagrun for example_params_trigger_ui to None, run_after=None
[2023-12-20T06:28:44.964+0000] {processor.py:183} INFO - Processing /home/airflow/.local/lib/python3.8/site-packages/airflow/example_dags/example_params_trigger_ui.py took 0.378 seconds
[2023-12-20T06:29:15.503+0000] {processor.py:161} INFO - Started process (PID=2321) to work on /home/airflow/.local/lib/python3.8/site-packages/airflow/example_dags/example_params_trigger_ui.py
[2023-12-20T06:29:15.505+0000] {processor.py:830} INFO - Processing file /home/airflow/.local/lib/python3.8/site-packages/airflow/example_dags/example_params_trigger_ui.py for tasks to queue
[2023-12-20T06:29:15.507+0000] {logging_mixin.py:188} INFO - [2023-12-20T06:29:15.506+0000] {dagbag.py:538} INFO - Filling up the DagBag from /home/airflow/.local/lib/python3.8/site-packages/airflow/example_dags/example_params_trigger_ui.py
[2023-12-20T06:29:15.542+0000] {processor.py:840} INFO - DAG(s) 'example_params_trigger_ui' retrieved from /home/airflow/.local/lib/python3.8/site-packages/airflow/example_dags/example_params_trigger_ui.py
[2023-12-20T06:29:15.701+0000] {logging_mixin.py:188} INFO - [2023-12-20T06:29:15.701+0000] {dag.py:3033} INFO - Sync 1 DAGs
[2023-12-20T06:29:15.756+0000] {logging_mixin.py:188} INFO - [2023-12-20T06:29:15.755+0000] {dag.py:3820} INFO - Setting next_dagrun for example_params_trigger_ui to None, run_after=None
[2023-12-20T06:29:15.847+0000] {processor.py:183} INFO - Processing /home/airflow/.local/lib/python3.8/site-packages/airflow/example_dags/example_params_trigger_ui.py took 0.351 seconds
[2023-12-20T06:29:45.979+0000] {processor.py:161} INFO - Started process (PID=2378) to work on /home/airflow/.local/lib/python3.8/site-packages/airflow/example_dags/example_params_trigger_ui.py
[2023-12-20T06:29:45.980+0000] {processor.py:830} INFO - Processing file /home/airflow/.local/lib/python3.8/site-packages/airflow/example_dags/example_params_trigger_ui.py for tasks to queue
[2023-12-20T06:29:45.983+0000] {logging_mixin.py:188} INFO - [2023-12-20T06:29:45.982+0000] {dagbag.py:538} INFO - Filling up the DagBag from /home/airflow/.local/lib/python3.8/site-packages/airflow/example_dags/example_params_trigger_ui.py
[2023-12-20T06:29:46.014+0000] {processor.py:840} INFO - DAG(s) 'example_params_trigger_ui' retrieved from /home/airflow/.local/lib/python3.8/site-packages/airflow/example_dags/example_params_trigger_ui.py
[2023-12-20T06:29:46.171+0000] {logging_mixin.py:188} INFO - [2023-12-20T06:29:46.170+0000] {dag.py:3033} INFO - Sync 1 DAGs
[2023-12-20T06:29:46.205+0000] {logging_mixin.py:188} INFO - [2023-12-20T06:29:46.204+0000] {dag.py:3820} INFO - Setting next_dagrun for example_params_trigger_ui to None, run_after=None
[2023-12-20T06:29:46.526+0000] {processor.py:183} INFO - Processing /home/airflow/.local/lib/python3.8/site-packages/airflow/example_dags/example_params_trigger_ui.py took 0.555 seconds
[2023-12-20T06:30:16.867+0000] {processor.py:161} INFO - Started process (PID=2435) to work on /home/airflow/.local/lib/python3.8/site-packages/airflow/example_dags/example_params_trigger_ui.py
[2023-12-20T06:30:16.900+0000] {processor.py:830} INFO - Processing file /home/airflow/.local/lib/python3.8/site-packages/airflow/example_dags/example_params_trigger_ui.py for tasks to queue
[2023-12-20T06:30:16.912+0000] {logging_mixin.py:188} INFO - [2023-12-20T06:30:16.910+0000] {dagbag.py:538} INFO - Filling up the DagBag from /home/airflow/.local/lib/python3.8/site-packages/airflow/example_dags/example_params_trigger_ui.py
[2023-12-20T06:30:17.283+0000] {processor.py:840} INFO - DAG(s) 'example_params_trigger_ui' retrieved from /home/airflow/.local/lib/python3.8/site-packages/airflow/example_dags/example_params_trigger_ui.py
[2023-12-20T06:30:18.019+0000] {logging_mixin.py:188} INFO - [2023-12-20T06:30:18.012+0000] {dag.py:3033} INFO - Sync 1 DAGs
[2023-12-20T06:30:18.153+0000] {logging_mixin.py:188} INFO - [2023-12-20T06:30:18.152+0000] {dag.py:3820} INFO - Setting next_dagrun for example_params_trigger_ui to None, run_after=None
[2023-12-20T06:30:18.349+0000] {processor.py:183} INFO - Processing /home/airflow/.local/lib/python3.8/site-packages/airflow/example_dags/example_params_trigger_ui.py took 1.518 seconds
[2023-12-20T06:30:48.506+0000] {processor.py:161} INFO - Started process (PID=2491) to work on /home/airflow/.local/lib/python3.8/site-packages/airflow/example_dags/example_params_trigger_ui.py
[2023-12-20T06:30:48.526+0000] {processor.py:830} INFO - Processing file /home/airflow/.local/lib/python3.8/site-packages/airflow/example_dags/example_params_trigger_ui.py for tasks to queue
[2023-12-20T06:30:48.528+0000] {logging_mixin.py:188} INFO - [2023-12-20T06:30:48.527+0000] {dagbag.py:538} INFO - Filling up the DagBag from /home/airflow/.local/lib/python3.8/site-packages/airflow/example_dags/example_params_trigger_ui.py
[2023-12-20T06:30:48.639+0000] {processor.py:840} INFO - DAG(s) 'example_params_trigger_ui' retrieved from /home/airflow/.local/lib/python3.8/site-packages/airflow/example_dags/example_params_trigger_ui.py
[2023-12-20T06:30:49.242+0000] {logging_mixin.py:188} INFO - [2023-12-20T06:30:49.242+0000] {dag.py:3033} INFO - Sync 1 DAGs
[2023-12-20T06:30:49.453+0000] {logging_mixin.py:188} INFO - [2023-12-20T06:30:49.446+0000] {dag.py:3820} INFO - Setting next_dagrun for example_params_trigger_ui to None, run_after=None
[2023-12-20T06:30:49.617+0000] {processor.py:183} INFO - Processing /home/airflow/.local/lib/python3.8/site-packages/airflow/example_dags/example_params_trigger_ui.py took 1.128 seconds
[2023-12-20T06:31:25.754+0000] {processor.py:161} INFO - Started process (PID=2550) to work on /home/airflow/.local/lib/python3.8/site-packages/airflow/example_dags/example_params_trigger_ui.py
[2023-12-20T06:31:25.756+0000] {processor.py:830} INFO - Processing file /home/airflow/.local/lib/python3.8/site-packages/airflow/example_dags/example_params_trigger_ui.py for tasks to queue
[2023-12-20T06:31:25.759+0000] {logging_mixin.py:188} INFO - [2023-12-20T06:31:25.758+0000] {dagbag.py:538} INFO - Filling up the DagBag from /home/airflow/.local/lib/python3.8/site-packages/airflow/example_dags/example_params_trigger_ui.py
[2023-12-20T06:31:25.801+0000] {processor.py:840} INFO - DAG(s) 'example_params_trigger_ui' retrieved from /home/airflow/.local/lib/python3.8/site-packages/airflow/example_dags/example_params_trigger_ui.py
[2023-12-20T06:31:26.150+0000] {logging_mixin.py:188} INFO - [2023-12-20T06:31:26.149+0000] {dag.py:3033} INFO - Sync 1 DAGs
[2023-12-20T06:31:26.592+0000] {logging_mixin.py:188} INFO - [2023-12-20T06:31:26.591+0000] {dag.py:3820} INFO - Setting next_dagrun for example_params_trigger_ui to None, run_after=None
[2023-12-20T06:31:26.701+0000] {processor.py:183} INFO - Processing /home/airflow/.local/lib/python3.8/site-packages/airflow/example_dags/example_params_trigger_ui.py took 0.954 seconds
[2023-12-20T06:31:57.220+0000] {processor.py:161} INFO - Started process (PID=2609) to work on /home/airflow/.local/lib/python3.8/site-packages/airflow/example_dags/example_params_trigger_ui.py
[2023-12-20T06:31:57.227+0000] {processor.py:830} INFO - Processing file /home/airflow/.local/lib/python3.8/site-packages/airflow/example_dags/example_params_trigger_ui.py for tasks to queue
[2023-12-20T06:31:57.229+0000] {logging_mixin.py:188} INFO - [2023-12-20T06:31:57.228+0000] {dagbag.py:538} INFO - Filling up the DagBag from /home/airflow/.local/lib/python3.8/site-packages/airflow/example_dags/example_params_trigger_ui.py
[2023-12-20T06:31:57.290+0000] {processor.py:840} INFO - DAG(s) 'example_params_trigger_ui' retrieved from /home/airflow/.local/lib/python3.8/site-packages/airflow/example_dags/example_params_trigger_ui.py
[2023-12-20T06:31:57.549+0000] {logging_mixin.py:188} INFO - [2023-12-20T06:31:57.548+0000] {dag.py:3033} INFO - Sync 1 DAGs
[2023-12-20T06:31:57.581+0000] {logging_mixin.py:188} INFO - [2023-12-20T06:31:57.580+0000] {dag.py:3820} INFO - Setting next_dagrun for example_params_trigger_ui to None, run_after=None
[2023-12-20T06:31:57.634+0000] {processor.py:183} INFO - Processing /home/airflow/.local/lib/python3.8/site-packages/airflow/example_dags/example_params_trigger_ui.py took 0.426 seconds
[2023-12-20T06:32:27.861+0000] {processor.py:161} INFO - Started process (PID=2669) to work on /home/airflow/.local/lib/python3.8/site-packages/airflow/example_dags/example_params_trigger_ui.py
[2023-12-20T06:32:27.864+0000] {processor.py:830} INFO - Processing file /home/airflow/.local/lib/python3.8/site-packages/airflow/example_dags/example_params_trigger_ui.py for tasks to queue
[2023-12-20T06:32:27.866+0000] {logging_mixin.py:188} INFO - [2023-12-20T06:32:27.865+0000] {dagbag.py:538} INFO - Filling up the DagBag from /home/airflow/.local/lib/python3.8/site-packages/airflow/example_dags/example_params_trigger_ui.py
[2023-12-20T06:32:27.898+0000] {processor.py:840} INFO - DAG(s) 'example_params_trigger_ui' retrieved from /home/airflow/.local/lib/python3.8/site-packages/airflow/example_dags/example_params_trigger_ui.py
[2023-12-20T06:32:28.052+0000] {logging_mixin.py:188} INFO - [2023-12-20T06:32:28.051+0000] {dag.py:3033} INFO - Sync 1 DAGs
[2023-12-20T06:32:28.088+0000] {logging_mixin.py:188} INFO - [2023-12-20T06:32:28.088+0000] {dag.py:3820} INFO - Setting next_dagrun for example_params_trigger_ui to None, run_after=None
[2023-12-20T06:32:28.140+0000] {processor.py:183} INFO - Processing /home/airflow/.local/lib/python3.8/site-packages/airflow/example_dags/example_params_trigger_ui.py took 0.285 seconds
[2023-12-20T06:32:58.350+0000] {processor.py:161} INFO - Started process (PID=2728) to work on /home/airflow/.local/lib/python3.8/site-packages/airflow/example_dags/example_params_trigger_ui.py
[2023-12-20T06:32:58.354+0000] {processor.py:830} INFO - Processing file /home/airflow/.local/lib/python3.8/site-packages/airflow/example_dags/example_params_trigger_ui.py for tasks to queue
[2023-12-20T06:32:58.356+0000] {logging_mixin.py:188} INFO - [2023-12-20T06:32:58.355+0000] {dagbag.py:538} INFO - Filling up the DagBag from /home/airflow/.local/lib/python3.8/site-packages/airflow/example_dags/example_params_trigger_ui.py
[2023-12-20T06:32:58.404+0000] {processor.py:840} INFO - DAG(s) 'example_params_trigger_ui' retrieved from /home/airflow/.local/lib/python3.8/site-packages/airflow/example_dags/example_params_trigger_ui.py
[2023-12-20T06:32:58.620+0000] {logging_mixin.py:188} INFO - [2023-12-20T06:32:58.619+0000] {dag.py:3033} INFO - Sync 1 DAGs
[2023-12-20T06:32:58.662+0000] {logging_mixin.py:188} INFO - [2023-12-20T06:32:58.662+0000] {dag.py:3820} INFO - Setting next_dagrun for example_params_trigger_ui to None, run_after=None
[2023-12-20T06:32:58.725+0000] {processor.py:183} INFO - Processing /home/airflow/.local/lib/python3.8/site-packages/airflow/example_dags/example_params_trigger_ui.py took 0.382 seconds
[2023-12-20T06:33:43.839+0000] {processor.py:161} INFO - Started process (PID=2784) to work on /home/airflow/.local/lib/python3.8/site-packages/airflow/example_dags/example_params_trigger_ui.py
[2023-12-20T06:33:43.922+0000] {processor.py:830} INFO - Processing file /home/airflow/.local/lib/python3.8/site-packages/airflow/example_dags/example_params_trigger_ui.py for tasks to queue
[2023-12-20T06:33:43.924+0000] {logging_mixin.py:188} INFO - [2023-12-20T06:33:43.924+0000] {dagbag.py:538} INFO - Filling up the DagBag from /home/airflow/.local/lib/python3.8/site-packages/airflow/example_dags/example_params_trigger_ui.py
[2023-12-20T06:33:44.274+0000] {processor.py:840} INFO - DAG(s) 'example_params_trigger_ui' retrieved from /home/airflow/.local/lib/python3.8/site-packages/airflow/example_dags/example_params_trigger_ui.py
[2023-12-20T06:33:44.911+0000] {logging_mixin.py:188} INFO - [2023-12-20T06:33:44.911+0000] {dag.py:3033} INFO - Sync 1 DAGs
[2023-12-20T06:33:45.116+0000] {logging_mixin.py:188} INFO - [2023-12-20T06:33:45.116+0000] {dag.py:3820} INFO - Setting next_dagrun for example_params_trigger_ui to None, run_after=None
[2023-12-20T06:33:45.517+0000] {processor.py:183} INFO - Processing /home/airflow/.local/lib/python3.8/site-packages/airflow/example_dags/example_params_trigger_ui.py took 1.810 seconds
[2023-12-20T06:34:43.078+0000] {processor.py:161} INFO - Started process (PID=2849) to work on /home/airflow/.local/lib/python3.8/site-packages/airflow/example_dags/example_params_trigger_ui.py
[2023-12-20T06:34:43.084+0000] {processor.py:830} INFO - Processing file /home/airflow/.local/lib/python3.8/site-packages/airflow/example_dags/example_params_trigger_ui.py for tasks to queue
[2023-12-20T06:34:43.086+0000] {logging_mixin.py:188} INFO - [2023-12-20T06:34:43.086+0000] {dagbag.py:538} INFO - Filling up the DagBag from /home/airflow/.local/lib/python3.8/site-packages/airflow/example_dags/example_params_trigger_ui.py
[2023-12-20T06:34:43.252+0000] {processor.py:840} INFO - DAG(s) 'example_params_trigger_ui' retrieved from /home/airflow/.local/lib/python3.8/site-packages/airflow/example_dags/example_params_trigger_ui.py
[2023-12-20T06:34:44.434+0000] {logging_mixin.py:188} INFO - [2023-12-20T06:34:44.433+0000] {dag.py:3033} INFO - Sync 1 DAGs
[2023-12-20T06:34:44.629+0000] {logging_mixin.py:188} INFO - [2023-12-20T06:34:44.623+0000] {dag.py:3820} INFO - Setting next_dagrun for example_params_trigger_ui to None, run_after=None
[2023-12-20T06:34:44.782+0000] {processor.py:183} INFO - Processing /home/airflow/.local/lib/python3.8/site-packages/airflow/example_dags/example_params_trigger_ui.py took 1.727 seconds
[2023-12-20T06:35:33.478+0000] {processor.py:161} INFO - Started process (PID=2908) to work on /home/airflow/.local/lib/python3.8/site-packages/airflow/example_dags/example_params_trigger_ui.py
[2023-12-20T06:35:33.490+0000] {processor.py:830} INFO - Processing file /home/airflow/.local/lib/python3.8/site-packages/airflow/example_dags/example_params_trigger_ui.py for tasks to queue
[2023-12-20T06:35:33.514+0000] {logging_mixin.py:188} INFO - [2023-12-20T06:35:33.513+0000] {dagbag.py:538} INFO - Filling up the DagBag from /home/airflow/.local/lib/python3.8/site-packages/airflow/example_dags/example_params_trigger_ui.py
[2023-12-20T06:35:33.818+0000] {processor.py:840} INFO - DAG(s) 'example_params_trigger_ui' retrieved from /home/airflow/.local/lib/python3.8/site-packages/airflow/example_dags/example_params_trigger_ui.py
[2023-12-20T06:35:35.285+0000] {logging_mixin.py:188} INFO - [2023-12-20T06:35:35.264+0000] {dag.py:3033} INFO - Sync 1 DAGs
[2023-12-20T06:35:35.586+0000] {logging_mixin.py:188} INFO - [2023-12-20T06:35:35.574+0000] {dag.py:3820} INFO - Setting next_dagrun for example_params_trigger_ui to None, run_after=None
[2023-12-20T06:35:36.058+0000] {processor.py:183} INFO - Processing /home/airflow/.local/lib/python3.8/site-packages/airflow/example_dags/example_params_trigger_ui.py took 2.652 seconds
[2023-12-20T06:36:29.440+0000] {processor.py:161} INFO - Started process (PID=2968) to work on /home/airflow/.local/lib/python3.8/site-packages/airflow/example_dags/example_params_trigger_ui.py
[2023-12-20T06:36:29.460+0000] {processor.py:830} INFO - Processing file /home/airflow/.local/lib/python3.8/site-packages/airflow/example_dags/example_params_trigger_ui.py for tasks to queue
[2023-12-20T06:36:29.467+0000] {logging_mixin.py:188} INFO - [2023-12-20T06:36:29.466+0000] {dagbag.py:538} INFO - Filling up the DagBag from /home/airflow/.local/lib/python3.8/site-packages/airflow/example_dags/example_params_trigger_ui.py
[2023-12-20T06:36:29.888+0000] {processor.py:840} INFO - DAG(s) 'example_params_trigger_ui' retrieved from /home/airflow/.local/lib/python3.8/site-packages/airflow/example_dags/example_params_trigger_ui.py
[2023-12-20T06:36:31.508+0000] {logging_mixin.py:188} INFO - [2023-12-20T06:36:31.508+0000] {dag.py:3033} INFO - Sync 1 DAGs
[2023-12-20T06:36:31.807+0000] {logging_mixin.py:188} INFO - [2023-12-20T06:36:31.806+0000] {dag.py:3820} INFO - Setting next_dagrun for example_params_trigger_ui to None, run_after=None
[2023-12-20T06:36:32.280+0000] {processor.py:183} INFO - Processing /home/airflow/.local/lib/python3.8/site-packages/airflow/example_dags/example_params_trigger_ui.py took 2.881 seconds
[2023-12-20T06:37:35.989+0000] {processor.py:161} INFO - Started process (PID=3037) to work on /home/airflow/.local/lib/python3.8/site-packages/airflow/example_dags/example_params_trigger_ui.py
[2023-12-20T06:37:36.002+0000] {processor.py:830} INFO - Processing file /home/airflow/.local/lib/python3.8/site-packages/airflow/example_dags/example_params_trigger_ui.py for tasks to queue
[2023-12-20T06:37:36.006+0000] {logging_mixin.py:188} INFO - [2023-12-20T06:37:36.005+0000] {dagbag.py:538} INFO - Filling up the DagBag from /home/airflow/.local/lib/python3.8/site-packages/airflow/example_dags/example_params_trigger_ui.py
[2023-12-20T06:37:36.292+0000] {processor.py:840} INFO - DAG(s) 'example_params_trigger_ui' retrieved from /home/airflow/.local/lib/python3.8/site-packages/airflow/example_dags/example_params_trigger_ui.py
[2023-12-20T06:37:37.814+0000] {logging_mixin.py:188} INFO - [2023-12-20T06:37:37.772+0000] {dag.py:3033} INFO - Sync 1 DAGs
[2023-12-20T06:37:38.344+0000] {logging_mixin.py:188} INFO - [2023-12-20T06:37:38.343+0000] {dag.py:3820} INFO - Setting next_dagrun for example_params_trigger_ui to None, run_after=None
[2023-12-20T06:37:38.707+0000] {processor.py:183} INFO - Processing /home/airflow/.local/lib/python3.8/site-packages/airflow/example_dags/example_params_trigger_ui.py took 2.774 seconds
[2023-12-20T06:38:12.356+0000] {processor.py:161} INFO - Started process (PID=3095) to work on /home/airflow/.local/lib/python3.8/site-packages/airflow/example_dags/example_params_trigger_ui.py
[2023-12-20T06:38:12.366+0000] {processor.py:830} INFO - Processing file /home/airflow/.local/lib/python3.8/site-packages/airflow/example_dags/example_params_trigger_ui.py for tasks to queue
[2023-12-20T06:38:12.378+0000] {logging_mixin.py:188} INFO - [2023-12-20T06:38:12.368+0000] {dagbag.py:538} INFO - Filling up the DagBag from /home/airflow/.local/lib/python3.8/site-packages/airflow/example_dags/example_params_trigger_ui.py
[2023-12-20T06:38:12.546+0000] {processor.py:840} INFO - DAG(s) 'example_params_trigger_ui' retrieved from /home/airflow/.local/lib/python3.8/site-packages/airflow/example_dags/example_params_trigger_ui.py
[2023-12-20T06:38:12.968+0000] {logging_mixin.py:188} INFO - [2023-12-20T06:38:12.968+0000] {dag.py:3033} INFO - Sync 1 DAGs
[2023-12-20T06:38:13.037+0000] {logging_mixin.py:188} INFO - [2023-12-20T06:38:13.036+0000] {dag.py:3820} INFO - Setting next_dagrun for example_params_trigger_ui to None, run_after=None
[2023-12-20T06:38:13.116+0000] {processor.py:183} INFO - Processing /home/airflow/.local/lib/python3.8/site-packages/airflow/example_dags/example_params_trigger_ui.py took 0.784 seconds
[2023-12-20T06:38:43.279+0000] {processor.py:161} INFO - Started process (PID=3153) to work on /home/airflow/.local/lib/python3.8/site-packages/airflow/example_dags/example_params_trigger_ui.py
[2023-12-20T06:38:43.296+0000] {processor.py:830} INFO - Processing file /home/airflow/.local/lib/python3.8/site-packages/airflow/example_dags/example_params_trigger_ui.py for tasks to queue
[2023-12-20T06:38:43.299+0000] {logging_mixin.py:188} INFO - [2023-12-20T06:38:43.298+0000] {dagbag.py:538} INFO - Filling up the DagBag from /home/airflow/.local/lib/python3.8/site-packages/airflow/example_dags/example_params_trigger_ui.py
[2023-12-20T06:38:43.361+0000] {processor.py:840} INFO - DAG(s) 'example_params_trigger_ui' retrieved from /home/airflow/.local/lib/python3.8/site-packages/airflow/example_dags/example_params_trigger_ui.py
[2023-12-20T06:38:43.649+0000] {logging_mixin.py:188} INFO - [2023-12-20T06:38:43.649+0000] {dag.py:3033} INFO - Sync 1 DAGs
[2023-12-20T06:38:43.679+0000] {logging_mixin.py:188} INFO - [2023-12-20T06:38:43.679+0000] {dag.py:3820} INFO - Setting next_dagrun for example_params_trigger_ui to None, run_after=None
[2023-12-20T06:38:43.759+0000] {processor.py:183} INFO - Processing /home/airflow/.local/lib/python3.8/site-packages/airflow/example_dags/example_params_trigger_ui.py took 0.486 seconds
[2023-12-20T06:39:13.999+0000] {processor.py:161} INFO - Started process (PID=3214) to work on /home/airflow/.local/lib/python3.8/site-packages/airflow/example_dags/example_params_trigger_ui.py
[2023-12-20T06:39:14.001+0000] {processor.py:830} INFO - Processing file /home/airflow/.local/lib/python3.8/site-packages/airflow/example_dags/example_params_trigger_ui.py for tasks to queue
[2023-12-20T06:39:14.003+0000] {logging_mixin.py:188} INFO - [2023-12-20T06:39:14.002+0000] {dagbag.py:538} INFO - Filling up the DagBag from /home/airflow/.local/lib/python3.8/site-packages/airflow/example_dags/example_params_trigger_ui.py
[2023-12-20T06:39:14.037+0000] {processor.py:840} INFO - DAG(s) 'example_params_trigger_ui' retrieved from /home/airflow/.local/lib/python3.8/site-packages/airflow/example_dags/example_params_trigger_ui.py
[2023-12-20T06:39:14.192+0000] {logging_mixin.py:188} INFO - [2023-12-20T06:39:14.192+0000] {dag.py:3033} INFO - Sync 1 DAGs
[2023-12-20T06:39:14.231+0000] {logging_mixin.py:188} INFO - [2023-12-20T06:39:14.231+0000] {dag.py:3820} INFO - Setting next_dagrun for example_params_trigger_ui to None, run_after=None
[2023-12-20T06:39:14.351+0000] {processor.py:183} INFO - Processing /home/airflow/.local/lib/python3.8/site-packages/airflow/example_dags/example_params_trigger_ui.py took 0.361 seconds
[2023-12-20T06:39:44.891+0000] {processor.py:161} INFO - Started process (PID=3273) to work on /home/airflow/.local/lib/python3.8/site-packages/airflow/example_dags/example_params_trigger_ui.py
[2023-12-20T06:39:44.924+0000] {processor.py:830} INFO - Processing file /home/airflow/.local/lib/python3.8/site-packages/airflow/example_dags/example_params_trigger_ui.py for tasks to queue
[2023-12-20T06:39:44.926+0000] {logging_mixin.py:188} INFO - [2023-12-20T06:39:44.926+0000] {dagbag.py:538} INFO - Filling up the DagBag from /home/airflow/.local/lib/python3.8/site-packages/airflow/example_dags/example_params_trigger_ui.py
[2023-12-20T06:39:44.956+0000] {processor.py:840} INFO - DAG(s) 'example_params_trigger_ui' retrieved from /home/airflow/.local/lib/python3.8/site-packages/airflow/example_dags/example_params_trigger_ui.py
[2023-12-20T06:39:45.107+0000] {logging_mixin.py:188} INFO - [2023-12-20T06:39:45.107+0000] {dag.py:3033} INFO - Sync 1 DAGs
[2023-12-20T06:39:45.141+0000] {logging_mixin.py:188} INFO - [2023-12-20T06:39:45.140+0000] {dag.py:3820} INFO - Setting next_dagrun for example_params_trigger_ui to None, run_after=None
[2023-12-20T06:39:45.238+0000] {processor.py:183} INFO - Processing /home/airflow/.local/lib/python3.8/site-packages/airflow/example_dags/example_params_trigger_ui.py took 0.353 seconds
[2023-12-20T06:40:15.644+0000] {processor.py:161} INFO - Started process (PID=3329) to work on /home/airflow/.local/lib/python3.8/site-packages/airflow/example_dags/example_params_trigger_ui.py
[2023-12-20T06:40:15.646+0000] {processor.py:830} INFO - Processing file /home/airflow/.local/lib/python3.8/site-packages/airflow/example_dags/example_params_trigger_ui.py for tasks to queue
[2023-12-20T06:40:15.647+0000] {logging_mixin.py:188} INFO - [2023-12-20T06:40:15.647+0000] {dagbag.py:538} INFO - Filling up the DagBag from /home/airflow/.local/lib/python3.8/site-packages/airflow/example_dags/example_params_trigger_ui.py
[2023-12-20T06:40:15.689+0000] {processor.py:840} INFO - DAG(s) 'example_params_trigger_ui' retrieved from /home/airflow/.local/lib/python3.8/site-packages/airflow/example_dags/example_params_trigger_ui.py
[2023-12-20T06:40:15.901+0000] {logging_mixin.py:188} INFO - [2023-12-20T06:40:15.901+0000] {dag.py:3033} INFO - Sync 1 DAGs
[2023-12-20T06:40:15.938+0000] {logging_mixin.py:188} INFO - [2023-12-20T06:40:15.937+0000] {dag.py:3820} INFO - Setting next_dagrun for example_params_trigger_ui to None, run_after=None
[2023-12-20T06:40:16.065+0000] {processor.py:183} INFO - Processing /home/airflow/.local/lib/python3.8/site-packages/airflow/example_dags/example_params_trigger_ui.py took 0.431 seconds
[2023-12-20T06:44:56.408+0000] {processor.py:161} INFO - Started process (PID=3386) to work on /home/airflow/.local/lib/python3.8/site-packages/airflow/example_dags/example_params_trigger_ui.py
[2023-12-20T06:44:56.417+0000] {processor.py:830} INFO - Processing file /home/airflow/.local/lib/python3.8/site-packages/airflow/example_dags/example_params_trigger_ui.py for tasks to queue
[2023-12-20T06:44:56.427+0000] {logging_mixin.py:188} INFO - [2023-12-20T06:44:56.424+0000] {dagbag.py:538} INFO - Filling up the DagBag from /home/airflow/.local/lib/python3.8/site-packages/airflow/example_dags/example_params_trigger_ui.py
[2023-12-20T06:44:56.585+0000] {processor.py:840} INFO - DAG(s) 'example_params_trigger_ui' retrieved from /home/airflow/.local/lib/python3.8/site-packages/airflow/example_dags/example_params_trigger_ui.py
[2023-12-20T06:44:57.154+0000] {logging_mixin.py:188} INFO - [2023-12-20T06:44:57.154+0000] {dag.py:3033} INFO - Sync 1 DAGs
[2023-12-20T06:44:57.240+0000] {logging_mixin.py:188} INFO - [2023-12-20T06:44:57.239+0000] {dag.py:3820} INFO - Setting next_dagrun for example_params_trigger_ui to None, run_after=None
[2023-12-20T06:44:57.360+0000] {processor.py:183} INFO - Processing /home/airflow/.local/lib/python3.8/site-packages/airflow/example_dags/example_params_trigger_ui.py took 0.981 seconds
[2023-12-20T06:45:27.765+0000] {processor.py:161} INFO - Started process (PID=3445) to work on /home/airflow/.local/lib/python3.8/site-packages/airflow/example_dags/example_params_trigger_ui.py
[2023-12-20T06:45:27.788+0000] {processor.py:830} INFO - Processing file /home/airflow/.local/lib/python3.8/site-packages/airflow/example_dags/example_params_trigger_ui.py for tasks to queue
[2023-12-20T06:45:27.789+0000] {logging_mixin.py:188} INFO - [2023-12-20T06:45:27.789+0000] {dagbag.py:538} INFO - Filling up the DagBag from /home/airflow/.local/lib/python3.8/site-packages/airflow/example_dags/example_params_trigger_ui.py
[2023-12-20T06:45:27.867+0000] {processor.py:840} INFO - DAG(s) 'example_params_trigger_ui' retrieved from /home/airflow/.local/lib/python3.8/site-packages/airflow/example_dags/example_params_trigger_ui.py
[2023-12-20T06:45:28.209+0000] {logging_mixin.py:188} INFO - [2023-12-20T06:45:28.207+0000] {dag.py:3033} INFO - Sync 1 DAGs
[2023-12-20T06:45:28.294+0000] {logging_mixin.py:188} INFO - [2023-12-20T06:45:28.294+0000] {dag.py:3820} INFO - Setting next_dagrun for example_params_trigger_ui to None, run_after=None
[2023-12-20T06:45:28.349+0000] {processor.py:183} INFO - Processing /home/airflow/.local/lib/python3.8/site-packages/airflow/example_dags/example_params_trigger_ui.py took 0.591 seconds
[2023-12-20T06:45:58.723+0000] {processor.py:161} INFO - Started process (PID=3504) to work on /home/airflow/.local/lib/python3.8/site-packages/airflow/example_dags/example_params_trigger_ui.py
[2023-12-20T06:45:58.727+0000] {processor.py:830} INFO - Processing file /home/airflow/.local/lib/python3.8/site-packages/airflow/example_dags/example_params_trigger_ui.py for tasks to queue
[2023-12-20T06:45:58.729+0000] {logging_mixin.py:188} INFO - [2023-12-20T06:45:58.729+0000] {dagbag.py:538} INFO - Filling up the DagBag from /home/airflow/.local/lib/python3.8/site-packages/airflow/example_dags/example_params_trigger_ui.py
[2023-12-20T06:45:58.765+0000] {processor.py:840} INFO - DAG(s) 'example_params_trigger_ui' retrieved from /home/airflow/.local/lib/python3.8/site-packages/airflow/example_dags/example_params_trigger_ui.py
[2023-12-20T06:45:59.132+0000] {logging_mixin.py:188} INFO - [2023-12-20T06:45:59.132+0000] {dag.py:3033} INFO - Sync 1 DAGs
[2023-12-20T06:45:59.218+0000] {logging_mixin.py:188} INFO - [2023-12-20T06:45:59.218+0000] {dag.py:3820} INFO - Setting next_dagrun for example_params_trigger_ui to None, run_after=None
[2023-12-20T06:45:59.320+0000] {processor.py:183} INFO - Processing /home/airflow/.local/lib/python3.8/site-packages/airflow/example_dags/example_params_trigger_ui.py took 0.605 seconds
[2023-12-20T06:46:29.558+0000] {processor.py:161} INFO - Started process (PID=3561) to work on /home/airflow/.local/lib/python3.8/site-packages/airflow/example_dags/example_params_trigger_ui.py
[2023-12-20T06:46:29.579+0000] {processor.py:830} INFO - Processing file /home/airflow/.local/lib/python3.8/site-packages/airflow/example_dags/example_params_trigger_ui.py for tasks to queue
[2023-12-20T06:46:29.581+0000] {logging_mixin.py:188} INFO - [2023-12-20T06:46:29.580+0000] {dagbag.py:538} INFO - Filling up the DagBag from /home/airflow/.local/lib/python3.8/site-packages/airflow/example_dags/example_params_trigger_ui.py
[2023-12-20T06:46:29.611+0000] {processor.py:840} INFO - DAG(s) 'example_params_trigger_ui' retrieved from /home/airflow/.local/lib/python3.8/site-packages/airflow/example_dags/example_params_trigger_ui.py
[2023-12-20T06:46:29.762+0000] {logging_mixin.py:188} INFO - [2023-12-20T06:46:29.762+0000] {dag.py:3033} INFO - Sync 1 DAGs
[2023-12-20T06:46:29.805+0000] {logging_mixin.py:188} INFO - [2023-12-20T06:46:29.804+0000] {dag.py:3820} INFO - Setting next_dagrun for example_params_trigger_ui to None, run_after=None
[2023-12-20T06:46:29.957+0000] {processor.py:183} INFO - Processing /home/airflow/.local/lib/python3.8/site-packages/airflow/example_dags/example_params_trigger_ui.py took 0.406 seconds
[2023-12-20T06:47:00.074+0000] {processor.py:161} INFO - Started process (PID=3619) to work on /home/airflow/.local/lib/python3.8/site-packages/airflow/example_dags/example_params_trigger_ui.py
[2023-12-20T06:47:00.111+0000] {processor.py:830} INFO - Processing file /home/airflow/.local/lib/python3.8/site-packages/airflow/example_dags/example_params_trigger_ui.py for tasks to queue
[2023-12-20T06:47:00.113+0000] {logging_mixin.py:188} INFO - [2023-12-20T06:47:00.113+0000] {dagbag.py:538} INFO - Filling up the DagBag from /home/airflow/.local/lib/python3.8/site-packages/airflow/example_dags/example_params_trigger_ui.py
[2023-12-20T06:47:00.146+0000] {processor.py:840} INFO - DAG(s) 'example_params_trigger_ui' retrieved from /home/airflow/.local/lib/python3.8/site-packages/airflow/example_dags/example_params_trigger_ui.py
[2023-12-20T06:47:00.310+0000] {logging_mixin.py:188} INFO - [2023-12-20T06:47:00.310+0000] {dag.py:3033} INFO - Sync 1 DAGs
[2023-12-20T06:47:00.348+0000] {logging_mixin.py:188} INFO - [2023-12-20T06:47:00.347+0000] {dag.py:3820} INFO - Setting next_dagrun for example_params_trigger_ui to None, run_after=None
[2023-12-20T06:47:00.432+0000] {processor.py:183} INFO - Processing /home/airflow/.local/lib/python3.8/site-packages/airflow/example_dags/example_params_trigger_ui.py took 0.364 seconds
[2023-12-20T06:47:42.207+0000] {processor.py:161} INFO - Started process (PID=3684) to work on /home/airflow/.local/lib/python3.8/site-packages/airflow/example_dags/example_params_trigger_ui.py
[2023-12-20T06:47:42.240+0000] {processor.py:830} INFO - Processing file /home/airflow/.local/lib/python3.8/site-packages/airflow/example_dags/example_params_trigger_ui.py for tasks to queue
[2023-12-20T06:47:42.246+0000] {logging_mixin.py:188} INFO - [2023-12-20T06:47:42.245+0000] {dagbag.py:538} INFO - Filling up the DagBag from /home/airflow/.local/lib/python3.8/site-packages/airflow/example_dags/example_params_trigger_ui.py
[2023-12-20T06:47:42.515+0000] {processor.py:840} INFO - DAG(s) 'example_params_trigger_ui' retrieved from /home/airflow/.local/lib/python3.8/site-packages/airflow/example_dags/example_params_trigger_ui.py
[2023-12-20T06:47:43.585+0000] {logging_mixin.py:188} INFO - [2023-12-20T06:47:43.584+0000] {dag.py:3033} INFO - Sync 1 DAGs
[2023-12-20T06:47:43.678+0000] {logging_mixin.py:188} INFO - [2023-12-20T06:47:43.677+0000] {dag.py:3820} INFO - Setting next_dagrun for example_params_trigger_ui to None, run_after=None
[2023-12-20T06:47:43.942+0000] {processor.py:183} INFO - Processing /home/airflow/.local/lib/python3.8/site-packages/airflow/example_dags/example_params_trigger_ui.py took 1.772 seconds
[2023-12-20T06:48:49.813+0000] {processor.py:161} INFO - Started process (PID=3751) to work on /home/airflow/.local/lib/python3.8/site-packages/airflow/example_dags/example_params_trigger_ui.py
[2023-12-20T06:48:49.907+0000] {processor.py:830} INFO - Processing file /home/airflow/.local/lib/python3.8/site-packages/airflow/example_dags/example_params_trigger_ui.py for tasks to queue
[2023-12-20T06:48:49.917+0000] {logging_mixin.py:188} INFO - [2023-12-20T06:48:49.916+0000] {dagbag.py:538} INFO - Filling up the DagBag from /home/airflow/.local/lib/python3.8/site-packages/airflow/example_dags/example_params_trigger_ui.py
[2023-12-20T06:48:50.280+0000] {processor.py:840} INFO - DAG(s) 'example_params_trigger_ui' retrieved from /home/airflow/.local/lib/python3.8/site-packages/airflow/example_dags/example_params_trigger_ui.py
[2023-12-20T06:48:52.207+0000] {logging_mixin.py:188} INFO - [2023-12-20T06:48:52.205+0000] {dag.py:3033} INFO - Sync 1 DAGs
[2023-12-20T06:48:52.375+0000] {logging_mixin.py:188} INFO - [2023-12-20T06:48:52.369+0000] {dag.py:3820} INFO - Setting next_dagrun for example_params_trigger_ui to None, run_after=None
[2023-12-20T06:48:53.163+0000] {processor.py:183} INFO - Processing /home/airflow/.local/lib/python3.8/site-packages/airflow/example_dags/example_params_trigger_ui.py took 3.522 seconds
