[2023-12-20T05:41:05.752+0000] {processor.py:161} INFO - Started process (PID=67) to work on /home/airflow/.local/lib/python3.8/site-packages/airflow/example_dags/example_short_circuit_decorator.py
[2023-12-20T05:41:05.754+0000] {processor.py:830} INFO - Processing file /home/airflow/.local/lib/python3.8/site-packages/airflow/example_dags/example_short_circuit_decorator.py for tasks to queue
[2023-12-20T05:41:05.785+0000] {logging_mixin.py:188} INFO - [2023-12-20T05:41:05.778+0000] {dagbag.py:538} INFO - Filling up the DagBag from /home/airflow/.local/lib/python3.8/site-packages/airflow/example_dags/example_short_circuit_decorator.py
[2023-12-20T05:41:05.904+0000] {processor.py:840} INFO - DAG(s) 'example_short_circuit_decorator' retrieved from /home/airflow/.local/lib/python3.8/site-packages/airflow/example_dags/example_short_circuit_decorator.py
[2023-12-20T05:41:07.172+0000] {logging_mixin.py:188} INFO - [2023-12-20T05:41:07.172+0000] {dag.py:3033} INFO - Sync 1 DAGs
[2023-12-20T05:41:07.660+0000] {logging_mixin.py:188} INFO - [2023-12-20T05:41:07.659+0000] {dag.py:3820} INFO - Setting next_dagrun for example_short_circuit_decorator to 2023-12-19T00:00:00+00:00, run_after=2023-12-20T00:00:00+00:00
[2023-12-20T05:41:08.085+0000] {processor.py:183} INFO - Processing /home/airflow/.local/lib/python3.8/site-packages/airflow/example_dags/example_short_circuit_decorator.py took 2.347 seconds
[2023-12-20T05:42:20.483+0000] {processor.py:161} INFO - Started process (PID=128) to work on /home/airflow/.local/lib/python3.8/site-packages/airflow/example_dags/example_short_circuit_decorator.py
[2023-12-20T05:42:20.487+0000] {processor.py:830} INFO - Processing file /home/airflow/.local/lib/python3.8/site-packages/airflow/example_dags/example_short_circuit_decorator.py for tasks to queue
[2023-12-20T05:42:20.501+0000] {logging_mixin.py:188} INFO - [2023-12-20T05:42:20.494+0000] {dagbag.py:538} INFO - Filling up the DagBag from /home/airflow/.local/lib/python3.8/site-packages/airflow/example_dags/example_short_circuit_decorator.py
[2023-12-20T05:42:20.577+0000] {processor.py:840} INFO - DAG(s) 'example_short_circuit_decorator' retrieved from /home/airflow/.local/lib/python3.8/site-packages/airflow/example_dags/example_short_circuit_decorator.py
[2023-12-20T05:42:20.648+0000] {logging_mixin.py:188} INFO - [2023-12-20T05:42:20.648+0000] {dag.py:3033} INFO - Sync 1 DAGs
[2023-12-20T05:42:20.925+0000] {logging_mixin.py:188} INFO - [2023-12-20T05:42:20.924+0000] {dag.py:3820} INFO - Setting next_dagrun for example_short_circuit_decorator to 2023-12-19T00:00:00+00:00, run_after=2023-12-20T00:00:00+00:00
[2023-12-20T05:42:21.149+0000] {processor.py:183} INFO - Processing /home/airflow/.local/lib/python3.8/site-packages/airflow/example_dags/example_short_circuit_decorator.py took 0.688 seconds
[2023-12-20T06:06:51.950+0000] {processor.py:161} INFO - Started process (PID=47) to work on /home/airflow/.local/lib/python3.8/site-packages/airflow/example_dags/example_short_circuit_decorator.py
[2023-12-20T06:06:51.956+0000] {processor.py:830} INFO - Processing file /home/airflow/.local/lib/python3.8/site-packages/airflow/example_dags/example_short_circuit_decorator.py for tasks to queue
[2023-12-20T06:06:51.981+0000] {logging_mixin.py:188} INFO - [2023-12-20T06:06:51.971+0000] {dagbag.py:538} INFO - Filling up the DagBag from /home/airflow/.local/lib/python3.8/site-packages/airflow/example_dags/example_short_circuit_decorator.py
[2023-12-20T06:06:52.106+0000] {processor.py:840} INFO - DAG(s) 'example_short_circuit_decorator' retrieved from /home/airflow/.local/lib/python3.8/site-packages/airflow/example_dags/example_short_circuit_decorator.py
[2023-12-20T06:06:52.258+0000] {logging_mixin.py:188} INFO - [2023-12-20T06:06:52.257+0000] {dag.py:3033} INFO - Sync 1 DAGs
[2023-12-20T06:06:52.554+0000] {logging_mixin.py:188} INFO - [2023-12-20T06:06:52.553+0000] {dag.py:3820} INFO - Setting next_dagrun for example_short_circuit_decorator to 2023-12-19T00:00:00+00:00, run_after=2023-12-20T00:00:00+00:00
[2023-12-20T06:06:52.881+0000] {processor.py:183} INFO - Processing /home/airflow/.local/lib/python3.8/site-packages/airflow/example_dags/example_short_circuit_decorator.py took 0.955 seconds
[2023-12-20T06:07:25.290+0000] {processor.py:161} INFO - Started process (PID=108) to work on /home/airflow/.local/lib/python3.8/site-packages/airflow/example_dags/example_short_circuit_decorator.py
[2023-12-20T06:07:25.301+0000] {processor.py:830} INFO - Processing file /home/airflow/.local/lib/python3.8/site-packages/airflow/example_dags/example_short_circuit_decorator.py for tasks to queue
[2023-12-20T06:07:25.322+0000] {logging_mixin.py:188} INFO - [2023-12-20T06:07:25.321+0000] {dagbag.py:538} INFO - Filling up the DagBag from /home/airflow/.local/lib/python3.8/site-packages/airflow/example_dags/example_short_circuit_decorator.py
[2023-12-20T06:07:25.383+0000] {processor.py:840} INFO - DAG(s) 'example_short_circuit_decorator' retrieved from /home/airflow/.local/lib/python3.8/site-packages/airflow/example_dags/example_short_circuit_decorator.py
[2023-12-20T06:07:25.594+0000] {logging_mixin.py:188} INFO - [2023-12-20T06:07:25.594+0000] {dag.py:3033} INFO - Sync 1 DAGs
[2023-12-20T06:07:25.884+0000] {logging_mixin.py:188} INFO - [2023-12-20T06:07:25.883+0000] {dag.py:3820} INFO - Setting next_dagrun for example_short_circuit_decorator to 2023-12-19T00:00:00+00:00, run_after=2023-12-20T00:00:00+00:00
[2023-12-20T06:07:26.113+0000] {processor.py:183} INFO - Processing /home/airflow/.local/lib/python3.8/site-packages/airflow/example_dags/example_short_circuit_decorator.py took 0.850 seconds
[2023-12-20T06:07:56.568+0000] {processor.py:161} INFO - Started process (PID=163) to work on /home/airflow/.local/lib/python3.8/site-packages/airflow/example_dags/example_short_circuit_decorator.py
[2023-12-20T06:07:56.571+0000] {processor.py:830} INFO - Processing file /home/airflow/.local/lib/python3.8/site-packages/airflow/example_dags/example_short_circuit_decorator.py for tasks to queue
[2023-12-20T06:07:56.583+0000] {logging_mixin.py:188} INFO - [2023-12-20T06:07:56.582+0000] {dagbag.py:538} INFO - Filling up the DagBag from /home/airflow/.local/lib/python3.8/site-packages/airflow/example_dags/example_short_circuit_decorator.py
[2023-12-20T06:07:56.657+0000] {processor.py:840} INFO - DAG(s) 'example_short_circuit_decorator' retrieved from /home/airflow/.local/lib/python3.8/site-packages/airflow/example_dags/example_short_circuit_decorator.py
[2023-12-20T06:07:56.864+0000] {logging_mixin.py:188} INFO - [2023-12-20T06:07:56.863+0000] {dag.py:3033} INFO - Sync 1 DAGs
[2023-12-20T06:07:57.048+0000] {logging_mixin.py:188} INFO - [2023-12-20T06:07:57.048+0000] {dag.py:3820} INFO - Setting next_dagrun for example_short_circuit_decorator to 2023-12-19T00:00:00+00:00, run_after=2023-12-20T00:00:00+00:00
[2023-12-20T06:07:57.177+0000] {processor.py:183} INFO - Processing /home/airflow/.local/lib/python3.8/site-packages/airflow/example_dags/example_short_circuit_decorator.py took 0.635 seconds
[2023-12-20T06:08:27.586+0000] {processor.py:161} INFO - Started process (PID=216) to work on /home/airflow/.local/lib/python3.8/site-packages/airflow/example_dags/example_short_circuit_decorator.py
[2023-12-20T06:08:27.593+0000] {processor.py:830} INFO - Processing file /home/airflow/.local/lib/python3.8/site-packages/airflow/example_dags/example_short_circuit_decorator.py for tasks to queue
[2023-12-20T06:08:27.605+0000] {logging_mixin.py:188} INFO - [2023-12-20T06:08:27.602+0000] {dagbag.py:538} INFO - Filling up the DagBag from /home/airflow/.local/lib/python3.8/site-packages/airflow/example_dags/example_short_circuit_decorator.py
[2023-12-20T06:08:27.648+0000] {processor.py:840} INFO - DAG(s) 'example_short_circuit_decorator' retrieved from /home/airflow/.local/lib/python3.8/site-packages/airflow/example_dags/example_short_circuit_decorator.py
[2023-12-20T06:08:27.770+0000] {logging_mixin.py:188} INFO - [2023-12-20T06:08:27.767+0000] {dag.py:3033} INFO - Sync 1 DAGs
[2023-12-20T06:08:28.015+0000] {logging_mixin.py:188} INFO - [2023-12-20T06:08:28.014+0000] {dag.py:3820} INFO - Setting next_dagrun for example_short_circuit_decorator to 2023-12-19T00:00:00+00:00, run_after=2023-12-20T00:00:00+00:00
[2023-12-20T06:08:28.121+0000] {processor.py:183} INFO - Processing /home/airflow/.local/lib/python3.8/site-packages/airflow/example_dags/example_short_circuit_decorator.py took 0.559 seconds
[2023-12-20T06:09:11.254+0000] {processor.py:161} INFO - Started process (PID=271) to work on /home/airflow/.local/lib/python3.8/site-packages/airflow/example_dags/example_short_circuit_decorator.py
[2023-12-20T06:09:11.273+0000] {processor.py:830} INFO - Processing file /home/airflow/.local/lib/python3.8/site-packages/airflow/example_dags/example_short_circuit_decorator.py for tasks to queue
[2023-12-20T06:09:11.296+0000] {logging_mixin.py:188} INFO - [2023-12-20T06:09:11.288+0000] {dagbag.py:538} INFO - Filling up the DagBag from /home/airflow/.local/lib/python3.8/site-packages/airflow/example_dags/example_short_circuit_decorator.py
[2023-12-20T06:09:11.396+0000] {processor.py:840} INFO - DAG(s) 'example_short_circuit_decorator' retrieved from /home/airflow/.local/lib/python3.8/site-packages/airflow/example_dags/example_short_circuit_decorator.py
[2023-12-20T06:09:11.589+0000] {logging_mixin.py:188} INFO - [2023-12-20T06:09:11.588+0000] {dag.py:3033} INFO - Sync 1 DAGs
[2023-12-20T06:09:11.799+0000] {logging_mixin.py:188} INFO - [2023-12-20T06:09:11.798+0000] {dag.py:3820} INFO - Setting next_dagrun for example_short_circuit_decorator to 2023-12-19T00:00:00+00:00, run_after=2023-12-20T00:00:00+00:00
[2023-12-20T06:09:11.931+0000] {processor.py:183} INFO - Processing /home/airflow/.local/lib/python3.8/site-packages/airflow/example_dags/example_short_circuit_decorator.py took 0.695 seconds
[2023-12-20T06:09:42.473+0000] {processor.py:161} INFO - Started process (PID=326) to work on /home/airflow/.local/lib/python3.8/site-packages/airflow/example_dags/example_short_circuit_decorator.py
[2023-12-20T06:09:42.504+0000] {processor.py:830} INFO - Processing file /home/airflow/.local/lib/python3.8/site-packages/airflow/example_dags/example_short_circuit_decorator.py for tasks to queue
[2023-12-20T06:09:42.521+0000] {logging_mixin.py:188} INFO - [2023-12-20T06:09:42.520+0000] {dagbag.py:538} INFO - Filling up the DagBag from /home/airflow/.local/lib/python3.8/site-packages/airflow/example_dags/example_short_circuit_decorator.py
[2023-12-20T06:09:42.563+0000] {processor.py:840} INFO - DAG(s) 'example_short_circuit_decorator' retrieved from /home/airflow/.local/lib/python3.8/site-packages/airflow/example_dags/example_short_circuit_decorator.py
[2023-12-20T06:09:42.667+0000] {logging_mixin.py:188} INFO - [2023-12-20T06:09:42.667+0000] {dag.py:3033} INFO - Sync 1 DAGs
[2023-12-20T06:09:42.753+0000] {logging_mixin.py:188} INFO - [2023-12-20T06:09:42.753+0000] {dag.py:3820} INFO - Setting next_dagrun for example_short_circuit_decorator to 2023-12-19T00:00:00+00:00, run_after=2023-12-20T00:00:00+00:00
[2023-12-20T06:09:42.841+0000] {processor.py:183} INFO - Processing /home/airflow/.local/lib/python3.8/site-packages/airflow/example_dags/example_short_circuit_decorator.py took 0.376 seconds
[2023-12-20T06:10:13.780+0000] {processor.py:161} INFO - Started process (PID=380) to work on /home/airflow/.local/lib/python3.8/site-packages/airflow/example_dags/example_short_circuit_decorator.py
[2023-12-20T06:10:13.820+0000] {processor.py:830} INFO - Processing file /home/airflow/.local/lib/python3.8/site-packages/airflow/example_dags/example_short_circuit_decorator.py for tasks to queue
[2023-12-20T06:10:13.827+0000] {logging_mixin.py:188} INFO - [2023-12-20T06:10:13.826+0000] {dagbag.py:538} INFO - Filling up the DagBag from /home/airflow/.local/lib/python3.8/site-packages/airflow/example_dags/example_short_circuit_decorator.py
[2023-12-20T06:10:13.904+0000] {processor.py:840} INFO - DAG(s) 'example_short_circuit_decorator' retrieved from /home/airflow/.local/lib/python3.8/site-packages/airflow/example_dags/example_short_circuit_decorator.py
[2023-12-20T06:10:14.016+0000] {logging_mixin.py:188} INFO - [2023-12-20T06:10:14.016+0000] {dag.py:3033} INFO - Sync 1 DAGs
[2023-12-20T06:10:14.156+0000] {logging_mixin.py:188} INFO - [2023-12-20T06:10:14.156+0000] {dag.py:3820} INFO - Setting next_dagrun for example_short_circuit_decorator to 2023-12-19T00:00:00+00:00, run_after=2023-12-20T00:00:00+00:00
[2023-12-20T06:10:14.278+0000] {processor.py:183} INFO - Processing /home/airflow/.local/lib/python3.8/site-packages/airflow/example_dags/example_short_circuit_decorator.py took 0.525 seconds
[2023-12-20T06:10:46.018+0000] {processor.py:161} INFO - Started process (PID=435) to work on /home/airflow/.local/lib/python3.8/site-packages/airflow/example_dags/example_short_circuit_decorator.py
[2023-12-20T06:10:46.060+0000] {processor.py:830} INFO - Processing file /home/airflow/.local/lib/python3.8/site-packages/airflow/example_dags/example_short_circuit_decorator.py for tasks to queue
[2023-12-20T06:10:46.064+0000] {logging_mixin.py:188} INFO - [2023-12-20T06:10:46.063+0000] {dagbag.py:538} INFO - Filling up the DagBag from /home/airflow/.local/lib/python3.8/site-packages/airflow/example_dags/example_short_circuit_decorator.py
[2023-12-20T06:10:46.160+0000] {processor.py:840} INFO - DAG(s) 'example_short_circuit_decorator' retrieved from /home/airflow/.local/lib/python3.8/site-packages/airflow/example_dags/example_short_circuit_decorator.py
[2023-12-20T06:10:46.406+0000] {logging_mixin.py:188} INFO - [2023-12-20T06:10:46.404+0000] {dag.py:3033} INFO - Sync 1 DAGs
[2023-12-20T06:10:46.626+0000] {logging_mixin.py:188} INFO - [2023-12-20T06:10:46.625+0000] {dag.py:3820} INFO - Setting next_dagrun for example_short_circuit_decorator to 2023-12-19T00:00:00+00:00, run_after=2023-12-20T00:00:00+00:00
[2023-12-20T06:10:46.808+0000] {processor.py:183} INFO - Processing /home/airflow/.local/lib/python3.8/site-packages/airflow/example_dags/example_short_circuit_decorator.py took 0.821 seconds
[2023-12-20T06:11:17.332+0000] {processor.py:161} INFO - Started process (PID=488) to work on /home/airflow/.local/lib/python3.8/site-packages/airflow/example_dags/example_short_circuit_decorator.py
[2023-12-20T06:11:17.341+0000] {processor.py:830} INFO - Processing file /home/airflow/.local/lib/python3.8/site-packages/airflow/example_dags/example_short_circuit_decorator.py for tasks to queue
[2023-12-20T06:11:17.346+0000] {logging_mixin.py:188} INFO - [2023-12-20T06:11:17.345+0000] {dagbag.py:538} INFO - Filling up the DagBag from /home/airflow/.local/lib/python3.8/site-packages/airflow/example_dags/example_short_circuit_decorator.py
[2023-12-20T06:11:17.391+0000] {processor.py:840} INFO - DAG(s) 'example_short_circuit_decorator' retrieved from /home/airflow/.local/lib/python3.8/site-packages/airflow/example_dags/example_short_circuit_decorator.py
[2023-12-20T06:11:17.575+0000] {logging_mixin.py:188} INFO - [2023-12-20T06:11:17.573+0000] {dag.py:3033} INFO - Sync 1 DAGs
[2023-12-20T06:11:17.770+0000] {logging_mixin.py:188} INFO - [2023-12-20T06:11:17.770+0000] {dag.py:3820} INFO - Setting next_dagrun for example_short_circuit_decorator to 2023-12-19T00:00:00+00:00, run_after=2023-12-20T00:00:00+00:00
[2023-12-20T06:11:18.033+0000] {processor.py:183} INFO - Processing /home/airflow/.local/lib/python3.8/site-packages/airflow/example_dags/example_short_circuit_decorator.py took 0.715 seconds
[2023-12-20T06:11:48.705+0000] {processor.py:161} INFO - Started process (PID=542) to work on /home/airflow/.local/lib/python3.8/site-packages/airflow/example_dags/example_short_circuit_decorator.py
[2023-12-20T06:11:48.744+0000] {processor.py:830} INFO - Processing file /home/airflow/.local/lib/python3.8/site-packages/airflow/example_dags/example_short_circuit_decorator.py for tasks to queue
[2023-12-20T06:11:48.748+0000] {logging_mixin.py:188} INFO - [2023-12-20T06:11:48.747+0000] {dagbag.py:538} INFO - Filling up the DagBag from /home/airflow/.local/lib/python3.8/site-packages/airflow/example_dags/example_short_circuit_decorator.py
[2023-12-20T06:11:48.858+0000] {processor.py:840} INFO - DAG(s) 'example_short_circuit_decorator' retrieved from /home/airflow/.local/lib/python3.8/site-packages/airflow/example_dags/example_short_circuit_decorator.py
[2023-12-20T06:11:49.044+0000] {logging_mixin.py:188} INFO - [2023-12-20T06:11:49.043+0000] {dag.py:3033} INFO - Sync 1 DAGs
[2023-12-20T06:11:49.191+0000] {logging_mixin.py:188} INFO - [2023-12-20T06:11:49.190+0000] {dag.py:3820} INFO - Setting next_dagrun for example_short_circuit_decorator to 2023-12-19T00:00:00+00:00, run_after=2023-12-20T00:00:00+00:00
[2023-12-20T06:11:49.321+0000] {processor.py:183} INFO - Processing /home/airflow/.local/lib/python3.8/site-packages/airflow/example_dags/example_short_circuit_decorator.py took 0.661 seconds
[2023-12-20T06:12:19.944+0000] {processor.py:161} INFO - Started process (PID=597) to work on /home/airflow/.local/lib/python3.8/site-packages/airflow/example_dags/example_short_circuit_decorator.py
[2023-12-20T06:12:19.950+0000] {processor.py:830} INFO - Processing file /home/airflow/.local/lib/python3.8/site-packages/airflow/example_dags/example_short_circuit_decorator.py for tasks to queue
[2023-12-20T06:12:19.994+0000] {logging_mixin.py:188} INFO - [2023-12-20T06:12:19.993+0000] {dagbag.py:538} INFO - Filling up the DagBag from /home/airflow/.local/lib/python3.8/site-packages/airflow/example_dags/example_short_circuit_decorator.py
[2023-12-20T06:12:20.066+0000] {processor.py:840} INFO - DAG(s) 'example_short_circuit_decorator' retrieved from /home/airflow/.local/lib/python3.8/site-packages/airflow/example_dags/example_short_circuit_decorator.py
[2023-12-20T06:12:20.486+0000] {logging_mixin.py:188} INFO - [2023-12-20T06:12:20.486+0000] {dag.py:3033} INFO - Sync 1 DAGs
[2023-12-20T06:12:20.833+0000] {logging_mixin.py:188} INFO - [2023-12-20T06:12:20.833+0000] {dag.py:3820} INFO - Setting next_dagrun for example_short_circuit_decorator to 2023-12-19T00:00:00+00:00, run_after=2023-12-20T00:00:00+00:00
[2023-12-20T06:12:21.025+0000] {processor.py:183} INFO - Processing /home/airflow/.local/lib/python3.8/site-packages/airflow/example_dags/example_short_circuit_decorator.py took 1.098 seconds
[2023-12-20T06:12:58.520+0000] {processor.py:161} INFO - Started process (PID=653) to work on /home/airflow/.local/lib/python3.8/site-packages/airflow/example_dags/example_short_circuit_decorator.py
[2023-12-20T06:12:58.549+0000] {processor.py:830} INFO - Processing file /home/airflow/.local/lib/python3.8/site-packages/airflow/example_dags/example_short_circuit_decorator.py for tasks to queue
[2023-12-20T06:12:58.575+0000] {logging_mixin.py:188} INFO - [2023-12-20T06:12:58.552+0000] {dagbag.py:538} INFO - Filling up the DagBag from /home/airflow/.local/lib/python3.8/site-packages/airflow/example_dags/example_short_circuit_decorator.py
[2023-12-20T06:12:58.897+0000] {processor.py:840} INFO - DAG(s) 'example_short_circuit_decorator' retrieved from /home/airflow/.local/lib/python3.8/site-packages/airflow/example_dags/example_short_circuit_decorator.py
[2023-12-20T06:12:59.326+0000] {logging_mixin.py:188} INFO - [2023-12-20T06:12:59.321+0000] {dag.py:3033} INFO - Sync 1 DAGs
[2023-12-20T06:12:59.995+0000] {logging_mixin.py:188} INFO - [2023-12-20T06:12:59.994+0000] {dag.py:3820} INFO - Setting next_dagrun for example_short_circuit_decorator to 2023-12-19T00:00:00+00:00, run_after=2023-12-20T00:00:00+00:00
[2023-12-20T06:13:00.458+0000] {processor.py:183} INFO - Processing /home/airflow/.local/lib/python3.8/site-packages/airflow/example_dags/example_short_circuit_decorator.py took 2.013 seconds
[2023-12-20T06:13:34.937+0000] {processor.py:161} INFO - Started process (PID=708) to work on /home/airflow/.local/lib/python3.8/site-packages/airflow/example_dags/example_short_circuit_decorator.py
[2023-12-20T06:13:34.943+0000] {processor.py:830} INFO - Processing file /home/airflow/.local/lib/python3.8/site-packages/airflow/example_dags/example_short_circuit_decorator.py for tasks to queue
[2023-12-20T06:13:34.954+0000] {logging_mixin.py:188} INFO - [2023-12-20T06:13:34.953+0000] {dagbag.py:538} INFO - Filling up the DagBag from /home/airflow/.local/lib/python3.8/site-packages/airflow/example_dags/example_short_circuit_decorator.py
[2023-12-20T06:13:35.056+0000] {processor.py:840} INFO - DAG(s) 'example_short_circuit_decorator' retrieved from /home/airflow/.local/lib/python3.8/site-packages/airflow/example_dags/example_short_circuit_decorator.py
[2023-12-20T06:13:35.365+0000] {logging_mixin.py:188} INFO - [2023-12-20T06:13:35.365+0000] {dag.py:3033} INFO - Sync 1 DAGs
[2023-12-20T06:13:35.614+0000] {logging_mixin.py:188} INFO - [2023-12-20T06:13:35.614+0000] {dag.py:3820} INFO - Setting next_dagrun for example_short_circuit_decorator to 2023-12-19T00:00:00+00:00, run_after=2023-12-20T00:00:00+00:00
[2023-12-20T06:13:35.863+0000] {processor.py:183} INFO - Processing /home/airflow/.local/lib/python3.8/site-packages/airflow/example_dags/example_short_circuit_decorator.py took 0.942 seconds
[2023-12-20T06:14:13.807+0000] {processor.py:161} INFO - Started process (PID=758) to work on /home/airflow/.local/lib/python3.8/site-packages/airflow/example_dags/example_short_circuit_decorator.py
[2023-12-20T06:14:13.817+0000] {processor.py:830} INFO - Processing file /home/airflow/.local/lib/python3.8/site-packages/airflow/example_dags/example_short_circuit_decorator.py for tasks to queue
[2023-12-20T06:14:13.877+0000] {logging_mixin.py:188} INFO - [2023-12-20T06:14:13.868+0000] {dagbag.py:538} INFO - Filling up the DagBag from /home/airflow/.local/lib/python3.8/site-packages/airflow/example_dags/example_short_circuit_decorator.py
[2023-12-20T06:14:13.999+0000] {processor.py:840} INFO - DAG(s) 'example_short_circuit_decorator' retrieved from /home/airflow/.local/lib/python3.8/site-packages/airflow/example_dags/example_short_circuit_decorator.py
[2023-12-20T06:14:14.330+0000] {logging_mixin.py:188} INFO - [2023-12-20T06:14:14.329+0000] {dag.py:3033} INFO - Sync 1 DAGs
[2023-12-20T06:14:14.868+0000] {logging_mixin.py:188} INFO - [2023-12-20T06:14:14.868+0000] {dag.py:3820} INFO - Setting next_dagrun for example_short_circuit_decorator to 2023-12-19T00:00:00+00:00, run_after=2023-12-20T00:00:00+00:00
[2023-12-20T06:14:15.304+0000] {processor.py:183} INFO - Processing /home/airflow/.local/lib/python3.8/site-packages/airflow/example_dags/example_short_circuit_decorator.py took 1.557 seconds
[2023-12-20T06:14:46.764+0000] {processor.py:161} INFO - Started process (PID=809) to work on /home/airflow/.local/lib/python3.8/site-packages/airflow/example_dags/example_short_circuit_decorator.py
[2023-12-20T06:14:46.834+0000] {processor.py:830} INFO - Processing file /home/airflow/.local/lib/python3.8/site-packages/airflow/example_dags/example_short_circuit_decorator.py for tasks to queue
[2023-12-20T06:14:46.850+0000] {logging_mixin.py:188} INFO - [2023-12-20T06:14:46.849+0000] {dagbag.py:538} INFO - Filling up the DagBag from /home/airflow/.local/lib/python3.8/site-packages/airflow/example_dags/example_short_circuit_decorator.py
[2023-12-20T06:14:47.056+0000] {processor.py:840} INFO - DAG(s) 'example_short_circuit_decorator' retrieved from /home/airflow/.local/lib/python3.8/site-packages/airflow/example_dags/example_short_circuit_decorator.py
[2023-12-20T06:14:47.634+0000] {logging_mixin.py:188} INFO - [2023-12-20T06:14:47.633+0000] {dag.py:3033} INFO - Sync 1 DAGs
[2023-12-20T06:14:48.156+0000] {logging_mixin.py:188} INFO - [2023-12-20T06:14:48.155+0000] {dag.py:3820} INFO - Setting next_dagrun for example_short_circuit_decorator to 2023-12-19T00:00:00+00:00, run_after=2023-12-20T00:00:00+00:00
[2023-12-20T06:14:48.626+0000] {processor.py:183} INFO - Processing /home/airflow/.local/lib/python3.8/site-packages/airflow/example_dags/example_short_circuit_decorator.py took 1.928 seconds
[2023-12-20T06:15:19.332+0000] {processor.py:161} INFO - Started process (PID=864) to work on /home/airflow/.local/lib/python3.8/site-packages/airflow/example_dags/example_short_circuit_decorator.py
[2023-12-20T06:15:19.369+0000] {processor.py:830} INFO - Processing file /home/airflow/.local/lib/python3.8/site-packages/airflow/example_dags/example_short_circuit_decorator.py for tasks to queue
[2023-12-20T06:15:19.376+0000] {logging_mixin.py:188} INFO - [2023-12-20T06:15:19.376+0000] {dagbag.py:538} INFO - Filling up the DagBag from /home/airflow/.local/lib/python3.8/site-packages/airflow/example_dags/example_short_circuit_decorator.py
[2023-12-20T06:15:19.437+0000] {processor.py:840} INFO - DAG(s) 'example_short_circuit_decorator' retrieved from /home/airflow/.local/lib/python3.8/site-packages/airflow/example_dags/example_short_circuit_decorator.py
[2023-12-20T06:15:19.758+0000] {logging_mixin.py:188} INFO - [2023-12-20T06:15:19.757+0000] {dag.py:3033} INFO - Sync 1 DAGs
[2023-12-20T06:15:20.162+0000] {logging_mixin.py:188} INFO - [2023-12-20T06:15:20.157+0000] {dag.py:3820} INFO - Setting next_dagrun for example_short_circuit_decorator to 2023-12-19T00:00:00+00:00, run_after=2023-12-20T00:00:00+00:00
[2023-12-20T06:15:20.472+0000] {processor.py:183} INFO - Processing /home/airflow/.local/lib/python3.8/site-packages/airflow/example_dags/example_short_circuit_decorator.py took 1.161 seconds
[2023-12-20T06:15:50.671+0000] {processor.py:161} INFO - Started process (PID=919) to work on /home/airflow/.local/lib/python3.8/site-packages/airflow/example_dags/example_short_circuit_decorator.py
[2023-12-20T06:15:50.674+0000] {processor.py:830} INFO - Processing file /home/airflow/.local/lib/python3.8/site-packages/airflow/example_dags/example_short_circuit_decorator.py for tasks to queue
[2023-12-20T06:15:50.682+0000] {logging_mixin.py:188} INFO - [2023-12-20T06:15:50.682+0000] {dagbag.py:538} INFO - Filling up the DagBag from /home/airflow/.local/lib/python3.8/site-packages/airflow/example_dags/example_short_circuit_decorator.py
[2023-12-20T06:15:50.736+0000] {processor.py:840} INFO - DAG(s) 'example_short_circuit_decorator' retrieved from /home/airflow/.local/lib/python3.8/site-packages/airflow/example_dags/example_short_circuit_decorator.py
[2023-12-20T06:15:50.878+0000] {logging_mixin.py:188} INFO - [2023-12-20T06:15:50.878+0000] {dag.py:3033} INFO - Sync 1 DAGs
[2023-12-20T06:15:50.957+0000] {logging_mixin.py:188} INFO - [2023-12-20T06:15:50.956+0000] {dag.py:3820} INFO - Setting next_dagrun for example_short_circuit_decorator to 2023-12-19T00:00:00+00:00, run_after=2023-12-20T00:00:00+00:00
[2023-12-20T06:15:51.059+0000] {processor.py:183} INFO - Processing /home/airflow/.local/lib/python3.8/site-packages/airflow/example_dags/example_short_circuit_decorator.py took 0.407 seconds
[2023-12-20T06:16:21.538+0000] {processor.py:161} INFO - Started process (PID=974) to work on /home/airflow/.local/lib/python3.8/site-packages/airflow/example_dags/example_short_circuit_decorator.py
[2023-12-20T06:16:21.554+0000] {processor.py:830} INFO - Processing file /home/airflow/.local/lib/python3.8/site-packages/airflow/example_dags/example_short_circuit_decorator.py for tasks to queue
[2023-12-20T06:16:21.570+0000] {logging_mixin.py:188} INFO - [2023-12-20T06:16:21.570+0000] {dagbag.py:538} INFO - Filling up the DagBag from /home/airflow/.local/lib/python3.8/site-packages/airflow/example_dags/example_short_circuit_decorator.py
[2023-12-20T06:16:21.618+0000] {processor.py:840} INFO - DAG(s) 'example_short_circuit_decorator' retrieved from /home/airflow/.local/lib/python3.8/site-packages/airflow/example_dags/example_short_circuit_decorator.py
[2023-12-20T06:16:21.699+0000] {logging_mixin.py:188} INFO - [2023-12-20T06:16:21.699+0000] {dag.py:3033} INFO - Sync 1 DAGs
[2023-12-20T06:16:21.905+0000] {logging_mixin.py:188} INFO - [2023-12-20T06:16:21.902+0000] {dag.py:3820} INFO - Setting next_dagrun for example_short_circuit_decorator to 2023-12-19T00:00:00+00:00, run_after=2023-12-20T00:00:00+00:00
[2023-12-20T06:16:22.077+0000] {processor.py:183} INFO - Processing /home/airflow/.local/lib/python3.8/site-packages/airflow/example_dags/example_short_circuit_decorator.py took 0.567 seconds
[2023-12-20T06:16:52.695+0000] {processor.py:161} INFO - Started process (PID=1028) to work on /home/airflow/.local/lib/python3.8/site-packages/airflow/example_dags/example_short_circuit_decorator.py
[2023-12-20T06:16:52.696+0000] {processor.py:830} INFO - Processing file /home/airflow/.local/lib/python3.8/site-packages/airflow/example_dags/example_short_circuit_decorator.py for tasks to queue
[2023-12-20T06:16:52.709+0000] {logging_mixin.py:188} INFO - [2023-12-20T06:16:52.704+0000] {dagbag.py:538} INFO - Filling up the DagBag from /home/airflow/.local/lib/python3.8/site-packages/airflow/example_dags/example_short_circuit_decorator.py
[2023-12-20T06:16:52.771+0000] {processor.py:840} INFO - DAG(s) 'example_short_circuit_decorator' retrieved from /home/airflow/.local/lib/python3.8/site-packages/airflow/example_dags/example_short_circuit_decorator.py
[2023-12-20T06:16:52.869+0000] {logging_mixin.py:188} INFO - [2023-12-20T06:16:52.869+0000] {dag.py:3033} INFO - Sync 1 DAGs
[2023-12-20T06:16:53.047+0000] {logging_mixin.py:188} INFO - [2023-12-20T06:16:53.047+0000] {dag.py:3820} INFO - Setting next_dagrun for example_short_circuit_decorator to 2023-12-19T00:00:00+00:00, run_after=2023-12-20T00:00:00+00:00
[2023-12-20T06:16:53.261+0000] {processor.py:183} INFO - Processing /home/airflow/.local/lib/python3.8/site-packages/airflow/example_dags/example_short_circuit_decorator.py took 0.585 seconds
[2023-12-20T06:17:23.589+0000] {processor.py:161} INFO - Started process (PID=1082) to work on /home/airflow/.local/lib/python3.8/site-packages/airflow/example_dags/example_short_circuit_decorator.py
[2023-12-20T06:17:23.618+0000] {processor.py:830} INFO - Processing file /home/airflow/.local/lib/python3.8/site-packages/airflow/example_dags/example_short_circuit_decorator.py for tasks to queue
[2023-12-20T06:17:23.624+0000] {logging_mixin.py:188} INFO - [2023-12-20T06:17:23.623+0000] {dagbag.py:538} INFO - Filling up the DagBag from /home/airflow/.local/lib/python3.8/site-packages/airflow/example_dags/example_short_circuit_decorator.py
[2023-12-20T06:17:23.756+0000] {processor.py:840} INFO - DAG(s) 'example_short_circuit_decorator' retrieved from /home/airflow/.local/lib/python3.8/site-packages/airflow/example_dags/example_short_circuit_decorator.py
[2023-12-20T06:17:24.037+0000] {logging_mixin.py:188} INFO - [2023-12-20T06:17:24.037+0000] {dag.py:3033} INFO - Sync 1 DAGs
[2023-12-20T06:17:24.239+0000] {logging_mixin.py:188} INFO - [2023-12-20T06:17:24.238+0000] {dag.py:3820} INFO - Setting next_dagrun for example_short_circuit_decorator to 2023-12-19T00:00:00+00:00, run_after=2023-12-20T00:00:00+00:00
[2023-12-20T06:17:24.457+0000] {processor.py:183} INFO - Processing /home/airflow/.local/lib/python3.8/site-packages/airflow/example_dags/example_short_circuit_decorator.py took 0.886 seconds
[2023-12-20T06:17:54.566+0000] {processor.py:161} INFO - Started process (PID=1135) to work on /home/airflow/.local/lib/python3.8/site-packages/airflow/example_dags/example_short_circuit_decorator.py
[2023-12-20T06:17:54.569+0000] {processor.py:830} INFO - Processing file /home/airflow/.local/lib/python3.8/site-packages/airflow/example_dags/example_short_circuit_decorator.py for tasks to queue
[2023-12-20T06:17:54.573+0000] {logging_mixin.py:188} INFO - [2023-12-20T06:17:54.573+0000] {dagbag.py:538} INFO - Filling up the DagBag from /home/airflow/.local/lib/python3.8/site-packages/airflow/example_dags/example_short_circuit_decorator.py
[2023-12-20T06:17:54.597+0000] {processor.py:840} INFO - DAG(s) 'example_short_circuit_decorator' retrieved from /home/airflow/.local/lib/python3.8/site-packages/airflow/example_dags/example_short_circuit_decorator.py
[2023-12-20T06:17:54.664+0000] {logging_mixin.py:188} INFO - [2023-12-20T06:17:54.664+0000] {dag.py:3033} INFO - Sync 1 DAGs
[2023-12-20T06:17:54.728+0000] {logging_mixin.py:188} INFO - [2023-12-20T06:17:54.728+0000] {dag.py:3820} INFO - Setting next_dagrun for example_short_circuit_decorator to 2023-12-19T00:00:00+00:00, run_after=2023-12-20T00:00:00+00:00
[2023-12-20T06:17:54.809+0000] {processor.py:183} INFO - Processing /home/airflow/.local/lib/python3.8/site-packages/airflow/example_dags/example_short_circuit_decorator.py took 0.250 seconds
[2023-12-20T06:18:24.988+0000] {processor.py:161} INFO - Started process (PID=1190) to work on /home/airflow/.local/lib/python3.8/site-packages/airflow/example_dags/example_short_circuit_decorator.py
[2023-12-20T06:18:24.998+0000] {processor.py:830} INFO - Processing file /home/airflow/.local/lib/python3.8/site-packages/airflow/example_dags/example_short_circuit_decorator.py for tasks to queue
[2023-12-20T06:18:25.004+0000] {logging_mixin.py:188} INFO - [2023-12-20T06:18:25.004+0000] {dagbag.py:538} INFO - Filling up the DagBag from /home/airflow/.local/lib/python3.8/site-packages/airflow/example_dags/example_short_circuit_decorator.py
[2023-12-20T06:18:25.077+0000] {processor.py:840} INFO - DAG(s) 'example_short_circuit_decorator' retrieved from /home/airflow/.local/lib/python3.8/site-packages/airflow/example_dags/example_short_circuit_decorator.py
[2023-12-20T06:18:25.236+0000] {logging_mixin.py:188} INFO - [2023-12-20T06:18:25.232+0000] {dag.py:3033} INFO - Sync 1 DAGs
[2023-12-20T06:18:25.410+0000] {logging_mixin.py:188} INFO - [2023-12-20T06:18:25.403+0000] {dag.py:3820} INFO - Setting next_dagrun for example_short_circuit_decorator to 2023-12-19T00:00:00+00:00, run_after=2023-12-20T00:00:00+00:00
[2023-12-20T06:18:25.524+0000] {processor.py:183} INFO - Processing /home/airflow/.local/lib/python3.8/site-packages/airflow/example_dags/example_short_circuit_decorator.py took 0.553 seconds
[2023-12-20T06:18:55.886+0000] {processor.py:161} INFO - Started process (PID=1245) to work on /home/airflow/.local/lib/python3.8/site-packages/airflow/example_dags/example_short_circuit_decorator.py
[2023-12-20T06:18:55.920+0000] {processor.py:830} INFO - Processing file /home/airflow/.local/lib/python3.8/site-packages/airflow/example_dags/example_short_circuit_decorator.py for tasks to queue
[2023-12-20T06:18:55.924+0000] {logging_mixin.py:188} INFO - [2023-12-20T06:18:55.923+0000] {dagbag.py:538} INFO - Filling up the DagBag from /home/airflow/.local/lib/python3.8/site-packages/airflow/example_dags/example_short_circuit_decorator.py
[2023-12-20T06:18:55.946+0000] {processor.py:840} INFO - DAG(s) 'example_short_circuit_decorator' retrieved from /home/airflow/.local/lib/python3.8/site-packages/airflow/example_dags/example_short_circuit_decorator.py
[2023-12-20T06:18:56.024+0000] {logging_mixin.py:188} INFO - [2023-12-20T06:18:56.023+0000] {dag.py:3033} INFO - Sync 1 DAGs
[2023-12-20T06:18:56.085+0000] {logging_mixin.py:188} INFO - [2023-12-20T06:18:56.084+0000] {dag.py:3820} INFO - Setting next_dagrun for example_short_circuit_decorator to 2023-12-19T00:00:00+00:00, run_after=2023-12-20T00:00:00+00:00
[2023-12-20T06:18:56.177+0000] {processor.py:183} INFO - Processing /home/airflow/.local/lib/python3.8/site-packages/airflow/example_dags/example_short_circuit_decorator.py took 0.298 seconds
[2023-12-20T06:19:26.740+0000] {processor.py:161} INFO - Started process (PID=1301) to work on /home/airflow/.local/lib/python3.8/site-packages/airflow/example_dags/example_short_circuit_decorator.py
[2023-12-20T06:19:26.753+0000] {processor.py:830} INFO - Processing file /home/airflow/.local/lib/python3.8/site-packages/airflow/example_dags/example_short_circuit_decorator.py for tasks to queue
[2023-12-20T06:19:26.761+0000] {logging_mixin.py:188} INFO - [2023-12-20T06:19:26.760+0000] {dagbag.py:538} INFO - Filling up the DagBag from /home/airflow/.local/lib/python3.8/site-packages/airflow/example_dags/example_short_circuit_decorator.py
[2023-12-20T06:19:26.792+0000] {processor.py:840} INFO - DAG(s) 'example_short_circuit_decorator' retrieved from /home/airflow/.local/lib/python3.8/site-packages/airflow/example_dags/example_short_circuit_decorator.py
[2023-12-20T06:19:26.862+0000] {logging_mixin.py:188} INFO - [2023-12-20T06:19:26.862+0000] {dag.py:3033} INFO - Sync 1 DAGs
[2023-12-20T06:19:26.937+0000] {logging_mixin.py:188} INFO - [2023-12-20T06:19:26.936+0000] {dag.py:3820} INFO - Setting next_dagrun for example_short_circuit_decorator to 2023-12-19T00:00:00+00:00, run_after=2023-12-20T00:00:00+00:00
[2023-12-20T06:19:27.028+0000] {processor.py:183} INFO - Processing /home/airflow/.local/lib/python3.8/site-packages/airflow/example_dags/example_short_circuit_decorator.py took 0.295 seconds
[2023-12-20T06:19:57.623+0000] {processor.py:161} INFO - Started process (PID=1356) to work on /home/airflow/.local/lib/python3.8/site-packages/airflow/example_dags/example_short_circuit_decorator.py
[2023-12-20T06:19:57.644+0000] {processor.py:830} INFO - Processing file /home/airflow/.local/lib/python3.8/site-packages/airflow/example_dags/example_short_circuit_decorator.py for tasks to queue
[2023-12-20T06:19:57.649+0000] {logging_mixin.py:188} INFO - [2023-12-20T06:19:57.648+0000] {dagbag.py:538} INFO - Filling up the DagBag from /home/airflow/.local/lib/python3.8/site-packages/airflow/example_dags/example_short_circuit_decorator.py
[2023-12-20T06:19:57.673+0000] {processor.py:840} INFO - DAG(s) 'example_short_circuit_decorator' retrieved from /home/airflow/.local/lib/python3.8/site-packages/airflow/example_dags/example_short_circuit_decorator.py
[2023-12-20T06:19:57.751+0000] {logging_mixin.py:188} INFO - [2023-12-20T06:19:57.750+0000] {dag.py:3033} INFO - Sync 1 DAGs
[2023-12-20T06:19:57.851+0000] {logging_mixin.py:188} INFO - [2023-12-20T06:19:57.851+0000] {dag.py:3820} INFO - Setting next_dagrun for example_short_circuit_decorator to 2023-12-19T00:00:00+00:00, run_after=2023-12-20T00:00:00+00:00
[2023-12-20T06:19:57.954+0000] {processor.py:183} INFO - Processing /home/airflow/.local/lib/python3.8/site-packages/airflow/example_dags/example_short_circuit_decorator.py took 0.338 seconds
[2023-12-20T06:20:28.877+0000] {processor.py:161} INFO - Started process (PID=1411) to work on /home/airflow/.local/lib/python3.8/site-packages/airflow/example_dags/example_short_circuit_decorator.py
[2023-12-20T06:20:28.879+0000] {processor.py:830} INFO - Processing file /home/airflow/.local/lib/python3.8/site-packages/airflow/example_dags/example_short_circuit_decorator.py for tasks to queue
[2023-12-20T06:20:28.885+0000] {logging_mixin.py:188} INFO - [2023-12-20T06:20:28.885+0000] {dagbag.py:538} INFO - Filling up the DagBag from /home/airflow/.local/lib/python3.8/site-packages/airflow/example_dags/example_short_circuit_decorator.py
[2023-12-20T06:20:28.918+0000] {processor.py:840} INFO - DAG(s) 'example_short_circuit_decorator' retrieved from /home/airflow/.local/lib/python3.8/site-packages/airflow/example_dags/example_short_circuit_decorator.py
[2023-12-20T06:20:29.029+0000] {logging_mixin.py:188} INFO - [2023-12-20T06:20:29.029+0000] {dag.py:3033} INFO - Sync 1 DAGs
[2023-12-20T06:20:29.117+0000] {logging_mixin.py:188} INFO - [2023-12-20T06:20:29.117+0000] {dag.py:3820} INFO - Setting next_dagrun for example_short_circuit_decorator to 2023-12-19T00:00:00+00:00, run_after=2023-12-20T00:00:00+00:00
[2023-12-20T06:20:29.211+0000] {processor.py:183} INFO - Processing /home/airflow/.local/lib/python3.8/site-packages/airflow/example_dags/example_short_circuit_decorator.py took 0.342 seconds
[2023-12-20T06:20:59.524+0000] {processor.py:161} INFO - Started process (PID=1465) to work on /home/airflow/.local/lib/python3.8/site-packages/airflow/example_dags/example_short_circuit_decorator.py
[2023-12-20T06:20:59.576+0000] {processor.py:830} INFO - Processing file /home/airflow/.local/lib/python3.8/site-packages/airflow/example_dags/example_short_circuit_decorator.py for tasks to queue
[2023-12-20T06:20:59.580+0000] {logging_mixin.py:188} INFO - [2023-12-20T06:20:59.580+0000] {dagbag.py:538} INFO - Filling up the DagBag from /home/airflow/.local/lib/python3.8/site-packages/airflow/example_dags/example_short_circuit_decorator.py
[2023-12-20T06:20:59.648+0000] {processor.py:840} INFO - DAG(s) 'example_short_circuit_decorator' retrieved from /home/airflow/.local/lib/python3.8/site-packages/airflow/example_dags/example_short_circuit_decorator.py
[2023-12-20T06:20:59.779+0000] {logging_mixin.py:188} INFO - [2023-12-20T06:20:59.778+0000] {dag.py:3033} INFO - Sync 1 DAGs
[2023-12-20T06:20:59.836+0000] {logging_mixin.py:188} INFO - [2023-12-20T06:20:59.835+0000] {dag.py:3820} INFO - Setting next_dagrun for example_short_circuit_decorator to 2023-12-19T00:00:00+00:00, run_after=2023-12-20T00:00:00+00:00
[2023-12-20T06:20:59.922+0000] {processor.py:183} INFO - Processing /home/airflow/.local/lib/python3.8/site-packages/airflow/example_dags/example_short_circuit_decorator.py took 0.406 seconds
[2023-12-20T06:21:31.171+0000] {processor.py:161} INFO - Started process (PID=1514) to work on /home/airflow/.local/lib/python3.8/site-packages/airflow/example_dags/example_short_circuit_decorator.py
[2023-12-20T06:21:31.212+0000] {processor.py:830} INFO - Processing file /home/airflow/.local/lib/python3.8/site-packages/airflow/example_dags/example_short_circuit_decorator.py for tasks to queue
[2023-12-20T06:21:31.220+0000] {logging_mixin.py:188} INFO - [2023-12-20T06:21:31.219+0000] {dagbag.py:538} INFO - Filling up the DagBag from /home/airflow/.local/lib/python3.8/site-packages/airflow/example_dags/example_short_circuit_decorator.py
[2023-12-20T06:21:31.246+0000] {processor.py:840} INFO - DAG(s) 'example_short_circuit_decorator' retrieved from /home/airflow/.local/lib/python3.8/site-packages/airflow/example_dags/example_short_circuit_decorator.py
[2023-12-20T06:21:31.344+0000] {logging_mixin.py:188} INFO - [2023-12-20T06:21:31.343+0000] {dag.py:3033} INFO - Sync 1 DAGs
[2023-12-20T06:21:31.427+0000] {logging_mixin.py:188} INFO - [2023-12-20T06:21:31.426+0000] {dag.py:3820} INFO - Setting next_dagrun for example_short_circuit_decorator to 2023-12-19T00:00:00+00:00, run_after=2023-12-20T00:00:00+00:00
[2023-12-20T06:21:31.514+0000] {processor.py:183} INFO - Processing /home/airflow/.local/lib/python3.8/site-packages/airflow/example_dags/example_short_circuit_decorator.py took 0.356 seconds
[2023-12-20T06:22:02.437+0000] {processor.py:161} INFO - Started process (PID=1570) to work on /home/airflow/.local/lib/python3.8/site-packages/airflow/example_dags/example_short_circuit_decorator.py
[2023-12-20T06:22:02.445+0000] {processor.py:830} INFO - Processing file /home/airflow/.local/lib/python3.8/site-packages/airflow/example_dags/example_short_circuit_decorator.py for tasks to queue
[2023-12-20T06:22:02.454+0000] {logging_mixin.py:188} INFO - [2023-12-20T06:22:02.453+0000] {dagbag.py:538} INFO - Filling up the DagBag from /home/airflow/.local/lib/python3.8/site-packages/airflow/example_dags/example_short_circuit_decorator.py
[2023-12-20T06:22:02.497+0000] {processor.py:840} INFO - DAG(s) 'example_short_circuit_decorator' retrieved from /home/airflow/.local/lib/python3.8/site-packages/airflow/example_dags/example_short_circuit_decorator.py
[2023-12-20T06:22:02.570+0000] {logging_mixin.py:188} INFO - [2023-12-20T06:22:02.570+0000] {dag.py:3033} INFO - Sync 1 DAGs
[2023-12-20T06:22:02.729+0000] {logging_mixin.py:188} INFO - [2023-12-20T06:22:02.729+0000] {dag.py:3820} INFO - Setting next_dagrun for example_short_circuit_decorator to 2023-12-19T00:00:00+00:00, run_after=2023-12-20T00:00:00+00:00
[2023-12-20T06:22:02.850+0000] {processor.py:183} INFO - Processing /home/airflow/.local/lib/python3.8/site-packages/airflow/example_dags/example_short_circuit_decorator.py took 0.425 seconds
[2023-12-20T06:22:33.454+0000] {processor.py:161} INFO - Started process (PID=1624) to work on /home/airflow/.local/lib/python3.8/site-packages/airflow/example_dags/example_short_circuit_decorator.py
[2023-12-20T06:22:33.488+0000] {processor.py:830} INFO - Processing file /home/airflow/.local/lib/python3.8/site-packages/airflow/example_dags/example_short_circuit_decorator.py for tasks to queue
[2023-12-20T06:22:33.490+0000] {logging_mixin.py:188} INFO - [2023-12-20T06:22:33.490+0000] {dagbag.py:538} INFO - Filling up the DagBag from /home/airflow/.local/lib/python3.8/site-packages/airflow/example_dags/example_short_circuit_decorator.py
[2023-12-20T06:22:33.527+0000] {processor.py:840} INFO - DAG(s) 'example_short_circuit_decorator' retrieved from /home/airflow/.local/lib/python3.8/site-packages/airflow/example_dags/example_short_circuit_decorator.py
[2023-12-20T06:22:33.601+0000] {logging_mixin.py:188} INFO - [2023-12-20T06:22:33.600+0000] {dag.py:3033} INFO - Sync 1 DAGs
[2023-12-20T06:22:33.672+0000] {logging_mixin.py:188} INFO - [2023-12-20T06:22:33.672+0000] {dag.py:3820} INFO - Setting next_dagrun for example_short_circuit_decorator to 2023-12-19T00:00:00+00:00, run_after=2023-12-20T00:00:00+00:00
[2023-12-20T06:22:33.786+0000] {processor.py:183} INFO - Processing /home/airflow/.local/lib/python3.8/site-packages/airflow/example_dags/example_short_circuit_decorator.py took 0.351 seconds
[2023-12-20T06:23:03.992+0000] {processor.py:161} INFO - Started process (PID=1679) to work on /home/airflow/.local/lib/python3.8/site-packages/airflow/example_dags/example_short_circuit_decorator.py
[2023-12-20T06:23:03.994+0000] {processor.py:830} INFO - Processing file /home/airflow/.local/lib/python3.8/site-packages/airflow/example_dags/example_short_circuit_decorator.py for tasks to queue
[2023-12-20T06:23:03.996+0000] {logging_mixin.py:188} INFO - [2023-12-20T06:23:03.995+0000] {dagbag.py:538} INFO - Filling up the DagBag from /home/airflow/.local/lib/python3.8/site-packages/airflow/example_dags/example_short_circuit_decorator.py
[2023-12-20T06:23:04.026+0000] {processor.py:840} INFO - DAG(s) 'example_short_circuit_decorator' retrieved from /home/airflow/.local/lib/python3.8/site-packages/airflow/example_dags/example_short_circuit_decorator.py
[2023-12-20T06:23:04.104+0000] {logging_mixin.py:188} INFO - [2023-12-20T06:23:04.104+0000] {dag.py:3033} INFO - Sync 1 DAGs
[2023-12-20T06:23:04.178+0000] {logging_mixin.py:188} INFO - [2023-12-20T06:23:04.177+0000] {dag.py:3820} INFO - Setting next_dagrun for example_short_circuit_decorator to 2023-12-19T00:00:00+00:00, run_after=2023-12-20T00:00:00+00:00
[2023-12-20T06:23:04.261+0000] {processor.py:183} INFO - Processing /home/airflow/.local/lib/python3.8/site-packages/airflow/example_dags/example_short_circuit_decorator.py took 0.280 seconds
[2023-12-20T06:23:34.559+0000] {processor.py:161} INFO - Started process (PID=1734) to work on /home/airflow/.local/lib/python3.8/site-packages/airflow/example_dags/example_short_circuit_decorator.py
[2023-12-20T06:23:34.616+0000] {processor.py:830} INFO - Processing file /home/airflow/.local/lib/python3.8/site-packages/airflow/example_dags/example_short_circuit_decorator.py for tasks to queue
[2023-12-20T06:23:34.619+0000] {logging_mixin.py:188} INFO - [2023-12-20T06:23:34.618+0000] {dagbag.py:538} INFO - Filling up the DagBag from /home/airflow/.local/lib/python3.8/site-packages/airflow/example_dags/example_short_circuit_decorator.py
[2023-12-20T06:23:34.716+0000] {processor.py:840} INFO - DAG(s) 'example_short_circuit_decorator' retrieved from /home/airflow/.local/lib/python3.8/site-packages/airflow/example_dags/example_short_circuit_decorator.py
[2023-12-20T06:23:34.862+0000] {logging_mixin.py:188} INFO - [2023-12-20T06:23:34.862+0000] {dag.py:3033} INFO - Sync 1 DAGs
[2023-12-20T06:23:34.983+0000] {logging_mixin.py:188} INFO - [2023-12-20T06:23:34.982+0000] {dag.py:3820} INFO - Setting next_dagrun for example_short_circuit_decorator to 2023-12-19T00:00:00+00:00, run_after=2023-12-20T00:00:00+00:00
[2023-12-20T06:23:35.083+0000] {processor.py:183} INFO - Processing /home/airflow/.local/lib/python3.8/site-packages/airflow/example_dags/example_short_circuit_decorator.py took 0.547 seconds
[2023-12-20T06:24:07.185+0000] {processor.py:161} INFO - Started process (PID=1789) to work on /home/airflow/.local/lib/python3.8/site-packages/airflow/example_dags/example_short_circuit_decorator.py
[2023-12-20T06:24:07.191+0000] {processor.py:830} INFO - Processing file /home/airflow/.local/lib/python3.8/site-packages/airflow/example_dags/example_short_circuit_decorator.py for tasks to queue
[2023-12-20T06:24:07.201+0000] {logging_mixin.py:188} INFO - [2023-12-20T06:24:07.200+0000] {dagbag.py:538} INFO - Filling up the DagBag from /home/airflow/.local/lib/python3.8/site-packages/airflow/example_dags/example_short_circuit_decorator.py
[2023-12-20T06:24:07.377+0000] {processor.py:840} INFO - DAG(s) 'example_short_circuit_decorator' retrieved from /home/airflow/.local/lib/python3.8/site-packages/airflow/example_dags/example_short_circuit_decorator.py
[2023-12-20T06:24:07.741+0000] {logging_mixin.py:188} INFO - [2023-12-20T06:24:07.741+0000] {dag.py:3033} INFO - Sync 1 DAGs
[2023-12-20T06:24:08.016+0000] {logging_mixin.py:188} INFO - [2023-12-20T06:24:08.016+0000] {dag.py:3820} INFO - Setting next_dagrun for example_short_circuit_decorator to 2023-12-19T00:00:00+00:00, run_after=2023-12-20T00:00:00+00:00
[2023-12-20T06:24:08.369+0000] {processor.py:183} INFO - Processing /home/airflow/.local/lib/python3.8/site-packages/airflow/example_dags/example_short_circuit_decorator.py took 1.211 seconds
[2023-12-20T06:24:38.734+0000] {processor.py:161} INFO - Started process (PID=1842) to work on /home/airflow/.local/lib/python3.8/site-packages/airflow/example_dags/example_short_circuit_decorator.py
[2023-12-20T06:24:38.738+0000] {processor.py:830} INFO - Processing file /home/airflow/.local/lib/python3.8/site-packages/airflow/example_dags/example_short_circuit_decorator.py for tasks to queue
[2023-12-20T06:24:38.741+0000] {logging_mixin.py:188} INFO - [2023-12-20T06:24:38.740+0000] {dagbag.py:538} INFO - Filling up the DagBag from /home/airflow/.local/lib/python3.8/site-packages/airflow/example_dags/example_short_circuit_decorator.py
[2023-12-20T06:24:38.803+0000] {processor.py:840} INFO - DAG(s) 'example_short_circuit_decorator' retrieved from /home/airflow/.local/lib/python3.8/site-packages/airflow/example_dags/example_short_circuit_decorator.py
[2023-12-20T06:24:38.907+0000] {logging_mixin.py:188} INFO - [2023-12-20T06:24:38.906+0000] {dag.py:3033} INFO - Sync 1 DAGs
[2023-12-20T06:24:38.970+0000] {logging_mixin.py:188} INFO - [2023-12-20T06:24:38.970+0000] {dag.py:3820} INFO - Setting next_dagrun for example_short_circuit_decorator to 2023-12-19T00:00:00+00:00, run_after=2023-12-20T00:00:00+00:00
[2023-12-20T06:24:39.064+0000] {processor.py:183} INFO - Processing /home/airflow/.local/lib/python3.8/site-packages/airflow/example_dags/example_short_circuit_decorator.py took 0.343 seconds
[2023-12-20T06:25:09.554+0000] {processor.py:161} INFO - Started process (PID=1896) to work on /home/airflow/.local/lib/python3.8/site-packages/airflow/example_dags/example_short_circuit_decorator.py
[2023-12-20T06:25:09.590+0000] {processor.py:830} INFO - Processing file /home/airflow/.local/lib/python3.8/site-packages/airflow/example_dags/example_short_circuit_decorator.py for tasks to queue
[2023-12-20T06:25:09.592+0000] {logging_mixin.py:188} INFO - [2023-12-20T06:25:09.591+0000] {dagbag.py:538} INFO - Filling up the DagBag from /home/airflow/.local/lib/python3.8/site-packages/airflow/example_dags/example_short_circuit_decorator.py
[2023-12-20T06:25:09.617+0000] {processor.py:840} INFO - DAG(s) 'example_short_circuit_decorator' retrieved from /home/airflow/.local/lib/python3.8/site-packages/airflow/example_dags/example_short_circuit_decorator.py
[2023-12-20T06:25:09.682+0000] {logging_mixin.py:188} INFO - [2023-12-20T06:25:09.682+0000] {dag.py:3033} INFO - Sync 1 DAGs
[2023-12-20T06:25:09.741+0000] {logging_mixin.py:188} INFO - [2023-12-20T06:25:09.741+0000] {dag.py:3820} INFO - Setting next_dagrun for example_short_circuit_decorator to 2023-12-19T00:00:00+00:00, run_after=2023-12-20T00:00:00+00:00
[2023-12-20T06:25:09.791+0000] {processor.py:183} INFO - Processing /home/airflow/.local/lib/python3.8/site-packages/airflow/example_dags/example_short_circuit_decorator.py took 0.244 seconds
[2023-12-20T06:25:40.894+0000] {processor.py:161} INFO - Started process (PID=1951) to work on /home/airflow/.local/lib/python3.8/site-packages/airflow/example_dags/example_short_circuit_decorator.py
[2023-12-20T06:25:40.896+0000] {processor.py:830} INFO - Processing file /home/airflow/.local/lib/python3.8/site-packages/airflow/example_dags/example_short_circuit_decorator.py for tasks to queue
[2023-12-20T06:25:40.914+0000] {logging_mixin.py:188} INFO - [2023-12-20T06:25:40.914+0000] {dagbag.py:538} INFO - Filling up the DagBag from /home/airflow/.local/lib/python3.8/site-packages/airflow/example_dags/example_short_circuit_decorator.py
[2023-12-20T06:25:41.046+0000] {processor.py:840} INFO - DAG(s) 'example_short_circuit_decorator' retrieved from /home/airflow/.local/lib/python3.8/site-packages/airflow/example_dags/example_short_circuit_decorator.py
[2023-12-20T06:25:41.290+0000] {logging_mixin.py:188} INFO - [2023-12-20T06:25:41.289+0000] {dag.py:3033} INFO - Sync 1 DAGs
[2023-12-20T06:25:41.458+0000] {logging_mixin.py:188} INFO - [2023-12-20T06:25:41.458+0000] {dag.py:3820} INFO - Setting next_dagrun for example_short_circuit_decorator to 2023-12-19T00:00:00+00:00, run_after=2023-12-20T00:00:00+00:00
[2023-12-20T06:25:41.638+0000] {processor.py:183} INFO - Processing /home/airflow/.local/lib/python3.8/site-packages/airflow/example_dags/example_short_circuit_decorator.py took 0.776 seconds
[2023-12-20T06:26:11.864+0000] {processor.py:161} INFO - Started process (PID=2005) to work on /home/airflow/.local/lib/python3.8/site-packages/airflow/example_dags/example_short_circuit_decorator.py
[2023-12-20T06:26:11.900+0000] {processor.py:830} INFO - Processing file /home/airflow/.local/lib/python3.8/site-packages/airflow/example_dags/example_short_circuit_decorator.py for tasks to queue
[2023-12-20T06:26:11.902+0000] {logging_mixin.py:188} INFO - [2023-12-20T06:26:11.901+0000] {dagbag.py:538} INFO - Filling up the DagBag from /home/airflow/.local/lib/python3.8/site-packages/airflow/example_dags/example_short_circuit_decorator.py
[2023-12-20T06:26:11.928+0000] {processor.py:840} INFO - DAG(s) 'example_short_circuit_decorator' retrieved from /home/airflow/.local/lib/python3.8/site-packages/airflow/example_dags/example_short_circuit_decorator.py
[2023-12-20T06:26:11.994+0000] {logging_mixin.py:188} INFO - [2023-12-20T06:26:11.994+0000] {dag.py:3033} INFO - Sync 1 DAGs
[2023-12-20T06:26:12.078+0000] {logging_mixin.py:188} INFO - [2023-12-20T06:26:12.077+0000] {dag.py:3820} INFO - Setting next_dagrun for example_short_circuit_decorator to 2023-12-19T00:00:00+00:00, run_after=2023-12-20T00:00:00+00:00
[2023-12-20T06:26:12.195+0000] {processor.py:183} INFO - Processing /home/airflow/.local/lib/python3.8/site-packages/airflow/example_dags/example_short_circuit_decorator.py took 0.341 seconds
[2023-12-20T06:26:42.422+0000] {processor.py:161} INFO - Started process (PID=2060) to work on /home/airflow/.local/lib/python3.8/site-packages/airflow/example_dags/example_short_circuit_decorator.py
[2023-12-20T06:26:42.427+0000] {processor.py:830} INFO - Processing file /home/airflow/.local/lib/python3.8/site-packages/airflow/example_dags/example_short_circuit_decorator.py for tasks to queue
[2023-12-20T06:26:42.435+0000] {logging_mixin.py:188} INFO - [2023-12-20T06:26:42.435+0000] {dagbag.py:538} INFO - Filling up the DagBag from /home/airflow/.local/lib/python3.8/site-packages/airflow/example_dags/example_short_circuit_decorator.py
[2023-12-20T06:26:42.653+0000] {processor.py:840} INFO - DAG(s) 'example_short_circuit_decorator' retrieved from /home/airflow/.local/lib/python3.8/site-packages/airflow/example_dags/example_short_circuit_decorator.py
[2023-12-20T06:26:43.146+0000] {logging_mixin.py:188} INFO - [2023-12-20T06:26:43.146+0000] {dag.py:3033} INFO - Sync 1 DAGs
[2023-12-20T06:26:43.544+0000] {logging_mixin.py:188} INFO - [2023-12-20T06:26:43.540+0000] {dag.py:3820} INFO - Setting next_dagrun for example_short_circuit_decorator to 2023-12-19T00:00:00+00:00, run_after=2023-12-20T00:00:00+00:00
[2023-12-20T06:26:43.735+0000] {processor.py:183} INFO - Processing /home/airflow/.local/lib/python3.8/site-packages/airflow/example_dags/example_short_circuit_decorator.py took 1.343 seconds
[2023-12-20T06:27:21.092+0000] {processor.py:161} INFO - Started process (PID=2124) to work on /home/airflow/.local/lib/python3.8/site-packages/airflow/example_dags/example_short_circuit_decorator.py
[2023-12-20T06:27:21.098+0000] {processor.py:830} INFO - Processing file /home/airflow/.local/lib/python3.8/site-packages/airflow/example_dags/example_short_circuit_decorator.py for tasks to queue
[2023-12-20T06:27:21.105+0000] {logging_mixin.py:188} INFO - [2023-12-20T06:27:21.104+0000] {dagbag.py:538} INFO - Filling up the DagBag from /home/airflow/.local/lib/python3.8/site-packages/airflow/example_dags/example_short_circuit_decorator.py
[2023-12-20T06:27:21.186+0000] {processor.py:840} INFO - DAG(s) 'example_short_circuit_decorator' retrieved from /home/airflow/.local/lib/python3.8/site-packages/airflow/example_dags/example_short_circuit_decorator.py
[2023-12-20T06:27:21.350+0000] {logging_mixin.py:188} INFO - [2023-12-20T06:27:21.349+0000] {dag.py:3033} INFO - Sync 1 DAGs
[2023-12-20T06:27:21.525+0000] {logging_mixin.py:188} INFO - [2023-12-20T06:27:21.525+0000] {dag.py:3820} INFO - Setting next_dagrun for example_short_circuit_decorator to 2023-12-19T00:00:00+00:00, run_after=2023-12-20T00:00:00+00:00
[2023-12-20T06:27:21.680+0000] {processor.py:183} INFO - Processing /home/airflow/.local/lib/python3.8/site-packages/airflow/example_dags/example_short_circuit_decorator.py took 0.602 seconds
[2023-12-20T06:27:52.290+0000] {processor.py:161} INFO - Started process (PID=2180) to work on /home/airflow/.local/lib/python3.8/site-packages/airflow/example_dags/example_short_circuit_decorator.py
[2023-12-20T06:27:52.326+0000] {processor.py:830} INFO - Processing file /home/airflow/.local/lib/python3.8/site-packages/airflow/example_dags/example_short_circuit_decorator.py for tasks to queue
[2023-12-20T06:27:52.327+0000] {logging_mixin.py:188} INFO - [2023-12-20T06:27:52.327+0000] {dagbag.py:538} INFO - Filling up the DagBag from /home/airflow/.local/lib/python3.8/site-packages/airflow/example_dags/example_short_circuit_decorator.py
[2023-12-20T06:27:52.361+0000] {processor.py:840} INFO - DAG(s) 'example_short_circuit_decorator' retrieved from /home/airflow/.local/lib/python3.8/site-packages/airflow/example_dags/example_short_circuit_decorator.py
[2023-12-20T06:27:52.467+0000] {logging_mixin.py:188} INFO - [2023-12-20T06:27:52.467+0000] {dag.py:3033} INFO - Sync 1 DAGs
[2023-12-20T06:27:52.941+0000] {logging_mixin.py:188} INFO - [2023-12-20T06:27:52.940+0000] {dag.py:3820} INFO - Setting next_dagrun for example_short_circuit_decorator to 2023-12-19T00:00:00+00:00, run_after=2023-12-20T00:00:00+00:00
[2023-12-20T06:27:53.052+0000] {processor.py:183} INFO - Processing /home/airflow/.local/lib/python3.8/site-packages/airflow/example_dags/example_short_circuit_decorator.py took 0.771 seconds
[2023-12-20T06:28:23.210+0000] {processor.py:161} INFO - Started process (PID=2237) to work on /home/airflow/.local/lib/python3.8/site-packages/airflow/example_dags/example_short_circuit_decorator.py
[2023-12-20T06:28:23.244+0000] {processor.py:830} INFO - Processing file /home/airflow/.local/lib/python3.8/site-packages/airflow/example_dags/example_short_circuit_decorator.py for tasks to queue
[2023-12-20T06:28:23.247+0000] {logging_mixin.py:188} INFO - [2023-12-20T06:28:23.246+0000] {dagbag.py:538} INFO - Filling up the DagBag from /home/airflow/.local/lib/python3.8/site-packages/airflow/example_dags/example_short_circuit_decorator.py
[2023-12-20T06:28:23.295+0000] {processor.py:840} INFO - DAG(s) 'example_short_circuit_decorator' retrieved from /home/airflow/.local/lib/python3.8/site-packages/airflow/example_dags/example_short_circuit_decorator.py
[2023-12-20T06:28:23.386+0000] {logging_mixin.py:188} INFO - [2023-12-20T06:28:23.385+0000] {dag.py:3033} INFO - Sync 1 DAGs
[2023-12-20T06:28:23.472+0000] {logging_mixin.py:188} INFO - [2023-12-20T06:28:23.472+0000] {dag.py:3820} INFO - Setting next_dagrun for example_short_circuit_decorator to 2023-12-19T00:00:00+00:00, run_after=2023-12-20T00:00:00+00:00
[2023-12-20T06:28:23.544+0000] {processor.py:183} INFO - Processing /home/airflow/.local/lib/python3.8/site-packages/airflow/example_dags/example_short_circuit_decorator.py took 0.343 seconds
[2023-12-20T06:28:54.248+0000] {processor.py:161} INFO - Started process (PID=2294) to work on /home/airflow/.local/lib/python3.8/site-packages/airflow/example_dags/example_short_circuit_decorator.py
[2023-12-20T06:28:54.249+0000] {processor.py:830} INFO - Processing file /home/airflow/.local/lib/python3.8/site-packages/airflow/example_dags/example_short_circuit_decorator.py for tasks to queue
[2023-12-20T06:28:54.251+0000] {logging_mixin.py:188} INFO - [2023-12-20T06:28:54.250+0000] {dagbag.py:538} INFO - Filling up the DagBag from /home/airflow/.local/lib/python3.8/site-packages/airflow/example_dags/example_short_circuit_decorator.py
[2023-12-20T06:28:54.292+0000] {processor.py:840} INFO - DAG(s) 'example_short_circuit_decorator' retrieved from /home/airflow/.local/lib/python3.8/site-packages/airflow/example_dags/example_short_circuit_decorator.py
[2023-12-20T06:28:54.351+0000] {logging_mixin.py:188} INFO - [2023-12-20T06:28:54.351+0000] {dag.py:3033} INFO - Sync 1 DAGs
[2023-12-20T06:28:54.413+0000] {logging_mixin.py:188} INFO - [2023-12-20T06:28:54.412+0000] {dag.py:3820} INFO - Setting next_dagrun for example_short_circuit_decorator to 2023-12-19T00:00:00+00:00, run_after=2023-12-20T00:00:00+00:00
[2023-12-20T06:28:54.563+0000] {processor.py:183} INFO - Processing /home/airflow/.local/lib/python3.8/site-packages/airflow/example_dags/example_short_circuit_decorator.py took 0.325 seconds
[2023-12-20T06:29:25.266+0000] {processor.py:161} INFO - Started process (PID=2351) to work on /home/airflow/.local/lib/python3.8/site-packages/airflow/example_dags/example_short_circuit_decorator.py
[2023-12-20T06:29:25.269+0000] {processor.py:830} INFO - Processing file /home/airflow/.local/lib/python3.8/site-packages/airflow/example_dags/example_short_circuit_decorator.py for tasks to queue
[2023-12-20T06:29:25.271+0000] {logging_mixin.py:188} INFO - [2023-12-20T06:29:25.271+0000] {dagbag.py:538} INFO - Filling up the DagBag from /home/airflow/.local/lib/python3.8/site-packages/airflow/example_dags/example_short_circuit_decorator.py
[2023-12-20T06:29:25.304+0000] {processor.py:840} INFO - DAG(s) 'example_short_circuit_decorator' retrieved from /home/airflow/.local/lib/python3.8/site-packages/airflow/example_dags/example_short_circuit_decorator.py
[2023-12-20T06:29:25.375+0000] {logging_mixin.py:188} INFO - [2023-12-20T06:29:25.374+0000] {dag.py:3033} INFO - Sync 1 DAGs
[2023-12-20T06:29:25.448+0000] {logging_mixin.py:188} INFO - [2023-12-20T06:29:25.448+0000] {dag.py:3820} INFO - Setting next_dagrun for example_short_circuit_decorator to 2023-12-19T00:00:00+00:00, run_after=2023-12-20T00:00:00+00:00
[2023-12-20T06:29:25.574+0000] {processor.py:183} INFO - Processing /home/airflow/.local/lib/python3.8/site-packages/airflow/example_dags/example_short_circuit_decorator.py took 0.315 seconds
[2023-12-20T06:29:58.327+0000] {processor.py:161} INFO - Started process (PID=2408) to work on /home/airflow/.local/lib/python3.8/site-packages/airflow/example_dags/example_short_circuit_decorator.py
[2023-12-20T06:29:58.332+0000] {processor.py:830} INFO - Processing file /home/airflow/.local/lib/python3.8/site-packages/airflow/example_dags/example_short_circuit_decorator.py for tasks to queue
[2023-12-20T06:29:58.338+0000] {logging_mixin.py:188} INFO - [2023-12-20T06:29:58.337+0000] {dagbag.py:538} INFO - Filling up the DagBag from /home/airflow/.local/lib/python3.8/site-packages/airflow/example_dags/example_short_circuit_decorator.py
[2023-12-20T06:29:58.388+0000] {processor.py:840} INFO - DAG(s) 'example_short_circuit_decorator' retrieved from /home/airflow/.local/lib/python3.8/site-packages/airflow/example_dags/example_short_circuit_decorator.py
[2023-12-20T06:29:58.451+0000] {logging_mixin.py:188} INFO - [2023-12-20T06:29:58.450+0000] {dag.py:3033} INFO - Sync 1 DAGs
[2023-12-20T06:29:58.889+0000] {logging_mixin.py:188} INFO - [2023-12-20T06:29:58.889+0000] {dag.py:3820} INFO - Setting next_dagrun for example_short_circuit_decorator to 2023-12-19T00:00:00+00:00, run_after=2023-12-20T00:00:00+00:00
[2023-12-20T06:29:58.986+0000] {processor.py:183} INFO - Processing /home/airflow/.local/lib/python3.8/site-packages/airflow/example_dags/example_short_circuit_decorator.py took 0.666 seconds
[2023-12-20T06:30:31.044+0000] {processor.py:161} INFO - Started process (PID=2465) to work on /home/airflow/.local/lib/python3.8/site-packages/airflow/example_dags/example_short_circuit_decorator.py
[2023-12-20T06:30:31.058+0000] {processor.py:830} INFO - Processing file /home/airflow/.local/lib/python3.8/site-packages/airflow/example_dags/example_short_circuit_decorator.py for tasks to queue
[2023-12-20T06:30:31.060+0000] {logging_mixin.py:188} INFO - [2023-12-20T06:30:31.059+0000] {dagbag.py:538} INFO - Filling up the DagBag from /home/airflow/.local/lib/python3.8/site-packages/airflow/example_dags/example_short_circuit_decorator.py
[2023-12-20T06:30:31.127+0000] {processor.py:840} INFO - DAG(s) 'example_short_circuit_decorator' retrieved from /home/airflow/.local/lib/python3.8/site-packages/airflow/example_dags/example_short_circuit_decorator.py
[2023-12-20T06:30:31.244+0000] {logging_mixin.py:188} INFO - [2023-12-20T06:30:31.244+0000] {dag.py:3033} INFO - Sync 1 DAGs
[2023-12-20T06:30:31.881+0000] {logging_mixin.py:188} INFO - [2023-12-20T06:30:31.880+0000] {dag.py:3820} INFO - Setting next_dagrun for example_short_circuit_decorator to 2023-12-19T00:00:00+00:00, run_after=2023-12-20T00:00:00+00:00
[2023-12-20T06:30:32.003+0000] {processor.py:183} INFO - Processing /home/airflow/.local/lib/python3.8/site-packages/airflow/example_dags/example_short_circuit_decorator.py took 0.968 seconds
[2023-12-20T06:31:05.214+0000] {processor.py:161} INFO - Started process (PID=2517) to work on /home/airflow/.local/lib/python3.8/site-packages/airflow/example_dags/example_short_circuit_decorator.py
[2023-12-20T06:31:05.223+0000] {processor.py:830} INFO - Processing file /home/airflow/.local/lib/python3.8/site-packages/airflow/example_dags/example_short_circuit_decorator.py for tasks to queue
[2023-12-20T06:31:05.225+0000] {logging_mixin.py:188} INFO - [2023-12-20T06:31:05.224+0000] {dagbag.py:538} INFO - Filling up the DagBag from /home/airflow/.local/lib/python3.8/site-packages/airflow/example_dags/example_short_circuit_decorator.py
[2023-12-20T06:31:05.340+0000] {processor.py:840} INFO - DAG(s) 'example_short_circuit_decorator' retrieved from /home/airflow/.local/lib/python3.8/site-packages/airflow/example_dags/example_short_circuit_decorator.py
[2023-12-20T06:31:05.674+0000] {logging_mixin.py:188} INFO - [2023-12-20T06:31:05.674+0000] {dag.py:3033} INFO - Sync 1 DAGs
[2023-12-20T06:31:06.134+0000] {logging_mixin.py:188} INFO - [2023-12-20T06:31:06.133+0000] {dag.py:3820} INFO - Setting next_dagrun for example_short_circuit_decorator to 2023-12-19T00:00:00+00:00, run_after=2023-12-20T00:00:00+00:00
[2023-12-20T06:31:06.654+0000] {processor.py:183} INFO - Processing /home/airflow/.local/lib/python3.8/site-packages/airflow/example_dags/example_short_circuit_decorator.py took 1.468 seconds
[2023-12-20T06:31:38.516+0000] {processor.py:161} INFO - Started process (PID=2573) to work on /home/airflow/.local/lib/python3.8/site-packages/airflow/example_dags/example_short_circuit_decorator.py
[2023-12-20T06:31:38.530+0000] {processor.py:830} INFO - Processing file /home/airflow/.local/lib/python3.8/site-packages/airflow/example_dags/example_short_circuit_decorator.py for tasks to queue
[2023-12-20T06:31:38.532+0000] {logging_mixin.py:188} INFO - [2023-12-20T06:31:38.531+0000] {dagbag.py:538} INFO - Filling up the DagBag from /home/airflow/.local/lib/python3.8/site-packages/airflow/example_dags/example_short_circuit_decorator.py
[2023-12-20T06:31:38.937+0000] {processor.py:840} INFO - DAG(s) 'example_short_circuit_decorator' retrieved from /home/airflow/.local/lib/python3.8/site-packages/airflow/example_dags/example_short_circuit_decorator.py
[2023-12-20T06:31:39.130+0000] {logging_mixin.py:188} INFO - [2023-12-20T06:31:39.130+0000] {dag.py:3033} INFO - Sync 1 DAGs
[2023-12-20T06:31:39.222+0000] {logging_mixin.py:188} INFO - [2023-12-20T06:31:39.222+0000] {dag.py:3820} INFO - Setting next_dagrun for example_short_circuit_decorator to 2023-12-19T00:00:00+00:00, run_after=2023-12-20T00:00:00+00:00
[2023-12-20T06:31:39.413+0000] {processor.py:183} INFO - Processing /home/airflow/.local/lib/python3.8/site-packages/airflow/example_dags/example_short_circuit_decorator.py took 0.924 seconds
[2023-12-20T06:32:09.795+0000] {processor.py:161} INFO - Started process (PID=2632) to work on /home/airflow/.local/lib/python3.8/site-packages/airflow/example_dags/example_short_circuit_decorator.py
[2023-12-20T06:32:09.796+0000] {processor.py:830} INFO - Processing file /home/airflow/.local/lib/python3.8/site-packages/airflow/example_dags/example_short_circuit_decorator.py for tasks to queue
[2023-12-20T06:32:09.806+0000] {logging_mixin.py:188} INFO - [2023-12-20T06:32:09.805+0000] {dagbag.py:538} INFO - Filling up the DagBag from /home/airflow/.local/lib/python3.8/site-packages/airflow/example_dags/example_short_circuit_decorator.py
[2023-12-20T06:32:09.835+0000] {processor.py:840} INFO - DAG(s) 'example_short_circuit_decorator' retrieved from /home/airflow/.local/lib/python3.8/site-packages/airflow/example_dags/example_short_circuit_decorator.py
[2023-12-20T06:32:09.895+0000] {logging_mixin.py:188} INFO - [2023-12-20T06:32:09.894+0000] {dag.py:3033} INFO - Sync 1 DAGs
[2023-12-20T06:32:09.951+0000] {logging_mixin.py:188} INFO - [2023-12-20T06:32:09.950+0000] {dag.py:3820} INFO - Setting next_dagrun for example_short_circuit_decorator to 2023-12-19T00:00:00+00:00, run_after=2023-12-20T00:00:00+00:00
[2023-12-20T06:32:10.001+0000] {processor.py:183} INFO - Processing /home/airflow/.local/lib/python3.8/site-packages/airflow/example_dags/example_short_circuit_decorator.py took 0.213 seconds
[2023-12-20T06:32:40.429+0000] {processor.py:161} INFO - Started process (PID=2691) to work on /home/airflow/.local/lib/python3.8/site-packages/airflow/example_dags/example_short_circuit_decorator.py
[2023-12-20T06:32:40.449+0000] {processor.py:830} INFO - Processing file /home/airflow/.local/lib/python3.8/site-packages/airflow/example_dags/example_short_circuit_decorator.py for tasks to queue
[2023-12-20T06:32:40.458+0000] {logging_mixin.py:188} INFO - [2023-12-20T06:32:40.457+0000] {dagbag.py:538} INFO - Filling up the DagBag from /home/airflow/.local/lib/python3.8/site-packages/airflow/example_dags/example_short_circuit_decorator.py
[2023-12-20T06:32:40.528+0000] {processor.py:840} INFO - DAG(s) 'example_short_circuit_decorator' retrieved from /home/airflow/.local/lib/python3.8/site-packages/airflow/example_dags/example_short_circuit_decorator.py
[2023-12-20T06:32:40.606+0000] {logging_mixin.py:188} INFO - [2023-12-20T06:32:40.605+0000] {dag.py:3033} INFO - Sync 1 DAGs
[2023-12-20T06:32:40.662+0000] {logging_mixin.py:188} INFO - [2023-12-20T06:32:40.662+0000] {dag.py:3820} INFO - Setting next_dagrun for example_short_circuit_decorator to 2023-12-19T00:00:00+00:00, run_after=2023-12-20T00:00:00+00:00
[2023-12-20T06:32:40.736+0000] {processor.py:183} INFO - Processing /home/airflow/.local/lib/python3.8/site-packages/airflow/example_dags/example_short_circuit_decorator.py took 0.313 seconds
[2023-12-20T06:33:10.998+0000] {processor.py:161} INFO - Started process (PID=2750) to work on /home/airflow/.local/lib/python3.8/site-packages/airflow/example_dags/example_short_circuit_decorator.py
[2023-12-20T06:33:11.005+0000] {processor.py:830} INFO - Processing file /home/airflow/.local/lib/python3.8/site-packages/airflow/example_dags/example_short_circuit_decorator.py for tasks to queue
[2023-12-20T06:33:11.006+0000] {logging_mixin.py:188} INFO - [2023-12-20T06:33:11.006+0000] {dagbag.py:538} INFO - Filling up the DagBag from /home/airflow/.local/lib/python3.8/site-packages/airflow/example_dags/example_short_circuit_decorator.py
[2023-12-20T06:33:11.086+0000] {processor.py:840} INFO - DAG(s) 'example_short_circuit_decorator' retrieved from /home/airflow/.local/lib/python3.8/site-packages/airflow/example_dags/example_short_circuit_decorator.py
[2023-12-20T06:33:11.297+0000] {logging_mixin.py:188} INFO - [2023-12-20T06:33:11.297+0000] {dag.py:3033} INFO - Sync 1 DAGs
[2023-12-20T06:33:11.430+0000] {logging_mixin.py:188} INFO - [2023-12-20T06:33:11.429+0000] {dag.py:3820} INFO - Setting next_dagrun for example_short_circuit_decorator to 2023-12-19T00:00:00+00:00, run_after=2023-12-20T00:00:00+00:00
[2023-12-20T06:33:11.560+0000] {processor.py:183} INFO - Processing /home/airflow/.local/lib/python3.8/site-packages/airflow/example_dags/example_short_circuit_decorator.py took 0.596 seconds
