[2023-12-20T05:41:30.209+0000] {processor.py:161} INFO - Started process (PID=81) to work on /home/airflow/.local/lib/python3.8/site-packages/airflow/example_dags/example_task_group.py
[2023-12-20T05:41:30.210+0000] {processor.py:830} INFO - Processing file /home/airflow/.local/lib/python3.8/site-packages/airflow/example_dags/example_task_group.py for tasks to queue
[2023-12-20T05:41:30.230+0000] {logging_mixin.py:188} INFO - [2023-12-20T05:41:30.229+0000] {dagbag.py:538} INFO - Filling up the DagBag from /home/airflow/.local/lib/python3.8/site-packages/airflow/example_dags/example_task_group.py
[2023-12-20T05:41:30.331+0000] {processor.py:840} INFO - DAG(s) 'example_task_group' retrieved from /home/airflow/.local/lib/python3.8/site-packages/airflow/example_dags/example_task_group.py
[2023-12-20T05:41:31.766+0000] {logging_mixin.py:188} INFO - [2023-12-20T05:41:31.758+0000] {dag.py:3033} INFO - Sync 1 DAGs
[2023-12-20T05:41:32.028+0000] {logging_mixin.py:188} INFO - [2023-12-20T05:41:32.028+0000] {dag.py:3820} INFO - Setting next_dagrun for example_task_group to 2023-12-19T00:00:00+00:00, run_after=2023-12-20T00:00:00+00:00
[2023-12-20T05:41:32.214+0000] {processor.py:183} INFO - Processing /home/airflow/.local/lib/python3.8/site-packages/airflow/example_dags/example_task_group.py took 2.023 seconds
[2023-12-20T05:42:34.283+0000] {processor.py:161} INFO - Started process (PID=142) to work on /home/airflow/.local/lib/python3.8/site-packages/airflow/example_dags/example_task_group.py
[2023-12-20T05:42:34.291+0000] {processor.py:830} INFO - Processing file /home/airflow/.local/lib/python3.8/site-packages/airflow/example_dags/example_task_group.py for tasks to queue
[2023-12-20T05:42:34.316+0000] {logging_mixin.py:188} INFO - [2023-12-20T05:42:34.315+0000] {dagbag.py:538} INFO - Filling up the DagBag from /home/airflow/.local/lib/python3.8/site-packages/airflow/example_dags/example_task_group.py
[2023-12-20T05:42:34.361+0000] {processor.py:840} INFO - DAG(s) 'example_task_group' retrieved from /home/airflow/.local/lib/python3.8/site-packages/airflow/example_dags/example_task_group.py
[2023-12-20T05:42:34.561+0000] {logging_mixin.py:188} INFO - [2023-12-20T05:42:34.560+0000] {dag.py:3033} INFO - Sync 1 DAGs
[2023-12-20T05:42:34.921+0000] {logging_mixin.py:188} INFO - [2023-12-20T05:42:34.898+0000] {dag.py:3820} INFO - Setting next_dagrun for example_task_group to 2023-12-19T00:00:00+00:00, run_after=2023-12-20T00:00:00+00:00
[2023-12-20T05:42:35.492+0000] {processor.py:183} INFO - Processing /home/airflow/.local/lib/python3.8/site-packages/airflow/example_dags/example_task_group.py took 1.229 seconds
[2023-12-20T06:06:59.661+0000] {processor.py:161} INFO - Started process (PID=67) to work on /home/airflow/.local/lib/python3.8/site-packages/airflow/example_dags/example_task_group.py
[2023-12-20T06:06:59.663+0000] {processor.py:830} INFO - Processing file /home/airflow/.local/lib/python3.8/site-packages/airflow/example_dags/example_task_group.py for tasks to queue
[2023-12-20T06:06:59.667+0000] {logging_mixin.py:188} INFO - [2023-12-20T06:06:59.667+0000] {dagbag.py:538} INFO - Filling up the DagBag from /home/airflow/.local/lib/python3.8/site-packages/airflow/example_dags/example_task_group.py
[2023-12-20T06:06:59.761+0000] {processor.py:840} INFO - DAG(s) 'example_task_group' retrieved from /home/airflow/.local/lib/python3.8/site-packages/airflow/example_dags/example_task_group.py
[2023-12-20T06:06:59.892+0000] {logging_mixin.py:188} INFO - [2023-12-20T06:06:59.891+0000] {dag.py:3033} INFO - Sync 1 DAGs
[2023-12-20T06:07:00.064+0000] {logging_mixin.py:188} INFO - [2023-12-20T06:07:00.063+0000] {dag.py:3820} INFO - Setting next_dagrun for example_task_group to 2023-12-19T00:00:00+00:00, run_after=2023-12-20T00:00:00+00:00
[2023-12-20T06:07:00.325+0000] {processor.py:183} INFO - Processing /home/airflow/.local/lib/python3.8/site-packages/airflow/example_dags/example_task_group.py took 0.694 seconds
[2023-12-20T06:07:32.610+0000] {processor.py:161} INFO - Started process (PID=122) to work on /home/airflow/.local/lib/python3.8/site-packages/airflow/example_dags/example_task_group.py
[2023-12-20T06:07:32.630+0000] {processor.py:830} INFO - Processing file /home/airflow/.local/lib/python3.8/site-packages/airflow/example_dags/example_task_group.py for tasks to queue
[2023-12-20T06:07:32.638+0000] {logging_mixin.py:188} INFO - [2023-12-20T06:07:32.636+0000] {dagbag.py:538} INFO - Filling up the DagBag from /home/airflow/.local/lib/python3.8/site-packages/airflow/example_dags/example_task_group.py
[2023-12-20T06:07:32.655+0000] {processor.py:840} INFO - DAG(s) 'example_task_group' retrieved from /home/airflow/.local/lib/python3.8/site-packages/airflow/example_dags/example_task_group.py
[2023-12-20T06:07:32.811+0000] {logging_mixin.py:188} INFO - [2023-12-20T06:07:32.810+0000] {dag.py:3033} INFO - Sync 1 DAGs
[2023-12-20T06:07:33.053+0000] {logging_mixin.py:188} INFO - [2023-12-20T06:07:33.053+0000] {dag.py:3820} INFO - Setting next_dagrun for example_task_group to 2023-12-19T00:00:00+00:00, run_after=2023-12-20T00:00:00+00:00
[2023-12-20T06:07:33.334+0000] {processor.py:183} INFO - Processing /home/airflow/.local/lib/python3.8/site-packages/airflow/example_dags/example_task_group.py took 0.741 seconds
[2023-12-20T06:08:03.608+0000] {processor.py:161} INFO - Started process (PID=177) to work on /home/airflow/.local/lib/python3.8/site-packages/airflow/example_dags/example_task_group.py
[2023-12-20T06:08:03.616+0000] {processor.py:830} INFO - Processing file /home/airflow/.local/lib/python3.8/site-packages/airflow/example_dags/example_task_group.py for tasks to queue
[2023-12-20T06:08:03.636+0000] {logging_mixin.py:188} INFO - [2023-12-20T06:08:03.635+0000] {dagbag.py:538} INFO - Filling up the DagBag from /home/airflow/.local/lib/python3.8/site-packages/airflow/example_dags/example_task_group.py
[2023-12-20T06:08:03.697+0000] {processor.py:840} INFO - DAG(s) 'example_task_group' retrieved from /home/airflow/.local/lib/python3.8/site-packages/airflow/example_dags/example_task_group.py
[2023-12-20T06:08:03.880+0000] {logging_mixin.py:188} INFO - [2023-12-20T06:08:03.878+0000] {dag.py:3033} INFO - Sync 1 DAGs
[2023-12-20T06:08:04.093+0000] {logging_mixin.py:188} INFO - [2023-12-20T06:08:04.092+0000] {dag.py:3820} INFO - Setting next_dagrun for example_task_group to 2023-12-19T00:00:00+00:00, run_after=2023-12-20T00:00:00+00:00
[2023-12-20T06:08:04.207+0000] {processor.py:183} INFO - Processing /home/airflow/.local/lib/python3.8/site-packages/airflow/example_dags/example_task_group.py took 0.636 seconds
[2023-12-20T06:08:41.797+0000] {processor.py:161} INFO - Started process (PID=232) to work on /home/airflow/.local/lib/python3.8/site-packages/airflow/example_dags/example_task_group.py
[2023-12-20T06:08:41.814+0000] {processor.py:830} INFO - Processing file /home/airflow/.local/lib/python3.8/site-packages/airflow/example_dags/example_task_group.py for tasks to queue
[2023-12-20T06:08:41.839+0000] {logging_mixin.py:188} INFO - [2023-12-20T06:08:41.838+0000] {dagbag.py:538} INFO - Filling up the DagBag from /home/airflow/.local/lib/python3.8/site-packages/airflow/example_dags/example_task_group.py
[2023-12-20T06:08:41.926+0000] {processor.py:840} INFO - DAG(s) 'example_task_group' retrieved from /home/airflow/.local/lib/python3.8/site-packages/airflow/example_dags/example_task_group.py
[2023-12-20T06:08:42.170+0000] {logging_mixin.py:188} INFO - [2023-12-20T06:08:42.168+0000] {dag.py:3033} INFO - Sync 1 DAGs
[2023-12-20T06:08:42.368+0000] {logging_mixin.py:188} INFO - [2023-12-20T06:08:42.359+0000] {dag.py:3820} INFO - Setting next_dagrun for example_task_group to 2023-12-19T00:00:00+00:00, run_after=2023-12-20T00:00:00+00:00
[2023-12-20T06:08:42.691+0000] {processor.py:183} INFO - Processing /home/airflow/.local/lib/python3.8/site-packages/airflow/example_dags/example_task_group.py took 0.941 seconds
[2023-12-20T06:09:18.679+0000] {processor.py:161} INFO - Started process (PID=287) to work on /home/airflow/.local/lib/python3.8/site-packages/airflow/example_dags/example_task_group.py
[2023-12-20T06:09:18.710+0000] {processor.py:830} INFO - Processing file /home/airflow/.local/lib/python3.8/site-packages/airflow/example_dags/example_task_group.py for tasks to queue
[2023-12-20T06:09:18.743+0000] {logging_mixin.py:188} INFO - [2023-12-20T06:09:18.742+0000] {dagbag.py:538} INFO - Filling up the DagBag from /home/airflow/.local/lib/python3.8/site-packages/airflow/example_dags/example_task_group.py
[2023-12-20T06:09:18.846+0000] {processor.py:840} INFO - DAG(s) 'example_task_group' retrieved from /home/airflow/.local/lib/python3.8/site-packages/airflow/example_dags/example_task_group.py
[2023-12-20T06:09:19.058+0000] {logging_mixin.py:188} INFO - [2023-12-20T06:09:19.058+0000] {dag.py:3033} INFO - Sync 1 DAGs
[2023-12-20T06:09:19.430+0000] {logging_mixin.py:188} INFO - [2023-12-20T06:09:19.429+0000] {dag.py:3820} INFO - Setting next_dagrun for example_task_group to 2023-12-19T00:00:00+00:00, run_after=2023-12-20T00:00:00+00:00
[2023-12-20T06:09:19.965+0000] {processor.py:183} INFO - Processing /home/airflow/.local/lib/python3.8/site-packages/airflow/example_dags/example_task_group.py took 1.335 seconds
[2023-12-20T06:09:50.162+0000] {processor.py:161} INFO - Started process (PID=340) to work on /home/airflow/.local/lib/python3.8/site-packages/airflow/example_dags/example_task_group.py
[2023-12-20T06:09:50.200+0000] {processor.py:830} INFO - Processing file /home/airflow/.local/lib/python3.8/site-packages/airflow/example_dags/example_task_group.py for tasks to queue
[2023-12-20T06:09:50.204+0000] {logging_mixin.py:188} INFO - [2023-12-20T06:09:50.204+0000] {dagbag.py:538} INFO - Filling up the DagBag from /home/airflow/.local/lib/python3.8/site-packages/airflow/example_dags/example_task_group.py
[2023-12-20T06:09:50.220+0000] {processor.py:840} INFO - DAG(s) 'example_task_group' retrieved from /home/airflow/.local/lib/python3.8/site-packages/airflow/example_dags/example_task_group.py
[2023-12-20T06:09:50.358+0000] {logging_mixin.py:188} INFO - [2023-12-20T06:09:50.357+0000] {dag.py:3033} INFO - Sync 1 DAGs
[2023-12-20T06:09:50.491+0000] {logging_mixin.py:188} INFO - [2023-12-20T06:09:50.490+0000] {dag.py:3820} INFO - Setting next_dagrun for example_task_group to 2023-12-19T00:00:00+00:00, run_after=2023-12-20T00:00:00+00:00
[2023-12-20T06:09:50.632+0000] {processor.py:183} INFO - Processing /home/airflow/.local/lib/python3.8/site-packages/airflow/example_dags/example_task_group.py took 0.484 seconds
[2023-12-20T06:10:20.721+0000] {processor.py:161} INFO - Started process (PID=394) to work on /home/airflow/.local/lib/python3.8/site-packages/airflow/example_dags/example_task_group.py
[2023-12-20T06:10:20.722+0000] {processor.py:830} INFO - Processing file /home/airflow/.local/lib/python3.8/site-packages/airflow/example_dags/example_task_group.py for tasks to queue
[2023-12-20T06:10:20.747+0000] {logging_mixin.py:188} INFO - [2023-12-20T06:10:20.746+0000] {dagbag.py:538} INFO - Filling up the DagBag from /home/airflow/.local/lib/python3.8/site-packages/airflow/example_dags/example_task_group.py
[2023-12-20T06:10:20.792+0000] {processor.py:840} INFO - DAG(s) 'example_task_group' retrieved from /home/airflow/.local/lib/python3.8/site-packages/airflow/example_dags/example_task_group.py
[2023-12-20T06:10:20.964+0000] {logging_mixin.py:188} INFO - [2023-12-20T06:10:20.964+0000] {dag.py:3033} INFO - Sync 1 DAGs
[2023-12-20T06:10:21.242+0000] {logging_mixin.py:188} INFO - [2023-12-20T06:10:21.241+0000] {dag.py:3820} INFO - Setting next_dagrun for example_task_group to 2023-12-19T00:00:00+00:00, run_after=2023-12-20T00:00:00+00:00
[2023-12-20T06:10:21.360+0000] {processor.py:183} INFO - Processing /home/airflow/.local/lib/python3.8/site-packages/airflow/example_dags/example_task_group.py took 0.655 seconds
[2023-12-20T06:10:52.067+0000] {processor.py:161} INFO - Started process (PID=449) to work on /home/airflow/.local/lib/python3.8/site-packages/airflow/example_dags/example_task_group.py
[2023-12-20T06:10:52.100+0000] {processor.py:830} INFO - Processing file /home/airflow/.local/lib/python3.8/site-packages/airflow/example_dags/example_task_group.py for tasks to queue
[2023-12-20T06:10:52.104+0000] {logging_mixin.py:188} INFO - [2023-12-20T06:10:52.103+0000] {dagbag.py:538} INFO - Filling up the DagBag from /home/airflow/.local/lib/python3.8/site-packages/airflow/example_dags/example_task_group.py
[2023-12-20T06:10:52.119+0000] {processor.py:840} INFO - DAG(s) 'example_task_group' retrieved from /home/airflow/.local/lib/python3.8/site-packages/airflow/example_dags/example_task_group.py
[2023-12-20T06:10:52.174+0000] {logging_mixin.py:188} INFO - [2023-12-20T06:10:52.174+0000] {dag.py:3033} INFO - Sync 1 DAGs
[2023-12-20T06:10:52.278+0000] {logging_mixin.py:188} INFO - [2023-12-20T06:10:52.278+0000] {dag.py:3820} INFO - Setting next_dagrun for example_task_group to 2023-12-19T00:00:00+00:00, run_after=2023-12-20T00:00:00+00:00
[2023-12-20T06:10:52.414+0000] {processor.py:183} INFO - Processing /home/airflow/.local/lib/python3.8/site-packages/airflow/example_dags/example_task_group.py took 0.352 seconds
[2023-12-20T06:11:23.623+0000] {processor.py:161} INFO - Started process (PID=504) to work on /home/airflow/.local/lib/python3.8/site-packages/airflow/example_dags/example_task_group.py
[2023-12-20T06:11:23.635+0000] {processor.py:830} INFO - Processing file /home/airflow/.local/lib/python3.8/site-packages/airflow/example_dags/example_task_group.py for tasks to queue
[2023-12-20T06:11:23.645+0000] {logging_mixin.py:188} INFO - [2023-12-20T06:11:23.645+0000] {dagbag.py:538} INFO - Filling up the DagBag from /home/airflow/.local/lib/python3.8/site-packages/airflow/example_dags/example_task_group.py
[2023-12-20T06:11:23.724+0000] {processor.py:840} INFO - DAG(s) 'example_task_group' retrieved from /home/airflow/.local/lib/python3.8/site-packages/airflow/example_dags/example_task_group.py
[2023-12-20T06:11:23.950+0000] {logging_mixin.py:188} INFO - [2023-12-20T06:11:23.950+0000] {dag.py:3033} INFO - Sync 1 DAGs
[2023-12-20T06:11:24.125+0000] {logging_mixin.py:188} INFO - [2023-12-20T06:11:24.124+0000] {dag.py:3820} INFO - Setting next_dagrun for example_task_group to 2023-12-19T00:00:00+00:00, run_after=2023-12-20T00:00:00+00:00
[2023-12-20T06:11:24.260+0000] {processor.py:183} INFO - Processing /home/airflow/.local/lib/python3.8/site-packages/airflow/example_dags/example_task_group.py took 0.657 seconds
[2023-12-20T06:11:55.305+0000] {processor.py:161} INFO - Started process (PID=559) to work on /home/airflow/.local/lib/python3.8/site-packages/airflow/example_dags/example_task_group.py
[2023-12-20T06:11:55.307+0000] {processor.py:830} INFO - Processing file /home/airflow/.local/lib/python3.8/site-packages/airflow/example_dags/example_task_group.py for tasks to queue
[2023-12-20T06:11:55.362+0000] {logging_mixin.py:188} INFO - [2023-12-20T06:11:55.362+0000] {dagbag.py:538} INFO - Filling up the DagBag from /home/airflow/.local/lib/python3.8/site-packages/airflow/example_dags/example_task_group.py
[2023-12-20T06:11:55.453+0000] {processor.py:840} INFO - DAG(s) 'example_task_group' retrieved from /home/airflow/.local/lib/python3.8/site-packages/airflow/example_dags/example_task_group.py
[2023-12-20T06:11:55.795+0000] {logging_mixin.py:188} INFO - [2023-12-20T06:11:55.795+0000] {dag.py:3033} INFO - Sync 1 DAGs
[2023-12-20T06:11:56.033+0000] {logging_mixin.py:188} INFO - [2023-12-20T06:11:56.032+0000] {dag.py:3820} INFO - Setting next_dagrun for example_task_group to 2023-12-19T00:00:00+00:00, run_after=2023-12-20T00:00:00+00:00
[2023-12-20T06:11:56.213+0000] {processor.py:183} INFO - Processing /home/airflow/.local/lib/python3.8/site-packages/airflow/example_dags/example_task_group.py took 0.952 seconds
[2023-12-20T06:12:30.667+0000] {processor.py:161} INFO - Started process (PID=615) to work on /home/airflow/.local/lib/python3.8/site-packages/airflow/example_dags/example_task_group.py
[2023-12-20T06:12:30.705+0000] {processor.py:830} INFO - Processing file /home/airflow/.local/lib/python3.8/site-packages/airflow/example_dags/example_task_group.py for tasks to queue
[2023-12-20T06:12:30.710+0000] {logging_mixin.py:188} INFO - [2023-12-20T06:12:30.708+0000] {dagbag.py:538} INFO - Filling up the DagBag from /home/airflow/.local/lib/python3.8/site-packages/airflow/example_dags/example_task_group.py
[2023-12-20T06:12:30.755+0000] {processor.py:840} INFO - DAG(s) 'example_task_group' retrieved from /home/airflow/.local/lib/python3.8/site-packages/airflow/example_dags/example_task_group.py
[2023-12-20T06:12:31.013+0000] {logging_mixin.py:188} INFO - [2023-12-20T06:12:31.013+0000] {dag.py:3033} INFO - Sync 1 DAGs
[2023-12-20T06:12:31.286+0000] {logging_mixin.py:188} INFO - [2023-12-20T06:12:31.286+0000] {dag.py:3820} INFO - Setting next_dagrun for example_task_group to 2023-12-19T00:00:00+00:00, run_after=2023-12-20T00:00:00+00:00
[2023-12-20T06:12:31.484+0000] {processor.py:183} INFO - Processing /home/airflow/.local/lib/python3.8/site-packages/airflow/example_dags/example_task_group.py took 0.883 seconds
[2023-12-20T06:13:11.848+0000] {processor.py:161} INFO - Started process (PID=674) to work on /home/airflow/.local/lib/python3.8/site-packages/airflow/example_dags/example_task_group.py
[2023-12-20T06:13:11.861+0000] {processor.py:830} INFO - Processing file /home/airflow/.local/lib/python3.8/site-packages/airflow/example_dags/example_task_group.py for tasks to queue
[2023-12-20T06:13:11.874+0000] {logging_mixin.py:188} INFO - [2023-12-20T06:13:11.874+0000] {dagbag.py:538} INFO - Filling up the DagBag from /home/airflow/.local/lib/python3.8/site-packages/airflow/example_dags/example_task_group.py
[2023-12-20T06:13:11.968+0000] {processor.py:840} INFO - DAG(s) 'example_task_group' retrieved from /home/airflow/.local/lib/python3.8/site-packages/airflow/example_dags/example_task_group.py
[2023-12-20T06:13:12.357+0000] {logging_mixin.py:188} INFO - [2023-12-20T06:13:12.356+0000] {dag.py:3033} INFO - Sync 1 DAGs
[2023-12-20T06:13:12.707+0000] {logging_mixin.py:188} INFO - [2023-12-20T06:13:12.706+0000] {dag.py:3820} INFO - Setting next_dagrun for example_task_group to 2023-12-19T00:00:00+00:00, run_after=2023-12-20T00:00:00+00:00
[2023-12-20T06:13:12.949+0000] {processor.py:183} INFO - Processing /home/airflow/.local/lib/python3.8/site-packages/airflow/example_dags/example_task_group.py took 1.141 seconds
[2023-12-20T06:13:52.597+0000] {processor.py:161} INFO - Started process (PID=727) to work on /home/airflow/.local/lib/python3.8/site-packages/airflow/example_dags/example_task_group.py
[2023-12-20T06:13:52.607+0000] {processor.py:830} INFO - Processing file /home/airflow/.local/lib/python3.8/site-packages/airflow/example_dags/example_task_group.py for tasks to queue
[2023-12-20T06:13:52.618+0000] {logging_mixin.py:188} INFO - [2023-12-20T06:13:52.618+0000] {dagbag.py:538} INFO - Filling up the DagBag from /home/airflow/.local/lib/python3.8/site-packages/airflow/example_dags/example_task_group.py
[2023-12-20T06:13:52.682+0000] {processor.py:840} INFO - DAG(s) 'example_task_group' retrieved from /home/airflow/.local/lib/python3.8/site-packages/airflow/example_dags/example_task_group.py
[2023-12-20T06:13:52.914+0000] {logging_mixin.py:188} INFO - [2023-12-20T06:13:52.913+0000] {dag.py:3033} INFO - Sync 1 DAGs
[2023-12-20T06:13:53.208+0000] {logging_mixin.py:188} INFO - [2023-12-20T06:13:53.201+0000] {dag.py:3820} INFO - Setting next_dagrun for example_task_group to 2023-12-19T00:00:00+00:00, run_after=2023-12-20T00:00:00+00:00
[2023-12-20T06:13:53.415+0000] {processor.py:183} INFO - Processing /home/airflow/.local/lib/python3.8/site-packages/airflow/example_dags/example_task_group.py took 0.873 seconds
[2023-12-20T06:14:31.188+0000] {processor.py:161} INFO - Started process (PID=782) to work on /home/airflow/.local/lib/python3.8/site-packages/airflow/example_dags/example_task_group.py
[2023-12-20T06:14:31.190+0000] {processor.py:830} INFO - Processing file /home/airflow/.local/lib/python3.8/site-packages/airflow/example_dags/example_task_group.py for tasks to queue
[2023-12-20T06:14:31.200+0000] {logging_mixin.py:188} INFO - [2023-12-20T06:14:31.200+0000] {dagbag.py:538} INFO - Filling up the DagBag from /home/airflow/.local/lib/python3.8/site-packages/airflow/example_dags/example_task_group.py
[2023-12-20T06:14:31.261+0000] {processor.py:840} INFO - DAG(s) 'example_task_group' retrieved from /home/airflow/.local/lib/python3.8/site-packages/airflow/example_dags/example_task_group.py
[2023-12-20T06:14:31.420+0000] {logging_mixin.py:188} INFO - [2023-12-20T06:14:31.420+0000] {dag.py:3033} INFO - Sync 1 DAGs
[2023-12-20T06:14:31.658+0000] {logging_mixin.py:188} INFO - [2023-12-20T06:14:31.655+0000] {dag.py:3820} INFO - Setting next_dagrun for example_task_group to 2023-12-19T00:00:00+00:00, run_after=2023-12-20T00:00:00+00:00
[2023-12-20T06:14:31.978+0000] {processor.py:183} INFO - Processing /home/airflow/.local/lib/python3.8/site-packages/airflow/example_dags/example_task_group.py took 0.818 seconds
[2023-12-20T06:15:02.717+0000] {processor.py:161} INFO - Started process (PID=837) to work on /home/airflow/.local/lib/python3.8/site-packages/airflow/example_dags/example_task_group.py
[2023-12-20T06:15:02.745+0000] {processor.py:830} INFO - Processing file /home/airflow/.local/lib/python3.8/site-packages/airflow/example_dags/example_task_group.py for tasks to queue
[2023-12-20T06:15:02.758+0000] {logging_mixin.py:188} INFO - [2023-12-20T06:15:02.754+0000] {dagbag.py:538} INFO - Filling up the DagBag from /home/airflow/.local/lib/python3.8/site-packages/airflow/example_dags/example_task_group.py
[2023-12-20T06:15:02.836+0000] {processor.py:840} INFO - DAG(s) 'example_task_group' retrieved from /home/airflow/.local/lib/python3.8/site-packages/airflow/example_dags/example_task_group.py
[2023-12-20T06:15:03.067+0000] {logging_mixin.py:188} INFO - [2023-12-20T06:15:03.067+0000] {dag.py:3033} INFO - Sync 1 DAGs
[2023-12-20T06:15:03.282+0000] {logging_mixin.py:188} INFO - [2023-12-20T06:15:03.282+0000] {dag.py:3820} INFO - Setting next_dagrun for example_task_group to 2023-12-19T00:00:00+00:00, run_after=2023-12-20T00:00:00+00:00
[2023-12-20T06:15:03.508+0000] {processor.py:183} INFO - Processing /home/airflow/.local/lib/python3.8/site-packages/airflow/example_dags/example_task_group.py took 0.802 seconds
[2023-12-20T06:15:33.722+0000] {processor.py:161} INFO - Started process (PID=890) to work on /home/airflow/.local/lib/python3.8/site-packages/airflow/example_dags/example_task_group.py
[2023-12-20T06:15:33.723+0000] {processor.py:830} INFO - Processing file /home/airflow/.local/lib/python3.8/site-packages/airflow/example_dags/example_task_group.py for tasks to queue
[2023-12-20T06:15:33.745+0000] {logging_mixin.py:188} INFO - [2023-12-20T06:15:33.745+0000] {dagbag.py:538} INFO - Filling up the DagBag from /home/airflow/.local/lib/python3.8/site-packages/airflow/example_dags/example_task_group.py
[2023-12-20T06:15:33.809+0000] {processor.py:840} INFO - DAG(s) 'example_task_group' retrieved from /home/airflow/.local/lib/python3.8/site-packages/airflow/example_dags/example_task_group.py
[2023-12-20T06:15:33.941+0000] {logging_mixin.py:188} INFO - [2023-12-20T06:15:33.941+0000] {dag.py:3033} INFO - Sync 1 DAGs
[2023-12-20T06:15:34.035+0000] {logging_mixin.py:188} INFO - [2023-12-20T06:15:34.034+0000] {dag.py:3820} INFO - Setting next_dagrun for example_task_group to 2023-12-19T00:00:00+00:00, run_after=2023-12-20T00:00:00+00:00
[2023-12-20T06:15:34.150+0000] {processor.py:183} INFO - Processing /home/airflow/.local/lib/python3.8/site-packages/airflow/example_dags/example_task_group.py took 0.468 seconds
[2023-12-20T06:16:06.460+0000] {processor.py:161} INFO - Started process (PID=948) to work on /home/airflow/.local/lib/python3.8/site-packages/airflow/example_dags/example_task_group.py
[2023-12-20T06:16:06.529+0000] {processor.py:830} INFO - Processing file /home/airflow/.local/lib/python3.8/site-packages/airflow/example_dags/example_task_group.py for tasks to queue
[2023-12-20T06:16:06.547+0000] {logging_mixin.py:188} INFO - [2023-12-20T06:16:06.546+0000] {dagbag.py:538} INFO - Filling up the DagBag from /home/airflow/.local/lib/python3.8/site-packages/airflow/example_dags/example_task_group.py
[2023-12-20T06:16:06.710+0000] {processor.py:840} INFO - DAG(s) 'example_task_group' retrieved from /home/airflow/.local/lib/python3.8/site-packages/airflow/example_dags/example_task_group.py
[2023-12-20T06:16:07.051+0000] {logging_mixin.py:188} INFO - [2023-12-20T06:16:07.051+0000] {dag.py:3033} INFO - Sync 1 DAGs
[2023-12-20T06:16:07.423+0000] {logging_mixin.py:188} INFO - [2023-12-20T06:16:07.422+0000] {dag.py:3820} INFO - Setting next_dagrun for example_task_group to 2023-12-19T00:00:00+00:00, run_after=2023-12-20T00:00:00+00:00
[2023-12-20T06:16:07.738+0000] {processor.py:183} INFO - Processing /home/airflow/.local/lib/python3.8/site-packages/airflow/example_dags/example_task_group.py took 1.309 seconds
[2023-12-20T06:16:37.988+0000] {processor.py:161} INFO - Started process (PID=1003) to work on /home/airflow/.local/lib/python3.8/site-packages/airflow/example_dags/example_task_group.py
[2023-12-20T06:16:38.024+0000] {processor.py:830} INFO - Processing file /home/airflow/.local/lib/python3.8/site-packages/airflow/example_dags/example_task_group.py for tasks to queue
[2023-12-20T06:16:38.032+0000] {logging_mixin.py:188} INFO - [2023-12-20T06:16:38.031+0000] {dagbag.py:538} INFO - Filling up the DagBag from /home/airflow/.local/lib/python3.8/site-packages/airflow/example_dags/example_task_group.py
[2023-12-20T06:16:38.063+0000] {processor.py:840} INFO - DAG(s) 'example_task_group' retrieved from /home/airflow/.local/lib/python3.8/site-packages/airflow/example_dags/example_task_group.py
[2023-12-20T06:16:38.136+0000] {logging_mixin.py:188} INFO - [2023-12-20T06:16:38.135+0000] {dag.py:3033} INFO - Sync 1 DAGs
[2023-12-20T06:16:38.240+0000] {logging_mixin.py:188} INFO - [2023-12-20T06:16:38.239+0000] {dag.py:3820} INFO - Setting next_dagrun for example_task_group to 2023-12-19T00:00:00+00:00, run_after=2023-12-20T00:00:00+00:00
[2023-12-20T06:16:38.363+0000] {processor.py:183} INFO - Processing /home/airflow/.local/lib/python3.8/site-packages/airflow/example_dags/example_task_group.py took 0.384 seconds
[2023-12-20T06:17:08.926+0000] {processor.py:161} INFO - Started process (PID=1058) to work on /home/airflow/.local/lib/python3.8/site-packages/airflow/example_dags/example_task_group.py
[2023-12-20T06:17:08.930+0000] {processor.py:830} INFO - Processing file /home/airflow/.local/lib/python3.8/site-packages/airflow/example_dags/example_task_group.py for tasks to queue
[2023-12-20T06:17:08.940+0000] {logging_mixin.py:188} INFO - [2023-12-20T06:17:08.939+0000] {dagbag.py:538} INFO - Filling up the DagBag from /home/airflow/.local/lib/python3.8/site-packages/airflow/example_dags/example_task_group.py
[2023-12-20T06:17:08.995+0000] {processor.py:840} INFO - DAG(s) 'example_task_group' retrieved from /home/airflow/.local/lib/python3.8/site-packages/airflow/example_dags/example_task_group.py
[2023-12-20T06:17:09.220+0000] {logging_mixin.py:188} INFO - [2023-12-20T06:17:09.209+0000] {dag.py:3033} INFO - Sync 1 DAGs
[2023-12-20T06:17:09.409+0000] {logging_mixin.py:188} INFO - [2023-12-20T06:17:09.409+0000] {dag.py:3820} INFO - Setting next_dagrun for example_task_group to 2023-12-19T00:00:00+00:00, run_after=2023-12-20T00:00:00+00:00
[2023-12-20T06:17:09.587+0000] {processor.py:183} INFO - Processing /home/airflow/.local/lib/python3.8/site-packages/airflow/example_dags/example_task_group.py took 0.684 seconds
[2023-12-20T06:17:39.898+0000] {processor.py:161} INFO - Started process (PID=1114) to work on /home/airflow/.local/lib/python3.8/site-packages/airflow/example_dags/example_task_group.py
[2023-12-20T06:17:39.904+0000] {processor.py:830} INFO - Processing file /home/airflow/.local/lib/python3.8/site-packages/airflow/example_dags/example_task_group.py for tasks to queue
[2023-12-20T06:17:39.908+0000] {logging_mixin.py:188} INFO - [2023-12-20T06:17:39.908+0000] {dagbag.py:538} INFO - Filling up the DagBag from /home/airflow/.local/lib/python3.8/site-packages/airflow/example_dags/example_task_group.py
[2023-12-20T06:17:39.966+0000] {processor.py:840} INFO - DAG(s) 'example_task_group' retrieved from /home/airflow/.local/lib/python3.8/site-packages/airflow/example_dags/example_task_group.py
[2023-12-20T06:17:40.052+0000] {logging_mixin.py:188} INFO - [2023-12-20T06:17:40.050+0000] {dag.py:3033} INFO - Sync 1 DAGs
[2023-12-20T06:17:40.243+0000] {logging_mixin.py:188} INFO - [2023-12-20T06:17:40.242+0000] {dag.py:3820} INFO - Setting next_dagrun for example_task_group to 2023-12-19T00:00:00+00:00, run_after=2023-12-20T00:00:00+00:00
[2023-12-20T06:17:40.377+0000] {processor.py:183} INFO - Processing /home/airflow/.local/lib/python3.8/site-packages/airflow/example_dags/example_task_group.py took 0.511 seconds
[2023-12-20T06:18:13.109+0000] {processor.py:161} INFO - Started process (PID=1167) to work on /home/airflow/.local/lib/python3.8/site-packages/airflow/example_dags/example_task_group.py
[2023-12-20T06:18:13.119+0000] {processor.py:830} INFO - Processing file /home/airflow/.local/lib/python3.8/site-packages/airflow/example_dags/example_task_group.py for tasks to queue
[2023-12-20T06:18:13.124+0000] {logging_mixin.py:188} INFO - [2023-12-20T06:18:13.123+0000] {dagbag.py:538} INFO - Filling up the DagBag from /home/airflow/.local/lib/python3.8/site-packages/airflow/example_dags/example_task_group.py
[2023-12-20T06:18:13.143+0000] {processor.py:840} INFO - DAG(s) 'example_task_group' retrieved from /home/airflow/.local/lib/python3.8/site-packages/airflow/example_dags/example_task_group.py
[2023-12-20T06:18:13.197+0000] {logging_mixin.py:188} INFO - [2023-12-20T06:18:13.196+0000] {dag.py:3033} INFO - Sync 1 DAGs
[2023-12-20T06:18:13.271+0000] {logging_mixin.py:188} INFO - [2023-12-20T06:18:13.271+0000] {dag.py:3820} INFO - Setting next_dagrun for example_task_group to 2023-12-19T00:00:00+00:00, run_after=2023-12-20T00:00:00+00:00
[2023-12-20T06:18:13.328+0000] {processor.py:183} INFO - Processing /home/airflow/.local/lib/python3.8/site-packages/airflow/example_dags/example_task_group.py took 0.227 seconds
[2023-12-20T06:18:46.966+0000] {processor.py:161} INFO - Started process (PID=1221) to work on /home/airflow/.local/lib/python3.8/site-packages/airflow/example_dags/example_task_group.py
[2023-12-20T06:18:46.975+0000] {processor.py:830} INFO - Processing file /home/airflow/.local/lib/python3.8/site-packages/airflow/example_dags/example_task_group.py for tasks to queue
[2023-12-20T06:18:47.010+0000] {logging_mixin.py:188} INFO - [2023-12-20T06:18:47.009+0000] {dagbag.py:538} INFO - Filling up the DagBag from /home/airflow/.local/lib/python3.8/site-packages/airflow/example_dags/example_task_group.py
[2023-12-20T06:18:47.071+0000] {processor.py:840} INFO - DAG(s) 'example_task_group' retrieved from /home/airflow/.local/lib/python3.8/site-packages/airflow/example_dags/example_task_group.py
[2023-12-20T06:18:47.181+0000] {logging_mixin.py:188} INFO - [2023-12-20T06:18:47.181+0000] {dag.py:3033} INFO - Sync 1 DAGs
[2023-12-20T06:18:47.283+0000] {logging_mixin.py:188} INFO - [2023-12-20T06:18:47.282+0000] {dag.py:3820} INFO - Setting next_dagrun for example_task_group to 2023-12-19T00:00:00+00:00, run_after=2023-12-20T00:00:00+00:00
[2023-12-20T06:18:47.380+0000] {processor.py:183} INFO - Processing /home/airflow/.local/lib/python3.8/site-packages/airflow/example_dags/example_task_group.py took 0.452 seconds
[2023-12-20T06:19:18.270+0000] {processor.py:161} INFO - Started process (PID=1277) to work on /home/airflow/.local/lib/python3.8/site-packages/airflow/example_dags/example_task_group.py
[2023-12-20T06:19:18.275+0000] {processor.py:830} INFO - Processing file /home/airflow/.local/lib/python3.8/site-packages/airflow/example_dags/example_task_group.py for tasks to queue
[2023-12-20T06:19:18.286+0000] {logging_mixin.py:188} INFO - [2023-12-20T06:19:18.285+0000] {dagbag.py:538} INFO - Filling up the DagBag from /home/airflow/.local/lib/python3.8/site-packages/airflow/example_dags/example_task_group.py
[2023-12-20T06:19:18.332+0000] {processor.py:840} INFO - DAG(s) 'example_task_group' retrieved from /home/airflow/.local/lib/python3.8/site-packages/airflow/example_dags/example_task_group.py
[2023-12-20T06:19:18.495+0000] {logging_mixin.py:188} INFO - [2023-12-20T06:19:18.494+0000] {dag.py:3033} INFO - Sync 1 DAGs
[2023-12-20T06:19:18.619+0000] {logging_mixin.py:188} INFO - [2023-12-20T06:19:18.619+0000] {dag.py:3820} INFO - Setting next_dagrun for example_task_group to 2023-12-19T00:00:00+00:00, run_after=2023-12-20T00:00:00+00:00
[2023-12-20T06:19:18.698+0000] {processor.py:183} INFO - Processing /home/airflow/.local/lib/python3.8/site-packages/airflow/example_dags/example_task_group.py took 0.451 seconds
[2023-12-20T06:19:49.017+0000] {processor.py:161} INFO - Started process (PID=1331) to work on /home/airflow/.local/lib/python3.8/site-packages/airflow/example_dags/example_task_group.py
[2023-12-20T06:19:49.018+0000] {processor.py:830} INFO - Processing file /home/airflow/.local/lib/python3.8/site-packages/airflow/example_dags/example_task_group.py for tasks to queue
[2023-12-20T06:19:49.023+0000] {logging_mixin.py:188} INFO - [2023-12-20T06:19:49.022+0000] {dagbag.py:538} INFO - Filling up the DagBag from /home/airflow/.local/lib/python3.8/site-packages/airflow/example_dags/example_task_group.py
[2023-12-20T06:19:49.039+0000] {processor.py:840} INFO - DAG(s) 'example_task_group' retrieved from /home/airflow/.local/lib/python3.8/site-packages/airflow/example_dags/example_task_group.py
[2023-12-20T06:19:49.121+0000] {logging_mixin.py:188} INFO - [2023-12-20T06:19:49.120+0000] {dag.py:3033} INFO - Sync 1 DAGs
[2023-12-20T06:19:49.225+0000] {logging_mixin.py:188} INFO - [2023-12-20T06:19:49.224+0000] {dag.py:3820} INFO - Setting next_dagrun for example_task_group to 2023-12-19T00:00:00+00:00, run_after=2023-12-20T00:00:00+00:00
[2023-12-20T06:19:49.331+0000] {processor.py:183} INFO - Processing /home/airflow/.local/lib/python3.8/site-packages/airflow/example_dags/example_task_group.py took 0.323 seconds
[2023-12-20T06:20:19.444+0000] {processor.py:161} INFO - Started process (PID=1386) to work on /home/airflow/.local/lib/python3.8/site-packages/airflow/example_dags/example_task_group.py
[2023-12-20T06:20:19.484+0000] {processor.py:830} INFO - Processing file /home/airflow/.local/lib/python3.8/site-packages/airflow/example_dags/example_task_group.py for tasks to queue
[2023-12-20T06:20:19.497+0000] {logging_mixin.py:188} INFO - [2023-12-20T06:20:19.497+0000] {dagbag.py:538} INFO - Filling up the DagBag from /home/airflow/.local/lib/python3.8/site-packages/airflow/example_dags/example_task_group.py
[2023-12-20T06:20:19.538+0000] {processor.py:840} INFO - DAG(s) 'example_task_group' retrieved from /home/airflow/.local/lib/python3.8/site-packages/airflow/example_dags/example_task_group.py
[2023-12-20T06:20:19.592+0000] {logging_mixin.py:188} INFO - [2023-12-20T06:20:19.591+0000] {dag.py:3033} INFO - Sync 1 DAGs
[2023-12-20T06:20:19.690+0000] {logging_mixin.py:188} INFO - [2023-12-20T06:20:19.689+0000] {dag.py:3820} INFO - Setting next_dagrun for example_task_group to 2023-12-19T00:00:00+00:00, run_after=2023-12-20T00:00:00+00:00
[2023-12-20T06:20:19.857+0000] {processor.py:183} INFO - Processing /home/airflow/.local/lib/python3.8/site-packages/airflow/example_dags/example_task_group.py took 0.425 seconds
[2023-12-20T06:20:50.662+0000] {processor.py:161} INFO - Started process (PID=1441) to work on /home/airflow/.local/lib/python3.8/site-packages/airflow/example_dags/example_task_group.py
[2023-12-20T06:20:50.663+0000] {processor.py:830} INFO - Processing file /home/airflow/.local/lib/python3.8/site-packages/airflow/example_dags/example_task_group.py for tasks to queue
[2023-12-20T06:20:50.669+0000] {logging_mixin.py:188} INFO - [2023-12-20T06:20:50.668+0000] {dagbag.py:538} INFO - Filling up the DagBag from /home/airflow/.local/lib/python3.8/site-packages/airflow/example_dags/example_task_group.py
[2023-12-20T06:20:50.690+0000] {processor.py:840} INFO - DAG(s) 'example_task_group' retrieved from /home/airflow/.local/lib/python3.8/site-packages/airflow/example_dags/example_task_group.py
[2023-12-20T06:20:50.774+0000] {logging_mixin.py:188} INFO - [2023-12-20T06:20:50.773+0000] {dag.py:3033} INFO - Sync 1 DAGs
[2023-12-20T06:20:50.897+0000] {logging_mixin.py:188} INFO - [2023-12-20T06:20:50.895+0000] {dag.py:3820} INFO - Setting next_dagrun for example_task_group to 2023-12-19T00:00:00+00:00, run_after=2023-12-20T00:00:00+00:00
[2023-12-20T06:20:51.011+0000] {processor.py:183} INFO - Processing /home/airflow/.local/lib/python3.8/site-packages/airflow/example_dags/example_task_group.py took 0.359 seconds
[2023-12-20T06:21:22.792+0000] {processor.py:161} INFO - Started process (PID=1496) to work on /home/airflow/.local/lib/python3.8/site-packages/airflow/example_dags/example_task_group.py
[2023-12-20T06:21:22.808+0000] {processor.py:830} INFO - Processing file /home/airflow/.local/lib/python3.8/site-packages/airflow/example_dags/example_task_group.py for tasks to queue
[2023-12-20T06:21:22.812+0000] {logging_mixin.py:188} INFO - [2023-12-20T06:21:22.812+0000] {dagbag.py:538} INFO - Filling up the DagBag from /home/airflow/.local/lib/python3.8/site-packages/airflow/example_dags/example_task_group.py
[2023-12-20T06:21:22.899+0000] {processor.py:840} INFO - DAG(s) 'example_task_group' retrieved from /home/airflow/.local/lib/python3.8/site-packages/airflow/example_dags/example_task_group.py
[2023-12-20T06:21:23.234+0000] {logging_mixin.py:188} INFO - [2023-12-20T06:21:23.234+0000] {dag.py:3033} INFO - Sync 1 DAGs
[2023-12-20T06:21:23.496+0000] {logging_mixin.py:188} INFO - [2023-12-20T06:21:23.495+0000] {dag.py:3820} INFO - Setting next_dagrun for example_task_group to 2023-12-19T00:00:00+00:00, run_after=2023-12-20T00:00:00+00:00
[2023-12-20T06:21:23.669+0000] {processor.py:183} INFO - Processing /home/airflow/.local/lib/python3.8/site-packages/airflow/example_dags/example_task_group.py took 0.901 seconds
[2023-12-20T06:21:53.762+0000] {processor.py:161} INFO - Started process (PID=1552) to work on /home/airflow/.local/lib/python3.8/site-packages/airflow/example_dags/example_task_group.py
[2023-12-20T06:21:53.764+0000] {processor.py:830} INFO - Processing file /home/airflow/.local/lib/python3.8/site-packages/airflow/example_dags/example_task_group.py for tasks to queue
[2023-12-20T06:21:53.772+0000] {logging_mixin.py:188} INFO - [2023-12-20T06:21:53.772+0000] {dagbag.py:538} INFO - Filling up the DagBag from /home/airflow/.local/lib/python3.8/site-packages/airflow/example_dags/example_task_group.py
[2023-12-20T06:21:53.811+0000] {processor.py:840} INFO - DAG(s) 'example_task_group' retrieved from /home/airflow/.local/lib/python3.8/site-packages/airflow/example_dags/example_task_group.py
[2023-12-20T06:21:53.982+0000] {logging_mixin.py:188} INFO - [2023-12-20T06:21:53.982+0000] {dag.py:3033} INFO - Sync 1 DAGs
[2023-12-20T06:21:54.037+0000] {logging_mixin.py:188} INFO - [2023-12-20T06:21:54.037+0000] {dag.py:3820} INFO - Setting next_dagrun for example_task_group to 2023-12-19T00:00:00+00:00, run_after=2023-12-20T00:00:00+00:00
[2023-12-20T06:21:54.160+0000] {processor.py:183} INFO - Processing /home/airflow/.local/lib/python3.8/site-packages/airflow/example_dags/example_task_group.py took 0.413 seconds
[2023-12-20T06:22:24.844+0000] {processor.py:161} INFO - Started process (PID=1607) to work on /home/airflow/.local/lib/python3.8/site-packages/airflow/example_dags/example_task_group.py
[2023-12-20T06:22:24.846+0000] {processor.py:830} INFO - Processing file /home/airflow/.local/lib/python3.8/site-packages/airflow/example_dags/example_task_group.py for tasks to queue
[2023-12-20T06:22:24.849+0000] {logging_mixin.py:188} INFO - [2023-12-20T06:22:24.848+0000] {dagbag.py:538} INFO - Filling up the DagBag from /home/airflow/.local/lib/python3.8/site-packages/airflow/example_dags/example_task_group.py
[2023-12-20T06:22:24.879+0000] {processor.py:840} INFO - DAG(s) 'example_task_group' retrieved from /home/airflow/.local/lib/python3.8/site-packages/airflow/example_dags/example_task_group.py
[2023-12-20T06:22:24.963+0000] {logging_mixin.py:188} INFO - [2023-12-20T06:22:24.962+0000] {dag.py:3033} INFO - Sync 1 DAGs
[2023-12-20T06:22:25.055+0000] {logging_mixin.py:188} INFO - [2023-12-20T06:22:25.054+0000] {dag.py:3820} INFO - Setting next_dagrun for example_task_group to 2023-12-19T00:00:00+00:00, run_after=2023-12-20T00:00:00+00:00
[2023-12-20T06:22:25.238+0000] {processor.py:183} INFO - Processing /home/airflow/.local/lib/python3.8/site-packages/airflow/example_dags/example_task_group.py took 0.403 seconds
[2023-12-20T06:22:55.662+0000] {processor.py:161} INFO - Started process (PID=1662) to work on /home/airflow/.local/lib/python3.8/site-packages/airflow/example_dags/example_task_group.py
[2023-12-20T06:22:55.696+0000] {processor.py:830} INFO - Processing file /home/airflow/.local/lib/python3.8/site-packages/airflow/example_dags/example_task_group.py for tasks to queue
[2023-12-20T06:22:55.698+0000] {logging_mixin.py:188} INFO - [2023-12-20T06:22:55.697+0000] {dagbag.py:538} INFO - Filling up the DagBag from /home/airflow/.local/lib/python3.8/site-packages/airflow/example_dags/example_task_group.py
[2023-12-20T06:22:55.716+0000] {processor.py:840} INFO - DAG(s) 'example_task_group' retrieved from /home/airflow/.local/lib/python3.8/site-packages/airflow/example_dags/example_task_group.py
[2023-12-20T06:22:55.813+0000] {logging_mixin.py:188} INFO - [2023-12-20T06:22:55.813+0000] {dag.py:3033} INFO - Sync 1 DAGs
[2023-12-20T06:22:55.931+0000] {logging_mixin.py:188} INFO - [2023-12-20T06:22:55.930+0000] {dag.py:3820} INFO - Setting next_dagrun for example_task_group to 2023-12-19T00:00:00+00:00, run_after=2023-12-20T00:00:00+00:00
[2023-12-20T06:22:56.069+0000] {processor.py:183} INFO - Processing /home/airflow/.local/lib/python3.8/site-packages/airflow/example_dags/example_task_group.py took 0.436 seconds
[2023-12-20T06:23:26.412+0000] {processor.py:161} INFO - Started process (PID=1718) to work on /home/airflow/.local/lib/python3.8/site-packages/airflow/example_dags/example_task_group.py
[2023-12-20T06:23:26.414+0000] {processor.py:830} INFO - Processing file /home/airflow/.local/lib/python3.8/site-packages/airflow/example_dags/example_task_group.py for tasks to queue
[2023-12-20T06:23:26.416+0000] {logging_mixin.py:188} INFO - [2023-12-20T06:23:26.415+0000] {dagbag.py:538} INFO - Filling up the DagBag from /home/airflow/.local/lib/python3.8/site-packages/airflow/example_dags/example_task_group.py
[2023-12-20T06:23:26.437+0000] {processor.py:840} INFO - DAG(s) 'example_task_group' retrieved from /home/airflow/.local/lib/python3.8/site-packages/airflow/example_dags/example_task_group.py
[2023-12-20T06:23:26.490+0000] {logging_mixin.py:188} INFO - [2023-12-20T06:23:26.489+0000] {dag.py:3033} INFO - Sync 1 DAGs
[2023-12-20T06:23:26.545+0000] {logging_mixin.py:188} INFO - [2023-12-20T06:23:26.545+0000] {dag.py:3820} INFO - Setting next_dagrun for example_task_group to 2023-12-19T00:00:00+00:00, run_after=2023-12-20T00:00:00+00:00
[2023-12-20T06:23:26.605+0000] {processor.py:183} INFO - Processing /home/airflow/.local/lib/python3.8/site-packages/airflow/example_dags/example_task_group.py took 0.199 seconds
[2023-12-20T06:23:58.690+0000] {processor.py:161} INFO - Started process (PID=1773) to work on /home/airflow/.local/lib/python3.8/site-packages/airflow/example_dags/example_task_group.py
[2023-12-20T06:23:58.697+0000] {processor.py:830} INFO - Processing file /home/airflow/.local/lib/python3.8/site-packages/airflow/example_dags/example_task_group.py for tasks to queue
[2023-12-20T06:23:58.706+0000] {logging_mixin.py:188} INFO - [2023-12-20T06:23:58.705+0000] {dagbag.py:538} INFO - Filling up the DagBag from /home/airflow/.local/lib/python3.8/site-packages/airflow/example_dags/example_task_group.py
[2023-12-20T06:23:58.870+0000] {processor.py:840} INFO - DAG(s) 'example_task_group' retrieved from /home/airflow/.local/lib/python3.8/site-packages/airflow/example_dags/example_task_group.py
[2023-12-20T06:23:59.174+0000] {logging_mixin.py:188} INFO - [2023-12-20T06:23:59.173+0000] {dag.py:3033} INFO - Sync 1 DAGs
[2023-12-20T06:23:59.393+0000] {logging_mixin.py:188} INFO - [2023-12-20T06:23:59.392+0000] {dag.py:3820} INFO - Setting next_dagrun for example_task_group to 2023-12-19T00:00:00+00:00, run_after=2023-12-20T00:00:00+00:00
[2023-12-20T06:23:59.604+0000] {processor.py:183} INFO - Processing /home/airflow/.local/lib/python3.8/site-packages/airflow/example_dags/example_task_group.py took 0.974 seconds
[2023-12-20T06:24:30.052+0000] {processor.py:161} INFO - Started process (PID=1828) to work on /home/airflow/.local/lib/python3.8/site-packages/airflow/example_dags/example_task_group.py
[2023-12-20T06:24:30.053+0000] {processor.py:830} INFO - Processing file /home/airflow/.local/lib/python3.8/site-packages/airflow/example_dags/example_task_group.py for tasks to queue
[2023-12-20T06:24:30.057+0000] {logging_mixin.py:188} INFO - [2023-12-20T06:24:30.054+0000] {dagbag.py:538} INFO - Filling up the DagBag from /home/airflow/.local/lib/python3.8/site-packages/airflow/example_dags/example_task_group.py
[2023-12-20T06:24:30.099+0000] {processor.py:840} INFO - DAG(s) 'example_task_group' retrieved from /home/airflow/.local/lib/python3.8/site-packages/airflow/example_dags/example_task_group.py
[2023-12-20T06:24:30.184+0000] {logging_mixin.py:188} INFO - [2023-12-20T06:24:30.184+0000] {dag.py:3033} INFO - Sync 1 DAGs
[2023-12-20T06:24:30.254+0000] {logging_mixin.py:188} INFO - [2023-12-20T06:24:30.253+0000] {dag.py:3820} INFO - Setting next_dagrun for example_task_group to 2023-12-19T00:00:00+00:00, run_after=2023-12-20T00:00:00+00:00
[2023-12-20T06:24:30.327+0000] {processor.py:183} INFO - Processing /home/airflow/.local/lib/python3.8/site-packages/airflow/example_dags/example_task_group.py took 0.291 seconds
[2023-12-20T06:25:01.497+0000] {processor.py:161} INFO - Started process (PID=1882) to work on /home/airflow/.local/lib/python3.8/site-packages/airflow/example_dags/example_task_group.py
[2023-12-20T06:25:01.509+0000] {processor.py:830} INFO - Processing file /home/airflow/.local/lib/python3.8/site-packages/airflow/example_dags/example_task_group.py for tasks to queue
[2023-12-20T06:25:01.513+0000] {logging_mixin.py:188} INFO - [2023-12-20T06:25:01.513+0000] {dagbag.py:538} INFO - Filling up the DagBag from /home/airflow/.local/lib/python3.8/site-packages/airflow/example_dags/example_task_group.py
[2023-12-20T06:25:01.599+0000] {processor.py:840} INFO - DAG(s) 'example_task_group' retrieved from /home/airflow/.local/lib/python3.8/site-packages/airflow/example_dags/example_task_group.py
[2023-12-20T06:25:01.696+0000] {logging_mixin.py:188} INFO - [2023-12-20T06:25:01.695+0000] {dag.py:3033} INFO - Sync 1 DAGs
[2023-12-20T06:25:01.833+0000] {logging_mixin.py:188} INFO - [2023-12-20T06:25:01.832+0000] {dag.py:3820} INFO - Setting next_dagrun for example_task_group to 2023-12-19T00:00:00+00:00, run_after=2023-12-20T00:00:00+00:00
[2023-12-20T06:25:01.914+0000] {processor.py:183} INFO - Processing /home/airflow/.local/lib/python3.8/site-packages/airflow/example_dags/example_task_group.py took 0.438 seconds
[2023-12-20T06:25:32.743+0000] {processor.py:161} INFO - Started process (PID=1937) to work on /home/airflow/.local/lib/python3.8/site-packages/airflow/example_dags/example_task_group.py
[2023-12-20T06:25:32.765+0000] {processor.py:830} INFO - Processing file /home/airflow/.local/lib/python3.8/site-packages/airflow/example_dags/example_task_group.py for tasks to queue
[2023-12-20T06:25:32.770+0000] {logging_mixin.py:188} INFO - [2023-12-20T06:25:32.767+0000] {dagbag.py:538} INFO - Filling up the DagBag from /home/airflow/.local/lib/python3.8/site-packages/airflow/example_dags/example_task_group.py
[2023-12-20T06:25:32.908+0000] {processor.py:840} INFO - DAG(s) 'example_task_group' retrieved from /home/airflow/.local/lib/python3.8/site-packages/airflow/example_dags/example_task_group.py
[2023-12-20T06:25:33.122+0000] {logging_mixin.py:188} INFO - [2023-12-20T06:25:33.122+0000] {dag.py:3033} INFO - Sync 1 DAGs
[2023-12-20T06:25:33.400+0000] {logging_mixin.py:188} INFO - [2023-12-20T06:25:33.399+0000] {dag.py:3820} INFO - Setting next_dagrun for example_task_group to 2023-12-19T00:00:00+00:00, run_after=2023-12-20T00:00:00+00:00
[2023-12-20T06:25:33.641+0000] {processor.py:183} INFO - Processing /home/airflow/.local/lib/python3.8/site-packages/airflow/example_dags/example_task_group.py took 0.980 seconds
[2023-12-20T06:26:03.948+0000] {processor.py:161} INFO - Started process (PID=1992) to work on /home/airflow/.local/lib/python3.8/site-packages/airflow/example_dags/example_task_group.py
[2023-12-20T06:26:03.990+0000] {processor.py:830} INFO - Processing file /home/airflow/.local/lib/python3.8/site-packages/airflow/example_dags/example_task_group.py for tasks to queue
[2023-12-20T06:26:03.994+0000] {logging_mixin.py:188} INFO - [2023-12-20T06:26:03.994+0000] {dagbag.py:538} INFO - Filling up the DagBag from /home/airflow/.local/lib/python3.8/site-packages/airflow/example_dags/example_task_group.py
[2023-12-20T06:26:04.037+0000] {processor.py:840} INFO - DAG(s) 'example_task_group' retrieved from /home/airflow/.local/lib/python3.8/site-packages/airflow/example_dags/example_task_group.py
[2023-12-20T06:26:04.142+0000] {logging_mixin.py:188} INFO - [2023-12-20T06:26:04.142+0000] {dag.py:3033} INFO - Sync 1 DAGs
[2023-12-20T06:26:04.208+0000] {logging_mixin.py:188} INFO - [2023-12-20T06:26:04.207+0000] {dag.py:3820} INFO - Setting next_dagrun for example_task_group to 2023-12-19T00:00:00+00:00, run_after=2023-12-20T00:00:00+00:00
[2023-12-20T06:26:04.284+0000] {processor.py:183} INFO - Processing /home/airflow/.local/lib/python3.8/site-packages/airflow/example_dags/example_task_group.py took 0.355 seconds
[2023-12-20T06:26:35.085+0000] {processor.py:161} INFO - Started process (PID=2047) to work on /home/airflow/.local/lib/python3.8/site-packages/airflow/example_dags/example_task_group.py
[2023-12-20T06:26:35.095+0000] {processor.py:830} INFO - Processing file /home/airflow/.local/lib/python3.8/site-packages/airflow/example_dags/example_task_group.py for tasks to queue
[2023-12-20T06:26:35.097+0000] {logging_mixin.py:188} INFO - [2023-12-20T06:26:35.097+0000] {dagbag.py:538} INFO - Filling up the DagBag from /home/airflow/.local/lib/python3.8/site-packages/airflow/example_dags/example_task_group.py
[2023-12-20T06:26:35.166+0000] {processor.py:840} INFO - DAG(s) 'example_task_group' retrieved from /home/airflow/.local/lib/python3.8/site-packages/airflow/example_dags/example_task_group.py
[2023-12-20T06:26:35.281+0000] {logging_mixin.py:188} INFO - [2023-12-20T06:26:35.280+0000] {dag.py:3033} INFO - Sync 1 DAGs
[2023-12-20T06:26:35.414+0000] {logging_mixin.py:188} INFO - [2023-12-20T06:26:35.413+0000] {dag.py:3820} INFO - Setting next_dagrun for example_task_group to 2023-12-19T00:00:00+00:00, run_after=2023-12-20T00:00:00+00:00
[2023-12-20T06:26:35.503+0000] {processor.py:183} INFO - Processing /home/airflow/.local/lib/python3.8/site-packages/airflow/example_dags/example_task_group.py took 0.425 seconds
[2023-12-20T06:27:14.619+0000] {processor.py:161} INFO - Started process (PID=2108) to work on /home/airflow/.local/lib/python3.8/site-packages/airflow/example_dags/example_task_group.py
[2023-12-20T06:27:14.632+0000] {processor.py:830} INFO - Processing file /home/airflow/.local/lib/python3.8/site-packages/airflow/example_dags/example_task_group.py for tasks to queue
[2023-12-20T06:27:14.634+0000] {logging_mixin.py:188} INFO - [2023-12-20T06:27:14.634+0000] {dagbag.py:538} INFO - Filling up the DagBag from /home/airflow/.local/lib/python3.8/site-packages/airflow/example_dags/example_task_group.py
[2023-12-20T06:27:14.707+0000] {processor.py:840} INFO - DAG(s) 'example_task_group' retrieved from /home/airflow/.local/lib/python3.8/site-packages/airflow/example_dags/example_task_group.py
[2023-12-20T06:27:15.246+0000] {logging_mixin.py:188} INFO - [2023-12-20T06:27:15.245+0000] {dag.py:3033} INFO - Sync 1 DAGs
[2023-12-20T06:27:16.087+0000] {logging_mixin.py:188} INFO - [2023-12-20T06:27:16.086+0000] {dag.py:3820} INFO - Setting next_dagrun for example_task_group to 2023-12-19T00:00:00+00:00, run_after=2023-12-20T00:00:00+00:00
[2023-12-20T06:27:16.347+0000] {processor.py:183} INFO - Processing /home/airflow/.local/lib/python3.8/site-packages/airflow/example_dags/example_task_group.py took 1.745 seconds
[2023-12-20T06:27:47.078+0000] {processor.py:161} INFO - Started process (PID=2171) to work on /home/airflow/.local/lib/python3.8/site-packages/airflow/example_dags/example_task_group.py
[2023-12-20T06:27:47.080+0000] {processor.py:830} INFO - Processing file /home/airflow/.local/lib/python3.8/site-packages/airflow/example_dags/example_task_group.py for tasks to queue
[2023-12-20T06:27:47.083+0000] {logging_mixin.py:188} INFO - [2023-12-20T06:27:47.082+0000] {dagbag.py:538} INFO - Filling up the DagBag from /home/airflow/.local/lib/python3.8/site-packages/airflow/example_dags/example_task_group.py
[2023-12-20T06:27:47.104+0000] {processor.py:840} INFO - DAG(s) 'example_task_group' retrieved from /home/airflow/.local/lib/python3.8/site-packages/airflow/example_dags/example_task_group.py
[2023-12-20T06:27:47.176+0000] {logging_mixin.py:188} INFO - [2023-12-20T06:27:47.176+0000] {dag.py:3033} INFO - Sync 1 DAGs
[2023-12-20T06:27:47.238+0000] {logging_mixin.py:188} INFO - [2023-12-20T06:27:47.237+0000] {dag.py:3820} INFO - Setting next_dagrun for example_task_group to 2023-12-19T00:00:00+00:00, run_after=2023-12-20T00:00:00+00:00
[2023-12-20T06:27:47.596+0000] {processor.py:183} INFO - Processing /home/airflow/.local/lib/python3.8/site-packages/airflow/example_dags/example_task_group.py took 0.529 seconds
[2023-12-20T06:28:19.235+0000] {processor.py:161} INFO - Started process (PID=2228) to work on /home/airflow/.local/lib/python3.8/site-packages/airflow/example_dags/example_task_group.py
[2023-12-20T06:28:19.242+0000] {processor.py:830} INFO - Processing file /home/airflow/.local/lib/python3.8/site-packages/airflow/example_dags/example_task_group.py for tasks to queue
[2023-12-20T06:28:19.244+0000] {logging_mixin.py:188} INFO - [2023-12-20T06:28:19.243+0000] {dagbag.py:538} INFO - Filling up the DagBag from /home/airflow/.local/lib/python3.8/site-packages/airflow/example_dags/example_task_group.py
[2023-12-20T06:28:19.318+0000] {processor.py:840} INFO - DAG(s) 'example_task_group' retrieved from /home/airflow/.local/lib/python3.8/site-packages/airflow/example_dags/example_task_group.py
[2023-12-20T06:28:19.398+0000] {logging_mixin.py:188} INFO - [2023-12-20T06:28:19.397+0000] {dag.py:3033} INFO - Sync 1 DAGs
[2023-12-20T06:28:19.494+0000] {logging_mixin.py:188} INFO - [2023-12-20T06:28:19.493+0000] {dag.py:3820} INFO - Setting next_dagrun for example_task_group to 2023-12-19T00:00:00+00:00, run_after=2023-12-20T00:00:00+00:00
[2023-12-20T06:28:19.600+0000] {processor.py:183} INFO - Processing /home/airflow/.local/lib/python3.8/site-packages/airflow/example_dags/example_task_group.py took 0.393 seconds
[2023-12-20T06:28:49.792+0000] {processor.py:161} INFO - Started process (PID=2285) to work on /home/airflow/.local/lib/python3.8/site-packages/airflow/example_dags/example_task_group.py
[2023-12-20T06:28:49.793+0000] {processor.py:830} INFO - Processing file /home/airflow/.local/lib/python3.8/site-packages/airflow/example_dags/example_task_group.py for tasks to queue
[2023-12-20T06:28:49.801+0000] {logging_mixin.py:188} INFO - [2023-12-20T06:28:49.800+0000] {dagbag.py:538} INFO - Filling up the DagBag from /home/airflow/.local/lib/python3.8/site-packages/airflow/example_dags/example_task_group.py
[2023-12-20T06:28:49.854+0000] {processor.py:840} INFO - DAG(s) 'example_task_group' retrieved from /home/airflow/.local/lib/python3.8/site-packages/airflow/example_dags/example_task_group.py
[2023-12-20T06:28:49.998+0000] {logging_mixin.py:188} INFO - [2023-12-20T06:28:49.997+0000] {dag.py:3033} INFO - Sync 1 DAGs
[2023-12-20T06:28:50.183+0000] {logging_mixin.py:188} INFO - [2023-12-20T06:28:50.182+0000] {dag.py:3820} INFO - Setting next_dagrun for example_task_group to 2023-12-19T00:00:00+00:00, run_after=2023-12-20T00:00:00+00:00
[2023-12-20T06:28:50.330+0000] {processor.py:183} INFO - Processing /home/airflow/.local/lib/python3.8/site-packages/airflow/example_dags/example_task_group.py took 0.562 seconds
[2023-12-20T06:29:20.443+0000] {processor.py:161} INFO - Started process (PID=2342) to work on /home/airflow/.local/lib/python3.8/site-packages/airflow/example_dags/example_task_group.py
[2023-12-20T06:29:20.449+0000] {processor.py:830} INFO - Processing file /home/airflow/.local/lib/python3.8/site-packages/airflow/example_dags/example_task_group.py for tasks to queue
[2023-12-20T06:29:20.451+0000] {logging_mixin.py:188} INFO - [2023-12-20T06:29:20.451+0000] {dagbag.py:538} INFO - Filling up the DagBag from /home/airflow/.local/lib/python3.8/site-packages/airflow/example_dags/example_task_group.py
[2023-12-20T06:29:20.480+0000] {processor.py:840} INFO - DAG(s) 'example_task_group' retrieved from /home/airflow/.local/lib/python3.8/site-packages/airflow/example_dags/example_task_group.py
[2023-12-20T06:29:20.559+0000] {logging_mixin.py:188} INFO - [2023-12-20T06:29:20.558+0000] {dag.py:3033} INFO - Sync 1 DAGs
[2023-12-20T06:29:20.650+0000] {logging_mixin.py:188} INFO - [2023-12-20T06:29:20.649+0000] {dag.py:3820} INFO - Setting next_dagrun for example_task_group to 2023-12-19T00:00:00+00:00, run_after=2023-12-20T00:00:00+00:00
[2023-12-20T06:29:20.788+0000] {processor.py:183} INFO - Processing /home/airflow/.local/lib/python3.8/site-packages/airflow/example_dags/example_task_group.py took 0.370 seconds
[2023-12-20T06:29:52.007+0000] {processor.py:161} INFO - Started process (PID=2399) to work on /home/airflow/.local/lib/python3.8/site-packages/airflow/example_dags/example_task_group.py
[2023-12-20T06:29:52.009+0000] {processor.py:830} INFO - Processing file /home/airflow/.local/lib/python3.8/site-packages/airflow/example_dags/example_task_group.py for tasks to queue
[2023-12-20T06:29:52.011+0000] {logging_mixin.py:188} INFO - [2023-12-20T06:29:52.010+0000] {dagbag.py:538} INFO - Filling up the DagBag from /home/airflow/.local/lib/python3.8/site-packages/airflow/example_dags/example_task_group.py
[2023-12-20T06:29:52.052+0000] {processor.py:840} INFO - DAG(s) 'example_task_group' retrieved from /home/airflow/.local/lib/python3.8/site-packages/airflow/example_dags/example_task_group.py
[2023-12-20T06:29:52.155+0000] {logging_mixin.py:188} INFO - [2023-12-20T06:29:52.154+0000] {dag.py:3033} INFO - Sync 1 DAGs
[2023-12-20T06:29:52.499+0000] {logging_mixin.py:188} INFO - [2023-12-20T06:29:52.498+0000] {dag.py:3820} INFO - Setting next_dagrun for example_task_group to 2023-12-19T00:00:00+00:00, run_after=2023-12-20T00:00:00+00:00
[2023-12-20T06:29:52.544+0000] {processor.py:183} INFO - Processing /home/airflow/.local/lib/python3.8/site-packages/airflow/example_dags/example_task_group.py took 0.551 seconds
[2023-12-20T06:30:24.764+0000] {processor.py:161} INFO - Started process (PID=2452) to work on /home/airflow/.local/lib/python3.8/site-packages/airflow/example_dags/example_task_group.py
[2023-12-20T06:30:24.788+0000] {processor.py:830} INFO - Processing file /home/airflow/.local/lib/python3.8/site-packages/airflow/example_dags/example_task_group.py for tasks to queue
[2023-12-20T06:30:24.798+0000] {logging_mixin.py:188} INFO - [2023-12-20T06:30:24.796+0000] {dagbag.py:538} INFO - Filling up the DagBag from /home/airflow/.local/lib/python3.8/site-packages/airflow/example_dags/example_task_group.py
[2023-12-20T06:30:24.935+0000] {processor.py:840} INFO - DAG(s) 'example_task_group' retrieved from /home/airflow/.local/lib/python3.8/site-packages/airflow/example_dags/example_task_group.py
[2023-12-20T06:30:25.067+0000] {logging_mixin.py:188} INFO - [2023-12-20T06:30:25.066+0000] {dag.py:3033} INFO - Sync 1 DAGs
[2023-12-20T06:30:25.197+0000] {logging_mixin.py:188} INFO - [2023-12-20T06:30:25.197+0000] {dag.py:3820} INFO - Setting next_dagrun for example_task_group to 2023-12-19T00:00:00+00:00, run_after=2023-12-20T00:00:00+00:00
[2023-12-20T06:30:25.388+0000] {processor.py:183} INFO - Processing /home/airflow/.local/lib/python3.8/site-packages/airflow/example_dags/example_task_group.py took 0.653 seconds
[2023-12-20T06:30:55.741+0000] {processor.py:161} INFO - Started process (PID=2507) to work on /home/airflow/.local/lib/python3.8/site-packages/airflow/example_dags/example_task_group.py
[2023-12-20T06:30:55.751+0000] {processor.py:830} INFO - Processing file /home/airflow/.local/lib/python3.8/site-packages/airflow/example_dags/example_task_group.py for tasks to queue
[2023-12-20T06:30:55.766+0000] {logging_mixin.py:188} INFO - [2023-12-20T06:30:55.760+0000] {dagbag.py:538} INFO - Filling up the DagBag from /home/airflow/.local/lib/python3.8/site-packages/airflow/example_dags/example_task_group.py
[2023-12-20T06:30:55.864+0000] {processor.py:840} INFO - DAG(s) 'example_task_group' retrieved from /home/airflow/.local/lib/python3.8/site-packages/airflow/example_dags/example_task_group.py
[2023-12-20T06:30:56.067+0000] {logging_mixin.py:188} INFO - [2023-12-20T06:30:56.066+0000] {dag.py:3033} INFO - Sync 1 DAGs
[2023-12-20T06:30:56.313+0000] {logging_mixin.py:188} INFO - [2023-12-20T06:30:56.312+0000] {dag.py:3820} INFO - Setting next_dagrun for example_task_group to 2023-12-19T00:00:00+00:00, run_after=2023-12-20T00:00:00+00:00
[2023-12-20T06:30:56.423+0000] {processor.py:183} INFO - Processing /home/airflow/.local/lib/python3.8/site-packages/airflow/example_dags/example_task_group.py took 0.713 seconds
[2023-12-20T06:31:33.832+0000] {processor.py:161} INFO - Started process (PID=2564) to work on /home/airflow/.local/lib/python3.8/site-packages/airflow/example_dags/example_task_group.py
[2023-12-20T06:31:33.841+0000] {processor.py:830} INFO - Processing file /home/airflow/.local/lib/python3.8/site-packages/airflow/example_dags/example_task_group.py for tasks to queue
[2023-12-20T06:31:33.843+0000] {logging_mixin.py:188} INFO - [2023-12-20T06:31:33.842+0000] {dagbag.py:538} INFO - Filling up the DagBag from /home/airflow/.local/lib/python3.8/site-packages/airflow/example_dags/example_task_group.py
[2023-12-20T06:31:33.863+0000] {processor.py:840} INFO - DAG(s) 'example_task_group' retrieved from /home/airflow/.local/lib/python3.8/site-packages/airflow/example_dags/example_task_group.py
[2023-12-20T06:31:34.500+0000] {logging_mixin.py:188} INFO - [2023-12-20T06:31:34.500+0000] {dag.py:3033} INFO - Sync 1 DAGs
[2023-12-20T06:31:34.602+0000] {logging_mixin.py:188} INFO - [2023-12-20T06:31:34.602+0000] {dag.py:3820} INFO - Setting next_dagrun for example_task_group to 2023-12-19T00:00:00+00:00, run_after=2023-12-20T00:00:00+00:00
[2023-12-20T06:31:34.726+0000] {processor.py:183} INFO - Processing /home/airflow/.local/lib/python3.8/site-packages/airflow/example_dags/example_task_group.py took 0.908 seconds
[2023-12-20T06:32:05.419+0000] {processor.py:161} INFO - Started process (PID=2623) to work on /home/airflow/.local/lib/python3.8/site-packages/airflow/example_dags/example_task_group.py
[2023-12-20T06:32:05.420+0000] {processor.py:830} INFO - Processing file /home/airflow/.local/lib/python3.8/site-packages/airflow/example_dags/example_task_group.py for tasks to queue
[2023-12-20T06:32:05.423+0000] {logging_mixin.py:188} INFO - [2023-12-20T06:32:05.422+0000] {dagbag.py:538} INFO - Filling up the DagBag from /home/airflow/.local/lib/python3.8/site-packages/airflow/example_dags/example_task_group.py
[2023-12-20T06:32:05.442+0000] {processor.py:840} INFO - DAG(s) 'example_task_group' retrieved from /home/airflow/.local/lib/python3.8/site-packages/airflow/example_dags/example_task_group.py
[2023-12-20T06:32:05.499+0000] {logging_mixin.py:188} INFO - [2023-12-20T06:32:05.498+0000] {dag.py:3033} INFO - Sync 1 DAGs
[2023-12-20T06:32:05.553+0000] {logging_mixin.py:188} INFO - [2023-12-20T06:32:05.553+0000] {dag.py:3820} INFO - Setting next_dagrun for example_task_group to 2023-12-19T00:00:00+00:00, run_after=2023-12-20T00:00:00+00:00
[2023-12-20T06:32:05.642+0000] {processor.py:183} INFO - Processing /home/airflow/.local/lib/python3.8/site-packages/airflow/example_dags/example_task_group.py took 0.233 seconds
[2023-12-20T06:32:35.754+0000] {processor.py:161} INFO - Started process (PID=2680) to work on /home/airflow/.local/lib/python3.8/site-packages/airflow/example_dags/example_task_group.py
[2023-12-20T06:32:35.797+0000] {processor.py:830} INFO - Processing file /home/airflow/.local/lib/python3.8/site-packages/airflow/example_dags/example_task_group.py for tasks to queue
[2023-12-20T06:32:35.799+0000] {logging_mixin.py:188} INFO - [2023-12-20T06:32:35.798+0000] {dagbag.py:538} INFO - Filling up the DagBag from /home/airflow/.local/lib/python3.8/site-packages/airflow/example_dags/example_task_group.py
[2023-12-20T06:32:35.833+0000] {processor.py:840} INFO - DAG(s) 'example_task_group' retrieved from /home/airflow/.local/lib/python3.8/site-packages/airflow/example_dags/example_task_group.py
[2023-12-20T06:32:35.889+0000] {logging_mixin.py:188} INFO - [2023-12-20T06:32:35.888+0000] {dag.py:3033} INFO - Sync 1 DAGs
[2023-12-20T06:32:35.957+0000] {logging_mixin.py:188} INFO - [2023-12-20T06:32:35.957+0000] {dag.py:3820} INFO - Setting next_dagrun for example_task_group to 2023-12-19T00:00:00+00:00, run_after=2023-12-20T00:00:00+00:00
[2023-12-20T06:32:36.062+0000] {processor.py:183} INFO - Processing /home/airflow/.local/lib/python3.8/site-packages/airflow/example_dags/example_task_group.py took 0.317 seconds
[2023-12-20T06:33:06.336+0000] {processor.py:161} INFO - Started process (PID=2739) to work on /home/airflow/.local/lib/python3.8/site-packages/airflow/example_dags/example_task_group.py
[2023-12-20T06:33:06.343+0000] {processor.py:830} INFO - Processing file /home/airflow/.local/lib/python3.8/site-packages/airflow/example_dags/example_task_group.py for tasks to queue
[2023-12-20T06:33:06.346+0000] {logging_mixin.py:188} INFO - [2023-12-20T06:33:06.346+0000] {dagbag.py:538} INFO - Filling up the DagBag from /home/airflow/.local/lib/python3.8/site-packages/airflow/example_dags/example_task_group.py
[2023-12-20T06:33:06.384+0000] {processor.py:840} INFO - DAG(s) 'example_task_group' retrieved from /home/airflow/.local/lib/python3.8/site-packages/airflow/example_dags/example_task_group.py
[2023-12-20T06:33:06.527+0000] {logging_mixin.py:188} INFO - [2023-12-20T06:33:06.526+0000] {dag.py:3033} INFO - Sync 1 DAGs
[2023-12-20T06:33:06.673+0000] {logging_mixin.py:188} INFO - [2023-12-20T06:33:06.664+0000] {dag.py:3820} INFO - Setting next_dagrun for example_task_group to 2023-12-19T00:00:00+00:00, run_after=2023-12-20T00:00:00+00:00
[2023-12-20T06:33:06.834+0000] {processor.py:183} INFO - Processing /home/airflow/.local/lib/python3.8/site-packages/airflow/example_dags/example_task_group.py took 0.514 seconds
