[2023-12-20T05:40:55.935+0000] {processor.py:161} INFO - Started process (PID=56) to work on /home/airflow/.local/lib/python3.8/site-packages/airflow/example_dags/example_skip_dag.py
[2023-12-20T05:40:55.936+0000] {processor.py:830} INFO - Processing file /home/airflow/.local/lib/python3.8/site-packages/airflow/example_dags/example_skip_dag.py for tasks to queue
[2023-12-20T05:40:55.978+0000] {logging_mixin.py:188} INFO - [2023-12-20T05:40:55.977+0000] {dagbag.py:538} INFO - Filling up the DagBag from /home/airflow/.local/lib/python3.8/site-packages/airflow/example_dags/example_skip_dag.py
[2023-12-20T05:40:56.261+0000] {processor.py:840} INFO - DAG(s) 'example_skip_dag' retrieved from /home/airflow/.local/lib/python3.8/site-packages/airflow/example_dags/example_skip_dag.py
[2023-12-20T05:40:59.468+0000] {logging_mixin.py:188} INFO - [2023-12-20T05:40:59.467+0000] {dag.py:3033} INFO - Sync 1 DAGs
[2023-12-20T05:40:59.916+0000] {logging_mixin.py:188} INFO - [2023-12-20T05:40:59.916+0000] {dag.py:3820} INFO - Setting next_dagrun for example_skip_dag to 2023-12-19T00:00:00+00:00, run_after=2023-12-20T00:00:00+00:00
[2023-12-20T05:41:00.503+0000] {processor.py:183} INFO - Processing /home/airflow/.local/lib/python3.8/site-packages/airflow/example_dags/example_skip_dag.py took 4.650 seconds
[2023-12-20T05:42:16.045+0000] {processor.py:161} INFO - Started process (PID=123) to work on /home/airflow/.local/lib/python3.8/site-packages/airflow/example_dags/example_skip_dag.py
[2023-12-20T05:42:16.052+0000] {processor.py:830} INFO - Processing file /home/airflow/.local/lib/python3.8/site-packages/airflow/example_dags/example_skip_dag.py for tasks to queue
[2023-12-20T05:42:16.064+0000] {logging_mixin.py:188} INFO - [2023-12-20T05:42:16.060+0000] {dagbag.py:538} INFO - Filling up the DagBag from /home/airflow/.local/lib/python3.8/site-packages/airflow/example_dags/example_skip_dag.py
[2023-12-20T05:42:16.106+0000] {processor.py:840} INFO - DAG(s) 'example_skip_dag' retrieved from /home/airflow/.local/lib/python3.8/site-packages/airflow/example_dags/example_skip_dag.py
[2023-12-20T05:42:16.364+0000] {logging_mixin.py:188} INFO - [2023-12-20T05:42:16.363+0000] {dag.py:3033} INFO - Sync 1 DAGs
[2023-12-20T05:42:16.700+0000] {logging_mixin.py:188} INFO - [2023-12-20T05:42:16.700+0000] {dag.py:3820} INFO - Setting next_dagrun for example_skip_dag to 2023-12-19T00:00:00+00:00, run_after=2023-12-20T00:00:00+00:00
[2023-12-20T05:42:16.778+0000] {processor.py:183} INFO - Processing /home/airflow/.local/lib/python3.8/site-packages/airflow/example_dags/example_skip_dag.py took 0.748 seconds
[2023-12-20T06:06:48.738+0000] {processor.py:161} INFO - Started process (PID=42) to work on /home/airflow/.local/lib/python3.8/site-packages/airflow/example_dags/example_skip_dag.py
[2023-12-20T06:06:48.742+0000] {processor.py:830} INFO - Processing file /home/airflow/.local/lib/python3.8/site-packages/airflow/example_dags/example_skip_dag.py for tasks to queue
[2023-12-20T06:06:48.765+0000] {logging_mixin.py:188} INFO - [2023-12-20T06:06:48.764+0000] {dagbag.py:538} INFO - Filling up the DagBag from /home/airflow/.local/lib/python3.8/site-packages/airflow/example_dags/example_skip_dag.py
[2023-12-20T06:06:48.846+0000] {processor.py:840} INFO - DAG(s) 'example_skip_dag' retrieved from /home/airflow/.local/lib/python3.8/site-packages/airflow/example_dags/example_skip_dag.py
[2023-12-20T06:06:49.250+0000] {logging_mixin.py:188} INFO - [2023-12-20T06:06:49.249+0000] {dag.py:3033} INFO - Sync 1 DAGs
[2023-12-20T06:06:49.619+0000] {logging_mixin.py:188} INFO - [2023-12-20T06:06:49.612+0000] {dag.py:3820} INFO - Setting next_dagrun for example_skip_dag to 2023-12-19T00:00:00+00:00, run_after=2023-12-20T00:00:00+00:00
[2023-12-20T06:06:49.809+0000] {processor.py:183} INFO - Processing /home/airflow/.local/lib/python3.8/site-packages/airflow/example_dags/example_skip_dag.py took 1.084 seconds
[2023-12-20T06:07:21.303+0000] {processor.py:161} INFO - Started process (PID=97) to work on /home/airflow/.local/lib/python3.8/site-packages/airflow/example_dags/example_skip_dag.py
[2023-12-20T06:07:21.316+0000] {processor.py:830} INFO - Processing file /home/airflow/.local/lib/python3.8/site-packages/airflow/example_dags/example_skip_dag.py for tasks to queue
[2023-12-20T06:07:21.320+0000] {logging_mixin.py:188} INFO - [2023-12-20T06:07:21.319+0000] {dagbag.py:538} INFO - Filling up the DagBag from /home/airflow/.local/lib/python3.8/site-packages/airflow/example_dags/example_skip_dag.py
[2023-12-20T06:07:21.381+0000] {processor.py:840} INFO - DAG(s) 'example_skip_dag' retrieved from /home/airflow/.local/lib/python3.8/site-packages/airflow/example_dags/example_skip_dag.py
[2023-12-20T06:07:21.542+0000] {logging_mixin.py:188} INFO - [2023-12-20T06:07:21.541+0000] {dag.py:3033} INFO - Sync 1 DAGs
[2023-12-20T06:07:21.658+0000] {logging_mixin.py:188} INFO - [2023-12-20T06:07:21.657+0000] {dag.py:3820} INFO - Setting next_dagrun for example_skip_dag to 2023-12-19T00:00:00+00:00, run_after=2023-12-20T00:00:00+00:00
[2023-12-20T06:07:21.708+0000] {processor.py:183} INFO - Processing /home/airflow/.local/lib/python3.8/site-packages/airflow/example_dags/example_skip_dag.py took 0.449 seconds
[2023-12-20T06:07:52.288+0000] {processor.py:161} INFO - Started process (PID=150) to work on /home/airflow/.local/lib/python3.8/site-packages/airflow/example_dags/example_skip_dag.py
[2023-12-20T06:07:52.328+0000] {processor.py:830} INFO - Processing file /home/airflow/.local/lib/python3.8/site-packages/airflow/example_dags/example_skip_dag.py for tasks to queue
[2023-12-20T06:07:52.332+0000] {logging_mixin.py:188} INFO - [2023-12-20T06:07:52.331+0000] {dagbag.py:538} INFO - Filling up the DagBag from /home/airflow/.local/lib/python3.8/site-packages/airflow/example_dags/example_skip_dag.py
[2023-12-20T06:07:52.349+0000] {processor.py:840} INFO - DAG(s) 'example_skip_dag' retrieved from /home/airflow/.local/lib/python3.8/site-packages/airflow/example_dags/example_skip_dag.py
[2023-12-20T06:07:52.412+0000] {logging_mixin.py:188} INFO - [2023-12-20T06:07:52.411+0000] {dag.py:3033} INFO - Sync 1 DAGs
[2023-12-20T06:07:52.504+0000] {logging_mixin.py:188} INFO - [2023-12-20T06:07:52.503+0000] {dag.py:3820} INFO - Setting next_dagrun for example_skip_dag to 2023-12-19T00:00:00+00:00, run_after=2023-12-20T00:00:00+00:00
[2023-12-20T06:07:52.599+0000] {processor.py:183} INFO - Processing /home/airflow/.local/lib/python3.8/site-packages/airflow/example_dags/example_skip_dag.py took 0.329 seconds
[2023-12-20T06:08:22.910+0000] {processor.py:161} INFO - Started process (PID=205) to work on /home/airflow/.local/lib/python3.8/site-packages/airflow/example_dags/example_skip_dag.py
[2023-12-20T06:08:22.924+0000] {processor.py:830} INFO - Processing file /home/airflow/.local/lib/python3.8/site-packages/airflow/example_dags/example_skip_dag.py for tasks to queue
[2023-12-20T06:08:22.943+0000] {logging_mixin.py:188} INFO - [2023-12-20T06:08:22.942+0000] {dagbag.py:538} INFO - Filling up the DagBag from /home/airflow/.local/lib/python3.8/site-packages/airflow/example_dags/example_skip_dag.py
[2023-12-20T06:08:23.025+0000] {processor.py:840} INFO - DAG(s) 'example_skip_dag' retrieved from /home/airflow/.local/lib/python3.8/site-packages/airflow/example_dags/example_skip_dag.py
[2023-12-20T06:08:23.160+0000] {logging_mixin.py:188} INFO - [2023-12-20T06:08:23.160+0000] {dag.py:3033} INFO - Sync 1 DAGs
[2023-12-20T06:08:23.293+0000] {logging_mixin.py:188} INFO - [2023-12-20T06:08:23.292+0000] {dag.py:3820} INFO - Setting next_dagrun for example_skip_dag to 2023-12-19T00:00:00+00:00, run_after=2023-12-20T00:00:00+00:00
[2023-12-20T06:08:23.441+0000] {processor.py:183} INFO - Processing /home/airflow/.local/lib/python3.8/site-packages/airflow/example_dags/example_skip_dag.py took 0.588 seconds
[2023-12-20T06:08:59.344+0000] {processor.py:161} INFO - Started process (PID=257) to work on /home/airflow/.local/lib/python3.8/site-packages/airflow/example_dags/example_skip_dag.py
[2023-12-20T06:08:59.408+0000] {processor.py:830} INFO - Processing file /home/airflow/.local/lib/python3.8/site-packages/airflow/example_dags/example_skip_dag.py for tasks to queue
[2023-12-20T06:08:59.430+0000] {logging_mixin.py:188} INFO - [2023-12-20T06:08:59.412+0000] {dagbag.py:538} INFO - Filling up the DagBag from /home/airflow/.local/lib/python3.8/site-packages/airflow/example_dags/example_skip_dag.py
[2023-12-20T06:08:59.627+0000] {processor.py:840} INFO - DAG(s) 'example_skip_dag' retrieved from /home/airflow/.local/lib/python3.8/site-packages/airflow/example_dags/example_skip_dag.py
[2023-12-20T06:09:00.025+0000] {logging_mixin.py:188} INFO - [2023-12-20T06:09:00.025+0000] {dag.py:3033} INFO - Sync 1 DAGs
[2023-12-20T06:09:00.101+0000] {logging_mixin.py:188} INFO - [2023-12-20T06:09:00.100+0000] {dag.py:3820} INFO - Setting next_dagrun for example_skip_dag to 2023-12-19T00:00:00+00:00, run_after=2023-12-20T00:00:00+00:00
[2023-12-20T06:09:00.540+0000] {processor.py:183} INFO - Processing /home/airflow/.local/lib/python3.8/site-packages/airflow/example_dags/example_skip_dag.py took 1.255 seconds
[2023-12-20T06:09:31.481+0000] {processor.py:161} INFO - Started process (PID=312) to work on /home/airflow/.local/lib/python3.8/site-packages/airflow/example_dags/example_skip_dag.py
[2023-12-20T06:09:31.484+0000] {processor.py:830} INFO - Processing file /home/airflow/.local/lib/python3.8/site-packages/airflow/example_dags/example_skip_dag.py for tasks to queue
[2023-12-20T06:09:31.498+0000] {logging_mixin.py:188} INFO - [2023-12-20T06:09:31.497+0000] {dagbag.py:538} INFO - Filling up the DagBag from /home/airflow/.local/lib/python3.8/site-packages/airflow/example_dags/example_skip_dag.py
[2023-12-20T06:09:31.531+0000] {processor.py:840} INFO - DAG(s) 'example_skip_dag' retrieved from /home/airflow/.local/lib/python3.8/site-packages/airflow/example_dags/example_skip_dag.py
[2023-12-20T06:09:31.818+0000] {logging_mixin.py:188} INFO - [2023-12-20T06:09:31.817+0000] {dag.py:3033} INFO - Sync 1 DAGs
[2023-12-20T06:09:32.051+0000] {logging_mixin.py:188} INFO - [2023-12-20T06:09:32.050+0000] {dag.py:3820} INFO - Setting next_dagrun for example_skip_dag to 2023-12-19T00:00:00+00:00, run_after=2023-12-20T00:00:00+00:00
[2023-12-20T06:09:32.199+0000] {processor.py:183} INFO - Processing /home/airflow/.local/lib/python3.8/site-packages/airflow/example_dags/example_skip_dag.py took 0.734 seconds
[2023-12-20T06:10:03.229+0000] {processor.py:161} INFO - Started process (PID=366) to work on /home/airflow/.local/lib/python3.8/site-packages/airflow/example_dags/example_skip_dag.py
[2023-12-20T06:10:03.270+0000] {processor.py:830} INFO - Processing file /home/airflow/.local/lib/python3.8/site-packages/airflow/example_dags/example_skip_dag.py for tasks to queue
[2023-12-20T06:10:03.294+0000] {logging_mixin.py:188} INFO - [2023-12-20T06:10:03.294+0000] {dagbag.py:538} INFO - Filling up the DagBag from /home/airflow/.local/lib/python3.8/site-packages/airflow/example_dags/example_skip_dag.py
[2023-12-20T06:10:03.333+0000] {processor.py:840} INFO - DAG(s) 'example_skip_dag' retrieved from /home/airflow/.local/lib/python3.8/site-packages/airflow/example_dags/example_skip_dag.py
[2023-12-20T06:10:03.462+0000] {logging_mixin.py:188} INFO - [2023-12-20T06:10:03.461+0000] {dag.py:3033} INFO - Sync 1 DAGs
[2023-12-20T06:10:03.798+0000] {logging_mixin.py:188} INFO - [2023-12-20T06:10:03.797+0000] {dag.py:3820} INFO - Setting next_dagrun for example_skip_dag to 2023-12-19T00:00:00+00:00, run_after=2023-12-20T00:00:00+00:00
[2023-12-20T06:10:03.983+0000] {processor.py:183} INFO - Processing /home/airflow/.local/lib/python3.8/site-packages/airflow/example_dags/example_skip_dag.py took 0.803 seconds
[2023-12-20T06:10:34.518+0000] {processor.py:161} INFO - Started process (PID=421) to work on /home/airflow/.local/lib/python3.8/site-packages/airflow/example_dags/example_skip_dag.py
[2023-12-20T06:10:34.521+0000] {processor.py:830} INFO - Processing file /home/airflow/.local/lib/python3.8/site-packages/airflow/example_dags/example_skip_dag.py for tasks to queue
[2023-12-20T06:10:34.538+0000] {logging_mixin.py:188} INFO - [2023-12-20T06:10:34.538+0000] {dagbag.py:538} INFO - Filling up the DagBag from /home/airflow/.local/lib/python3.8/site-packages/airflow/example_dags/example_skip_dag.py
[2023-12-20T06:10:34.615+0000] {processor.py:840} INFO - DAG(s) 'example_skip_dag' retrieved from /home/airflow/.local/lib/python3.8/site-packages/airflow/example_dags/example_skip_dag.py
[2023-12-20T06:10:34.862+0000] {logging_mixin.py:188} INFO - [2023-12-20T06:10:34.861+0000] {dag.py:3033} INFO - Sync 1 DAGs
[2023-12-20T06:10:35.198+0000] {logging_mixin.py:188} INFO - [2023-12-20T06:10:35.197+0000] {dag.py:3820} INFO - Setting next_dagrun for example_skip_dag to 2023-12-19T00:00:00+00:00, run_after=2023-12-20T00:00:00+00:00
[2023-12-20T06:10:35.493+0000] {processor.py:183} INFO - Processing /home/airflow/.local/lib/python3.8/site-packages/airflow/example_dags/example_skip_dag.py took 0.995 seconds
[2023-12-20T06:11:05.793+0000] {processor.py:161} INFO - Started process (PID=476) to work on /home/airflow/.local/lib/python3.8/site-packages/airflow/example_dags/example_skip_dag.py
[2023-12-20T06:11:05.828+0000] {processor.py:830} INFO - Processing file /home/airflow/.local/lib/python3.8/site-packages/airflow/example_dags/example_skip_dag.py for tasks to queue
[2023-12-20T06:11:05.833+0000] {logging_mixin.py:188} INFO - [2023-12-20T06:11:05.832+0000] {dagbag.py:538} INFO - Filling up the DagBag from /home/airflow/.local/lib/python3.8/site-packages/airflow/example_dags/example_skip_dag.py
[2023-12-20T06:11:05.852+0000] {processor.py:840} INFO - DAG(s) 'example_skip_dag' retrieved from /home/airflow/.local/lib/python3.8/site-packages/airflow/example_dags/example_skip_dag.py
[2023-12-20T06:11:05.931+0000] {logging_mixin.py:188} INFO - [2023-12-20T06:11:05.931+0000] {dag.py:3033} INFO - Sync 1 DAGs
[2023-12-20T06:11:06.043+0000] {logging_mixin.py:188} INFO - [2023-12-20T06:11:06.042+0000] {dag.py:3820} INFO - Setting next_dagrun for example_skip_dag to 2023-12-19T00:00:00+00:00, run_after=2023-12-20T00:00:00+00:00
[2023-12-20T06:11:06.185+0000] {processor.py:183} INFO - Processing /home/airflow/.local/lib/python3.8/site-packages/airflow/example_dags/example_skip_dag.py took 0.404 seconds
[2023-12-20T06:11:36.437+0000] {processor.py:161} INFO - Started process (PID=531) to work on /home/airflow/.local/lib/python3.8/site-packages/airflow/example_dags/example_skip_dag.py
[2023-12-20T06:11:36.476+0000] {processor.py:830} INFO - Processing file /home/airflow/.local/lib/python3.8/site-packages/airflow/example_dags/example_skip_dag.py for tasks to queue
[2023-12-20T06:11:36.483+0000] {logging_mixin.py:188} INFO - [2023-12-20T06:11:36.482+0000] {dagbag.py:538} INFO - Filling up the DagBag from /home/airflow/.local/lib/python3.8/site-packages/airflow/example_dags/example_skip_dag.py
[2023-12-20T06:11:36.498+0000] {processor.py:840} INFO - DAG(s) 'example_skip_dag' retrieved from /home/airflow/.local/lib/python3.8/site-packages/airflow/example_dags/example_skip_dag.py
[2023-12-20T06:11:36.694+0000] {logging_mixin.py:188} INFO - [2023-12-20T06:11:36.693+0000] {dag.py:3033} INFO - Sync 1 DAGs
[2023-12-20T06:11:37.011+0000] {logging_mixin.py:188} INFO - [2023-12-20T06:11:37.011+0000] {dag.py:3820} INFO - Setting next_dagrun for example_skip_dag to 2023-12-19T00:00:00+00:00, run_after=2023-12-20T00:00:00+00:00
[2023-12-20T06:11:37.219+0000] {processor.py:183} INFO - Processing /home/airflow/.local/lib/python3.8/site-packages/airflow/example_dags/example_skip_dag.py took 0.814 seconds
[2023-12-20T06:12:10.587+0000] {processor.py:161} INFO - Started process (PID=584) to work on /home/airflow/.local/lib/python3.8/site-packages/airflow/example_dags/example_skip_dag.py
[2023-12-20T06:12:10.599+0000] {processor.py:830} INFO - Processing file /home/airflow/.local/lib/python3.8/site-packages/airflow/example_dags/example_skip_dag.py for tasks to queue
[2023-12-20T06:12:10.624+0000] {logging_mixin.py:188} INFO - [2023-12-20T06:12:10.612+0000] {dagbag.py:538} INFO - Filling up the DagBag from /home/airflow/.local/lib/python3.8/site-packages/airflow/example_dags/example_skip_dag.py
[2023-12-20T06:12:10.713+0000] {processor.py:840} INFO - DAG(s) 'example_skip_dag' retrieved from /home/airflow/.local/lib/python3.8/site-packages/airflow/example_dags/example_skip_dag.py
[2023-12-20T06:12:10.998+0000] {logging_mixin.py:188} INFO - [2023-12-20T06:12:10.997+0000] {dag.py:3033} INFO - Sync 1 DAGs
[2023-12-20T06:12:11.449+0000] {logging_mixin.py:188} INFO - [2023-12-20T06:12:11.445+0000] {dag.py:3820} INFO - Setting next_dagrun for example_skip_dag to 2023-12-19T00:00:00+00:00, run_after=2023-12-20T00:00:00+00:00
[2023-12-20T06:12:11.852+0000] {processor.py:183} INFO - Processing /home/airflow/.local/lib/python3.8/site-packages/airflow/example_dags/example_skip_dag.py took 1.302 seconds
[2023-12-20T06:12:43.672+0000] {processor.py:161} INFO - Started process (PID=639) to work on /home/airflow/.local/lib/python3.8/site-packages/airflow/example_dags/example_skip_dag.py
[2023-12-20T06:12:43.677+0000] {processor.py:830} INFO - Processing file /home/airflow/.local/lib/python3.8/site-packages/airflow/example_dags/example_skip_dag.py for tasks to queue
[2023-12-20T06:12:43.704+0000] {logging_mixin.py:188} INFO - [2023-12-20T06:12:43.694+0000] {dagbag.py:538} INFO - Filling up the DagBag from /home/airflow/.local/lib/python3.8/site-packages/airflow/example_dags/example_skip_dag.py
[2023-12-20T06:12:43.816+0000] {processor.py:840} INFO - DAG(s) 'example_skip_dag' retrieved from /home/airflow/.local/lib/python3.8/site-packages/airflow/example_dags/example_skip_dag.py
[2023-12-20T06:12:44.143+0000] {logging_mixin.py:188} INFO - [2023-12-20T06:12:44.142+0000] {dag.py:3033} INFO - Sync 1 DAGs
[2023-12-20T06:12:44.493+0000] {logging_mixin.py:188} INFO - [2023-12-20T06:12:44.492+0000] {dag.py:3820} INFO - Setting next_dagrun for example_skip_dag to 2023-12-19T00:00:00+00:00, run_after=2023-12-20T00:00:00+00:00
[2023-12-20T06:12:44.835+0000] {processor.py:183} INFO - Processing /home/airflow/.local/lib/python3.8/site-packages/airflow/example_dags/example_skip_dag.py took 1.188 seconds
[2023-12-20T06:13:21.339+0000] {processor.py:161} INFO - Started process (PID=687) to work on /home/airflow/.local/lib/python3.8/site-packages/airflow/example_dags/example_skip_dag.py
[2023-12-20T06:13:21.378+0000] {processor.py:830} INFO - Processing file /home/airflow/.local/lib/python3.8/site-packages/airflow/example_dags/example_skip_dag.py for tasks to queue
[2023-12-20T06:13:21.441+0000] {logging_mixin.py:188} INFO - [2023-12-20T06:13:21.428+0000] {dagbag.py:538} INFO - Filling up the DagBag from /home/airflow/.local/lib/python3.8/site-packages/airflow/example_dags/example_skip_dag.py
[2023-12-20T06:13:21.604+0000] {processor.py:840} INFO - DAG(s) 'example_skip_dag' retrieved from /home/airflow/.local/lib/python3.8/site-packages/airflow/example_dags/example_skip_dag.py
[2023-12-20T06:13:22.083+0000] {logging_mixin.py:188} INFO - [2023-12-20T06:13:22.083+0000] {dag.py:3033} INFO - Sync 1 DAGs
[2023-12-20T06:13:22.656+0000] {logging_mixin.py:188} INFO - [2023-12-20T06:13:22.635+0000] {dag.py:3820} INFO - Setting next_dagrun for example_skip_dag to 2023-12-19T00:00:00+00:00, run_after=2023-12-20T00:00:00+00:00
[2023-12-20T06:13:23.113+0000] {processor.py:183} INFO - Processing /home/airflow/.local/lib/python3.8/site-packages/airflow/example_dags/example_skip_dag.py took 1.827 seconds
[2023-12-20T06:14:02.713+0000] {processor.py:161} INFO - Started process (PID=739) to work on /home/airflow/.local/lib/python3.8/site-packages/airflow/example_dags/example_skip_dag.py
[2023-12-20T06:14:02.727+0000] {processor.py:830} INFO - Processing file /home/airflow/.local/lib/python3.8/site-packages/airflow/example_dags/example_skip_dag.py for tasks to queue
[2023-12-20T06:14:02.753+0000] {logging_mixin.py:188} INFO - [2023-12-20T06:14:02.753+0000] {dagbag.py:538} INFO - Filling up the DagBag from /home/airflow/.local/lib/python3.8/site-packages/airflow/example_dags/example_skip_dag.py
[2023-12-20T06:14:02.846+0000] {processor.py:840} INFO - DAG(s) 'example_skip_dag' retrieved from /home/airflow/.local/lib/python3.8/site-packages/airflow/example_dags/example_skip_dag.py
[2023-12-20T06:14:03.108+0000] {logging_mixin.py:188} INFO - [2023-12-20T06:14:03.102+0000] {dag.py:3033} INFO - Sync 1 DAGs
[2023-12-20T06:14:03.479+0000] {logging_mixin.py:188} INFO - [2023-12-20T06:14:03.478+0000] {dag.py:3820} INFO - Setting next_dagrun for example_skip_dag to 2023-12-19T00:00:00+00:00, run_after=2023-12-20T00:00:00+00:00
[2023-12-20T06:14:04.082+0000] {processor.py:183} INFO - Processing /home/airflow/.local/lib/python3.8/site-packages/airflow/example_dags/example_skip_dag.py took 1.404 seconds
[2023-12-20T06:14:35.851+0000] {processor.py:161} INFO - Started process (PID=796) to work on /home/airflow/.local/lib/python3.8/site-packages/airflow/example_dags/example_skip_dag.py
[2023-12-20T06:14:35.868+0000] {processor.py:830} INFO - Processing file /home/airflow/.local/lib/python3.8/site-packages/airflow/example_dags/example_skip_dag.py for tasks to queue
[2023-12-20T06:14:35.873+0000] {logging_mixin.py:188} INFO - [2023-12-20T06:14:35.872+0000] {dagbag.py:538} INFO - Filling up the DagBag from /home/airflow/.local/lib/python3.8/site-packages/airflow/example_dags/example_skip_dag.py
[2023-12-20T06:14:35.928+0000] {processor.py:840} INFO - DAG(s) 'example_skip_dag' retrieved from /home/airflow/.local/lib/python3.8/site-packages/airflow/example_dags/example_skip_dag.py
[2023-12-20T06:14:36.170+0000] {logging_mixin.py:188} INFO - [2023-12-20T06:14:36.170+0000] {dag.py:3033} INFO - Sync 1 DAGs
[2023-12-20T06:14:36.572+0000] {logging_mixin.py:188} INFO - [2023-12-20T06:14:36.558+0000] {dag.py:3820} INFO - Setting next_dagrun for example_skip_dag to 2023-12-19T00:00:00+00:00, run_after=2023-12-20T00:00:00+00:00
[2023-12-20T06:14:37.054+0000] {processor.py:183} INFO - Processing /home/airflow/.local/lib/python3.8/site-packages/airflow/example_dags/example_skip_dag.py took 1.224 seconds
[2023-12-20T06:15:08.048+0000] {processor.py:161} INFO - Started process (PID=851) to work on /home/airflow/.local/lib/python3.8/site-packages/airflow/example_dags/example_skip_dag.py
[2023-12-20T06:15:08.088+0000] {processor.py:830} INFO - Processing file /home/airflow/.local/lib/python3.8/site-packages/airflow/example_dags/example_skip_dag.py for tasks to queue
[2023-12-20T06:15:08.095+0000] {logging_mixin.py:188} INFO - [2023-12-20T06:15:08.095+0000] {dagbag.py:538} INFO - Filling up the DagBag from /home/airflow/.local/lib/python3.8/site-packages/airflow/example_dags/example_skip_dag.py
[2023-12-20T06:15:08.159+0000] {processor.py:840} INFO - DAG(s) 'example_skip_dag' retrieved from /home/airflow/.local/lib/python3.8/site-packages/airflow/example_dags/example_skip_dag.py
[2023-12-20T06:15:08.243+0000] {logging_mixin.py:188} INFO - [2023-12-20T06:15:08.243+0000] {dag.py:3033} INFO - Sync 1 DAGs
[2023-12-20T06:15:08.331+0000] {logging_mixin.py:188} INFO - [2023-12-20T06:15:08.331+0000] {dag.py:3820} INFO - Setting next_dagrun for example_skip_dag to 2023-12-19T00:00:00+00:00, run_after=2023-12-20T00:00:00+00:00
[2023-12-20T06:15:08.472+0000] {processor.py:183} INFO - Processing /home/airflow/.local/lib/python3.8/site-packages/airflow/example_dags/example_skip_dag.py took 0.435 seconds
[2023-12-20T06:15:39.968+0000] {processor.py:161} INFO - Started process (PID=906) to work on /home/airflow/.local/lib/python3.8/site-packages/airflow/example_dags/example_skip_dag.py
[2023-12-20T06:15:39.977+0000] {processor.py:830} INFO - Processing file /home/airflow/.local/lib/python3.8/site-packages/airflow/example_dags/example_skip_dag.py for tasks to queue
[2023-12-20T06:15:39.987+0000] {logging_mixin.py:188} INFO - [2023-12-20T06:15:39.986+0000] {dagbag.py:538} INFO - Filling up the DagBag from /home/airflow/.local/lib/python3.8/site-packages/airflow/example_dags/example_skip_dag.py
[2023-12-20T06:15:40.024+0000] {processor.py:840} INFO - DAG(s) 'example_skip_dag' retrieved from /home/airflow/.local/lib/python3.8/site-packages/airflow/example_dags/example_skip_dag.py
[2023-12-20T06:15:40.218+0000] {logging_mixin.py:188} INFO - [2023-12-20T06:15:40.218+0000] {dag.py:3033} INFO - Sync 1 DAGs
[2023-12-20T06:15:40.482+0000] {logging_mixin.py:188} INFO - [2023-12-20T06:15:40.481+0000] {dag.py:3820} INFO - Setting next_dagrun for example_skip_dag to 2023-12-19T00:00:00+00:00, run_after=2023-12-20T00:00:00+00:00
[2023-12-20T06:15:40.581+0000] {processor.py:183} INFO - Processing /home/airflow/.local/lib/python3.8/site-packages/airflow/example_dags/example_skip_dag.py took 0.647 seconds
[2023-12-20T06:16:11.968+0000] {processor.py:161} INFO - Started process (PID=958) to work on /home/airflow/.local/lib/python3.8/site-packages/airflow/example_dags/example_skip_dag.py
[2023-12-20T06:16:11.984+0000] {processor.py:830} INFO - Processing file /home/airflow/.local/lib/python3.8/site-packages/airflow/example_dags/example_skip_dag.py for tasks to queue
[2023-12-20T06:16:11.994+0000] {logging_mixin.py:188} INFO - [2023-12-20T06:16:11.993+0000] {dagbag.py:538} INFO - Filling up the DagBag from /home/airflow/.local/lib/python3.8/site-packages/airflow/example_dags/example_skip_dag.py
[2023-12-20T06:16:12.045+0000] {processor.py:840} INFO - DAG(s) 'example_skip_dag' retrieved from /home/airflow/.local/lib/python3.8/site-packages/airflow/example_dags/example_skip_dag.py
[2023-12-20T06:16:12.258+0000] {logging_mixin.py:188} INFO - [2023-12-20T06:16:12.256+0000] {dag.py:3033} INFO - Sync 1 DAGs
[2023-12-20T06:16:12.597+0000] {logging_mixin.py:188} INFO - [2023-12-20T06:16:12.596+0000] {dag.py:3820} INFO - Setting next_dagrun for example_skip_dag to 2023-12-19T00:00:00+00:00, run_after=2023-12-20T00:00:00+00:00
[2023-12-20T06:16:12.750+0000] {processor.py:183} INFO - Processing /home/airflow/.local/lib/python3.8/site-packages/airflow/example_dags/example_skip_dag.py took 0.819 seconds
[2023-12-20T06:16:43.575+0000] {processor.py:161} INFO - Started process (PID=1013) to work on /home/airflow/.local/lib/python3.8/site-packages/airflow/example_dags/example_skip_dag.py
[2023-12-20T06:16:43.580+0000] {processor.py:830} INFO - Processing file /home/airflow/.local/lib/python3.8/site-packages/airflow/example_dags/example_skip_dag.py for tasks to queue
[2023-12-20T06:16:43.600+0000] {logging_mixin.py:188} INFO - [2023-12-20T06:16:43.599+0000] {dagbag.py:538} INFO - Filling up the DagBag from /home/airflow/.local/lib/python3.8/site-packages/airflow/example_dags/example_skip_dag.py
[2023-12-20T06:16:43.708+0000] {processor.py:840} INFO - DAG(s) 'example_skip_dag' retrieved from /home/airflow/.local/lib/python3.8/site-packages/airflow/example_dags/example_skip_dag.py
[2023-12-20T06:16:43.933+0000] {logging_mixin.py:188} INFO - [2023-12-20T06:16:43.931+0000] {dag.py:3033} INFO - Sync 1 DAGs
[2023-12-20T06:16:44.135+0000] {logging_mixin.py:188} INFO - [2023-12-20T06:16:44.134+0000] {dag.py:3820} INFO - Setting next_dagrun for example_skip_dag to 2023-12-19T00:00:00+00:00, run_after=2023-12-20T00:00:00+00:00
[2023-12-20T06:16:44.358+0000] {processor.py:183} INFO - Processing /home/airflow/.local/lib/python3.8/site-packages/airflow/example_dags/example_skip_dag.py took 0.807 seconds
[2023-12-20T06:17:14.722+0000] {processor.py:161} INFO - Started process (PID=1069) to work on /home/airflow/.local/lib/python3.8/site-packages/airflow/example_dags/example_skip_dag.py
[2023-12-20T06:17:14.756+0000] {processor.py:830} INFO - Processing file /home/airflow/.local/lib/python3.8/site-packages/airflow/example_dags/example_skip_dag.py for tasks to queue
[2023-12-20T06:17:14.761+0000] {logging_mixin.py:188} INFO - [2023-12-20T06:17:14.760+0000] {dagbag.py:538} INFO - Filling up the DagBag from /home/airflow/.local/lib/python3.8/site-packages/airflow/example_dags/example_skip_dag.py
[2023-12-20T06:17:14.781+0000] {processor.py:840} INFO - DAG(s) 'example_skip_dag' retrieved from /home/airflow/.local/lib/python3.8/site-packages/airflow/example_dags/example_skip_dag.py
[2023-12-20T06:17:14.845+0000] {logging_mixin.py:188} INFO - [2023-12-20T06:17:14.843+0000] {dag.py:3033} INFO - Sync 1 DAGs
[2023-12-20T06:17:14.920+0000] {logging_mixin.py:188} INFO - [2023-12-20T06:17:14.919+0000] {dag.py:3820} INFO - Setting next_dagrun for example_skip_dag to 2023-12-19T00:00:00+00:00, run_after=2023-12-20T00:00:00+00:00
[2023-12-20T06:17:15.018+0000] {processor.py:183} INFO - Processing /home/airflow/.local/lib/python3.8/site-packages/airflow/example_dags/example_skip_dag.py took 0.310 seconds
[2023-12-20T06:17:46.023+0000] {processor.py:161} INFO - Started process (PID=1124) to work on /home/airflow/.local/lib/python3.8/site-packages/airflow/example_dags/example_skip_dag.py
[2023-12-20T06:17:46.082+0000] {processor.py:830} INFO - Processing file /home/airflow/.local/lib/python3.8/site-packages/airflow/example_dags/example_skip_dag.py for tasks to queue
[2023-12-20T06:17:46.098+0000] {logging_mixin.py:188} INFO - [2023-12-20T06:17:46.097+0000] {dagbag.py:538} INFO - Filling up the DagBag from /home/airflow/.local/lib/python3.8/site-packages/airflow/example_dags/example_skip_dag.py
[2023-12-20T06:17:46.136+0000] {processor.py:840} INFO - DAG(s) 'example_skip_dag' retrieved from /home/airflow/.local/lib/python3.8/site-packages/airflow/example_dags/example_skip_dag.py
[2023-12-20T06:17:46.264+0000] {logging_mixin.py:188} INFO - [2023-12-20T06:17:46.264+0000] {dag.py:3033} INFO - Sync 1 DAGs
[2023-12-20T06:17:46.503+0000] {logging_mixin.py:188} INFO - [2023-12-20T06:17:46.502+0000] {dag.py:3820} INFO - Setting next_dagrun for example_skip_dag to 2023-12-19T00:00:00+00:00, run_after=2023-12-20T00:00:00+00:00
[2023-12-20T06:17:46.641+0000] {processor.py:183} INFO - Processing /home/airflow/.local/lib/python3.8/site-packages/airflow/example_dags/example_skip_dag.py took 0.712 seconds
[2023-12-20T06:18:16.959+0000] {processor.py:161} INFO - Started process (PID=1178) to work on /home/airflow/.local/lib/python3.8/site-packages/airflow/example_dags/example_skip_dag.py
[2023-12-20T06:18:16.970+0000] {processor.py:830} INFO - Processing file /home/airflow/.local/lib/python3.8/site-packages/airflow/example_dags/example_skip_dag.py for tasks to queue
[2023-12-20T06:18:16.974+0000] {logging_mixin.py:188} INFO - [2023-12-20T06:18:16.974+0000] {dagbag.py:538} INFO - Filling up the DagBag from /home/airflow/.local/lib/python3.8/site-packages/airflow/example_dags/example_skip_dag.py
[2023-12-20T06:18:17.007+0000] {processor.py:840} INFO - DAG(s) 'example_skip_dag' retrieved from /home/airflow/.local/lib/python3.8/site-packages/airflow/example_dags/example_skip_dag.py
[2023-12-20T06:18:17.101+0000] {logging_mixin.py:188} INFO - [2023-12-20T06:18:17.101+0000] {dag.py:3033} INFO - Sync 1 DAGs
[2023-12-20T06:18:17.204+0000] {logging_mixin.py:188} INFO - [2023-12-20T06:18:17.204+0000] {dag.py:3820} INFO - Setting next_dagrun for example_skip_dag to 2023-12-19T00:00:00+00:00, run_after=2023-12-20T00:00:00+00:00
[2023-12-20T06:18:17.287+0000] {processor.py:183} INFO - Processing /home/airflow/.local/lib/python3.8/site-packages/airflow/example_dags/example_skip_dag.py took 0.343 seconds
[2023-12-20T06:18:48.100+0000] {processor.py:161} INFO - Started process (PID=1225) to work on /home/airflow/.local/lib/python3.8/site-packages/airflow/example_dags/example_skip_dag.py
[2023-12-20T06:18:48.114+0000] {processor.py:830} INFO - Processing file /home/airflow/.local/lib/python3.8/site-packages/airflow/example_dags/example_skip_dag.py for tasks to queue
[2023-12-20T06:18:48.122+0000] {logging_mixin.py:188} INFO - [2023-12-20T06:18:48.121+0000] {dagbag.py:538} INFO - Filling up the DagBag from /home/airflow/.local/lib/python3.8/site-packages/airflow/example_dags/example_skip_dag.py
[2023-12-20T06:18:48.157+0000] {processor.py:840} INFO - DAG(s) 'example_skip_dag' retrieved from /home/airflow/.local/lib/python3.8/site-packages/airflow/example_dags/example_skip_dag.py
[2023-12-20T06:18:48.248+0000] {logging_mixin.py:188} INFO - [2023-12-20T06:18:48.247+0000] {dag.py:3033} INFO - Sync 1 DAGs
[2023-12-20T06:18:48.536+0000] {logging_mixin.py:188} INFO - [2023-12-20T06:18:48.535+0000] {dag.py:3820} INFO - Setting next_dagrun for example_skip_dag to 2023-12-19T00:00:00+00:00, run_after=2023-12-20T00:00:00+00:00
[2023-12-20T06:18:48.775+0000] {processor.py:183} INFO - Processing /home/airflow/.local/lib/python3.8/site-packages/airflow/example_dags/example_skip_dag.py took 0.683 seconds
[2023-12-20T06:19:20.029+0000] {processor.py:161} INFO - Started process (PID=1281) to work on /home/airflow/.local/lib/python3.8/site-packages/airflow/example_dags/example_skip_dag.py
[2023-12-20T06:19:20.068+0000] {processor.py:830} INFO - Processing file /home/airflow/.local/lib/python3.8/site-packages/airflow/example_dags/example_skip_dag.py for tasks to queue
[2023-12-20T06:19:20.073+0000] {logging_mixin.py:188} INFO - [2023-12-20T06:19:20.072+0000] {dagbag.py:538} INFO - Filling up the DagBag from /home/airflow/.local/lib/python3.8/site-packages/airflow/example_dags/example_skip_dag.py
[2023-12-20T06:19:20.106+0000] {processor.py:840} INFO - DAG(s) 'example_skip_dag' retrieved from /home/airflow/.local/lib/python3.8/site-packages/airflow/example_dags/example_skip_dag.py
[2023-12-20T06:19:20.250+0000] {logging_mixin.py:188} INFO - [2023-12-20T06:19:20.249+0000] {dag.py:3033} INFO - Sync 1 DAGs
[2023-12-20T06:19:20.351+0000] {logging_mixin.py:188} INFO - [2023-12-20T06:19:20.350+0000] {dag.py:3820} INFO - Setting next_dagrun for example_skip_dag to 2023-12-19T00:00:00+00:00, run_after=2023-12-20T00:00:00+00:00
[2023-12-20T06:19:20.429+0000] {processor.py:183} INFO - Processing /home/airflow/.local/lib/python3.8/site-packages/airflow/example_dags/example_skip_dag.py took 0.415 seconds
[2023-12-20T06:19:50.789+0000] {processor.py:161} INFO - Started process (PID=1337) to work on /home/airflow/.local/lib/python3.8/site-packages/airflow/example_dags/example_skip_dag.py
[2023-12-20T06:19:50.838+0000] {processor.py:830} INFO - Processing file /home/airflow/.local/lib/python3.8/site-packages/airflow/example_dags/example_skip_dag.py for tasks to queue
[2023-12-20T06:19:50.849+0000] {logging_mixin.py:188} INFO - [2023-12-20T06:19:50.848+0000] {dagbag.py:538} INFO - Filling up the DagBag from /home/airflow/.local/lib/python3.8/site-packages/airflow/example_dags/example_skip_dag.py
[2023-12-20T06:19:50.868+0000] {processor.py:840} INFO - DAG(s) 'example_skip_dag' retrieved from /home/airflow/.local/lib/python3.8/site-packages/airflow/example_dags/example_skip_dag.py
[2023-12-20T06:19:50.937+0000] {logging_mixin.py:188} INFO - [2023-12-20T06:19:50.937+0000] {dag.py:3033} INFO - Sync 1 DAGs
[2023-12-20T06:19:51.030+0000] {logging_mixin.py:188} INFO - [2023-12-20T06:19:51.030+0000] {dag.py:3820} INFO - Setting next_dagrun for example_skip_dag to 2023-12-19T00:00:00+00:00, run_after=2023-12-20T00:00:00+00:00
[2023-12-20T06:19:51.102+0000] {processor.py:183} INFO - Processing /home/airflow/.local/lib/python3.8/site-packages/airflow/example_dags/example_skip_dag.py took 0.322 seconds
[2023-12-20T06:20:21.497+0000] {processor.py:161} INFO - Started process (PID=1391) to work on /home/airflow/.local/lib/python3.8/site-packages/airflow/example_dags/example_skip_dag.py
[2023-12-20T06:20:21.505+0000] {processor.py:830} INFO - Processing file /home/airflow/.local/lib/python3.8/site-packages/airflow/example_dags/example_skip_dag.py for tasks to queue
[2023-12-20T06:20:21.513+0000] {logging_mixin.py:188} INFO - [2023-12-20T06:20:21.513+0000] {dagbag.py:538} INFO - Filling up the DagBag from /home/airflow/.local/lib/python3.8/site-packages/airflow/example_dags/example_skip_dag.py
[2023-12-20T06:20:21.544+0000] {processor.py:840} INFO - DAG(s) 'example_skip_dag' retrieved from /home/airflow/.local/lib/python3.8/site-packages/airflow/example_dags/example_skip_dag.py
[2023-12-20T06:20:21.638+0000] {logging_mixin.py:188} INFO - [2023-12-20T06:20:21.637+0000] {dag.py:3033} INFO - Sync 1 DAGs
[2023-12-20T06:20:21.723+0000] {logging_mixin.py:188} INFO - [2023-12-20T06:20:21.722+0000] {dag.py:3820} INFO - Setting next_dagrun for example_skip_dag to 2023-12-19T00:00:00+00:00, run_after=2023-12-20T00:00:00+00:00
[2023-12-20T06:20:21.890+0000] {processor.py:183} INFO - Processing /home/airflow/.local/lib/python3.8/site-packages/airflow/example_dags/example_skip_dag.py took 0.412 seconds
[2023-12-20T06:20:52.092+0000] {processor.py:161} INFO - Started process (PID=1443) to work on /home/airflow/.local/lib/python3.8/site-packages/airflow/example_dags/example_skip_dag.py
[2023-12-20T06:20:52.127+0000] {processor.py:830} INFO - Processing file /home/airflow/.local/lib/python3.8/site-packages/airflow/example_dags/example_skip_dag.py for tasks to queue
[2023-12-20T06:20:52.132+0000] {logging_mixin.py:188} INFO - [2023-12-20T06:20:52.132+0000] {dagbag.py:538} INFO - Filling up the DagBag from /home/airflow/.local/lib/python3.8/site-packages/airflow/example_dags/example_skip_dag.py
[2023-12-20T06:20:52.162+0000] {processor.py:840} INFO - DAG(s) 'example_skip_dag' retrieved from /home/airflow/.local/lib/python3.8/site-packages/airflow/example_dags/example_skip_dag.py
[2023-12-20T06:20:52.242+0000] {logging_mixin.py:188} INFO - [2023-12-20T06:20:52.242+0000] {dag.py:3033} INFO - Sync 1 DAGs
[2023-12-20T06:20:52.322+0000] {logging_mixin.py:188} INFO - [2023-12-20T06:20:52.322+0000] {dag.py:3820} INFO - Setting next_dagrun for example_skip_dag to 2023-12-19T00:00:00+00:00, run_after=2023-12-20T00:00:00+00:00
[2023-12-20T06:20:52.426+0000] {processor.py:183} INFO - Processing /home/airflow/.local/lib/python3.8/site-packages/airflow/example_dags/example_skip_dag.py took 0.347 seconds
[2023-12-20T06:21:23.820+0000] {processor.py:161} INFO - Started process (PID=1498) to work on /home/airflow/.local/lib/python3.8/site-packages/airflow/example_dags/example_skip_dag.py
[2023-12-20T06:21:23.860+0000] {processor.py:830} INFO - Processing file /home/airflow/.local/lib/python3.8/site-packages/airflow/example_dags/example_skip_dag.py for tasks to queue
[2023-12-20T06:21:23.865+0000] {logging_mixin.py:188} INFO - [2023-12-20T06:21:23.863+0000] {dagbag.py:538} INFO - Filling up the DagBag from /home/airflow/.local/lib/python3.8/site-packages/airflow/example_dags/example_skip_dag.py
[2023-12-20T06:21:23.956+0000] {processor.py:840} INFO - DAG(s) 'example_skip_dag' retrieved from /home/airflow/.local/lib/python3.8/site-packages/airflow/example_dags/example_skip_dag.py
[2023-12-20T06:21:24.250+0000] {logging_mixin.py:188} INFO - [2023-12-20T06:21:24.249+0000] {dag.py:3033} INFO - Sync 1 DAGs
[2023-12-20T06:21:24.366+0000] {logging_mixin.py:188} INFO - [2023-12-20T06:21:24.366+0000] {dag.py:3820} INFO - Setting next_dagrun for example_skip_dag to 2023-12-19T00:00:00+00:00, run_after=2023-12-20T00:00:00+00:00
[2023-12-20T06:21:24.479+0000] {processor.py:183} INFO - Processing /home/airflow/.local/lib/python3.8/site-packages/airflow/example_dags/example_skip_dag.py took 0.680 seconds
[2023-12-20T06:21:54.557+0000] {processor.py:161} INFO - Started process (PID=1555) to work on /home/airflow/.local/lib/python3.8/site-packages/airflow/example_dags/example_skip_dag.py
[2023-12-20T06:21:54.601+0000] {processor.py:830} INFO - Processing file /home/airflow/.local/lib/python3.8/site-packages/airflow/example_dags/example_skip_dag.py for tasks to queue
[2023-12-20T06:21:54.606+0000] {logging_mixin.py:188} INFO - [2023-12-20T06:21:54.606+0000] {dagbag.py:538} INFO - Filling up the DagBag from /home/airflow/.local/lib/python3.8/site-packages/airflow/example_dags/example_skip_dag.py
[2023-12-20T06:21:54.638+0000] {processor.py:840} INFO - DAG(s) 'example_skip_dag' retrieved from /home/airflow/.local/lib/python3.8/site-packages/airflow/example_dags/example_skip_dag.py
[2023-12-20T06:21:54.712+0000] {logging_mixin.py:188} INFO - [2023-12-20T06:21:54.711+0000] {dag.py:3033} INFO - Sync 1 DAGs
[2023-12-20T06:21:54.773+0000] {logging_mixin.py:188} INFO - [2023-12-20T06:21:54.773+0000] {dag.py:3820} INFO - Setting next_dagrun for example_skip_dag to 2023-12-19T00:00:00+00:00, run_after=2023-12-20T00:00:00+00:00
[2023-12-20T06:21:54.880+0000] {processor.py:183} INFO - Processing /home/airflow/.local/lib/python3.8/site-packages/airflow/example_dags/example_skip_dag.py took 0.333 seconds
[2023-12-20T06:22:24.951+0000] {processor.py:161} INFO - Started process (PID=1608) to work on /home/airflow/.local/lib/python3.8/site-packages/airflow/example_dags/example_skip_dag.py
[2023-12-20T06:22:24.952+0000] {processor.py:830} INFO - Processing file /home/airflow/.local/lib/python3.8/site-packages/airflow/example_dags/example_skip_dag.py for tasks to queue
[2023-12-20T06:22:24.955+0000] {logging_mixin.py:188} INFO - [2023-12-20T06:22:24.954+0000] {dagbag.py:538} INFO - Filling up the DagBag from /home/airflow/.local/lib/python3.8/site-packages/airflow/example_dags/example_skip_dag.py
[2023-12-20T06:22:24.976+0000] {processor.py:840} INFO - DAG(s) 'example_skip_dag' retrieved from /home/airflow/.local/lib/python3.8/site-packages/airflow/example_dags/example_skip_dag.py
[2023-12-20T06:22:25.043+0000] {logging_mixin.py:188} INFO - [2023-12-20T06:22:25.043+0000] {dag.py:3033} INFO - Sync 1 DAGs
[2023-12-20T06:22:25.235+0000] {logging_mixin.py:188} INFO - [2023-12-20T06:22:25.235+0000] {dag.py:3820} INFO - Setting next_dagrun for example_skip_dag to 2023-12-19T00:00:00+00:00, run_after=2023-12-20T00:00:00+00:00
[2023-12-20T06:22:25.370+0000] {processor.py:183} INFO - Processing /home/airflow/.local/lib/python3.8/site-packages/airflow/example_dags/example_skip_dag.py took 0.429 seconds
[2023-12-20T06:22:55.832+0000] {processor.py:161} INFO - Started process (PID=1663) to work on /home/airflow/.local/lib/python3.8/site-packages/airflow/example_dags/example_skip_dag.py
[2023-12-20T06:22:55.868+0000] {processor.py:830} INFO - Processing file /home/airflow/.local/lib/python3.8/site-packages/airflow/example_dags/example_skip_dag.py for tasks to queue
[2023-12-20T06:22:55.870+0000] {logging_mixin.py:188} INFO - [2023-12-20T06:22:55.869+0000] {dagbag.py:538} INFO - Filling up the DagBag from /home/airflow/.local/lib/python3.8/site-packages/airflow/example_dags/example_skip_dag.py
[2023-12-20T06:22:55.902+0000] {processor.py:840} INFO - DAG(s) 'example_skip_dag' retrieved from /home/airflow/.local/lib/python3.8/site-packages/airflow/example_dags/example_skip_dag.py
[2023-12-20T06:22:55.958+0000] {logging_mixin.py:188} INFO - [2023-12-20T06:22:55.958+0000] {dag.py:3033} INFO - Sync 1 DAGs
[2023-12-20T06:22:56.014+0000] {logging_mixin.py:188} INFO - [2023-12-20T06:22:56.014+0000] {dag.py:3820} INFO - Setting next_dagrun for example_skip_dag to 2023-12-19T00:00:00+00:00, run_after=2023-12-20T00:00:00+00:00
[2023-12-20T06:22:56.105+0000] {processor.py:183} INFO - Processing /home/airflow/.local/lib/python3.8/site-packages/airflow/example_dags/example_skip_dag.py took 0.280 seconds
[2023-12-20T06:23:26.168+0000] {processor.py:161} INFO - Started process (PID=1717) to work on /home/airflow/.local/lib/python3.8/site-packages/airflow/example_dags/example_skip_dag.py
[2023-12-20T06:23:26.170+0000] {processor.py:830} INFO - Processing file /home/airflow/.local/lib/python3.8/site-packages/airflow/example_dags/example_skip_dag.py for tasks to queue
[2023-12-20T06:23:26.172+0000] {logging_mixin.py:188} INFO - [2023-12-20T06:23:26.171+0000] {dagbag.py:538} INFO - Filling up the DagBag from /home/airflow/.local/lib/python3.8/site-packages/airflow/example_dags/example_skip_dag.py
[2023-12-20T06:23:26.191+0000] {processor.py:840} INFO - DAG(s) 'example_skip_dag' retrieved from /home/airflow/.local/lib/python3.8/site-packages/airflow/example_dags/example_skip_dag.py
[2023-12-20T06:23:26.288+0000] {logging_mixin.py:188} INFO - [2023-12-20T06:23:26.281+0000] {dag.py:3033} INFO - Sync 1 DAGs
[2023-12-20T06:23:26.362+0000] {logging_mixin.py:188} INFO - [2023-12-20T06:23:26.362+0000] {dag.py:3820} INFO - Setting next_dagrun for example_skip_dag to 2023-12-19T00:00:00+00:00, run_after=2023-12-20T00:00:00+00:00
[2023-12-20T06:23:26.412+0000] {processor.py:183} INFO - Processing /home/airflow/.local/lib/python3.8/site-packages/airflow/example_dags/example_skip_dag.py took 0.251 seconds
[2023-12-20T06:23:56.829+0000] {processor.py:161} INFO - Started process (PID=1770) to work on /home/airflow/.local/lib/python3.8/site-packages/airflow/example_dags/example_skip_dag.py
[2023-12-20T06:23:56.832+0000] {processor.py:830} INFO - Processing file /home/airflow/.local/lib/python3.8/site-packages/airflow/example_dags/example_skip_dag.py for tasks to queue
[2023-12-20T06:23:56.834+0000] {logging_mixin.py:188} INFO - [2023-12-20T06:23:56.834+0000] {dagbag.py:538} INFO - Filling up the DagBag from /home/airflow/.local/lib/python3.8/site-packages/airflow/example_dags/example_skip_dag.py
[2023-12-20T06:23:56.909+0000] {processor.py:840} INFO - DAG(s) 'example_skip_dag' retrieved from /home/airflow/.local/lib/python3.8/site-packages/airflow/example_dags/example_skip_dag.py
[2023-12-20T06:23:57.146+0000] {logging_mixin.py:188} INFO - [2023-12-20T06:23:57.146+0000] {dag.py:3033} INFO - Sync 1 DAGs
[2023-12-20T06:23:57.514+0000] {logging_mixin.py:188} INFO - [2023-12-20T06:23:57.513+0000] {dag.py:3820} INFO - Setting next_dagrun for example_skip_dag to 2023-12-19T00:00:00+00:00, run_after=2023-12-20T00:00:00+00:00
[2023-12-20T06:23:57.835+0000] {processor.py:183} INFO - Processing /home/airflow/.local/lib/python3.8/site-packages/airflow/example_dags/example_skip_dag.py took 1.025 seconds
[2023-12-20T06:24:28.096+0000] {processor.py:161} INFO - Started process (PID=1825) to work on /home/airflow/.local/lib/python3.8/site-packages/airflow/example_dags/example_skip_dag.py
[2023-12-20T06:24:28.101+0000] {processor.py:830} INFO - Processing file /home/airflow/.local/lib/python3.8/site-packages/airflow/example_dags/example_skip_dag.py for tasks to queue
[2023-12-20T06:24:28.106+0000] {logging_mixin.py:188} INFO - [2023-12-20T06:24:28.104+0000] {dagbag.py:538} INFO - Filling up the DagBag from /home/airflow/.local/lib/python3.8/site-packages/airflow/example_dags/example_skip_dag.py
[2023-12-20T06:24:28.135+0000] {processor.py:840} INFO - DAG(s) 'example_skip_dag' retrieved from /home/airflow/.local/lib/python3.8/site-packages/airflow/example_dags/example_skip_dag.py
[2023-12-20T06:24:28.262+0000] {logging_mixin.py:188} INFO - [2023-12-20T06:24:28.262+0000] {dag.py:3033} INFO - Sync 1 DAGs
[2023-12-20T06:24:28.346+0000] {logging_mixin.py:188} INFO - [2023-12-20T06:24:28.345+0000] {dag.py:3820} INFO - Setting next_dagrun for example_skip_dag to 2023-12-19T00:00:00+00:00, run_after=2023-12-20T00:00:00+00:00
[2023-12-20T06:24:28.428+0000] {processor.py:183} INFO - Processing /home/airflow/.local/lib/python3.8/site-packages/airflow/example_dags/example_skip_dag.py took 0.350 seconds
[2023-12-20T06:24:59.048+0000] {processor.py:161} INFO - Started process (PID=1879) to work on /home/airflow/.local/lib/python3.8/site-packages/airflow/example_dags/example_skip_dag.py
[2023-12-20T06:24:59.080+0000] {processor.py:830} INFO - Processing file /home/airflow/.local/lib/python3.8/site-packages/airflow/example_dags/example_skip_dag.py for tasks to queue
[2023-12-20T06:24:59.083+0000] {logging_mixin.py:188} INFO - [2023-12-20T06:24:59.082+0000] {dagbag.py:538} INFO - Filling up the DagBag from /home/airflow/.local/lib/python3.8/site-packages/airflow/example_dags/example_skip_dag.py
[2023-12-20T06:24:59.132+0000] {processor.py:840} INFO - DAG(s) 'example_skip_dag' retrieved from /home/airflow/.local/lib/python3.8/site-packages/airflow/example_dags/example_skip_dag.py
[2023-12-20T06:24:59.376+0000] {logging_mixin.py:188} INFO - [2023-12-20T06:24:59.375+0000] {dag.py:3033} INFO - Sync 1 DAGs
[2023-12-20T06:24:59.611+0000] {logging_mixin.py:188} INFO - [2023-12-20T06:24:59.608+0000] {dag.py:3820} INFO - Setting next_dagrun for example_skip_dag to 2023-12-19T00:00:00+00:00, run_after=2023-12-20T00:00:00+00:00
[2023-12-20T06:24:59.766+0000] {processor.py:183} INFO - Processing /home/airflow/.local/lib/python3.8/site-packages/airflow/example_dags/example_skip_dag.py took 0.745 seconds
[2023-12-20T06:25:30.002+0000] {processor.py:161} INFO - Started process (PID=1934) to work on /home/airflow/.local/lib/python3.8/site-packages/airflow/example_dags/example_skip_dag.py
[2023-12-20T06:25:30.049+0000] {processor.py:830} INFO - Processing file /home/airflow/.local/lib/python3.8/site-packages/airflow/example_dags/example_skip_dag.py for tasks to queue
[2023-12-20T06:25:30.051+0000] {logging_mixin.py:188} INFO - [2023-12-20T06:25:30.050+0000] {dagbag.py:538} INFO - Filling up the DagBag from /home/airflow/.local/lib/python3.8/site-packages/airflow/example_dags/example_skip_dag.py
[2023-12-20T06:25:30.111+0000] {processor.py:840} INFO - DAG(s) 'example_skip_dag' retrieved from /home/airflow/.local/lib/python3.8/site-packages/airflow/example_dags/example_skip_dag.py
[2023-12-20T06:25:30.261+0000] {logging_mixin.py:188} INFO - [2023-12-20T06:25:30.260+0000] {dag.py:3033} INFO - Sync 1 DAGs
[2023-12-20T06:25:30.390+0000] {logging_mixin.py:188} INFO - [2023-12-20T06:25:30.390+0000] {dag.py:3820} INFO - Setting next_dagrun for example_skip_dag to 2023-12-19T00:00:00+00:00, run_after=2023-12-20T00:00:00+00:00
[2023-12-20T06:25:30.531+0000] {processor.py:183} INFO - Processing /home/airflow/.local/lib/python3.8/site-packages/airflow/example_dags/example_skip_dag.py took 0.538 seconds
[2023-12-20T06:26:00.933+0000] {processor.py:161} INFO - Started process (PID=1989) to work on /home/airflow/.local/lib/python3.8/site-packages/airflow/example_dags/example_skip_dag.py
[2023-12-20T06:26:00.934+0000] {processor.py:830} INFO - Processing file /home/airflow/.local/lib/python3.8/site-packages/airflow/example_dags/example_skip_dag.py for tasks to queue
[2023-12-20T06:26:00.936+0000] {logging_mixin.py:188} INFO - [2023-12-20T06:26:00.935+0000] {dagbag.py:538} INFO - Filling up the DagBag from /home/airflow/.local/lib/python3.8/site-packages/airflow/example_dags/example_skip_dag.py
[2023-12-20T06:26:00.988+0000] {processor.py:840} INFO - DAG(s) 'example_skip_dag' retrieved from /home/airflow/.local/lib/python3.8/site-packages/airflow/example_dags/example_skip_dag.py
[2023-12-20T06:26:01.305+0000] {logging_mixin.py:188} INFO - [2023-12-20T06:26:01.304+0000] {dag.py:3033} INFO - Sync 1 DAGs
[2023-12-20T06:26:01.537+0000] {logging_mixin.py:188} INFO - [2023-12-20T06:26:01.536+0000] {dag.py:3820} INFO - Setting next_dagrun for example_skip_dag to 2023-12-19T00:00:00+00:00, run_after=2023-12-20T00:00:00+00:00
[2023-12-20T06:26:01.618+0000] {processor.py:183} INFO - Processing /home/airflow/.local/lib/python3.8/site-packages/airflow/example_dags/example_skip_dag.py took 0.716 seconds
[2023-12-20T06:26:32.301+0000] {processor.py:161} INFO - Started process (PID=2044) to work on /home/airflow/.local/lib/python3.8/site-packages/airflow/example_dags/example_skip_dag.py
[2023-12-20T06:26:32.307+0000] {processor.py:830} INFO - Processing file /home/airflow/.local/lib/python3.8/site-packages/airflow/example_dags/example_skip_dag.py for tasks to queue
[2023-12-20T06:26:32.322+0000] {logging_mixin.py:188} INFO - [2023-12-20T06:26:32.308+0000] {dagbag.py:538} INFO - Filling up the DagBag from /home/airflow/.local/lib/python3.8/site-packages/airflow/example_dags/example_skip_dag.py
[2023-12-20T06:26:32.415+0000] {processor.py:840} INFO - DAG(s) 'example_skip_dag' retrieved from /home/airflow/.local/lib/python3.8/site-packages/airflow/example_dags/example_skip_dag.py
[2023-12-20T06:26:32.551+0000] {logging_mixin.py:188} INFO - [2023-12-20T06:26:32.550+0000] {dag.py:3033} INFO - Sync 1 DAGs
[2023-12-20T06:26:32.633+0000] {logging_mixin.py:188} INFO - [2023-12-20T06:26:32.632+0000] {dag.py:3820} INFO - Setting next_dagrun for example_skip_dag to 2023-12-19T00:00:00+00:00, run_after=2023-12-20T00:00:00+00:00
[2023-12-20T06:26:32.684+0000] {processor.py:183} INFO - Processing /home/airflow/.local/lib/python3.8/site-packages/airflow/example_dags/example_skip_dag.py took 0.417 seconds
[2023-12-20T06:27:07.815+0000] {processor.py:161} INFO - Started process (PID=2093) to work on /home/airflow/.local/lib/python3.8/site-packages/airflow/example_dags/example_skip_dag.py
[2023-12-20T06:27:07.829+0000] {processor.py:830} INFO - Processing file /home/airflow/.local/lib/python3.8/site-packages/airflow/example_dags/example_skip_dag.py for tasks to queue
[2023-12-20T06:27:07.831+0000] {logging_mixin.py:188} INFO - [2023-12-20T06:27:07.830+0000] {dagbag.py:538} INFO - Filling up the DagBag from /home/airflow/.local/lib/python3.8/site-packages/airflow/example_dags/example_skip_dag.py
[2023-12-20T06:27:07.892+0000] {processor.py:840} INFO - DAG(s) 'example_skip_dag' retrieved from /home/airflow/.local/lib/python3.8/site-packages/airflow/example_dags/example_skip_dag.py
[2023-12-20T06:27:08.045+0000] {logging_mixin.py:188} INFO - [2023-12-20T06:27:08.045+0000] {dag.py:3033} INFO - Sync 1 DAGs
[2023-12-20T06:27:08.272+0000] {logging_mixin.py:188} INFO - [2023-12-20T06:27:08.271+0000] {dag.py:3820} INFO - Setting next_dagrun for example_skip_dag to 2023-12-19T00:00:00+00:00, run_after=2023-12-20T00:00:00+00:00
[2023-12-20T06:27:09.602+0000] {processor.py:183} INFO - Processing /home/airflow/.local/lib/python3.8/site-packages/airflow/example_dags/example_skip_dag.py took 1.810 seconds
[2023-12-20T06:27:39.764+0000] {processor.py:161} INFO - Started process (PID=2150) to work on /home/airflow/.local/lib/python3.8/site-packages/airflow/example_dags/example_skip_dag.py
[2023-12-20T06:27:39.767+0000] {processor.py:830} INFO - Processing file /home/airflow/.local/lib/python3.8/site-packages/airflow/example_dags/example_skip_dag.py for tasks to queue
[2023-12-20T06:27:39.770+0000] {logging_mixin.py:188} INFO - [2023-12-20T06:27:39.769+0000] {dagbag.py:538} INFO - Filling up the DagBag from /home/airflow/.local/lib/python3.8/site-packages/airflow/example_dags/example_skip_dag.py
[2023-12-20T06:27:39.788+0000] {processor.py:840} INFO - DAG(s) 'example_skip_dag' retrieved from /home/airflow/.local/lib/python3.8/site-packages/airflow/example_dags/example_skip_dag.py
[2023-12-20T06:27:39.845+0000] {logging_mixin.py:188} INFO - [2023-12-20T06:27:39.844+0000] {dag.py:3033} INFO - Sync 1 DAGs
[2023-12-20T06:27:39.902+0000] {logging_mixin.py:188} INFO - [2023-12-20T06:27:39.902+0000] {dag.py:3820} INFO - Setting next_dagrun for example_skip_dag to 2023-12-19T00:00:00+00:00, run_after=2023-12-20T00:00:00+00:00
[2023-12-20T06:27:40.008+0000] {processor.py:183} INFO - Processing /home/airflow/.local/lib/python3.8/site-packages/airflow/example_dags/example_skip_dag.py took 0.250 seconds
[2023-12-20T06:28:11.419+0000] {processor.py:161} INFO - Started process (PID=2207) to work on /home/airflow/.local/lib/python3.8/site-packages/airflow/example_dags/example_skip_dag.py
[2023-12-20T06:28:11.425+0000] {processor.py:830} INFO - Processing file /home/airflow/.local/lib/python3.8/site-packages/airflow/example_dags/example_skip_dag.py for tasks to queue
[2023-12-20T06:28:11.427+0000] {logging_mixin.py:188} INFO - [2023-12-20T06:28:11.426+0000] {dagbag.py:538} INFO - Filling up the DagBag from /home/airflow/.local/lib/python3.8/site-packages/airflow/example_dags/example_skip_dag.py
[2023-12-20T06:28:11.521+0000] {processor.py:840} INFO - DAG(s) 'example_skip_dag' retrieved from /home/airflow/.local/lib/python3.8/site-packages/airflow/example_dags/example_skip_dag.py
[2023-12-20T06:28:11.889+0000] {logging_mixin.py:188} INFO - [2023-12-20T06:28:11.888+0000] {dag.py:3033} INFO - Sync 1 DAGs
[2023-12-20T06:28:12.345+0000] {logging_mixin.py:188} INFO - [2023-12-20T06:28:12.334+0000] {dag.py:3820} INFO - Setting next_dagrun for example_skip_dag to 2023-12-19T00:00:00+00:00, run_after=2023-12-20T00:00:00+00:00
[2023-12-20T06:28:12.728+0000] {processor.py:183} INFO - Processing /home/airflow/.local/lib/python3.8/site-packages/airflow/example_dags/example_skip_dag.py took 1.334 seconds
[2023-12-20T06:28:43.517+0000] {processor.py:161} INFO - Started process (PID=2263) to work on /home/airflow/.local/lib/python3.8/site-packages/airflow/example_dags/example_skip_dag.py
[2023-12-20T06:28:43.518+0000] {processor.py:830} INFO - Processing file /home/airflow/.local/lib/python3.8/site-packages/airflow/example_dags/example_skip_dag.py for tasks to queue
[2023-12-20T06:28:43.520+0000] {logging_mixin.py:188} INFO - [2023-12-20T06:28:43.519+0000] {dagbag.py:538} INFO - Filling up the DagBag from /home/airflow/.local/lib/python3.8/site-packages/airflow/example_dags/example_skip_dag.py
[2023-12-20T06:28:43.540+0000] {processor.py:840} INFO - DAG(s) 'example_skip_dag' retrieved from /home/airflow/.local/lib/python3.8/site-packages/airflow/example_dags/example_skip_dag.py
[2023-12-20T06:28:43.643+0000] {logging_mixin.py:188} INFO - [2023-12-20T06:28:43.643+0000] {dag.py:3033} INFO - Sync 1 DAGs
[2023-12-20T06:28:43.722+0000] {logging_mixin.py:188} INFO - [2023-12-20T06:28:43.721+0000] {dag.py:3820} INFO - Setting next_dagrun for example_skip_dag to 2023-12-19T00:00:00+00:00, run_after=2023-12-20T00:00:00+00:00
[2023-12-20T06:28:43.775+0000] {processor.py:183} INFO - Processing /home/airflow/.local/lib/python3.8/site-packages/airflow/example_dags/example_skip_dag.py took 0.264 seconds
[2023-12-20T06:29:14.416+0000] {processor.py:161} INFO - Started process (PID=2320) to work on /home/airflow/.local/lib/python3.8/site-packages/airflow/example_dags/example_skip_dag.py
[2023-12-20T06:29:14.419+0000] {processor.py:830} INFO - Processing file /home/airflow/.local/lib/python3.8/site-packages/airflow/example_dags/example_skip_dag.py for tasks to queue
[2023-12-20T06:29:14.421+0000] {logging_mixin.py:188} INFO - [2023-12-20T06:29:14.421+0000] {dagbag.py:538} INFO - Filling up the DagBag from /home/airflow/.local/lib/python3.8/site-packages/airflow/example_dags/example_skip_dag.py
[2023-12-20T06:29:14.439+0000] {processor.py:840} INFO - DAG(s) 'example_skip_dag' retrieved from /home/airflow/.local/lib/python3.8/site-packages/airflow/example_dags/example_skip_dag.py
[2023-12-20T06:29:14.505+0000] {logging_mixin.py:188} INFO - [2023-12-20T06:29:14.504+0000] {dag.py:3033} INFO - Sync 1 DAGs
[2023-12-20T06:29:14.852+0000] {logging_mixin.py:188} INFO - [2023-12-20T06:29:14.852+0000] {dag.py:3820} INFO - Setting next_dagrun for example_skip_dag to 2023-12-19T00:00:00+00:00, run_after=2023-12-20T00:00:00+00:00
[2023-12-20T06:29:14.903+0000] {processor.py:183} INFO - Processing /home/airflow/.local/lib/python3.8/site-packages/airflow/example_dags/example_skip_dag.py took 0.497 seconds
[2023-12-20T06:29:45.410+0000] {processor.py:161} INFO - Started process (PID=2377) to work on /home/airflow/.local/lib/python3.8/site-packages/airflow/example_dags/example_skip_dag.py
[2023-12-20T06:29:45.448+0000] {processor.py:830} INFO - Processing file /home/airflow/.local/lib/python3.8/site-packages/airflow/example_dags/example_skip_dag.py for tasks to queue
[2023-12-20T06:29:45.450+0000] {logging_mixin.py:188} INFO - [2023-12-20T06:29:45.449+0000] {dagbag.py:538} INFO - Filling up the DagBag from /home/airflow/.local/lib/python3.8/site-packages/airflow/example_dags/example_skip_dag.py
[2023-12-20T06:29:45.467+0000] {processor.py:840} INFO - DAG(s) 'example_skip_dag' retrieved from /home/airflow/.local/lib/python3.8/site-packages/airflow/example_dags/example_skip_dag.py
[2023-12-20T06:29:45.530+0000] {logging_mixin.py:188} INFO - [2023-12-20T06:29:45.528+0000] {dag.py:3033} INFO - Sync 1 DAGs
[2023-12-20T06:29:45.591+0000] {logging_mixin.py:188} INFO - [2023-12-20T06:29:45.590+0000] {dag.py:3820} INFO - Setting next_dagrun for example_skip_dag to 2023-12-19T00:00:00+00:00, run_after=2023-12-20T00:00:00+00:00
[2023-12-20T06:29:45.924+0000] {processor.py:183} INFO - Processing /home/airflow/.local/lib/python3.8/site-packages/airflow/example_dags/example_skip_dag.py took 0.521 seconds
[2023-12-20T06:30:16.775+0000] {processor.py:161} INFO - Started process (PID=2434) to work on /home/airflow/.local/lib/python3.8/site-packages/airflow/example_dags/example_skip_dag.py
[2023-12-20T06:30:16.814+0000] {processor.py:830} INFO - Processing file /home/airflow/.local/lib/python3.8/site-packages/airflow/example_dags/example_skip_dag.py for tasks to queue
[2023-12-20T06:30:16.819+0000] {logging_mixin.py:188} INFO - [2023-12-20T06:30:16.818+0000] {dagbag.py:538} INFO - Filling up the DagBag from /home/airflow/.local/lib/python3.8/site-packages/airflow/example_dags/example_skip_dag.py
[2023-12-20T06:30:16.932+0000] {processor.py:840} INFO - DAG(s) 'example_skip_dag' retrieved from /home/airflow/.local/lib/python3.8/site-packages/airflow/example_dags/example_skip_dag.py
[2023-12-20T06:30:17.468+0000] {logging_mixin.py:188} INFO - [2023-12-20T06:30:17.467+0000] {dag.py:3033} INFO - Sync 1 DAGs
[2023-12-20T06:30:18.031+0000] {logging_mixin.py:188} INFO - [2023-12-20T06:30:18.031+0000] {dag.py:3820} INFO - Setting next_dagrun for example_skip_dag to 2023-12-19T00:00:00+00:00, run_after=2023-12-20T00:00:00+00:00
[2023-12-20T06:30:18.388+0000] {processor.py:183} INFO - Processing /home/airflow/.local/lib/python3.8/site-packages/airflow/example_dags/example_skip_dag.py took 1.652 seconds
[2023-12-20T06:30:48.870+0000] {processor.py:161} INFO - Started process (PID=2497) to work on /home/airflow/.local/lib/python3.8/site-packages/airflow/example_dags/example_skip_dag.py
[2023-12-20T06:30:48.879+0000] {processor.py:830} INFO - Processing file /home/airflow/.local/lib/python3.8/site-packages/airflow/example_dags/example_skip_dag.py for tasks to queue
[2023-12-20T06:30:48.886+0000] {logging_mixin.py:188} INFO - [2023-12-20T06:30:48.885+0000] {dagbag.py:538} INFO - Filling up the DagBag from /home/airflow/.local/lib/python3.8/site-packages/airflow/example_dags/example_skip_dag.py
[2023-12-20T06:30:48.943+0000] {processor.py:840} INFO - DAG(s) 'example_skip_dag' retrieved from /home/airflow/.local/lib/python3.8/site-packages/airflow/example_dags/example_skip_dag.py
[2023-12-20T06:30:49.077+0000] {logging_mixin.py:188} INFO - [2023-12-20T06:30:49.072+0000] {dag.py:3033} INFO - Sync 1 DAGs
[2023-12-20T06:30:49.165+0000] {logging_mixin.py:188} INFO - [2023-12-20T06:30:49.164+0000] {dag.py:3820} INFO - Setting next_dagrun for example_skip_dag to 2023-12-19T00:00:00+00:00, run_after=2023-12-20T00:00:00+00:00
[2023-12-20T06:30:49.303+0000] {processor.py:183} INFO - Processing /home/airflow/.local/lib/python3.8/site-packages/airflow/example_dags/example_skip_dag.py took 0.504 seconds
[2023-12-20T06:31:23.559+0000] {processor.py:161} INFO - Started process (PID=2546) to work on /home/airflow/.local/lib/python3.8/site-packages/airflow/example_dags/example_skip_dag.py
[2023-12-20T06:31:23.566+0000] {processor.py:830} INFO - Processing file /home/airflow/.local/lib/python3.8/site-packages/airflow/example_dags/example_skip_dag.py for tasks to queue
[2023-12-20T06:31:23.568+0000] {logging_mixin.py:188} INFO - [2023-12-20T06:31:23.567+0000] {dagbag.py:538} INFO - Filling up the DagBag from /home/airflow/.local/lib/python3.8/site-packages/airflow/example_dags/example_skip_dag.py
[2023-12-20T06:31:23.608+0000] {processor.py:840} INFO - DAG(s) 'example_skip_dag' retrieved from /home/airflow/.local/lib/python3.8/site-packages/airflow/example_dags/example_skip_dag.py
[2023-12-20T06:31:23.774+0000] {logging_mixin.py:188} INFO - [2023-12-20T06:31:23.773+0000] {dag.py:3033} INFO - Sync 1 DAGs
[2023-12-20T06:31:24.666+0000] {logging_mixin.py:188} INFO - [2023-12-20T06:31:24.665+0000] {dag.py:3820} INFO - Setting next_dagrun for example_skip_dag to 2023-12-19T00:00:00+00:00, run_after=2023-12-20T00:00:00+00:00
[2023-12-20T06:31:24.722+0000] {processor.py:183} INFO - Processing /home/airflow/.local/lib/python3.8/site-packages/airflow/example_dags/example_skip_dag.py took 1.179 seconds
[2023-12-20T06:31:55.510+0000] {processor.py:161} INFO - Started process (PID=2605) to work on /home/airflow/.local/lib/python3.8/site-packages/airflow/example_dags/example_skip_dag.py
[2023-12-20T06:31:55.520+0000] {processor.py:830} INFO - Processing file /home/airflow/.local/lib/python3.8/site-packages/airflow/example_dags/example_skip_dag.py for tasks to queue
[2023-12-20T06:31:55.525+0000] {logging_mixin.py:188} INFO - [2023-12-20T06:31:55.525+0000] {dagbag.py:538} INFO - Filling up the DagBag from /home/airflow/.local/lib/python3.8/site-packages/airflow/example_dags/example_skip_dag.py
[2023-12-20T06:31:55.588+0000] {processor.py:840} INFO - DAG(s) 'example_skip_dag' retrieved from /home/airflow/.local/lib/python3.8/site-packages/airflow/example_dags/example_skip_dag.py
[2023-12-20T06:31:55.697+0000] {logging_mixin.py:188} INFO - [2023-12-20T06:31:55.696+0000] {dag.py:3033} INFO - Sync 1 DAGs
[2023-12-20T06:31:55.827+0000] {logging_mixin.py:188} INFO - [2023-12-20T06:31:55.826+0000] {dag.py:3820} INFO - Setting next_dagrun for example_skip_dag to 2023-12-19T00:00:00+00:00, run_after=2023-12-20T00:00:00+00:00
[2023-12-20T06:31:55.920+0000] {processor.py:183} INFO - Processing /home/airflow/.local/lib/python3.8/site-packages/airflow/example_dags/example_skip_dag.py took 0.428 seconds
[2023-12-20T06:32:26.024+0000] {processor.py:161} INFO - Started process (PID=2664) to work on /home/airflow/.local/lib/python3.8/site-packages/airflow/example_dags/example_skip_dag.py
[2023-12-20T06:32:26.026+0000] {processor.py:830} INFO - Processing file /home/airflow/.local/lib/python3.8/site-packages/airflow/example_dags/example_skip_dag.py for tasks to queue
[2023-12-20T06:32:26.028+0000] {logging_mixin.py:188} INFO - [2023-12-20T06:32:26.028+0000] {dagbag.py:538} INFO - Filling up the DagBag from /home/airflow/.local/lib/python3.8/site-packages/airflow/example_dags/example_skip_dag.py
[2023-12-20T06:32:26.045+0000] {processor.py:840} INFO - DAG(s) 'example_skip_dag' retrieved from /home/airflow/.local/lib/python3.8/site-packages/airflow/example_dags/example_skip_dag.py
[2023-12-20T06:32:26.108+0000] {logging_mixin.py:188} INFO - [2023-12-20T06:32:26.107+0000] {dag.py:3033} INFO - Sync 1 DAGs
[2023-12-20T06:32:26.176+0000] {logging_mixin.py:188} INFO - [2023-12-20T06:32:26.175+0000] {dag.py:3820} INFO - Setting next_dagrun for example_skip_dag to 2023-12-19T00:00:00+00:00, run_after=2023-12-20T00:00:00+00:00
[2023-12-20T06:32:26.269+0000] {processor.py:183} INFO - Processing /home/airflow/.local/lib/python3.8/site-packages/airflow/example_dags/example_skip_dag.py took 0.252 seconds
[2023-12-20T06:32:56.457+0000] {processor.py:161} INFO - Started process (PID=2723) to work on /home/airflow/.local/lib/python3.8/site-packages/airflow/example_dags/example_skip_dag.py
[2023-12-20T06:32:56.494+0000] {processor.py:830} INFO - Processing file /home/airflow/.local/lib/python3.8/site-packages/airflow/example_dags/example_skip_dag.py for tasks to queue
[2023-12-20T06:32:56.497+0000] {logging_mixin.py:188} INFO - [2023-12-20T06:32:56.496+0000] {dagbag.py:538} INFO - Filling up the DagBag from /home/airflow/.local/lib/python3.8/site-packages/airflow/example_dags/example_skip_dag.py
[2023-12-20T06:32:56.513+0000] {processor.py:840} INFO - DAG(s) 'example_skip_dag' retrieved from /home/airflow/.local/lib/python3.8/site-packages/airflow/example_dags/example_skip_dag.py
[2023-12-20T06:32:56.562+0000] {logging_mixin.py:188} INFO - [2023-12-20T06:32:56.562+0000] {dag.py:3033} INFO - Sync 1 DAGs
[2023-12-20T06:32:56.620+0000] {logging_mixin.py:188} INFO - [2023-12-20T06:32:56.619+0000] {dag.py:3820} INFO - Setting next_dagrun for example_skip_dag to 2023-12-19T00:00:00+00:00, run_after=2023-12-20T00:00:00+00:00
[2023-12-20T06:32:56.711+0000] {processor.py:183} INFO - Processing /home/airflow/.local/lib/python3.8/site-packages/airflow/example_dags/example_skip_dag.py took 0.260 seconds
[2023-12-20T06:33:36.838+0000] {processor.py:161} INFO - Started process (PID=2777) to work on /home/airflow/.local/lib/python3.8/site-packages/airflow/example_dags/example_skip_dag.py
[2023-12-20T06:33:36.858+0000] {processor.py:830} INFO - Processing file /home/airflow/.local/lib/python3.8/site-packages/airflow/example_dags/example_skip_dag.py for tasks to queue
[2023-12-20T06:33:36.877+0000] {logging_mixin.py:188} INFO - [2023-12-20T06:33:36.875+0000] {dagbag.py:538} INFO - Filling up the DagBag from /home/airflow/.local/lib/python3.8/site-packages/airflow/example_dags/example_skip_dag.py
[2023-12-20T06:33:37.016+0000] {processor.py:840} INFO - DAG(s) 'example_skip_dag' retrieved from /home/airflow/.local/lib/python3.8/site-packages/airflow/example_dags/example_skip_dag.py
[2023-12-20T06:33:37.477+0000] {logging_mixin.py:188} INFO - [2023-12-20T06:33:37.475+0000] {dag.py:3033} INFO - Sync 1 DAGs
[2023-12-20T06:33:38.176+0000] {logging_mixin.py:188} INFO - [2023-12-20T06:33:38.176+0000] {dag.py:3820} INFO - Setting next_dagrun for example_skip_dag to 2023-12-19T00:00:00+00:00, run_after=2023-12-20T00:00:00+00:00
[2023-12-20T06:33:38.669+0000] {processor.py:183} INFO - Processing /home/airflow/.local/lib/python3.8/site-packages/airflow/example_dags/example_skip_dag.py took 1.891 seconds
