[2023-12-20T05:41:35.128+0000] {processor.py:161} INFO - Started process (PID=84) to work on /home/airflow/.local/lib/python3.8/site-packages/airflow/example_dags/example_python_decorator.py
[2023-12-20T05:41:35.143+0000] {processor.py:830} INFO - Processing file /home/airflow/.local/lib/python3.8/site-packages/airflow/example_dags/example_python_decorator.py for tasks to queue
[2023-12-20T05:41:35.173+0000] {logging_mixin.py:188} INFO - [2023-12-20T05:41:35.172+0000] {dagbag.py:538} INFO - Filling up the DagBag from /home/airflow/.local/lib/python3.8/site-packages/airflow/example_dags/example_python_decorator.py
[2023-12-20T05:41:35.431+0000] {processor.py:840} INFO - DAG(s) 'example_python_decorator' retrieved from /home/airflow/.local/lib/python3.8/site-packages/airflow/example_dags/example_python_decorator.py
[2023-12-20T05:41:38.637+0000] {logging_mixin.py:188} INFO - [2023-12-20T05:41:38.590+0000] {dag.py:3033} INFO - Sync 1 DAGs
[2023-12-20T05:41:38.820+0000] {logging_mixin.py:188} INFO - [2023-12-20T05:41:38.820+0000] {dag.py:3820} INFO - Setting next_dagrun for example_python_decorator to None, run_after=None
[2023-12-20T05:41:39.069+0000] {processor.py:183} INFO - Processing /home/airflow/.local/lib/python3.8/site-packages/airflow/example_dags/example_python_decorator.py took 4.004 seconds
[2023-12-20T05:42:36.317+0000] {processor.py:161} INFO - Started process (PID=145) to work on /home/airflow/.local/lib/python3.8/site-packages/airflow/example_dags/example_python_decorator.py
[2023-12-20T05:42:36.319+0000] {processor.py:830} INFO - Processing file /home/airflow/.local/lib/python3.8/site-packages/airflow/example_dags/example_python_decorator.py for tasks to queue
[2023-12-20T05:42:36.325+0000] {logging_mixin.py:188} INFO - [2023-12-20T05:42:36.323+0000] {dagbag.py:538} INFO - Filling up the DagBag from /home/airflow/.local/lib/python3.8/site-packages/airflow/example_dags/example_python_decorator.py
[2023-12-20T05:42:36.409+0000] {processor.py:840} INFO - DAG(s) 'example_python_decorator' retrieved from /home/airflow/.local/lib/python3.8/site-packages/airflow/example_dags/example_python_decorator.py
[2023-12-20T05:42:36.652+0000] {logging_mixin.py:188} INFO - [2023-12-20T05:42:36.652+0000] {dag.py:3033} INFO - Sync 1 DAGs
[2023-12-20T05:42:36.796+0000] {logging_mixin.py:188} INFO - [2023-12-20T05:42:36.796+0000] {dag.py:3820} INFO - Setting next_dagrun for example_python_decorator to None, run_after=None
[2023-12-20T05:42:37.055+0000] {processor.py:183} INFO - Processing /home/airflow/.local/lib/python3.8/site-packages/airflow/example_dags/example_python_decorator.py took 0.780 seconds
[2023-12-20T06:07:01.370+0000] {processor.py:161} INFO - Started process (PID=70) to work on /home/airflow/.local/lib/python3.8/site-packages/airflow/example_dags/example_python_decorator.py
[2023-12-20T06:07:01.389+0000] {processor.py:830} INFO - Processing file /home/airflow/.local/lib/python3.8/site-packages/airflow/example_dags/example_python_decorator.py for tasks to queue
[2023-12-20T06:07:01.404+0000] {logging_mixin.py:188} INFO - [2023-12-20T06:07:01.398+0000] {dagbag.py:538} INFO - Filling up the DagBag from /home/airflow/.local/lib/python3.8/site-packages/airflow/example_dags/example_python_decorator.py
[2023-12-20T06:07:01.593+0000] {processor.py:840} INFO - DAG(s) 'example_python_decorator' retrieved from /home/airflow/.local/lib/python3.8/site-packages/airflow/example_dags/example_python_decorator.py
[2023-12-20T06:07:01.770+0000] {logging_mixin.py:188} INFO - [2023-12-20T06:07:01.769+0000] {dag.py:3033} INFO - Sync 1 DAGs
[2023-12-20T06:07:01.843+0000] {logging_mixin.py:188} INFO - [2023-12-20T06:07:01.843+0000] {dag.py:3820} INFO - Setting next_dagrun for example_python_decorator to None, run_after=None
[2023-12-20T06:07:01.996+0000] {processor.py:183} INFO - Processing /home/airflow/.local/lib/python3.8/site-packages/airflow/example_dags/example_python_decorator.py took 0.668 seconds
[2023-12-20T06:07:34.256+0000] {processor.py:161} INFO - Started process (PID=125) to work on /home/airflow/.local/lib/python3.8/site-packages/airflow/example_dags/example_python_decorator.py
[2023-12-20T06:07:34.285+0000] {processor.py:830} INFO - Processing file /home/airflow/.local/lib/python3.8/site-packages/airflow/example_dags/example_python_decorator.py for tasks to queue
[2023-12-20T06:07:34.297+0000] {logging_mixin.py:188} INFO - [2023-12-20T06:07:34.288+0000] {dagbag.py:538} INFO - Filling up the DagBag from /home/airflow/.local/lib/python3.8/site-packages/airflow/example_dags/example_python_decorator.py
[2023-12-20T06:07:34.410+0000] {processor.py:840} INFO - DAG(s) 'example_python_decorator' retrieved from /home/airflow/.local/lib/python3.8/site-packages/airflow/example_dags/example_python_decorator.py
[2023-12-20T06:07:34.589+0000] {logging_mixin.py:188} INFO - [2023-12-20T06:07:34.587+0000] {dag.py:3033} INFO - Sync 1 DAGs
[2023-12-20T06:07:34.717+0000] {logging_mixin.py:188} INFO - [2023-12-20T06:07:34.716+0000] {dag.py:3820} INFO - Setting next_dagrun for example_python_decorator to None, run_after=None
[2023-12-20T06:07:34.893+0000] {processor.py:183} INFO - Processing /home/airflow/.local/lib/python3.8/site-packages/airflow/example_dags/example_python_decorator.py took 0.649 seconds
[2023-12-20T06:08:05.049+0000] {processor.py:161} INFO - Started process (PID=180) to work on /home/airflow/.local/lib/python3.8/site-packages/airflow/example_dags/example_python_decorator.py
[2023-12-20T06:08:05.052+0000] {processor.py:830} INFO - Processing file /home/airflow/.local/lib/python3.8/site-packages/airflow/example_dags/example_python_decorator.py for tasks to queue
[2023-12-20T06:08:05.057+0000] {logging_mixin.py:188} INFO - [2023-12-20T06:08:05.056+0000] {dagbag.py:538} INFO - Filling up the DagBag from /home/airflow/.local/lib/python3.8/site-packages/airflow/example_dags/example_python_decorator.py
[2023-12-20T06:08:05.108+0000] {processor.py:840} INFO - DAG(s) 'example_python_decorator' retrieved from /home/airflow/.local/lib/python3.8/site-packages/airflow/example_dags/example_python_decorator.py
[2023-12-20T06:08:05.237+0000] {logging_mixin.py:188} INFO - [2023-12-20T06:08:05.237+0000] {dag.py:3033} INFO - Sync 1 DAGs
[2023-12-20T06:08:05.360+0000] {logging_mixin.py:188} INFO - [2023-12-20T06:08:05.360+0000] {dag.py:3820} INFO - Setting next_dagrun for example_python_decorator to None, run_after=None
[2023-12-20T06:08:05.462+0000] {processor.py:183} INFO - Processing /home/airflow/.local/lib/python3.8/site-packages/airflow/example_dags/example_python_decorator.py took 0.433 seconds
[2023-12-20T06:08:43.802+0000] {processor.py:161} INFO - Started process (PID=235) to work on /home/airflow/.local/lib/python3.8/site-packages/airflow/example_dags/example_python_decorator.py
[2023-12-20T06:08:43.823+0000] {processor.py:830} INFO - Processing file /home/airflow/.local/lib/python3.8/site-packages/airflow/example_dags/example_python_decorator.py for tasks to queue
[2023-12-20T06:08:43.843+0000] {logging_mixin.py:188} INFO - [2023-12-20T06:08:43.842+0000] {dagbag.py:538} INFO - Filling up the DagBag from /home/airflow/.local/lib/python3.8/site-packages/airflow/example_dags/example_python_decorator.py
[2023-12-20T06:08:44.134+0000] {processor.py:840} INFO - DAG(s) 'example_python_decorator' retrieved from /home/airflow/.local/lib/python3.8/site-packages/airflow/example_dags/example_python_decorator.py
[2023-12-20T06:08:44.444+0000] {logging_mixin.py:188} INFO - [2023-12-20T06:08:44.443+0000] {dag.py:3033} INFO - Sync 1 DAGs
[2023-12-20T06:08:44.655+0000] {logging_mixin.py:188} INFO - [2023-12-20T06:08:44.655+0000] {dag.py:3820} INFO - Setting next_dagrun for example_python_decorator to None, run_after=None
[2023-12-20T06:08:44.976+0000] {processor.py:183} INFO - Processing /home/airflow/.local/lib/python3.8/site-packages/airflow/example_dags/example_python_decorator.py took 1.214 seconds
[2023-12-20T06:09:21.976+0000] {processor.py:161} INFO - Started process (PID=290) to work on /home/airflow/.local/lib/python3.8/site-packages/airflow/example_dags/example_python_decorator.py
[2023-12-20T06:09:21.984+0000] {processor.py:830} INFO - Processing file /home/airflow/.local/lib/python3.8/site-packages/airflow/example_dags/example_python_decorator.py for tasks to queue
[2023-12-20T06:09:21.991+0000] {logging_mixin.py:188} INFO - [2023-12-20T06:09:21.990+0000] {dagbag.py:538} INFO - Filling up the DagBag from /home/airflow/.local/lib/python3.8/site-packages/airflow/example_dags/example_python_decorator.py
[2023-12-20T06:09:22.069+0000] {processor.py:840} INFO - DAG(s) 'example_python_decorator' retrieved from /home/airflow/.local/lib/python3.8/site-packages/airflow/example_dags/example_python_decorator.py
[2023-12-20T06:09:22.333+0000] {logging_mixin.py:188} INFO - [2023-12-20T06:09:22.329+0000] {dag.py:3033} INFO - Sync 1 DAGs
[2023-12-20T06:09:22.469+0000] {logging_mixin.py:188} INFO - [2023-12-20T06:09:22.469+0000] {dag.py:3820} INFO - Setting next_dagrun for example_python_decorator to None, run_after=None
[2023-12-20T06:09:22.695+0000] {processor.py:183} INFO - Processing /home/airflow/.local/lib/python3.8/site-packages/airflow/example_dags/example_python_decorator.py took 0.733 seconds
[2023-12-20T06:09:53.547+0000] {processor.py:161} INFO - Started process (PID=343) to work on /home/airflow/.local/lib/python3.8/site-packages/airflow/example_dags/example_python_decorator.py
[2023-12-20T06:09:53.557+0000] {processor.py:830} INFO - Processing file /home/airflow/.local/lib/python3.8/site-packages/airflow/example_dags/example_python_decorator.py for tasks to queue
[2023-12-20T06:09:53.562+0000] {logging_mixin.py:188} INFO - [2023-12-20T06:09:53.561+0000] {dagbag.py:538} INFO - Filling up the DagBag from /home/airflow/.local/lib/python3.8/site-packages/airflow/example_dags/example_python_decorator.py
[2023-12-20T06:09:53.585+0000] {processor.py:840} INFO - DAG(s) 'example_python_decorator' retrieved from /home/airflow/.local/lib/python3.8/site-packages/airflow/example_dags/example_python_decorator.py
[2023-12-20T06:09:53.651+0000] {logging_mixin.py:188} INFO - [2023-12-20T06:09:53.650+0000] {dag.py:3033} INFO - Sync 1 DAGs
[2023-12-20T06:09:53.684+0000] {logging_mixin.py:188} INFO - [2023-12-20T06:09:53.684+0000] {dag.py:3820} INFO - Setting next_dagrun for example_python_decorator to None, run_after=None
[2023-12-20T06:09:53.816+0000] {processor.py:183} INFO - Processing /home/airflow/.local/lib/python3.8/site-packages/airflow/example_dags/example_python_decorator.py took 0.284 seconds
[2023-12-20T06:10:24.262+0000] {processor.py:161} INFO - Started process (PID=397) to work on /home/airflow/.local/lib/python3.8/site-packages/airflow/example_dags/example_python_decorator.py
[2023-12-20T06:10:24.269+0000] {processor.py:830} INFO - Processing file /home/airflow/.local/lib/python3.8/site-packages/airflow/example_dags/example_python_decorator.py for tasks to queue
[2023-12-20T06:10:24.297+0000] {logging_mixin.py:188} INFO - [2023-12-20T06:10:24.288+0000] {dagbag.py:538} INFO - Filling up the DagBag from /home/airflow/.local/lib/python3.8/site-packages/airflow/example_dags/example_python_decorator.py
[2023-12-20T06:10:24.377+0000] {processor.py:840} INFO - DAG(s) 'example_python_decorator' retrieved from /home/airflow/.local/lib/python3.8/site-packages/airflow/example_dags/example_python_decorator.py
[2023-12-20T06:10:24.476+0000] {logging_mixin.py:188} INFO - [2023-12-20T06:10:24.475+0000] {dag.py:3033} INFO - Sync 1 DAGs
[2023-12-20T06:10:24.591+0000] {logging_mixin.py:188} INFO - [2023-12-20T06:10:24.591+0000] {dag.py:3820} INFO - Setting next_dagrun for example_python_decorator to None, run_after=None
[2023-12-20T06:10:24.729+0000] {processor.py:183} INFO - Processing /home/airflow/.local/lib/python3.8/site-packages/airflow/example_dags/example_python_decorator.py took 0.497 seconds
[2023-12-20T06:10:55.472+0000] {processor.py:161} INFO - Started process (PID=452) to work on /home/airflow/.local/lib/python3.8/site-packages/airflow/example_dags/example_python_decorator.py
[2023-12-20T06:10:55.512+0000] {processor.py:830} INFO - Processing file /home/airflow/.local/lib/python3.8/site-packages/airflow/example_dags/example_python_decorator.py for tasks to queue
[2023-12-20T06:10:55.516+0000] {logging_mixin.py:188} INFO - [2023-12-20T06:10:55.515+0000] {dagbag.py:538} INFO - Filling up the DagBag from /home/airflow/.local/lib/python3.8/site-packages/airflow/example_dags/example_python_decorator.py
[2023-12-20T06:10:55.540+0000] {processor.py:840} INFO - DAG(s) 'example_python_decorator' retrieved from /home/airflow/.local/lib/python3.8/site-packages/airflow/example_dags/example_python_decorator.py
[2023-12-20T06:10:55.618+0000] {logging_mixin.py:188} INFO - [2023-12-20T06:10:55.618+0000] {dag.py:3033} INFO - Sync 1 DAGs
[2023-12-20T06:10:55.656+0000] {logging_mixin.py:188} INFO - [2023-12-20T06:10:55.655+0000] {dag.py:3820} INFO - Setting next_dagrun for example_python_decorator to None, run_after=None
[2023-12-20T06:10:55.767+0000] {processor.py:183} INFO - Processing /home/airflow/.local/lib/python3.8/site-packages/airflow/example_dags/example_python_decorator.py took 0.301 seconds
[2023-12-20T06:11:25.989+0000] {processor.py:161} INFO - Started process (PID=507) to work on /home/airflow/.local/lib/python3.8/site-packages/airflow/example_dags/example_python_decorator.py
[2023-12-20T06:11:25.991+0000] {processor.py:830} INFO - Processing file /home/airflow/.local/lib/python3.8/site-packages/airflow/example_dags/example_python_decorator.py for tasks to queue
[2023-12-20T06:11:26.002+0000] {logging_mixin.py:188} INFO - [2023-12-20T06:11:26.002+0000] {dagbag.py:538} INFO - Filling up the DagBag from /home/airflow/.local/lib/python3.8/site-packages/airflow/example_dags/example_python_decorator.py
[2023-12-20T06:11:26.046+0000] {processor.py:840} INFO - DAG(s) 'example_python_decorator' retrieved from /home/airflow/.local/lib/python3.8/site-packages/airflow/example_dags/example_python_decorator.py
[2023-12-20T06:11:26.169+0000] {logging_mixin.py:188} INFO - [2023-12-20T06:11:26.169+0000] {dag.py:3033} INFO - Sync 1 DAGs
[2023-12-20T06:11:26.275+0000] {logging_mixin.py:188} INFO - [2023-12-20T06:11:26.274+0000] {dag.py:3820} INFO - Setting next_dagrun for example_python_decorator to None, run_after=None
[2023-12-20T06:11:26.476+0000] {processor.py:183} INFO - Processing /home/airflow/.local/lib/python3.8/site-packages/airflow/example_dags/example_python_decorator.py took 0.505 seconds
[2023-12-20T06:11:56.952+0000] {processor.py:161} INFO - Started process (PID=562) to work on /home/airflow/.local/lib/python3.8/site-packages/airflow/example_dags/example_python_decorator.py
[2023-12-20T06:11:56.988+0000] {processor.py:830} INFO - Processing file /home/airflow/.local/lib/python3.8/site-packages/airflow/example_dags/example_python_decorator.py for tasks to queue
[2023-12-20T06:11:56.992+0000] {logging_mixin.py:188} INFO - [2023-12-20T06:11:56.991+0000] {dagbag.py:538} INFO - Filling up the DagBag from /home/airflow/.local/lib/python3.8/site-packages/airflow/example_dags/example_python_decorator.py
[2023-12-20T06:11:57.092+0000] {processor.py:840} INFO - DAG(s) 'example_python_decorator' retrieved from /home/airflow/.local/lib/python3.8/site-packages/airflow/example_dags/example_python_decorator.py
[2023-12-20T06:11:57.221+0000] {logging_mixin.py:188} INFO - [2023-12-20T06:11:57.220+0000] {dag.py:3033} INFO - Sync 1 DAGs
[2023-12-20T06:11:57.288+0000] {logging_mixin.py:188} INFO - [2023-12-20T06:11:57.287+0000] {dag.py:3820} INFO - Setting next_dagrun for example_python_decorator to None, run_after=None
[2023-12-20T06:11:57.405+0000] {processor.py:183} INFO - Processing /home/airflow/.local/lib/python3.8/site-packages/airflow/example_dags/example_python_decorator.py took 0.467 seconds
[2023-12-20T06:12:32.559+0000] {processor.py:161} INFO - Started process (PID=623) to work on /home/airflow/.local/lib/python3.8/site-packages/airflow/example_dags/example_python_decorator.py
[2023-12-20T06:12:32.600+0000] {processor.py:830} INFO - Processing file /home/airflow/.local/lib/python3.8/site-packages/airflow/example_dags/example_python_decorator.py for tasks to queue
[2023-12-20T06:12:32.615+0000] {logging_mixin.py:188} INFO - [2023-12-20T06:12:32.614+0000] {dagbag.py:538} INFO - Filling up the DagBag from /home/airflow/.local/lib/python3.8/site-packages/airflow/example_dags/example_python_decorator.py
[2023-12-20T06:12:32.727+0000] {processor.py:840} INFO - DAG(s) 'example_python_decorator' retrieved from /home/airflow/.local/lib/python3.8/site-packages/airflow/example_dags/example_python_decorator.py
[2023-12-20T06:12:32.919+0000] {logging_mixin.py:188} INFO - [2023-12-20T06:12:32.919+0000] {dag.py:3033} INFO - Sync 1 DAGs
[2023-12-20T06:12:33.045+0000] {logging_mixin.py:188} INFO - [2023-12-20T06:12:33.045+0000] {dag.py:3820} INFO - Setting next_dagrun for example_python_decorator to None, run_after=None
[2023-12-20T06:12:33.211+0000] {processor.py:183} INFO - Processing /home/airflow/.local/lib/python3.8/site-packages/airflow/example_dags/example_python_decorator.py took 0.716 seconds
[2023-12-20T06:13:13.687+0000] {processor.py:161} INFO - Started process (PID=677) to work on /home/airflow/.local/lib/python3.8/site-packages/airflow/example_dags/example_python_decorator.py
[2023-12-20T06:13:13.715+0000] {processor.py:830} INFO - Processing file /home/airflow/.local/lib/python3.8/site-packages/airflow/example_dags/example_python_decorator.py for tasks to queue
[2023-12-20T06:13:13.731+0000] {logging_mixin.py:188} INFO - [2023-12-20T06:13:13.730+0000] {dagbag.py:538} INFO - Filling up the DagBag from /home/airflow/.local/lib/python3.8/site-packages/airflow/example_dags/example_python_decorator.py
[2023-12-20T06:13:13.883+0000] {processor.py:840} INFO - DAG(s) 'example_python_decorator' retrieved from /home/airflow/.local/lib/python3.8/site-packages/airflow/example_dags/example_python_decorator.py
[2023-12-20T06:13:14.197+0000] {logging_mixin.py:188} INFO - [2023-12-20T06:13:14.196+0000] {dag.py:3033} INFO - Sync 1 DAGs
[2023-12-20T06:13:14.351+0000] {logging_mixin.py:188} INFO - [2023-12-20T06:13:14.340+0000] {dag.py:3820} INFO - Setting next_dagrun for example_python_decorator to None, run_after=None
[2023-12-20T06:13:14.589+0000] {processor.py:183} INFO - Processing /home/airflow/.local/lib/python3.8/site-packages/airflow/example_dags/example_python_decorator.py took 0.937 seconds
[2023-12-20T06:13:54.107+0000] {processor.py:161} INFO - Started process (PID=730) to work on /home/airflow/.local/lib/python3.8/site-packages/airflow/example_dags/example_python_decorator.py
[2023-12-20T06:13:54.123+0000] {processor.py:830} INFO - Processing file /home/airflow/.local/lib/python3.8/site-packages/airflow/example_dags/example_python_decorator.py for tasks to queue
[2023-12-20T06:13:54.162+0000] {logging_mixin.py:188} INFO - [2023-12-20T06:13:54.161+0000] {dagbag.py:538} INFO - Filling up the DagBag from /home/airflow/.local/lib/python3.8/site-packages/airflow/example_dags/example_python_decorator.py
[2023-12-20T06:13:54.331+0000] {processor.py:840} INFO - DAG(s) 'example_python_decorator' retrieved from /home/airflow/.local/lib/python3.8/site-packages/airflow/example_dags/example_python_decorator.py
[2023-12-20T06:13:54.683+0000] {logging_mixin.py:188} INFO - [2023-12-20T06:13:54.682+0000] {dag.py:3033} INFO - Sync 1 DAGs
[2023-12-20T06:13:54.834+0000] {logging_mixin.py:188} INFO - [2023-12-20T06:13:54.833+0000] {dag.py:3820} INFO - Setting next_dagrun for example_python_decorator to None, run_after=None
[2023-12-20T06:13:55.185+0000] {processor.py:183} INFO - Processing /home/airflow/.local/lib/python3.8/site-packages/airflow/example_dags/example_python_decorator.py took 1.138 seconds
[2023-12-20T06:14:32.837+0000] {processor.py:161} INFO - Started process (PID=785) to work on /home/airflow/.local/lib/python3.8/site-packages/airflow/example_dags/example_python_decorator.py
[2023-12-20T06:14:32.901+0000] {processor.py:830} INFO - Processing file /home/airflow/.local/lib/python3.8/site-packages/airflow/example_dags/example_python_decorator.py for tasks to queue
[2023-12-20T06:14:32.907+0000] {logging_mixin.py:188} INFO - [2023-12-20T06:14:32.906+0000] {dagbag.py:538} INFO - Filling up the DagBag from /home/airflow/.local/lib/python3.8/site-packages/airflow/example_dags/example_python_decorator.py
[2023-12-20T06:14:33.023+0000] {processor.py:840} INFO - DAG(s) 'example_python_decorator' retrieved from /home/airflow/.local/lib/python3.8/site-packages/airflow/example_dags/example_python_decorator.py
[2023-12-20T06:14:33.320+0000] {logging_mixin.py:188} INFO - [2023-12-20T06:14:33.320+0000] {dag.py:3033} INFO - Sync 1 DAGs
[2023-12-20T06:14:33.613+0000] {logging_mixin.py:188} INFO - [2023-12-20T06:14:33.606+0000] {dag.py:3820} INFO - Setting next_dagrun for example_python_decorator to None, run_after=None
[2023-12-20T06:14:33.967+0000] {processor.py:183} INFO - Processing /home/airflow/.local/lib/python3.8/site-packages/airflow/example_dags/example_python_decorator.py took 1.169 seconds
[2023-12-20T06:15:05.357+0000] {processor.py:161} INFO - Started process (PID=846) to work on /home/airflow/.local/lib/python3.8/site-packages/airflow/example_dags/example_python_decorator.py
[2023-12-20T06:15:05.392+0000] {processor.py:830} INFO - Processing file /home/airflow/.local/lib/python3.8/site-packages/airflow/example_dags/example_python_decorator.py for tasks to queue
[2023-12-20T06:15:05.410+0000] {logging_mixin.py:188} INFO - [2023-12-20T06:15:05.409+0000] {dagbag.py:538} INFO - Filling up the DagBag from /home/airflow/.local/lib/python3.8/site-packages/airflow/example_dags/example_python_decorator.py
[2023-12-20T06:15:05.480+0000] {processor.py:840} INFO - DAG(s) 'example_python_decorator' retrieved from /home/airflow/.local/lib/python3.8/site-packages/airflow/example_dags/example_python_decorator.py
[2023-12-20T06:15:05.609+0000] {logging_mixin.py:188} INFO - [2023-12-20T06:15:05.609+0000] {dag.py:3033} INFO - Sync 1 DAGs
[2023-12-20T06:15:05.693+0000] {logging_mixin.py:188} INFO - [2023-12-20T06:15:05.693+0000] {dag.py:3820} INFO - Setting next_dagrun for example_python_decorator to None, run_after=None
[2023-12-20T06:15:05.924+0000] {processor.py:183} INFO - Processing /home/airflow/.local/lib/python3.8/site-packages/airflow/example_dags/example_python_decorator.py took 0.660 seconds
[2023-12-20T06:15:36.292+0000] {processor.py:161} INFO - Started process (PID=899) to work on /home/airflow/.local/lib/python3.8/site-packages/airflow/example_dags/example_python_decorator.py
[2023-12-20T06:15:36.303+0000] {processor.py:830} INFO - Processing file /home/airflow/.local/lib/python3.8/site-packages/airflow/example_dags/example_python_decorator.py for tasks to queue
[2023-12-20T06:15:36.318+0000] {logging_mixin.py:188} INFO - [2023-12-20T06:15:36.317+0000] {dagbag.py:538} INFO - Filling up the DagBag from /home/airflow/.local/lib/python3.8/site-packages/airflow/example_dags/example_python_decorator.py
[2023-12-20T06:15:36.393+0000] {processor.py:840} INFO - DAG(s) 'example_python_decorator' retrieved from /home/airflow/.local/lib/python3.8/site-packages/airflow/example_dags/example_python_decorator.py
[2023-12-20T06:15:36.518+0000] {logging_mixin.py:188} INFO - [2023-12-20T06:15:36.517+0000] {dag.py:3033} INFO - Sync 1 DAGs
[2023-12-20T06:15:36.580+0000] {logging_mixin.py:188} INFO - [2023-12-20T06:15:36.580+0000] {dag.py:3820} INFO - Setting next_dagrun for example_python_decorator to None, run_after=None
[2023-12-20T06:15:36.681+0000] {processor.py:183} INFO - Processing /home/airflow/.local/lib/python3.8/site-packages/airflow/example_dags/example_python_decorator.py took 0.395 seconds
[2023-12-20T06:16:10.200+0000] {processor.py:161} INFO - Started process (PID=955) to work on /home/airflow/.local/lib/python3.8/site-packages/airflow/example_dags/example_python_decorator.py
[2023-12-20T06:16:10.209+0000] {processor.py:830} INFO - Processing file /home/airflow/.local/lib/python3.8/site-packages/airflow/example_dags/example_python_decorator.py for tasks to queue
[2023-12-20T06:16:10.213+0000] {logging_mixin.py:188} INFO - [2023-12-20T06:16:10.213+0000] {dagbag.py:538} INFO - Filling up the DagBag from /home/airflow/.local/lib/python3.8/site-packages/airflow/example_dags/example_python_decorator.py
[2023-12-20T06:16:10.269+0000] {processor.py:840} INFO - DAG(s) 'example_python_decorator' retrieved from /home/airflow/.local/lib/python3.8/site-packages/airflow/example_dags/example_python_decorator.py
[2023-12-20T06:16:10.433+0000] {logging_mixin.py:188} INFO - [2023-12-20T06:16:10.427+0000] {dag.py:3033} INFO - Sync 1 DAGs
[2023-12-20T06:16:10.542+0000] {logging_mixin.py:188} INFO - [2023-12-20T06:16:10.541+0000] {dag.py:3820} INFO - Setting next_dagrun for example_python_decorator to None, run_after=None
[2023-12-20T06:16:10.645+0000] {processor.py:183} INFO - Processing /home/airflow/.local/lib/python3.8/site-packages/airflow/example_dags/example_python_decorator.py took 0.454 seconds
[2023-12-20T06:16:41.645+0000] {processor.py:161} INFO - Started process (PID=1010) to work on /home/airflow/.local/lib/python3.8/site-packages/airflow/example_dags/example_python_decorator.py
[2023-12-20T06:16:41.647+0000] {processor.py:830} INFO - Processing file /home/airflow/.local/lib/python3.8/site-packages/airflow/example_dags/example_python_decorator.py for tasks to queue
[2023-12-20T06:16:41.695+0000] {logging_mixin.py:188} INFO - [2023-12-20T06:16:41.694+0000] {dagbag.py:538} INFO - Filling up the DagBag from /home/airflow/.local/lib/python3.8/site-packages/airflow/example_dags/example_python_decorator.py
[2023-12-20T06:16:41.793+0000] {processor.py:840} INFO - DAG(s) 'example_python_decorator' retrieved from /home/airflow/.local/lib/python3.8/site-packages/airflow/example_dags/example_python_decorator.py
[2023-12-20T06:16:42.003+0000] {logging_mixin.py:188} INFO - [2023-12-20T06:16:42.003+0000] {dag.py:3033} INFO - Sync 1 DAGs
[2023-12-20T06:16:42.106+0000] {logging_mixin.py:188} INFO - [2023-12-20T06:16:42.106+0000] {dag.py:3820} INFO - Setting next_dagrun for example_python_decorator to None, run_after=None
[2023-12-20T06:16:42.233+0000] {processor.py:183} INFO - Processing /home/airflow/.local/lib/python3.8/site-packages/airflow/example_dags/example_python_decorator.py took 0.656 seconds
[2023-12-20T06:17:13.331+0000] {processor.py:161} INFO - Started process (PID=1065) to work on /home/airflow/.local/lib/python3.8/site-packages/airflow/example_dags/example_python_decorator.py
[2023-12-20T06:17:13.364+0000] {processor.py:830} INFO - Processing file /home/airflow/.local/lib/python3.8/site-packages/airflow/example_dags/example_python_decorator.py for tasks to queue
[2023-12-20T06:17:13.371+0000] {logging_mixin.py:188} INFO - [2023-12-20T06:17:13.371+0000] {dagbag.py:538} INFO - Filling up the DagBag from /home/airflow/.local/lib/python3.8/site-packages/airflow/example_dags/example_python_decorator.py
[2023-12-20T06:17:13.428+0000] {processor.py:840} INFO - DAG(s) 'example_python_decorator' retrieved from /home/airflow/.local/lib/python3.8/site-packages/airflow/example_dags/example_python_decorator.py
[2023-12-20T06:17:13.509+0000] {logging_mixin.py:188} INFO - [2023-12-20T06:17:13.509+0000] {dag.py:3033} INFO - Sync 1 DAGs
[2023-12-20T06:17:13.559+0000] {logging_mixin.py:188} INFO - [2023-12-20T06:17:13.559+0000] {dag.py:3820} INFO - Setting next_dagrun for example_python_decorator to None, run_after=None
[2023-12-20T06:17:13.688+0000] {processor.py:183} INFO - Processing /home/airflow/.local/lib/python3.8/site-packages/airflow/example_dags/example_python_decorator.py took 0.406 seconds
[2023-12-20T06:17:44.959+0000] {processor.py:161} INFO - Started process (PID=1121) to work on /home/airflow/.local/lib/python3.8/site-packages/airflow/example_dags/example_python_decorator.py
[2023-12-20T06:17:44.972+0000] {processor.py:830} INFO - Processing file /home/airflow/.local/lib/python3.8/site-packages/airflow/example_dags/example_python_decorator.py for tasks to queue
[2023-12-20T06:17:44.995+0000] {logging_mixin.py:188} INFO - [2023-12-20T06:17:44.994+0000] {dagbag.py:538} INFO - Filling up the DagBag from /home/airflow/.local/lib/python3.8/site-packages/airflow/example_dags/example_python_decorator.py
[2023-12-20T06:17:45.212+0000] {processor.py:840} INFO - DAG(s) 'example_python_decorator' retrieved from /home/airflow/.local/lib/python3.8/site-packages/airflow/example_dags/example_python_decorator.py
[2023-12-20T06:17:45.471+0000] {logging_mixin.py:188} INFO - [2023-12-20T06:17:45.471+0000] {dag.py:3033} INFO - Sync 1 DAGs
[2023-12-20T06:17:45.631+0000] {logging_mixin.py:188} INFO - [2023-12-20T06:17:45.630+0000] {dag.py:3820} INFO - Setting next_dagrun for example_python_decorator to None, run_after=None
[2023-12-20T06:17:45.746+0000] {processor.py:183} INFO - Processing /home/airflow/.local/lib/python3.8/site-packages/airflow/example_dags/example_python_decorator.py took 0.819 seconds
[2023-12-20T06:18:16.354+0000] {processor.py:161} INFO - Started process (PID=1176) to work on /home/airflow/.local/lib/python3.8/site-packages/airflow/example_dags/example_python_decorator.py
[2023-12-20T06:18:16.362+0000] {processor.py:830} INFO - Processing file /home/airflow/.local/lib/python3.8/site-packages/airflow/example_dags/example_python_decorator.py for tasks to queue
[2023-12-20T06:18:16.381+0000] {logging_mixin.py:188} INFO - [2023-12-20T06:18:16.374+0000] {dagbag.py:538} INFO - Filling up the DagBag from /home/airflow/.local/lib/python3.8/site-packages/airflow/example_dags/example_python_decorator.py
[2023-12-20T06:18:16.411+0000] {processor.py:840} INFO - DAG(s) 'example_python_decorator' retrieved from /home/airflow/.local/lib/python3.8/site-packages/airflow/example_dags/example_python_decorator.py
[2023-12-20T06:18:16.485+0000] {logging_mixin.py:188} INFO - [2023-12-20T06:18:16.476+0000] {dag.py:3033} INFO - Sync 1 DAGs
[2023-12-20T06:18:16.549+0000] {logging_mixin.py:188} INFO - [2023-12-20T06:18:16.548+0000] {dag.py:3820} INFO - Setting next_dagrun for example_python_decorator to None, run_after=None
[2023-12-20T06:18:16.602+0000] {processor.py:183} INFO - Processing /home/airflow/.local/lib/python3.8/site-packages/airflow/example_dags/example_python_decorator.py took 0.255 seconds
[2023-12-20T06:18:49.171+0000] {processor.py:161} INFO - Started process (PID=1228) to work on /home/airflow/.local/lib/python3.8/site-packages/airflow/example_dags/example_python_decorator.py
[2023-12-20T06:18:49.177+0000] {processor.py:830} INFO - Processing file /home/airflow/.local/lib/python3.8/site-packages/airflow/example_dags/example_python_decorator.py for tasks to queue
[2023-12-20T06:18:49.187+0000] {logging_mixin.py:188} INFO - [2023-12-20T06:18:49.186+0000] {dagbag.py:538} INFO - Filling up the DagBag from /home/airflow/.local/lib/python3.8/site-packages/airflow/example_dags/example_python_decorator.py
[2023-12-20T06:18:49.278+0000] {processor.py:840} INFO - DAG(s) 'example_python_decorator' retrieved from /home/airflow/.local/lib/python3.8/site-packages/airflow/example_dags/example_python_decorator.py
[2023-12-20T06:18:49.402+0000] {logging_mixin.py:188} INFO - [2023-12-20T06:18:49.401+0000] {dag.py:3033} INFO - Sync 1 DAGs
[2023-12-20T06:18:49.474+0000] {logging_mixin.py:188} INFO - [2023-12-20T06:18:49.473+0000] {dag.py:3820} INFO - Setting next_dagrun for example_python_decorator to None, run_after=None
[2023-12-20T06:18:49.609+0000] {processor.py:183} INFO - Processing /home/airflow/.local/lib/python3.8/site-packages/airflow/example_dags/example_python_decorator.py took 0.452 seconds
[2023-12-20T06:19:20.781+0000] {processor.py:161} INFO - Started process (PID=1284) to work on /home/airflow/.local/lib/python3.8/site-packages/airflow/example_dags/example_python_decorator.py
[2023-12-20T06:19:20.820+0000] {processor.py:830} INFO - Processing file /home/airflow/.local/lib/python3.8/site-packages/airflow/example_dags/example_python_decorator.py for tasks to queue
[2023-12-20T06:19:20.824+0000] {logging_mixin.py:188} INFO - [2023-12-20T06:19:20.824+0000] {dagbag.py:538} INFO - Filling up the DagBag from /home/airflow/.local/lib/python3.8/site-packages/airflow/example_dags/example_python_decorator.py
[2023-12-20T06:19:20.906+0000] {processor.py:840} INFO - DAG(s) 'example_python_decorator' retrieved from /home/airflow/.local/lib/python3.8/site-packages/airflow/example_dags/example_python_decorator.py
[2023-12-20T06:19:20.961+0000] {logging_mixin.py:188} INFO - [2023-12-20T06:19:20.960+0000] {dag.py:3033} INFO - Sync 1 DAGs
[2023-12-20T06:19:20.992+0000] {logging_mixin.py:188} INFO - [2023-12-20T06:19:20.992+0000] {dag.py:3820} INFO - Setting next_dagrun for example_python_decorator to None, run_after=None
[2023-12-20T06:19:21.109+0000] {processor.py:183} INFO - Processing /home/airflow/.local/lib/python3.8/site-packages/airflow/example_dags/example_python_decorator.py took 0.352 seconds
[2023-12-20T06:19:51.831+0000] {processor.py:161} INFO - Started process (PID=1339) to work on /home/airflow/.local/lib/python3.8/site-packages/airflow/example_dags/example_python_decorator.py
[2023-12-20T06:19:51.837+0000] {processor.py:830} INFO - Processing file /home/airflow/.local/lib/python3.8/site-packages/airflow/example_dags/example_python_decorator.py for tasks to queue
[2023-12-20T06:19:51.842+0000] {logging_mixin.py:188} INFO - [2023-12-20T06:19:51.842+0000] {dagbag.py:538} INFO - Filling up the DagBag from /home/airflow/.local/lib/python3.8/site-packages/airflow/example_dags/example_python_decorator.py
[2023-12-20T06:19:51.890+0000] {processor.py:840} INFO - DAG(s) 'example_python_decorator' retrieved from /home/airflow/.local/lib/python3.8/site-packages/airflow/example_dags/example_python_decorator.py
[2023-12-20T06:19:52.042+0000] {logging_mixin.py:188} INFO - [2023-12-20T06:19:52.032+0000] {dag.py:3033} INFO - Sync 1 DAGs
[2023-12-20T06:19:52.167+0000] {logging_mixin.py:188} INFO - [2023-12-20T06:19:52.164+0000] {dag.py:3820} INFO - Setting next_dagrun for example_python_decorator to None, run_after=None
[2023-12-20T06:19:52.351+0000] {processor.py:183} INFO - Processing /home/airflow/.local/lib/python3.8/site-packages/airflow/example_dags/example_python_decorator.py took 0.526 seconds
[2023-12-20T06:20:22.473+0000] {processor.py:161} INFO - Started process (PID=1394) to work on /home/airflow/.local/lib/python3.8/site-packages/airflow/example_dags/example_python_decorator.py
[2023-12-20T06:20:22.527+0000] {processor.py:830} INFO - Processing file /home/airflow/.local/lib/python3.8/site-packages/airflow/example_dags/example_python_decorator.py for tasks to queue
[2023-12-20T06:20:22.539+0000] {logging_mixin.py:188} INFO - [2023-12-20T06:20:22.538+0000] {dagbag.py:538} INFO - Filling up the DagBag from /home/airflow/.local/lib/python3.8/site-packages/airflow/example_dags/example_python_decorator.py
[2023-12-20T06:20:22.602+0000] {processor.py:840} INFO - DAG(s) 'example_python_decorator' retrieved from /home/airflow/.local/lib/python3.8/site-packages/airflow/example_dags/example_python_decorator.py
[2023-12-20T06:20:22.684+0000] {logging_mixin.py:188} INFO - [2023-12-20T06:20:22.683+0000] {dag.py:3033} INFO - Sync 1 DAGs
[2023-12-20T06:20:22.757+0000] {logging_mixin.py:188} INFO - [2023-12-20T06:20:22.757+0000] {dag.py:3820} INFO - Setting next_dagrun for example_python_decorator to None, run_after=None
[2023-12-20T06:20:23.025+0000] {processor.py:183} INFO - Processing /home/airflow/.local/lib/python3.8/site-packages/airflow/example_dags/example_python_decorator.py took 0.571 seconds
[2023-12-20T06:20:53.204+0000] {processor.py:161} INFO - Started process (PID=1448) to work on /home/airflow/.local/lib/python3.8/site-packages/airflow/example_dags/example_python_decorator.py
[2023-12-20T06:20:53.205+0000] {processor.py:830} INFO - Processing file /home/airflow/.local/lib/python3.8/site-packages/airflow/example_dags/example_python_decorator.py for tasks to queue
[2023-12-20T06:20:53.215+0000] {logging_mixin.py:188} INFO - [2023-12-20T06:20:53.214+0000] {dagbag.py:538} INFO - Filling up the DagBag from /home/airflow/.local/lib/python3.8/site-packages/airflow/example_dags/example_python_decorator.py
[2023-12-20T06:20:53.252+0000] {processor.py:840} INFO - DAG(s) 'example_python_decorator' retrieved from /home/airflow/.local/lib/python3.8/site-packages/airflow/example_dags/example_python_decorator.py
[2023-12-20T06:20:53.327+0000] {logging_mixin.py:188} INFO - [2023-12-20T06:20:53.326+0000] {dag.py:3033} INFO - Sync 1 DAGs
[2023-12-20T06:20:53.358+0000] {logging_mixin.py:188} INFO - [2023-12-20T06:20:53.358+0000] {dag.py:3820} INFO - Setting next_dagrun for example_python_decorator to None, run_after=None
[2023-12-20T06:20:53.439+0000] {processor.py:183} INFO - Processing /home/airflow/.local/lib/python3.8/site-packages/airflow/example_dags/example_python_decorator.py took 0.249 seconds
[2023-12-20T06:21:25.044+0000] {processor.py:161} INFO - Started process (PID=1502) to work on /home/airflow/.local/lib/python3.8/site-packages/airflow/example_dags/example_python_decorator.py
[2023-12-20T06:21:25.088+0000] {processor.py:830} INFO - Processing file /home/airflow/.local/lib/python3.8/site-packages/airflow/example_dags/example_python_decorator.py for tasks to queue
[2023-12-20T06:21:25.094+0000] {logging_mixin.py:188} INFO - [2023-12-20T06:21:25.093+0000] {dagbag.py:538} INFO - Filling up the DagBag from /home/airflow/.local/lib/python3.8/site-packages/airflow/example_dags/example_python_decorator.py
[2023-12-20T06:21:25.170+0000] {processor.py:840} INFO - DAG(s) 'example_python_decorator' retrieved from /home/airflow/.local/lib/python3.8/site-packages/airflow/example_dags/example_python_decorator.py
[2023-12-20T06:21:25.319+0000] {logging_mixin.py:188} INFO - [2023-12-20T06:21:25.319+0000] {dag.py:3033} INFO - Sync 1 DAGs
[2023-12-20T06:21:25.354+0000] {logging_mixin.py:188} INFO - [2023-12-20T06:21:25.353+0000] {dag.py:3820} INFO - Setting next_dagrun for example_python_decorator to None, run_after=None
[2023-12-20T06:21:25.417+0000] {processor.py:183} INFO - Processing /home/airflow/.local/lib/python3.8/site-packages/airflow/example_dags/example_python_decorator.py took 0.385 seconds
[2023-12-20T06:21:56.002+0000] {processor.py:161} INFO - Started process (PID=1559) to work on /home/airflow/.local/lib/python3.8/site-packages/airflow/example_dags/example_python_decorator.py
[2023-12-20T06:21:56.036+0000] {processor.py:830} INFO - Processing file /home/airflow/.local/lib/python3.8/site-packages/airflow/example_dags/example_python_decorator.py for tasks to queue
[2023-12-20T06:21:56.045+0000] {logging_mixin.py:188} INFO - [2023-12-20T06:21:56.040+0000] {dagbag.py:538} INFO - Filling up the DagBag from /home/airflow/.local/lib/python3.8/site-packages/airflow/example_dags/example_python_decorator.py
[2023-12-20T06:21:56.094+0000] {processor.py:840} INFO - DAG(s) 'example_python_decorator' retrieved from /home/airflow/.local/lib/python3.8/site-packages/airflow/example_dags/example_python_decorator.py
[2023-12-20T06:21:56.164+0000] {logging_mixin.py:188} INFO - [2023-12-20T06:21:56.163+0000] {dag.py:3033} INFO - Sync 1 DAGs
[2023-12-20T06:21:56.206+0000] {logging_mixin.py:188} INFO - [2023-12-20T06:21:56.206+0000] {dag.py:3820} INFO - Setting next_dagrun for example_python_decorator to None, run_after=None
[2023-12-20T06:21:56.313+0000] {processor.py:183} INFO - Processing /home/airflow/.local/lib/python3.8/site-packages/airflow/example_dags/example_python_decorator.py took 0.325 seconds
[2023-12-20T06:22:27.947+0000] {processor.py:161} INFO - Started process (PID=1614) to work on /home/airflow/.local/lib/python3.8/site-packages/airflow/example_dags/example_python_decorator.py
[2023-12-20T06:22:27.951+0000] {processor.py:830} INFO - Processing file /home/airflow/.local/lib/python3.8/site-packages/airflow/example_dags/example_python_decorator.py for tasks to queue
[2023-12-20T06:22:27.953+0000] {logging_mixin.py:188} INFO - [2023-12-20T06:22:27.953+0000] {dagbag.py:538} INFO - Filling up the DagBag from /home/airflow/.local/lib/python3.8/site-packages/airflow/example_dags/example_python_decorator.py
[2023-12-20T06:22:28.011+0000] {processor.py:840} INFO - DAG(s) 'example_python_decorator' retrieved from /home/airflow/.local/lib/python3.8/site-packages/airflow/example_dags/example_python_decorator.py
[2023-12-20T06:22:28.087+0000] {logging_mixin.py:188} INFO - [2023-12-20T06:22:28.087+0000] {dag.py:3033} INFO - Sync 1 DAGs
[2023-12-20T06:22:28.135+0000] {logging_mixin.py:188} INFO - [2023-12-20T06:22:28.134+0000] {dag.py:3820} INFO - Setting next_dagrun for example_python_decorator to None, run_after=None
[2023-12-20T06:22:28.255+0000] {processor.py:183} INFO - Processing /home/airflow/.local/lib/python3.8/site-packages/airflow/example_dags/example_python_decorator.py took 0.316 seconds
[2023-12-20T06:22:58.785+0000] {processor.py:161} INFO - Started process (PID=1667) to work on /home/airflow/.local/lib/python3.8/site-packages/airflow/example_dags/example_python_decorator.py
[2023-12-20T06:22:58.821+0000] {processor.py:830} INFO - Processing file /home/airflow/.local/lib/python3.8/site-packages/airflow/example_dags/example_python_decorator.py for tasks to queue
[2023-12-20T06:22:58.823+0000] {logging_mixin.py:188} INFO - [2023-12-20T06:22:58.823+0000] {dagbag.py:538} INFO - Filling up the DagBag from /home/airflow/.local/lib/python3.8/site-packages/airflow/example_dags/example_python_decorator.py
[2023-12-20T06:22:58.874+0000] {processor.py:840} INFO - DAG(s) 'example_python_decorator' retrieved from /home/airflow/.local/lib/python3.8/site-packages/airflow/example_dags/example_python_decorator.py
[2023-12-20T06:22:58.979+0000] {logging_mixin.py:188} INFO - [2023-12-20T06:22:58.979+0000] {dag.py:3033} INFO - Sync 1 DAGs
[2023-12-20T06:22:59.057+0000] {logging_mixin.py:188} INFO - [2023-12-20T06:22:59.057+0000] {dag.py:3820} INFO - Setting next_dagrun for example_python_decorator to None, run_after=None
[2023-12-20T06:22:59.144+0000] {processor.py:183} INFO - Processing /home/airflow/.local/lib/python3.8/site-packages/airflow/example_dags/example_python_decorator.py took 0.374 seconds
[2023-12-20T06:23:29.202+0000] {processor.py:161} INFO - Started process (PID=1722) to work on /home/airflow/.local/lib/python3.8/site-packages/airflow/example_dags/example_python_decorator.py
[2023-12-20T06:23:29.203+0000] {processor.py:830} INFO - Processing file /home/airflow/.local/lib/python3.8/site-packages/airflow/example_dags/example_python_decorator.py for tasks to queue
[2023-12-20T06:23:29.206+0000] {logging_mixin.py:188} INFO - [2023-12-20T06:23:29.205+0000] {dagbag.py:538} INFO - Filling up the DagBag from /home/airflow/.local/lib/python3.8/site-packages/airflow/example_dags/example_python_decorator.py
[2023-12-20T06:23:29.232+0000] {processor.py:840} INFO - DAG(s) 'example_python_decorator' retrieved from /home/airflow/.local/lib/python3.8/site-packages/airflow/example_dags/example_python_decorator.py
[2023-12-20T06:23:29.299+0000] {logging_mixin.py:188} INFO - [2023-12-20T06:23:29.299+0000] {dag.py:3033} INFO - Sync 1 DAGs
[2023-12-20T06:23:29.331+0000] {logging_mixin.py:188} INFO - [2023-12-20T06:23:29.330+0000] {dag.py:3820} INFO - Setting next_dagrun for example_python_decorator to None, run_after=None
[2023-12-20T06:23:29.422+0000] {processor.py:183} INFO - Processing /home/airflow/.local/lib/python3.8/site-packages/airflow/example_dags/example_python_decorator.py took 0.233 seconds
[2023-12-20T06:24:00.378+0000] {processor.py:161} INFO - Started process (PID=1776) to work on /home/airflow/.local/lib/python3.8/site-packages/airflow/example_dags/example_python_decorator.py
[2023-12-20T06:24:00.412+0000] {processor.py:830} INFO - Processing file /home/airflow/.local/lib/python3.8/site-packages/airflow/example_dags/example_python_decorator.py for tasks to queue
[2023-12-20T06:24:00.418+0000] {logging_mixin.py:188} INFO - [2023-12-20T06:24:00.417+0000] {dagbag.py:538} INFO - Filling up the DagBag from /home/airflow/.local/lib/python3.8/site-packages/airflow/example_dags/example_python_decorator.py
[2023-12-20T06:24:00.506+0000] {processor.py:840} INFO - DAG(s) 'example_python_decorator' retrieved from /home/airflow/.local/lib/python3.8/site-packages/airflow/example_dags/example_python_decorator.py
[2023-12-20T06:24:00.718+0000] {logging_mixin.py:188} INFO - [2023-12-20T06:24:00.718+0000] {dag.py:3033} INFO - Sync 1 DAGs
[2023-12-20T06:24:00.882+0000] {logging_mixin.py:188} INFO - [2023-12-20T06:24:00.881+0000] {dag.py:3820} INFO - Setting next_dagrun for example_python_decorator to None, run_after=None
[2023-12-20T06:24:01.171+0000] {processor.py:183} INFO - Processing /home/airflow/.local/lib/python3.8/site-packages/airflow/example_dags/example_python_decorator.py took 0.824 seconds
[2023-12-20T06:24:31.707+0000] {processor.py:161} INFO - Started process (PID=1831) to work on /home/airflow/.local/lib/python3.8/site-packages/airflow/example_dags/example_python_decorator.py
[2023-12-20T06:24:31.708+0000] {processor.py:830} INFO - Processing file /home/airflow/.local/lib/python3.8/site-packages/airflow/example_dags/example_python_decorator.py for tasks to queue
[2023-12-20T06:24:31.710+0000] {logging_mixin.py:188} INFO - [2023-12-20T06:24:31.710+0000] {dagbag.py:538} INFO - Filling up the DagBag from /home/airflow/.local/lib/python3.8/site-packages/airflow/example_dags/example_python_decorator.py
[2023-12-20T06:24:31.736+0000] {processor.py:840} INFO - DAG(s) 'example_python_decorator' retrieved from /home/airflow/.local/lib/python3.8/site-packages/airflow/example_dags/example_python_decorator.py
[2023-12-20T06:24:31.822+0000] {logging_mixin.py:188} INFO - [2023-12-20T06:24:31.821+0000] {dag.py:3033} INFO - Sync 1 DAGs
[2023-12-20T06:24:31.882+0000] {logging_mixin.py:188} INFO - [2023-12-20T06:24:31.882+0000] {dag.py:3820} INFO - Setting next_dagrun for example_python_decorator to None, run_after=None
[2023-12-20T06:24:31.980+0000] {processor.py:183} INFO - Processing /home/airflow/.local/lib/python3.8/site-packages/airflow/example_dags/example_python_decorator.py took 0.280 seconds
[2023-12-20T06:25:02.146+0000] {processor.py:161} INFO - Started process (PID=1885) to work on /home/airflow/.local/lib/python3.8/site-packages/airflow/example_dags/example_python_decorator.py
[2023-12-20T06:25:02.185+0000] {processor.py:830} INFO - Processing file /home/airflow/.local/lib/python3.8/site-packages/airflow/example_dags/example_python_decorator.py for tasks to queue
[2023-12-20T06:25:02.188+0000] {logging_mixin.py:188} INFO - [2023-12-20T06:25:02.187+0000] {dagbag.py:538} INFO - Filling up the DagBag from /home/airflow/.local/lib/python3.8/site-packages/airflow/example_dags/example_python_decorator.py
[2023-12-20T06:25:02.215+0000] {processor.py:840} INFO - DAG(s) 'example_python_decorator' retrieved from /home/airflow/.local/lib/python3.8/site-packages/airflow/example_dags/example_python_decorator.py
[2023-12-20T06:25:02.285+0000] {logging_mixin.py:188} INFO - [2023-12-20T06:25:02.284+0000] {dag.py:3033} INFO - Sync 1 DAGs
[2023-12-20T06:25:02.322+0000] {logging_mixin.py:188} INFO - [2023-12-20T06:25:02.322+0000] {dag.py:3820} INFO - Setting next_dagrun for example_python_decorator to None, run_after=None
[2023-12-20T06:25:02.437+0000] {processor.py:183} INFO - Processing /home/airflow/.local/lib/python3.8/site-packages/airflow/example_dags/example_python_decorator.py took 0.300 seconds
[2023-12-20T06:25:33.783+0000] {processor.py:161} INFO - Started process (PID=1940) to work on /home/airflow/.local/lib/python3.8/site-packages/airflow/example_dags/example_python_decorator.py
[2023-12-20T06:25:33.825+0000] {processor.py:830} INFO - Processing file /home/airflow/.local/lib/python3.8/site-packages/airflow/example_dags/example_python_decorator.py for tasks to queue
[2023-12-20T06:25:33.827+0000] {logging_mixin.py:188} INFO - [2023-12-20T06:25:33.826+0000] {dagbag.py:538} INFO - Filling up the DagBag from /home/airflow/.local/lib/python3.8/site-packages/airflow/example_dags/example_python_decorator.py
[2023-12-20T06:25:33.910+0000] {processor.py:840} INFO - DAG(s) 'example_python_decorator' retrieved from /home/airflow/.local/lib/python3.8/site-packages/airflow/example_dags/example_python_decorator.py
[2023-12-20T06:25:34.018+0000] {logging_mixin.py:188} INFO - [2023-12-20T06:25:34.018+0000] {dag.py:3033} INFO - Sync 1 DAGs
[2023-12-20T06:25:34.153+0000] {logging_mixin.py:188} INFO - [2023-12-20T06:25:34.152+0000] {dag.py:3820} INFO - Setting next_dagrun for example_python_decorator to None, run_after=None
[2023-12-20T06:25:34.431+0000] {processor.py:183} INFO - Processing /home/airflow/.local/lib/python3.8/site-packages/airflow/example_dags/example_python_decorator.py took 0.677 seconds
[2023-12-20T06:26:04.560+0000] {processor.py:161} INFO - Started process (PID=1995) to work on /home/airflow/.local/lib/python3.8/site-packages/airflow/example_dags/example_python_decorator.py
[2023-12-20T06:26:04.561+0000] {processor.py:830} INFO - Processing file /home/airflow/.local/lib/python3.8/site-packages/airflow/example_dags/example_python_decorator.py for tasks to queue
[2023-12-20T06:26:04.563+0000] {logging_mixin.py:188} INFO - [2023-12-20T06:26:04.563+0000] {dagbag.py:538} INFO - Filling up the DagBag from /home/airflow/.local/lib/python3.8/site-packages/airflow/example_dags/example_python_decorator.py
[2023-12-20T06:26:04.588+0000] {processor.py:840} INFO - DAG(s) 'example_python_decorator' retrieved from /home/airflow/.local/lib/python3.8/site-packages/airflow/example_dags/example_python_decorator.py
[2023-12-20T06:26:04.670+0000] {logging_mixin.py:188} INFO - [2023-12-20T06:26:04.669+0000] {dag.py:3033} INFO - Sync 1 DAGs
[2023-12-20T06:26:04.702+0000] {logging_mixin.py:188} INFO - [2023-12-20T06:26:04.701+0000] {dag.py:3820} INFO - Setting next_dagrun for example_python_decorator to None, run_after=None
[2023-12-20T06:26:04.760+0000] {processor.py:183} INFO - Processing /home/airflow/.local/lib/python3.8/site-packages/airflow/example_dags/example_python_decorator.py took 0.208 seconds
[2023-12-20T06:26:35.580+0000] {processor.py:161} INFO - Started process (PID=2050) to work on /home/airflow/.local/lib/python3.8/site-packages/airflow/example_dags/example_python_decorator.py
[2023-12-20T06:26:35.589+0000] {processor.py:830} INFO - Processing file /home/airflow/.local/lib/python3.8/site-packages/airflow/example_dags/example_python_decorator.py for tasks to queue
[2023-12-20T06:26:35.600+0000] {logging_mixin.py:188} INFO - [2023-12-20T06:26:35.595+0000] {dagbag.py:538} INFO - Filling up the DagBag from /home/airflow/.local/lib/python3.8/site-packages/airflow/example_dags/example_python_decorator.py
[2023-12-20T06:26:35.694+0000] {processor.py:840} INFO - DAG(s) 'example_python_decorator' retrieved from /home/airflow/.local/lib/python3.8/site-packages/airflow/example_dags/example_python_decorator.py
[2023-12-20T06:26:35.773+0000] {logging_mixin.py:188} INFO - [2023-12-20T06:26:35.772+0000] {dag.py:3033} INFO - Sync 1 DAGs
[2023-12-20T06:26:35.807+0000] {logging_mixin.py:188} INFO - [2023-12-20T06:26:35.806+0000] {dag.py:3820} INFO - Setting next_dagrun for example_python_decorator to None, run_after=None
[2023-12-20T06:26:35.861+0000] {processor.py:183} INFO - Processing /home/airflow/.local/lib/python3.8/site-packages/airflow/example_dags/example_python_decorator.py took 0.291 seconds
[2023-12-20T06:27:17.387+0000] {processor.py:161} INFO - Started process (PID=2117) to work on /home/airflow/.local/lib/python3.8/site-packages/airflow/example_dags/example_python_decorator.py
[2023-12-20T06:27:17.394+0000] {processor.py:830} INFO - Processing file /home/airflow/.local/lib/python3.8/site-packages/airflow/example_dags/example_python_decorator.py for tasks to queue
[2023-12-20T06:27:17.396+0000] {logging_mixin.py:188} INFO - [2023-12-20T06:27:17.395+0000] {dagbag.py:538} INFO - Filling up the DagBag from /home/airflow/.local/lib/python3.8/site-packages/airflow/example_dags/example_python_decorator.py
[2023-12-20T06:27:17.564+0000] {processor.py:840} INFO - DAG(s) 'example_python_decorator' retrieved from /home/airflow/.local/lib/python3.8/site-packages/airflow/example_dags/example_python_decorator.py
[2023-12-20T06:27:17.825+0000] {logging_mixin.py:188} INFO - [2023-12-20T06:27:17.822+0000] {dag.py:3033} INFO - Sync 1 DAGs
[2023-12-20T06:27:18.060+0000] {logging_mixin.py:188} INFO - [2023-12-20T06:27:18.059+0000] {dag.py:3820} INFO - Setting next_dagrun for example_python_decorator to None, run_after=None
[2023-12-20T06:27:18.439+0000] {processor.py:183} INFO - Processing /home/airflow/.local/lib/python3.8/site-packages/airflow/example_dags/example_python_decorator.py took 1.092 seconds
[2023-12-20T06:27:48.905+0000] {processor.py:161} INFO - Started process (PID=2174) to work on /home/airflow/.local/lib/python3.8/site-packages/airflow/example_dags/example_python_decorator.py
[2023-12-20T06:27:48.944+0000] {processor.py:830} INFO - Processing file /home/airflow/.local/lib/python3.8/site-packages/airflow/example_dags/example_python_decorator.py for tasks to queue
[2023-12-20T06:27:48.946+0000] {logging_mixin.py:188} INFO - [2023-12-20T06:27:48.945+0000] {dagbag.py:538} INFO - Filling up the DagBag from /home/airflow/.local/lib/python3.8/site-packages/airflow/example_dags/example_python_decorator.py
[2023-12-20T06:27:48.999+0000] {processor.py:840} INFO - DAG(s) 'example_python_decorator' retrieved from /home/airflow/.local/lib/python3.8/site-packages/airflow/example_dags/example_python_decorator.py
[2023-12-20T06:27:49.058+0000] {logging_mixin.py:188} INFO - [2023-12-20T06:27:49.058+0000] {dag.py:3033} INFO - Sync 1 DAGs
[2023-12-20T06:27:49.100+0000] {logging_mixin.py:188} INFO - [2023-12-20T06:27:49.100+0000] {dag.py:3820} INFO - Setting next_dagrun for example_python_decorator to None, run_after=None
[2023-12-20T06:27:49.467+0000] {processor.py:183} INFO - Processing /home/airflow/.local/lib/python3.8/site-packages/airflow/example_dags/example_python_decorator.py took 0.569 seconds
[2023-12-20T06:28:20.451+0000] {processor.py:161} INFO - Started process (PID=2231) to work on /home/airflow/.local/lib/python3.8/site-packages/airflow/example_dags/example_python_decorator.py
[2023-12-20T06:28:20.476+0000] {processor.py:830} INFO - Processing file /home/airflow/.local/lib/python3.8/site-packages/airflow/example_dags/example_python_decorator.py for tasks to queue
[2023-12-20T06:28:20.478+0000] {logging_mixin.py:188} INFO - [2023-12-20T06:28:20.477+0000] {dagbag.py:538} INFO - Filling up the DagBag from /home/airflow/.local/lib/python3.8/site-packages/airflow/example_dags/example_python_decorator.py
[2023-12-20T06:28:20.529+0000] {processor.py:840} INFO - DAG(s) 'example_python_decorator' retrieved from /home/airflow/.local/lib/python3.8/site-packages/airflow/example_dags/example_python_decorator.py
[2023-12-20T06:28:20.643+0000] {logging_mixin.py:188} INFO - [2023-12-20T06:28:20.642+0000] {dag.py:3033} INFO - Sync 1 DAGs
[2023-12-20T06:28:20.723+0000] {logging_mixin.py:188} INFO - [2023-12-20T06:28:20.723+0000] {dag.py:3820} INFO - Setting next_dagrun for example_python_decorator to None, run_after=None
[2023-12-20T06:28:20.895+0000] {processor.py:183} INFO - Processing /home/airflow/.local/lib/python3.8/site-packages/airflow/example_dags/example_python_decorator.py took 0.458 seconds
[2023-12-20T06:28:51.076+0000] {processor.py:161} INFO - Started process (PID=2288) to work on /home/airflow/.local/lib/python3.8/site-packages/airflow/example_dags/example_python_decorator.py
[2023-12-20T06:28:51.132+0000] {processor.py:830} INFO - Processing file /home/airflow/.local/lib/python3.8/site-packages/airflow/example_dags/example_python_decorator.py for tasks to queue
[2023-12-20T06:28:51.133+0000] {logging_mixin.py:188} INFO - [2023-12-20T06:28:51.133+0000] {dagbag.py:538} INFO - Filling up the DagBag from /home/airflow/.local/lib/python3.8/site-packages/airflow/example_dags/example_python_decorator.py
[2023-12-20T06:28:51.211+0000] {processor.py:840} INFO - DAG(s) 'example_python_decorator' retrieved from /home/airflow/.local/lib/python3.8/site-packages/airflow/example_dags/example_python_decorator.py
[2023-12-20T06:28:51.366+0000] {logging_mixin.py:188} INFO - [2023-12-20T06:28:51.365+0000] {dag.py:3033} INFO - Sync 1 DAGs
[2023-12-20T06:28:51.476+0000] {logging_mixin.py:188} INFO - [2023-12-20T06:28:51.475+0000] {dag.py:3820} INFO - Setting next_dagrun for example_python_decorator to None, run_after=None
[2023-12-20T06:28:51.746+0000] {processor.py:183} INFO - Processing /home/airflow/.local/lib/python3.8/site-packages/airflow/example_dags/example_python_decorator.py took 0.687 seconds
[2023-12-20T06:29:22.303+0000] {processor.py:161} INFO - Started process (PID=2345) to work on /home/airflow/.local/lib/python3.8/site-packages/airflow/example_dags/example_python_decorator.py
[2023-12-20T06:29:22.306+0000] {processor.py:830} INFO - Processing file /home/airflow/.local/lib/python3.8/site-packages/airflow/example_dags/example_python_decorator.py for tasks to queue
[2023-12-20T06:29:22.309+0000] {logging_mixin.py:188} INFO - [2023-12-20T06:29:22.308+0000] {dagbag.py:538} INFO - Filling up the DagBag from /home/airflow/.local/lib/python3.8/site-packages/airflow/example_dags/example_python_decorator.py
[2023-12-20T06:29:22.334+0000] {processor.py:840} INFO - DAG(s) 'example_python_decorator' retrieved from /home/airflow/.local/lib/python3.8/site-packages/airflow/example_dags/example_python_decorator.py
[2023-12-20T06:29:22.390+0000] {logging_mixin.py:188} INFO - [2023-12-20T06:29:22.390+0000] {dag.py:3033} INFO - Sync 1 DAGs
[2023-12-20T06:29:22.432+0000] {logging_mixin.py:188} INFO - [2023-12-20T06:29:22.431+0000] {dag.py:3820} INFO - Setting next_dagrun for example_python_decorator to None, run_after=None
[2023-12-20T06:29:22.525+0000] {processor.py:183} INFO - Processing /home/airflow/.local/lib/python3.8/site-packages/airflow/example_dags/example_python_decorator.py took 0.229 seconds
[2023-12-20T06:29:52.646+0000] {processor.py:161} INFO - Started process (PID=2402) to work on /home/airflow/.local/lib/python3.8/site-packages/airflow/example_dags/example_python_decorator.py
[2023-12-20T06:29:52.648+0000] {processor.py:830} INFO - Processing file /home/airflow/.local/lib/python3.8/site-packages/airflow/example_dags/example_python_decorator.py for tasks to queue
[2023-12-20T06:29:52.650+0000] {logging_mixin.py:188} INFO - [2023-12-20T06:29:52.650+0000] {dagbag.py:538} INFO - Filling up the DagBag from /home/airflow/.local/lib/python3.8/site-packages/airflow/example_dags/example_python_decorator.py
[2023-12-20T06:29:52.675+0000] {processor.py:840} INFO - DAG(s) 'example_python_decorator' retrieved from /home/airflow/.local/lib/python3.8/site-packages/airflow/example_dags/example_python_decorator.py
[2023-12-20T06:29:52.741+0000] {logging_mixin.py:188} INFO - [2023-12-20T06:29:52.740+0000] {dag.py:3033} INFO - Sync 1 DAGs
[2023-12-20T06:29:53.318+0000] {logging_mixin.py:188} INFO - [2023-12-20T06:29:53.318+0000] {dag.py:3820} INFO - Setting next_dagrun for example_python_decorator to None, run_after=None
[2023-12-20T06:29:53.376+0000] {processor.py:183} INFO - Processing /home/airflow/.local/lib/python3.8/site-packages/airflow/example_dags/example_python_decorator.py took 0.738 seconds
[2023-12-20T06:30:26.782+0000] {processor.py:161} INFO - Started process (PID=2455) to work on /home/airflow/.local/lib/python3.8/site-packages/airflow/example_dags/example_python_decorator.py
[2023-12-20T06:30:26.789+0000] {processor.py:830} INFO - Processing file /home/airflow/.local/lib/python3.8/site-packages/airflow/example_dags/example_python_decorator.py for tasks to queue
[2023-12-20T06:30:26.791+0000] {logging_mixin.py:188} INFO - [2023-12-20T06:30:26.791+0000] {dagbag.py:538} INFO - Filling up the DagBag from /home/airflow/.local/lib/python3.8/site-packages/airflow/example_dags/example_python_decorator.py
[2023-12-20T06:30:26.860+0000] {processor.py:840} INFO - DAG(s) 'example_python_decorator' retrieved from /home/airflow/.local/lib/python3.8/site-packages/airflow/example_dags/example_python_decorator.py
[2023-12-20T06:30:27.000+0000] {logging_mixin.py:188} INFO - [2023-12-20T06:30:26.994+0000] {dag.py:3033} INFO - Sync 1 DAGs
[2023-12-20T06:30:27.099+0000] {logging_mixin.py:188} INFO - [2023-12-20T06:30:27.099+0000] {dag.py:3820} INFO - Setting next_dagrun for example_python_decorator to None, run_after=None
[2023-12-20T06:30:27.221+0000] {processor.py:183} INFO - Processing /home/airflow/.local/lib/python3.8/site-packages/airflow/example_dags/example_python_decorator.py took 0.463 seconds
[2023-12-20T06:30:57.661+0000] {processor.py:161} INFO - Started process (PID=2510) to work on /home/airflow/.local/lib/python3.8/site-packages/airflow/example_dags/example_python_decorator.py
[2023-12-20T06:30:57.666+0000] {processor.py:830} INFO - Processing file /home/airflow/.local/lib/python3.8/site-packages/airflow/example_dags/example_python_decorator.py for tasks to queue
[2023-12-20T06:30:57.673+0000] {logging_mixin.py:188} INFO - [2023-12-20T06:30:57.668+0000] {dagbag.py:538} INFO - Filling up the DagBag from /home/airflow/.local/lib/python3.8/site-packages/airflow/example_dags/example_python_decorator.py
[2023-12-20T06:30:57.847+0000] {processor.py:840} INFO - DAG(s) 'example_python_decorator' retrieved from /home/airflow/.local/lib/python3.8/site-packages/airflow/example_dags/example_python_decorator.py
[2023-12-20T06:30:58.277+0000] {logging_mixin.py:188} INFO - [2023-12-20T06:30:58.277+0000] {dag.py:3033} INFO - Sync 1 DAGs
[2023-12-20T06:30:58.461+0000] {logging_mixin.py:188} INFO - [2023-12-20T06:30:58.461+0000] {dag.py:3820} INFO - Setting next_dagrun for example_python_decorator to None, run_after=None
[2023-12-20T06:30:58.684+0000] {processor.py:183} INFO - Processing /home/airflow/.local/lib/python3.8/site-packages/airflow/example_dags/example_python_decorator.py took 1.086 seconds
[2023-12-20T06:31:34.890+0000] {processor.py:161} INFO - Started process (PID=2567) to work on /home/airflow/.local/lib/python3.8/site-packages/airflow/example_dags/example_python_decorator.py
[2023-12-20T06:31:34.898+0000] {processor.py:830} INFO - Processing file /home/airflow/.local/lib/python3.8/site-packages/airflow/example_dags/example_python_decorator.py for tasks to queue
[2023-12-20T06:31:34.900+0000] {logging_mixin.py:188} INFO - [2023-12-20T06:31:34.900+0000] {dagbag.py:538} INFO - Filling up the DagBag from /home/airflow/.local/lib/python3.8/site-packages/airflow/example_dags/example_python_decorator.py
[2023-12-20T06:31:34.959+0000] {processor.py:840} INFO - DAG(s) 'example_python_decorator' retrieved from /home/airflow/.local/lib/python3.8/site-packages/airflow/example_dags/example_python_decorator.py
[2023-12-20T06:31:35.303+0000] {logging_mixin.py:188} INFO - [2023-12-20T06:31:35.303+0000] {dag.py:3033} INFO - Sync 1 DAGs
[2023-12-20T06:31:35.334+0000] {logging_mixin.py:188} INFO - [2023-12-20T06:31:35.334+0000] {dag.py:3820} INFO - Setting next_dagrun for example_python_decorator to None, run_after=None
[2023-12-20T06:31:35.386+0000] {processor.py:183} INFO - Processing /home/airflow/.local/lib/python3.8/site-packages/airflow/example_dags/example_python_decorator.py took 0.519 seconds
[2023-12-20T06:32:05.970+0000] {processor.py:161} INFO - Started process (PID=2626) to work on /home/airflow/.local/lib/python3.8/site-packages/airflow/example_dags/example_python_decorator.py
[2023-12-20T06:32:05.972+0000] {processor.py:830} INFO - Processing file /home/airflow/.local/lib/python3.8/site-packages/airflow/example_dags/example_python_decorator.py for tasks to queue
[2023-12-20T06:32:05.974+0000] {logging_mixin.py:188} INFO - [2023-12-20T06:32:05.973+0000] {dagbag.py:538} INFO - Filling up the DagBag from /home/airflow/.local/lib/python3.8/site-packages/airflow/example_dags/example_python_decorator.py
[2023-12-20T06:32:05.997+0000] {processor.py:840} INFO - DAG(s) 'example_python_decorator' retrieved from /home/airflow/.local/lib/python3.8/site-packages/airflow/example_dags/example_python_decorator.py
[2023-12-20T06:32:06.053+0000] {logging_mixin.py:188} INFO - [2023-12-20T06:32:06.052+0000] {dag.py:3033} INFO - Sync 1 DAGs
[2023-12-20T06:32:06.088+0000] {logging_mixin.py:188} INFO - [2023-12-20T06:32:06.088+0000] {dag.py:3820} INFO - Setting next_dagrun for example_python_decorator to None, run_after=None
[2023-12-20T06:32:06.162+0000] {processor.py:183} INFO - Processing /home/airflow/.local/lib/python3.8/site-packages/airflow/example_dags/example_python_decorator.py took 0.200 seconds
[2023-12-20T06:32:36.629+0000] {processor.py:161} INFO - Started process (PID=2685) to work on /home/airflow/.local/lib/python3.8/site-packages/airflow/example_dags/example_python_decorator.py
[2023-12-20T06:32:36.652+0000] {processor.py:830} INFO - Processing file /home/airflow/.local/lib/python3.8/site-packages/airflow/example_dags/example_python_decorator.py for tasks to queue
[2023-12-20T06:32:36.655+0000] {logging_mixin.py:188} INFO - [2023-12-20T06:32:36.654+0000] {dagbag.py:538} INFO - Filling up the DagBag from /home/airflow/.local/lib/python3.8/site-packages/airflow/example_dags/example_python_decorator.py
[2023-12-20T06:32:36.695+0000] {processor.py:840} INFO - DAG(s) 'example_python_decorator' retrieved from /home/airflow/.local/lib/python3.8/site-packages/airflow/example_dags/example_python_decorator.py
[2023-12-20T06:32:36.798+0000] {logging_mixin.py:188} INFO - [2023-12-20T06:32:36.797+0000] {dag.py:3033} INFO - Sync 1 DAGs
[2023-12-20T06:32:36.861+0000] {logging_mixin.py:188} INFO - [2023-12-20T06:32:36.861+0000] {dag.py:3820} INFO - Setting next_dagrun for example_python_decorator to None, run_after=None
[2023-12-20T06:32:36.982+0000] {processor.py:183} INFO - Processing /home/airflow/.local/lib/python3.8/site-packages/airflow/example_dags/example_python_decorator.py took 0.373 seconds
[2023-12-20T06:33:07.351+0000] {processor.py:161} INFO - Started process (PID=2742) to work on /home/airflow/.local/lib/python3.8/site-packages/airflow/example_dags/example_python_decorator.py
[2023-12-20T06:33:07.357+0000] {processor.py:830} INFO - Processing file /home/airflow/.local/lib/python3.8/site-packages/airflow/example_dags/example_python_decorator.py for tasks to queue
[2023-12-20T06:33:07.361+0000] {logging_mixin.py:188} INFO - [2023-12-20T06:33:07.360+0000] {dagbag.py:538} INFO - Filling up the DagBag from /home/airflow/.local/lib/python3.8/site-packages/airflow/example_dags/example_python_decorator.py
[2023-12-20T06:33:07.413+0000] {processor.py:840} INFO - DAG(s) 'example_python_decorator' retrieved from /home/airflow/.local/lib/python3.8/site-packages/airflow/example_dags/example_python_decorator.py
[2023-12-20T06:33:07.527+0000] {logging_mixin.py:188} INFO - [2023-12-20T06:33:07.526+0000] {dag.py:3033} INFO - Sync 1 DAGs
[2023-12-20T06:33:07.587+0000] {logging_mixin.py:188} INFO - [2023-12-20T06:33:07.586+0000] {dag.py:3820} INFO - Setting next_dagrun for example_python_decorator to None, run_after=None
[2023-12-20T06:33:07.706+0000] {processor.py:183} INFO - Processing /home/airflow/.local/lib/python3.8/site-packages/airflow/example_dags/example_python_decorator.py took 0.375 seconds
