[2023-12-20T05:41:29.952+0000] {processor.py:161} INFO - Started process (PID=80) to work on /home/airflow/.local/lib/python3.8/site-packages/airflow/example_dags/example_bash_operator.py
[2023-12-20T05:41:29.953+0000] {processor.py:830} INFO - Processing file /home/airflow/.local/lib/python3.8/site-packages/airflow/example_dags/example_bash_operator.py for tasks to queue
[2023-12-20T05:41:29.961+0000] {logging_mixin.py:188} INFO - [2023-12-20T05:41:29.961+0000] {dagbag.py:538} INFO - Filling up the DagBag from /home/airflow/.local/lib/python3.8/site-packages/airflow/example_dags/example_bash_operator.py
[2023-12-20T05:41:30.092+0000] {processor.py:840} INFO - DAG(s) 'example_bash_operator' retrieved from /home/airflow/.local/lib/python3.8/site-packages/airflow/example_dags/example_bash_operator.py
[2023-12-20T05:41:31.552+0000] {logging_mixin.py:188} INFO - [2023-12-20T05:41:31.552+0000] {dag.py:3033} INFO - Sync 1 DAGs
[2023-12-20T05:41:31.950+0000] {logging_mixin.py:188} INFO - [2023-12-20T05:41:31.950+0000] {dag.py:3820} INFO - Setting next_dagrun for example_bash_operator to 2023-12-19T00:00:00+00:00, run_after=2023-12-20T00:00:00+00:00
[2023-12-20T05:41:32.268+0000] {processor.py:183} INFO - Processing /home/airflow/.local/lib/python3.8/site-packages/airflow/example_dags/example_bash_operator.py took 2.324 seconds
[2023-12-20T05:42:33.325+0000] {processor.py:161} INFO - Started process (PID=141) to work on /home/airflow/.local/lib/python3.8/site-packages/airflow/example_dags/example_bash_operator.py
[2023-12-20T05:42:33.363+0000] {processor.py:830} INFO - Processing file /home/airflow/.local/lib/python3.8/site-packages/airflow/example_dags/example_bash_operator.py for tasks to queue
[2023-12-20T05:42:33.445+0000] {logging_mixin.py:188} INFO - [2023-12-20T05:42:33.444+0000] {dagbag.py:538} INFO - Filling up the DagBag from /home/airflow/.local/lib/python3.8/site-packages/airflow/example_dags/example_bash_operator.py
[2023-12-20T05:42:33.891+0000] {processor.py:840} INFO - DAG(s) 'example_bash_operator' retrieved from /home/airflow/.local/lib/python3.8/site-packages/airflow/example_dags/example_bash_operator.py
[2023-12-20T05:42:34.306+0000] {logging_mixin.py:188} INFO - [2023-12-20T05:42:34.306+0000] {dag.py:3033} INFO - Sync 1 DAGs
[2023-12-20T05:42:34.554+0000] {logging_mixin.py:188} INFO - [2023-12-20T05:42:34.549+0000] {dag.py:3820} INFO - Setting next_dagrun for example_bash_operator to 2023-12-19T00:00:00+00:00, run_after=2023-12-20T00:00:00+00:00
[2023-12-20T05:42:34.685+0000] {processor.py:183} INFO - Processing /home/airflow/.local/lib/python3.8/site-packages/airflow/example_dags/example_bash_operator.py took 1.521 seconds
[2023-12-20T06:06:59.369+0000] {processor.py:161} INFO - Started process (PID=66) to work on /home/airflow/.local/lib/python3.8/site-packages/airflow/example_dags/example_bash_operator.py
[2023-12-20T06:06:59.380+0000] {processor.py:830} INFO - Processing file /home/airflow/.local/lib/python3.8/site-packages/airflow/example_dags/example_bash_operator.py for tasks to queue
[2023-12-20T06:06:59.383+0000] {logging_mixin.py:188} INFO - [2023-12-20T06:06:59.383+0000] {dagbag.py:538} INFO - Filling up the DagBag from /home/airflow/.local/lib/python3.8/site-packages/airflow/example_dags/example_bash_operator.py
[2023-12-20T06:06:59.535+0000] {processor.py:840} INFO - DAG(s) 'example_bash_operator' retrieved from /home/airflow/.local/lib/python3.8/site-packages/airflow/example_dags/example_bash_operator.py
[2023-12-20T06:06:59.726+0000] {logging_mixin.py:188} INFO - [2023-12-20T06:06:59.726+0000] {dag.py:3033} INFO - Sync 1 DAGs
[2023-12-20T06:06:59.883+0000] {logging_mixin.py:188} INFO - [2023-12-20T06:06:59.883+0000] {dag.py:3820} INFO - Setting next_dagrun for example_bash_operator to 2023-12-19T00:00:00+00:00, run_after=2023-12-20T00:00:00+00:00
[2023-12-20T06:07:00.026+0000] {processor.py:183} INFO - Processing /home/airflow/.local/lib/python3.8/site-packages/airflow/example_dags/example_bash_operator.py took 0.680 seconds
[2023-12-20T06:07:32.429+0000] {processor.py:161} INFO - Started process (PID=121) to work on /home/airflow/.local/lib/python3.8/site-packages/airflow/example_dags/example_bash_operator.py
[2023-12-20T06:07:32.440+0000] {processor.py:830} INFO - Processing file /home/airflow/.local/lib/python3.8/site-packages/airflow/example_dags/example_bash_operator.py for tasks to queue
[2023-12-20T06:07:32.471+0000] {logging_mixin.py:188} INFO - [2023-12-20T06:07:32.444+0000] {dagbag.py:538} INFO - Filling up the DagBag from /home/airflow/.local/lib/python3.8/site-packages/airflow/example_dags/example_bash_operator.py
[2023-12-20T06:07:32.573+0000] {processor.py:840} INFO - DAG(s) 'example_bash_operator' retrieved from /home/airflow/.local/lib/python3.8/site-packages/airflow/example_dags/example_bash_operator.py
[2023-12-20T06:07:32.724+0000] {logging_mixin.py:188} INFO - [2023-12-20T06:07:32.723+0000] {dag.py:3033} INFO - Sync 1 DAGs
[2023-12-20T06:07:32.921+0000] {logging_mixin.py:188} INFO - [2023-12-20T06:07:32.921+0000] {dag.py:3820} INFO - Setting next_dagrun for example_bash_operator to 2023-12-19T00:00:00+00:00, run_after=2023-12-20T00:00:00+00:00
[2023-12-20T06:07:33.079+0000] {processor.py:183} INFO - Processing /home/airflow/.local/lib/python3.8/site-packages/airflow/example_dags/example_bash_operator.py took 0.676 seconds
[2023-12-20T06:08:03.283+0000] {processor.py:161} INFO - Started process (PID=176) to work on /home/airflow/.local/lib/python3.8/site-packages/airflow/example_dags/example_bash_operator.py
[2023-12-20T06:08:03.287+0000] {processor.py:830} INFO - Processing file /home/airflow/.local/lib/python3.8/site-packages/airflow/example_dags/example_bash_operator.py for tasks to queue
[2023-12-20T06:08:03.294+0000] {logging_mixin.py:188} INFO - [2023-12-20T06:08:03.293+0000] {dagbag.py:538} INFO - Filling up the DagBag from /home/airflow/.local/lib/python3.8/site-packages/airflow/example_dags/example_bash_operator.py
[2023-12-20T06:08:03.360+0000] {processor.py:840} INFO - DAG(s) 'example_bash_operator' retrieved from /home/airflow/.local/lib/python3.8/site-packages/airflow/example_dags/example_bash_operator.py
[2023-12-20T06:08:03.512+0000] {logging_mixin.py:188} INFO - [2023-12-20T06:08:03.512+0000] {dag.py:3033} INFO - Sync 1 DAGs
[2023-12-20T06:08:03.702+0000] {logging_mixin.py:188} INFO - [2023-12-20T06:08:03.702+0000] {dag.py:3820} INFO - Setting next_dagrun for example_bash_operator to 2023-12-19T00:00:00+00:00, run_after=2023-12-20T00:00:00+00:00
[2023-12-20T06:08:03.863+0000] {processor.py:183} INFO - Processing /home/airflow/.local/lib/python3.8/site-packages/airflow/example_dags/example_bash_operator.py took 0.598 seconds
[2023-12-20T06:08:40.070+0000] {processor.py:161} INFO - Started process (PID=231) to work on /home/airflow/.local/lib/python3.8/site-packages/airflow/example_dags/example_bash_operator.py
[2023-12-20T06:08:40.087+0000] {processor.py:830} INFO - Processing file /home/airflow/.local/lib/python3.8/site-packages/airflow/example_dags/example_bash_operator.py for tasks to queue
[2023-12-20T06:08:40.118+0000] {logging_mixin.py:188} INFO - [2023-12-20T06:08:40.118+0000] {dagbag.py:538} INFO - Filling up the DagBag from /home/airflow/.local/lib/python3.8/site-packages/airflow/example_dags/example_bash_operator.py
[2023-12-20T06:08:40.229+0000] {processor.py:840} INFO - DAG(s) 'example_bash_operator' retrieved from /home/airflow/.local/lib/python3.8/site-packages/airflow/example_dags/example_bash_operator.py
[2023-12-20T06:08:40.864+0000] {logging_mixin.py:188} INFO - [2023-12-20T06:08:40.850+0000] {dag.py:3033} INFO - Sync 1 DAGs
[2023-12-20T06:08:41.367+0000] {logging_mixin.py:188} INFO - [2023-12-20T06:08:41.367+0000] {dag.py:3820} INFO - Setting next_dagrun for example_bash_operator to 2023-12-19T00:00:00+00:00, run_after=2023-12-20T00:00:00+00:00
[2023-12-20T06:08:41.735+0000] {processor.py:183} INFO - Processing /home/airflow/.local/lib/python3.8/site-packages/airflow/example_dags/example_bash_operator.py took 1.701 seconds
[2023-12-20T06:09:17.319+0000] {processor.py:161} INFO - Started process (PID=285) to work on /home/airflow/.local/lib/python3.8/site-packages/airflow/example_dags/example_bash_operator.py
[2023-12-20T06:09:17.325+0000] {processor.py:830} INFO - Processing file /home/airflow/.local/lib/python3.8/site-packages/airflow/example_dags/example_bash_operator.py for tasks to queue
[2023-12-20T06:09:17.362+0000] {logging_mixin.py:188} INFO - [2023-12-20T06:09:17.361+0000] {dagbag.py:538} INFO - Filling up the DagBag from /home/airflow/.local/lib/python3.8/site-packages/airflow/example_dags/example_bash_operator.py
[2023-12-20T06:09:17.495+0000] {processor.py:840} INFO - DAG(s) 'example_bash_operator' retrieved from /home/airflow/.local/lib/python3.8/site-packages/airflow/example_dags/example_bash_operator.py
[2023-12-20T06:09:17.827+0000] {logging_mixin.py:188} INFO - [2023-12-20T06:09:17.826+0000] {dag.py:3033} INFO - Sync 1 DAGs
[2023-12-20T06:09:18.007+0000] {logging_mixin.py:188} INFO - [2023-12-20T06:09:18.007+0000] {dag.py:3820} INFO - Setting next_dagrun for example_bash_operator to 2023-12-19T00:00:00+00:00, run_after=2023-12-20T00:00:00+00:00
[2023-12-20T06:09:18.413+0000] {processor.py:183} INFO - Processing /home/airflow/.local/lib/python3.8/site-packages/airflow/example_dags/example_bash_operator.py took 1.118 seconds
[2023-12-20T06:09:48.811+0000] {processor.py:161} INFO - Started process (PID=339) to work on /home/airflow/.local/lib/python3.8/site-packages/airflow/example_dags/example_bash_operator.py
[2023-12-20T06:09:48.825+0000] {processor.py:830} INFO - Processing file /home/airflow/.local/lib/python3.8/site-packages/airflow/example_dags/example_bash_operator.py for tasks to queue
[2023-12-20T06:09:48.829+0000] {logging_mixin.py:188} INFO - [2023-12-20T06:09:48.828+0000] {dagbag.py:538} INFO - Filling up the DagBag from /home/airflow/.local/lib/python3.8/site-packages/airflow/example_dags/example_bash_operator.py
[2023-12-20T06:09:48.858+0000] {processor.py:840} INFO - DAG(s) 'example_bash_operator' retrieved from /home/airflow/.local/lib/python3.8/site-packages/airflow/example_dags/example_bash_operator.py
[2023-12-20T06:09:48.947+0000] {logging_mixin.py:188} INFO - [2023-12-20T06:09:48.947+0000] {dag.py:3033} INFO - Sync 1 DAGs
[2023-12-20T06:09:49.013+0000] {logging_mixin.py:188} INFO - [2023-12-20T06:09:49.013+0000] {dag.py:3820} INFO - Setting next_dagrun for example_bash_operator to 2023-12-19T00:00:00+00:00, run_after=2023-12-20T00:00:00+00:00
[2023-12-20T06:09:49.099+0000] {processor.py:183} INFO - Processing /home/airflow/.local/lib/python3.8/site-packages/airflow/example_dags/example_bash_operator.py took 0.294 seconds
[2023-12-20T06:10:19.411+0000] {processor.py:161} INFO - Started process (PID=393) to work on /home/airflow/.local/lib/python3.8/site-packages/airflow/example_dags/example_bash_operator.py
[2023-12-20T06:10:19.413+0000] {processor.py:830} INFO - Processing file /home/airflow/.local/lib/python3.8/site-packages/airflow/example_dags/example_bash_operator.py for tasks to queue
[2023-12-20T06:10:19.422+0000] {logging_mixin.py:188} INFO - [2023-12-20T06:10:19.421+0000] {dagbag.py:538} INFO - Filling up the DagBag from /home/airflow/.local/lib/python3.8/site-packages/airflow/example_dags/example_bash_operator.py
[2023-12-20T06:10:19.470+0000] {processor.py:840} INFO - DAG(s) 'example_bash_operator' retrieved from /home/airflow/.local/lib/python3.8/site-packages/airflow/example_dags/example_bash_operator.py
[2023-12-20T06:10:19.614+0000] {logging_mixin.py:188} INFO - [2023-12-20T06:10:19.614+0000] {dag.py:3033} INFO - Sync 1 DAGs
[2023-12-20T06:10:19.907+0000] {logging_mixin.py:188} INFO - [2023-12-20T06:10:19.907+0000] {dag.py:3820} INFO - Setting next_dagrun for example_bash_operator to 2023-12-19T00:00:00+00:00, run_after=2023-12-20T00:00:00+00:00
[2023-12-20T06:10:20.080+0000] {processor.py:183} INFO - Processing /home/airflow/.local/lib/python3.8/site-packages/airflow/example_dags/example_bash_operator.py took 0.693 seconds
[2023-12-20T06:10:50.577+0000] {processor.py:161} INFO - Started process (PID=448) to work on /home/airflow/.local/lib/python3.8/site-packages/airflow/example_dags/example_bash_operator.py
[2023-12-20T06:10:50.628+0000] {processor.py:830} INFO - Processing file /home/airflow/.local/lib/python3.8/site-packages/airflow/example_dags/example_bash_operator.py for tasks to queue
[2023-12-20T06:10:50.632+0000] {logging_mixin.py:188} INFO - [2023-12-20T06:10:50.631+0000] {dagbag.py:538} INFO - Filling up the DagBag from /home/airflow/.local/lib/python3.8/site-packages/airflow/example_dags/example_bash_operator.py
[2023-12-20T06:10:50.667+0000] {processor.py:840} INFO - DAG(s) 'example_bash_operator' retrieved from /home/airflow/.local/lib/python3.8/site-packages/airflow/example_dags/example_bash_operator.py
[2023-12-20T06:10:50.763+0000] {logging_mixin.py:188} INFO - [2023-12-20T06:10:50.762+0000] {dag.py:3033} INFO - Sync 1 DAGs
[2023-12-20T06:10:50.831+0000] {logging_mixin.py:188} INFO - [2023-12-20T06:10:50.831+0000] {dag.py:3820} INFO - Setting next_dagrun for example_bash_operator to 2023-12-19T00:00:00+00:00, run_after=2023-12-20T00:00:00+00:00
[2023-12-20T06:10:50.936+0000] {processor.py:183} INFO - Processing /home/airflow/.local/lib/python3.8/site-packages/airflow/example_dags/example_bash_operator.py took 0.367 seconds
[2023-12-20T06:11:23.378+0000] {processor.py:161} INFO - Started process (PID=503) to work on /home/airflow/.local/lib/python3.8/site-packages/airflow/example_dags/example_bash_operator.py
[2023-12-20T06:11:23.385+0000] {processor.py:830} INFO - Processing file /home/airflow/.local/lib/python3.8/site-packages/airflow/example_dags/example_bash_operator.py for tasks to queue
[2023-12-20T06:11:23.390+0000] {logging_mixin.py:188} INFO - [2023-12-20T06:11:23.389+0000] {dagbag.py:538} INFO - Filling up the DagBag from /home/airflow/.local/lib/python3.8/site-packages/airflow/example_dags/example_bash_operator.py
[2023-12-20T06:11:23.492+0000] {processor.py:840} INFO - DAG(s) 'example_bash_operator' retrieved from /home/airflow/.local/lib/python3.8/site-packages/airflow/example_dags/example_bash_operator.py
[2023-12-20T06:11:23.806+0000] {logging_mixin.py:188} INFO - [2023-12-20T06:11:23.806+0000] {dag.py:3033} INFO - Sync 1 DAGs
[2023-12-20T06:11:24.101+0000] {logging_mixin.py:188} INFO - [2023-12-20T06:11:24.101+0000] {dag.py:3820} INFO - Setting next_dagrun for example_bash_operator to 2023-12-19T00:00:00+00:00, run_after=2023-12-20T00:00:00+00:00
[2023-12-20T06:11:24.202+0000] {processor.py:183} INFO - Processing /home/airflow/.local/lib/python3.8/site-packages/airflow/example_dags/example_bash_operator.py took 0.851 seconds
[2023-12-20T06:11:55.247+0000] {processor.py:161} INFO - Started process (PID=558) to work on /home/airflow/.local/lib/python3.8/site-packages/airflow/example_dags/example_bash_operator.py
[2023-12-20T06:11:55.253+0000] {processor.py:830} INFO - Processing file /home/airflow/.local/lib/python3.8/site-packages/airflow/example_dags/example_bash_operator.py for tasks to queue
[2023-12-20T06:11:55.274+0000] {logging_mixin.py:188} INFO - [2023-12-20T06:11:55.273+0000] {dagbag.py:538} INFO - Filling up the DagBag from /home/airflow/.local/lib/python3.8/site-packages/airflow/example_dags/example_bash_operator.py
[2023-12-20T06:11:55.418+0000] {processor.py:840} INFO - DAG(s) 'example_bash_operator' retrieved from /home/airflow/.local/lib/python3.8/site-packages/airflow/example_dags/example_bash_operator.py
[2023-12-20T06:11:55.753+0000] {logging_mixin.py:188} INFO - [2023-12-20T06:11:55.733+0000] {dag.py:3033} INFO - Sync 1 DAGs
[2023-12-20T06:11:56.030+0000] {logging_mixin.py:188} INFO - [2023-12-20T06:11:56.029+0000] {dag.py:3820} INFO - Setting next_dagrun for example_bash_operator to 2023-12-19T00:00:00+00:00, run_after=2023-12-20T00:00:00+00:00
[2023-12-20T06:11:56.201+0000] {processor.py:183} INFO - Processing /home/airflow/.local/lib/python3.8/site-packages/airflow/example_dags/example_bash_operator.py took 0.967 seconds
[2023-12-20T06:12:30.302+0000] {processor.py:161} INFO - Started process (PID=613) to work on /home/airflow/.local/lib/python3.8/site-packages/airflow/example_dags/example_bash_operator.py
[2023-12-20T06:12:30.332+0000] {processor.py:830} INFO - Processing file /home/airflow/.local/lib/python3.8/site-packages/airflow/example_dags/example_bash_operator.py for tasks to queue
[2023-12-20T06:12:30.342+0000] {logging_mixin.py:188} INFO - [2023-12-20T06:12:30.338+0000] {dagbag.py:538} INFO - Filling up the DagBag from /home/airflow/.local/lib/python3.8/site-packages/airflow/example_dags/example_bash_operator.py
[2023-12-20T06:12:30.538+0000] {processor.py:840} INFO - DAG(s) 'example_bash_operator' retrieved from /home/airflow/.local/lib/python3.8/site-packages/airflow/example_dags/example_bash_operator.py
[2023-12-20T06:12:30.983+0000] {logging_mixin.py:188} INFO - [2023-12-20T06:12:30.983+0000] {dag.py:3033} INFO - Sync 1 DAGs
[2023-12-20T06:12:31.389+0000] {logging_mixin.py:188} INFO - [2023-12-20T06:12:31.389+0000] {dag.py:3820} INFO - Setting next_dagrun for example_bash_operator to 2023-12-19T00:00:00+00:00, run_after=2023-12-20T00:00:00+00:00
[2023-12-20T06:12:31.625+0000] {processor.py:183} INFO - Processing /home/airflow/.local/lib/python3.8/site-packages/airflow/example_dags/example_bash_operator.py took 1.350 seconds
[2023-12-20T06:13:10.962+0000] {processor.py:161} INFO - Started process (PID=673) to work on /home/airflow/.local/lib/python3.8/site-packages/airflow/example_dags/example_bash_operator.py
[2023-12-20T06:13:10.969+0000] {processor.py:830} INFO - Processing file /home/airflow/.local/lib/python3.8/site-packages/airflow/example_dags/example_bash_operator.py for tasks to queue
[2023-12-20T06:13:10.987+0000] {logging_mixin.py:188} INFO - [2023-12-20T06:13:10.986+0000] {dagbag.py:538} INFO - Filling up the DagBag from /home/airflow/.local/lib/python3.8/site-packages/airflow/example_dags/example_bash_operator.py
[2023-12-20T06:13:11.151+0000] {processor.py:840} INFO - DAG(s) 'example_bash_operator' retrieved from /home/airflow/.local/lib/python3.8/site-packages/airflow/example_dags/example_bash_operator.py
[2023-12-20T06:13:11.526+0000] {logging_mixin.py:188} INFO - [2023-12-20T06:13:11.526+0000] {dag.py:3033} INFO - Sync 1 DAGs
[2023-12-20T06:13:11.790+0000] {logging_mixin.py:188} INFO - [2023-12-20T06:13:11.790+0000] {dag.py:3820} INFO - Setting next_dagrun for example_bash_operator to 2023-12-19T00:00:00+00:00, run_after=2023-12-20T00:00:00+00:00
[2023-12-20T06:13:11.931+0000] {processor.py:183} INFO - Processing /home/airflow/.local/lib/python3.8/site-packages/airflow/example_dags/example_bash_operator.py took 1.007 seconds
[2023-12-20T06:13:51.895+0000] {processor.py:161} INFO - Started process (PID=726) to work on /home/airflow/.local/lib/python3.8/site-packages/airflow/example_dags/example_bash_operator.py
[2023-12-20T06:13:51.902+0000] {processor.py:830} INFO - Processing file /home/airflow/.local/lib/python3.8/site-packages/airflow/example_dags/example_bash_operator.py for tasks to queue
[2023-12-20T06:13:51.914+0000] {logging_mixin.py:188} INFO - [2023-12-20T06:13:51.913+0000] {dagbag.py:538} INFO - Filling up the DagBag from /home/airflow/.local/lib/python3.8/site-packages/airflow/example_dags/example_bash_operator.py
[2023-12-20T06:13:51.968+0000] {processor.py:840} INFO - DAG(s) 'example_bash_operator' retrieved from /home/airflow/.local/lib/python3.8/site-packages/airflow/example_dags/example_bash_operator.py
[2023-12-20T06:13:52.165+0000] {logging_mixin.py:188} INFO - [2023-12-20T06:13:52.165+0000] {dag.py:3033} INFO - Sync 1 DAGs
[2023-12-20T06:13:52.290+0000] {logging_mixin.py:188} INFO - [2023-12-20T06:13:52.290+0000] {dag.py:3820} INFO - Setting next_dagrun for example_bash_operator to 2023-12-19T00:00:00+00:00, run_after=2023-12-20T00:00:00+00:00
[2023-12-20T06:13:52.409+0000] {processor.py:183} INFO - Processing /home/airflow/.local/lib/python3.8/site-packages/airflow/example_dags/example_bash_operator.py took 0.535 seconds
[2023-12-20T06:14:30.319+0000] {processor.py:161} INFO - Started process (PID=781) to work on /home/airflow/.local/lib/python3.8/site-packages/airflow/example_dags/example_bash_operator.py
[2023-12-20T06:14:30.326+0000] {processor.py:830} INFO - Processing file /home/airflow/.local/lib/python3.8/site-packages/airflow/example_dags/example_bash_operator.py for tasks to queue
[2023-12-20T06:14:30.341+0000] {logging_mixin.py:188} INFO - [2023-12-20T06:14:30.333+0000] {dagbag.py:538} INFO - Filling up the DagBag from /home/airflow/.local/lib/python3.8/site-packages/airflow/example_dags/example_bash_operator.py
[2023-12-20T06:14:30.424+0000] {processor.py:840} INFO - DAG(s) 'example_bash_operator' retrieved from /home/airflow/.local/lib/python3.8/site-packages/airflow/example_dags/example_bash_operator.py
[2023-12-20T06:14:30.630+0000] {logging_mixin.py:188} INFO - [2023-12-20T06:14:30.630+0000] {dag.py:3033} INFO - Sync 1 DAGs
[2023-12-20T06:14:30.794+0000] {logging_mixin.py:188} INFO - [2023-12-20T06:14:30.794+0000] {dag.py:3820} INFO - Setting next_dagrun for example_bash_operator to 2023-12-19T00:00:00+00:00, run_after=2023-12-20T00:00:00+00:00
[2023-12-20T06:14:31.069+0000] {processor.py:183} INFO - Processing /home/airflow/.local/lib/python3.8/site-packages/airflow/example_dags/example_bash_operator.py took 0.768 seconds
[2023-12-20T06:15:01.680+0000] {processor.py:161} INFO - Started process (PID=834) to work on /home/airflow/.local/lib/python3.8/site-packages/airflow/example_dags/example_bash_operator.py
[2023-12-20T06:15:01.683+0000] {processor.py:830} INFO - Processing file /home/airflow/.local/lib/python3.8/site-packages/airflow/example_dags/example_bash_operator.py for tasks to queue
[2023-12-20T06:15:01.687+0000] {logging_mixin.py:188} INFO - [2023-12-20T06:15:01.687+0000] {dagbag.py:538} INFO - Filling up the DagBag from /home/airflow/.local/lib/python3.8/site-packages/airflow/example_dags/example_bash_operator.py
[2023-12-20T06:15:01.716+0000] {processor.py:840} INFO - DAG(s) 'example_bash_operator' retrieved from /home/airflow/.local/lib/python3.8/site-packages/airflow/example_dags/example_bash_operator.py
[2023-12-20T06:15:01.822+0000] {logging_mixin.py:188} INFO - [2023-12-20T06:15:01.821+0000] {dag.py:3033} INFO - Sync 1 DAGs
[2023-12-20T06:15:01.889+0000] {logging_mixin.py:188} INFO - [2023-12-20T06:15:01.888+0000] {dag.py:3820} INFO - Setting next_dagrun for example_bash_operator to 2023-12-19T00:00:00+00:00, run_after=2023-12-20T00:00:00+00:00
[2023-12-20T06:15:01.936+0000] {processor.py:183} INFO - Processing /home/airflow/.local/lib/python3.8/site-packages/airflow/example_dags/example_bash_operator.py took 0.266 seconds
[2023-12-20T06:15:33.197+0000] {processor.py:161} INFO - Started process (PID=889) to work on /home/airflow/.local/lib/python3.8/site-packages/airflow/example_dags/example_bash_operator.py
[2023-12-20T06:15:33.232+0000] {processor.py:830} INFO - Processing file /home/airflow/.local/lib/python3.8/site-packages/airflow/example_dags/example_bash_operator.py for tasks to queue
[2023-12-20T06:15:33.236+0000] {logging_mixin.py:188} INFO - [2023-12-20T06:15:33.235+0000] {dagbag.py:538} INFO - Filling up the DagBag from /home/airflow/.local/lib/python3.8/site-packages/airflow/example_dags/example_bash_operator.py
[2023-12-20T06:15:33.273+0000] {processor.py:840} INFO - DAG(s) 'example_bash_operator' retrieved from /home/airflow/.local/lib/python3.8/site-packages/airflow/example_dags/example_bash_operator.py
[2023-12-20T06:15:33.391+0000] {logging_mixin.py:188} INFO - [2023-12-20T06:15:33.391+0000] {dag.py:3033} INFO - Sync 1 DAGs
[2023-12-20T06:15:33.464+0000] {logging_mixin.py:188} INFO - [2023-12-20T06:15:33.464+0000] {dag.py:3820} INFO - Setting next_dagrun for example_bash_operator to 2023-12-19T00:00:00+00:00, run_after=2023-12-20T00:00:00+00:00
[2023-12-20T06:15:33.598+0000] {processor.py:183} INFO - Processing /home/airflow/.local/lib/python3.8/site-packages/airflow/example_dags/example_bash_operator.py took 0.416 seconds
[2023-12-20T06:16:05.496+0000] {processor.py:161} INFO - Started process (PID=941) to work on /home/airflow/.local/lib/python3.8/site-packages/airflow/example_dags/example_bash_operator.py
[2023-12-20T06:16:05.510+0000] {processor.py:830} INFO - Processing file /home/airflow/.local/lib/python3.8/site-packages/airflow/example_dags/example_bash_operator.py for tasks to queue
[2023-12-20T06:16:05.524+0000] {logging_mixin.py:188} INFO - [2023-12-20T06:16:05.523+0000] {dagbag.py:538} INFO - Filling up the DagBag from /home/airflow/.local/lib/python3.8/site-packages/airflow/example_dags/example_bash_operator.py
[2023-12-20T06:16:05.635+0000] {processor.py:840} INFO - DAG(s) 'example_bash_operator' retrieved from /home/airflow/.local/lib/python3.8/site-packages/airflow/example_dags/example_bash_operator.py
[2023-12-20T06:16:05.905+0000] {logging_mixin.py:188} INFO - [2023-12-20T06:16:05.904+0000] {dag.py:3033} INFO - Sync 1 DAGs
[2023-12-20T06:16:06.352+0000] {logging_mixin.py:188} INFO - [2023-12-20T06:16:06.351+0000] {dag.py:3820} INFO - Setting next_dagrun for example_bash_operator to 2023-12-19T00:00:00+00:00, run_after=2023-12-20T00:00:00+00:00
[2023-12-20T06:16:06.748+0000] {processor.py:183} INFO - Processing /home/airflow/.local/lib/python3.8/site-packages/airflow/example_dags/example_bash_operator.py took 1.267 seconds
[2023-12-20T06:16:37.151+0000] {processor.py:161} INFO - Started process (PID=1002) to work on /home/airflow/.local/lib/python3.8/site-packages/airflow/example_dags/example_bash_operator.py
[2023-12-20T06:16:37.176+0000] {processor.py:830} INFO - Processing file /home/airflow/.local/lib/python3.8/site-packages/airflow/example_dags/example_bash_operator.py for tasks to queue
[2023-12-20T06:16:37.193+0000] {logging_mixin.py:188} INFO - [2023-12-20T06:16:37.192+0000] {dagbag.py:538} INFO - Filling up the DagBag from /home/airflow/.local/lib/python3.8/site-packages/airflow/example_dags/example_bash_operator.py
[2023-12-20T06:16:37.427+0000] {processor.py:840} INFO - DAG(s) 'example_bash_operator' retrieved from /home/airflow/.local/lib/python3.8/site-packages/airflow/example_dags/example_bash_operator.py
[2023-12-20T06:16:37.711+0000] {logging_mixin.py:188} INFO - [2023-12-20T06:16:37.710+0000] {dag.py:3033} INFO - Sync 1 DAGs
[2023-12-20T06:16:37.814+0000] {logging_mixin.py:188} INFO - [2023-12-20T06:16:37.814+0000] {dag.py:3820} INFO - Setting next_dagrun for example_bash_operator to 2023-12-19T00:00:00+00:00, run_after=2023-12-20T00:00:00+00:00
[2023-12-20T06:16:37.911+0000] {processor.py:183} INFO - Processing /home/airflow/.local/lib/python3.8/site-packages/airflow/example_dags/example_bash_operator.py took 0.792 seconds
[2023-12-20T06:17:08.343+0000] {processor.py:161} INFO - Started process (PID=1057) to work on /home/airflow/.local/lib/python3.8/site-packages/airflow/example_dags/example_bash_operator.py
[2023-12-20T06:17:08.344+0000] {processor.py:830} INFO - Processing file /home/airflow/.local/lib/python3.8/site-packages/airflow/example_dags/example_bash_operator.py for tasks to queue
[2023-12-20T06:17:08.350+0000] {logging_mixin.py:188} INFO - [2023-12-20T06:17:08.349+0000] {dagbag.py:538} INFO - Filling up the DagBag from /home/airflow/.local/lib/python3.8/site-packages/airflow/example_dags/example_bash_operator.py
[2023-12-20T06:17:08.409+0000] {processor.py:840} INFO - DAG(s) 'example_bash_operator' retrieved from /home/airflow/.local/lib/python3.8/site-packages/airflow/example_dags/example_bash_operator.py
[2023-12-20T06:17:08.540+0000] {logging_mixin.py:188} INFO - [2023-12-20T06:17:08.539+0000] {dag.py:3033} INFO - Sync 1 DAGs
[2023-12-20T06:17:08.659+0000] {logging_mixin.py:188} INFO - [2023-12-20T06:17:08.658+0000] {dag.py:3820} INFO - Setting next_dagrun for example_bash_operator to 2023-12-19T00:00:00+00:00, run_after=2023-12-20T00:00:00+00:00
[2023-12-20T06:17:08.788+0000] {processor.py:183} INFO - Processing /home/airflow/.local/lib/python3.8/site-packages/airflow/example_dags/example_bash_operator.py took 0.456 seconds
[2023-12-20T06:17:39.221+0000] {processor.py:161} INFO - Started process (PID=1112) to work on /home/airflow/.local/lib/python3.8/site-packages/airflow/example_dags/example_bash_operator.py
[2023-12-20T06:17:39.253+0000] {processor.py:830} INFO - Processing file /home/airflow/.local/lib/python3.8/site-packages/airflow/example_dags/example_bash_operator.py for tasks to queue
[2023-12-20T06:17:39.262+0000] {logging_mixin.py:188} INFO - [2023-12-20T06:17:39.261+0000] {dagbag.py:538} INFO - Filling up the DagBag from /home/airflow/.local/lib/python3.8/site-packages/airflow/example_dags/example_bash_operator.py
[2023-12-20T06:17:39.414+0000] {processor.py:840} INFO - DAG(s) 'example_bash_operator' retrieved from /home/airflow/.local/lib/python3.8/site-packages/airflow/example_dags/example_bash_operator.py
[2023-12-20T06:17:39.578+0000] {logging_mixin.py:188} INFO - [2023-12-20T06:17:39.578+0000] {dag.py:3033} INFO - Sync 1 DAGs
[2023-12-20T06:17:39.647+0000] {logging_mixin.py:188} INFO - [2023-12-20T06:17:39.646+0000] {dag.py:3820} INFO - Setting next_dagrun for example_bash_operator to 2023-12-19T00:00:00+00:00, run_after=2023-12-20T00:00:00+00:00
[2023-12-20T06:17:39.745+0000] {processor.py:183} INFO - Processing /home/airflow/.local/lib/python3.8/site-packages/airflow/example_dags/example_bash_operator.py took 0.533 seconds
[2023-12-20T06:18:13.076+0000] {processor.py:161} INFO - Started process (PID=1166) to work on /home/airflow/.local/lib/python3.8/site-packages/airflow/example_dags/example_bash_operator.py
[2023-12-20T06:18:13.082+0000] {processor.py:830} INFO - Processing file /home/airflow/.local/lib/python3.8/site-packages/airflow/example_dags/example_bash_operator.py for tasks to queue
[2023-12-20T06:18:13.094+0000] {logging_mixin.py:188} INFO - [2023-12-20T06:18:13.092+0000] {dagbag.py:538} INFO - Filling up the DagBag from /home/airflow/.local/lib/python3.8/site-packages/airflow/example_dags/example_bash_operator.py
[2023-12-20T06:18:13.190+0000] {processor.py:840} INFO - DAG(s) 'example_bash_operator' retrieved from /home/airflow/.local/lib/python3.8/site-packages/airflow/example_dags/example_bash_operator.py
[2023-12-20T06:18:13.410+0000] {logging_mixin.py:188} INFO - [2023-12-20T06:18:13.409+0000] {dag.py:3033} INFO - Sync 1 DAGs
[2023-12-20T06:18:13.582+0000] {logging_mixin.py:188} INFO - [2023-12-20T06:18:13.582+0000] {dag.py:3820} INFO - Setting next_dagrun for example_bash_operator to 2023-12-19T00:00:00+00:00, run_after=2023-12-20T00:00:00+00:00
[2023-12-20T06:18:13.635+0000] {processor.py:183} INFO - Processing /home/airflow/.local/lib/python3.8/site-packages/airflow/example_dags/example_bash_operator.py took 0.587 seconds
[2023-12-20T06:18:46.491+0000] {processor.py:161} INFO - Started process (PID=1220) to work on /home/airflow/.local/lib/python3.8/site-packages/airflow/example_dags/example_bash_operator.py
[2023-12-20T06:18:46.512+0000] {processor.py:830} INFO - Processing file /home/airflow/.local/lib/python3.8/site-packages/airflow/example_dags/example_bash_operator.py for tasks to queue
[2023-12-20T06:18:46.531+0000] {logging_mixin.py:188} INFO - [2023-12-20T06:18:46.531+0000] {dagbag.py:538} INFO - Filling up the DagBag from /home/airflow/.local/lib/python3.8/site-packages/airflow/example_dags/example_bash_operator.py
[2023-12-20T06:18:46.596+0000] {processor.py:840} INFO - DAG(s) 'example_bash_operator' retrieved from /home/airflow/.local/lib/python3.8/site-packages/airflow/example_dags/example_bash_operator.py
[2023-12-20T06:18:46.678+0000] {logging_mixin.py:188} INFO - [2023-12-20T06:18:46.678+0000] {dag.py:3033} INFO - Sync 1 DAGs
[2023-12-20T06:18:46.744+0000] {logging_mixin.py:188} INFO - [2023-12-20T06:18:46.743+0000] {dag.py:3820} INFO - Setting next_dagrun for example_bash_operator to 2023-12-19T00:00:00+00:00, run_after=2023-12-20T00:00:00+00:00
[2023-12-20T06:18:46.829+0000] {processor.py:183} INFO - Processing /home/airflow/.local/lib/python3.8/site-packages/airflow/example_dags/example_bash_operator.py took 0.365 seconds
[2023-12-20T06:19:16.922+0000] {processor.py:161} INFO - Started process (PID=1274) to work on /home/airflow/.local/lib/python3.8/site-packages/airflow/example_dags/example_bash_operator.py
[2023-12-20T06:19:16.925+0000] {processor.py:830} INFO - Processing file /home/airflow/.local/lib/python3.8/site-packages/airflow/example_dags/example_bash_operator.py for tasks to queue
[2023-12-20T06:19:16.934+0000] {logging_mixin.py:188} INFO - [2023-12-20T06:19:16.932+0000] {dagbag.py:538} INFO - Filling up the DagBag from /home/airflow/.local/lib/python3.8/site-packages/airflow/example_dags/example_bash_operator.py
[2023-12-20T06:19:17.011+0000] {processor.py:840} INFO - DAG(s) 'example_bash_operator' retrieved from /home/airflow/.local/lib/python3.8/site-packages/airflow/example_dags/example_bash_operator.py
[2023-12-20T06:19:17.272+0000] {logging_mixin.py:188} INFO - [2023-12-20T06:19:17.271+0000] {dag.py:3033} INFO - Sync 1 DAGs
[2023-12-20T06:19:17.403+0000] {logging_mixin.py:188} INFO - [2023-12-20T06:19:17.402+0000] {dag.py:3820} INFO - Setting next_dagrun for example_bash_operator to 2023-12-19T00:00:00+00:00, run_after=2023-12-20T00:00:00+00:00
[2023-12-20T06:19:17.528+0000] {processor.py:183} INFO - Processing /home/airflow/.local/lib/python3.8/site-packages/airflow/example_dags/example_bash_operator.py took 0.612 seconds
[2023-12-20T06:19:47.707+0000] {processor.py:161} INFO - Started process (PID=1329) to work on /home/airflow/.local/lib/python3.8/site-packages/airflow/example_dags/example_bash_operator.py
[2023-12-20T06:19:47.708+0000] {processor.py:830} INFO - Processing file /home/airflow/.local/lib/python3.8/site-packages/airflow/example_dags/example_bash_operator.py for tasks to queue
[2023-12-20T06:19:47.713+0000] {logging_mixin.py:188} INFO - [2023-12-20T06:19:47.712+0000] {dagbag.py:538} INFO - Filling up the DagBag from /home/airflow/.local/lib/python3.8/site-packages/airflow/example_dags/example_bash_operator.py
[2023-12-20T06:19:47.746+0000] {processor.py:840} INFO - DAG(s) 'example_bash_operator' retrieved from /home/airflow/.local/lib/python3.8/site-packages/airflow/example_dags/example_bash_operator.py
[2023-12-20T06:19:47.842+0000] {logging_mixin.py:188} INFO - [2023-12-20T06:19:47.841+0000] {dag.py:3033} INFO - Sync 1 DAGs
[2023-12-20T06:19:47.921+0000] {logging_mixin.py:188} INFO - [2023-12-20T06:19:47.920+0000] {dag.py:3820} INFO - Setting next_dagrun for example_bash_operator to 2023-12-19T00:00:00+00:00, run_after=2023-12-20T00:00:00+00:00
[2023-12-20T06:19:48.025+0000] {processor.py:183} INFO - Processing /home/airflow/.local/lib/python3.8/site-packages/airflow/example_dags/example_bash_operator.py took 0.325 seconds
[2023-12-20T06:20:18.953+0000] {processor.py:161} INFO - Started process (PID=1384) to work on /home/airflow/.local/lib/python3.8/site-packages/airflow/example_dags/example_bash_operator.py
[2023-12-20T06:20:18.967+0000] {processor.py:830} INFO - Processing file /home/airflow/.local/lib/python3.8/site-packages/airflow/example_dags/example_bash_operator.py for tasks to queue
[2023-12-20T06:20:18.974+0000] {logging_mixin.py:188} INFO - [2023-12-20T06:20:18.973+0000] {dagbag.py:538} INFO - Filling up the DagBag from /home/airflow/.local/lib/python3.8/site-packages/airflow/example_dags/example_bash_operator.py
[2023-12-20T06:20:19.004+0000] {processor.py:840} INFO - DAG(s) 'example_bash_operator' retrieved from /home/airflow/.local/lib/python3.8/site-packages/airflow/example_dags/example_bash_operator.py
[2023-12-20T06:20:19.215+0000] {logging_mixin.py:188} INFO - [2023-12-20T06:20:19.215+0000] {dag.py:3033} INFO - Sync 1 DAGs
[2023-12-20T06:20:19.305+0000] {logging_mixin.py:188} INFO - [2023-12-20T06:20:19.305+0000] {dag.py:3820} INFO - Setting next_dagrun for example_bash_operator to 2023-12-19T00:00:00+00:00, run_after=2023-12-20T00:00:00+00:00
[2023-12-20T06:20:19.370+0000] {processor.py:183} INFO - Processing /home/airflow/.local/lib/python3.8/site-packages/airflow/example_dags/example_bash_operator.py took 0.440 seconds
[2023-12-20T06:20:50.174+0000] {processor.py:161} INFO - Started process (PID=1438) to work on /home/airflow/.local/lib/python3.8/site-packages/airflow/example_dags/example_bash_operator.py
[2023-12-20T06:20:50.175+0000] {processor.py:830} INFO - Processing file /home/airflow/.local/lib/python3.8/site-packages/airflow/example_dags/example_bash_operator.py for tasks to queue
[2023-12-20T06:20:50.180+0000] {logging_mixin.py:188} INFO - [2023-12-20T06:20:50.179+0000] {dagbag.py:538} INFO - Filling up the DagBag from /home/airflow/.local/lib/python3.8/site-packages/airflow/example_dags/example_bash_operator.py
[2023-12-20T06:20:50.210+0000] {processor.py:840} INFO - DAG(s) 'example_bash_operator' retrieved from /home/airflow/.local/lib/python3.8/site-packages/airflow/example_dags/example_bash_operator.py
[2023-12-20T06:20:50.329+0000] {logging_mixin.py:188} INFO - [2023-12-20T06:20:50.329+0000] {dag.py:3033} INFO - Sync 1 DAGs
[2023-12-20T06:20:50.419+0000] {logging_mixin.py:188} INFO - [2023-12-20T06:20:50.419+0000] {dag.py:3820} INFO - Setting next_dagrun for example_bash_operator to 2023-12-19T00:00:00+00:00, run_after=2023-12-20T00:00:00+00:00
[2023-12-20T06:20:50.482+0000] {processor.py:183} INFO - Processing /home/airflow/.local/lib/python3.8/site-packages/airflow/example_dags/example_bash_operator.py took 0.317 seconds
[2023-12-20T06:21:22.515+0000] {processor.py:161} INFO - Started process (PID=1495) to work on /home/airflow/.local/lib/python3.8/site-packages/airflow/example_dags/example_bash_operator.py
[2023-12-20T06:21:22.524+0000] {processor.py:830} INFO - Processing file /home/airflow/.local/lib/python3.8/site-packages/airflow/example_dags/example_bash_operator.py for tasks to queue
[2023-12-20T06:21:22.547+0000] {logging_mixin.py:188} INFO - [2023-12-20T06:21:22.546+0000] {dagbag.py:538} INFO - Filling up the DagBag from /home/airflow/.local/lib/python3.8/site-packages/airflow/example_dags/example_bash_operator.py
[2023-12-20T06:21:22.606+0000] {processor.py:840} INFO - DAG(s) 'example_bash_operator' retrieved from /home/airflow/.local/lib/python3.8/site-packages/airflow/example_dags/example_bash_operator.py
[2023-12-20T06:21:22.803+0000] {logging_mixin.py:188} INFO - [2023-12-20T06:21:22.789+0000] {dag.py:3033} INFO - Sync 1 DAGs
[2023-12-20T06:21:22.937+0000] {logging_mixin.py:188} INFO - [2023-12-20T06:21:22.937+0000] {dag.py:3820} INFO - Setting next_dagrun for example_bash_operator to 2023-12-19T00:00:00+00:00, run_after=2023-12-20T00:00:00+00:00
[2023-12-20T06:21:23.159+0000] {processor.py:183} INFO - Processing /home/airflow/.local/lib/python3.8/site-packages/airflow/example_dags/example_bash_operator.py took 0.672 seconds
[2023-12-20T06:21:53.310+0000] {processor.py:161} INFO - Started process (PID=1550) to work on /home/airflow/.local/lib/python3.8/site-packages/airflow/example_dags/example_bash_operator.py
[2023-12-20T06:21:53.333+0000] {processor.py:830} INFO - Processing file /home/airflow/.local/lib/python3.8/site-packages/airflow/example_dags/example_bash_operator.py for tasks to queue
[2023-12-20T06:21:53.338+0000] {logging_mixin.py:188} INFO - [2023-12-20T06:21:53.337+0000] {dagbag.py:538} INFO - Filling up the DagBag from /home/airflow/.local/lib/python3.8/site-packages/airflow/example_dags/example_bash_operator.py
[2023-12-20T06:21:53.372+0000] {processor.py:840} INFO - DAG(s) 'example_bash_operator' retrieved from /home/airflow/.local/lib/python3.8/site-packages/airflow/example_dags/example_bash_operator.py
[2023-12-20T06:21:53.471+0000] {logging_mixin.py:188} INFO - [2023-12-20T06:21:53.470+0000] {dag.py:3033} INFO - Sync 1 DAGs
[2023-12-20T06:21:53.539+0000] {logging_mixin.py:188} INFO - [2023-12-20T06:21:53.538+0000] {dag.py:3820} INFO - Setting next_dagrun for example_bash_operator to 2023-12-19T00:00:00+00:00, run_after=2023-12-20T00:00:00+00:00
[2023-12-20T06:21:53.639+0000] {processor.py:183} INFO - Processing /home/airflow/.local/lib/python3.8/site-packages/airflow/example_dags/example_bash_operator.py took 0.337 seconds
[2023-12-20T06:22:24.230+0000] {processor.py:161} INFO - Started process (PID=1605) to work on /home/airflow/.local/lib/python3.8/site-packages/airflow/example_dags/example_bash_operator.py
[2023-12-20T06:22:24.231+0000] {processor.py:830} INFO - Processing file /home/airflow/.local/lib/python3.8/site-packages/airflow/example_dags/example_bash_operator.py for tasks to queue
[2023-12-20T06:22:24.241+0000] {logging_mixin.py:188} INFO - [2023-12-20T06:22:24.240+0000] {dagbag.py:538} INFO - Filling up the DagBag from /home/airflow/.local/lib/python3.8/site-packages/airflow/example_dags/example_bash_operator.py
[2023-12-20T06:22:24.381+0000] {processor.py:840} INFO - DAG(s) 'example_bash_operator' retrieved from /home/airflow/.local/lib/python3.8/site-packages/airflow/example_dags/example_bash_operator.py
[2023-12-20T06:22:24.598+0000] {logging_mixin.py:188} INFO - [2023-12-20T06:22:24.598+0000] {dag.py:3033} INFO - Sync 1 DAGs
[2023-12-20T06:22:24.721+0000] {logging_mixin.py:188} INFO - [2023-12-20T06:22:24.720+0000] {dag.py:3820} INFO - Setting next_dagrun for example_bash_operator to 2023-12-19T00:00:00+00:00, run_after=2023-12-20T00:00:00+00:00
[2023-12-20T06:22:24.782+0000] {processor.py:183} INFO - Processing /home/airflow/.local/lib/python3.8/site-packages/airflow/example_dags/example_bash_operator.py took 0.572 seconds
[2023-12-20T06:22:55.360+0000] {processor.py:161} INFO - Started process (PID=1661) to work on /home/airflow/.local/lib/python3.8/site-packages/airflow/example_dags/example_bash_operator.py
[2023-12-20T06:22:55.372+0000] {processor.py:830} INFO - Processing file /home/airflow/.local/lib/python3.8/site-packages/airflow/example_dags/example_bash_operator.py for tasks to queue
[2023-12-20T06:22:55.374+0000] {logging_mixin.py:188} INFO - [2023-12-20T06:22:55.373+0000] {dagbag.py:538} INFO - Filling up the DagBag from /home/airflow/.local/lib/python3.8/site-packages/airflow/example_dags/example_bash_operator.py
[2023-12-20T06:22:55.451+0000] {processor.py:840} INFO - DAG(s) 'example_bash_operator' retrieved from /home/airflow/.local/lib/python3.8/site-packages/airflow/example_dags/example_bash_operator.py
[2023-12-20T06:22:55.617+0000] {logging_mixin.py:188} INFO - [2023-12-20T06:22:55.617+0000] {dag.py:3033} INFO - Sync 1 DAGs
[2023-12-20T06:22:55.682+0000] {logging_mixin.py:188} INFO - [2023-12-20T06:22:55.682+0000] {dag.py:3820} INFO - Setting next_dagrun for example_bash_operator to 2023-12-19T00:00:00+00:00, run_after=2023-12-20T00:00:00+00:00
[2023-12-20T06:22:55.783+0000] {processor.py:183} INFO - Processing /home/airflow/.local/lib/python3.8/site-packages/airflow/example_dags/example_bash_operator.py took 0.445 seconds
[2023-12-20T06:23:26.003+0000] {processor.py:161} INFO - Started process (PID=1716) to work on /home/airflow/.local/lib/python3.8/site-packages/airflow/example_dags/example_bash_operator.py
[2023-12-20T06:23:26.013+0000] {processor.py:830} INFO - Processing file /home/airflow/.local/lib/python3.8/site-packages/airflow/example_dags/example_bash_operator.py for tasks to queue
[2023-12-20T06:23:26.015+0000] {logging_mixin.py:188} INFO - [2023-12-20T06:23:26.014+0000] {dagbag.py:538} INFO - Filling up the DagBag from /home/airflow/.local/lib/python3.8/site-packages/airflow/example_dags/example_bash_operator.py
[2023-12-20T06:23:26.077+0000] {processor.py:840} INFO - DAG(s) 'example_bash_operator' retrieved from /home/airflow/.local/lib/python3.8/site-packages/airflow/example_dags/example_bash_operator.py
[2023-12-20T06:23:26.197+0000] {logging_mixin.py:188} INFO - [2023-12-20T06:23:26.196+0000] {dag.py:3033} INFO - Sync 1 DAGs
[2023-12-20T06:23:26.300+0000] {logging_mixin.py:188} INFO - [2023-12-20T06:23:26.299+0000] {dag.py:3820} INFO - Setting next_dagrun for example_bash_operator to 2023-12-19T00:00:00+00:00, run_after=2023-12-20T00:00:00+00:00
[2023-12-20T06:23:26.369+0000] {processor.py:183} INFO - Processing /home/airflow/.local/lib/python3.8/site-packages/airflow/example_dags/example_bash_operator.py took 0.376 seconds
[2023-12-20T06:23:58.063+0000] {processor.py:161} INFO - Started process (PID=1772) to work on /home/airflow/.local/lib/python3.8/site-packages/airflow/example_dags/example_bash_operator.py
[2023-12-20T06:23:58.100+0000] {processor.py:830} INFO - Processing file /home/airflow/.local/lib/python3.8/site-packages/airflow/example_dags/example_bash_operator.py for tasks to queue
[2023-12-20T06:23:58.102+0000] {logging_mixin.py:188} INFO - [2023-12-20T06:23:58.101+0000] {dagbag.py:538} INFO - Filling up the DagBag from /home/airflow/.local/lib/python3.8/site-packages/airflow/example_dags/example_bash_operator.py
[2023-12-20T06:23:58.202+0000] {processor.py:840} INFO - DAG(s) 'example_bash_operator' retrieved from /home/airflow/.local/lib/python3.8/site-packages/airflow/example_dags/example_bash_operator.py
[2023-12-20T06:23:58.526+0000] {logging_mixin.py:188} INFO - [2023-12-20T06:23:58.526+0000] {dag.py:3033} INFO - Sync 1 DAGs
[2023-12-20T06:23:58.826+0000] {logging_mixin.py:188} INFO - [2023-12-20T06:23:58.826+0000] {dag.py:3820} INFO - Setting next_dagrun for example_bash_operator to 2023-12-19T00:00:00+00:00, run_after=2023-12-20T00:00:00+00:00
[2023-12-20T06:23:59.181+0000] {processor.py:183} INFO - Processing /home/airflow/.local/lib/python3.8/site-packages/airflow/example_dags/example_bash_operator.py took 1.169 seconds
[2023-12-20T06:24:29.410+0000] {processor.py:161} INFO - Started process (PID=1827) to work on /home/airflow/.local/lib/python3.8/site-packages/airflow/example_dags/example_bash_operator.py
[2023-12-20T06:24:29.414+0000] {processor.py:830} INFO - Processing file /home/airflow/.local/lib/python3.8/site-packages/airflow/example_dags/example_bash_operator.py for tasks to queue
[2023-12-20T06:24:29.416+0000] {logging_mixin.py:188} INFO - [2023-12-20T06:24:29.415+0000] {dagbag.py:538} INFO - Filling up the DagBag from /home/airflow/.local/lib/python3.8/site-packages/airflow/example_dags/example_bash_operator.py
[2023-12-20T06:24:29.477+0000] {processor.py:840} INFO - DAG(s) 'example_bash_operator' retrieved from /home/airflow/.local/lib/python3.8/site-packages/airflow/example_dags/example_bash_operator.py
[2023-12-20T06:24:29.706+0000] {logging_mixin.py:188} INFO - [2023-12-20T06:24:29.705+0000] {dag.py:3033} INFO - Sync 1 DAGs
[2023-12-20T06:24:29.911+0000] {logging_mixin.py:188} INFO - [2023-12-20T06:24:29.911+0000] {dag.py:3820} INFO - Setting next_dagrun for example_bash_operator to 2023-12-19T00:00:00+00:00, run_after=2023-12-20T00:00:00+00:00
[2023-12-20T06:24:30.085+0000] {processor.py:183} INFO - Processing /home/airflow/.local/lib/python3.8/site-packages/airflow/example_dags/example_bash_operator.py took 0.690 seconds
[2023-12-20T06:25:00.897+0000] {processor.py:161} INFO - Started process (PID=1881) to work on /home/airflow/.local/lib/python3.8/site-packages/airflow/example_dags/example_bash_operator.py
[2023-12-20T06:25:00.939+0000] {processor.py:830} INFO - Processing file /home/airflow/.local/lib/python3.8/site-packages/airflow/example_dags/example_bash_operator.py for tasks to queue
[2023-12-20T06:25:00.956+0000] {logging_mixin.py:188} INFO - [2023-12-20T06:25:00.955+0000] {dagbag.py:538} INFO - Filling up the DagBag from /home/airflow/.local/lib/python3.8/site-packages/airflow/example_dags/example_bash_operator.py
[2023-12-20T06:25:01.104+0000] {processor.py:840} INFO - DAG(s) 'example_bash_operator' retrieved from /home/airflow/.local/lib/python3.8/site-packages/airflow/example_dags/example_bash_operator.py
[2023-12-20T06:25:01.299+0000] {logging_mixin.py:188} INFO - [2023-12-20T06:25:01.299+0000] {dag.py:3033} INFO - Sync 1 DAGs
[2023-12-20T06:25:01.603+0000] {logging_mixin.py:188} INFO - [2023-12-20T06:25:01.602+0000] {dag.py:3820} INFO - Setting next_dagrun for example_bash_operator to 2023-12-19T00:00:00+00:00, run_after=2023-12-20T00:00:00+00:00
[2023-12-20T06:25:01.753+0000] {processor.py:183} INFO - Processing /home/airflow/.local/lib/python3.8/site-packages/airflow/example_dags/example_bash_operator.py took 0.980 seconds
[2023-12-20T06:25:31.970+0000] {processor.py:161} INFO - Started process (PID=1936) to work on /home/airflow/.local/lib/python3.8/site-packages/airflow/example_dags/example_bash_operator.py
[2023-12-20T06:25:31.972+0000] {processor.py:830} INFO - Processing file /home/airflow/.local/lib/python3.8/site-packages/airflow/example_dags/example_bash_operator.py for tasks to queue
[2023-12-20T06:25:31.974+0000] {logging_mixin.py:188} INFO - [2023-12-20T06:25:31.973+0000] {dagbag.py:538} INFO - Filling up the DagBag from /home/airflow/.local/lib/python3.8/site-packages/airflow/example_dags/example_bash_operator.py
[2023-12-20T06:25:32.022+0000] {processor.py:840} INFO - DAG(s) 'example_bash_operator' retrieved from /home/airflow/.local/lib/python3.8/site-packages/airflow/example_dags/example_bash_operator.py
[2023-12-20T06:25:32.267+0000] {logging_mixin.py:188} INFO - [2023-12-20T06:25:32.266+0000] {dag.py:3033} INFO - Sync 1 DAGs
[2023-12-20T06:25:32.404+0000] {logging_mixin.py:188} INFO - [2023-12-20T06:25:32.403+0000] {dag.py:3820} INFO - Setting next_dagrun for example_bash_operator to 2023-12-19T00:00:00+00:00, run_after=2023-12-20T00:00:00+00:00
[2023-12-20T06:25:32.562+0000] {processor.py:183} INFO - Processing /home/airflow/.local/lib/python3.8/site-packages/airflow/example_dags/example_bash_operator.py took 0.607 seconds
[2023-12-20T06:26:02.718+0000] {processor.py:161} INFO - Started process (PID=1991) to work on /home/airflow/.local/lib/python3.8/site-packages/airflow/example_dags/example_bash_operator.py
[2023-12-20T06:26:02.720+0000] {processor.py:830} INFO - Processing file /home/airflow/.local/lib/python3.8/site-packages/airflow/example_dags/example_bash_operator.py for tasks to queue
[2023-12-20T06:26:02.727+0000] {logging_mixin.py:188} INFO - [2023-12-20T06:26:02.726+0000] {dagbag.py:538} INFO - Filling up the DagBag from /home/airflow/.local/lib/python3.8/site-packages/airflow/example_dags/example_bash_operator.py
[2023-12-20T06:26:02.774+0000] {processor.py:840} INFO - DAG(s) 'example_bash_operator' retrieved from /home/airflow/.local/lib/python3.8/site-packages/airflow/example_dags/example_bash_operator.py
[2023-12-20T06:26:02.920+0000] {logging_mixin.py:188} INFO - [2023-12-20T06:26:02.920+0000] {dag.py:3033} INFO - Sync 1 DAGs
[2023-12-20T06:26:02.996+0000] {logging_mixin.py:188} INFO - [2023-12-20T06:26:02.996+0000] {dag.py:3820} INFO - Setting next_dagrun for example_bash_operator to 2023-12-19T00:00:00+00:00, run_after=2023-12-20T00:00:00+00:00
[2023-12-20T06:26:03.089+0000] {processor.py:183} INFO - Processing /home/airflow/.local/lib/python3.8/site-packages/airflow/example_dags/example_bash_operator.py took 0.390 seconds
[2023-12-20T06:26:33.746+0000] {processor.py:161} INFO - Started process (PID=2046) to work on /home/airflow/.local/lib/python3.8/site-packages/airflow/example_dags/example_bash_operator.py
[2023-12-20T06:26:33.752+0000] {processor.py:830} INFO - Processing file /home/airflow/.local/lib/python3.8/site-packages/airflow/example_dags/example_bash_operator.py for tasks to queue
[2023-12-20T06:26:33.754+0000] {logging_mixin.py:188} INFO - [2023-12-20T06:26:33.753+0000] {dagbag.py:538} INFO - Filling up the DagBag from /home/airflow/.local/lib/python3.8/site-packages/airflow/example_dags/example_bash_operator.py
[2023-12-20T06:26:33.839+0000] {processor.py:840} INFO - DAG(s) 'example_bash_operator' retrieved from /home/airflow/.local/lib/python3.8/site-packages/airflow/example_dags/example_bash_operator.py
[2023-12-20T06:26:33.990+0000] {logging_mixin.py:188} INFO - [2023-12-20T06:26:33.990+0000] {dag.py:3033} INFO - Sync 1 DAGs
[2023-12-20T06:26:34.053+0000] {logging_mixin.py:188} INFO - [2023-12-20T06:26:34.053+0000] {dag.py:3820} INFO - Setting next_dagrun for example_bash_operator to 2023-12-19T00:00:00+00:00, run_after=2023-12-20T00:00:00+00:00
[2023-12-20T06:26:34.145+0000] {processor.py:183} INFO - Processing /home/airflow/.local/lib/python3.8/site-packages/airflow/example_dags/example_bash_operator.py took 0.412 seconds
[2023-12-20T06:27:10.973+0000] {processor.py:161} INFO - Started process (PID=2099) to work on /home/airflow/.local/lib/python3.8/site-packages/airflow/example_dags/example_bash_operator.py
[2023-12-20T06:27:10.977+0000] {processor.py:830} INFO - Processing file /home/airflow/.local/lib/python3.8/site-packages/airflow/example_dags/example_bash_operator.py for tasks to queue
[2023-12-20T06:27:10.980+0000] {logging_mixin.py:188} INFO - [2023-12-20T06:27:10.979+0000] {dagbag.py:538} INFO - Filling up the DagBag from /home/airflow/.local/lib/python3.8/site-packages/airflow/example_dags/example_bash_operator.py
[2023-12-20T06:27:11.066+0000] {processor.py:840} INFO - DAG(s) 'example_bash_operator' retrieved from /home/airflow/.local/lib/python3.8/site-packages/airflow/example_dags/example_bash_operator.py
[2023-12-20T06:27:11.467+0000] {logging_mixin.py:188} INFO - [2023-12-20T06:27:11.466+0000] {dag.py:3033} INFO - Sync 1 DAGs
[2023-12-20T06:27:11.799+0000] {logging_mixin.py:188} INFO - [2023-12-20T06:27:11.798+0000] {dag.py:3820} INFO - Setting next_dagrun for example_bash_operator to 2023-12-19T00:00:00+00:00, run_after=2023-12-20T00:00:00+00:00
[2023-12-20T06:27:11.926+0000] {processor.py:183} INFO - Processing /home/airflow/.local/lib/python3.8/site-packages/airflow/example_dags/example_bash_operator.py took 0.975 seconds
[2023-12-20T06:27:42.037+0000] {processor.py:161} INFO - Started process (PID=2156) to work on /home/airflow/.local/lib/python3.8/site-packages/airflow/example_dags/example_bash_operator.py
[2023-12-20T06:27:42.039+0000] {processor.py:830} INFO - Processing file /home/airflow/.local/lib/python3.8/site-packages/airflow/example_dags/example_bash_operator.py for tasks to queue
[2023-12-20T06:27:42.041+0000] {logging_mixin.py:188} INFO - [2023-12-20T06:27:42.041+0000] {dagbag.py:538} INFO - Filling up the DagBag from /home/airflow/.local/lib/python3.8/site-packages/airflow/example_dags/example_bash_operator.py
[2023-12-20T06:27:42.070+0000] {processor.py:840} INFO - DAG(s) 'example_bash_operator' retrieved from /home/airflow/.local/lib/python3.8/site-packages/airflow/example_dags/example_bash_operator.py
[2023-12-20T06:27:42.171+0000] {logging_mixin.py:188} INFO - [2023-12-20T06:27:42.171+0000] {dag.py:3033} INFO - Sync 1 DAGs
[2023-12-20T06:27:42.241+0000] {logging_mixin.py:188} INFO - [2023-12-20T06:27:42.240+0000] {dag.py:3820} INFO - Setting next_dagrun for example_bash_operator to 2023-12-19T00:00:00+00:00, run_after=2023-12-20T00:00:00+00:00
[2023-12-20T06:27:42.570+0000] {processor.py:183} INFO - Processing /home/airflow/.local/lib/python3.8/site-packages/airflow/example_dags/example_bash_operator.py took 0.540 seconds
[2023-12-20T06:28:17.490+0000] {processor.py:161} INFO - Started process (PID=2222) to work on /home/airflow/.local/lib/python3.8/site-packages/airflow/example_dags/example_bash_operator.py
[2023-12-20T06:28:17.492+0000] {processor.py:830} INFO - Processing file /home/airflow/.local/lib/python3.8/site-packages/airflow/example_dags/example_bash_operator.py for tasks to queue
[2023-12-20T06:28:17.494+0000] {logging_mixin.py:188} INFO - [2023-12-20T06:28:17.493+0000] {dagbag.py:538} INFO - Filling up the DagBag from /home/airflow/.local/lib/python3.8/site-packages/airflow/example_dags/example_bash_operator.py
[2023-12-20T06:28:17.526+0000] {processor.py:840} INFO - DAG(s) 'example_bash_operator' retrieved from /home/airflow/.local/lib/python3.8/site-packages/airflow/example_dags/example_bash_operator.py
[2023-12-20T06:28:17.611+0000] {logging_mixin.py:188} INFO - [2023-12-20T06:28:17.611+0000] {dag.py:3033} INFO - Sync 1 DAGs
[2023-12-20T06:28:17.680+0000] {logging_mixin.py:188} INFO - [2023-12-20T06:28:17.680+0000] {dag.py:3820} INFO - Setting next_dagrun for example_bash_operator to 2023-12-19T00:00:00+00:00, run_after=2023-12-20T00:00:00+00:00
[2023-12-20T06:28:17.738+0000] {processor.py:183} INFO - Processing /home/airflow/.local/lib/python3.8/site-packages/airflow/example_dags/example_bash_operator.py took 0.255 seconds
[2023-12-20T06:28:48.426+0000] {processor.py:161} INFO - Started process (PID=2279) to work on /home/airflow/.local/lib/python3.8/site-packages/airflow/example_dags/example_bash_operator.py
[2023-12-20T06:28:48.432+0000] {processor.py:830} INFO - Processing file /home/airflow/.local/lib/python3.8/site-packages/airflow/example_dags/example_bash_operator.py for tasks to queue
[2023-12-20T06:28:48.437+0000] {logging_mixin.py:188} INFO - [2023-12-20T06:28:48.437+0000] {dagbag.py:538} INFO - Filling up the DagBag from /home/airflow/.local/lib/python3.8/site-packages/airflow/example_dags/example_bash_operator.py
[2023-12-20T06:28:48.487+0000] {processor.py:840} INFO - DAG(s) 'example_bash_operator' retrieved from /home/airflow/.local/lib/python3.8/site-packages/airflow/example_dags/example_bash_operator.py
[2023-12-20T06:28:48.697+0000] {logging_mixin.py:188} INFO - [2023-12-20T06:28:48.694+0000] {dag.py:3033} INFO - Sync 1 DAGs
[2023-12-20T06:28:48.843+0000] {logging_mixin.py:188} INFO - [2023-12-20T06:28:48.842+0000] {dag.py:3820} INFO - Setting next_dagrun for example_bash_operator to 2023-12-19T00:00:00+00:00, run_after=2023-12-20T00:00:00+00:00
[2023-12-20T06:28:48.990+0000] {processor.py:183} INFO - Processing /home/airflow/.local/lib/python3.8/site-packages/airflow/example_dags/example_bash_operator.py took 0.584 seconds
[2023-12-20T06:29:19.193+0000] {processor.py:161} INFO - Started process (PID=2336) to work on /home/airflow/.local/lib/python3.8/site-packages/airflow/example_dags/example_bash_operator.py
[2023-12-20T06:29:19.196+0000] {processor.py:830} INFO - Processing file /home/airflow/.local/lib/python3.8/site-packages/airflow/example_dags/example_bash_operator.py for tasks to queue
[2023-12-20T06:29:19.199+0000] {logging_mixin.py:188} INFO - [2023-12-20T06:29:19.199+0000] {dagbag.py:538} INFO - Filling up the DagBag from /home/airflow/.local/lib/python3.8/site-packages/airflow/example_dags/example_bash_operator.py
[2023-12-20T06:29:19.239+0000] {processor.py:840} INFO - DAG(s) 'example_bash_operator' retrieved from /home/airflow/.local/lib/python3.8/site-packages/airflow/example_dags/example_bash_operator.py
[2023-12-20T06:29:19.321+0000] {logging_mixin.py:188} INFO - [2023-12-20T06:29:19.321+0000] {dag.py:3033} INFO - Sync 1 DAGs
[2023-12-20T06:29:19.417+0000] {logging_mixin.py:188} INFO - [2023-12-20T06:29:19.412+0000] {dag.py:3820} INFO - Setting next_dagrun for example_bash_operator to 2023-12-19T00:00:00+00:00, run_after=2023-12-20T00:00:00+00:00
[2023-12-20T06:29:19.561+0000] {processor.py:183} INFO - Processing /home/airflow/.local/lib/python3.8/site-packages/airflow/example_dags/example_bash_operator.py took 0.394 seconds
[2023-12-20T06:29:49.881+0000] {processor.py:161} INFO - Started process (PID=2393) to work on /home/airflow/.local/lib/python3.8/site-packages/airflow/example_dags/example_bash_operator.py
[2023-12-20T06:29:49.883+0000] {processor.py:830} INFO - Processing file /home/airflow/.local/lib/python3.8/site-packages/airflow/example_dags/example_bash_operator.py for tasks to queue
[2023-12-20T06:29:49.885+0000] {logging_mixin.py:188} INFO - [2023-12-20T06:29:49.885+0000] {dagbag.py:538} INFO - Filling up the DagBag from /home/airflow/.local/lib/python3.8/site-packages/airflow/example_dags/example_bash_operator.py
[2023-12-20T06:29:49.915+0000] {processor.py:840} INFO - DAG(s) 'example_bash_operator' retrieved from /home/airflow/.local/lib/python3.8/site-packages/airflow/example_dags/example_bash_operator.py
[2023-12-20T06:29:49.994+0000] {logging_mixin.py:188} INFO - [2023-12-20T06:29:49.993+0000] {dag.py:3033} INFO - Sync 1 DAGs
[2023-12-20T06:29:50.297+0000] {logging_mixin.py:188} INFO - [2023-12-20T06:29:50.296+0000] {dag.py:3820} INFO - Setting next_dagrun for example_bash_operator to 2023-12-19T00:00:00+00:00, run_after=2023-12-20T00:00:00+00:00
[2023-12-20T06:29:50.350+0000] {processor.py:183} INFO - Processing /home/airflow/.local/lib/python3.8/site-packages/airflow/example_dags/example_bash_operator.py took 0.476 seconds
[2023-12-20T06:30:22.598+0000] {processor.py:161} INFO - Started process (PID=2449) to work on /home/airflow/.local/lib/python3.8/site-packages/airflow/example_dags/example_bash_operator.py
[2023-12-20T06:30:22.614+0000] {processor.py:830} INFO - Processing file /home/airflow/.local/lib/python3.8/site-packages/airflow/example_dags/example_bash_operator.py for tasks to queue
[2023-12-20T06:30:22.626+0000] {logging_mixin.py:188} INFO - [2023-12-20T06:30:22.623+0000] {dagbag.py:538} INFO - Filling up the DagBag from /home/airflow/.local/lib/python3.8/site-packages/airflow/example_dags/example_bash_operator.py
[2023-12-20T06:30:22.791+0000] {processor.py:840} INFO - DAG(s) 'example_bash_operator' retrieved from /home/airflow/.local/lib/python3.8/site-packages/airflow/example_dags/example_bash_operator.py
[2023-12-20T06:30:22.960+0000] {logging_mixin.py:188} INFO - [2023-12-20T06:30:22.960+0000] {dag.py:3033} INFO - Sync 1 DAGs
[2023-12-20T06:30:23.331+0000] {logging_mixin.py:188} INFO - [2023-12-20T06:30:23.330+0000] {dag.py:3820} INFO - Setting next_dagrun for example_bash_operator to 2023-12-19T00:00:00+00:00, run_after=2023-12-20T00:00:00+00:00
[2023-12-20T06:30:23.730+0000] {processor.py:183} INFO - Processing /home/airflow/.local/lib/python3.8/site-packages/airflow/example_dags/example_bash_operator.py took 1.165 seconds
[2023-12-20T06:30:54.235+0000] {processor.py:161} INFO - Started process (PID=2505) to work on /home/airflow/.local/lib/python3.8/site-packages/airflow/example_dags/example_bash_operator.py
[2023-12-20T06:30:54.243+0000] {processor.py:830} INFO - Processing file /home/airflow/.local/lib/python3.8/site-packages/airflow/example_dags/example_bash_operator.py for tasks to queue
[2023-12-20T06:30:54.257+0000] {logging_mixin.py:188} INFO - [2023-12-20T06:30:54.244+0000] {dagbag.py:538} INFO - Filling up the DagBag from /home/airflow/.local/lib/python3.8/site-packages/airflow/example_dags/example_bash_operator.py
[2023-12-20T06:30:54.306+0000] {processor.py:840} INFO - DAG(s) 'example_bash_operator' retrieved from /home/airflow/.local/lib/python3.8/site-packages/airflow/example_dags/example_bash_operator.py
[2023-12-20T06:30:54.439+0000] {logging_mixin.py:188} INFO - [2023-12-20T06:30:54.439+0000] {dag.py:3033} INFO - Sync 1 DAGs
[2023-12-20T06:30:54.530+0000] {logging_mixin.py:188} INFO - [2023-12-20T06:30:54.529+0000] {dag.py:3820} INFO - Setting next_dagrun for example_bash_operator to 2023-12-19T00:00:00+00:00, run_after=2023-12-20T00:00:00+00:00
[2023-12-20T06:30:54.603+0000] {processor.py:183} INFO - Processing /home/airflow/.local/lib/python3.8/site-packages/airflow/example_dags/example_bash_operator.py took 0.427 seconds
[2023-12-20T06:31:33.253+0000] {processor.py:161} INFO - Started process (PID=2563) to work on /home/airflow/.local/lib/python3.8/site-packages/airflow/example_dags/example_bash_operator.py
[2023-12-20T06:31:33.256+0000] {processor.py:830} INFO - Processing file /home/airflow/.local/lib/python3.8/site-packages/airflow/example_dags/example_bash_operator.py for tasks to queue
[2023-12-20T06:31:33.258+0000] {logging_mixin.py:188} INFO - [2023-12-20T06:31:33.257+0000] {dagbag.py:538} INFO - Filling up the DagBag from /home/airflow/.local/lib/python3.8/site-packages/airflow/example_dags/example_bash_operator.py
[2023-12-20T06:31:33.289+0000] {processor.py:840} INFO - DAG(s) 'example_bash_operator' retrieved from /home/airflow/.local/lib/python3.8/site-packages/airflow/example_dags/example_bash_operator.py
[2023-12-20T06:31:33.658+0000] {logging_mixin.py:188} INFO - [2023-12-20T06:31:33.657+0000] {dag.py:3033} INFO - Sync 1 DAGs
[2023-12-20T06:31:33.738+0000] {logging_mixin.py:188} INFO - [2023-12-20T06:31:33.737+0000] {dag.py:3820} INFO - Setting next_dagrun for example_bash_operator to 2023-12-19T00:00:00+00:00, run_after=2023-12-20T00:00:00+00:00
[2023-12-20T06:31:33.791+0000] {processor.py:183} INFO - Processing /home/airflow/.local/lib/python3.8/site-packages/airflow/example_dags/example_bash_operator.py took 0.544 seconds
[2023-12-20T06:32:04.104+0000] {processor.py:161} INFO - Started process (PID=2620) to work on /home/airflow/.local/lib/python3.8/site-packages/airflow/example_dags/example_bash_operator.py
[2023-12-20T06:32:04.114+0000] {processor.py:830} INFO - Processing file /home/airflow/.local/lib/python3.8/site-packages/airflow/example_dags/example_bash_operator.py for tasks to queue
[2023-12-20T06:32:04.116+0000] {logging_mixin.py:188} INFO - [2023-12-20T06:32:04.115+0000] {dagbag.py:538} INFO - Filling up the DagBag from /home/airflow/.local/lib/python3.8/site-packages/airflow/example_dags/example_bash_operator.py
[2023-12-20T06:32:04.203+0000] {processor.py:840} INFO - DAG(s) 'example_bash_operator' retrieved from /home/airflow/.local/lib/python3.8/site-packages/airflow/example_dags/example_bash_operator.py
[2023-12-20T06:32:04.361+0000] {logging_mixin.py:188} INFO - [2023-12-20T06:32:04.361+0000] {dag.py:3033} INFO - Sync 1 DAGs
[2023-12-20T06:32:04.532+0000] {logging_mixin.py:188} INFO - [2023-12-20T06:32:04.520+0000] {dag.py:3820} INFO - Setting next_dagrun for example_bash_operator to 2023-12-19T00:00:00+00:00, run_after=2023-12-20T00:00:00+00:00
[2023-12-20T06:32:04.625+0000] {processor.py:183} INFO - Processing /home/airflow/.local/lib/python3.8/site-packages/airflow/example_dags/example_bash_operator.py took 0.541 seconds
[2023-12-20T06:32:34.721+0000] {processor.py:161} INFO - Started process (PID=2679) to work on /home/airflow/.local/lib/python3.8/site-packages/airflow/example_dags/example_bash_operator.py
[2023-12-20T06:32:34.763+0000] {processor.py:830} INFO - Processing file /home/airflow/.local/lib/python3.8/site-packages/airflow/example_dags/example_bash_operator.py for tasks to queue
[2023-12-20T06:32:34.765+0000] {logging_mixin.py:188} INFO - [2023-12-20T06:32:34.764+0000] {dagbag.py:538} INFO - Filling up the DagBag from /home/airflow/.local/lib/python3.8/site-packages/airflow/example_dags/example_bash_operator.py
[2023-12-20T06:32:34.831+0000] {processor.py:840} INFO - DAG(s) 'example_bash_operator' retrieved from /home/airflow/.local/lib/python3.8/site-packages/airflow/example_dags/example_bash_operator.py
[2023-12-20T06:32:34.937+0000] {logging_mixin.py:188} INFO - [2023-12-20T06:32:34.937+0000] {dag.py:3033} INFO - Sync 1 DAGs
[2023-12-20T06:32:34.999+0000] {logging_mixin.py:188} INFO - [2023-12-20T06:32:34.998+0000] {dag.py:3820} INFO - Setting next_dagrun for example_bash_operator to 2023-12-19T00:00:00+00:00, run_after=2023-12-20T00:00:00+00:00
[2023-12-20T06:32:35.098+0000] {processor.py:183} INFO - Processing /home/airflow/.local/lib/python3.8/site-packages/airflow/example_dags/example_bash_operator.py took 0.384 seconds
[2023-12-20T06:33:05.296+0000] {processor.py:161} INFO - Started process (PID=2738) to work on /home/airflow/.local/lib/python3.8/site-packages/airflow/example_dags/example_bash_operator.py
[2023-12-20T06:33:05.307+0000] {processor.py:830} INFO - Processing file /home/airflow/.local/lib/python3.8/site-packages/airflow/example_dags/example_bash_operator.py for tasks to queue
[2023-12-20T06:33:05.311+0000] {logging_mixin.py:188} INFO - [2023-12-20T06:33:05.310+0000] {dagbag.py:538} INFO - Filling up the DagBag from /home/airflow/.local/lib/python3.8/site-packages/airflow/example_dags/example_bash_operator.py
[2023-12-20T06:33:05.417+0000] {processor.py:840} INFO - DAG(s) 'example_bash_operator' retrieved from /home/airflow/.local/lib/python3.8/site-packages/airflow/example_dags/example_bash_operator.py
[2023-12-20T06:33:05.589+0000] {logging_mixin.py:188} INFO - [2023-12-20T06:33:05.588+0000] {dag.py:3033} INFO - Sync 1 DAGs
[2023-12-20T06:33:05.670+0000] {logging_mixin.py:188} INFO - [2023-12-20T06:33:05.669+0000] {dag.py:3820} INFO - Setting next_dagrun for example_bash_operator to 2023-12-19T00:00:00+00:00, run_after=2023-12-20T00:00:00+00:00
[2023-12-20T06:33:05.726+0000] {processor.py:183} INFO - Processing /home/airflow/.local/lib/python3.8/site-packages/airflow/example_dags/example_bash_operator.py took 0.462 seconds
[2023-12-20T06:33:59.215+0000] {processor.py:161} INFO - Started process (PID=2807) to work on /home/airflow/.local/lib/python3.8/site-packages/airflow/example_dags/example_bash_operator.py
[2023-12-20T06:33:59.221+0000] {processor.py:830} INFO - Processing file /home/airflow/.local/lib/python3.8/site-packages/airflow/example_dags/example_bash_operator.py for tasks to queue
[2023-12-20T06:33:59.229+0000] {logging_mixin.py:188} INFO - [2023-12-20T06:33:59.225+0000] {dagbag.py:538} INFO - Filling up the DagBag from /home/airflow/.local/lib/python3.8/site-packages/airflow/example_dags/example_bash_operator.py
[2023-12-20T06:33:59.435+0000] {processor.py:840} INFO - DAG(s) 'example_bash_operator' retrieved from /home/airflow/.local/lib/python3.8/site-packages/airflow/example_dags/example_bash_operator.py
[2023-12-20T06:33:59.813+0000] {logging_mixin.py:188} INFO - [2023-12-20T06:33:59.813+0000] {dag.py:3033} INFO - Sync 1 DAGs
[2023-12-20T06:34:00.058+0000] {logging_mixin.py:188} INFO - [2023-12-20T06:34:00.052+0000] {dag.py:3820} INFO - Setting next_dagrun for example_bash_operator to 2023-12-19T00:00:00+00:00, run_after=2023-12-20T00:00:00+00:00
[2023-12-20T06:34:00.354+0000] {processor.py:183} INFO - Processing /home/airflow/.local/lib/python3.8/site-packages/airflow/example_dags/example_bash_operator.py took 1.172 seconds
[2023-12-20T06:34:57.390+0000] {processor.py:161} INFO - Started process (PID=2869) to work on /home/airflow/.local/lib/python3.8/site-packages/airflow/example_dags/example_bash_operator.py
[2023-12-20T06:34:57.409+0000] {processor.py:830} INFO - Processing file /home/airflow/.local/lib/python3.8/site-packages/airflow/example_dags/example_bash_operator.py for tasks to queue
[2023-12-20T06:34:57.421+0000] {logging_mixin.py:188} INFO - [2023-12-20T06:34:57.421+0000] {dagbag.py:538} INFO - Filling up the DagBag from /home/airflow/.local/lib/python3.8/site-packages/airflow/example_dags/example_bash_operator.py
[2023-12-20T06:34:57.685+0000] {processor.py:840} INFO - DAG(s) 'example_bash_operator' retrieved from /home/airflow/.local/lib/python3.8/site-packages/airflow/example_dags/example_bash_operator.py
[2023-12-20T06:34:58.626+0000] {logging_mixin.py:188} INFO - [2023-12-20T06:34:58.625+0000] {dag.py:3033} INFO - Sync 1 DAGs
[2023-12-20T06:34:59.171+0000] {logging_mixin.py:188} INFO - [2023-12-20T06:34:59.171+0000] {dag.py:3820} INFO - Setting next_dagrun for example_bash_operator to 2023-12-19T00:00:00+00:00, run_after=2023-12-20T00:00:00+00:00
[2023-12-20T06:34:59.789+0000] {processor.py:183} INFO - Processing /home/airflow/.local/lib/python3.8/site-packages/airflow/example_dags/example_bash_operator.py took 2.457 seconds
[2023-12-20T06:35:56.910+0000] {processor.py:161} INFO - Started process (PID=2932) to work on /home/airflow/.local/lib/python3.8/site-packages/airflow/example_dags/example_bash_operator.py
[2023-12-20T06:35:56.913+0000] {processor.py:830} INFO - Processing file /home/airflow/.local/lib/python3.8/site-packages/airflow/example_dags/example_bash_operator.py for tasks to queue
[2023-12-20T06:35:56.915+0000] {logging_mixin.py:188} INFO - [2023-12-20T06:35:56.914+0000] {dagbag.py:538} INFO - Filling up the DagBag from /home/airflow/.local/lib/python3.8/site-packages/airflow/example_dags/example_bash_operator.py
[2023-12-20T06:35:57.042+0000] {processor.py:840} INFO - DAG(s) 'example_bash_operator' retrieved from /home/airflow/.local/lib/python3.8/site-packages/airflow/example_dags/example_bash_operator.py
[2023-12-20T06:35:57.968+0000] {logging_mixin.py:188} INFO - [2023-12-20T06:35:57.958+0000] {dag.py:3033} INFO - Sync 1 DAGs
[2023-12-20T06:35:58.537+0000] {logging_mixin.py:188} INFO - [2023-12-20T06:35:58.516+0000] {dag.py:3820} INFO - Setting next_dagrun for example_bash_operator to 2023-12-19T00:00:00+00:00, run_after=2023-12-20T00:00:00+00:00
[2023-12-20T06:35:58.889+0000] {processor.py:183} INFO - Processing /home/airflow/.local/lib/python3.8/site-packages/airflow/example_dags/example_bash_operator.py took 1.988 seconds
[2023-12-20T06:36:43.126+0000] {processor.py:161} INFO - Started process (PID=2983) to work on /home/airflow/.local/lib/python3.8/site-packages/airflow/example_dags/example_bash_operator.py
[2023-12-20T06:36:43.131+0000] {processor.py:830} INFO - Processing file /home/airflow/.local/lib/python3.8/site-packages/airflow/example_dags/example_bash_operator.py for tasks to queue
[2023-12-20T06:36:43.133+0000] {logging_mixin.py:188} INFO - [2023-12-20T06:36:43.132+0000] {dagbag.py:538} INFO - Filling up the DagBag from /home/airflow/.local/lib/python3.8/site-packages/airflow/example_dags/example_bash_operator.py
[2023-12-20T06:36:43.242+0000] {processor.py:840} INFO - DAG(s) 'example_bash_operator' retrieved from /home/airflow/.local/lib/python3.8/site-packages/airflow/example_dags/example_bash_operator.py
[2023-12-20T06:36:43.575+0000] {logging_mixin.py:188} INFO - [2023-12-20T06:36:43.574+0000] {dag.py:3033} INFO - Sync 1 DAGs
[2023-12-20T06:36:43.957+0000] {logging_mixin.py:188} INFO - [2023-12-20T06:36:43.956+0000] {dag.py:3820} INFO - Setting next_dagrun for example_bash_operator to 2023-12-19T00:00:00+00:00, run_after=2023-12-20T00:00:00+00:00
[2023-12-20T06:36:44.178+0000] {processor.py:183} INFO - Processing /home/airflow/.local/lib/python3.8/site-packages/airflow/example_dags/example_bash_operator.py took 1.087 seconds
[2023-12-20T06:37:41.341+0000] {processor.py:161} INFO - Started process (PID=3043) to work on /home/airflow/.local/lib/python3.8/site-packages/airflow/example_dags/example_bash_operator.py
[2023-12-20T06:37:41.369+0000] {processor.py:830} INFO - Processing file /home/airflow/.local/lib/python3.8/site-packages/airflow/example_dags/example_bash_operator.py for tasks to queue
[2023-12-20T06:37:41.377+0000] {logging_mixin.py:188} INFO - [2023-12-20T06:37:41.376+0000] {dagbag.py:538} INFO - Filling up the DagBag from /home/airflow/.local/lib/python3.8/site-packages/airflow/example_dags/example_bash_operator.py
[2023-12-20T06:37:41.825+0000] {processor.py:840} INFO - DAG(s) 'example_bash_operator' retrieved from /home/airflow/.local/lib/python3.8/site-packages/airflow/example_dags/example_bash_operator.py
[2023-12-20T06:37:42.636+0000] {logging_mixin.py:188} INFO - [2023-12-20T06:37:42.635+0000] {dag.py:3033} INFO - Sync 1 DAGs
[2023-12-20T06:37:43.381+0000] {logging_mixin.py:188} INFO - [2023-12-20T06:37:43.366+0000] {dag.py:3820} INFO - Setting next_dagrun for example_bash_operator to 2023-12-19T00:00:00+00:00, run_after=2023-12-20T00:00:00+00:00
[2023-12-20T06:37:43.926+0000] {processor.py:183} INFO - Processing /home/airflow/.local/lib/python3.8/site-packages/airflow/example_dags/example_bash_operator.py took 2.771 seconds
[2023-12-20T06:38:15.936+0000] {processor.py:161} INFO - Started process (PID=3102) to work on /home/airflow/.local/lib/python3.8/site-packages/airflow/example_dags/example_bash_operator.py
[2023-12-20T06:38:15.948+0000] {processor.py:830} INFO - Processing file /home/airflow/.local/lib/python3.8/site-packages/airflow/example_dags/example_bash_operator.py for tasks to queue
[2023-12-20T06:38:15.950+0000] {logging_mixin.py:188} INFO - [2023-12-20T06:38:15.950+0000] {dagbag.py:538} INFO - Filling up the DagBag from /home/airflow/.local/lib/python3.8/site-packages/airflow/example_dags/example_bash_operator.py
[2023-12-20T06:38:16.015+0000] {processor.py:840} INFO - DAG(s) 'example_bash_operator' retrieved from /home/airflow/.local/lib/python3.8/site-packages/airflow/example_dags/example_bash_operator.py
[2023-12-20T06:38:16.250+0000] {logging_mixin.py:188} INFO - [2023-12-20T06:38:16.250+0000] {dag.py:3033} INFO - Sync 1 DAGs
[2023-12-20T06:38:16.388+0000] {logging_mixin.py:188} INFO - [2023-12-20T06:38:16.388+0000] {dag.py:3820} INFO - Setting next_dagrun for example_bash_operator to 2023-12-19T00:00:00+00:00, run_after=2023-12-20T00:00:00+00:00
[2023-12-20T06:38:16.539+0000] {processor.py:183} INFO - Processing /home/airflow/.local/lib/python3.8/site-packages/airflow/example_dags/example_bash_operator.py took 0.618 seconds
[2023-12-20T06:38:46.645+0000] {processor.py:161} INFO - Started process (PID=3160) to work on /home/airflow/.local/lib/python3.8/site-packages/airflow/example_dags/example_bash_operator.py
[2023-12-20T06:38:46.646+0000] {processor.py:830} INFO - Processing file /home/airflow/.local/lib/python3.8/site-packages/airflow/example_dags/example_bash_operator.py for tasks to queue
[2023-12-20T06:38:46.648+0000] {logging_mixin.py:188} INFO - [2023-12-20T06:38:46.647+0000] {dagbag.py:538} INFO - Filling up the DagBag from /home/airflow/.local/lib/python3.8/site-packages/airflow/example_dags/example_bash_operator.py
[2023-12-20T06:38:46.686+0000] {processor.py:840} INFO - DAG(s) 'example_bash_operator' retrieved from /home/airflow/.local/lib/python3.8/site-packages/airflow/example_dags/example_bash_operator.py
[2023-12-20T06:38:46.794+0000] {logging_mixin.py:188} INFO - [2023-12-20T06:38:46.793+0000] {dag.py:3033} INFO - Sync 1 DAGs
[2023-12-20T06:38:46.877+0000] {logging_mixin.py:188} INFO - [2023-12-20T06:38:46.876+0000] {dag.py:3820} INFO - Setting next_dagrun for example_bash_operator to 2023-12-19T00:00:00+00:00, run_after=2023-12-20T00:00:00+00:00
[2023-12-20T06:38:46.961+0000] {processor.py:183} INFO - Processing /home/airflow/.local/lib/python3.8/site-packages/airflow/example_dags/example_bash_operator.py took 0.323 seconds
[2023-12-20T06:39:17.733+0000] {processor.py:161} INFO - Started process (PID=3220) to work on /home/airflow/.local/lib/python3.8/site-packages/airflow/example_dags/example_bash_operator.py
[2023-12-20T06:39:17.768+0000] {processor.py:830} INFO - Processing file /home/airflow/.local/lib/python3.8/site-packages/airflow/example_dags/example_bash_operator.py for tasks to queue
[2023-12-20T06:39:17.770+0000] {logging_mixin.py:188} INFO - [2023-12-20T06:39:17.769+0000] {dagbag.py:538} INFO - Filling up the DagBag from /home/airflow/.local/lib/python3.8/site-packages/airflow/example_dags/example_bash_operator.py
[2023-12-20T06:39:17.796+0000] {processor.py:840} INFO - DAG(s) 'example_bash_operator' retrieved from /home/airflow/.local/lib/python3.8/site-packages/airflow/example_dags/example_bash_operator.py
[2023-12-20T06:39:17.879+0000] {logging_mixin.py:188} INFO - [2023-12-20T06:39:17.879+0000] {dag.py:3033} INFO - Sync 1 DAGs
[2023-12-20T06:39:17.941+0000] {logging_mixin.py:188} INFO - [2023-12-20T06:39:17.941+0000] {dag.py:3820} INFO - Setting next_dagrun for example_bash_operator to 2023-12-19T00:00:00+00:00, run_after=2023-12-20T00:00:00+00:00
[2023-12-20T06:39:18.026+0000] {processor.py:183} INFO - Processing /home/airflow/.local/lib/python3.8/site-packages/airflow/example_dags/example_bash_operator.py took 0.307 seconds
[2023-12-20T06:39:48.918+0000] {processor.py:161} INFO - Started process (PID=3280) to work on /home/airflow/.local/lib/python3.8/site-packages/airflow/example_dags/example_bash_operator.py
[2023-12-20T06:39:48.923+0000] {processor.py:830} INFO - Processing file /home/airflow/.local/lib/python3.8/site-packages/airflow/example_dags/example_bash_operator.py for tasks to queue
[2023-12-20T06:39:48.926+0000] {logging_mixin.py:188} INFO - [2023-12-20T06:39:48.925+0000] {dagbag.py:538} INFO - Filling up the DagBag from /home/airflow/.local/lib/python3.8/site-packages/airflow/example_dags/example_bash_operator.py
[2023-12-20T06:39:48.953+0000] {processor.py:840} INFO - DAG(s) 'example_bash_operator' retrieved from /home/airflow/.local/lib/python3.8/site-packages/airflow/example_dags/example_bash_operator.py
[2023-12-20T06:39:49.036+0000] {logging_mixin.py:188} INFO - [2023-12-20T06:39:49.036+0000] {dag.py:3033} INFO - Sync 1 DAGs
[2023-12-20T06:39:49.097+0000] {logging_mixin.py:188} INFO - [2023-12-20T06:39:49.096+0000] {dag.py:3820} INFO - Setting next_dagrun for example_bash_operator to 2023-12-19T00:00:00+00:00, run_after=2023-12-20T00:00:00+00:00
[2023-12-20T06:39:49.160+0000] {processor.py:183} INFO - Processing /home/airflow/.local/lib/python3.8/site-packages/airflow/example_dags/example_bash_operator.py took 0.260 seconds
[2023-12-20T06:40:19.366+0000] {processor.py:161} INFO - Started process (PID=3338) to work on /home/airflow/.local/lib/python3.8/site-packages/airflow/example_dags/example_bash_operator.py
[2023-12-20T06:40:19.401+0000] {processor.py:830} INFO - Processing file /home/airflow/.local/lib/python3.8/site-packages/airflow/example_dags/example_bash_operator.py for tasks to queue
[2023-12-20T06:40:19.407+0000] {logging_mixin.py:188} INFO - [2023-12-20T06:40:19.406+0000] {dagbag.py:538} INFO - Filling up the DagBag from /home/airflow/.local/lib/python3.8/site-packages/airflow/example_dags/example_bash_operator.py
[2023-12-20T06:40:19.444+0000] {processor.py:840} INFO - DAG(s) 'example_bash_operator' retrieved from /home/airflow/.local/lib/python3.8/site-packages/airflow/example_dags/example_bash_operator.py
[2023-12-20T06:40:19.542+0000] {logging_mixin.py:188} INFO - [2023-12-20T06:40:19.541+0000] {dag.py:3033} INFO - Sync 1 DAGs
[2023-12-20T06:40:19.741+0000] {logging_mixin.py:188} INFO - [2023-12-20T06:40:19.741+0000] {dag.py:3820} INFO - Setting next_dagrun for example_bash_operator to 2023-12-19T00:00:00+00:00, run_after=2023-12-20T00:00:00+00:00
[2023-12-20T06:40:19.865+0000] {processor.py:183} INFO - Processing /home/airflow/.local/lib/python3.8/site-packages/airflow/example_dags/example_bash_operator.py took 0.506 seconds
[2023-12-20T06:44:58.042+0000] {processor.py:161} INFO - Started process (PID=3392) to work on /home/airflow/.local/lib/python3.8/site-packages/airflow/example_dags/example_bash_operator.py
[2023-12-20T06:44:58.063+0000] {processor.py:830} INFO - Processing file /home/airflow/.local/lib/python3.8/site-packages/airflow/example_dags/example_bash_operator.py for tasks to queue
[2023-12-20T06:44:58.067+0000] {logging_mixin.py:188} INFO - [2023-12-20T06:44:58.066+0000] {dagbag.py:538} INFO - Filling up the DagBag from /home/airflow/.local/lib/python3.8/site-packages/airflow/example_dags/example_bash_operator.py
[2023-12-20T06:44:58.154+0000] {processor.py:840} INFO - DAG(s) 'example_bash_operator' retrieved from /home/airflow/.local/lib/python3.8/site-packages/airflow/example_dags/example_bash_operator.py
[2023-12-20T06:44:58.329+0000] {logging_mixin.py:188} INFO - [2023-12-20T06:44:58.329+0000] {dag.py:3033} INFO - Sync 1 DAGs
[2023-12-20T06:44:58.439+0000] {logging_mixin.py:188} INFO - [2023-12-20T06:44:58.438+0000] {dag.py:3820} INFO - Setting next_dagrun for example_bash_operator to 2023-12-19T00:00:00+00:00, run_after=2023-12-20T00:00:00+00:00
[2023-12-20T06:44:58.616+0000] {processor.py:183} INFO - Processing /home/airflow/.local/lib/python3.8/site-packages/airflow/example_dags/example_bash_operator.py took 0.581 seconds
[2023-12-20T06:45:29.063+0000] {processor.py:161} INFO - Started process (PID=3450) to work on /home/airflow/.local/lib/python3.8/site-packages/airflow/example_dags/example_bash_operator.py
[2023-12-20T06:45:29.094+0000] {processor.py:830} INFO - Processing file /home/airflow/.local/lib/python3.8/site-packages/airflow/example_dags/example_bash_operator.py for tasks to queue
[2023-12-20T06:45:29.099+0000] {logging_mixin.py:188} INFO - [2023-12-20T06:45:29.099+0000] {dagbag.py:538} INFO - Filling up the DagBag from /home/airflow/.local/lib/python3.8/site-packages/airflow/example_dags/example_bash_operator.py
[2023-12-20T06:45:29.190+0000] {processor.py:840} INFO - DAG(s) 'example_bash_operator' retrieved from /home/airflow/.local/lib/python3.8/site-packages/airflow/example_dags/example_bash_operator.py
[2023-12-20T06:45:29.523+0000] {logging_mixin.py:188} INFO - [2023-12-20T06:45:29.522+0000] {dag.py:3033} INFO - Sync 1 DAGs
[2023-12-20T06:45:29.760+0000] {logging_mixin.py:188} INFO - [2023-12-20T06:45:29.760+0000] {dag.py:3820} INFO - Setting next_dagrun for example_bash_operator to 2023-12-19T00:00:00+00:00, run_after=2023-12-20T00:00:00+00:00
[2023-12-20T06:45:29.945+0000] {processor.py:183} INFO - Processing /home/airflow/.local/lib/python3.8/site-packages/airflow/example_dags/example_bash_operator.py took 0.888 seconds
[2023-12-20T06:46:00.135+0000] {processor.py:161} INFO - Started process (PID=3510) to work on /home/airflow/.local/lib/python3.8/site-packages/airflow/example_dags/example_bash_operator.py
[2023-12-20T06:46:00.137+0000] {processor.py:830} INFO - Processing file /home/airflow/.local/lib/python3.8/site-packages/airflow/example_dags/example_bash_operator.py for tasks to queue
[2023-12-20T06:46:00.139+0000] {logging_mixin.py:188} INFO - [2023-12-20T06:46:00.139+0000] {dagbag.py:538} INFO - Filling up the DagBag from /home/airflow/.local/lib/python3.8/site-packages/airflow/example_dags/example_bash_operator.py
[2023-12-20T06:46:00.167+0000] {processor.py:840} INFO - DAG(s) 'example_bash_operator' retrieved from /home/airflow/.local/lib/python3.8/site-packages/airflow/example_dags/example_bash_operator.py
[2023-12-20T06:46:00.266+0000] {logging_mixin.py:188} INFO - [2023-12-20T06:46:00.266+0000] {dag.py:3033} INFO - Sync 1 DAGs
[2023-12-20T06:46:00.330+0000] {logging_mixin.py:188} INFO - [2023-12-20T06:46:00.329+0000] {dag.py:3820} INFO - Setting next_dagrun for example_bash_operator to 2023-12-19T00:00:00+00:00, run_after=2023-12-20T00:00:00+00:00
[2023-12-20T06:46:00.380+0000] {processor.py:183} INFO - Processing /home/airflow/.local/lib/python3.8/site-packages/airflow/example_dags/example_bash_operator.py took 0.252 seconds
[2023-12-20T06:46:31.017+0000] {processor.py:161} INFO - Started process (PID=3567) to work on /home/airflow/.local/lib/python3.8/site-packages/airflow/example_dags/example_bash_operator.py
[2023-12-20T06:46:31.057+0000] {processor.py:830} INFO - Processing file /home/airflow/.local/lib/python3.8/site-packages/airflow/example_dags/example_bash_operator.py for tasks to queue
[2023-12-20T06:46:31.059+0000] {logging_mixin.py:188} INFO - [2023-12-20T06:46:31.059+0000] {dagbag.py:538} INFO - Filling up the DagBag from /home/airflow/.local/lib/python3.8/site-packages/airflow/example_dags/example_bash_operator.py
[2023-12-20T06:46:31.088+0000] {processor.py:840} INFO - DAG(s) 'example_bash_operator' retrieved from /home/airflow/.local/lib/python3.8/site-packages/airflow/example_dags/example_bash_operator.py
[2023-12-20T06:46:31.187+0000] {logging_mixin.py:188} INFO - [2023-12-20T06:46:31.187+0000] {dag.py:3033} INFO - Sync 1 DAGs
[2023-12-20T06:46:31.257+0000] {logging_mixin.py:188} INFO - [2023-12-20T06:46:31.257+0000] {dag.py:3820} INFO - Setting next_dagrun for example_bash_operator to 2023-12-19T00:00:00+00:00, run_after=2023-12-20T00:00:00+00:00
[2023-12-20T06:46:31.344+0000] {processor.py:183} INFO - Processing /home/airflow/.local/lib/python3.8/site-packages/airflow/example_dags/example_bash_operator.py took 0.338 seconds
[2023-12-20T06:47:02.387+0000] {processor.py:161} INFO - Started process (PID=3625) to work on /home/airflow/.local/lib/python3.8/site-packages/airflow/example_dags/example_bash_operator.py
[2023-12-20T06:47:02.425+0000] {processor.py:830} INFO - Processing file /home/airflow/.local/lib/python3.8/site-packages/airflow/example_dags/example_bash_operator.py for tasks to queue
[2023-12-20T06:47:02.427+0000] {logging_mixin.py:188} INFO - [2023-12-20T06:47:02.427+0000] {dagbag.py:538} INFO - Filling up the DagBag from /home/airflow/.local/lib/python3.8/site-packages/airflow/example_dags/example_bash_operator.py
[2023-12-20T06:47:02.489+0000] {processor.py:840} INFO - DAG(s) 'example_bash_operator' retrieved from /home/airflow/.local/lib/python3.8/site-packages/airflow/example_dags/example_bash_operator.py
[2023-12-20T06:47:02.603+0000] {logging_mixin.py:188} INFO - [2023-12-20T06:47:02.603+0000] {dag.py:3033} INFO - Sync 1 DAGs
[2023-12-20T06:47:02.672+0000] {logging_mixin.py:188} INFO - [2023-12-20T06:47:02.671+0000] {dag.py:3820} INFO - Setting next_dagrun for example_bash_operator to 2023-12-19T00:00:00+00:00, run_after=2023-12-20T00:00:00+00:00
[2023-12-20T06:47:02.731+0000] {processor.py:183} INFO - Processing /home/airflow/.local/lib/python3.8/site-packages/airflow/example_dags/example_bash_operator.py took 0.351 seconds
[2023-12-20T06:47:46.201+0000] {processor.py:161} INFO - Started process (PID=3690) to work on /home/airflow/.local/lib/python3.8/site-packages/airflow/example_dags/example_bash_operator.py
[2023-12-20T06:47:46.214+0000] {processor.py:830} INFO - Processing file /home/airflow/.local/lib/python3.8/site-packages/airflow/example_dags/example_bash_operator.py for tasks to queue
[2023-12-20T06:47:46.217+0000] {logging_mixin.py:188} INFO - [2023-12-20T06:47:46.216+0000] {dagbag.py:538} INFO - Filling up the DagBag from /home/airflow/.local/lib/python3.8/site-packages/airflow/example_dags/example_bash_operator.py
[2023-12-20T06:47:46.542+0000] {processor.py:840} INFO - DAG(s) 'example_bash_operator' retrieved from /home/airflow/.local/lib/python3.8/site-packages/airflow/example_dags/example_bash_operator.py
[2023-12-20T06:47:47.106+0000] {logging_mixin.py:188} INFO - [2023-12-20T06:47:47.106+0000] {dag.py:3033} INFO - Sync 1 DAGs
[2023-12-20T06:47:47.207+0000] {logging_mixin.py:188} INFO - [2023-12-20T06:47:47.206+0000] {dag.py:3820} INFO - Setting next_dagrun for example_bash_operator to 2023-12-19T00:00:00+00:00, run_after=2023-12-20T00:00:00+00:00
[2023-12-20T06:47:47.329+0000] {processor.py:183} INFO - Processing /home/airflow/.local/lib/python3.8/site-packages/airflow/example_dags/example_bash_operator.py took 1.190 seconds
[2023-12-20T06:48:59.698+0000] {processor.py:161} INFO - Started process (PID=3757) to work on /home/airflow/.local/lib/python3.8/site-packages/airflow/example_dags/example_bash_operator.py
[2023-12-20T06:48:59.703+0000] {processor.py:830} INFO - Processing file /home/airflow/.local/lib/python3.8/site-packages/airflow/example_dags/example_bash_operator.py for tasks to queue
[2023-12-20T06:48:59.763+0000] {logging_mixin.py:188} INFO - [2023-12-20T06:48:59.762+0000] {dagbag.py:538} INFO - Filling up the DagBag from /home/airflow/.local/lib/python3.8/site-packages/airflow/example_dags/example_bash_operator.py
[2023-12-20T06:49:00.143+0000] {processor.py:840} INFO - DAG(s) 'example_bash_operator' retrieved from /home/airflow/.local/lib/python3.8/site-packages/airflow/example_dags/example_bash_operator.py
[2023-12-20T06:49:01.026+0000] {logging_mixin.py:188} INFO - [2023-12-20T06:49:01.025+0000] {dag.py:3033} INFO - Sync 1 DAGs
[2023-12-20T06:49:01.886+0000] {logging_mixin.py:188} INFO - [2023-12-20T06:49:01.886+0000] {dag.py:3820} INFO - Setting next_dagrun for example_bash_operator to 2023-12-19T00:00:00+00:00, run_after=2023-12-20T00:00:00+00:00
[2023-12-20T06:49:02.284+0000] {processor.py:183} INFO - Processing /home/airflow/.local/lib/python3.8/site-packages/airflow/example_dags/example_bash_operator.py took 2.676 seconds
