[2023-12-20T05:41:59.962+0000] {processor.py:161} INFO - Started process (PID=105) to work on /home/airflow/.local/lib/python3.8/site-packages/airflow/example_dags/example_task_group_decorator.py
[2023-12-20T05:41:59.991+0000] {processor.py:830} INFO - Processing file /home/airflow/.local/lib/python3.8/site-packages/airflow/example_dags/example_task_group_decorator.py for tasks to queue
[2023-12-20T05:42:00.013+0000] {logging_mixin.py:188} INFO - [2023-12-20T05:42:00.013+0000] {dagbag.py:538} INFO - Filling up the DagBag from /home/airflow/.local/lib/python3.8/site-packages/airflow/example_dags/example_task_group_decorator.py
[2023-12-20T05:42:00.262+0000] {processor.py:840} INFO - DAG(s) 'example_task_group_decorator' retrieved from /home/airflow/.local/lib/python3.8/site-packages/airflow/example_dags/example_task_group_decorator.py
[2023-12-20T05:42:01.867+0000] {logging_mixin.py:188} INFO - [2023-12-20T05:42:01.866+0000] {dag.py:3033} INFO - Sync 1 DAGs
[2023-12-20T05:42:02.104+0000] {logging_mixin.py:188} INFO - [2023-12-20T05:42:02.104+0000] {dag.py:3820} INFO - Setting next_dagrun for example_task_group_decorator to 2023-12-19T00:00:00+00:00, run_after=2023-12-20T00:00:00+00:00
[2023-12-20T05:42:02.327+0000] {processor.py:183} INFO - Processing /home/airflow/.local/lib/python3.8/site-packages/airflow/example_dags/example_task_group_decorator.py took 2.396 seconds
[2023-12-20T06:07:11.907+0000] {processor.py:161} INFO - Started process (PID=85) to work on /home/airflow/.local/lib/python3.8/site-packages/airflow/example_dags/example_task_group_decorator.py
[2023-12-20T06:07:11.940+0000] {processor.py:830} INFO - Processing file /home/airflow/.local/lib/python3.8/site-packages/airflow/example_dags/example_task_group_decorator.py for tasks to queue
[2023-12-20T06:07:11.946+0000] {logging_mixin.py:188} INFO - [2023-12-20T06:07:11.946+0000] {dagbag.py:538} INFO - Filling up the DagBag from /home/airflow/.local/lib/python3.8/site-packages/airflow/example_dags/example_task_group_decorator.py
[2023-12-20T06:07:12.267+0000] {processor.py:840} INFO - DAG(s) 'example_task_group_decorator' retrieved from /home/airflow/.local/lib/python3.8/site-packages/airflow/example_dags/example_task_group_decorator.py
[2023-12-20T06:07:12.718+0000] {logging_mixin.py:188} INFO - [2023-12-20T06:07:12.701+0000] {dag.py:3033} INFO - Sync 1 DAGs
[2023-12-20T06:07:13.185+0000] {logging_mixin.py:188} INFO - [2023-12-20T06:07:13.185+0000] {dag.py:3820} INFO - Setting next_dagrun for example_task_group_decorator to 2023-12-19T00:00:00+00:00, run_after=2023-12-20T00:00:00+00:00
[2023-12-20T06:07:13.359+0000] {processor.py:183} INFO - Processing /home/airflow/.local/lib/python3.8/site-packages/airflow/example_dags/example_task_group_decorator.py took 1.507 seconds
[2023-12-20T06:07:43.637+0000] {processor.py:161} INFO - Started process (PID=140) to work on /home/airflow/.local/lib/python3.8/site-packages/airflow/example_dags/example_task_group_decorator.py
[2023-12-20T06:07:43.645+0000] {processor.py:830} INFO - Processing file /home/airflow/.local/lib/python3.8/site-packages/airflow/example_dags/example_task_group_decorator.py for tasks to queue
[2023-12-20T06:07:43.649+0000] {logging_mixin.py:188} INFO - [2023-12-20T06:07:43.648+0000] {dagbag.py:538} INFO - Filling up the DagBag from /home/airflow/.local/lib/python3.8/site-packages/airflow/example_dags/example_task_group_decorator.py
[2023-12-20T06:07:43.685+0000] {processor.py:840} INFO - DAG(s) 'example_task_group_decorator' retrieved from /home/airflow/.local/lib/python3.8/site-packages/airflow/example_dags/example_task_group_decorator.py
[2023-12-20T06:07:43.745+0000] {logging_mixin.py:188} INFO - [2023-12-20T06:07:43.745+0000] {dag.py:3033} INFO - Sync 1 DAGs
[2023-12-20T06:07:43.800+0000] {logging_mixin.py:188} INFO - [2023-12-20T06:07:43.800+0000] {dag.py:3820} INFO - Setting next_dagrun for example_task_group_decorator to 2023-12-19T00:00:00+00:00, run_after=2023-12-20T00:00:00+00:00
[2023-12-20T06:07:43.897+0000] {processor.py:183} INFO - Processing /home/airflow/.local/lib/python3.8/site-packages/airflow/example_dags/example_task_group_decorator.py took 0.266 seconds
[2023-12-20T06:08:14.440+0000] {processor.py:161} INFO - Started process (PID=195) to work on /home/airflow/.local/lib/python3.8/site-packages/airflow/example_dags/example_task_group_decorator.py
[2023-12-20T06:08:14.448+0000] {processor.py:830} INFO - Processing file /home/airflow/.local/lib/python3.8/site-packages/airflow/example_dags/example_task_group_decorator.py for tasks to queue
[2023-12-20T06:08:14.460+0000] {logging_mixin.py:188} INFO - [2023-12-20T06:08:14.460+0000] {dagbag.py:538} INFO - Filling up the DagBag from /home/airflow/.local/lib/python3.8/site-packages/airflow/example_dags/example_task_group_decorator.py
[2023-12-20T06:08:14.524+0000] {processor.py:840} INFO - DAG(s) 'example_task_group_decorator' retrieved from /home/airflow/.local/lib/python3.8/site-packages/airflow/example_dags/example_task_group_decorator.py
[2023-12-20T06:08:14.636+0000] {logging_mixin.py:188} INFO - [2023-12-20T06:08:14.636+0000] {dag.py:3033} INFO - Sync 1 DAGs
[2023-12-20T06:08:14.867+0000] {logging_mixin.py:188} INFO - [2023-12-20T06:08:14.866+0000] {dag.py:3820} INFO - Setting next_dagrun for example_task_group_decorator to 2023-12-19T00:00:00+00:00, run_after=2023-12-20T00:00:00+00:00
[2023-12-20T06:08:15.014+0000] {processor.py:183} INFO - Processing /home/airflow/.local/lib/python3.8/site-packages/airflow/example_dags/example_task_group_decorator.py took 0.585 seconds
[2023-12-20T06:09:04.084+0000] {processor.py:161} INFO - Started process (PID=262) to work on /home/airflow/.local/lib/python3.8/site-packages/airflow/example_dags/example_task_group_decorator.py
[2023-12-20T06:09:04.128+0000] {processor.py:830} INFO - Processing file /home/airflow/.local/lib/python3.8/site-packages/airflow/example_dags/example_task_group_decorator.py for tasks to queue
[2023-12-20T06:09:04.144+0000] {logging_mixin.py:188} INFO - [2023-12-20T06:09:04.143+0000] {dagbag.py:538} INFO - Filling up the DagBag from /home/airflow/.local/lib/python3.8/site-packages/airflow/example_dags/example_task_group_decorator.py
[2023-12-20T06:09:04.529+0000] {processor.py:840} INFO - DAG(s) 'example_task_group_decorator' retrieved from /home/airflow/.local/lib/python3.8/site-packages/airflow/example_dags/example_task_group_decorator.py
[2023-12-20T06:09:04.830+0000] {logging_mixin.py:188} INFO - [2023-12-20T06:09:04.830+0000] {dag.py:3033} INFO - Sync 1 DAGs
[2023-12-20T06:09:05.279+0000] {logging_mixin.py:188} INFO - [2023-12-20T06:09:05.279+0000] {dag.py:3820} INFO - Setting next_dagrun for example_task_group_decorator to 2023-12-19T00:00:00+00:00, run_after=2023-12-20T00:00:00+00:00
[2023-12-20T06:09:05.850+0000] {processor.py:183} INFO - Processing /home/airflow/.local/lib/python3.8/site-packages/airflow/example_dags/example_task_group_decorator.py took 1.836 seconds
[2023-12-20T06:09:36.782+0000] {processor.py:161} INFO - Started process (PID=316) to work on /home/airflow/.local/lib/python3.8/site-packages/airflow/example_dags/example_task_group_decorator.py
[2023-12-20T06:09:36.783+0000] {processor.py:830} INFO - Processing file /home/airflow/.local/lib/python3.8/site-packages/airflow/example_dags/example_task_group_decorator.py for tasks to queue
[2023-12-20T06:09:36.788+0000] {logging_mixin.py:188} INFO - [2023-12-20T06:09:36.787+0000] {dagbag.py:538} INFO - Filling up the DagBag from /home/airflow/.local/lib/python3.8/site-packages/airflow/example_dags/example_task_group_decorator.py
[2023-12-20T06:09:36.868+0000] {processor.py:840} INFO - DAG(s) 'example_task_group_decorator' retrieved from /home/airflow/.local/lib/python3.8/site-packages/airflow/example_dags/example_task_group_decorator.py
[2023-12-20T06:09:37.006+0000] {logging_mixin.py:188} INFO - [2023-12-20T06:09:37.005+0000] {dag.py:3033} INFO - Sync 1 DAGs
[2023-12-20T06:09:37.143+0000] {logging_mixin.py:188} INFO - [2023-12-20T06:09:37.143+0000] {dag.py:3820} INFO - Setting next_dagrun for example_task_group_decorator to 2023-12-19T00:00:00+00:00, run_after=2023-12-20T00:00:00+00:00
[2023-12-20T06:09:37.254+0000] {processor.py:183} INFO - Processing /home/airflow/.local/lib/python3.8/site-packages/airflow/example_dags/example_task_group_decorator.py took 0.483 seconds
[2023-12-20T06:10:07.813+0000] {processor.py:161} INFO - Started process (PID=370) to work on /home/airflow/.local/lib/python3.8/site-packages/airflow/example_dags/example_task_group_decorator.py
[2023-12-20T06:10:07.852+0000] {processor.py:830} INFO - Processing file /home/airflow/.local/lib/python3.8/site-packages/airflow/example_dags/example_task_group_decorator.py for tasks to queue
[2023-12-20T06:10:07.856+0000] {logging_mixin.py:188} INFO - [2023-12-20T06:10:07.856+0000] {dagbag.py:538} INFO - Filling up the DagBag from /home/airflow/.local/lib/python3.8/site-packages/airflow/example_dags/example_task_group_decorator.py
[2023-12-20T06:10:07.912+0000] {processor.py:840} INFO - DAG(s) 'example_task_group_decorator' retrieved from /home/airflow/.local/lib/python3.8/site-packages/airflow/example_dags/example_task_group_decorator.py
[2023-12-20T06:10:07.989+0000] {logging_mixin.py:188} INFO - [2023-12-20T06:10:07.988+0000] {dag.py:3033} INFO - Sync 1 DAGs
[2023-12-20T06:10:08.177+0000] {logging_mixin.py:188} INFO - [2023-12-20T06:10:08.175+0000] {dag.py:3820} INFO - Setting next_dagrun for example_task_group_decorator to 2023-12-19T00:00:00+00:00, run_after=2023-12-20T00:00:00+00:00
[2023-12-20T06:10:08.273+0000] {processor.py:183} INFO - Processing /home/airflow/.local/lib/python3.8/site-packages/airflow/example_dags/example_task_group_decorator.py took 0.482 seconds
[2023-12-20T06:10:39.261+0000] {processor.py:161} INFO - Started process (PID=425) to work on /home/airflow/.local/lib/python3.8/site-packages/airflow/example_dags/example_task_group_decorator.py
[2023-12-20T06:10:39.296+0000] {processor.py:830} INFO - Processing file /home/airflow/.local/lib/python3.8/site-packages/airflow/example_dags/example_task_group_decorator.py for tasks to queue
[2023-12-20T06:10:39.307+0000] {logging_mixin.py:188} INFO - [2023-12-20T06:10:39.299+0000] {dagbag.py:538} INFO - Filling up the DagBag from /home/airflow/.local/lib/python3.8/site-packages/airflow/example_dags/example_task_group_decorator.py
[2023-12-20T06:10:39.428+0000] {processor.py:840} INFO - DAG(s) 'example_task_group_decorator' retrieved from /home/airflow/.local/lib/python3.8/site-packages/airflow/example_dags/example_task_group_decorator.py
[2023-12-20T06:10:39.657+0000] {logging_mixin.py:188} INFO - [2023-12-20T06:10:39.657+0000] {dag.py:3033} INFO - Sync 1 DAGs
[2023-12-20T06:10:39.857+0000] {logging_mixin.py:188} INFO - [2023-12-20T06:10:39.852+0000] {dag.py:3820} INFO - Setting next_dagrun for example_task_group_decorator to 2023-12-19T00:00:00+00:00, run_after=2023-12-20T00:00:00+00:00
[2023-12-20T06:10:40.027+0000] {processor.py:183} INFO - Processing /home/airflow/.local/lib/python3.8/site-packages/airflow/example_dags/example_task_group_decorator.py took 0.776 seconds
[2023-12-20T06:11:10.160+0000] {processor.py:161} INFO - Started process (PID=480) to work on /home/airflow/.local/lib/python3.8/site-packages/airflow/example_dags/example_task_group_decorator.py
[2023-12-20T06:11:10.196+0000] {processor.py:830} INFO - Processing file /home/airflow/.local/lib/python3.8/site-packages/airflow/example_dags/example_task_group_decorator.py for tasks to queue
[2023-12-20T06:11:10.201+0000] {logging_mixin.py:188} INFO - [2023-12-20T06:11:10.200+0000] {dagbag.py:538} INFO - Filling up the DagBag from /home/airflow/.local/lib/python3.8/site-packages/airflow/example_dags/example_task_group_decorator.py
[2023-12-20T06:11:10.243+0000] {processor.py:840} INFO - DAG(s) 'example_task_group_decorator' retrieved from /home/airflow/.local/lib/python3.8/site-packages/airflow/example_dags/example_task_group_decorator.py
[2023-12-20T06:11:10.309+0000] {logging_mixin.py:188} INFO - [2023-12-20T06:11:10.309+0000] {dag.py:3033} INFO - Sync 1 DAGs
[2023-12-20T06:11:10.370+0000] {logging_mixin.py:188} INFO - [2023-12-20T06:11:10.369+0000] {dag.py:3820} INFO - Setting next_dagrun for example_task_group_decorator to 2023-12-19T00:00:00+00:00, run_after=2023-12-20T00:00:00+00:00
[2023-12-20T06:11:10.467+0000] {processor.py:183} INFO - Processing /home/airflow/.local/lib/python3.8/site-packages/airflow/example_dags/example_task_group_decorator.py took 0.320 seconds
[2023-12-20T06:11:40.726+0000] {processor.py:161} INFO - Started process (PID=535) to work on /home/airflow/.local/lib/python3.8/site-packages/airflow/example_dags/example_task_group_decorator.py
[2023-12-20T06:11:40.761+0000] {processor.py:830} INFO - Processing file /home/airflow/.local/lib/python3.8/site-packages/airflow/example_dags/example_task_group_decorator.py for tasks to queue
[2023-12-20T06:11:40.765+0000] {logging_mixin.py:188} INFO - [2023-12-20T06:11:40.764+0000] {dagbag.py:538} INFO - Filling up the DagBag from /home/airflow/.local/lib/python3.8/site-packages/airflow/example_dags/example_task_group_decorator.py
[2023-12-20T06:11:40.806+0000] {processor.py:840} INFO - DAG(s) 'example_task_group_decorator' retrieved from /home/airflow/.local/lib/python3.8/site-packages/airflow/example_dags/example_task_group_decorator.py
[2023-12-20T06:11:40.867+0000] {logging_mixin.py:188} INFO - [2023-12-20T06:11:40.867+0000] {dag.py:3033} INFO - Sync 1 DAGs
[2023-12-20T06:11:40.924+0000] {logging_mixin.py:188} INFO - [2023-12-20T06:11:40.923+0000] {dag.py:3820} INFO - Setting next_dagrun for example_task_group_decorator to 2023-12-19T00:00:00+00:00, run_after=2023-12-20T00:00:00+00:00
[2023-12-20T06:11:41.054+0000] {processor.py:183} INFO - Processing /home/airflow/.local/lib/python3.8/site-packages/airflow/example_dags/example_task_group_decorator.py took 0.334 seconds
[2023-12-20T06:12:14.412+0000] {processor.py:161} INFO - Started process (PID=590) to work on /home/airflow/.local/lib/python3.8/site-packages/airflow/example_dags/example_task_group_decorator.py
[2023-12-20T06:12:14.460+0000] {processor.py:830} INFO - Processing file /home/airflow/.local/lib/python3.8/site-packages/airflow/example_dags/example_task_group_decorator.py for tasks to queue
[2023-12-20T06:12:14.472+0000] {logging_mixin.py:188} INFO - [2023-12-20T06:12:14.467+0000] {dagbag.py:538} INFO - Filling up the DagBag from /home/airflow/.local/lib/python3.8/site-packages/airflow/example_dags/example_task_group_decorator.py
[2023-12-20T06:12:14.661+0000] {processor.py:840} INFO - DAG(s) 'example_task_group_decorator' retrieved from /home/airflow/.local/lib/python3.8/site-packages/airflow/example_dags/example_task_group_decorator.py
[2023-12-20T06:12:14.971+0000] {logging_mixin.py:188} INFO - [2023-12-20T06:12:14.969+0000] {dag.py:3033} INFO - Sync 1 DAGs
[2023-12-20T06:12:15.283+0000] {logging_mixin.py:188} INFO - [2023-12-20T06:12:15.283+0000] {dag.py:3820} INFO - Setting next_dagrun for example_task_group_decorator to 2023-12-19T00:00:00+00:00, run_after=2023-12-20T00:00:00+00:00
[2023-12-20T06:12:15.723+0000] {processor.py:183} INFO - Processing /home/airflow/.local/lib/python3.8/site-packages/airflow/example_dags/example_task_group_decorator.py took 1.368 seconds
[2023-12-20T06:12:52.683+0000] {processor.py:161} INFO - Started process (PID=646) to work on /home/airflow/.local/lib/python3.8/site-packages/airflow/example_dags/example_task_group_decorator.py
[2023-12-20T06:12:52.704+0000] {processor.py:830} INFO - Processing file /home/airflow/.local/lib/python3.8/site-packages/airflow/example_dags/example_task_group_decorator.py for tasks to queue
[2023-12-20T06:12:52.754+0000] {logging_mixin.py:188} INFO - [2023-12-20T06:12:52.742+0000] {dagbag.py:538} INFO - Filling up the DagBag from /home/airflow/.local/lib/python3.8/site-packages/airflow/example_dags/example_task_group_decorator.py
[2023-12-20T06:12:53.083+0000] {processor.py:840} INFO - DAG(s) 'example_task_group_decorator' retrieved from /home/airflow/.local/lib/python3.8/site-packages/airflow/example_dags/example_task_group_decorator.py
[2023-12-20T06:12:53.431+0000] {logging_mixin.py:188} INFO - [2023-12-20T06:12:53.431+0000] {dag.py:3033} INFO - Sync 1 DAGs
[2023-12-20T06:12:53.777+0000] {logging_mixin.py:188} INFO - [2023-12-20T06:12:53.776+0000] {dag.py:3820} INFO - Setting next_dagrun for example_task_group_decorator to 2023-12-19T00:00:00+00:00, run_after=2023-12-20T00:00:00+00:00
[2023-12-20T06:12:54.077+0000] {processor.py:183} INFO - Processing /home/airflow/.local/lib/python3.8/site-packages/airflow/example_dags/example_task_group_decorator.py took 1.464 seconds
[2023-12-20T06:13:29.800+0000] {processor.py:161} INFO - Started process (PID=698) to work on /home/airflow/.local/lib/python3.8/site-packages/airflow/example_dags/example_task_group_decorator.py
[2023-12-20T06:13:29.822+0000] {processor.py:830} INFO - Processing file /home/airflow/.local/lib/python3.8/site-packages/airflow/example_dags/example_task_group_decorator.py for tasks to queue
[2023-12-20T06:13:29.848+0000] {logging_mixin.py:188} INFO - [2023-12-20T06:13:29.847+0000] {dagbag.py:538} INFO - Filling up the DagBag from /home/airflow/.local/lib/python3.8/site-packages/airflow/example_dags/example_task_group_decorator.py
[2023-12-20T06:13:30.221+0000] {processor.py:840} INFO - DAG(s) 'example_task_group_decorator' retrieved from /home/airflow/.local/lib/python3.8/site-packages/airflow/example_dags/example_task_group_decorator.py
[2023-12-20T06:13:30.893+0000] {logging_mixin.py:188} INFO - [2023-12-20T06:13:30.881+0000] {dag.py:3033} INFO - Sync 1 DAGs
[2023-12-20T06:13:31.456+0000] {logging_mixin.py:188} INFO - [2023-12-20T06:13:31.448+0000] {dag.py:3820} INFO - Setting next_dagrun for example_task_group_decorator to 2023-12-19T00:00:00+00:00, run_after=2023-12-20T00:00:00+00:00
[2023-12-20T06:13:32.202+0000] {processor.py:183} INFO - Processing /home/airflow/.local/lib/python3.8/site-packages/airflow/example_dags/example_task_group_decorator.py took 2.448 seconds
[2023-12-20T06:14:17.735+0000] {processor.py:161} INFO - Started process (PID=763) to work on /home/airflow/.local/lib/python3.8/site-packages/airflow/example_dags/example_task_group_decorator.py
[2023-12-20T06:14:17.749+0000] {processor.py:830} INFO - Processing file /home/airflow/.local/lib/python3.8/site-packages/airflow/example_dags/example_task_group_decorator.py for tasks to queue
[2023-12-20T06:14:17.772+0000] {logging_mixin.py:188} INFO - [2023-12-20T06:14:17.771+0000] {dagbag.py:538} INFO - Filling up the DagBag from /home/airflow/.local/lib/python3.8/site-packages/airflow/example_dags/example_task_group_decorator.py
[2023-12-20T06:14:18.155+0000] {processor.py:840} INFO - DAG(s) 'example_task_group_decorator' retrieved from /home/airflow/.local/lib/python3.8/site-packages/airflow/example_dags/example_task_group_decorator.py
[2023-12-20T06:14:18.662+0000] {logging_mixin.py:188} INFO - [2023-12-20T06:14:18.662+0000] {dag.py:3033} INFO - Sync 1 DAGs
[2023-12-20T06:14:19.331+0000] {logging_mixin.py:188} INFO - [2023-12-20T06:14:19.330+0000] {dag.py:3820} INFO - Setting next_dagrun for example_task_group_decorator to 2023-12-19T00:00:00+00:00, run_after=2023-12-20T00:00:00+00:00
[2023-12-20T06:14:19.758+0000] {processor.py:183} INFO - Processing /home/airflow/.local/lib/python3.8/site-packages/airflow/example_dags/example_task_group_decorator.py took 2.104 seconds
[2023-12-20T06:14:52.382+0000] {processor.py:161} INFO - Started process (PID=818) to work on /home/airflow/.local/lib/python3.8/site-packages/airflow/example_dags/example_task_group_decorator.py
[2023-12-20T06:14:52.436+0000] {processor.py:830} INFO - Processing file /home/airflow/.local/lib/python3.8/site-packages/airflow/example_dags/example_task_group_decorator.py for tasks to queue
[2023-12-20T06:14:52.440+0000] {logging_mixin.py:188} INFO - [2023-12-20T06:14:52.439+0000] {dagbag.py:538} INFO - Filling up the DagBag from /home/airflow/.local/lib/python3.8/site-packages/airflow/example_dags/example_task_group_decorator.py
[2023-12-20T06:14:52.557+0000] {processor.py:840} INFO - DAG(s) 'example_task_group_decorator' retrieved from /home/airflow/.local/lib/python3.8/site-packages/airflow/example_dags/example_task_group_decorator.py
[2023-12-20T06:14:52.669+0000] {logging_mixin.py:188} INFO - [2023-12-20T06:14:52.668+0000] {dag.py:3033} INFO - Sync 1 DAGs
[2023-12-20T06:14:52.734+0000] {logging_mixin.py:188} INFO - [2023-12-20T06:14:52.733+0000] {dag.py:3820} INFO - Setting next_dagrun for example_task_group_decorator to 2023-12-19T00:00:00+00:00, run_after=2023-12-20T00:00:00+00:00
[2023-12-20T06:14:52.840+0000] {processor.py:183} INFO - Processing /home/airflow/.local/lib/python3.8/site-packages/airflow/example_dags/example_task_group_decorator.py took 0.470 seconds
[2023-12-20T06:15:23.471+0000] {processor.py:161} INFO - Started process (PID=873) to work on /home/airflow/.local/lib/python3.8/site-packages/airflow/example_dags/example_task_group_decorator.py
[2023-12-20T06:15:23.477+0000] {processor.py:830} INFO - Processing file /home/airflow/.local/lib/python3.8/site-packages/airflow/example_dags/example_task_group_decorator.py for tasks to queue
[2023-12-20T06:15:23.492+0000] {logging_mixin.py:188} INFO - [2023-12-20T06:15:23.491+0000] {dagbag.py:538} INFO - Filling up the DagBag from /home/airflow/.local/lib/python3.8/site-packages/airflow/example_dags/example_task_group_decorator.py
[2023-12-20T06:15:23.746+0000] {processor.py:840} INFO - DAG(s) 'example_task_group_decorator' retrieved from /home/airflow/.local/lib/python3.8/site-packages/airflow/example_dags/example_task_group_decorator.py
[2023-12-20T06:15:23.968+0000] {logging_mixin.py:188} INFO - [2023-12-20T06:15:23.967+0000] {dag.py:3033} INFO - Sync 1 DAGs
[2023-12-20T06:15:24.128+0000] {logging_mixin.py:188} INFO - [2023-12-20T06:15:24.127+0000] {dag.py:3820} INFO - Setting next_dagrun for example_task_group_decorator to 2023-12-19T00:00:00+00:00, run_after=2023-12-20T00:00:00+00:00
[2023-12-20T06:15:24.260+0000] {processor.py:183} INFO - Processing /home/airflow/.local/lib/python3.8/site-packages/airflow/example_dags/example_task_group_decorator.py took 0.822 seconds
[2023-12-20T06:15:54.580+0000] {processor.py:161} INFO - Started process (PID=928) to work on /home/airflow/.local/lib/python3.8/site-packages/airflow/example_dags/example_task_group_decorator.py
[2023-12-20T06:15:54.599+0000] {processor.py:830} INFO - Processing file /home/airflow/.local/lib/python3.8/site-packages/airflow/example_dags/example_task_group_decorator.py for tasks to queue
[2023-12-20T06:15:54.604+0000] {logging_mixin.py:188} INFO - [2023-12-20T06:15:54.604+0000] {dagbag.py:538} INFO - Filling up the DagBag from /home/airflow/.local/lib/python3.8/site-packages/airflow/example_dags/example_task_group_decorator.py
[2023-12-20T06:15:54.947+0000] {processor.py:840} INFO - DAG(s) 'example_task_group_decorator' retrieved from /home/airflow/.local/lib/python3.8/site-packages/airflow/example_dags/example_task_group_decorator.py
[2023-12-20T06:15:55.251+0000] {logging_mixin.py:188} INFO - [2023-12-20T06:15:55.251+0000] {dag.py:3033} INFO - Sync 1 DAGs
[2023-12-20T06:15:55.470+0000] {logging_mixin.py:188} INFO - [2023-12-20T06:15:55.469+0000] {dag.py:3820} INFO - Setting next_dagrun for example_task_group_decorator to 2023-12-19T00:00:00+00:00, run_after=2023-12-20T00:00:00+00:00
[2023-12-20T06:15:55.687+0000] {processor.py:183} INFO - Processing /home/airflow/.local/lib/python3.8/site-packages/airflow/example_dags/example_task_group_decorator.py took 1.140 seconds
[2023-12-20T06:16:26.344+0000] {processor.py:161} INFO - Started process (PID=983) to work on /home/airflow/.local/lib/python3.8/site-packages/airflow/example_dags/example_task_group_decorator.py
[2023-12-20T06:16:26.389+0000] {processor.py:830} INFO - Processing file /home/airflow/.local/lib/python3.8/site-packages/airflow/example_dags/example_task_group_decorator.py for tasks to queue
[2023-12-20T06:16:26.404+0000] {logging_mixin.py:188} INFO - [2023-12-20T06:16:26.403+0000] {dagbag.py:538} INFO - Filling up the DagBag from /home/airflow/.local/lib/python3.8/site-packages/airflow/example_dags/example_task_group_decorator.py
[2023-12-20T06:16:26.665+0000] {processor.py:840} INFO - DAG(s) 'example_task_group_decorator' retrieved from /home/airflow/.local/lib/python3.8/site-packages/airflow/example_dags/example_task_group_decorator.py
[2023-12-20T06:16:26.970+0000] {logging_mixin.py:188} INFO - [2023-12-20T06:16:26.970+0000] {dag.py:3033} INFO - Sync 1 DAGs
[2023-12-20T06:16:27.097+0000] {logging_mixin.py:188} INFO - [2023-12-20T06:16:27.089+0000] {dag.py:3820} INFO - Setting next_dagrun for example_task_group_decorator to 2023-12-19T00:00:00+00:00, run_after=2023-12-20T00:00:00+00:00
[2023-12-20T06:16:27.192+0000] {processor.py:183} INFO - Processing /home/airflow/.local/lib/python3.8/site-packages/airflow/example_dags/example_task_group_decorator.py took 0.872 seconds
[2023-12-20T06:16:57.765+0000] {processor.py:161} INFO - Started process (PID=1038) to work on /home/airflow/.local/lib/python3.8/site-packages/airflow/example_dags/example_task_group_decorator.py
[2023-12-20T06:16:57.766+0000] {processor.py:830} INFO - Processing file /home/airflow/.local/lib/python3.8/site-packages/airflow/example_dags/example_task_group_decorator.py for tasks to queue
[2023-12-20T06:16:57.781+0000] {logging_mixin.py:188} INFO - [2023-12-20T06:16:57.781+0000] {dagbag.py:538} INFO - Filling up the DagBag from /home/airflow/.local/lib/python3.8/site-packages/airflow/example_dags/example_task_group_decorator.py
[2023-12-20T06:16:58.169+0000] {processor.py:840} INFO - DAG(s) 'example_task_group_decorator' retrieved from /home/airflow/.local/lib/python3.8/site-packages/airflow/example_dags/example_task_group_decorator.py
[2023-12-20T06:16:58.414+0000] {logging_mixin.py:188} INFO - [2023-12-20T06:16:58.414+0000] {dag.py:3033} INFO - Sync 1 DAGs
[2023-12-20T06:16:58.534+0000] {logging_mixin.py:188} INFO - [2023-12-20T06:16:58.533+0000] {dag.py:3820} INFO - Setting next_dagrun for example_task_group_decorator to 2023-12-19T00:00:00+00:00, run_after=2023-12-20T00:00:00+00:00
[2023-12-20T06:16:58.674+0000] {processor.py:183} INFO - Processing /home/airflow/.local/lib/python3.8/site-packages/airflow/example_dags/example_task_group_decorator.py took 0.955 seconds
[2023-12-20T06:17:31.866+0000] {processor.py:161} INFO - Started process (PID=1094) to work on /home/airflow/.local/lib/python3.8/site-packages/airflow/example_dags/example_task_group_decorator.py
[2023-12-20T06:17:31.869+0000] {processor.py:830} INFO - Processing file /home/airflow/.local/lib/python3.8/site-packages/airflow/example_dags/example_task_group_decorator.py for tasks to queue
[2023-12-20T06:17:31.887+0000] {logging_mixin.py:188} INFO - [2023-12-20T06:17:31.887+0000] {dagbag.py:538} INFO - Filling up the DagBag from /home/airflow/.local/lib/python3.8/site-packages/airflow/example_dags/example_task_group_decorator.py
[2023-12-20T06:17:31.976+0000] {processor.py:840} INFO - DAG(s) 'example_task_group_decorator' retrieved from /home/airflow/.local/lib/python3.8/site-packages/airflow/example_dags/example_task_group_decorator.py
[2023-12-20T06:17:32.058+0000] {logging_mixin.py:188} INFO - [2023-12-20T06:17:32.057+0000] {dag.py:3033} INFO - Sync 1 DAGs
[2023-12-20T06:17:32.127+0000] {logging_mixin.py:188} INFO - [2023-12-20T06:17:32.126+0000] {dag.py:3820} INFO - Setting next_dagrun for example_task_group_decorator to 2023-12-19T00:00:00+00:00, run_after=2023-12-20T00:00:00+00:00
[2023-12-20T06:17:32.231+0000] {processor.py:183} INFO - Processing /home/airflow/.local/lib/python3.8/site-packages/airflow/example_dags/example_task_group_decorator.py took 0.406 seconds
[2023-12-20T06:18:10.962+0000] {processor.py:161} INFO - Started process (PID=1159) to work on /home/airflow/.local/lib/python3.8/site-packages/airflow/example_dags/example_task_group_decorator.py
[2023-12-20T06:18:10.969+0000] {processor.py:830} INFO - Processing file /home/airflow/.local/lib/python3.8/site-packages/airflow/example_dags/example_task_group_decorator.py for tasks to queue
[2023-12-20T06:18:10.976+0000] {logging_mixin.py:188} INFO - [2023-12-20T06:18:10.975+0000] {dagbag.py:538} INFO - Filling up the DagBag from /home/airflow/.local/lib/python3.8/site-packages/airflow/example_dags/example_task_group_decorator.py
[2023-12-20T06:18:11.098+0000] {processor.py:840} INFO - DAG(s) 'example_task_group_decorator' retrieved from /home/airflow/.local/lib/python3.8/site-packages/airflow/example_dags/example_task_group_decorator.py
[2023-12-20T06:18:11.284+0000] {logging_mixin.py:188} INFO - [2023-12-20T06:18:11.283+0000] {dag.py:3033} INFO - Sync 1 DAGs
[2023-12-20T06:18:11.427+0000] {logging_mixin.py:188} INFO - [2023-12-20T06:18:11.427+0000] {dag.py:3820} INFO - Setting next_dagrun for example_task_group_decorator to 2023-12-19T00:00:00+00:00, run_after=2023-12-20T00:00:00+00:00
[2023-12-20T06:18:11.518+0000] {processor.py:183} INFO - Processing /home/airflow/.local/lib/python3.8/site-packages/airflow/example_dags/example_task_group_decorator.py took 0.569 seconds
[2023-12-20T06:18:42.724+0000] {processor.py:161} INFO - Started process (PID=1214) to work on /home/airflow/.local/lib/python3.8/site-packages/airflow/example_dags/example_task_group_decorator.py
[2023-12-20T06:18:42.732+0000] {processor.py:830} INFO - Processing file /home/airflow/.local/lib/python3.8/site-packages/airflow/example_dags/example_task_group_decorator.py for tasks to queue
[2023-12-20T06:18:42.744+0000] {logging_mixin.py:188} INFO - [2023-12-20T06:18:42.743+0000] {dagbag.py:538} INFO - Filling up the DagBag from /home/airflow/.local/lib/python3.8/site-packages/airflow/example_dags/example_task_group_decorator.py
[2023-12-20T06:18:42.819+0000] {processor.py:840} INFO - DAG(s) 'example_task_group_decorator' retrieved from /home/airflow/.local/lib/python3.8/site-packages/airflow/example_dags/example_task_group_decorator.py
[2023-12-20T06:18:42.905+0000] {logging_mixin.py:188} INFO - [2023-12-20T06:18:42.904+0000] {dag.py:3033} INFO - Sync 1 DAGs
[2023-12-20T06:18:42.978+0000] {logging_mixin.py:188} INFO - [2023-12-20T06:18:42.977+0000] {dag.py:3820} INFO - Setting next_dagrun for example_task_group_decorator to 2023-12-19T00:00:00+00:00, run_after=2023-12-20T00:00:00+00:00
[2023-12-20T06:18:43.031+0000] {processor.py:183} INFO - Processing /home/airflow/.local/lib/python3.8/site-packages/airflow/example_dags/example_task_group_decorator.py took 0.325 seconds
[2023-12-20T06:19:13.134+0000] {processor.py:161} INFO - Started process (PID=1269) to work on /home/airflow/.local/lib/python3.8/site-packages/airflow/example_dags/example_task_group_decorator.py
[2023-12-20T06:19:13.149+0000] {processor.py:830} INFO - Processing file /home/airflow/.local/lib/python3.8/site-packages/airflow/example_dags/example_task_group_decorator.py for tasks to queue
[2023-12-20T06:19:13.153+0000] {logging_mixin.py:188} INFO - [2023-12-20T06:19:13.152+0000] {dagbag.py:538} INFO - Filling up the DagBag from /home/airflow/.local/lib/python3.8/site-packages/airflow/example_dags/example_task_group_decorator.py
[2023-12-20T06:19:13.226+0000] {processor.py:840} INFO - DAG(s) 'example_task_group_decorator' retrieved from /home/airflow/.local/lib/python3.8/site-packages/airflow/example_dags/example_task_group_decorator.py
[2023-12-20T06:19:13.314+0000] {logging_mixin.py:188} INFO - [2023-12-20T06:19:13.313+0000] {dag.py:3033} INFO - Sync 1 DAGs
[2023-12-20T06:19:13.458+0000] {logging_mixin.py:188} INFO - [2023-12-20T06:19:13.458+0000] {dag.py:3820} INFO - Setting next_dagrun for example_task_group_decorator to 2023-12-19T00:00:00+00:00, run_after=2023-12-20T00:00:00+00:00
[2023-12-20T06:19:13.520+0000] {processor.py:183} INFO - Processing /home/airflow/.local/lib/python3.8/site-packages/airflow/example_dags/example_task_group_decorator.py took 0.399 seconds
[2023-12-20T06:19:45.524+0000] {processor.py:161} INFO - Started process (PID=1324) to work on /home/airflow/.local/lib/python3.8/site-packages/airflow/example_dags/example_task_group_decorator.py
[2023-12-20T06:19:45.592+0000] {processor.py:830} INFO - Processing file /home/airflow/.local/lib/python3.8/site-packages/airflow/example_dags/example_task_group_decorator.py for tasks to queue
[2023-12-20T06:19:45.603+0000] {logging_mixin.py:188} INFO - [2023-12-20T06:19:45.603+0000] {dagbag.py:538} INFO - Filling up the DagBag from /home/airflow/.local/lib/python3.8/site-packages/airflow/example_dags/example_task_group_decorator.py
[2023-12-20T06:19:45.859+0000] {processor.py:840} INFO - DAG(s) 'example_task_group_decorator' retrieved from /home/airflow/.local/lib/python3.8/site-packages/airflow/example_dags/example_task_group_decorator.py
[2023-12-20T06:19:46.129+0000] {logging_mixin.py:188} INFO - [2023-12-20T06:19:46.129+0000] {dag.py:3033} INFO - Sync 1 DAGs
[2023-12-20T06:19:46.303+0000] {logging_mixin.py:188} INFO - [2023-12-20T06:19:46.302+0000] {dag.py:3820} INFO - Setting next_dagrun for example_task_group_decorator to 2023-12-19T00:00:00+00:00, run_after=2023-12-20T00:00:00+00:00
[2023-12-20T06:19:46.427+0000] {processor.py:183} INFO - Processing /home/airflow/.local/lib/python3.8/site-packages/airflow/example_dags/example_task_group_decorator.py took 0.926 seconds
[2023-12-20T06:20:16.594+0000] {processor.py:161} INFO - Started process (PID=1377) to work on /home/airflow/.local/lib/python3.8/site-packages/airflow/example_dags/example_task_group_decorator.py
[2023-12-20T06:20:16.598+0000] {processor.py:830} INFO - Processing file /home/airflow/.local/lib/python3.8/site-packages/airflow/example_dags/example_task_group_decorator.py for tasks to queue
[2023-12-20T06:20:16.603+0000] {logging_mixin.py:188} INFO - [2023-12-20T06:20:16.603+0000] {dagbag.py:538} INFO - Filling up the DagBag from /home/airflow/.local/lib/python3.8/site-packages/airflow/example_dags/example_task_group_decorator.py
[2023-12-20T06:20:16.643+0000] {processor.py:840} INFO - DAG(s) 'example_task_group_decorator' retrieved from /home/airflow/.local/lib/python3.8/site-packages/airflow/example_dags/example_task_group_decorator.py
[2023-12-20T06:20:16.714+0000] {logging_mixin.py:188} INFO - [2023-12-20T06:20:16.714+0000] {dag.py:3033} INFO - Sync 1 DAGs
[2023-12-20T06:20:16.773+0000] {logging_mixin.py:188} INFO - [2023-12-20T06:20:16.772+0000] {dag.py:3820} INFO - Setting next_dagrun for example_task_group_decorator to 2023-12-19T00:00:00+00:00, run_after=2023-12-20T00:00:00+00:00
[2023-12-20T06:20:16.822+0000] {processor.py:183} INFO - Processing /home/airflow/.local/lib/python3.8/site-packages/airflow/example_dags/example_task_group_decorator.py took 0.234 seconds
[2023-12-20T06:20:47.177+0000] {processor.py:161} INFO - Started process (PID=1431) to work on /home/airflow/.local/lib/python3.8/site-packages/airflow/example_dags/example_task_group_decorator.py
[2023-12-20T06:20:47.179+0000] {processor.py:830} INFO - Processing file /home/airflow/.local/lib/python3.8/site-packages/airflow/example_dags/example_task_group_decorator.py for tasks to queue
[2023-12-20T06:20:47.194+0000] {logging_mixin.py:188} INFO - [2023-12-20T06:20:47.193+0000] {dagbag.py:538} INFO - Filling up the DagBag from /home/airflow/.local/lib/python3.8/site-packages/airflow/example_dags/example_task_group_decorator.py
[2023-12-20T06:20:47.283+0000] {processor.py:840} INFO - DAG(s) 'example_task_group_decorator' retrieved from /home/airflow/.local/lib/python3.8/site-packages/airflow/example_dags/example_task_group_decorator.py
[2023-12-20T06:20:47.389+0000] {logging_mixin.py:188} INFO - [2023-12-20T06:20:47.389+0000] {dag.py:3033} INFO - Sync 1 DAGs
[2023-12-20T06:20:47.521+0000] {logging_mixin.py:188} INFO - [2023-12-20T06:20:47.520+0000] {dag.py:3820} INFO - Setting next_dagrun for example_task_group_decorator to 2023-12-19T00:00:00+00:00, run_after=2023-12-20T00:00:00+00:00
[2023-12-20T06:20:47.586+0000] {processor.py:183} INFO - Processing /home/airflow/.local/lib/python3.8/site-packages/airflow/example_dags/example_task_group_decorator.py took 0.435 seconds
[2023-12-20T06:21:17.970+0000] {processor.py:161} INFO - Started process (PID=1486) to work on /home/airflow/.local/lib/python3.8/site-packages/airflow/example_dags/example_task_group_decorator.py
[2023-12-20T06:21:17.989+0000] {processor.py:830} INFO - Processing file /home/airflow/.local/lib/python3.8/site-packages/airflow/example_dags/example_task_group_decorator.py for tasks to queue
[2023-12-20T06:21:17.994+0000] {logging_mixin.py:188} INFO - [2023-12-20T06:21:17.993+0000] {dagbag.py:538} INFO - Filling up the DagBag from /home/airflow/.local/lib/python3.8/site-packages/airflow/example_dags/example_task_group_decorator.py
[2023-12-20T06:21:18.034+0000] {processor.py:840} INFO - DAG(s) 'example_task_group_decorator' retrieved from /home/airflow/.local/lib/python3.8/site-packages/airflow/example_dags/example_task_group_decorator.py
[2023-12-20T06:21:18.120+0000] {logging_mixin.py:188} INFO - [2023-12-20T06:21:18.119+0000] {dag.py:3033} INFO - Sync 1 DAGs
[2023-12-20T06:21:18.181+0000] {logging_mixin.py:188} INFO - [2023-12-20T06:21:18.180+0000] {dag.py:3820} INFO - Setting next_dagrun for example_task_group_decorator to 2023-12-19T00:00:00+00:00, run_after=2023-12-20T00:00:00+00:00
[2023-12-20T06:21:18.282+0000] {processor.py:183} INFO - Processing /home/airflow/.local/lib/python3.8/site-packages/airflow/example_dags/example_task_group_decorator.py took 0.320 seconds
[2023-12-20T06:21:49.058+0000] {processor.py:161} INFO - Started process (PID=1543) to work on /home/airflow/.local/lib/python3.8/site-packages/airflow/example_dags/example_task_group_decorator.py
[2023-12-20T06:21:49.103+0000] {processor.py:830} INFO - Processing file /home/airflow/.local/lib/python3.8/site-packages/airflow/example_dags/example_task_group_decorator.py for tasks to queue
[2023-12-20T06:21:49.121+0000] {logging_mixin.py:188} INFO - [2023-12-20T06:21:49.120+0000] {dagbag.py:538} INFO - Filling up the DagBag from /home/airflow/.local/lib/python3.8/site-packages/airflow/example_dags/example_task_group_decorator.py
[2023-12-20T06:21:49.205+0000] {processor.py:840} INFO - DAG(s) 'example_task_group_decorator' retrieved from /home/airflow/.local/lib/python3.8/site-packages/airflow/example_dags/example_task_group_decorator.py
[2023-12-20T06:21:49.318+0000] {logging_mixin.py:188} INFO - [2023-12-20T06:21:49.317+0000] {dag.py:3033} INFO - Sync 1 DAGs
[2023-12-20T06:21:49.411+0000] {logging_mixin.py:188} INFO - [2023-12-20T06:21:49.410+0000] {dag.py:3820} INFO - Setting next_dagrun for example_task_group_decorator to 2023-12-19T00:00:00+00:00, run_after=2023-12-20T00:00:00+00:00
[2023-12-20T06:21:49.481+0000] {processor.py:183} INFO - Processing /home/airflow/.local/lib/python3.8/site-packages/airflow/example_dags/example_task_group_decorator.py took 0.431 seconds
[2023-12-20T06:22:20.048+0000] {processor.py:161} INFO - Started process (PID=1598) to work on /home/airflow/.local/lib/python3.8/site-packages/airflow/example_dags/example_task_group_decorator.py
[2023-12-20T06:22:20.054+0000] {processor.py:830} INFO - Processing file /home/airflow/.local/lib/python3.8/site-packages/airflow/example_dags/example_task_group_decorator.py for tasks to queue
[2023-12-20T06:22:20.058+0000] {logging_mixin.py:188} INFO - [2023-12-20T06:22:20.057+0000] {dagbag.py:538} INFO - Filling up the DagBag from /home/airflow/.local/lib/python3.8/site-packages/airflow/example_dags/example_task_group_decorator.py
[2023-12-20T06:22:20.116+0000] {processor.py:840} INFO - DAG(s) 'example_task_group_decorator' retrieved from /home/airflow/.local/lib/python3.8/site-packages/airflow/example_dags/example_task_group_decorator.py
[2023-12-20T06:22:20.213+0000] {logging_mixin.py:188} INFO - [2023-12-20T06:22:20.213+0000] {dag.py:3033} INFO - Sync 1 DAGs
[2023-12-20T06:22:20.318+0000] {logging_mixin.py:188} INFO - [2023-12-20T06:22:20.317+0000] {dag.py:3820} INFO - Setting next_dagrun for example_task_group_decorator to 2023-12-19T00:00:00+00:00, run_after=2023-12-20T00:00:00+00:00
[2023-12-20T06:22:20.434+0000] {processor.py:183} INFO - Processing /home/airflow/.local/lib/python3.8/site-packages/airflow/example_dags/example_task_group_decorator.py took 0.395 seconds
[2023-12-20T06:22:50.489+0000] {processor.py:161} INFO - Started process (PID=1653) to work on /home/airflow/.local/lib/python3.8/site-packages/airflow/example_dags/example_task_group_decorator.py
[2023-12-20T06:22:50.491+0000] {processor.py:830} INFO - Processing file /home/airflow/.local/lib/python3.8/site-packages/airflow/example_dags/example_task_group_decorator.py for tasks to queue
[2023-12-20T06:22:50.494+0000] {logging_mixin.py:188} INFO - [2023-12-20T06:22:50.493+0000] {dagbag.py:538} INFO - Filling up the DagBag from /home/airflow/.local/lib/python3.8/site-packages/airflow/example_dags/example_task_group_decorator.py
[2023-12-20T06:22:50.537+0000] {processor.py:840} INFO - DAG(s) 'example_task_group_decorator' retrieved from /home/airflow/.local/lib/python3.8/site-packages/airflow/example_dags/example_task_group_decorator.py
[2023-12-20T06:22:50.606+0000] {logging_mixin.py:188} INFO - [2023-12-20T06:22:50.605+0000] {dag.py:3033} INFO - Sync 1 DAGs
[2023-12-20T06:22:50.664+0000] {logging_mixin.py:188} INFO - [2023-12-20T06:22:50.664+0000] {dag.py:3820} INFO - Setting next_dagrun for example_task_group_decorator to 2023-12-19T00:00:00+00:00, run_after=2023-12-20T00:00:00+00:00
[2023-12-20T06:22:50.717+0000] {processor.py:183} INFO - Processing /home/airflow/.local/lib/python3.8/site-packages/airflow/example_dags/example_task_group_decorator.py took 0.239 seconds
[2023-12-20T06:23:21.573+0000] {processor.py:161} INFO - Started process (PID=1708) to work on /home/airflow/.local/lib/python3.8/site-packages/airflow/example_dags/example_task_group_decorator.py
[2023-12-20T06:23:21.608+0000] {processor.py:830} INFO - Processing file /home/airflow/.local/lib/python3.8/site-packages/airflow/example_dags/example_task_group_decorator.py for tasks to queue
[2023-12-20T06:23:21.610+0000] {logging_mixin.py:188} INFO - [2023-12-20T06:23:21.609+0000] {dagbag.py:538} INFO - Filling up the DagBag from /home/airflow/.local/lib/python3.8/site-packages/airflow/example_dags/example_task_group_decorator.py
[2023-12-20T06:23:21.848+0000] {processor.py:840} INFO - DAG(s) 'example_task_group_decorator' retrieved from /home/airflow/.local/lib/python3.8/site-packages/airflow/example_dags/example_task_group_decorator.py
[2023-12-20T06:23:22.031+0000] {logging_mixin.py:188} INFO - [2023-12-20T06:23:22.031+0000] {dag.py:3033} INFO - Sync 1 DAGs
[2023-12-20T06:23:22.117+0000] {logging_mixin.py:188} INFO - [2023-12-20T06:23:22.117+0000] {dag.py:3820} INFO - Setting next_dagrun for example_task_group_decorator to 2023-12-19T00:00:00+00:00, run_after=2023-12-20T00:00:00+00:00
[2023-12-20T06:23:22.222+0000] {processor.py:183} INFO - Processing /home/airflow/.local/lib/python3.8/site-packages/airflow/example_dags/example_task_group_decorator.py took 0.675 seconds
[2023-12-20T06:23:53.025+0000] {processor.py:161} INFO - Started process (PID=1763) to work on /home/airflow/.local/lib/python3.8/site-packages/airflow/example_dags/example_task_group_decorator.py
[2023-12-20T06:23:53.048+0000] {processor.py:830} INFO - Processing file /home/airflow/.local/lib/python3.8/site-packages/airflow/example_dags/example_task_group_decorator.py for tasks to queue
[2023-12-20T06:23:53.050+0000] {logging_mixin.py:188} INFO - [2023-12-20T06:23:53.050+0000] {dagbag.py:538} INFO - Filling up the DagBag from /home/airflow/.local/lib/python3.8/site-packages/airflow/example_dags/example_task_group_decorator.py
[2023-12-20T06:23:53.106+0000] {processor.py:840} INFO - DAG(s) 'example_task_group_decorator' retrieved from /home/airflow/.local/lib/python3.8/site-packages/airflow/example_dags/example_task_group_decorator.py
[2023-12-20T06:23:53.172+0000] {logging_mixin.py:188} INFO - [2023-12-20T06:23:53.172+0000] {dag.py:3033} INFO - Sync 1 DAGs
[2023-12-20T06:23:53.229+0000] {logging_mixin.py:188} INFO - [2023-12-20T06:23:53.229+0000] {dag.py:3820} INFO - Setting next_dagrun for example_task_group_decorator to 2023-12-19T00:00:00+00:00, run_after=2023-12-20T00:00:00+00:00
[2023-12-20T06:23:53.328+0000] {processor.py:183} INFO - Processing /home/airflow/.local/lib/python3.8/site-packages/airflow/example_dags/example_task_group_decorator.py took 0.311 seconds
[2023-12-20T06:24:23.724+0000] {processor.py:161} INFO - Started process (PID=1818) to work on /home/airflow/.local/lib/python3.8/site-packages/airflow/example_dags/example_task_group_decorator.py
[2023-12-20T06:24:23.735+0000] {processor.py:830} INFO - Processing file /home/airflow/.local/lib/python3.8/site-packages/airflow/example_dags/example_task_group_decorator.py for tasks to queue
[2023-12-20T06:24:23.742+0000] {logging_mixin.py:188} INFO - [2023-12-20T06:24:23.741+0000] {dagbag.py:538} INFO - Filling up the DagBag from /home/airflow/.local/lib/python3.8/site-packages/airflow/example_dags/example_task_group_decorator.py
[2023-12-20T06:24:24.013+0000] {processor.py:840} INFO - DAG(s) 'example_task_group_decorator' retrieved from /home/airflow/.local/lib/python3.8/site-packages/airflow/example_dags/example_task_group_decorator.py
[2023-12-20T06:24:24.430+0000] {logging_mixin.py:188} INFO - [2023-12-20T06:24:24.430+0000] {dag.py:3033} INFO - Sync 1 DAGs
[2023-12-20T06:24:24.618+0000] {logging_mixin.py:188} INFO - [2023-12-20T06:24:24.617+0000] {dag.py:3820} INFO - Setting next_dagrun for example_task_group_decorator to 2023-12-19T00:00:00+00:00, run_after=2023-12-20T00:00:00+00:00
[2023-12-20T06:24:24.804+0000] {processor.py:183} INFO - Processing /home/airflow/.local/lib/python3.8/site-packages/airflow/example_dags/example_task_group_decorator.py took 1.126 seconds
[2023-12-20T06:24:55.426+0000] {processor.py:161} INFO - Started process (PID=1872) to work on /home/airflow/.local/lib/python3.8/site-packages/airflow/example_dags/example_task_group_decorator.py
[2023-12-20T06:24:55.438+0000] {processor.py:830} INFO - Processing file /home/airflow/.local/lib/python3.8/site-packages/airflow/example_dags/example_task_group_decorator.py for tasks to queue
[2023-12-20T06:24:55.440+0000] {logging_mixin.py:188} INFO - [2023-12-20T06:24:55.439+0000] {dagbag.py:538} INFO - Filling up the DagBag from /home/airflow/.local/lib/python3.8/site-packages/airflow/example_dags/example_task_group_decorator.py
[2023-12-20T06:24:55.537+0000] {processor.py:840} INFO - DAG(s) 'example_task_group_decorator' retrieved from /home/airflow/.local/lib/python3.8/site-packages/airflow/example_dags/example_task_group_decorator.py
[2023-12-20T06:24:55.628+0000] {logging_mixin.py:188} INFO - [2023-12-20T06:24:55.627+0000] {dag.py:3033} INFO - Sync 1 DAGs
[2023-12-20T06:24:55.732+0000] {logging_mixin.py:188} INFO - [2023-12-20T06:24:55.731+0000] {dag.py:3820} INFO - Setting next_dagrun for example_task_group_decorator to 2023-12-19T00:00:00+00:00, run_after=2023-12-20T00:00:00+00:00
[2023-12-20T06:24:55.876+0000] {processor.py:183} INFO - Processing /home/airflow/.local/lib/python3.8/site-packages/airflow/example_dags/example_task_group_decorator.py took 0.459 seconds
[2023-12-20T06:25:26.299+0000] {processor.py:161} INFO - Started process (PID=1927) to work on /home/airflow/.local/lib/python3.8/site-packages/airflow/example_dags/example_task_group_decorator.py
[2023-12-20T06:25:26.325+0000] {processor.py:830} INFO - Processing file /home/airflow/.local/lib/python3.8/site-packages/airflow/example_dags/example_task_group_decorator.py for tasks to queue
[2023-12-20T06:25:26.327+0000] {logging_mixin.py:188} INFO - [2023-12-20T06:25:26.326+0000] {dagbag.py:538} INFO - Filling up the DagBag from /home/airflow/.local/lib/python3.8/site-packages/airflow/example_dags/example_task_group_decorator.py
[2023-12-20T06:25:26.398+0000] {processor.py:840} INFO - DAG(s) 'example_task_group_decorator' retrieved from /home/airflow/.local/lib/python3.8/site-packages/airflow/example_dags/example_task_group_decorator.py
[2023-12-20T06:25:26.518+0000] {logging_mixin.py:188} INFO - [2023-12-20T06:25:26.517+0000] {dag.py:3033} INFO - Sync 1 DAGs
[2023-12-20T06:25:26.598+0000] {logging_mixin.py:188} INFO - [2023-12-20T06:25:26.597+0000] {dag.py:3820} INFO - Setting next_dagrun for example_task_group_decorator to 2023-12-19T00:00:00+00:00, run_after=2023-12-20T00:00:00+00:00
[2023-12-20T06:25:26.707+0000] {processor.py:183} INFO - Processing /home/airflow/.local/lib/python3.8/site-packages/airflow/example_dags/example_task_group_decorator.py took 0.415 seconds
[2023-12-20T06:25:56.989+0000] {processor.py:161} INFO - Started process (PID=1982) to work on /home/airflow/.local/lib/python3.8/site-packages/airflow/example_dags/example_task_group_decorator.py
[2023-12-20T06:25:56.991+0000] {processor.py:830} INFO - Processing file /home/airflow/.local/lib/python3.8/site-packages/airflow/example_dags/example_task_group_decorator.py for tasks to queue
[2023-12-20T06:25:57.000+0000] {logging_mixin.py:188} INFO - [2023-12-20T06:25:56.999+0000] {dagbag.py:538} INFO - Filling up the DagBag from /home/airflow/.local/lib/python3.8/site-packages/airflow/example_dags/example_task_group_decorator.py
[2023-12-20T06:25:57.127+0000] {processor.py:840} INFO - DAG(s) 'example_task_group_decorator' retrieved from /home/airflow/.local/lib/python3.8/site-packages/airflow/example_dags/example_task_group_decorator.py
[2023-12-20T06:25:57.330+0000] {logging_mixin.py:188} INFO - [2023-12-20T06:25:57.329+0000] {dag.py:3033} INFO - Sync 1 DAGs
[2023-12-20T06:25:57.551+0000] {logging_mixin.py:188} INFO - [2023-12-20T06:25:57.550+0000] {dag.py:3820} INFO - Setting next_dagrun for example_task_group_decorator to 2023-12-19T00:00:00+00:00, run_after=2023-12-20T00:00:00+00:00
[2023-12-20T06:25:57.662+0000] {processor.py:183} INFO - Processing /home/airflow/.local/lib/python3.8/site-packages/airflow/example_dags/example_task_group_decorator.py took 0.692 seconds
[2023-12-20T06:26:28.436+0000] {processor.py:161} INFO - Started process (PID=2038) to work on /home/airflow/.local/lib/python3.8/site-packages/airflow/example_dags/example_task_group_decorator.py
[2023-12-20T06:26:28.439+0000] {processor.py:830} INFO - Processing file /home/airflow/.local/lib/python3.8/site-packages/airflow/example_dags/example_task_group_decorator.py for tasks to queue
[2023-12-20T06:26:28.444+0000] {logging_mixin.py:188} INFO - [2023-12-20T06:26:28.441+0000] {dagbag.py:538} INFO - Filling up the DagBag from /home/airflow/.local/lib/python3.8/site-packages/airflow/example_dags/example_task_group_decorator.py
[2023-12-20T06:26:28.490+0000] {processor.py:840} INFO - DAG(s) 'example_task_group_decorator' retrieved from /home/airflow/.local/lib/python3.8/site-packages/airflow/example_dags/example_task_group_decorator.py
[2023-12-20T06:26:28.569+0000] {logging_mixin.py:188} INFO - [2023-12-20T06:26:28.569+0000] {dag.py:3033} INFO - Sync 1 DAGs
[2023-12-20T06:26:28.627+0000] {logging_mixin.py:188} INFO - [2023-12-20T06:26:28.626+0000] {dag.py:3820} INFO - Setting next_dagrun for example_task_group_decorator to 2023-12-19T00:00:00+00:00, run_after=2023-12-20T00:00:00+00:00
[2023-12-20T06:26:28.682+0000] {processor.py:183} INFO - Processing /home/airflow/.local/lib/python3.8/site-packages/airflow/example_dags/example_task_group_decorator.py took 0.252 seconds
[2023-12-20T06:27:12.332+0000] {processor.py:161} INFO - Started process (PID=2102) to work on /home/airflow/.local/lib/python3.8/site-packages/airflow/example_dags/example_task_group_decorator.py
[2023-12-20T06:27:12.338+0000] {processor.py:830} INFO - Processing file /home/airflow/.local/lib/python3.8/site-packages/airflow/example_dags/example_task_group_decorator.py for tasks to queue
[2023-12-20T06:27:12.345+0000] {logging_mixin.py:188} INFO - [2023-12-20T06:27:12.339+0000] {dagbag.py:538} INFO - Filling up the DagBag from /home/airflow/.local/lib/python3.8/site-packages/airflow/example_dags/example_task_group_decorator.py
[2023-12-20T06:27:12.429+0000] {processor.py:840} INFO - DAG(s) 'example_task_group_decorator' retrieved from /home/airflow/.local/lib/python3.8/site-packages/airflow/example_dags/example_task_group_decorator.py
[2023-12-20T06:27:12.591+0000] {logging_mixin.py:188} INFO - [2023-12-20T06:27:12.588+0000] {dag.py:3033} INFO - Sync 1 DAGs
[2023-12-20T06:27:12.727+0000] {logging_mixin.py:188} INFO - [2023-12-20T06:27:12.727+0000] {dag.py:3820} INFO - Setting next_dagrun for example_task_group_decorator to 2023-12-19T00:00:00+00:00, run_after=2023-12-20T00:00:00+00:00
[2023-12-20T06:27:12.927+0000] {processor.py:183} INFO - Processing /home/airflow/.local/lib/python3.8/site-packages/airflow/example_dags/example_task_group_decorator.py took 0.622 seconds
[2023-12-20T06:27:43.181+0000] {processor.py:161} INFO - Started process (PID=2159) to work on /home/airflow/.local/lib/python3.8/site-packages/airflow/example_dags/example_task_group_decorator.py
[2023-12-20T06:27:43.217+0000] {processor.py:830} INFO - Processing file /home/airflow/.local/lib/python3.8/site-packages/airflow/example_dags/example_task_group_decorator.py for tasks to queue
[2023-12-20T06:27:43.220+0000] {logging_mixin.py:188} INFO - [2023-12-20T06:27:43.219+0000] {dagbag.py:538} INFO - Filling up the DagBag from /home/airflow/.local/lib/python3.8/site-packages/airflow/example_dags/example_task_group_decorator.py
[2023-12-20T06:27:43.397+0000] {processor.py:840} INFO - DAG(s) 'example_task_group_decorator' retrieved from /home/airflow/.local/lib/python3.8/site-packages/airflow/example_dags/example_task_group_decorator.py
[2023-12-20T06:27:43.538+0000] {logging_mixin.py:188} INFO - [2023-12-20T06:27:43.538+0000] {dag.py:3033} INFO - Sync 1 DAGs
[2023-12-20T06:27:43.611+0000] {logging_mixin.py:188} INFO - [2023-12-20T06:27:43.611+0000] {dag.py:3820} INFO - Setting next_dagrun for example_task_group_decorator to 2023-12-19T00:00:00+00:00, run_after=2023-12-20T00:00:00+00:00
[2023-12-20T06:27:43.928+0000] {processor.py:183} INFO - Processing /home/airflow/.local/lib/python3.8/site-packages/airflow/example_dags/example_task_group_decorator.py took 0.754 seconds
[2023-12-20T06:28:18.313+0000] {processor.py:161} INFO - Started process (PID=2225) to work on /home/airflow/.local/lib/python3.8/site-packages/airflow/example_dags/example_task_group_decorator.py
[2023-12-20T06:28:18.316+0000] {processor.py:830} INFO - Processing file /home/airflow/.local/lib/python3.8/site-packages/airflow/example_dags/example_task_group_decorator.py for tasks to queue
[2023-12-20T06:28:18.319+0000] {logging_mixin.py:188} INFO - [2023-12-20T06:28:18.318+0000] {dagbag.py:538} INFO - Filling up the DagBag from /home/airflow/.local/lib/python3.8/site-packages/airflow/example_dags/example_task_group_decorator.py
[2023-12-20T06:28:18.372+0000] {processor.py:840} INFO - DAG(s) 'example_task_group_decorator' retrieved from /home/airflow/.local/lib/python3.8/site-packages/airflow/example_dags/example_task_group_decorator.py
[2023-12-20T06:28:18.477+0000] {logging_mixin.py:188} INFO - [2023-12-20T06:28:18.476+0000] {dag.py:3033} INFO - Sync 1 DAGs
[2023-12-20T06:28:18.606+0000] {logging_mixin.py:188} INFO - [2023-12-20T06:28:18.605+0000] {dag.py:3820} INFO - Setting next_dagrun for example_task_group_decorator to 2023-12-19T00:00:00+00:00, run_after=2023-12-20T00:00:00+00:00
[2023-12-20T06:28:18.719+0000] {processor.py:183} INFO - Processing /home/airflow/.local/lib/python3.8/site-packages/airflow/example_dags/example_task_group_decorator.py took 0.413 seconds
[2023-12-20T06:28:49.096+0000] {processor.py:161} INFO - Started process (PID=2282) to work on /home/airflow/.local/lib/python3.8/site-packages/airflow/example_dags/example_task_group_decorator.py
[2023-12-20T06:28:49.098+0000] {processor.py:830} INFO - Processing file /home/airflow/.local/lib/python3.8/site-packages/airflow/example_dags/example_task_group_decorator.py for tasks to queue
[2023-12-20T06:28:49.101+0000] {logging_mixin.py:188} INFO - [2023-12-20T06:28:49.101+0000] {dagbag.py:538} INFO - Filling up the DagBag from /home/airflow/.local/lib/python3.8/site-packages/airflow/example_dags/example_task_group_decorator.py
[2023-12-20T06:28:49.155+0000] {processor.py:840} INFO - DAG(s) 'example_task_group_decorator' retrieved from /home/airflow/.local/lib/python3.8/site-packages/airflow/example_dags/example_task_group_decorator.py
[2023-12-20T06:28:49.237+0000] {logging_mixin.py:188} INFO - [2023-12-20T06:28:49.237+0000] {dag.py:3033} INFO - Sync 1 DAGs
[2023-12-20T06:28:49.302+0000] {logging_mixin.py:188} INFO - [2023-12-20T06:28:49.301+0000] {dag.py:3820} INFO - Setting next_dagrun for example_task_group_decorator to 2023-12-19T00:00:00+00:00, run_after=2023-12-20T00:00:00+00:00
[2023-12-20T06:28:49.411+0000] {processor.py:183} INFO - Processing /home/airflow/.local/lib/python3.8/site-packages/airflow/example_dags/example_task_group_decorator.py took 0.333 seconds
[2023-12-20T06:29:19.901+0000] {processor.py:161} INFO - Started process (PID=2339) to work on /home/airflow/.local/lib/python3.8/site-packages/airflow/example_dags/example_task_group_decorator.py
[2023-12-20T06:29:19.910+0000] {processor.py:830} INFO - Processing file /home/airflow/.local/lib/python3.8/site-packages/airflow/example_dags/example_task_group_decorator.py for tasks to queue
[2023-12-20T06:29:19.913+0000] {logging_mixin.py:188} INFO - [2023-12-20T06:29:19.912+0000] {dagbag.py:538} INFO - Filling up the DagBag from /home/airflow/.local/lib/python3.8/site-packages/airflow/example_dags/example_task_group_decorator.py
[2023-12-20T06:29:19.993+0000] {processor.py:840} INFO - DAG(s) 'example_task_group_decorator' retrieved from /home/airflow/.local/lib/python3.8/site-packages/airflow/example_dags/example_task_group_decorator.py
[2023-12-20T06:29:20.057+0000] {logging_mixin.py:188} INFO - [2023-12-20T06:29:20.057+0000] {dag.py:3033} INFO - Sync 1 DAGs
[2023-12-20T06:29:20.114+0000] {logging_mixin.py:188} INFO - [2023-12-20T06:29:20.114+0000] {dag.py:3820} INFO - Setting next_dagrun for example_task_group_decorator to 2023-12-19T00:00:00+00:00, run_after=2023-12-20T00:00:00+00:00
[2023-12-20T06:29:20.165+0000] {processor.py:183} INFO - Processing /home/airflow/.local/lib/python3.8/site-packages/airflow/example_dags/example_task_group_decorator.py took 0.274 seconds
[2023-12-20T06:29:50.944+0000] {processor.py:161} INFO - Started process (PID=2396) to work on /home/airflow/.local/lib/python3.8/site-packages/airflow/example_dags/example_task_group_decorator.py
[2023-12-20T06:29:50.946+0000] {processor.py:830} INFO - Processing file /home/airflow/.local/lib/python3.8/site-packages/airflow/example_dags/example_task_group_decorator.py for tasks to queue
[2023-12-20T06:29:50.948+0000] {logging_mixin.py:188} INFO - [2023-12-20T06:29:50.947+0000] {dagbag.py:538} INFO - Filling up the DagBag from /home/airflow/.local/lib/python3.8/site-packages/airflow/example_dags/example_task_group_decorator.py
[2023-12-20T06:29:50.992+0000] {processor.py:840} INFO - DAG(s) 'example_task_group_decorator' retrieved from /home/airflow/.local/lib/python3.8/site-packages/airflow/example_dags/example_task_group_decorator.py
[2023-12-20T06:29:51.054+0000] {logging_mixin.py:188} INFO - [2023-12-20T06:29:51.054+0000] {dag.py:3033} INFO - Sync 1 DAGs
[2023-12-20T06:29:51.355+0000] {logging_mixin.py:188} INFO - [2023-12-20T06:29:51.355+0000] {dag.py:3820} INFO - Setting next_dagrun for example_task_group_decorator to 2023-12-19T00:00:00+00:00, run_after=2023-12-20T00:00:00+00:00
[2023-12-20T06:29:51.404+0000] {processor.py:183} INFO - Processing /home/airflow/.local/lib/python3.8/site-packages/airflow/example_dags/example_task_group_decorator.py took 0.466 seconds
[2023-12-20T06:30:27.798+0000] {processor.py:161} INFO - Started process (PID=2458) to work on /home/airflow/.local/lib/python3.8/site-packages/airflow/example_dags/example_task_group_decorator.py
[2023-12-20T06:30:27.801+0000] {processor.py:830} INFO - Processing file /home/airflow/.local/lib/python3.8/site-packages/airflow/example_dags/example_task_group_decorator.py for tasks to queue
[2023-12-20T06:30:27.803+0000] {logging_mixin.py:188} INFO - [2023-12-20T06:30:27.802+0000] {dagbag.py:538} INFO - Filling up the DagBag from /home/airflow/.local/lib/python3.8/site-packages/airflow/example_dags/example_task_group_decorator.py
[2023-12-20T06:30:27.854+0000] {processor.py:840} INFO - DAG(s) 'example_task_group_decorator' retrieved from /home/airflow/.local/lib/python3.8/site-packages/airflow/example_dags/example_task_group_decorator.py
[2023-12-20T06:30:27.921+0000] {logging_mixin.py:188} INFO - [2023-12-20T06:30:27.921+0000] {dag.py:3033} INFO - Sync 1 DAGs
[2023-12-20T06:30:27.988+0000] {logging_mixin.py:188} INFO - [2023-12-20T06:30:27.987+0000] {dag.py:3820} INFO - Setting next_dagrun for example_task_group_decorator to 2023-12-19T00:00:00+00:00, run_after=2023-12-20T00:00:00+00:00
[2023-12-20T06:30:28.559+0000] {processor.py:183} INFO - Processing /home/airflow/.local/lib/python3.8/site-packages/airflow/example_dags/example_task_group_decorator.py took 0.769 seconds
[2023-12-20T06:31:03.939+0000] {processor.py:161} INFO - Started process (PID=2515) to work on /home/airflow/.local/lib/python3.8/site-packages/airflow/example_dags/example_task_group_decorator.py
[2023-12-20T06:31:03.948+0000] {processor.py:830} INFO - Processing file /home/airflow/.local/lib/python3.8/site-packages/airflow/example_dags/example_task_group_decorator.py for tasks to queue
[2023-12-20T06:31:03.962+0000] {logging_mixin.py:188} INFO - [2023-12-20T06:31:03.956+0000] {dagbag.py:538} INFO - Filling up the DagBag from /home/airflow/.local/lib/python3.8/site-packages/airflow/example_dags/example_task_group_decorator.py
[2023-12-20T06:31:04.159+0000] {processor.py:840} INFO - DAG(s) 'example_task_group_decorator' retrieved from /home/airflow/.local/lib/python3.8/site-packages/airflow/example_dags/example_task_group_decorator.py
[2023-12-20T06:31:04.459+0000] {logging_mixin.py:188} INFO - [2023-12-20T06:31:04.459+0000] {dag.py:3033} INFO - Sync 1 DAGs
[2023-12-20T06:31:04.829+0000] {logging_mixin.py:188} INFO - [2023-12-20T06:31:04.825+0000] {dag.py:3820} INFO - Setting next_dagrun for example_task_group_decorator to 2023-12-19T00:00:00+00:00, run_after=2023-12-20T00:00:00+00:00
[2023-12-20T06:31:05.057+0000] {processor.py:183} INFO - Processing /home/airflow/.local/lib/python3.8/site-packages/airflow/example_dags/example_task_group_decorator.py took 1.158 seconds
[2023-12-20T06:31:37.631+0000] {processor.py:161} INFO - Started process (PID=2572) to work on /home/airflow/.local/lib/python3.8/site-packages/airflow/example_dags/example_task_group_decorator.py
[2023-12-20T06:31:37.637+0000] {processor.py:830} INFO - Processing file /home/airflow/.local/lib/python3.8/site-packages/airflow/example_dags/example_task_group_decorator.py for tasks to queue
[2023-12-20T06:31:37.639+0000] {logging_mixin.py:188} INFO - [2023-12-20T06:31:37.638+0000] {dagbag.py:538} INFO - Filling up the DagBag from /home/airflow/.local/lib/python3.8/site-packages/airflow/example_dags/example_task_group_decorator.py
[2023-12-20T06:31:38.238+0000] {processor.py:840} INFO - DAG(s) 'example_task_group_decorator' retrieved from /home/airflow/.local/lib/python3.8/site-packages/airflow/example_dags/example_task_group_decorator.py
[2023-12-20T06:31:38.363+0000] {logging_mixin.py:188} INFO - [2023-12-20T06:31:38.363+0000] {dag.py:3033} INFO - Sync 1 DAGs
[2023-12-20T06:31:38.459+0000] {logging_mixin.py:188} INFO - [2023-12-20T06:31:38.458+0000] {dag.py:3820} INFO - Setting next_dagrun for example_task_group_decorator to 2023-12-19T00:00:00+00:00, run_after=2023-12-20T00:00:00+00:00
[2023-12-20T06:31:38.549+0000] {processor.py:183} INFO - Processing /home/airflow/.local/lib/python3.8/site-packages/airflow/example_dags/example_task_group_decorator.py took 0.937 seconds
[2023-12-20T06:32:08.744+0000] {processor.py:161} INFO - Started process (PID=2631) to work on /home/airflow/.local/lib/python3.8/site-packages/airflow/example_dags/example_task_group_decorator.py
[2023-12-20T06:32:08.796+0000] {processor.py:830} INFO - Processing file /home/airflow/.local/lib/python3.8/site-packages/airflow/example_dags/example_task_group_decorator.py for tasks to queue
[2023-12-20T06:32:08.799+0000] {logging_mixin.py:188} INFO - [2023-12-20T06:32:08.798+0000] {dagbag.py:538} INFO - Filling up the DagBag from /home/airflow/.local/lib/python3.8/site-packages/airflow/example_dags/example_task_group_decorator.py
[2023-12-20T06:32:08.839+0000] {processor.py:840} INFO - DAG(s) 'example_task_group_decorator' retrieved from /home/airflow/.local/lib/python3.8/site-packages/airflow/example_dags/example_task_group_decorator.py
[2023-12-20T06:32:08.909+0000] {logging_mixin.py:188} INFO - [2023-12-20T06:32:08.909+0000] {dag.py:3033} INFO - Sync 1 DAGs
[2023-12-20T06:32:08.964+0000] {logging_mixin.py:188} INFO - [2023-12-20T06:32:08.964+0000] {dag.py:3820} INFO - Setting next_dagrun for example_task_group_decorator to 2023-12-19T00:00:00+00:00, run_after=2023-12-20T00:00:00+00:00
[2023-12-20T06:32:09.053+0000] {processor.py:183} INFO - Processing /home/airflow/.local/lib/python3.8/site-packages/airflow/example_dags/example_task_group_decorator.py took 0.316 seconds
[2023-12-20T06:32:39.457+0000] {processor.py:161} INFO - Started process (PID=2690) to work on /home/airflow/.local/lib/python3.8/site-packages/airflow/example_dags/example_task_group_decorator.py
[2023-12-20T06:32:39.459+0000] {processor.py:830} INFO - Processing file /home/airflow/.local/lib/python3.8/site-packages/airflow/example_dags/example_task_group_decorator.py for tasks to queue
[2023-12-20T06:32:39.461+0000] {logging_mixin.py:188} INFO - [2023-12-20T06:32:39.460+0000] {dagbag.py:538} INFO - Filling up the DagBag from /home/airflow/.local/lib/python3.8/site-packages/airflow/example_dags/example_task_group_decorator.py
[2023-12-20T06:32:39.564+0000] {processor.py:840} INFO - DAG(s) 'example_task_group_decorator' retrieved from /home/airflow/.local/lib/python3.8/site-packages/airflow/example_dags/example_task_group_decorator.py
[2023-12-20T06:32:39.691+0000] {logging_mixin.py:188} INFO - [2023-12-20T06:32:39.691+0000] {dag.py:3033} INFO - Sync 1 DAGs
[2023-12-20T06:32:39.759+0000] {logging_mixin.py:188} INFO - [2023-12-20T06:32:39.759+0000] {dag.py:3820} INFO - Setting next_dagrun for example_task_group_decorator to 2023-12-19T00:00:00+00:00, run_after=2023-12-20T00:00:00+00:00
[2023-12-20T06:32:39.834+0000] {processor.py:183} INFO - Processing /home/airflow/.local/lib/python3.8/site-packages/airflow/example_dags/example_task_group_decorator.py took 0.404 seconds
[2023-12-20T06:33:10.032+0000] {processor.py:161} INFO - Started process (PID=2749) to work on /home/airflow/.local/lib/python3.8/site-packages/airflow/example_dags/example_task_group_decorator.py
[2023-12-20T06:33:10.041+0000] {processor.py:830} INFO - Processing file /home/airflow/.local/lib/python3.8/site-packages/airflow/example_dags/example_task_group_decorator.py for tasks to queue
[2023-12-20T06:33:10.043+0000] {logging_mixin.py:188} INFO - [2023-12-20T06:33:10.042+0000] {dagbag.py:538} INFO - Filling up the DagBag from /home/airflow/.local/lib/python3.8/site-packages/airflow/example_dags/example_task_group_decorator.py
[2023-12-20T06:33:10.130+0000] {processor.py:840} INFO - DAG(s) 'example_task_group_decorator' retrieved from /home/airflow/.local/lib/python3.8/site-packages/airflow/example_dags/example_task_group_decorator.py
[2023-12-20T06:33:10.256+0000] {logging_mixin.py:188} INFO - [2023-12-20T06:33:10.255+0000] {dag.py:3033} INFO - Sync 1 DAGs
[2023-12-20T06:33:10.396+0000] {logging_mixin.py:188} INFO - [2023-12-20T06:33:10.392+0000] {dag.py:3820} INFO - Setting next_dagrun for example_task_group_decorator to 2023-12-19T00:00:00+00:00, run_after=2023-12-20T00:00:00+00:00
[2023-12-20T06:33:10.473+0000] {processor.py:183} INFO - Processing /home/airflow/.local/lib/python3.8/site-packages/airflow/example_dags/example_task_group_decorator.py took 0.460 seconds
[2023-12-20T06:34:13.978+0000] {processor.py:161} INFO - Started process (PID=2821) to work on /home/airflow/.local/lib/python3.8/site-packages/airflow/example_dags/example_task_group_decorator.py
[2023-12-20T06:34:13.994+0000] {processor.py:830} INFO - Processing file /home/airflow/.local/lib/python3.8/site-packages/airflow/example_dags/example_task_group_decorator.py for tasks to queue
[2023-12-20T06:34:14.009+0000] {logging_mixin.py:188} INFO - [2023-12-20T06:34:14.009+0000] {dagbag.py:538} INFO - Filling up the DagBag from /home/airflow/.local/lib/python3.8/site-packages/airflow/example_dags/example_task_group_decorator.py
[2023-12-20T06:34:14.516+0000] {processor.py:840} INFO - DAG(s) 'example_task_group_decorator' retrieved from /home/airflow/.local/lib/python3.8/site-packages/airflow/example_dags/example_task_group_decorator.py
[2023-12-20T06:34:15.155+0000] {logging_mixin.py:188} INFO - [2023-12-20T06:34:15.155+0000] {dag.py:3033} INFO - Sync 1 DAGs
[2023-12-20T06:34:15.807+0000] {logging_mixin.py:188} INFO - [2023-12-20T06:34:15.806+0000] {dag.py:3820} INFO - Setting next_dagrun for example_task_group_decorator to 2023-12-19T00:00:00+00:00, run_after=2023-12-20T00:00:00+00:00
[2023-12-20T06:34:16.226+0000] {processor.py:183} INFO - Processing /home/airflow/.local/lib/python3.8/site-packages/airflow/example_dags/example_task_group_decorator.py took 2.315 seconds
[2023-12-20T06:35:14.045+0000] {processor.py:161} INFO - Started process (PID=2884) to work on /home/airflow/.local/lib/python3.8/site-packages/airflow/example_dags/example_task_group_decorator.py
[2023-12-20T06:35:14.081+0000] {processor.py:830} INFO - Processing file /home/airflow/.local/lib/python3.8/site-packages/airflow/example_dags/example_task_group_decorator.py for tasks to queue
[2023-12-20T06:35:14.083+0000] {logging_mixin.py:188} INFO - [2023-12-20T06:35:14.082+0000] {dagbag.py:538} INFO - Filling up the DagBag from /home/airflow/.local/lib/python3.8/site-packages/airflow/example_dags/example_task_group_decorator.py
[2023-12-20T06:35:14.689+0000] {processor.py:840} INFO - DAG(s) 'example_task_group_decorator' retrieved from /home/airflow/.local/lib/python3.8/site-packages/airflow/example_dags/example_task_group_decorator.py
[2023-12-20T06:35:15.876+0000] {logging_mixin.py:188} INFO - [2023-12-20T06:35:15.823+0000] {dag.py:3033} INFO - Sync 1 DAGs
[2023-12-20T06:35:16.331+0000] {logging_mixin.py:188} INFO - [2023-12-20T06:35:16.331+0000] {dag.py:3820} INFO - Setting next_dagrun for example_task_group_decorator to 2023-12-19T00:00:00+00:00, run_after=2023-12-20T00:00:00+00:00
[2023-12-20T06:35:16.845+0000] {processor.py:183} INFO - Processing /home/airflow/.local/lib/python3.8/site-packages/airflow/example_dags/example_task_group_decorator.py took 2.834 seconds
[2023-12-20T06:36:35.183+0000] {processor.py:161} INFO - Started process (PID=2973) to work on /home/airflow/.local/lib/python3.8/site-packages/airflow/example_dags/example_task_group_decorator.py
[2023-12-20T06:36:35.196+0000] {processor.py:830} INFO - Processing file /home/airflow/.local/lib/python3.8/site-packages/airflow/example_dags/example_task_group_decorator.py for tasks to queue
[2023-12-20T06:36:35.198+0000] {logging_mixin.py:188} INFO - [2023-12-20T06:36:35.198+0000] {dagbag.py:538} INFO - Filling up the DagBag from /home/airflow/.local/lib/python3.8/site-packages/airflow/example_dags/example_task_group_decorator.py
[2023-12-20T06:36:35.616+0000] {processor.py:840} INFO - DAG(s) 'example_task_group_decorator' retrieved from /home/airflow/.local/lib/python3.8/site-packages/airflow/example_dags/example_task_group_decorator.py
[2023-12-20T06:36:36.174+0000] {logging_mixin.py:188} INFO - [2023-12-20T06:36:36.174+0000] {dag.py:3033} INFO - Sync 1 DAGs
[2023-12-20T06:36:36.587+0000] {logging_mixin.py:188} INFO - [2023-12-20T06:36:36.571+0000] {dag.py:3820} INFO - Setting next_dagrun for example_task_group_decorator to 2023-12-19T00:00:00+00:00, run_after=2023-12-20T00:00:00+00:00
[2023-12-20T06:36:36.959+0000] {processor.py:183} INFO - Processing /home/airflow/.local/lib/python3.8/site-packages/airflow/example_dags/example_task_group_decorator.py took 1.859 seconds
[2023-12-20T06:37:59.426+0000] {processor.py:161} INFO - Started process (PID=3059) to work on /home/airflow/.local/lib/python3.8/site-packages/airflow/example_dags/example_task_group_decorator.py
[2023-12-20T06:37:59.432+0000] {processor.py:830} INFO - Processing file /home/airflow/.local/lib/python3.8/site-packages/airflow/example_dags/example_task_group_decorator.py for tasks to queue
[2023-12-20T06:37:59.438+0000] {logging_mixin.py:188} INFO - [2023-12-20T06:37:59.437+0000] {dagbag.py:538} INFO - Filling up the DagBag from /home/airflow/.local/lib/python3.8/site-packages/airflow/example_dags/example_task_group_decorator.py
[2023-12-20T06:37:59.711+0000] {processor.py:840} INFO - DAG(s) 'example_task_group_decorator' retrieved from /home/airflow/.local/lib/python3.8/site-packages/airflow/example_dags/example_task_group_decorator.py
[2023-12-20T06:38:00.008+0000] {logging_mixin.py:188} INFO - [2023-12-20T06:38:00.007+0000] {dag.py:3033} INFO - Sync 1 DAGs
[2023-12-20T06:38:00.599+0000] {logging_mixin.py:188} INFO - [2023-12-20T06:38:00.598+0000] {dag.py:3820} INFO - Setting next_dagrun for example_task_group_decorator to 2023-12-19T00:00:00+00:00, run_after=2023-12-20T00:00:00+00:00
[2023-12-20T06:38:00.860+0000] {processor.py:183} INFO - Processing /home/airflow/.local/lib/python3.8/site-packages/airflow/example_dags/example_task_group_decorator.py took 1.473 seconds
[2023-12-20T06:38:31.552+0000] {processor.py:161} INFO - Started process (PID=3123) to work on /home/airflow/.local/lib/python3.8/site-packages/airflow/example_dags/example_task_group_decorator.py
[2023-12-20T06:38:31.555+0000] {processor.py:830} INFO - Processing file /home/airflow/.local/lib/python3.8/site-packages/airflow/example_dags/example_task_group_decorator.py for tasks to queue
[2023-12-20T06:38:31.557+0000] {logging_mixin.py:188} INFO - [2023-12-20T06:38:31.556+0000] {dagbag.py:538} INFO - Filling up the DagBag from /home/airflow/.local/lib/python3.8/site-packages/airflow/example_dags/example_task_group_decorator.py
[2023-12-20T06:38:31.611+0000] {processor.py:840} INFO - DAG(s) 'example_task_group_decorator' retrieved from /home/airflow/.local/lib/python3.8/site-packages/airflow/example_dags/example_task_group_decorator.py
[2023-12-20T06:38:31.704+0000] {logging_mixin.py:188} INFO - [2023-12-20T06:38:31.704+0000] {dag.py:3033} INFO - Sync 1 DAGs
[2023-12-20T06:38:31.780+0000] {logging_mixin.py:188} INFO - [2023-12-20T06:38:31.779+0000] {dag.py:3820} INFO - Setting next_dagrun for example_task_group_decorator to 2023-12-19T00:00:00+00:00, run_after=2023-12-20T00:00:00+00:00
[2023-12-20T06:38:31.872+0000] {processor.py:183} INFO - Processing /home/airflow/.local/lib/python3.8/site-packages/airflow/example_dags/example_task_group_decorator.py took 0.326 seconds
[2023-12-20T06:39:02.479+0000] {processor.py:161} INFO - Started process (PID=3183) to work on /home/airflow/.local/lib/python3.8/site-packages/airflow/example_dags/example_task_group_decorator.py
[2023-12-20T06:39:02.481+0000] {processor.py:830} INFO - Processing file /home/airflow/.local/lib/python3.8/site-packages/airflow/example_dags/example_task_group_decorator.py for tasks to queue
[2023-12-20T06:39:02.482+0000] {logging_mixin.py:188} INFO - [2023-12-20T06:39:02.482+0000] {dagbag.py:538} INFO - Filling up the DagBag from /home/airflow/.local/lib/python3.8/site-packages/airflow/example_dags/example_task_group_decorator.py
[2023-12-20T06:39:02.530+0000] {processor.py:840} INFO - DAG(s) 'example_task_group_decorator' retrieved from /home/airflow/.local/lib/python3.8/site-packages/airflow/example_dags/example_task_group_decorator.py
[2023-12-20T06:39:02.603+0000] {logging_mixin.py:188} INFO - [2023-12-20T06:39:02.602+0000] {dag.py:3033} INFO - Sync 1 DAGs
[2023-12-20T06:39:02.663+0000] {logging_mixin.py:188} INFO - [2023-12-20T06:39:02.663+0000] {dag.py:3820} INFO - Setting next_dagrun for example_task_group_decorator to 2023-12-19T00:00:00+00:00, run_after=2023-12-20T00:00:00+00:00
[2023-12-20T06:39:02.714+0000] {processor.py:183} INFO - Processing /home/airflow/.local/lib/python3.8/site-packages/airflow/example_dags/example_task_group_decorator.py took 0.242 seconds
[2023-12-20T06:39:33.574+0000] {processor.py:161} INFO - Started process (PID=3243) to work on /home/airflow/.local/lib/python3.8/site-packages/airflow/example_dags/example_task_group_decorator.py
[2023-12-20T06:39:33.608+0000] {processor.py:830} INFO - Processing file /home/airflow/.local/lib/python3.8/site-packages/airflow/example_dags/example_task_group_decorator.py for tasks to queue
[2023-12-20T06:39:33.609+0000] {logging_mixin.py:188} INFO - [2023-12-20T06:39:33.609+0000] {dagbag.py:538} INFO - Filling up the DagBag from /home/airflow/.local/lib/python3.8/site-packages/airflow/example_dags/example_task_group_decorator.py
[2023-12-20T06:39:33.725+0000] {processor.py:840} INFO - DAG(s) 'example_task_group_decorator' retrieved from /home/airflow/.local/lib/python3.8/site-packages/airflow/example_dags/example_task_group_decorator.py
[2023-12-20T06:39:33.830+0000] {logging_mixin.py:188} INFO - [2023-12-20T06:39:33.829+0000] {dag.py:3033} INFO - Sync 1 DAGs
[2023-12-20T06:39:33.932+0000] {logging_mixin.py:188} INFO - [2023-12-20T06:39:33.932+0000] {dag.py:3820} INFO - Setting next_dagrun for example_task_group_decorator to 2023-12-19T00:00:00+00:00, run_after=2023-12-20T00:00:00+00:00
[2023-12-20T06:39:34.061+0000] {processor.py:183} INFO - Processing /home/airflow/.local/lib/python3.8/site-packages/airflow/example_dags/example_task_group_decorator.py took 0.502 seconds
[2023-12-20T06:40:04.303+0000] {processor.py:161} INFO - Started process (PID=3301) to work on /home/airflow/.local/lib/python3.8/site-packages/airflow/example_dags/example_task_group_decorator.py
[2023-12-20T06:40:04.305+0000] {processor.py:830} INFO - Processing file /home/airflow/.local/lib/python3.8/site-packages/airflow/example_dags/example_task_group_decorator.py for tasks to queue
[2023-12-20T06:40:04.307+0000] {logging_mixin.py:188} INFO - [2023-12-20T06:40:04.307+0000] {dagbag.py:538} INFO - Filling up the DagBag from /home/airflow/.local/lib/python3.8/site-packages/airflow/example_dags/example_task_group_decorator.py
[2023-12-20T06:40:04.422+0000] {processor.py:840} INFO - DAG(s) 'example_task_group_decorator' retrieved from /home/airflow/.local/lib/python3.8/site-packages/airflow/example_dags/example_task_group_decorator.py
[2023-12-20T06:40:04.596+0000] {logging_mixin.py:188} INFO - [2023-12-20T06:40:04.596+0000] {dag.py:3033} INFO - Sync 1 DAGs
[2023-12-20T06:40:04.659+0000] {logging_mixin.py:188} INFO - [2023-12-20T06:40:04.658+0000] {dag.py:3820} INFO - Setting next_dagrun for example_task_group_decorator to 2023-12-19T00:00:00+00:00, run_after=2023-12-20T00:00:00+00:00
[2023-12-20T06:40:04.781+0000] {processor.py:183} INFO - Processing /home/airflow/.local/lib/python3.8/site-packages/airflow/example_dags/example_task_group_decorator.py took 0.486 seconds
[2023-12-20T06:40:35.089+0000] {processor.py:161} INFO - Started process (PID=3360) to work on /home/airflow/.local/lib/python3.8/site-packages/airflow/example_dags/example_task_group_decorator.py
[2023-12-20T06:40:35.095+0000] {processor.py:830} INFO - Processing file /home/airflow/.local/lib/python3.8/site-packages/airflow/example_dags/example_task_group_decorator.py for tasks to queue
[2023-12-20T06:40:35.096+0000] {logging_mixin.py:188} INFO - [2023-12-20T06:40:35.096+0000] {dagbag.py:538} INFO - Filling up the DagBag from /home/airflow/.local/lib/python3.8/site-packages/airflow/example_dags/example_task_group_decorator.py
[2023-12-20T06:40:35.191+0000] {processor.py:840} INFO - DAG(s) 'example_task_group_decorator' retrieved from /home/airflow/.local/lib/python3.8/site-packages/airflow/example_dags/example_task_group_decorator.py
[2023-12-20T06:40:35.257+0000] {logging_mixin.py:188} INFO - [2023-12-20T06:40:35.256+0000] {dag.py:3033} INFO - Sync 1 DAGs
[2023-12-20T06:40:35.335+0000] {logging_mixin.py:188} INFO - [2023-12-20T06:40:35.335+0000] {dag.py:3820} INFO - Setting next_dagrun for example_task_group_decorator to 2023-12-19T00:00:00+00:00, run_after=2023-12-20T00:00:00+00:00
[2023-12-20T06:40:35.426+0000] {processor.py:183} INFO - Processing /home/airflow/.local/lib/python3.8/site-packages/airflow/example_dags/example_task_group_decorator.py took 0.371 seconds
[2023-12-20T06:45:05.396+0000] {processor.py:161} INFO - Started process (PID=3416) to work on /home/airflow/.local/lib/python3.8/site-packages/airflow/example_dags/example_task_group_decorator.py
[2023-12-20T06:45:05.431+0000] {processor.py:830} INFO - Processing file /home/airflow/.local/lib/python3.8/site-packages/airflow/example_dags/example_task_group_decorator.py for tasks to queue
[2023-12-20T06:45:05.433+0000] {logging_mixin.py:188} INFO - [2023-12-20T06:45:05.432+0000] {dagbag.py:538} INFO - Filling up the DagBag from /home/airflow/.local/lib/python3.8/site-packages/airflow/example_dags/example_task_group_decorator.py
[2023-12-20T06:45:05.493+0000] {processor.py:840} INFO - DAG(s) 'example_task_group_decorator' retrieved from /home/airflow/.local/lib/python3.8/site-packages/airflow/example_dags/example_task_group_decorator.py
[2023-12-20T06:45:05.565+0000] {logging_mixin.py:188} INFO - [2023-12-20T06:45:05.561+0000] {dag.py:3033} INFO - Sync 1 DAGs
[2023-12-20T06:45:05.624+0000] {logging_mixin.py:188} INFO - [2023-12-20T06:45:05.623+0000] {dag.py:3820} INFO - Setting next_dagrun for example_task_group_decorator to 2023-12-19T00:00:00+00:00, run_after=2023-12-20T00:00:00+00:00
[2023-12-20T06:45:05.678+0000] {processor.py:183} INFO - Processing /home/airflow/.local/lib/python3.8/site-packages/airflow/example_dags/example_task_group_decorator.py took 0.306 seconds
[2023-12-20T06:45:36.549+0000] {processor.py:161} INFO - Started process (PID=3475) to work on /home/airflow/.local/lib/python3.8/site-packages/airflow/example_dags/example_task_group_decorator.py
[2023-12-20T06:45:36.591+0000] {processor.py:830} INFO - Processing file /home/airflow/.local/lib/python3.8/site-packages/airflow/example_dags/example_task_group_decorator.py for tasks to queue
[2023-12-20T06:45:36.594+0000] {logging_mixin.py:188} INFO - [2023-12-20T06:45:36.593+0000] {dagbag.py:538} INFO - Filling up the DagBag from /home/airflow/.local/lib/python3.8/site-packages/airflow/example_dags/example_task_group_decorator.py
[2023-12-20T06:45:36.646+0000] {processor.py:840} INFO - DAG(s) 'example_task_group_decorator' retrieved from /home/airflow/.local/lib/python3.8/site-packages/airflow/example_dags/example_task_group_decorator.py
[2023-12-20T06:45:36.717+0000] {logging_mixin.py:188} INFO - [2023-12-20T06:45:36.716+0000] {dag.py:3033} INFO - Sync 1 DAGs
[2023-12-20T06:45:36.773+0000] {logging_mixin.py:188} INFO - [2023-12-20T06:45:36.772+0000] {dag.py:3820} INFO - Setting next_dagrun for example_task_group_decorator to 2023-12-19T00:00:00+00:00, run_after=2023-12-20T00:00:00+00:00
[2023-12-20T06:45:36.859+0000] {processor.py:183} INFO - Processing /home/airflow/.local/lib/python3.8/site-packages/airflow/example_dags/example_task_group_decorator.py took 0.316 seconds
[2023-12-20T06:46:08.066+0000] {processor.py:161} INFO - Started process (PID=3533) to work on /home/airflow/.local/lib/python3.8/site-packages/airflow/example_dags/example_task_group_decorator.py
[2023-12-20T06:46:08.076+0000] {processor.py:830} INFO - Processing file /home/airflow/.local/lib/python3.8/site-packages/airflow/example_dags/example_task_group_decorator.py for tasks to queue
[2023-12-20T06:46:08.078+0000] {logging_mixin.py:188} INFO - [2023-12-20T06:46:08.078+0000] {dagbag.py:538} INFO - Filling up the DagBag from /home/airflow/.local/lib/python3.8/site-packages/airflow/example_dags/example_task_group_decorator.py
[2023-12-20T06:46:08.123+0000] {processor.py:840} INFO - DAG(s) 'example_task_group_decorator' retrieved from /home/airflow/.local/lib/python3.8/site-packages/airflow/example_dags/example_task_group_decorator.py
[2023-12-20T06:46:08.185+0000] {logging_mixin.py:188} INFO - [2023-12-20T06:46:08.184+0000] {dag.py:3033} INFO - Sync 1 DAGs
[2023-12-20T06:46:08.239+0000] {logging_mixin.py:188} INFO - [2023-12-20T06:46:08.238+0000] {dag.py:3820} INFO - Setting next_dagrun for example_task_group_decorator to 2023-12-19T00:00:00+00:00, run_after=2023-12-20T00:00:00+00:00
[2023-12-20T06:46:08.296+0000] {processor.py:183} INFO - Processing /home/airflow/.local/lib/python3.8/site-packages/airflow/example_dags/example_task_group_decorator.py took 0.236 seconds
[2023-12-20T06:46:39.607+0000] {processor.py:161} INFO - Started process (PID=3590) to work on /home/airflow/.local/lib/python3.8/site-packages/airflow/example_dags/example_task_group_decorator.py
[2023-12-20T06:46:39.608+0000] {processor.py:830} INFO - Processing file /home/airflow/.local/lib/python3.8/site-packages/airflow/example_dags/example_task_group_decorator.py for tasks to queue
[2023-12-20T06:46:39.610+0000] {logging_mixin.py:188} INFO - [2023-12-20T06:46:39.609+0000] {dagbag.py:538} INFO - Filling up the DagBag from /home/airflow/.local/lib/python3.8/site-packages/airflow/example_dags/example_task_group_decorator.py
[2023-12-20T06:46:39.671+0000] {processor.py:840} INFO - DAG(s) 'example_task_group_decorator' retrieved from /home/airflow/.local/lib/python3.8/site-packages/airflow/example_dags/example_task_group_decorator.py
[2023-12-20T06:46:39.902+0000] {logging_mixin.py:188} INFO - [2023-12-20T06:46:39.902+0000] {dag.py:3033} INFO - Sync 1 DAGs
[2023-12-20T06:46:39.963+0000] {logging_mixin.py:188} INFO - [2023-12-20T06:46:39.962+0000] {dag.py:3820} INFO - Setting next_dagrun for example_task_group_decorator to 2023-12-19T00:00:00+00:00, run_after=2023-12-20T00:00:00+00:00
[2023-12-20T06:46:40.068+0000] {processor.py:183} INFO - Processing /home/airflow/.local/lib/python3.8/site-packages/airflow/example_dags/example_task_group_decorator.py took 0.468 seconds
[2023-12-20T06:47:10.920+0000] {processor.py:161} INFO - Started process (PID=3650) to work on /home/airflow/.local/lib/python3.8/site-packages/airflow/example_dags/example_task_group_decorator.py
[2023-12-20T06:47:10.956+0000] {processor.py:830} INFO - Processing file /home/airflow/.local/lib/python3.8/site-packages/airflow/example_dags/example_task_group_decorator.py for tasks to queue
[2023-12-20T06:47:10.957+0000] {logging_mixin.py:188} INFO - [2023-12-20T06:47:10.957+0000] {dagbag.py:538} INFO - Filling up the DagBag from /home/airflow/.local/lib/python3.8/site-packages/airflow/example_dags/example_task_group_decorator.py
[2023-12-20T06:47:11.026+0000] {processor.py:840} INFO - DAG(s) 'example_task_group_decorator' retrieved from /home/airflow/.local/lib/python3.8/site-packages/airflow/example_dags/example_task_group_decorator.py
[2023-12-20T06:47:11.110+0000] {logging_mixin.py:188} INFO - [2023-12-20T06:47:11.109+0000] {dag.py:3033} INFO - Sync 1 DAGs
[2023-12-20T06:47:11.177+0000] {logging_mixin.py:188} INFO - [2023-12-20T06:47:11.177+0000] {dag.py:3820} INFO - Setting next_dagrun for example_task_group_decorator to 2023-12-19T00:00:00+00:00, run_after=2023-12-20T00:00:00+00:00
[2023-12-20T06:47:11.270+0000] {processor.py:183} INFO - Processing /home/airflow/.local/lib/python3.8/site-packages/airflow/example_dags/example_task_group_decorator.py took 0.359 seconds
[2023-12-20T06:47:59.190+0000] {processor.py:161} INFO - Started process (PID=3711) to work on /home/airflow/.local/lib/python3.8/site-packages/airflow/example_dags/example_task_group_decorator.py
[2023-12-20T06:47:59.214+0000] {processor.py:830} INFO - Processing file /home/airflow/.local/lib/python3.8/site-packages/airflow/example_dags/example_task_group_decorator.py for tasks to queue
[2023-12-20T06:47:59.246+0000] {logging_mixin.py:188} INFO - [2023-12-20T06:47:59.229+0000] {dagbag.py:538} INFO - Filling up the DagBag from /home/airflow/.local/lib/python3.8/site-packages/airflow/example_dags/example_task_group_decorator.py
[2023-12-20T06:47:59.612+0000] {processor.py:840} INFO - DAG(s) 'example_task_group_decorator' retrieved from /home/airflow/.local/lib/python3.8/site-packages/airflow/example_dags/example_task_group_decorator.py
[2023-12-20T06:48:00.429+0000] {logging_mixin.py:188} INFO - [2023-12-20T06:48:00.428+0000] {dag.py:3033} INFO - Sync 1 DAGs
[2023-12-20T06:48:00.865+0000] {logging_mixin.py:188} INFO - [2023-12-20T06:48:00.864+0000] {dag.py:3820} INFO - Setting next_dagrun for example_task_group_decorator to 2023-12-19T00:00:00+00:00, run_after=2023-12-20T00:00:00+00:00
[2023-12-20T06:48:01.290+0000] {processor.py:183} INFO - Processing /home/airflow/.local/lib/python3.8/site-packages/airflow/example_dags/example_task_group_decorator.py took 2.160 seconds
[2023-12-20T06:49:45.298+0000] {processor.py:161} INFO - Started process (PID=3795) to work on /home/airflow/.local/lib/python3.8/site-packages/airflow/example_dags/example_task_group_decorator.py
[2023-12-20T06:49:45.312+0000] {processor.py:830} INFO - Processing file /home/airflow/.local/lib/python3.8/site-packages/airflow/example_dags/example_task_group_decorator.py for tasks to queue
[2023-12-20T06:49:45.331+0000] {logging_mixin.py:188} INFO - [2023-12-20T06:49:45.314+0000] {dagbag.py:538} INFO - Filling up the DagBag from /home/airflow/.local/lib/python3.8/site-packages/airflow/example_dags/example_task_group_decorator.py
[2023-12-20T06:49:45.674+0000] {processor.py:840} INFO - DAG(s) 'example_task_group_decorator' retrieved from /home/airflow/.local/lib/python3.8/site-packages/airflow/example_dags/example_task_group_decorator.py
[2023-12-20T06:49:46.827+0000] {logging_mixin.py:188} INFO - [2023-12-20T06:49:46.778+0000] {dag.py:3033} INFO - Sync 1 DAGs
[2023-12-20T06:49:47.080+0000] {logging_mixin.py:188} INFO - [2023-12-20T06:49:47.078+0000] {dag.py:3820} INFO - Setting next_dagrun for example_task_group_decorator to 2023-12-19T00:00:00+00:00, run_after=2023-12-20T00:00:00+00:00
[2023-12-20T06:49:47.336+0000] {processor.py:183} INFO - Processing /home/airflow/.local/lib/python3.8/site-packages/airflow/example_dags/example_task_group_decorator.py took 2.071 seconds
[2023-12-20T06:51:04.692+0000] {processor.py:161} INFO - Started process (PID=3869) to work on /home/airflow/.local/lib/python3.8/site-packages/airflow/example_dags/example_task_group_decorator.py
[2023-12-20T06:51:04.696+0000] {processor.py:830} INFO - Processing file /home/airflow/.local/lib/python3.8/site-packages/airflow/example_dags/example_task_group_decorator.py for tasks to queue
[2023-12-20T06:51:04.720+0000] {logging_mixin.py:188} INFO - [2023-12-20T06:51:04.719+0000] {dagbag.py:538} INFO - Filling up the DagBag from /home/airflow/.local/lib/python3.8/site-packages/airflow/example_dags/example_task_group_decorator.py
[2023-12-20T06:51:05.138+0000] {processor.py:840} INFO - DAG(s) 'example_task_group_decorator' retrieved from /home/airflow/.local/lib/python3.8/site-packages/airflow/example_dags/example_task_group_decorator.py
[2023-12-20T06:51:05.713+0000] {logging_mixin.py:188} INFO - [2023-12-20T06:51:05.712+0000] {dag.py:3033} INFO - Sync 1 DAGs
[2023-12-20T06:51:06.173+0000] {logging_mixin.py:188} INFO - [2023-12-20T06:51:06.172+0000] {dag.py:3820} INFO - Setting next_dagrun for example_task_group_decorator to 2023-12-19T00:00:00+00:00, run_after=2023-12-20T00:00:00+00:00
[2023-12-20T06:51:06.585+0000] {processor.py:183} INFO - Processing /home/airflow/.local/lib/python3.8/site-packages/airflow/example_dags/example_task_group_decorator.py took 1.940 seconds
[2023-12-20T06:52:11.062+0000] {processor.py:161} INFO - Started process (PID=3934) to work on /home/airflow/.local/lib/python3.8/site-packages/airflow/example_dags/example_task_group_decorator.py
[2023-12-20T06:52:11.077+0000] {processor.py:830} INFO - Processing file /home/airflow/.local/lib/python3.8/site-packages/airflow/example_dags/example_task_group_decorator.py for tasks to queue
[2023-12-20T06:52:11.085+0000] {logging_mixin.py:188} INFO - [2023-12-20T06:52:11.084+0000] {dagbag.py:538} INFO - Filling up the DagBag from /home/airflow/.local/lib/python3.8/site-packages/airflow/example_dags/example_task_group_decorator.py
[2023-12-20T06:52:11.495+0000] {processor.py:840} INFO - DAG(s) 'example_task_group_decorator' retrieved from /home/airflow/.local/lib/python3.8/site-packages/airflow/example_dags/example_task_group_decorator.py
[2023-12-20T06:52:12.015+0000] {logging_mixin.py:188} INFO - [2023-12-20T06:52:12.009+0000] {dag.py:3033} INFO - Sync 1 DAGs
[2023-12-20T06:52:12.641+0000] {logging_mixin.py:188} INFO - [2023-12-20T06:52:12.630+0000] {dag.py:3820} INFO - Setting next_dagrun for example_task_group_decorator to 2023-12-19T00:00:00+00:00, run_after=2023-12-20T00:00:00+00:00
[2023-12-20T06:52:13.276+0000] {processor.py:183} INFO - Processing /home/airflow/.local/lib/python3.8/site-packages/airflow/example_dags/example_task_group_decorator.py took 2.258 seconds
[2023-12-20T06:53:09.569+0000] {processor.py:161} INFO - Started process (PID=3999) to work on /home/airflow/.local/lib/python3.8/site-packages/airflow/example_dags/example_task_group_decorator.py
[2023-12-20T06:53:09.576+0000] {processor.py:830} INFO - Processing file /home/airflow/.local/lib/python3.8/site-packages/airflow/example_dags/example_task_group_decorator.py for tasks to queue
[2023-12-20T06:53:09.587+0000] {logging_mixin.py:188} INFO - [2023-12-20T06:53:09.584+0000] {dagbag.py:538} INFO - Filling up the DagBag from /home/airflow/.local/lib/python3.8/site-packages/airflow/example_dags/example_task_group_decorator.py
[2023-12-20T06:53:09.741+0000] {processor.py:840} INFO - DAG(s) 'example_task_group_decorator' retrieved from /home/airflow/.local/lib/python3.8/site-packages/airflow/example_dags/example_task_group_decorator.py
[2023-12-20T06:53:09.972+0000] {logging_mixin.py:188} INFO - [2023-12-20T06:53:09.972+0000] {dag.py:3033} INFO - Sync 1 DAGs
[2023-12-20T06:53:10.154+0000] {logging_mixin.py:188} INFO - [2023-12-20T06:53:10.154+0000] {dag.py:3820} INFO - Setting next_dagrun for example_task_group_decorator to 2023-12-19T00:00:00+00:00, run_after=2023-12-20T00:00:00+00:00
[2023-12-20T06:53:10.310+0000] {processor.py:183} INFO - Processing /home/airflow/.local/lib/python3.8/site-packages/airflow/example_dags/example_task_group_decorator.py took 0.756 seconds
