[2023-12-20T05:41:41.506+0000] {processor.py:161} INFO - Started process (PID=95) to work on /home/airflow/.local/lib/python3.8/site-packages/airflow/example_dags/example_params_ui_tutorial.py
[2023-12-20T05:41:41.523+0000] {processor.py:830} INFO - Processing file /home/airflow/.local/lib/python3.8/site-packages/airflow/example_dags/example_params_ui_tutorial.py for tasks to queue
[2023-12-20T05:41:41.548+0000] {logging_mixin.py:188} INFO - [2023-12-20T05:41:41.542+0000] {dagbag.py:538} INFO - Filling up the DagBag from /home/airflow/.local/lib/python3.8/site-packages/airflow/example_dags/example_params_ui_tutorial.py
[2023-12-20T05:41:41.695+0000] {processor.py:840} INFO - DAG(s) 'example_params_ui_tutorial' retrieved from /home/airflow/.local/lib/python3.8/site-packages/airflow/example_dags/example_params_ui_tutorial.py
[2023-12-20T05:41:43.590+0000] {logging_mixin.py:188} INFO - [2023-12-20T05:41:43.589+0000] {dag.py:3033} INFO - Sync 1 DAGs
[2023-12-20T05:41:43.785+0000] {logging_mixin.py:188} INFO - [2023-12-20T05:41:43.785+0000] {dag.py:3820} INFO - Setting next_dagrun for example_params_ui_tutorial to None, run_after=None
[2023-12-20T05:41:44.267+0000] {processor.py:183} INFO - Processing /home/airflow/.local/lib/python3.8/site-packages/airflow/example_dags/example_params_ui_tutorial.py took 2.789 seconds
[2023-12-20T05:42:40.192+0000] {processor.py:161} INFO - Started process (PID=156) to work on /home/airflow/.local/lib/python3.8/site-packages/airflow/example_dags/example_params_ui_tutorial.py
[2023-12-20T05:42:40.229+0000] {processor.py:830} INFO - Processing file /home/airflow/.local/lib/python3.8/site-packages/airflow/example_dags/example_params_ui_tutorial.py for tasks to queue
[2023-12-20T05:42:40.248+0000] {logging_mixin.py:188} INFO - [2023-12-20T05:42:40.243+0000] {dagbag.py:538} INFO - Filling up the DagBag from /home/airflow/.local/lib/python3.8/site-packages/airflow/example_dags/example_params_ui_tutorial.py
[2023-12-20T05:42:40.484+0000] {processor.py:840} INFO - DAG(s) 'example_params_ui_tutorial' retrieved from /home/airflow/.local/lib/python3.8/site-packages/airflow/example_dags/example_params_ui_tutorial.py
[2023-12-20T05:42:42.062+0000] {logging_mixin.py:188} INFO - [2023-12-20T05:42:42.061+0000] {dag.py:3033} INFO - Sync 1 DAGs
[2023-12-20T05:42:42.494+0000] {logging_mixin.py:188} INFO - [2023-12-20T05:42:42.493+0000] {dag.py:3820} INFO - Setting next_dagrun for example_params_ui_tutorial to None, run_after=None
[2023-12-20T05:42:42.698+0000] {processor.py:183} INFO - Processing /home/airflow/.local/lib/python3.8/site-packages/airflow/example_dags/example_params_ui_tutorial.py took 2.578 seconds
[2023-12-20T06:07:04.126+0000] {processor.py:161} INFO - Started process (PID=75) to work on /home/airflow/.local/lib/python3.8/site-packages/airflow/example_dags/example_params_ui_tutorial.py
[2023-12-20T06:07:04.142+0000] {processor.py:830} INFO - Processing file /home/airflow/.local/lib/python3.8/site-packages/airflow/example_dags/example_params_ui_tutorial.py for tasks to queue
[2023-12-20T06:07:04.158+0000] {logging_mixin.py:188} INFO - [2023-12-20T06:07:04.158+0000] {dagbag.py:538} INFO - Filling up the DagBag from /home/airflow/.local/lib/python3.8/site-packages/airflow/example_dags/example_params_ui_tutorial.py
[2023-12-20T06:07:04.375+0000] {processor.py:840} INFO - DAG(s) 'example_params_ui_tutorial' retrieved from /home/airflow/.local/lib/python3.8/site-packages/airflow/example_dags/example_params_ui_tutorial.py
[2023-12-20T06:07:05.335+0000] {logging_mixin.py:188} INFO - [2023-12-20T06:07:05.319+0000] {dag.py:3033} INFO - Sync 1 DAGs
[2023-12-20T06:07:05.420+0000] {logging_mixin.py:188} INFO - [2023-12-20T06:07:05.420+0000] {dag.py:3820} INFO - Setting next_dagrun for example_params_ui_tutorial to None, run_after=None
[2023-12-20T06:07:05.623+0000] {processor.py:183} INFO - Processing /home/airflow/.local/lib/python3.8/site-packages/airflow/example_dags/example_params_ui_tutorial.py took 1.538 seconds
[2023-12-20T06:07:36.229+0000] {processor.py:161} INFO - Started process (PID=131) to work on /home/airflow/.local/lib/python3.8/site-packages/airflow/example_dags/example_params_ui_tutorial.py
[2023-12-20T06:07:36.241+0000] {processor.py:830} INFO - Processing file /home/airflow/.local/lib/python3.8/site-packages/airflow/example_dags/example_params_ui_tutorial.py for tasks to queue
[2023-12-20T06:07:36.259+0000] {logging_mixin.py:188} INFO - [2023-12-20T06:07:36.258+0000] {dagbag.py:538} INFO - Filling up the DagBag from /home/airflow/.local/lib/python3.8/site-packages/airflow/example_dags/example_params_ui_tutorial.py
[2023-12-20T06:07:36.438+0000] {processor.py:840} INFO - DAG(s) 'example_params_ui_tutorial' retrieved from /home/airflow/.local/lib/python3.8/site-packages/airflow/example_dags/example_params_ui_tutorial.py
[2023-12-20T06:07:37.078+0000] {logging_mixin.py:188} INFO - [2023-12-20T06:07:37.078+0000] {dag.py:3033} INFO - Sync 1 DAGs
[2023-12-20T06:07:37.160+0000] {logging_mixin.py:188} INFO - [2023-12-20T06:07:37.159+0000] {dag.py:3820} INFO - Setting next_dagrun for example_params_ui_tutorial to None, run_after=None
[2023-12-20T06:07:37.447+0000] {processor.py:183} INFO - Processing /home/airflow/.local/lib/python3.8/site-packages/airflow/example_dags/example_params_ui_tutorial.py took 1.265 seconds
[2023-12-20T06:08:07.980+0000] {processor.py:161} INFO - Started process (PID=186) to work on /home/airflow/.local/lib/python3.8/site-packages/airflow/example_dags/example_params_ui_tutorial.py
[2023-12-20T06:08:08.007+0000] {processor.py:830} INFO - Processing file /home/airflow/.local/lib/python3.8/site-packages/airflow/example_dags/example_params_ui_tutorial.py for tasks to queue
[2023-12-20T06:08:08.011+0000] {logging_mixin.py:188} INFO - [2023-12-20T06:08:08.010+0000] {dagbag.py:538} INFO - Filling up the DagBag from /home/airflow/.local/lib/python3.8/site-packages/airflow/example_dags/example_params_ui_tutorial.py
[2023-12-20T06:08:08.037+0000] {processor.py:840} INFO - DAG(s) 'example_params_ui_tutorial' retrieved from /home/airflow/.local/lib/python3.8/site-packages/airflow/example_dags/example_params_ui_tutorial.py
[2023-12-20T06:08:08.728+0000] {logging_mixin.py:188} INFO - [2023-12-20T06:08:08.728+0000] {dag.py:3033} INFO - Sync 1 DAGs
[2023-12-20T06:08:08.837+0000] {logging_mixin.py:188} INFO - [2023-12-20T06:08:08.835+0000] {dag.py:3820} INFO - Setting next_dagrun for example_params_ui_tutorial to None, run_after=None
[2023-12-20T06:08:09.004+0000] {processor.py:183} INFO - Processing /home/airflow/.local/lib/python3.8/site-packages/airflow/example_dags/example_params_ui_tutorial.py took 1.031 seconds
[2023-12-20T06:08:48.731+0000] {processor.py:161} INFO - Started process (PID=240) to work on /home/airflow/.local/lib/python3.8/site-packages/airflow/example_dags/example_params_ui_tutorial.py
[2023-12-20T06:08:48.745+0000] {processor.py:830} INFO - Processing file /home/airflow/.local/lib/python3.8/site-packages/airflow/example_dags/example_params_ui_tutorial.py for tasks to queue
[2023-12-20T06:08:48.796+0000] {logging_mixin.py:188} INFO - [2023-12-20T06:08:48.794+0000] {dagbag.py:538} INFO - Filling up the DagBag from /home/airflow/.local/lib/python3.8/site-packages/airflow/example_dags/example_params_ui_tutorial.py
[2023-12-20T06:08:49.125+0000] {processor.py:840} INFO - DAG(s) 'example_params_ui_tutorial' retrieved from /home/airflow/.local/lib/python3.8/site-packages/airflow/example_dags/example_params_ui_tutorial.py
[2023-12-20T06:08:51.139+0000] {logging_mixin.py:188} INFO - [2023-12-20T06:08:51.138+0000] {dag.py:3033} INFO - Sync 1 DAGs
[2023-12-20T06:08:51.425+0000] {logging_mixin.py:188} INFO - [2023-12-20T06:08:51.424+0000] {dag.py:3820} INFO - Setting next_dagrun for example_params_ui_tutorial to None, run_after=None
[2023-12-20T06:08:51.803+0000] {processor.py:183} INFO - Processing /home/airflow/.local/lib/python3.8/site-packages/airflow/example_dags/example_params_ui_tutorial.py took 3.171 seconds
[2023-12-20T06:09:25.058+0000] {processor.py:161} INFO - Started process (PID=295) to work on /home/airflow/.local/lib/python3.8/site-packages/airflow/example_dags/example_params_ui_tutorial.py
[2023-12-20T06:09:25.062+0000] {processor.py:830} INFO - Processing file /home/airflow/.local/lib/python3.8/site-packages/airflow/example_dags/example_params_ui_tutorial.py for tasks to queue
[2023-12-20T06:09:25.075+0000] {logging_mixin.py:188} INFO - [2023-12-20T06:09:25.074+0000] {dagbag.py:538} INFO - Filling up the DagBag from /home/airflow/.local/lib/python3.8/site-packages/airflow/example_dags/example_params_ui_tutorial.py
[2023-12-20T06:09:25.206+0000] {processor.py:840} INFO - DAG(s) 'example_params_ui_tutorial' retrieved from /home/airflow/.local/lib/python3.8/site-packages/airflow/example_dags/example_params_ui_tutorial.py
[2023-12-20T06:09:25.892+0000] {logging_mixin.py:188} INFO - [2023-12-20T06:09:25.888+0000] {dag.py:3033} INFO - Sync 1 DAGs
[2023-12-20T06:09:26.022+0000] {logging_mixin.py:188} INFO - [2023-12-20T06:09:26.009+0000] {dag.py:3820} INFO - Setting next_dagrun for example_params_ui_tutorial to None, run_after=None
[2023-12-20T06:09:26.209+0000] {processor.py:183} INFO - Processing /home/airflow/.local/lib/python3.8/site-packages/airflow/example_dags/example_params_ui_tutorial.py took 1.187 seconds
[2023-12-20T06:09:56.714+0000] {processor.py:161} INFO - Started process (PID=350) to work on /home/airflow/.local/lib/python3.8/site-packages/airflow/example_dags/example_params_ui_tutorial.py
[2023-12-20T06:09:56.765+0000] {processor.py:830} INFO - Processing file /home/airflow/.local/lib/python3.8/site-packages/airflow/example_dags/example_params_ui_tutorial.py for tasks to queue
[2023-12-20T06:09:56.770+0000] {logging_mixin.py:188} INFO - [2023-12-20T06:09:56.769+0000] {dagbag.py:538} INFO - Filling up the DagBag from /home/airflow/.local/lib/python3.8/site-packages/airflow/example_dags/example_params_ui_tutorial.py
[2023-12-20T06:09:56.893+0000] {processor.py:840} INFO - DAG(s) 'example_params_ui_tutorial' retrieved from /home/airflow/.local/lib/python3.8/site-packages/airflow/example_dags/example_params_ui_tutorial.py
[2023-12-20T06:09:57.618+0000] {logging_mixin.py:188} INFO - [2023-12-20T06:09:57.618+0000] {dag.py:3033} INFO - Sync 1 DAGs
[2023-12-20T06:09:58.188+0000] {logging_mixin.py:188} INFO - [2023-12-20T06:09:58.187+0000] {dag.py:3820} INFO - Setting next_dagrun for example_params_ui_tutorial to None, run_after=None
[2023-12-20T06:09:58.435+0000] {processor.py:183} INFO - Processing /home/airflow/.local/lib/python3.8/site-packages/airflow/example_dags/example_params_ui_tutorial.py took 1.751 seconds
[2023-12-20T06:10:29.039+0000] {processor.py:161} INFO - Started process (PID=411) to work on /home/airflow/.local/lib/python3.8/site-packages/airflow/example_dags/example_params_ui_tutorial.py
[2023-12-20T06:10:29.046+0000] {processor.py:830} INFO - Processing file /home/airflow/.local/lib/python3.8/site-packages/airflow/example_dags/example_params_ui_tutorial.py for tasks to queue
[2023-12-20T06:10:29.069+0000] {logging_mixin.py:188} INFO - [2023-12-20T06:10:29.059+0000] {dagbag.py:538} INFO - Filling up the DagBag from /home/airflow/.local/lib/python3.8/site-packages/airflow/example_dags/example_params_ui_tutorial.py
[2023-12-20T06:10:29.159+0000] {processor.py:840} INFO - DAG(s) 'example_params_ui_tutorial' retrieved from /home/airflow/.local/lib/python3.8/site-packages/airflow/example_dags/example_params_ui_tutorial.py
[2023-12-20T06:10:29.806+0000] {logging_mixin.py:188} INFO - [2023-12-20T06:10:29.806+0000] {dag.py:3033} INFO - Sync 1 DAGs
[2023-12-20T06:10:29.918+0000] {logging_mixin.py:188} INFO - [2023-12-20T06:10:29.918+0000] {dag.py:3820} INFO - Setting next_dagrun for example_params_ui_tutorial to None, run_after=None
[2023-12-20T06:10:30.043+0000] {processor.py:183} INFO - Processing /home/airflow/.local/lib/python3.8/site-packages/airflow/example_dags/example_params_ui_tutorial.py took 1.026 seconds
[2023-12-20T06:11:00.336+0000] {processor.py:161} INFO - Started process (PID=466) to work on /home/airflow/.local/lib/python3.8/site-packages/airflow/example_dags/example_params_ui_tutorial.py
[2023-12-20T06:11:00.373+0000] {processor.py:830} INFO - Processing file /home/airflow/.local/lib/python3.8/site-packages/airflow/example_dags/example_params_ui_tutorial.py for tasks to queue
[2023-12-20T06:11:00.377+0000] {logging_mixin.py:188} INFO - [2023-12-20T06:11:00.377+0000] {dagbag.py:538} INFO - Filling up the DagBag from /home/airflow/.local/lib/python3.8/site-packages/airflow/example_dags/example_params_ui_tutorial.py
[2023-12-20T06:11:00.458+0000] {processor.py:840} INFO - DAG(s) 'example_params_ui_tutorial' retrieved from /home/airflow/.local/lib/python3.8/site-packages/airflow/example_dags/example_params_ui_tutorial.py
[2023-12-20T06:11:00.939+0000] {logging_mixin.py:188} INFO - [2023-12-20T06:11:00.934+0000] {dag.py:3033} INFO - Sync 1 DAGs
[2023-12-20T06:11:00.993+0000] {logging_mixin.py:188} INFO - [2023-12-20T06:11:00.993+0000] {dag.py:3820} INFO - Setting next_dagrun for example_params_ui_tutorial to None, run_after=None
[2023-12-20T06:11:01.107+0000] {processor.py:183} INFO - Processing /home/airflow/.local/lib/python3.8/site-packages/airflow/example_dags/example_params_ui_tutorial.py took 0.788 seconds
[2023-12-20T06:11:31.400+0000] {processor.py:161} INFO - Started process (PID=519) to work on /home/airflow/.local/lib/python3.8/site-packages/airflow/example_dags/example_params_ui_tutorial.py
[2023-12-20T06:11:31.412+0000] {processor.py:830} INFO - Processing file /home/airflow/.local/lib/python3.8/site-packages/airflow/example_dags/example_params_ui_tutorial.py for tasks to queue
[2023-12-20T06:11:31.417+0000] {logging_mixin.py:188} INFO - [2023-12-20T06:11:31.416+0000] {dagbag.py:538} INFO - Filling up the DagBag from /home/airflow/.local/lib/python3.8/site-packages/airflow/example_dags/example_params_ui_tutorial.py
[2023-12-20T06:11:31.500+0000] {processor.py:840} INFO - DAG(s) 'example_params_ui_tutorial' retrieved from /home/airflow/.local/lib/python3.8/site-packages/airflow/example_dags/example_params_ui_tutorial.py
[2023-12-20T06:11:31.799+0000] {logging_mixin.py:188} INFO - [2023-12-20T06:11:31.798+0000] {dag.py:3033} INFO - Sync 1 DAGs
[2023-12-20T06:11:31.853+0000] {logging_mixin.py:188} INFO - [2023-12-20T06:11:31.853+0000] {dag.py:3820} INFO - Setting next_dagrun for example_params_ui_tutorial to None, run_after=None
[2023-12-20T06:11:31.957+0000] {processor.py:183} INFO - Processing /home/airflow/.local/lib/python3.8/site-packages/airflow/example_dags/example_params_ui_tutorial.py took 0.572 seconds
[2023-12-20T06:12:02.338+0000] {processor.py:161} INFO - Started process (PID=574) to work on /home/airflow/.local/lib/python3.8/site-packages/airflow/example_dags/example_params_ui_tutorial.py
[2023-12-20T06:12:02.377+0000] {processor.py:830} INFO - Processing file /home/airflow/.local/lib/python3.8/site-packages/airflow/example_dags/example_params_ui_tutorial.py for tasks to queue
[2023-12-20T06:12:02.382+0000] {logging_mixin.py:188} INFO - [2023-12-20T06:12:02.382+0000] {dagbag.py:538} INFO - Filling up the DagBag from /home/airflow/.local/lib/python3.8/site-packages/airflow/example_dags/example_params_ui_tutorial.py
[2023-12-20T06:12:02.429+0000] {processor.py:840} INFO - DAG(s) 'example_params_ui_tutorial' retrieved from /home/airflow/.local/lib/python3.8/site-packages/airflow/example_dags/example_params_ui_tutorial.py
[2023-12-20T06:12:02.839+0000] {logging_mixin.py:188} INFO - [2023-12-20T06:12:02.838+0000] {dag.py:3033} INFO - Sync 1 DAGs
[2023-12-20T06:12:02.929+0000] {logging_mixin.py:188} INFO - [2023-12-20T06:12:02.929+0000] {dag.py:3820} INFO - Setting next_dagrun for example_params_ui_tutorial to None, run_after=None
[2023-12-20T06:12:03.077+0000] {processor.py:183} INFO - Processing /home/airflow/.local/lib/python3.8/site-packages/airflow/example_dags/example_params_ui_tutorial.py took 0.752 seconds
[2023-12-20T06:12:35.244+0000] {processor.py:161} INFO - Started process (PID=629) to work on /home/airflow/.local/lib/python3.8/site-packages/airflow/example_dags/example_params_ui_tutorial.py
[2023-12-20T06:12:35.268+0000] {processor.py:830} INFO - Processing file /home/airflow/.local/lib/python3.8/site-packages/airflow/example_dags/example_params_ui_tutorial.py for tasks to queue
[2023-12-20T06:12:35.289+0000] {logging_mixin.py:188} INFO - [2023-12-20T06:12:35.280+0000] {dagbag.py:538} INFO - Filling up the DagBag from /home/airflow/.local/lib/python3.8/site-packages/airflow/example_dags/example_params_ui_tutorial.py
[2023-12-20T06:12:35.412+0000] {processor.py:840} INFO - DAG(s) 'example_params_ui_tutorial' retrieved from /home/airflow/.local/lib/python3.8/site-packages/airflow/example_dags/example_params_ui_tutorial.py
[2023-12-20T06:12:36.820+0000] {logging_mixin.py:188} INFO - [2023-12-20T06:12:36.820+0000] {dag.py:3033} INFO - Sync 1 DAGs
[2023-12-20T06:12:37.042+0000] {logging_mixin.py:188} INFO - [2023-12-20T06:12:37.042+0000] {dag.py:3820} INFO - Setting next_dagrun for example_params_ui_tutorial to None, run_after=None
[2023-12-20T06:12:37.566+0000] {processor.py:183} INFO - Processing /home/airflow/.local/lib/python3.8/site-packages/airflow/example_dags/example_params_ui_tutorial.py took 2.337 seconds
[2023-12-20T06:13:16.834+0000] {processor.py:161} INFO - Started process (PID=682) to work on /home/airflow/.local/lib/python3.8/site-packages/airflow/example_dags/example_params_ui_tutorial.py
[2023-12-20T06:13:16.845+0000] {processor.py:830} INFO - Processing file /home/airflow/.local/lib/python3.8/site-packages/airflow/example_dags/example_params_ui_tutorial.py for tasks to queue
[2023-12-20T06:13:16.854+0000] {logging_mixin.py:188} INFO - [2023-12-20T06:13:16.854+0000] {dagbag.py:538} INFO - Filling up the DagBag from /home/airflow/.local/lib/python3.8/site-packages/airflow/example_dags/example_params_ui_tutorial.py
[2023-12-20T06:13:17.031+0000] {processor.py:840} INFO - DAG(s) 'example_params_ui_tutorial' retrieved from /home/airflow/.local/lib/python3.8/site-packages/airflow/example_dags/example_params_ui_tutorial.py
[2023-12-20T06:13:18.436+0000] {logging_mixin.py:188} INFO - [2023-12-20T06:13:18.436+0000] {dag.py:3033} INFO - Sync 1 DAGs
[2023-12-20T06:13:18.652+0000] {logging_mixin.py:188} INFO - [2023-12-20T06:13:18.650+0000] {dag.py:3820} INFO - Setting next_dagrun for example_params_ui_tutorial to None, run_after=None
[2023-12-20T06:13:18.969+0000] {processor.py:183} INFO - Processing /home/airflow/.local/lib/python3.8/site-packages/airflow/example_dags/example_params_ui_tutorial.py took 2.169 seconds
[2023-12-20T06:14:05.603+0000] {processor.py:161} INFO - Started process (PID=749) to work on /home/airflow/.local/lib/python3.8/site-packages/airflow/example_dags/example_params_ui_tutorial.py
[2023-12-20T06:14:05.613+0000] {processor.py:830} INFO - Processing file /home/airflow/.local/lib/python3.8/site-packages/airflow/example_dags/example_params_ui_tutorial.py for tasks to queue
[2023-12-20T06:14:05.641+0000] {logging_mixin.py:188} INFO - [2023-12-20T06:14:05.637+0000] {dagbag.py:538} INFO - Filling up the DagBag from /home/airflow/.local/lib/python3.8/site-packages/airflow/example_dags/example_params_ui_tutorial.py
[2023-12-20T06:14:05.849+0000] {processor.py:840} INFO - DAG(s) 'example_params_ui_tutorial' retrieved from /home/airflow/.local/lib/python3.8/site-packages/airflow/example_dags/example_params_ui_tutorial.py
[2023-12-20T06:14:06.941+0000] {logging_mixin.py:188} INFO - [2023-12-20T06:14:06.932+0000] {dag.py:3033} INFO - Sync 1 DAGs
[2023-12-20T06:14:07.199+0000] {logging_mixin.py:188} INFO - [2023-12-20T06:14:07.197+0000] {dag.py:3820} INFO - Setting next_dagrun for example_params_ui_tutorial to None, run_after=None
[2023-12-20T06:14:07.485+0000] {processor.py:183} INFO - Processing /home/airflow/.local/lib/python3.8/site-packages/airflow/example_dags/example_params_ui_tutorial.py took 1.941 seconds
[2023-12-20T06:14:42.662+0000] {processor.py:161} INFO - Started process (PID=804) to work on /home/airflow/.local/lib/python3.8/site-packages/airflow/example_dags/example_params_ui_tutorial.py
[2023-12-20T06:14:42.665+0000] {processor.py:830} INFO - Processing file /home/airflow/.local/lib/python3.8/site-packages/airflow/example_dags/example_params_ui_tutorial.py for tasks to queue
[2023-12-20T06:14:42.676+0000] {logging_mixin.py:188} INFO - [2023-12-20T06:14:42.668+0000] {dagbag.py:538} INFO - Filling up the DagBag from /home/airflow/.local/lib/python3.8/site-packages/airflow/example_dags/example_params_ui_tutorial.py
[2023-12-20T06:14:42.794+0000] {processor.py:840} INFO - DAG(s) 'example_params_ui_tutorial' retrieved from /home/airflow/.local/lib/python3.8/site-packages/airflow/example_dags/example_params_ui_tutorial.py
[2023-12-20T06:14:44.370+0000] {logging_mixin.py:188} INFO - [2023-12-20T06:14:44.370+0000] {dag.py:3033} INFO - Sync 1 DAGs
[2023-12-20T06:14:44.689+0000] {logging_mixin.py:188} INFO - [2023-12-20T06:14:44.685+0000] {dag.py:3820} INFO - Setting next_dagrun for example_params_ui_tutorial to None, run_after=None
[2023-12-20T06:14:44.926+0000] {processor.py:183} INFO - Processing /home/airflow/.local/lib/python3.8/site-packages/airflow/example_dags/example_params_ui_tutorial.py took 2.285 seconds
[2023-12-20T06:15:15.434+0000] {processor.py:161} INFO - Started process (PID=859) to work on /home/airflow/.local/lib/python3.8/site-packages/airflow/example_dags/example_params_ui_tutorial.py
[2023-12-20T06:15:15.464+0000] {processor.py:830} INFO - Processing file /home/airflow/.local/lib/python3.8/site-packages/airflow/example_dags/example_params_ui_tutorial.py for tasks to queue
[2023-12-20T06:15:15.478+0000] {logging_mixin.py:188} INFO - [2023-12-20T06:15:15.477+0000] {dagbag.py:538} INFO - Filling up the DagBag from /home/airflow/.local/lib/python3.8/site-packages/airflow/example_dags/example_params_ui_tutorial.py
[2023-12-20T06:15:15.572+0000] {processor.py:840} INFO - DAG(s) 'example_params_ui_tutorial' retrieved from /home/airflow/.local/lib/python3.8/site-packages/airflow/example_dags/example_params_ui_tutorial.py
[2023-12-20T06:15:16.395+0000] {logging_mixin.py:188} INFO - [2023-12-20T06:15:16.394+0000] {dag.py:3033} INFO - Sync 1 DAGs
[2023-12-20T06:15:16.538+0000] {logging_mixin.py:188} INFO - [2023-12-20T06:15:16.538+0000] {dag.py:3820} INFO - Setting next_dagrun for example_params_ui_tutorial to None, run_after=None
[2023-12-20T06:15:16.782+0000] {processor.py:183} INFO - Processing /home/airflow/.local/lib/python3.8/site-packages/airflow/example_dags/example_params_ui_tutorial.py took 1.369 seconds
[2023-12-20T06:15:47.053+0000] {processor.py:161} INFO - Started process (PID=913) to work on /home/airflow/.local/lib/python3.8/site-packages/airflow/example_dags/example_params_ui_tutorial.py
[2023-12-20T06:15:47.089+0000] {processor.py:830} INFO - Processing file /home/airflow/.local/lib/python3.8/site-packages/airflow/example_dags/example_params_ui_tutorial.py for tasks to queue
[2023-12-20T06:15:47.114+0000] {logging_mixin.py:188} INFO - [2023-12-20T06:15:47.093+0000] {dagbag.py:538} INFO - Filling up the DagBag from /home/airflow/.local/lib/python3.8/site-packages/airflow/example_dags/example_params_ui_tutorial.py
[2023-12-20T06:15:47.174+0000] {processor.py:840} INFO - DAG(s) 'example_params_ui_tutorial' retrieved from /home/airflow/.local/lib/python3.8/site-packages/airflow/example_dags/example_params_ui_tutorial.py
[2023-12-20T06:15:48.010+0000] {logging_mixin.py:188} INFO - [2023-12-20T06:15:48.010+0000] {dag.py:3033} INFO - Sync 1 DAGs
[2023-12-20T06:15:48.118+0000] {logging_mixin.py:188} INFO - [2023-12-20T06:15:48.117+0000] {dag.py:3820} INFO - Setting next_dagrun for example_params_ui_tutorial to None, run_after=None
[2023-12-20T06:15:48.381+0000] {processor.py:183} INFO - Processing /home/airflow/.local/lib/python3.8/site-packages/airflow/example_dags/example_params_ui_tutorial.py took 1.350 seconds
[2023-12-20T06:16:18.882+0000] {processor.py:161} INFO - Started process (PID=969) to work on /home/airflow/.local/lib/python3.8/site-packages/airflow/example_dags/example_params_ui_tutorial.py
[2023-12-20T06:16:18.916+0000] {processor.py:830} INFO - Processing file /home/airflow/.local/lib/python3.8/site-packages/airflow/example_dags/example_params_ui_tutorial.py for tasks to queue
[2023-12-20T06:16:18.920+0000] {logging_mixin.py:188} INFO - [2023-12-20T06:16:18.919+0000] {dagbag.py:538} INFO - Filling up the DagBag from /home/airflow/.local/lib/python3.8/site-packages/airflow/example_dags/example_params_ui_tutorial.py
[2023-12-20T06:16:18.995+0000] {processor.py:840} INFO - DAG(s) 'example_params_ui_tutorial' retrieved from /home/airflow/.local/lib/python3.8/site-packages/airflow/example_dags/example_params_ui_tutorial.py
[2023-12-20T06:16:19.242+0000] {logging_mixin.py:188} INFO - [2023-12-20T06:16:19.242+0000] {dag.py:3033} INFO - Sync 1 DAGs
[2023-12-20T06:16:19.285+0000] {logging_mixin.py:188} INFO - [2023-12-20T06:16:19.284+0000] {dag.py:3820} INFO - Setting next_dagrun for example_params_ui_tutorial to None, run_after=None
[2023-12-20T06:16:19.370+0000] {processor.py:183} INFO - Processing /home/airflow/.local/lib/python3.8/site-packages/airflow/example_dags/example_params_ui_tutorial.py took 0.508 seconds
[2023-12-20T06:16:50.001+0000] {processor.py:161} INFO - Started process (PID=1024) to work on /home/airflow/.local/lib/python3.8/site-packages/airflow/example_dags/example_params_ui_tutorial.py
[2023-12-20T06:16:50.009+0000] {processor.py:830} INFO - Processing file /home/airflow/.local/lib/python3.8/site-packages/airflow/example_dags/example_params_ui_tutorial.py for tasks to queue
[2023-12-20T06:16:50.024+0000] {logging_mixin.py:188} INFO - [2023-12-20T06:16:50.023+0000] {dagbag.py:538} INFO - Filling up the DagBag from /home/airflow/.local/lib/python3.8/site-packages/airflow/example_dags/example_params_ui_tutorial.py
[2023-12-20T06:16:50.114+0000] {processor.py:840} INFO - DAG(s) 'example_params_ui_tutorial' retrieved from /home/airflow/.local/lib/python3.8/site-packages/airflow/example_dags/example_params_ui_tutorial.py
[2023-12-20T06:16:50.774+0000] {logging_mixin.py:188} INFO - [2023-12-20T06:16:50.774+0000] {dag.py:3033} INFO - Sync 1 DAGs
[2023-12-20T06:16:50.859+0000] {logging_mixin.py:188} INFO - [2023-12-20T06:16:50.859+0000] {dag.py:3820} INFO - Setting next_dagrun for example_params_ui_tutorial to None, run_after=None
[2023-12-20T06:16:51.086+0000] {processor.py:183} INFO - Processing /home/airflow/.local/lib/python3.8/site-packages/airflow/example_dags/example_params_ui_tutorial.py took 1.111 seconds
[2023-12-20T06:17:21.670+0000] {processor.py:161} INFO - Started process (PID=1077) to work on /home/airflow/.local/lib/python3.8/site-packages/airflow/example_dags/example_params_ui_tutorial.py
[2023-12-20T06:17:21.708+0000] {processor.py:830} INFO - Processing file /home/airflow/.local/lib/python3.8/site-packages/airflow/example_dags/example_params_ui_tutorial.py for tasks to queue
[2023-12-20T06:17:21.718+0000] {logging_mixin.py:188} INFO - [2023-12-20T06:17:21.716+0000] {dagbag.py:538} INFO - Filling up the DagBag from /home/airflow/.local/lib/python3.8/site-packages/airflow/example_dags/example_params_ui_tutorial.py
[2023-12-20T06:17:21.790+0000] {processor.py:840} INFO - DAG(s) 'example_params_ui_tutorial' retrieved from /home/airflow/.local/lib/python3.8/site-packages/airflow/example_dags/example_params_ui_tutorial.py
[2023-12-20T06:17:22.060+0000] {logging_mixin.py:188} INFO - [2023-12-20T06:17:22.059+0000] {dag.py:3033} INFO - Sync 1 DAGs
[2023-12-20T06:17:22.154+0000] {logging_mixin.py:188} INFO - [2023-12-20T06:17:22.148+0000] {dag.py:3820} INFO - Setting next_dagrun for example_params_ui_tutorial to None, run_after=None
[2023-12-20T06:17:22.509+0000] {processor.py:183} INFO - Processing /home/airflow/.local/lib/python3.8/site-packages/airflow/example_dags/example_params_ui_tutorial.py took 0.874 seconds
[2023-12-20T06:17:52.911+0000] {processor.py:161} INFO - Started process (PID=1133) to work on /home/airflow/.local/lib/python3.8/site-packages/airflow/example_dags/example_params_ui_tutorial.py
[2023-12-20T06:17:52.913+0000] {processor.py:830} INFO - Processing file /home/airflow/.local/lib/python3.8/site-packages/airflow/example_dags/example_params_ui_tutorial.py for tasks to queue
[2023-12-20T06:17:52.921+0000] {logging_mixin.py:188} INFO - [2023-12-20T06:17:52.921+0000] {dagbag.py:538} INFO - Filling up the DagBag from /home/airflow/.local/lib/python3.8/site-packages/airflow/example_dags/example_params_ui_tutorial.py
[2023-12-20T06:17:53.012+0000] {processor.py:840} INFO - DAG(s) 'example_params_ui_tutorial' retrieved from /home/airflow/.local/lib/python3.8/site-packages/airflow/example_dags/example_params_ui_tutorial.py
[2023-12-20T06:17:53.397+0000] {logging_mixin.py:188} INFO - [2023-12-20T06:17:53.397+0000] {dag.py:3033} INFO - Sync 1 DAGs
[2023-12-20T06:17:53.444+0000] {logging_mixin.py:188} INFO - [2023-12-20T06:17:53.443+0000] {dag.py:3820} INFO - Setting next_dagrun for example_params_ui_tutorial to None, run_after=None
[2023-12-20T06:17:53.498+0000] {processor.py:183} INFO - Processing /home/airflow/.local/lib/python3.8/site-packages/airflow/example_dags/example_params_ui_tutorial.py took 0.606 seconds
[2023-12-20T06:18:23.576+0000] {processor.py:161} INFO - Started process (PID=1188) to work on /home/airflow/.local/lib/python3.8/site-packages/airflow/example_dags/example_params_ui_tutorial.py
[2023-12-20T06:18:23.578+0000] {processor.py:830} INFO - Processing file /home/airflow/.local/lib/python3.8/site-packages/airflow/example_dags/example_params_ui_tutorial.py for tasks to queue
[2023-12-20T06:18:23.583+0000] {logging_mixin.py:188} INFO - [2023-12-20T06:18:23.582+0000] {dagbag.py:538} INFO - Filling up the DagBag from /home/airflow/.local/lib/python3.8/site-packages/airflow/example_dags/example_params_ui_tutorial.py
[2023-12-20T06:18:23.614+0000] {processor.py:840} INFO - DAG(s) 'example_params_ui_tutorial' retrieved from /home/airflow/.local/lib/python3.8/site-packages/airflow/example_dags/example_params_ui_tutorial.py
[2023-12-20T06:18:23.793+0000] {logging_mixin.py:188} INFO - [2023-12-20T06:18:23.792+0000] {dag.py:3033} INFO - Sync 1 DAGs
[2023-12-20T06:18:23.826+0000] {logging_mixin.py:188} INFO - [2023-12-20T06:18:23.825+0000] {dag.py:3820} INFO - Setting next_dagrun for example_params_ui_tutorial to None, run_after=None
[2023-12-20T06:18:23.888+0000] {processor.py:183} INFO - Processing /home/airflow/.local/lib/python3.8/site-packages/airflow/example_dags/example_params_ui_tutorial.py took 0.319 seconds
[2023-12-20T06:18:54.303+0000] {processor.py:161} INFO - Started process (PID=1243) to work on /home/airflow/.local/lib/python3.8/site-packages/airflow/example_dags/example_params_ui_tutorial.py
[2023-12-20T06:18:54.341+0000] {processor.py:830} INFO - Processing file /home/airflow/.local/lib/python3.8/site-packages/airflow/example_dags/example_params_ui_tutorial.py for tasks to queue
[2023-12-20T06:18:54.353+0000] {logging_mixin.py:188} INFO - [2023-12-20T06:18:54.352+0000] {dagbag.py:538} INFO - Filling up the DagBag from /home/airflow/.local/lib/python3.8/site-packages/airflow/example_dags/example_params_ui_tutorial.py
[2023-12-20T06:18:54.447+0000] {processor.py:840} INFO - DAG(s) 'example_params_ui_tutorial' retrieved from /home/airflow/.local/lib/python3.8/site-packages/airflow/example_dags/example_params_ui_tutorial.py
[2023-12-20T06:18:54.713+0000] {logging_mixin.py:188} INFO - [2023-12-20T06:18:54.713+0000] {dag.py:3033} INFO - Sync 1 DAGs
[2023-12-20T06:18:54.759+0000] {logging_mixin.py:188} INFO - [2023-12-20T06:18:54.759+0000] {dag.py:3820} INFO - Setting next_dagrun for example_params_ui_tutorial to None, run_after=None
[2023-12-20T06:18:54.832+0000] {processor.py:183} INFO - Processing /home/airflow/.local/lib/python3.8/site-packages/airflow/example_dags/example_params_ui_tutorial.py took 0.545 seconds
[2023-12-20T06:19:24.925+0000] {processor.py:161} INFO - Started process (PID=1299) to work on /home/airflow/.local/lib/python3.8/site-packages/airflow/example_dags/example_params_ui_tutorial.py
[2023-12-20T06:19:24.965+0000] {processor.py:830} INFO - Processing file /home/airflow/.local/lib/python3.8/site-packages/airflow/example_dags/example_params_ui_tutorial.py for tasks to queue
[2023-12-20T06:19:24.977+0000] {logging_mixin.py:188} INFO - [2023-12-20T06:19:24.977+0000] {dagbag.py:538} INFO - Filling up the DagBag from /home/airflow/.local/lib/python3.8/site-packages/airflow/example_dags/example_params_ui_tutorial.py
[2023-12-20T06:19:25.057+0000] {processor.py:840} INFO - DAG(s) 'example_params_ui_tutorial' retrieved from /home/airflow/.local/lib/python3.8/site-packages/airflow/example_dags/example_params_ui_tutorial.py
[2023-12-20T06:19:25.487+0000] {logging_mixin.py:188} INFO - [2023-12-20T06:19:25.486+0000] {dag.py:3033} INFO - Sync 1 DAGs
[2023-12-20T06:19:25.618+0000] {logging_mixin.py:188} INFO - [2023-12-20T06:19:25.618+0000] {dag.py:3820} INFO - Setting next_dagrun for example_params_ui_tutorial to None, run_after=None
[2023-12-20T06:19:25.723+0000] {processor.py:183} INFO - Processing /home/airflow/.local/lib/python3.8/site-packages/airflow/example_dags/example_params_ui_tutorial.py took 0.814 seconds
[2023-12-20T06:19:55.987+0000] {processor.py:161} INFO - Started process (PID=1353) to work on /home/airflow/.local/lib/python3.8/site-packages/airflow/example_dags/example_params_ui_tutorial.py
[2023-12-20T06:19:56.019+0000] {processor.py:830} INFO - Processing file /home/airflow/.local/lib/python3.8/site-packages/airflow/example_dags/example_params_ui_tutorial.py for tasks to queue
[2023-12-20T06:19:56.024+0000] {logging_mixin.py:188} INFO - [2023-12-20T06:19:56.023+0000] {dagbag.py:538} INFO - Filling up the DagBag from /home/airflow/.local/lib/python3.8/site-packages/airflow/example_dags/example_params_ui_tutorial.py
[2023-12-20T06:19:56.069+0000] {processor.py:840} INFO - DAG(s) 'example_params_ui_tutorial' retrieved from /home/airflow/.local/lib/python3.8/site-packages/airflow/example_dags/example_params_ui_tutorial.py
[2023-12-20T06:19:56.404+0000] {logging_mixin.py:188} INFO - [2023-12-20T06:19:56.403+0000] {dag.py:3033} INFO - Sync 1 DAGs
[2023-12-20T06:19:56.448+0000] {logging_mixin.py:188} INFO - [2023-12-20T06:19:56.447+0000] {dag.py:3820} INFO - Setting next_dagrun for example_params_ui_tutorial to None, run_after=None
[2023-12-20T06:19:56.559+0000] {processor.py:183} INFO - Processing /home/airflow/.local/lib/python3.8/site-packages/airflow/example_dags/example_params_ui_tutorial.py took 0.581 seconds
[2023-12-20T06:20:27.570+0000] {processor.py:161} INFO - Started process (PID=1408) to work on /home/airflow/.local/lib/python3.8/site-packages/airflow/example_dags/example_params_ui_tutorial.py
[2023-12-20T06:20:27.572+0000] {processor.py:830} INFO - Processing file /home/airflow/.local/lib/python3.8/site-packages/airflow/example_dags/example_params_ui_tutorial.py for tasks to queue
[2023-12-20T06:20:27.586+0000] {logging_mixin.py:188} INFO - [2023-12-20T06:20:27.585+0000] {dagbag.py:538} INFO - Filling up the DagBag from /home/airflow/.local/lib/python3.8/site-packages/airflow/example_dags/example_params_ui_tutorial.py
[2023-12-20T06:20:27.648+0000] {processor.py:840} INFO - DAG(s) 'example_params_ui_tutorial' retrieved from /home/airflow/.local/lib/python3.8/site-packages/airflow/example_dags/example_params_ui_tutorial.py
[2023-12-20T06:20:28.216+0000] {logging_mixin.py:188} INFO - [2023-12-20T06:20:28.215+0000] {dag.py:3033} INFO - Sync 1 DAGs
[2023-12-20T06:20:28.282+0000] {logging_mixin.py:188} INFO - [2023-12-20T06:20:28.278+0000] {dag.py:3820} INFO - Setting next_dagrun for example_params_ui_tutorial to None, run_after=None
[2023-12-20T06:20:28.466+0000] {processor.py:183} INFO - Processing /home/airflow/.local/lib/python3.8/site-packages/airflow/example_dags/example_params_ui_tutorial.py took 0.918 seconds
[2023-12-20T06:20:58.738+0000] {processor.py:161} INFO - Started process (PID=1462) to work on /home/airflow/.local/lib/python3.8/site-packages/airflow/example_dags/example_params_ui_tutorial.py
[2023-12-20T06:20:58.772+0000] {processor.py:830} INFO - Processing file /home/airflow/.local/lib/python3.8/site-packages/airflow/example_dags/example_params_ui_tutorial.py for tasks to queue
[2023-12-20T06:20:58.776+0000] {logging_mixin.py:188} INFO - [2023-12-20T06:20:58.776+0000] {dagbag.py:538} INFO - Filling up the DagBag from /home/airflow/.local/lib/python3.8/site-packages/airflow/example_dags/example_params_ui_tutorial.py
[2023-12-20T06:20:58.821+0000] {processor.py:840} INFO - DAG(s) 'example_params_ui_tutorial' retrieved from /home/airflow/.local/lib/python3.8/site-packages/airflow/example_dags/example_params_ui_tutorial.py
[2023-12-20T06:20:59.315+0000] {logging_mixin.py:188} INFO - [2023-12-20T06:20:59.311+0000] {dag.py:3033} INFO - Sync 1 DAGs
[2023-12-20T06:20:59.373+0000] {logging_mixin.py:188} INFO - [2023-12-20T06:20:59.372+0000] {dag.py:3820} INFO - Setting next_dagrun for example_params_ui_tutorial to None, run_after=None
[2023-12-20T06:20:59.473+0000] {processor.py:183} INFO - Processing /home/airflow/.local/lib/python3.8/site-packages/airflow/example_dags/example_params_ui_tutorial.py took 0.742 seconds
[2023-12-20T06:21:32.073+0000] {processor.py:161} INFO - Started process (PID=1517) to work on /home/airflow/.local/lib/python3.8/site-packages/airflow/example_dags/example_params_ui_tutorial.py
[2023-12-20T06:21:32.108+0000] {processor.py:830} INFO - Processing file /home/airflow/.local/lib/python3.8/site-packages/airflow/example_dags/example_params_ui_tutorial.py for tasks to queue
[2023-12-20T06:21:32.112+0000] {logging_mixin.py:188} INFO - [2023-12-20T06:21:32.112+0000] {dagbag.py:538} INFO - Filling up the DagBag from /home/airflow/.local/lib/python3.8/site-packages/airflow/example_dags/example_params_ui_tutorial.py
[2023-12-20T06:21:32.157+0000] {processor.py:840} INFO - DAG(s) 'example_params_ui_tutorial' retrieved from /home/airflow/.local/lib/python3.8/site-packages/airflow/example_dags/example_params_ui_tutorial.py
[2023-12-20T06:21:32.534+0000] {logging_mixin.py:188} INFO - [2023-12-20T06:21:32.533+0000] {dag.py:3033} INFO - Sync 1 DAGs
[2023-12-20T06:21:32.600+0000] {logging_mixin.py:188} INFO - [2023-12-20T06:21:32.600+0000] {dag.py:3820} INFO - Setting next_dagrun for example_params_ui_tutorial to None, run_after=None
[2023-12-20T06:21:32.766+0000] {processor.py:183} INFO - Processing /home/airflow/.local/lib/python3.8/site-packages/airflow/example_dags/example_params_ui_tutorial.py took 0.709 seconds
[2023-12-20T06:22:03.299+0000] {processor.py:161} INFO - Started process (PID=1574) to work on /home/airflow/.local/lib/python3.8/site-packages/airflow/example_dags/example_params_ui_tutorial.py
[2023-12-20T06:22:03.309+0000] {processor.py:830} INFO - Processing file /home/airflow/.local/lib/python3.8/site-packages/airflow/example_dags/example_params_ui_tutorial.py for tasks to queue
[2023-12-20T06:22:03.320+0000] {logging_mixin.py:188} INFO - [2023-12-20T06:22:03.319+0000] {dagbag.py:538} INFO - Filling up the DagBag from /home/airflow/.local/lib/python3.8/site-packages/airflow/example_dags/example_params_ui_tutorial.py
[2023-12-20T06:22:03.467+0000] {processor.py:840} INFO - DAG(s) 'example_params_ui_tutorial' retrieved from /home/airflow/.local/lib/python3.8/site-packages/airflow/example_dags/example_params_ui_tutorial.py
[2023-12-20T06:22:04.140+0000] {logging_mixin.py:188} INFO - [2023-12-20T06:22:04.134+0000] {dag.py:3033} INFO - Sync 1 DAGs
[2023-12-20T06:22:04.220+0000] {logging_mixin.py:188} INFO - [2023-12-20T06:22:04.220+0000] {dag.py:3820} INFO - Setting next_dagrun for example_params_ui_tutorial to None, run_after=None
[2023-12-20T06:22:04.569+0000] {processor.py:183} INFO - Processing /home/airflow/.local/lib/python3.8/site-packages/airflow/example_dags/example_params_ui_tutorial.py took 1.291 seconds
[2023-12-20T06:22:35.310+0000] {processor.py:161} INFO - Started process (PID=1629) to work on /home/airflow/.local/lib/python3.8/site-packages/airflow/example_dags/example_params_ui_tutorial.py
[2023-12-20T06:22:35.352+0000] {processor.py:830} INFO - Processing file /home/airflow/.local/lib/python3.8/site-packages/airflow/example_dags/example_params_ui_tutorial.py for tasks to queue
[2023-12-20T06:22:35.354+0000] {logging_mixin.py:188} INFO - [2023-12-20T06:22:35.354+0000] {dagbag.py:538} INFO - Filling up the DagBag from /home/airflow/.local/lib/python3.8/site-packages/airflow/example_dags/example_params_ui_tutorial.py
[2023-12-20T06:22:35.383+0000] {processor.py:840} INFO - DAG(s) 'example_params_ui_tutorial' retrieved from /home/airflow/.local/lib/python3.8/site-packages/airflow/example_dags/example_params_ui_tutorial.py
[2023-12-20T06:22:35.614+0000] {logging_mixin.py:188} INFO - [2023-12-20T06:22:35.613+0000] {dag.py:3033} INFO - Sync 1 DAGs
[2023-12-20T06:22:35.652+0000] {logging_mixin.py:188} INFO - [2023-12-20T06:22:35.651+0000] {dag.py:3820} INFO - Setting next_dagrun for example_params_ui_tutorial to None, run_after=None
[2023-12-20T06:22:35.749+0000] {processor.py:183} INFO - Processing /home/airflow/.local/lib/python3.8/site-packages/airflow/example_dags/example_params_ui_tutorial.py took 0.450 seconds
[2023-12-20T06:23:05.869+0000] {processor.py:161} INFO - Started process (PID=1684) to work on /home/airflow/.local/lib/python3.8/site-packages/airflow/example_dags/example_params_ui_tutorial.py
[2023-12-20T06:23:05.870+0000] {processor.py:830} INFO - Processing file /home/airflow/.local/lib/python3.8/site-packages/airflow/example_dags/example_params_ui_tutorial.py for tasks to queue
[2023-12-20T06:23:05.883+0000] {logging_mixin.py:188} INFO - [2023-12-20T06:23:05.883+0000] {dagbag.py:538} INFO - Filling up the DagBag from /home/airflow/.local/lib/python3.8/site-packages/airflow/example_dags/example_params_ui_tutorial.py
[2023-12-20T06:23:05.958+0000] {processor.py:840} INFO - DAG(s) 'example_params_ui_tutorial' retrieved from /home/airflow/.local/lib/python3.8/site-packages/airflow/example_dags/example_params_ui_tutorial.py
[2023-12-20T06:23:06.299+0000] {logging_mixin.py:188} INFO - [2023-12-20T06:23:06.298+0000] {dag.py:3033} INFO - Sync 1 DAGs
[2023-12-20T06:23:06.365+0000] {logging_mixin.py:188} INFO - [2023-12-20T06:23:06.365+0000] {dag.py:3820} INFO - Setting next_dagrun for example_params_ui_tutorial to None, run_after=None
[2023-12-20T06:23:06.480+0000] {processor.py:183} INFO - Processing /home/airflow/.local/lib/python3.8/site-packages/airflow/example_dags/example_params_ui_tutorial.py took 0.644 seconds
[2023-12-20T06:23:36.903+0000] {processor.py:161} INFO - Started process (PID=1738) to work on /home/airflow/.local/lib/python3.8/site-packages/airflow/example_dags/example_params_ui_tutorial.py
[2023-12-20T06:23:36.936+0000] {processor.py:830} INFO - Processing file /home/airflow/.local/lib/python3.8/site-packages/airflow/example_dags/example_params_ui_tutorial.py for tasks to queue
[2023-12-20T06:23:36.937+0000] {logging_mixin.py:188} INFO - [2023-12-20T06:23:36.937+0000] {dagbag.py:538} INFO - Filling up the DagBag from /home/airflow/.local/lib/python3.8/site-packages/airflow/example_dags/example_params_ui_tutorial.py
[2023-12-20T06:23:36.978+0000] {processor.py:840} INFO - DAG(s) 'example_params_ui_tutorial' retrieved from /home/airflow/.local/lib/python3.8/site-packages/airflow/example_dags/example_params_ui_tutorial.py
[2023-12-20T06:23:37.378+0000] {logging_mixin.py:188} INFO - [2023-12-20T06:23:37.377+0000] {dag.py:3033} INFO - Sync 1 DAGs
[2023-12-20T06:23:37.504+0000] {logging_mixin.py:188} INFO - [2023-12-20T06:23:37.503+0000] {dag.py:3820} INFO - Setting next_dagrun for example_params_ui_tutorial to None, run_after=None
[2023-12-20T06:23:37.685+0000] {processor.py:183} INFO - Processing /home/airflow/.local/lib/python3.8/site-packages/airflow/example_dags/example_params_ui_tutorial.py took 0.799 seconds
[2023-12-20T06:24:11.807+0000] {processor.py:161} INFO - Started process (PID=1794) to work on /home/airflow/.local/lib/python3.8/site-packages/airflow/example_dags/example_params_ui_tutorial.py
[2023-12-20T06:24:11.815+0000] {processor.py:830} INFO - Processing file /home/airflow/.local/lib/python3.8/site-packages/airflow/example_dags/example_params_ui_tutorial.py for tasks to queue
[2023-12-20T06:24:11.817+0000] {logging_mixin.py:188} INFO - [2023-12-20T06:24:11.816+0000] {dagbag.py:538} INFO - Filling up the DagBag from /home/airflow/.local/lib/python3.8/site-packages/airflow/example_dags/example_params_ui_tutorial.py
[2023-12-20T06:24:12.009+0000] {processor.py:840} INFO - DAG(s) 'example_params_ui_tutorial' retrieved from /home/airflow/.local/lib/python3.8/site-packages/airflow/example_dags/example_params_ui_tutorial.py
[2023-12-20T06:24:13.713+0000] {logging_mixin.py:188} INFO - [2023-12-20T06:24:13.713+0000] {dag.py:3033} INFO - Sync 1 DAGs
[2023-12-20T06:24:13.916+0000] {logging_mixin.py:188} INFO - [2023-12-20T06:24:13.916+0000] {dag.py:3820} INFO - Setting next_dagrun for example_params_ui_tutorial to None, run_after=None
[2023-12-20T06:24:14.118+0000] {processor.py:183} INFO - Processing /home/airflow/.local/lib/python3.8/site-packages/airflow/example_dags/example_params_ui_tutorial.py took 2.329 seconds
[2023-12-20T06:24:44.370+0000] {processor.py:161} INFO - Started process (PID=1855) to work on /home/airflow/.local/lib/python3.8/site-packages/airflow/example_dags/example_params_ui_tutorial.py
[2023-12-20T06:24:44.413+0000] {processor.py:830} INFO - Processing file /home/airflow/.local/lib/python3.8/site-packages/airflow/example_dags/example_params_ui_tutorial.py for tasks to queue
[2023-12-20T06:24:44.416+0000] {logging_mixin.py:188} INFO - [2023-12-20T06:24:44.415+0000] {dagbag.py:538} INFO - Filling up the DagBag from /home/airflow/.local/lib/python3.8/site-packages/airflow/example_dags/example_params_ui_tutorial.py
[2023-12-20T06:24:44.455+0000] {processor.py:840} INFO - DAG(s) 'example_params_ui_tutorial' retrieved from /home/airflow/.local/lib/python3.8/site-packages/airflow/example_dags/example_params_ui_tutorial.py
[2023-12-20T06:24:44.644+0000] {logging_mixin.py:188} INFO - [2023-12-20T06:24:44.643+0000] {dag.py:3033} INFO - Sync 1 DAGs
[2023-12-20T06:24:44.679+0000] {logging_mixin.py:188} INFO - [2023-12-20T06:24:44.679+0000] {dag.py:3820} INFO - Setting next_dagrun for example_params_ui_tutorial to None, run_after=None
[2023-12-20T06:24:44.736+0000] {processor.py:183} INFO - Processing /home/airflow/.local/lib/python3.8/site-packages/airflow/example_dags/example_params_ui_tutorial.py took 0.373 seconds
[2023-12-20T06:25:15.153+0000] {processor.py:161} INFO - Started process (PID=1909) to work on /home/airflow/.local/lib/python3.8/site-packages/airflow/example_dags/example_params_ui_tutorial.py
[2023-12-20T06:25:15.196+0000] {processor.py:830} INFO - Processing file /home/airflow/.local/lib/python3.8/site-packages/airflow/example_dags/example_params_ui_tutorial.py for tasks to queue
[2023-12-20T06:25:15.198+0000] {logging_mixin.py:188} INFO - [2023-12-20T06:25:15.197+0000] {dagbag.py:538} INFO - Filling up the DagBag from /home/airflow/.local/lib/python3.8/site-packages/airflow/example_dags/example_params_ui_tutorial.py
[2023-12-20T06:25:15.234+0000] {processor.py:840} INFO - DAG(s) 'example_params_ui_tutorial' retrieved from /home/airflow/.local/lib/python3.8/site-packages/airflow/example_dags/example_params_ui_tutorial.py
[2023-12-20T06:25:15.469+0000] {logging_mixin.py:188} INFO - [2023-12-20T06:25:15.469+0000] {dag.py:3033} INFO - Sync 1 DAGs
[2023-12-20T06:25:15.546+0000] {logging_mixin.py:188} INFO - [2023-12-20T06:25:15.546+0000] {dag.py:3820} INFO - Setting next_dagrun for example_params_ui_tutorial to None, run_after=None
[2023-12-20T06:25:15.655+0000] {processor.py:183} INFO - Processing /home/airflow/.local/lib/python3.8/site-packages/airflow/example_dags/example_params_ui_tutorial.py took 0.509 seconds
[2023-12-20T06:25:45.871+0000] {processor.py:161} INFO - Started process (PID=1962) to work on /home/airflow/.local/lib/python3.8/site-packages/airflow/example_dags/example_params_ui_tutorial.py
[2023-12-20T06:25:45.873+0000] {processor.py:830} INFO - Processing file /home/airflow/.local/lib/python3.8/site-packages/airflow/example_dags/example_params_ui_tutorial.py for tasks to queue
[2023-12-20T06:25:45.875+0000] {logging_mixin.py:188} INFO - [2023-12-20T06:25:45.875+0000] {dagbag.py:538} INFO - Filling up the DagBag from /home/airflow/.local/lib/python3.8/site-packages/airflow/example_dags/example_params_ui_tutorial.py
[2023-12-20T06:25:45.910+0000] {processor.py:840} INFO - DAG(s) 'example_params_ui_tutorial' retrieved from /home/airflow/.local/lib/python3.8/site-packages/airflow/example_dags/example_params_ui_tutorial.py
[2023-12-20T06:25:46.118+0000] {logging_mixin.py:188} INFO - [2023-12-20T06:25:46.117+0000] {dag.py:3033} INFO - Sync 1 DAGs
[2023-12-20T06:25:46.152+0000] {logging_mixin.py:188} INFO - [2023-12-20T06:25:46.151+0000] {dag.py:3820} INFO - Setting next_dagrun for example_params_ui_tutorial to None, run_after=None
[2023-12-20T06:25:46.202+0000] {processor.py:183} INFO - Processing /home/airflow/.local/lib/python3.8/site-packages/airflow/example_dags/example_params_ui_tutorial.py took 0.340 seconds
[2023-12-20T06:26:16.663+0000] {processor.py:161} INFO - Started process (PID=2017) to work on /home/airflow/.local/lib/python3.8/site-packages/airflow/example_dags/example_params_ui_tutorial.py
[2023-12-20T06:26:16.704+0000] {processor.py:830} INFO - Processing file /home/airflow/.local/lib/python3.8/site-packages/airflow/example_dags/example_params_ui_tutorial.py for tasks to queue
[2023-12-20T06:26:16.706+0000] {logging_mixin.py:188} INFO - [2023-12-20T06:26:16.705+0000] {dagbag.py:538} INFO - Filling up the DagBag from /home/airflow/.local/lib/python3.8/site-packages/airflow/example_dags/example_params_ui_tutorial.py
[2023-12-20T06:26:16.881+0000] {processor.py:840} INFO - DAG(s) 'example_params_ui_tutorial' retrieved from /home/airflow/.local/lib/python3.8/site-packages/airflow/example_dags/example_params_ui_tutorial.py
[2023-12-20T06:26:17.228+0000] {logging_mixin.py:188} INFO - [2023-12-20T06:26:17.228+0000] {dag.py:3033} INFO - Sync 1 DAGs
[2023-12-20T06:26:17.308+0000] {logging_mixin.py:188} INFO - [2023-12-20T06:26:17.308+0000] {dag.py:3820} INFO - Setting next_dagrun for example_params_ui_tutorial to None, run_after=None
[2023-12-20T06:26:17.419+0000] {processor.py:183} INFO - Processing /home/airflow/.local/lib/python3.8/site-packages/airflow/example_dags/example_params_ui_tutorial.py took 0.778 seconds
[2023-12-20T06:26:47.523+0000] {processor.py:161} INFO - Started process (PID=2073) to work on /home/airflow/.local/lib/python3.8/site-packages/airflow/example_dags/example_params_ui_tutorial.py
[2023-12-20T06:26:47.533+0000] {processor.py:830} INFO - Processing file /home/airflow/.local/lib/python3.8/site-packages/airflow/example_dags/example_params_ui_tutorial.py for tasks to queue
[2023-12-20T06:26:47.541+0000] {logging_mixin.py:188} INFO - [2023-12-20T06:26:47.534+0000] {dagbag.py:538} INFO - Filling up the DagBag from /home/airflow/.local/lib/python3.8/site-packages/airflow/example_dags/example_params_ui_tutorial.py
[2023-12-20T06:26:47.620+0000] {processor.py:840} INFO - DAG(s) 'example_params_ui_tutorial' retrieved from /home/airflow/.local/lib/python3.8/site-packages/airflow/example_dags/example_params_ui_tutorial.py
[2023-12-20T06:26:48.177+0000] {logging_mixin.py:188} INFO - [2023-12-20T06:26:48.177+0000] {dag.py:3033} INFO - Sync 1 DAGs
[2023-12-20T06:26:48.265+0000] {logging_mixin.py:188} INFO - [2023-12-20T06:26:48.265+0000] {dag.py:3820} INFO - Setting next_dagrun for example_params_ui_tutorial to None, run_after=None
[2023-12-20T06:26:48.424+0000] {processor.py:183} INFO - Processing /home/airflow/.local/lib/python3.8/site-packages/airflow/example_dags/example_params_ui_tutorial.py took 0.924 seconds
[2023-12-20T06:27:23.304+0000] {processor.py:161} INFO - Started process (PID=2129) to work on /home/airflow/.local/lib/python3.8/site-packages/airflow/example_dags/example_params_ui_tutorial.py
[2023-12-20T06:27:23.306+0000] {processor.py:830} INFO - Processing file /home/airflow/.local/lib/python3.8/site-packages/airflow/example_dags/example_params_ui_tutorial.py for tasks to queue
[2023-12-20T06:27:23.308+0000] {logging_mixin.py:188} INFO - [2023-12-20T06:27:23.308+0000] {dagbag.py:538} INFO - Filling up the DagBag from /home/airflow/.local/lib/python3.8/site-packages/airflow/example_dags/example_params_ui_tutorial.py
[2023-12-20T06:27:23.345+0000] {processor.py:840} INFO - DAG(s) 'example_params_ui_tutorial' retrieved from /home/airflow/.local/lib/python3.8/site-packages/airflow/example_dags/example_params_ui_tutorial.py
[2023-12-20T06:27:24.116+0000] {logging_mixin.py:188} INFO - [2023-12-20T06:27:24.116+0000] {dag.py:3033} INFO - Sync 1 DAGs
[2023-12-20T06:27:24.235+0000] {logging_mixin.py:188} INFO - [2023-12-20T06:27:24.224+0000] {dag.py:3820} INFO - Setting next_dagrun for example_params_ui_tutorial to None, run_after=None
[2023-12-20T06:27:24.468+0000] {processor.py:183} INFO - Processing /home/airflow/.local/lib/python3.8/site-packages/airflow/example_dags/example_params_ui_tutorial.py took 1.171 seconds
[2023-12-20T06:27:54.883+0000] {processor.py:161} INFO - Started process (PID=2186) to work on /home/airflow/.local/lib/python3.8/site-packages/airflow/example_dags/example_params_ui_tutorial.py
[2023-12-20T06:27:54.887+0000] {processor.py:830} INFO - Processing file /home/airflow/.local/lib/python3.8/site-packages/airflow/example_dags/example_params_ui_tutorial.py for tasks to queue
[2023-12-20T06:27:54.889+0000] {logging_mixin.py:188} INFO - [2023-12-20T06:27:54.888+0000] {dagbag.py:538} INFO - Filling up the DagBag from /home/airflow/.local/lib/python3.8/site-packages/airflow/example_dags/example_params_ui_tutorial.py
[2023-12-20T06:27:54.924+0000] {processor.py:840} INFO - DAG(s) 'example_params_ui_tutorial' retrieved from /home/airflow/.local/lib/python3.8/site-packages/airflow/example_dags/example_params_ui_tutorial.py
[2023-12-20T06:27:55.203+0000] {logging_mixin.py:188} INFO - [2023-12-20T06:27:55.203+0000] {dag.py:3033} INFO - Sync 1 DAGs
[2023-12-20T06:27:55.238+0000] {logging_mixin.py:188} INFO - [2023-12-20T06:27:55.238+0000] {dag.py:3820} INFO - Setting next_dagrun for example_params_ui_tutorial to None, run_after=None
[2023-12-20T06:27:55.459+0000] {processor.py:183} INFO - Processing /home/airflow/.local/lib/python3.8/site-packages/airflow/example_dags/example_params_ui_tutorial.py took 0.583 seconds
[2023-12-20T06:28:26.097+0000] {processor.py:161} INFO - Started process (PID=2243) to work on /home/airflow/.local/lib/python3.8/site-packages/airflow/example_dags/example_params_ui_tutorial.py
[2023-12-20T06:28:26.135+0000] {processor.py:830} INFO - Processing file /home/airflow/.local/lib/python3.8/site-packages/airflow/example_dags/example_params_ui_tutorial.py for tasks to queue
[2023-12-20T06:28:26.138+0000] {logging_mixin.py:188} INFO - [2023-12-20T06:28:26.137+0000] {dagbag.py:538} INFO - Filling up the DagBag from /home/airflow/.local/lib/python3.8/site-packages/airflow/example_dags/example_params_ui_tutorial.py
[2023-12-20T06:28:26.190+0000] {processor.py:840} INFO - DAG(s) 'example_params_ui_tutorial' retrieved from /home/airflow/.local/lib/python3.8/site-packages/airflow/example_dags/example_params_ui_tutorial.py
[2023-12-20T06:28:26.373+0000] {logging_mixin.py:188} INFO - [2023-12-20T06:28:26.373+0000] {dag.py:3033} INFO - Sync 1 DAGs
[2023-12-20T06:28:26.411+0000] {logging_mixin.py:188} INFO - [2023-12-20T06:28:26.411+0000] {dag.py:3820} INFO - Setting next_dagrun for example_params_ui_tutorial to None, run_after=None
[2023-12-20T06:28:26.746+0000] {processor.py:183} INFO - Processing /home/airflow/.local/lib/python3.8/site-packages/airflow/example_dags/example_params_ui_tutorial.py took 0.657 seconds
[2023-12-20T06:28:58.403+0000] {processor.py:161} INFO - Started process (PID=2300) to work on /home/airflow/.local/lib/python3.8/site-packages/airflow/example_dags/example_params_ui_tutorial.py
[2023-12-20T06:28:58.406+0000] {processor.py:830} INFO - Processing file /home/airflow/.local/lib/python3.8/site-packages/airflow/example_dags/example_params_ui_tutorial.py for tasks to queue
[2023-12-20T06:28:58.413+0000] {logging_mixin.py:188} INFO - [2023-12-20T06:28:58.412+0000] {dagbag.py:538} INFO - Filling up the DagBag from /home/airflow/.local/lib/python3.8/site-packages/airflow/example_dags/example_params_ui_tutorial.py
[2023-12-20T06:28:58.470+0000] {processor.py:840} INFO - DAG(s) 'example_params_ui_tutorial' retrieved from /home/airflow/.local/lib/python3.8/site-packages/airflow/example_dags/example_params_ui_tutorial.py
[2023-12-20T06:28:58.861+0000] {logging_mixin.py:188} INFO - [2023-12-20T06:28:58.859+0000] {dag.py:3033} INFO - Sync 1 DAGs
[2023-12-20T06:28:59.011+0000] {logging_mixin.py:188} INFO - [2023-12-20T06:28:59.011+0000] {dag.py:3820} INFO - Setting next_dagrun for example_params_ui_tutorial to None, run_after=None
[2023-12-20T06:28:59.162+0000] {processor.py:183} INFO - Processing /home/airflow/.local/lib/python3.8/site-packages/airflow/example_dags/example_params_ui_tutorial.py took 0.775 seconds
[2023-12-20T06:29:30.165+0000] {processor.py:161} INFO - Started process (PID=2356) to work on /home/airflow/.local/lib/python3.8/site-packages/airflow/example_dags/example_params_ui_tutorial.py
[2023-12-20T06:29:30.172+0000] {processor.py:830} INFO - Processing file /home/airflow/.local/lib/python3.8/site-packages/airflow/example_dags/example_params_ui_tutorial.py for tasks to queue
[2023-12-20T06:29:30.174+0000] {logging_mixin.py:188} INFO - [2023-12-20T06:29:30.173+0000] {dagbag.py:538} INFO - Filling up the DagBag from /home/airflow/.local/lib/python3.8/site-packages/airflow/example_dags/example_params_ui_tutorial.py
[2023-12-20T06:29:30.297+0000] {processor.py:840} INFO - DAG(s) 'example_params_ui_tutorial' retrieved from /home/airflow/.local/lib/python3.8/site-packages/airflow/example_dags/example_params_ui_tutorial.py
[2023-12-20T06:29:30.920+0000] {logging_mixin.py:188} INFO - [2023-12-20T06:29:30.907+0000] {dag.py:3033} INFO - Sync 1 DAGs
[2023-12-20T06:29:30.984+0000] {logging_mixin.py:188} INFO - [2023-12-20T06:29:30.984+0000] {dag.py:3820} INFO - Setting next_dagrun for example_params_ui_tutorial to None, run_after=None
[2023-12-20T06:29:31.122+0000] {processor.py:183} INFO - Processing /home/airflow/.local/lib/python3.8/site-packages/airflow/example_dags/example_params_ui_tutorial.py took 0.976 seconds
[2023-12-20T06:30:02.035+0000] {processor.py:161} INFO - Started process (PID=2412) to work on /home/airflow/.local/lib/python3.8/site-packages/airflow/example_dags/example_params_ui_tutorial.py
[2023-12-20T06:30:02.045+0000] {processor.py:830} INFO - Processing file /home/airflow/.local/lib/python3.8/site-packages/airflow/example_dags/example_params_ui_tutorial.py for tasks to queue
[2023-12-20T06:30:02.051+0000] {logging_mixin.py:188} INFO - [2023-12-20T06:30:02.050+0000] {dagbag.py:538} INFO - Filling up the DagBag from /home/airflow/.local/lib/python3.8/site-packages/airflow/example_dags/example_params_ui_tutorial.py
[2023-12-20T06:30:02.118+0000] {processor.py:840} INFO - DAG(s) 'example_params_ui_tutorial' retrieved from /home/airflow/.local/lib/python3.8/site-packages/airflow/example_dags/example_params_ui_tutorial.py
[2023-12-20T06:30:02.560+0000] {logging_mixin.py:188} INFO - [2023-12-20T06:30:02.560+0000] {dag.py:3033} INFO - Sync 1 DAGs
[2023-12-20T06:30:02.650+0000] {logging_mixin.py:188} INFO - [2023-12-20T06:30:02.649+0000] {dag.py:3820} INFO - Setting next_dagrun for example_params_ui_tutorial to None, run_after=None
[2023-12-20T06:30:02.785+0000] {processor.py:183} INFO - Processing /home/airflow/.local/lib/python3.8/site-packages/airflow/example_dags/example_params_ui_tutorial.py took 0.768 seconds
[2023-12-20T06:30:33.267+0000] {processor.py:161} INFO - Started process (PID=2469) to work on /home/airflow/.local/lib/python3.8/site-packages/airflow/example_dags/example_params_ui_tutorial.py
[2023-12-20T06:30:33.270+0000] {processor.py:830} INFO - Processing file /home/airflow/.local/lib/python3.8/site-packages/airflow/example_dags/example_params_ui_tutorial.py for tasks to queue
[2023-12-20T06:30:33.273+0000] {logging_mixin.py:188} INFO - [2023-12-20T06:30:33.272+0000] {dagbag.py:538} INFO - Filling up the DagBag from /home/airflow/.local/lib/python3.8/site-packages/airflow/example_dags/example_params_ui_tutorial.py
[2023-12-20T06:30:33.309+0000] {processor.py:840} INFO - DAG(s) 'example_params_ui_tutorial' retrieved from /home/airflow/.local/lib/python3.8/site-packages/airflow/example_dags/example_params_ui_tutorial.py
[2023-12-20T06:30:33.638+0000] {logging_mixin.py:188} INFO - [2023-12-20T06:30:33.637+0000] {dag.py:3033} INFO - Sync 1 DAGs
[2023-12-20T06:30:34.360+0000] {logging_mixin.py:188} INFO - [2023-12-20T06:30:34.359+0000] {dag.py:3820} INFO - Setting next_dagrun for example_params_ui_tutorial to None, run_after=None
[2023-12-20T06:30:34.562+0000] {processor.py:183} INFO - Processing /home/airflow/.local/lib/python3.8/site-packages/airflow/example_dags/example_params_ui_tutorial.py took 1.302 seconds
[2023-12-20T06:31:08.577+0000] {processor.py:161} INFO - Started process (PID=2522) to work on /home/airflow/.local/lib/python3.8/site-packages/airflow/example_dags/example_params_ui_tutorial.py
[2023-12-20T06:31:08.586+0000] {processor.py:830} INFO - Processing file /home/airflow/.local/lib/python3.8/site-packages/airflow/example_dags/example_params_ui_tutorial.py for tasks to queue
[2023-12-20T06:31:08.591+0000] {logging_mixin.py:188} INFO - [2023-12-20T06:31:08.588+0000] {dagbag.py:538} INFO - Filling up the DagBag from /home/airflow/.local/lib/python3.8/site-packages/airflow/example_dags/example_params_ui_tutorial.py
[2023-12-20T06:31:08.694+0000] {processor.py:840} INFO - DAG(s) 'example_params_ui_tutorial' retrieved from /home/airflow/.local/lib/python3.8/site-packages/airflow/example_dags/example_params_ui_tutorial.py
[2023-12-20T06:31:09.375+0000] {logging_mixin.py:188} INFO - [2023-12-20T06:31:09.375+0000] {dag.py:3033} INFO - Sync 1 DAGs
[2023-12-20T06:31:09.476+0000] {logging_mixin.py:188} INFO - [2023-12-20T06:31:09.475+0000] {dag.py:3820} INFO - Setting next_dagrun for example_params_ui_tutorial to None, run_after=None
[2023-12-20T06:31:09.650+0000] {processor.py:183} INFO - Processing /home/airflow/.local/lib/python3.8/site-packages/airflow/example_dags/example_params_ui_tutorial.py took 1.090 seconds
[2023-12-20T06:31:41.586+0000] {processor.py:161} INFO - Started process (PID=2579) to work on /home/airflow/.local/lib/python3.8/site-packages/airflow/example_dags/example_params_ui_tutorial.py
[2023-12-20T06:31:41.589+0000] {processor.py:830} INFO - Processing file /home/airflow/.local/lib/python3.8/site-packages/airflow/example_dags/example_params_ui_tutorial.py for tasks to queue
[2023-12-20T06:31:41.592+0000] {logging_mixin.py:188} INFO - [2023-12-20T06:31:41.591+0000] {dagbag.py:538} INFO - Filling up the DagBag from /home/airflow/.local/lib/python3.8/site-packages/airflow/example_dags/example_params_ui_tutorial.py
[2023-12-20T06:31:41.619+0000] {processor.py:840} INFO - DAG(s) 'example_params_ui_tutorial' retrieved from /home/airflow/.local/lib/python3.8/site-packages/airflow/example_dags/example_params_ui_tutorial.py
[2023-12-20T06:31:41.801+0000] {logging_mixin.py:188} INFO - [2023-12-20T06:31:41.801+0000] {dag.py:3033} INFO - Sync 1 DAGs
[2023-12-20T06:31:41.832+0000] {logging_mixin.py:188} INFO - [2023-12-20T06:31:41.831+0000] {dag.py:3820} INFO - Setting next_dagrun for example_params_ui_tutorial to None, run_after=None
[2023-12-20T06:31:41.879+0000] {processor.py:183} INFO - Processing /home/airflow/.local/lib/python3.8/site-packages/airflow/example_dags/example_params_ui_tutorial.py took 0.300 seconds
[2023-12-20T06:32:12.246+0000] {processor.py:161} INFO - Started process (PID=2638) to work on /home/airflow/.local/lib/python3.8/site-packages/airflow/example_dags/example_params_ui_tutorial.py
[2023-12-20T06:32:12.247+0000] {processor.py:830} INFO - Processing file /home/airflow/.local/lib/python3.8/site-packages/airflow/example_dags/example_params_ui_tutorial.py for tasks to queue
[2023-12-20T06:32:12.249+0000] {logging_mixin.py:188} INFO - [2023-12-20T06:32:12.248+0000] {dagbag.py:538} INFO - Filling up the DagBag from /home/airflow/.local/lib/python3.8/site-packages/airflow/example_dags/example_params_ui_tutorial.py
[2023-12-20T06:32:12.277+0000] {processor.py:840} INFO - DAG(s) 'example_params_ui_tutorial' retrieved from /home/airflow/.local/lib/python3.8/site-packages/airflow/example_dags/example_params_ui_tutorial.py
[2023-12-20T06:32:12.534+0000] {logging_mixin.py:188} INFO - [2023-12-20T06:32:12.533+0000] {dag.py:3033} INFO - Sync 1 DAGs
[2023-12-20T06:32:12.577+0000] {logging_mixin.py:188} INFO - [2023-12-20T06:32:12.577+0000] {dag.py:3820} INFO - Setting next_dagrun for example_params_ui_tutorial to None, run_after=None
[2023-12-20T06:32:12.685+0000] {processor.py:183} INFO - Processing /home/airflow/.local/lib/python3.8/site-packages/airflow/example_dags/example_params_ui_tutorial.py took 0.450 seconds
[2023-12-20T06:32:42.830+0000] {processor.py:161} INFO - Started process (PID=2697) to work on /home/airflow/.local/lib/python3.8/site-packages/airflow/example_dags/example_params_ui_tutorial.py
[2023-12-20T06:32:42.868+0000] {processor.py:830} INFO - Processing file /home/airflow/.local/lib/python3.8/site-packages/airflow/example_dags/example_params_ui_tutorial.py for tasks to queue
[2023-12-20T06:32:42.870+0000] {logging_mixin.py:188} INFO - [2023-12-20T06:32:42.869+0000] {dagbag.py:538} INFO - Filling up the DagBag from /home/airflow/.local/lib/python3.8/site-packages/airflow/example_dags/example_params_ui_tutorial.py
[2023-12-20T06:32:42.972+0000] {processor.py:840} INFO - DAG(s) 'example_params_ui_tutorial' retrieved from /home/airflow/.local/lib/python3.8/site-packages/airflow/example_dags/example_params_ui_tutorial.py
[2023-12-20T06:32:43.324+0000] {logging_mixin.py:188} INFO - [2023-12-20T06:32:43.324+0000] {dag.py:3033} INFO - Sync 1 DAGs
[2023-12-20T06:32:43.386+0000] {logging_mixin.py:188} INFO - [2023-12-20T06:32:43.385+0000] {dag.py:3820} INFO - Setting next_dagrun for example_params_ui_tutorial to None, run_after=None
[2023-12-20T06:32:43.471+0000] {processor.py:183} INFO - Processing /home/airflow/.local/lib/python3.8/site-packages/airflow/example_dags/example_params_ui_tutorial.py took 0.648 seconds
[2023-12-20T06:33:15.424+0000] {processor.py:161} INFO - Started process (PID=2756) to work on /home/airflow/.local/lib/python3.8/site-packages/airflow/example_dags/example_params_ui_tutorial.py
[2023-12-20T06:33:15.427+0000] {processor.py:830} INFO - Processing file /home/airflow/.local/lib/python3.8/site-packages/airflow/example_dags/example_params_ui_tutorial.py for tasks to queue
[2023-12-20T06:33:15.429+0000] {logging_mixin.py:188} INFO - [2023-12-20T06:33:15.428+0000] {dagbag.py:538} INFO - Filling up the DagBag from /home/airflow/.local/lib/python3.8/site-packages/airflow/example_dags/example_params_ui_tutorial.py
[2023-12-20T06:33:15.583+0000] {processor.py:840} INFO - DAG(s) 'example_params_ui_tutorial' retrieved from /home/airflow/.local/lib/python3.8/site-packages/airflow/example_dags/example_params_ui_tutorial.py
[2023-12-20T06:33:16.954+0000] {logging_mixin.py:188} INFO - [2023-12-20T06:33:16.954+0000] {dag.py:3033} INFO - Sync 1 DAGs
[2023-12-20T06:33:17.156+0000] {logging_mixin.py:188} INFO - [2023-12-20T06:33:17.152+0000] {dag.py:3820} INFO - Setting next_dagrun for example_params_ui_tutorial to None, run_after=None
[2023-12-20T06:33:17.465+0000] {processor.py:183} INFO - Processing /home/airflow/.local/lib/python3.8/site-packages/airflow/example_dags/example_params_ui_tutorial.py took 2.055 seconds
