[2023-12-20T05:41:26.640+0000] {processor.py:161} INFO - Started process (PID=78) to work on /home/airflow/.local/lib/python3.8/site-packages/airflow/example_dags/example_complex.py
[2023-12-20T05:41:26.642+0000] {processor.py:830} INFO - Processing file /home/airflow/.local/lib/python3.8/site-packages/airflow/example_dags/example_complex.py for tasks to queue
[2023-12-20T05:41:26.646+0000] {logging_mixin.py:188} INFO - [2023-12-20T05:41:26.645+0000] {dagbag.py:538} INFO - Filling up the DagBag from /home/airflow/.local/lib/python3.8/site-packages/airflow/example_dags/example_complex.py
[2023-12-20T05:41:26.686+0000] {processor.py:840} INFO - DAG(s) 'example_complex' retrieved from /home/airflow/.local/lib/python3.8/site-packages/airflow/example_dags/example_complex.py
[2023-12-20T05:41:29.261+0000] {logging_mixin.py:188} INFO - [2023-12-20T05:41:29.261+0000] {dag.py:3033} INFO - Sync 1 DAGs
[2023-12-20T05:41:29.516+0000] {logging_mixin.py:188} INFO - [2023-12-20T05:41:29.516+0000] {dag.py:3820} INFO - Setting next_dagrun for example_complex to None, run_after=None
[2023-12-20T05:41:29.791+0000] {processor.py:183} INFO - Processing /home/airflow/.local/lib/python3.8/site-packages/airflow/example_dags/example_complex.py took 3.158 seconds
[2023-12-20T05:42:31.984+0000] {processor.py:161} INFO - Started process (PID=139) to work on /home/airflow/.local/lib/python3.8/site-packages/airflow/example_dags/example_complex.py
[2023-12-20T05:42:32.039+0000] {processor.py:830} INFO - Processing file /home/airflow/.local/lib/python3.8/site-packages/airflow/example_dags/example_complex.py for tasks to queue
[2023-12-20T05:42:32.079+0000] {logging_mixin.py:188} INFO - [2023-12-20T05:42:32.042+0000] {dagbag.py:538} INFO - Filling up the DagBag from /home/airflow/.local/lib/python3.8/site-packages/airflow/example_dags/example_complex.py
[2023-12-20T05:42:32.316+0000] {processor.py:840} INFO - DAG(s) 'example_complex' retrieved from /home/airflow/.local/lib/python3.8/site-packages/airflow/example_dags/example_complex.py
[2023-12-20T05:42:33.084+0000] {logging_mixin.py:188} INFO - [2023-12-20T05:42:33.058+0000] {dag.py:3033} INFO - Sync 1 DAGs
[2023-12-20T05:42:33.658+0000] {logging_mixin.py:188} INFO - [2023-12-20T05:42:33.658+0000] {dag.py:3820} INFO - Setting next_dagrun for example_complex to None, run_after=None
[2023-12-20T05:42:34.072+0000] {processor.py:183} INFO - Processing /home/airflow/.local/lib/python3.8/site-packages/airflow/example_dags/example_complex.py took 2.111 seconds
[2023-12-20T06:06:58.134+0000] {processor.py:161} INFO - Started process (PID=64) to work on /home/airflow/.local/lib/python3.8/site-packages/airflow/example_dags/example_complex.py
[2023-12-20T06:06:58.138+0000] {processor.py:830} INFO - Processing file /home/airflow/.local/lib/python3.8/site-packages/airflow/example_dags/example_complex.py for tasks to queue
[2023-12-20T06:06:58.186+0000] {logging_mixin.py:188} INFO - [2023-12-20T06:06:58.186+0000] {dagbag.py:538} INFO - Filling up the DagBag from /home/airflow/.local/lib/python3.8/site-packages/airflow/example_dags/example_complex.py
[2023-12-20T06:06:58.369+0000] {processor.py:840} INFO - DAG(s) 'example_complex' retrieved from /home/airflow/.local/lib/python3.8/site-packages/airflow/example_dags/example_complex.py
[2023-12-20T06:06:58.726+0000] {logging_mixin.py:188} INFO - [2023-12-20T06:06:58.725+0000] {dag.py:3033} INFO - Sync 1 DAGs
[2023-12-20T06:06:58.859+0000] {logging_mixin.py:188} INFO - [2023-12-20T06:06:58.859+0000] {dag.py:3820} INFO - Setting next_dagrun for example_complex to None, run_after=None
[2023-12-20T06:06:59.066+0000] {processor.py:183} INFO - Processing /home/airflow/.local/lib/python3.8/site-packages/airflow/example_dags/example_complex.py took 1.007 seconds
[2023-12-20T06:07:31.027+0000] {processor.py:161} INFO - Started process (PID=119) to work on /home/airflow/.local/lib/python3.8/site-packages/airflow/example_dags/example_complex.py
[2023-12-20T06:07:31.039+0000] {processor.py:830} INFO - Processing file /home/airflow/.local/lib/python3.8/site-packages/airflow/example_dags/example_complex.py for tasks to queue
[2023-12-20T06:07:31.058+0000] {logging_mixin.py:188} INFO - [2023-12-20T06:07:31.055+0000] {dagbag.py:538} INFO - Filling up the DagBag from /home/airflow/.local/lib/python3.8/site-packages/airflow/example_dags/example_complex.py
[2023-12-20T06:07:31.227+0000] {processor.py:840} INFO - DAG(s) 'example_complex' retrieved from /home/airflow/.local/lib/python3.8/site-packages/airflow/example_dags/example_complex.py
[2023-12-20T06:07:31.824+0000] {logging_mixin.py:188} INFO - [2023-12-20T06:07:31.824+0000] {dag.py:3033} INFO - Sync 1 DAGs
[2023-12-20T06:07:32.034+0000] {logging_mixin.py:188} INFO - [2023-12-20T06:07:32.034+0000] {dag.py:3820} INFO - Setting next_dagrun for example_complex to None, run_after=None
[2023-12-20T06:07:32.355+0000] {processor.py:183} INFO - Processing /home/airflow/.local/lib/python3.8/site-packages/airflow/example_dags/example_complex.py took 1.366 seconds
[2023-12-20T06:08:02.548+0000] {processor.py:161} INFO - Started process (PID=174) to work on /home/airflow/.local/lib/python3.8/site-packages/airflow/example_dags/example_complex.py
[2023-12-20T06:08:02.592+0000] {processor.py:830} INFO - Processing file /home/airflow/.local/lib/python3.8/site-packages/airflow/example_dags/example_complex.py for tasks to queue
[2023-12-20T06:08:02.597+0000] {logging_mixin.py:188} INFO - [2023-12-20T06:08:02.596+0000] {dagbag.py:538} INFO - Filling up the DagBag from /home/airflow/.local/lib/python3.8/site-packages/airflow/example_dags/example_complex.py
[2023-12-20T06:08:02.713+0000] {processor.py:840} INFO - DAG(s) 'example_complex' retrieved from /home/airflow/.local/lib/python3.8/site-packages/airflow/example_dags/example_complex.py
[2023-12-20T06:08:02.938+0000] {logging_mixin.py:188} INFO - [2023-12-20T06:08:02.937+0000] {dag.py:3033} INFO - Sync 1 DAGs
[2023-12-20T06:08:03.069+0000] {logging_mixin.py:188} INFO - [2023-12-20T06:08:03.068+0000] {dag.py:3820} INFO - Setting next_dagrun for example_complex to None, run_after=None
[2023-12-20T06:08:03.189+0000] {processor.py:183} INFO - Processing /home/airflow/.local/lib/python3.8/site-packages/airflow/example_dags/example_complex.py took 0.652 seconds
[2023-12-20T06:08:38.296+0000] {processor.py:161} INFO - Started process (PID=229) to work on /home/airflow/.local/lib/python3.8/site-packages/airflow/example_dags/example_complex.py
[2023-12-20T06:08:38.328+0000] {processor.py:830} INFO - Processing file /home/airflow/.local/lib/python3.8/site-packages/airflow/example_dags/example_complex.py for tasks to queue
[2023-12-20T06:08:38.351+0000] {logging_mixin.py:188} INFO - [2023-12-20T06:08:38.350+0000] {dagbag.py:538} INFO - Filling up the DagBag from /home/airflow/.local/lib/python3.8/site-packages/airflow/example_dags/example_complex.py
[2023-12-20T06:08:38.636+0000] {processor.py:840} INFO - DAG(s) 'example_complex' retrieved from /home/airflow/.local/lib/python3.8/site-packages/airflow/example_dags/example_complex.py
[2023-12-20T06:08:39.417+0000] {logging_mixin.py:188} INFO - [2023-12-20T06:08:39.417+0000] {dag.py:3033} INFO - Sync 1 DAGs
[2023-12-20T06:08:39.674+0000] {logging_mixin.py:188} INFO - [2023-12-20T06:08:39.674+0000] {dag.py:3820} INFO - Setting next_dagrun for example_complex to None, run_after=None
[2023-12-20T06:08:39.822+0000] {processor.py:183} INFO - Processing /home/airflow/.local/lib/python3.8/site-packages/airflow/example_dags/example_complex.py took 1.585 seconds
[2023-12-20T06:09:15.072+0000] {processor.py:161} INFO - Started process (PID=282) to work on /home/airflow/.local/lib/python3.8/site-packages/airflow/example_dags/example_complex.py
[2023-12-20T06:09:15.078+0000] {processor.py:830} INFO - Processing file /home/airflow/.local/lib/python3.8/site-packages/airflow/example_dags/example_complex.py for tasks to queue
[2023-12-20T06:09:15.085+0000] {logging_mixin.py:188} INFO - [2023-12-20T06:09:15.084+0000] {dagbag.py:538} INFO - Filling up the DagBag from /home/airflow/.local/lib/python3.8/site-packages/airflow/example_dags/example_complex.py
[2023-12-20T06:09:15.149+0000] {processor.py:840} INFO - DAG(s) 'example_complex' retrieved from /home/airflow/.local/lib/python3.8/site-packages/airflow/example_dags/example_complex.py
[2023-12-20T06:09:15.642+0000] {logging_mixin.py:188} INFO - [2023-12-20T06:09:15.641+0000] {dag.py:3033} INFO - Sync 1 DAGs
[2023-12-20T06:09:15.824+0000] {logging_mixin.py:188} INFO - [2023-12-20T06:09:15.814+0000] {dag.py:3820} INFO - Setting next_dagrun for example_complex to None, run_after=None
[2023-12-20T06:09:16.048+0000] {processor.py:183} INFO - Processing /home/airflow/.local/lib/python3.8/site-packages/airflow/example_dags/example_complex.py took 0.990 seconds
[2023-12-20T06:09:46.477+0000] {processor.py:161} INFO - Started process (PID=337) to work on /home/airflow/.local/lib/python3.8/site-packages/airflow/example_dags/example_complex.py
[2023-12-20T06:09:46.478+0000] {processor.py:830} INFO - Processing file /home/airflow/.local/lib/python3.8/site-packages/airflow/example_dags/example_complex.py for tasks to queue
[2023-12-20T06:09:46.483+0000] {logging_mixin.py:188} INFO - [2023-12-20T06:09:46.482+0000] {dagbag.py:538} INFO - Filling up the DagBag from /home/airflow/.local/lib/python3.8/site-packages/airflow/example_dags/example_complex.py
[2023-12-20T06:09:46.569+0000] {processor.py:840} INFO - DAG(s) 'example_complex' retrieved from /home/airflow/.local/lib/python3.8/site-packages/airflow/example_dags/example_complex.py
[2023-12-20T06:09:46.663+0000] {logging_mixin.py:188} INFO - [2023-12-20T06:09:46.662+0000] {dag.py:3033} INFO - Sync 1 DAGs
[2023-12-20T06:09:46.696+0000] {logging_mixin.py:188} INFO - [2023-12-20T06:09:46.696+0000] {dag.py:3820} INFO - Setting next_dagrun for example_complex to None, run_after=None
[2023-12-20T06:09:46.747+0000] {processor.py:183} INFO - Processing /home/airflow/.local/lib/python3.8/site-packages/airflow/example_dags/example_complex.py took 0.277 seconds
[2023-12-20T06:10:17.993+0000] {processor.py:161} INFO - Started process (PID=391) to work on /home/airflow/.local/lib/python3.8/site-packages/airflow/example_dags/example_complex.py
[2023-12-20T06:10:17.995+0000] {processor.py:830} INFO - Processing file /home/airflow/.local/lib/python3.8/site-packages/airflow/example_dags/example_complex.py for tasks to queue
[2023-12-20T06:10:18.003+0000] {logging_mixin.py:188} INFO - [2023-12-20T06:10:18.002+0000] {dagbag.py:538} INFO - Filling up the DagBag from /home/airflow/.local/lib/python3.8/site-packages/airflow/example_dags/example_complex.py
[2023-12-20T06:10:18.050+0000] {processor.py:840} INFO - DAG(s) 'example_complex' retrieved from /home/airflow/.local/lib/python3.8/site-packages/airflow/example_dags/example_complex.py
[2023-12-20T06:10:18.147+0000] {logging_mixin.py:188} INFO - [2023-12-20T06:10:18.147+0000] {dag.py:3033} INFO - Sync 1 DAGs
[2023-12-20T06:10:18.185+0000] {logging_mixin.py:188} INFO - [2023-12-20T06:10:18.184+0000] {dag.py:3820} INFO - Setting next_dagrun for example_complex to None, run_after=None
[2023-12-20T06:10:18.304+0000] {processor.py:183} INFO - Processing /home/airflow/.local/lib/python3.8/site-packages/airflow/example_dags/example_complex.py took 0.324 seconds
[2023-12-20T06:10:49.821+0000] {processor.py:161} INFO - Started process (PID=446) to work on /home/airflow/.local/lib/python3.8/site-packages/airflow/example_dags/example_complex.py
[2023-12-20T06:10:49.845+0000] {processor.py:830} INFO - Processing file /home/airflow/.local/lib/python3.8/site-packages/airflow/example_dags/example_complex.py for tasks to queue
[2023-12-20T06:10:49.853+0000] {logging_mixin.py:188} INFO - [2023-12-20T06:10:49.852+0000] {dagbag.py:538} INFO - Filling up the DagBag from /home/airflow/.local/lib/python3.8/site-packages/airflow/example_dags/example_complex.py
[2023-12-20T06:10:49.899+0000] {processor.py:840} INFO - DAG(s) 'example_complex' retrieved from /home/airflow/.local/lib/python3.8/site-packages/airflow/example_dags/example_complex.py
[2023-12-20T06:10:50.273+0000] {logging_mixin.py:188} INFO - [2023-12-20T06:10:50.273+0000] {dag.py:3033} INFO - Sync 1 DAGs
[2023-12-20T06:10:50.430+0000] {logging_mixin.py:188} INFO - [2023-12-20T06:10:50.430+0000] {dag.py:3820} INFO - Setting next_dagrun for example_complex to None, run_after=None
[2023-12-20T06:10:50.525+0000] {processor.py:183} INFO - Processing /home/airflow/.local/lib/python3.8/site-packages/airflow/example_dags/example_complex.py took 0.723 seconds
[2023-12-20T06:11:22.548+0000] {processor.py:161} INFO - Started process (PID=501) to work on /home/airflow/.local/lib/python3.8/site-packages/airflow/example_dags/example_complex.py
[2023-12-20T06:11:22.610+0000] {processor.py:830} INFO - Processing file /home/airflow/.local/lib/python3.8/site-packages/airflow/example_dags/example_complex.py for tasks to queue
[2023-12-20T06:11:22.614+0000] {logging_mixin.py:188} INFO - [2023-12-20T06:11:22.613+0000] {dagbag.py:538} INFO - Filling up the DagBag from /home/airflow/.local/lib/python3.8/site-packages/airflow/example_dags/example_complex.py
[2023-12-20T06:11:22.685+0000] {processor.py:840} INFO - DAG(s) 'example_complex' retrieved from /home/airflow/.local/lib/python3.8/site-packages/airflow/example_dags/example_complex.py
[2023-12-20T06:11:22.910+0000] {logging_mixin.py:188} INFO - [2023-12-20T06:11:22.910+0000] {dag.py:3033} INFO - Sync 1 DAGs
[2023-12-20T06:11:22.950+0000] {logging_mixin.py:188} INFO - [2023-12-20T06:11:22.947+0000] {dag.py:3820} INFO - Setting next_dagrun for example_complex to None, run_after=None
[2023-12-20T06:11:23.241+0000] {processor.py:183} INFO - Processing /home/airflow/.local/lib/python3.8/site-packages/airflow/example_dags/example_complex.py took 0.714 seconds
[2023-12-20T06:11:53.577+0000] {processor.py:161} INFO - Started process (PID=556) to work on /home/airflow/.local/lib/python3.8/site-packages/airflow/example_dags/example_complex.py
[2023-12-20T06:11:53.578+0000] {processor.py:830} INFO - Processing file /home/airflow/.local/lib/python3.8/site-packages/airflow/example_dags/example_complex.py for tasks to queue
[2023-12-20T06:11:53.587+0000] {logging_mixin.py:188} INFO - [2023-12-20T06:11:53.587+0000] {dagbag.py:538} INFO - Filling up the DagBag from /home/airflow/.local/lib/python3.8/site-packages/airflow/example_dags/example_complex.py
[2023-12-20T06:11:53.693+0000] {processor.py:840} INFO - DAG(s) 'example_complex' retrieved from /home/airflow/.local/lib/python3.8/site-packages/airflow/example_dags/example_complex.py
[2023-12-20T06:11:53.896+0000] {logging_mixin.py:188} INFO - [2023-12-20T06:11:53.895+0000] {dag.py:3033} INFO - Sync 1 DAGs
[2023-12-20T06:11:53.977+0000] {logging_mixin.py:188} INFO - [2023-12-20T06:11:53.977+0000] {dag.py:3820} INFO - Setting next_dagrun for example_complex to None, run_after=None
[2023-12-20T06:11:54.130+0000] {processor.py:183} INFO - Processing /home/airflow/.local/lib/python3.8/site-packages/airflow/example_dags/example_complex.py took 0.568 seconds
[2023-12-20T06:12:29.015+0000] {processor.py:161} INFO - Started process (PID=611) to work on /home/airflow/.local/lib/python3.8/site-packages/airflow/example_dags/example_complex.py
[2023-12-20T06:12:29.030+0000] {processor.py:830} INFO - Processing file /home/airflow/.local/lib/python3.8/site-packages/airflow/example_dags/example_complex.py for tasks to queue
[2023-12-20T06:12:29.052+0000] {logging_mixin.py:188} INFO - [2023-12-20T06:12:29.052+0000] {dagbag.py:538} INFO - Filling up the DagBag from /home/airflow/.local/lib/python3.8/site-packages/airflow/example_dags/example_complex.py
[2023-12-20T06:12:29.199+0000] {processor.py:840} INFO - DAG(s) 'example_complex' retrieved from /home/airflow/.local/lib/python3.8/site-packages/airflow/example_dags/example_complex.py
[2023-12-20T06:12:29.622+0000] {logging_mixin.py:188} INFO - [2023-12-20T06:12:29.621+0000] {dag.py:3033} INFO - Sync 1 DAGs
[2023-12-20T06:12:29.831+0000] {logging_mixin.py:188} INFO - [2023-12-20T06:12:29.823+0000] {dag.py:3820} INFO - Setting next_dagrun for example_complex to None, run_after=None
[2023-12-20T06:12:30.138+0000] {processor.py:183} INFO - Processing /home/airflow/.local/lib/python3.8/site-packages/airflow/example_dags/example_complex.py took 1.164 seconds
[2023-12-20T06:13:09.561+0000] {processor.py:161} INFO - Started process (PID=671) to work on /home/airflow/.local/lib/python3.8/site-packages/airflow/example_dags/example_complex.py
[2023-12-20T06:13:09.566+0000] {processor.py:830} INFO - Processing file /home/airflow/.local/lib/python3.8/site-packages/airflow/example_dags/example_complex.py for tasks to queue
[2023-12-20T06:13:09.574+0000] {logging_mixin.py:188} INFO - [2023-12-20T06:13:09.573+0000] {dagbag.py:538} INFO - Filling up the DagBag from /home/airflow/.local/lib/python3.8/site-packages/airflow/example_dags/example_complex.py
[2023-12-20T06:13:09.644+0000] {processor.py:840} INFO - DAG(s) 'example_complex' retrieved from /home/airflow/.local/lib/python3.8/site-packages/airflow/example_dags/example_complex.py
[2023-12-20T06:13:10.046+0000] {logging_mixin.py:188} INFO - [2023-12-20T06:13:10.045+0000] {dag.py:3033} INFO - Sync 1 DAGs
[2023-12-20T06:13:10.321+0000] {logging_mixin.py:188} INFO - [2023-12-20T06:13:10.318+0000] {dag.py:3820} INFO - Setting next_dagrun for example_complex to None, run_after=None
[2023-12-20T06:13:10.566+0000] {processor.py:183} INFO - Processing /home/airflow/.local/lib/python3.8/site-packages/airflow/example_dags/example_complex.py took 1.012 seconds
[2023-12-20T06:13:50.435+0000] {processor.py:161} INFO - Started process (PID=724) to work on /home/airflow/.local/lib/python3.8/site-packages/airflow/example_dags/example_complex.py
[2023-12-20T06:13:50.442+0000] {processor.py:830} INFO - Processing file /home/airflow/.local/lib/python3.8/site-packages/airflow/example_dags/example_complex.py for tasks to queue
[2023-12-20T06:13:50.450+0000] {logging_mixin.py:188} INFO - [2023-12-20T06:13:50.449+0000] {dagbag.py:538} INFO - Filling up the DagBag from /home/airflow/.local/lib/python3.8/site-packages/airflow/example_dags/example_complex.py
[2023-12-20T06:13:50.670+0000] {processor.py:840} INFO - DAG(s) 'example_complex' retrieved from /home/airflow/.local/lib/python3.8/site-packages/airflow/example_dags/example_complex.py
[2023-12-20T06:13:51.165+0000] {logging_mixin.py:188} INFO - [2023-12-20T06:13:51.164+0000] {dag.py:3033} INFO - Sync 1 DAGs
[2023-12-20T06:13:51.386+0000] {logging_mixin.py:188} INFO - [2023-12-20T06:13:51.385+0000] {dag.py:3820} INFO - Setting next_dagrun for example_complex to None, run_after=None
[2023-12-20T06:13:51.621+0000] {processor.py:183} INFO - Processing /home/airflow/.local/lib/python3.8/site-packages/airflow/example_dags/example_complex.py took 1.218 seconds
[2023-12-20T06:14:28.179+0000] {processor.py:161} INFO - Started process (PID=779) to work on /home/airflow/.local/lib/python3.8/site-packages/airflow/example_dags/example_complex.py
[2023-12-20T06:14:28.217+0000] {processor.py:830} INFO - Processing file /home/airflow/.local/lib/python3.8/site-packages/airflow/example_dags/example_complex.py for tasks to queue
[2023-12-20T06:14:28.244+0000] {logging_mixin.py:188} INFO - [2023-12-20T06:14:28.243+0000] {dagbag.py:538} INFO - Filling up the DagBag from /home/airflow/.local/lib/python3.8/site-packages/airflow/example_dags/example_complex.py
[2023-12-20T06:14:28.394+0000] {processor.py:840} INFO - DAG(s) 'example_complex' retrieved from /home/airflow/.local/lib/python3.8/site-packages/airflow/example_dags/example_complex.py
[2023-12-20T06:14:28.768+0000] {logging_mixin.py:188} INFO - [2023-12-20T06:14:28.767+0000] {dag.py:3033} INFO - Sync 1 DAGs
[2023-12-20T06:14:28.950+0000] {logging_mixin.py:188} INFO - [2023-12-20T06:14:28.949+0000] {dag.py:3820} INFO - Setting next_dagrun for example_complex to None, run_after=None
[2023-12-20T06:14:29.155+0000] {processor.py:183} INFO - Processing /home/airflow/.local/lib/python3.8/site-packages/airflow/example_dags/example_complex.py took 1.063 seconds
[2023-12-20T06:14:59.625+0000] {processor.py:161} INFO - Started process (PID=832) to work on /home/airflow/.local/lib/python3.8/site-packages/airflow/example_dags/example_complex.py
[2023-12-20T06:14:59.664+0000] {processor.py:830} INFO - Processing file /home/airflow/.local/lib/python3.8/site-packages/airflow/example_dags/example_complex.py for tasks to queue
[2023-12-20T06:14:59.668+0000] {logging_mixin.py:188} INFO - [2023-12-20T06:14:59.668+0000] {dagbag.py:538} INFO - Filling up the DagBag from /home/airflow/.local/lib/python3.8/site-packages/airflow/example_dags/example_complex.py
[2023-12-20T06:14:59.766+0000] {processor.py:840} INFO - DAG(s) 'example_complex' retrieved from /home/airflow/.local/lib/python3.8/site-packages/airflow/example_dags/example_complex.py
[2023-12-20T06:14:59.901+0000] {logging_mixin.py:188} INFO - [2023-12-20T06:14:59.901+0000] {dag.py:3033} INFO - Sync 1 DAGs
[2023-12-20T06:14:59.955+0000] {logging_mixin.py:188} INFO - [2023-12-20T06:14:59.954+0000] {dag.py:3820} INFO - Setting next_dagrun for example_complex to None, run_after=None
[2023-12-20T06:15:00.101+0000] {processor.py:183} INFO - Processing /home/airflow/.local/lib/python3.8/site-packages/airflow/example_dags/example_complex.py took 0.487 seconds
[2023-12-20T06:15:31.031+0000] {processor.py:161} INFO - Started process (PID=883) to work on /home/airflow/.local/lib/python3.8/site-packages/airflow/example_dags/example_complex.py
[2023-12-20T06:15:31.032+0000] {processor.py:830} INFO - Processing file /home/airflow/.local/lib/python3.8/site-packages/airflow/example_dags/example_complex.py for tasks to queue
[2023-12-20T06:15:31.045+0000] {logging_mixin.py:188} INFO - [2023-12-20T06:15:31.044+0000] {dagbag.py:538} INFO - Filling up the DagBag from /home/airflow/.local/lib/python3.8/site-packages/airflow/example_dags/example_complex.py
[2023-12-20T06:15:31.147+0000] {processor.py:840} INFO - DAG(s) 'example_complex' retrieved from /home/airflow/.local/lib/python3.8/site-packages/airflow/example_dags/example_complex.py
[2023-12-20T06:15:31.442+0000] {logging_mixin.py:188} INFO - [2023-12-20T06:15:31.441+0000] {dag.py:3033} INFO - Sync 1 DAGs
[2023-12-20T06:15:31.545+0000] {logging_mixin.py:188} INFO - [2023-12-20T06:15:31.545+0000] {dag.py:3820} INFO - Setting next_dagrun for example_complex to None, run_after=None
[2023-12-20T06:15:31.747+0000] {processor.py:183} INFO - Processing /home/airflow/.local/lib/python3.8/site-packages/airflow/example_dags/example_complex.py took 0.733 seconds
[2023-12-20T06:16:03.806+0000] {processor.py:161} INFO - Started process (PID=938) to work on /home/airflow/.local/lib/python3.8/site-packages/airflow/example_dags/example_complex.py
[2023-12-20T06:16:03.811+0000] {processor.py:830} INFO - Processing file /home/airflow/.local/lib/python3.8/site-packages/airflow/example_dags/example_complex.py for tasks to queue
[2023-12-20T06:16:03.822+0000] {logging_mixin.py:188} INFO - [2023-12-20T06:16:03.821+0000] {dagbag.py:538} INFO - Filling up the DagBag from /home/airflow/.local/lib/python3.8/site-packages/airflow/example_dags/example_complex.py
[2023-12-20T06:16:03.916+0000] {processor.py:840} INFO - DAG(s) 'example_complex' retrieved from /home/airflow/.local/lib/python3.8/site-packages/airflow/example_dags/example_complex.py
[2023-12-20T06:16:04.566+0000] {logging_mixin.py:188} INFO - [2023-12-20T06:16:04.561+0000] {dag.py:3033} INFO - Sync 1 DAGs
[2023-12-20T06:16:04.775+0000] {logging_mixin.py:188} INFO - [2023-12-20T06:16:04.732+0000] {dag.py:3820} INFO - Setting next_dagrun for example_complex to None, run_after=None
[2023-12-20T06:16:05.001+0000] {processor.py:183} INFO - Processing /home/airflow/.local/lib/python3.8/site-packages/airflow/example_dags/example_complex.py took 1.218 seconds
[2023-12-20T06:16:35.696+0000] {processor.py:161} INFO - Started process (PID=993) to work on /home/airflow/.local/lib/python3.8/site-packages/airflow/example_dags/example_complex.py
[2023-12-20T06:16:35.732+0000] {processor.py:830} INFO - Processing file /home/airflow/.local/lib/python3.8/site-packages/airflow/example_dags/example_complex.py for tasks to queue
[2023-12-20T06:16:35.746+0000] {logging_mixin.py:188} INFO - [2023-12-20T06:16:35.745+0000] {dagbag.py:538} INFO - Filling up the DagBag from /home/airflow/.local/lib/python3.8/site-packages/airflow/example_dags/example_complex.py
[2023-12-20T06:16:35.895+0000] {processor.py:840} INFO - DAG(s) 'example_complex' retrieved from /home/airflow/.local/lib/python3.8/site-packages/airflow/example_dags/example_complex.py
[2023-12-20T06:16:36.239+0000] {logging_mixin.py:188} INFO - [2023-12-20T06:16:36.239+0000] {dag.py:3033} INFO - Sync 1 DAGs
[2023-12-20T06:16:36.342+0000] {logging_mixin.py:188} INFO - [2023-12-20T06:16:36.341+0000] {dag.py:3820} INFO - Setting next_dagrun for example_complex to None, run_after=None
[2023-12-20T06:16:36.519+0000] {processor.py:183} INFO - Processing /home/airflow/.local/lib/python3.8/site-packages/airflow/example_dags/example_complex.py took 0.860 seconds
[2023-12-20T06:17:06.611+0000] {processor.py:161} INFO - Started process (PID=1048) to work on /home/airflow/.local/lib/python3.8/site-packages/airflow/example_dags/example_complex.py
[2023-12-20T06:17:06.621+0000] {processor.py:830} INFO - Processing file /home/airflow/.local/lib/python3.8/site-packages/airflow/example_dags/example_complex.py for tasks to queue
[2023-12-20T06:17:06.627+0000] {logging_mixin.py:188} INFO - [2023-12-20T06:17:06.626+0000] {dagbag.py:538} INFO - Filling up the DagBag from /home/airflow/.local/lib/python3.8/site-packages/airflow/example_dags/example_complex.py
[2023-12-20T06:17:06.688+0000] {processor.py:840} INFO - DAG(s) 'example_complex' retrieved from /home/airflow/.local/lib/python3.8/site-packages/airflow/example_dags/example_complex.py
[2023-12-20T06:17:06.991+0000] {logging_mixin.py:188} INFO - [2023-12-20T06:17:06.990+0000] {dag.py:3033} INFO - Sync 1 DAGs
[2023-12-20T06:17:07.041+0000] {logging_mixin.py:188} INFO - [2023-12-20T06:17:07.036+0000] {dag.py:3820} INFO - Setting next_dagrun for example_complex to None, run_after=None
[2023-12-20T06:17:07.186+0000] {processor.py:183} INFO - Processing /home/airflow/.local/lib/python3.8/site-packages/airflow/example_dags/example_complex.py took 0.597 seconds
[2023-12-20T06:17:37.367+0000] {processor.py:161} INFO - Started process (PID=1103) to work on /home/airflow/.local/lib/python3.8/site-packages/airflow/example_dags/example_complex.py
[2023-12-20T06:17:37.413+0000] {processor.py:830} INFO - Processing file /home/airflow/.local/lib/python3.8/site-packages/airflow/example_dags/example_complex.py for tasks to queue
[2023-12-20T06:17:37.419+0000] {logging_mixin.py:188} INFO - [2023-12-20T06:17:37.418+0000] {dagbag.py:538} INFO - Filling up the DagBag from /home/airflow/.local/lib/python3.8/site-packages/airflow/example_dags/example_complex.py
[2023-12-20T06:17:37.450+0000] {processor.py:840} INFO - DAG(s) 'example_complex' retrieved from /home/airflow/.local/lib/python3.8/site-packages/airflow/example_dags/example_complex.py
[2023-12-20T06:17:37.551+0000] {logging_mixin.py:188} INFO - [2023-12-20T06:17:37.551+0000] {dag.py:3033} INFO - Sync 1 DAGs
[2023-12-20T06:17:37.587+0000] {logging_mixin.py:188} INFO - [2023-12-20T06:17:37.587+0000] {dag.py:3820} INFO - Setting next_dagrun for example_complex to None, run_after=None
[2023-12-20T06:17:37.909+0000] {processor.py:183} INFO - Processing /home/airflow/.local/lib/python3.8/site-packages/airflow/example_dags/example_complex.py took 0.553 seconds
[2023-12-20T06:18:12.595+0000] {processor.py:161} INFO - Started process (PID=1164) to work on /home/airflow/.local/lib/python3.8/site-packages/airflow/example_dags/example_complex.py
[2023-12-20T06:18:12.605+0000] {processor.py:830} INFO - Processing file /home/airflow/.local/lib/python3.8/site-packages/airflow/example_dags/example_complex.py for tasks to queue
[2023-12-20T06:18:12.618+0000] {logging_mixin.py:188} INFO - [2023-12-20T06:18:12.617+0000] {dagbag.py:538} INFO - Filling up the DagBag from /home/airflow/.local/lib/python3.8/site-packages/airflow/example_dags/example_complex.py
[2023-12-20T06:18:12.727+0000] {processor.py:840} INFO - DAG(s) 'example_complex' retrieved from /home/airflow/.local/lib/python3.8/site-packages/airflow/example_dags/example_complex.py
[2023-12-20T06:18:12.942+0000] {logging_mixin.py:188} INFO - [2023-12-20T06:18:12.942+0000] {dag.py:3033} INFO - Sync 1 DAGs
[2023-12-20T06:18:12.980+0000] {logging_mixin.py:188} INFO - [2023-12-20T06:18:12.980+0000] {dag.py:3820} INFO - Setting next_dagrun for example_complex to None, run_after=None
[2023-12-20T06:18:13.057+0000] {processor.py:183} INFO - Processing /home/airflow/.local/lib/python3.8/site-packages/airflow/example_dags/example_complex.py took 0.486 seconds
[2023-12-20T06:18:45.644+0000] {processor.py:161} INFO - Started process (PID=1218) to work on /home/airflow/.local/lib/python3.8/site-packages/airflow/example_dags/example_complex.py
[2023-12-20T06:18:45.645+0000] {processor.py:830} INFO - Processing file /home/airflow/.local/lib/python3.8/site-packages/airflow/example_dags/example_complex.py for tasks to queue
[2023-12-20T06:18:45.650+0000] {logging_mixin.py:188} INFO - [2023-12-20T06:18:45.649+0000] {dagbag.py:538} INFO - Filling up the DagBag from /home/airflow/.local/lib/python3.8/site-packages/airflow/example_dags/example_complex.py
[2023-12-20T06:18:45.685+0000] {processor.py:840} INFO - DAG(s) 'example_complex' retrieved from /home/airflow/.local/lib/python3.8/site-packages/airflow/example_dags/example_complex.py
[2023-12-20T06:18:46.027+0000] {logging_mixin.py:188} INFO - [2023-12-20T06:18:46.027+0000] {dag.py:3033} INFO - Sync 1 DAGs
[2023-12-20T06:18:46.105+0000] {logging_mixin.py:188} INFO - [2023-12-20T06:18:46.104+0000] {dag.py:3820} INFO - Setting next_dagrun for example_complex to None, run_after=None
[2023-12-20T06:18:46.264+0000] {processor.py:183} INFO - Processing /home/airflow/.local/lib/python3.8/site-packages/airflow/example_dags/example_complex.py took 0.630 seconds
[2023-12-20T06:19:16.908+0000] {processor.py:161} INFO - Started process (PID=1273) to work on /home/airflow/.local/lib/python3.8/site-packages/airflow/example_dags/example_complex.py
[2023-12-20T06:19:16.921+0000] {processor.py:830} INFO - Processing file /home/airflow/.local/lib/python3.8/site-packages/airflow/example_dags/example_complex.py for tasks to queue
[2023-12-20T06:19:16.931+0000] {logging_mixin.py:188} INFO - [2023-12-20T06:19:16.931+0000] {dagbag.py:538} INFO - Filling up the DagBag from /home/airflow/.local/lib/python3.8/site-packages/airflow/example_dags/example_complex.py
[2023-12-20T06:19:16.981+0000] {processor.py:840} INFO - DAG(s) 'example_complex' retrieved from /home/airflow/.local/lib/python3.8/site-packages/airflow/example_dags/example_complex.py
[2023-12-20T06:19:17.126+0000] {logging_mixin.py:188} INFO - [2023-12-20T06:19:17.126+0000] {dag.py:3033} INFO - Sync 1 DAGs
[2023-12-20T06:19:17.189+0000] {logging_mixin.py:188} INFO - [2023-12-20T06:19:17.184+0000] {dag.py:3820} INFO - Setting next_dagrun for example_complex to None, run_after=None
[2023-12-20T06:19:17.289+0000] {processor.py:183} INFO - Processing /home/airflow/.local/lib/python3.8/site-packages/airflow/example_dags/example_complex.py took 0.400 seconds
[2023-12-20T06:19:47.382+0000] {processor.py:161} INFO - Started process (PID=1328) to work on /home/airflow/.local/lib/python3.8/site-packages/airflow/example_dags/example_complex.py
[2023-12-20T06:19:47.383+0000] {processor.py:830} INFO - Processing file /home/airflow/.local/lib/python3.8/site-packages/airflow/example_dags/example_complex.py for tasks to queue
[2023-12-20T06:19:47.388+0000] {logging_mixin.py:188} INFO - [2023-12-20T06:19:47.388+0000] {dagbag.py:538} INFO - Filling up the DagBag from /home/airflow/.local/lib/python3.8/site-packages/airflow/example_dags/example_complex.py
[2023-12-20T06:19:47.427+0000] {processor.py:840} INFO - DAG(s) 'example_complex' retrieved from /home/airflow/.local/lib/python3.8/site-packages/airflow/example_dags/example_complex.py
[2023-12-20T06:19:47.524+0000] {logging_mixin.py:188} INFO - [2023-12-20T06:19:47.523+0000] {dag.py:3033} INFO - Sync 1 DAGs
[2023-12-20T06:19:47.562+0000] {logging_mixin.py:188} INFO - [2023-12-20T06:19:47.562+0000] {dag.py:3820} INFO - Setting next_dagrun for example_complex to None, run_after=None
[2023-12-20T06:19:47.654+0000] {processor.py:183} INFO - Processing /home/airflow/.local/lib/python3.8/site-packages/airflow/example_dags/example_complex.py took 0.281 seconds
[2023-12-20T06:20:18.879+0000] {processor.py:161} INFO - Started process (PID=1383) to work on /home/airflow/.local/lib/python3.8/site-packages/airflow/example_dags/example_complex.py
[2023-12-20T06:20:18.882+0000] {processor.py:830} INFO - Processing file /home/airflow/.local/lib/python3.8/site-packages/airflow/example_dags/example_complex.py for tasks to queue
[2023-12-20T06:20:18.896+0000] {logging_mixin.py:188} INFO - [2023-12-20T06:20:18.895+0000] {dagbag.py:538} INFO - Filling up the DagBag from /home/airflow/.local/lib/python3.8/site-packages/airflow/example_dags/example_complex.py
[2023-12-20T06:20:18.940+0000] {processor.py:840} INFO - DAG(s) 'example_complex' retrieved from /home/airflow/.local/lib/python3.8/site-packages/airflow/example_dags/example_complex.py
[2023-12-20T06:20:19.067+0000] {logging_mixin.py:188} INFO - [2023-12-20T06:20:19.067+0000] {dag.py:3033} INFO - Sync 1 DAGs
[2023-12-20T06:20:19.101+0000] {logging_mixin.py:188} INFO - [2023-12-20T06:20:19.100+0000] {dag.py:3820} INFO - Setting next_dagrun for example_complex to None, run_after=None
[2023-12-20T06:20:19.207+0000] {processor.py:183} INFO - Processing /home/airflow/.local/lib/python3.8/site-packages/airflow/example_dags/example_complex.py took 0.349 seconds
[2023-12-20T06:20:49.732+0000] {processor.py:161} INFO - Started process (PID=1437) to work on /home/airflow/.local/lib/python3.8/site-packages/airflow/example_dags/example_complex.py
[2023-12-20T06:20:49.735+0000] {processor.py:830} INFO - Processing file /home/airflow/.local/lib/python3.8/site-packages/airflow/example_dags/example_complex.py for tasks to queue
[2023-12-20T06:20:49.753+0000] {logging_mixin.py:188} INFO - [2023-12-20T06:20:49.752+0000] {dagbag.py:538} INFO - Filling up the DagBag from /home/airflow/.local/lib/python3.8/site-packages/airflow/example_dags/example_complex.py
[2023-12-20T06:20:49.816+0000] {processor.py:840} INFO - DAG(s) 'example_complex' retrieved from /home/airflow/.local/lib/python3.8/site-packages/airflow/example_dags/example_complex.py
[2023-12-20T06:20:49.933+0000] {logging_mixin.py:188} INFO - [2023-12-20T06:20:49.933+0000] {dag.py:3033} INFO - Sync 1 DAGs
[2023-12-20T06:20:49.983+0000] {logging_mixin.py:188} INFO - [2023-12-20T06:20:49.982+0000] {dag.py:3820} INFO - Setting next_dagrun for example_complex to None, run_after=None
[2023-12-20T06:20:50.084+0000] {processor.py:183} INFO - Processing /home/airflow/.local/lib/python3.8/site-packages/airflow/example_dags/example_complex.py took 0.368 seconds
[2023-12-20T06:21:20.189+0000] {processor.py:161} INFO - Started process (PID=1490) to work on /home/airflow/.local/lib/python3.8/site-packages/airflow/example_dags/example_complex.py
[2023-12-20T06:21:20.212+0000] {processor.py:830} INFO - Processing file /home/airflow/.local/lib/python3.8/site-packages/airflow/example_dags/example_complex.py for tasks to queue
[2023-12-20T06:21:20.219+0000] {logging_mixin.py:188} INFO - [2023-12-20T06:21:20.218+0000] {dagbag.py:538} INFO - Filling up the DagBag from /home/airflow/.local/lib/python3.8/site-packages/airflow/example_dags/example_complex.py
[2023-12-20T06:21:20.268+0000] {processor.py:840} INFO - DAG(s) 'example_complex' retrieved from /home/airflow/.local/lib/python3.8/site-packages/airflow/example_dags/example_complex.py
[2023-12-20T06:21:20.362+0000] {logging_mixin.py:188} INFO - [2023-12-20T06:21:20.362+0000] {dag.py:3033} INFO - Sync 1 DAGs
[2023-12-20T06:21:20.400+0000] {logging_mixin.py:188} INFO - [2023-12-20T06:21:20.400+0000] {dag.py:3820} INFO - Setting next_dagrun for example_complex to None, run_after=None
[2023-12-20T06:21:20.487+0000] {processor.py:183} INFO - Processing /home/airflow/.local/lib/python3.8/site-packages/airflow/example_dags/example_complex.py took 0.317 seconds
[2023-12-20T06:21:50.959+0000] {processor.py:161} INFO - Started process (PID=1547) to work on /home/airflow/.local/lib/python3.8/site-packages/airflow/example_dags/example_complex.py
[2023-12-20T06:21:51.000+0000] {processor.py:830} INFO - Processing file /home/airflow/.local/lib/python3.8/site-packages/airflow/example_dags/example_complex.py for tasks to queue
[2023-12-20T06:21:51.008+0000] {logging_mixin.py:188} INFO - [2023-12-20T06:21:51.007+0000] {dagbag.py:538} INFO - Filling up the DagBag from /home/airflow/.local/lib/python3.8/site-packages/airflow/example_dags/example_complex.py
[2023-12-20T06:21:51.039+0000] {processor.py:840} INFO - DAG(s) 'example_complex' retrieved from /home/airflow/.local/lib/python3.8/site-packages/airflow/example_dags/example_complex.py
[2023-12-20T06:21:51.138+0000] {logging_mixin.py:188} INFO - [2023-12-20T06:21:51.137+0000] {dag.py:3033} INFO - Sync 1 DAGs
[2023-12-20T06:21:51.172+0000] {logging_mixin.py:188} INFO - [2023-12-20T06:21:51.172+0000] {dag.py:3820} INFO - Setting next_dagrun for example_complex to None, run_after=None
[2023-12-20T06:21:51.226+0000] {processor.py:183} INFO - Processing /home/airflow/.local/lib/python3.8/site-packages/airflow/example_dags/example_complex.py took 0.274 seconds
[2023-12-20T06:22:22.181+0000] {processor.py:161} INFO - Started process (PID=1602) to work on /home/airflow/.local/lib/python3.8/site-packages/airflow/example_dags/example_complex.py
[2023-12-20T06:22:22.182+0000] {processor.py:830} INFO - Processing file /home/airflow/.local/lib/python3.8/site-packages/airflow/example_dags/example_complex.py for tasks to queue
[2023-12-20T06:22:22.186+0000] {logging_mixin.py:188} INFO - [2023-12-20T06:22:22.185+0000] {dagbag.py:538} INFO - Filling up the DagBag from /home/airflow/.local/lib/python3.8/site-packages/airflow/example_dags/example_complex.py
[2023-12-20T06:22:22.221+0000] {processor.py:840} INFO - DAG(s) 'example_complex' retrieved from /home/airflow/.local/lib/python3.8/site-packages/airflow/example_dags/example_complex.py
[2023-12-20T06:22:22.334+0000] {logging_mixin.py:188} INFO - [2023-12-20T06:22:22.334+0000] {dag.py:3033} INFO - Sync 1 DAGs
[2023-12-20T06:22:22.386+0000] {logging_mixin.py:188} INFO - [2023-12-20T06:22:22.385+0000] {dag.py:3820} INFO - Setting next_dagrun for example_complex to None, run_after=None
[2023-12-20T06:22:22.494+0000] {processor.py:183} INFO - Processing /home/airflow/.local/lib/python3.8/site-packages/airflow/example_dags/example_complex.py took 0.321 seconds
[2023-12-20T06:22:52.980+0000] {processor.py:161} INFO - Started process (PID=1656) to work on /home/airflow/.local/lib/python3.8/site-packages/airflow/example_dags/example_complex.py
[2023-12-20T06:22:53.033+0000] {processor.py:830} INFO - Processing file /home/airflow/.local/lib/python3.8/site-packages/airflow/example_dags/example_complex.py for tasks to queue
[2023-12-20T06:22:53.035+0000] {logging_mixin.py:188} INFO - [2023-12-20T06:22:53.034+0000] {dagbag.py:538} INFO - Filling up the DagBag from /home/airflow/.local/lib/python3.8/site-packages/airflow/example_dags/example_complex.py
[2023-12-20T06:22:53.070+0000] {processor.py:840} INFO - DAG(s) 'example_complex' retrieved from /home/airflow/.local/lib/python3.8/site-packages/airflow/example_dags/example_complex.py
[2023-12-20T06:22:53.190+0000] {logging_mixin.py:188} INFO - [2023-12-20T06:22:53.190+0000] {dag.py:3033} INFO - Sync 1 DAGs
[2023-12-20T06:22:53.224+0000] {logging_mixin.py:188} INFO - [2023-12-20T06:22:53.223+0000] {dag.py:3820} INFO - Setting next_dagrun for example_complex to None, run_after=None
[2023-12-20T06:22:53.326+0000] {processor.py:183} INFO - Processing /home/airflow/.local/lib/python3.8/site-packages/airflow/example_dags/example_complex.py took 0.353 seconds
[2023-12-20T06:23:24.054+0000] {processor.py:161} INFO - Started process (PID=1712) to work on /home/airflow/.local/lib/python3.8/site-packages/airflow/example_dags/example_complex.py
[2023-12-20T06:23:24.064+0000] {processor.py:830} INFO - Processing file /home/airflow/.local/lib/python3.8/site-packages/airflow/example_dags/example_complex.py for tasks to queue
[2023-12-20T06:23:24.080+0000] {logging_mixin.py:188} INFO - [2023-12-20T06:23:24.070+0000] {dagbag.py:538} INFO - Filling up the DagBag from /home/airflow/.local/lib/python3.8/site-packages/airflow/example_dags/example_complex.py
[2023-12-20T06:23:24.193+0000] {processor.py:840} INFO - DAG(s) 'example_complex' retrieved from /home/airflow/.local/lib/python3.8/site-packages/airflow/example_dags/example_complex.py
[2023-12-20T06:23:24.342+0000] {logging_mixin.py:188} INFO - [2023-12-20T06:23:24.342+0000] {dag.py:3033} INFO - Sync 1 DAGs
[2023-12-20T06:23:24.416+0000] {logging_mixin.py:188} INFO - [2023-12-20T06:23:24.415+0000] {dag.py:3820} INFO - Setting next_dagrun for example_complex to None, run_after=None
[2023-12-20T06:23:24.583+0000] {processor.py:183} INFO - Processing /home/airflow/.local/lib/python3.8/site-packages/airflow/example_dags/example_complex.py took 0.547 seconds
[2023-12-20T06:23:54.991+0000] {processor.py:161} INFO - Started process (PID=1767) to work on /home/airflow/.local/lib/python3.8/site-packages/airflow/example_dags/example_complex.py
[2023-12-20T06:23:55.036+0000] {processor.py:830} INFO - Processing file /home/airflow/.local/lib/python3.8/site-packages/airflow/example_dags/example_complex.py for tasks to queue
[2023-12-20T06:23:55.038+0000] {logging_mixin.py:188} INFO - [2023-12-20T06:23:55.037+0000] {dagbag.py:538} INFO - Filling up the DagBag from /home/airflow/.local/lib/python3.8/site-packages/airflow/example_dags/example_complex.py
[2023-12-20T06:23:55.171+0000] {processor.py:840} INFO - DAG(s) 'example_complex' retrieved from /home/airflow/.local/lib/python3.8/site-packages/airflow/example_dags/example_complex.py
[2023-12-20T06:23:55.583+0000] {logging_mixin.py:188} INFO - [2023-12-20T06:23:55.582+0000] {dag.py:3033} INFO - Sync 1 DAGs
[2023-12-20T06:23:55.723+0000] {logging_mixin.py:188} INFO - [2023-12-20T06:23:55.722+0000] {dag.py:3820} INFO - Setting next_dagrun for example_complex to None, run_after=None
[2023-12-20T06:23:55.821+0000] {processor.py:183} INFO - Processing /home/airflow/.local/lib/python3.8/site-packages/airflow/example_dags/example_complex.py took 0.845 seconds
[2023-12-20T06:24:26.044+0000] {processor.py:161} INFO - Started process (PID=1823) to work on /home/airflow/.local/lib/python3.8/site-packages/airflow/example_dags/example_complex.py
[2023-12-20T06:24:26.045+0000] {processor.py:830} INFO - Processing file /home/airflow/.local/lib/python3.8/site-packages/airflow/example_dags/example_complex.py for tasks to queue
[2023-12-20T06:24:26.047+0000] {logging_mixin.py:188} INFO - [2023-12-20T06:24:26.047+0000] {dagbag.py:538} INFO - Filling up the DagBag from /home/airflow/.local/lib/python3.8/site-packages/airflow/example_dags/example_complex.py
[2023-12-20T06:24:26.077+0000] {processor.py:840} INFO - DAG(s) 'example_complex' retrieved from /home/airflow/.local/lib/python3.8/site-packages/airflow/example_dags/example_complex.py
[2023-12-20T06:24:26.166+0000] {logging_mixin.py:188} INFO - [2023-12-20T06:24:26.165+0000] {dag.py:3033} INFO - Sync 1 DAGs
[2023-12-20T06:24:26.200+0000] {logging_mixin.py:188} INFO - [2023-12-20T06:24:26.199+0000] {dag.py:3820} INFO - Setting next_dagrun for example_complex to None, run_after=None
[2023-12-20T06:24:26.259+0000] {processor.py:183} INFO - Processing /home/airflow/.local/lib/python3.8/site-packages/airflow/example_dags/example_complex.py took 0.224 seconds
[2023-12-20T06:24:56.586+0000] {processor.py:161} INFO - Started process (PID=1876) to work on /home/airflow/.local/lib/python3.8/site-packages/airflow/example_dags/example_complex.py
[2023-12-20T06:24:56.593+0000] {processor.py:830} INFO - Processing file /home/airflow/.local/lib/python3.8/site-packages/airflow/example_dags/example_complex.py for tasks to queue
[2023-12-20T06:24:56.595+0000] {logging_mixin.py:188} INFO - [2023-12-20T06:24:56.594+0000] {dagbag.py:538} INFO - Filling up the DagBag from /home/airflow/.local/lib/python3.8/site-packages/airflow/example_dags/example_complex.py
[2023-12-20T06:24:56.664+0000] {processor.py:840} INFO - DAG(s) 'example_complex' retrieved from /home/airflow/.local/lib/python3.8/site-packages/airflow/example_dags/example_complex.py
[2023-12-20T06:24:56.796+0000] {logging_mixin.py:188} INFO - [2023-12-20T06:24:56.790+0000] {dag.py:3033} INFO - Sync 1 DAGs
[2023-12-20T06:24:56.858+0000] {logging_mixin.py:188} INFO - [2023-12-20T06:24:56.857+0000] {dag.py:3820} INFO - Setting next_dagrun for example_complex to None, run_after=None
[2023-12-20T06:24:56.912+0000] {processor.py:183} INFO - Processing /home/airflow/.local/lib/python3.8/site-packages/airflow/example_dags/example_complex.py took 0.347 seconds
[2023-12-20T06:25:27.593+0000] {processor.py:161} INFO - Started process (PID=1931) to work on /home/airflow/.local/lib/python3.8/site-packages/airflow/example_dags/example_complex.py
[2023-12-20T06:25:27.614+0000] {processor.py:830} INFO - Processing file /home/airflow/.local/lib/python3.8/site-packages/airflow/example_dags/example_complex.py for tasks to queue
[2023-12-20T06:25:27.616+0000] {logging_mixin.py:188} INFO - [2023-12-20T06:25:27.615+0000] {dagbag.py:538} INFO - Filling up the DagBag from /home/airflow/.local/lib/python3.8/site-packages/airflow/example_dags/example_complex.py
[2023-12-20T06:25:27.663+0000] {processor.py:840} INFO - DAG(s) 'example_complex' retrieved from /home/airflow/.local/lib/python3.8/site-packages/airflow/example_dags/example_complex.py
[2023-12-20T06:25:27.780+0000] {logging_mixin.py:188} INFO - [2023-12-20T06:25:27.780+0000] {dag.py:3033} INFO - Sync 1 DAGs
[2023-12-20T06:25:27.824+0000] {logging_mixin.py:188} INFO - [2023-12-20T06:25:27.823+0000] {dag.py:3820} INFO - Setting next_dagrun for example_complex to None, run_after=None
[2023-12-20T06:25:27.889+0000] {processor.py:183} INFO - Processing /home/airflow/.local/lib/python3.8/site-packages/airflow/example_dags/example_complex.py took 0.304 seconds
[2023-12-20T06:25:58.237+0000] {processor.py:161} INFO - Started process (PID=1986) to work on /home/airflow/.local/lib/python3.8/site-packages/airflow/example_dags/example_complex.py
[2023-12-20T06:25:58.252+0000] {processor.py:830} INFO - Processing file /home/airflow/.local/lib/python3.8/site-packages/airflow/example_dags/example_complex.py for tasks to queue
[2023-12-20T06:25:58.259+0000] {logging_mixin.py:188} INFO - [2023-12-20T06:25:58.256+0000] {dagbag.py:538} INFO - Filling up the DagBag from /home/airflow/.local/lib/python3.8/site-packages/airflow/example_dags/example_complex.py
[2023-12-20T06:25:58.321+0000] {processor.py:840} INFO - DAG(s) 'example_complex' retrieved from /home/airflow/.local/lib/python3.8/site-packages/airflow/example_dags/example_complex.py
[2023-12-20T06:25:58.478+0000] {logging_mixin.py:188} INFO - [2023-12-20T06:25:58.478+0000] {dag.py:3033} INFO - Sync 1 DAGs
[2023-12-20T06:25:58.645+0000] {logging_mixin.py:188} INFO - [2023-12-20T06:25:58.645+0000] {dag.py:3820} INFO - Setting next_dagrun for example_complex to None, run_after=None
[2023-12-20T06:25:58.797+0000] {processor.py:183} INFO - Processing /home/airflow/.local/lib/python3.8/site-packages/airflow/example_dags/example_complex.py took 0.581 seconds
[2023-12-20T06:26:28.948+0000] {processor.py:161} INFO - Started process (PID=2041) to work on /home/airflow/.local/lib/python3.8/site-packages/airflow/example_dags/example_complex.py
[2023-12-20T06:26:28.952+0000] {processor.py:830} INFO - Processing file /home/airflow/.local/lib/python3.8/site-packages/airflow/example_dags/example_complex.py for tasks to queue
[2023-12-20T06:26:28.955+0000] {logging_mixin.py:188} INFO - [2023-12-20T06:26:28.954+0000] {dagbag.py:538} INFO - Filling up the DagBag from /home/airflow/.local/lib/python3.8/site-packages/airflow/example_dags/example_complex.py
[2023-12-20T06:26:28.984+0000] {processor.py:840} INFO - DAG(s) 'example_complex' retrieved from /home/airflow/.local/lib/python3.8/site-packages/airflow/example_dags/example_complex.py
[2023-12-20T06:26:29.075+0000] {logging_mixin.py:188} INFO - [2023-12-20T06:26:29.075+0000] {dag.py:3033} INFO - Sync 1 DAGs
[2023-12-20T06:26:29.108+0000] {logging_mixin.py:188} INFO - [2023-12-20T06:26:29.108+0000] {dag.py:3820} INFO - Setting next_dagrun for example_complex to None, run_after=None
[2023-12-20T06:26:29.164+0000] {processor.py:183} INFO - Processing /home/airflow/.local/lib/python3.8/site-packages/airflow/example_dags/example_complex.py took 0.224 seconds
[2023-12-20T06:27:10.490+0000] {processor.py:161} INFO - Started process (PID=2097) to work on /home/airflow/.local/lib/python3.8/site-packages/airflow/example_dags/example_complex.py
[2023-12-20T06:27:10.493+0000] {processor.py:830} INFO - Processing file /home/airflow/.local/lib/python3.8/site-packages/airflow/example_dags/example_complex.py for tasks to queue
[2023-12-20T06:27:10.496+0000] {logging_mixin.py:188} INFO - [2023-12-20T06:27:10.495+0000] {dagbag.py:538} INFO - Filling up the DagBag from /home/airflow/.local/lib/python3.8/site-packages/airflow/example_dags/example_complex.py
[2023-12-20T06:27:10.543+0000] {processor.py:840} INFO - DAG(s) 'example_complex' retrieved from /home/airflow/.local/lib/python3.8/site-packages/airflow/example_dags/example_complex.py
[2023-12-20T06:27:10.669+0000] {logging_mixin.py:188} INFO - [2023-12-20T06:27:10.668+0000] {dag.py:3033} INFO - Sync 1 DAGs
[2023-12-20T06:27:10.713+0000] {logging_mixin.py:188} INFO - [2023-12-20T06:27:10.712+0000] {dag.py:3820} INFO - Setting next_dagrun for example_complex to None, run_after=None
[2023-12-20T06:27:10.849+0000] {processor.py:183} INFO - Processing /home/airflow/.local/lib/python3.8/site-packages/airflow/example_dags/example_complex.py took 0.367 seconds
[2023-12-20T06:27:41.302+0000] {processor.py:161} INFO - Started process (PID=2154) to work on /home/airflow/.local/lib/python3.8/site-packages/airflow/example_dags/example_complex.py
[2023-12-20T06:27:41.352+0000] {processor.py:830} INFO - Processing file /home/airflow/.local/lib/python3.8/site-packages/airflow/example_dags/example_complex.py for tasks to queue
[2023-12-20T06:27:41.354+0000] {logging_mixin.py:188} INFO - [2023-12-20T06:27:41.353+0000] {dagbag.py:538} INFO - Filling up the DagBag from /home/airflow/.local/lib/python3.8/site-packages/airflow/example_dags/example_complex.py
[2023-12-20T06:27:41.383+0000] {processor.py:840} INFO - DAG(s) 'example_complex' retrieved from /home/airflow/.local/lib/python3.8/site-packages/airflow/example_dags/example_complex.py
[2023-12-20T06:27:41.477+0000] {logging_mixin.py:188} INFO - [2023-12-20T06:27:41.476+0000] {dag.py:3033} INFO - Sync 1 DAGs
[2023-12-20T06:27:41.508+0000] {logging_mixin.py:188} INFO - [2023-12-20T06:27:41.508+0000] {dag.py:3820} INFO - Setting next_dagrun for example_complex to None, run_after=None
[2023-12-20T06:27:41.603+0000] {processor.py:183} INFO - Processing /home/airflow/.local/lib/python3.8/site-packages/airflow/example_dags/example_complex.py took 0.308 seconds
[2023-12-20T06:28:16.677+0000] {processor.py:161} INFO - Started process (PID=2220) to work on /home/airflow/.local/lib/python3.8/site-packages/airflow/example_dags/example_complex.py
[2023-12-20T06:28:16.680+0000] {processor.py:830} INFO - Processing file /home/airflow/.local/lib/python3.8/site-packages/airflow/example_dags/example_complex.py for tasks to queue
[2023-12-20T06:28:16.684+0000] {logging_mixin.py:188} INFO - [2023-12-20T06:28:16.683+0000] {dagbag.py:538} INFO - Filling up the DagBag from /home/airflow/.local/lib/python3.8/site-packages/airflow/example_dags/example_complex.py
[2023-12-20T06:28:16.881+0000] {processor.py:840} INFO - DAG(s) 'example_complex' retrieved from /home/airflow/.local/lib/python3.8/site-packages/airflow/example_dags/example_complex.py
[2023-12-20T06:28:17.228+0000] {logging_mixin.py:188} INFO - [2023-12-20T06:28:17.227+0000] {dag.py:3033} INFO - Sync 1 DAGs
[2023-12-20T06:28:17.316+0000] {logging_mixin.py:188} INFO - [2023-12-20T06:28:17.315+0000] {dag.py:3820} INFO - Setting next_dagrun for example_complex to None, run_after=None
[2023-12-20T06:28:17.417+0000] {processor.py:183} INFO - Processing /home/airflow/.local/lib/python3.8/site-packages/airflow/example_dags/example_complex.py took 0.766 seconds
[2023-12-20T06:28:47.978+0000] {processor.py:161} INFO - Started process (PID=2277) to work on /home/airflow/.local/lib/python3.8/site-packages/airflow/example_dags/example_complex.py
[2023-12-20T06:28:47.980+0000] {processor.py:830} INFO - Processing file /home/airflow/.local/lib/python3.8/site-packages/airflow/example_dags/example_complex.py for tasks to queue
[2023-12-20T06:28:47.983+0000] {logging_mixin.py:188} INFO - [2023-12-20T06:28:47.982+0000] {dagbag.py:538} INFO - Filling up the DagBag from /home/airflow/.local/lib/python3.8/site-packages/airflow/example_dags/example_complex.py
[2023-12-20T06:28:48.024+0000] {processor.py:840} INFO - DAG(s) 'example_complex' retrieved from /home/airflow/.local/lib/python3.8/site-packages/airflow/example_dags/example_complex.py
[2023-12-20T06:28:48.140+0000] {logging_mixin.py:188} INFO - [2023-12-20T06:28:48.136+0000] {dag.py:3033} INFO - Sync 1 DAGs
[2023-12-20T06:28:48.209+0000] {logging_mixin.py:188} INFO - [2023-12-20T06:28:48.208+0000] {dag.py:3820} INFO - Setting next_dagrun for example_complex to None, run_after=None
[2023-12-20T06:28:48.419+0000] {processor.py:183} INFO - Processing /home/airflow/.local/lib/python3.8/site-packages/airflow/example_dags/example_complex.py took 0.448 seconds
[2023-12-20T06:29:18.723+0000] {processor.py:161} INFO - Started process (PID=2334) to work on /home/airflow/.local/lib/python3.8/site-packages/airflow/example_dags/example_complex.py
[2023-12-20T06:29:18.732+0000] {processor.py:830} INFO - Processing file /home/airflow/.local/lib/python3.8/site-packages/airflow/example_dags/example_complex.py for tasks to queue
[2023-12-20T06:29:18.740+0000] {logging_mixin.py:188} INFO - [2023-12-20T06:29:18.740+0000] {dagbag.py:538} INFO - Filling up the DagBag from /home/airflow/.local/lib/python3.8/site-packages/airflow/example_dags/example_complex.py
[2023-12-20T06:29:18.830+0000] {processor.py:840} INFO - DAG(s) 'example_complex' retrieved from /home/airflow/.local/lib/python3.8/site-packages/airflow/example_dags/example_complex.py
[2023-12-20T06:29:18.975+0000] {logging_mixin.py:188} INFO - [2023-12-20T06:29:18.975+0000] {dag.py:3033} INFO - Sync 1 DAGs
[2023-12-20T06:29:19.011+0000] {logging_mixin.py:188} INFO - [2023-12-20T06:29:19.011+0000] {dag.py:3820} INFO - Setting next_dagrun for example_complex to None, run_after=None
[2023-12-20T06:29:19.121+0000] {processor.py:183} INFO - Processing /home/airflow/.local/lib/python3.8/site-packages/airflow/example_dags/example_complex.py took 0.408 seconds
[2023-12-20T06:29:49.294+0000] {processor.py:161} INFO - Started process (PID=2391) to work on /home/airflow/.local/lib/python3.8/site-packages/airflow/example_dags/example_complex.py
[2023-12-20T06:29:49.296+0000] {processor.py:830} INFO - Processing file /home/airflow/.local/lib/python3.8/site-packages/airflow/example_dags/example_complex.py for tasks to queue
[2023-12-20T06:29:49.298+0000] {logging_mixin.py:188} INFO - [2023-12-20T06:29:49.297+0000] {dagbag.py:538} INFO - Filling up the DagBag from /home/airflow/.local/lib/python3.8/site-packages/airflow/example_dags/example_complex.py
[2023-12-20T06:29:49.331+0000] {processor.py:840} INFO - DAG(s) 'example_complex' retrieved from /home/airflow/.local/lib/python3.8/site-packages/airflow/example_dags/example_complex.py
[2023-12-20T06:29:49.425+0000] {logging_mixin.py:188} INFO - [2023-12-20T06:29:49.425+0000] {dag.py:3033} INFO - Sync 1 DAGs
[2023-12-20T06:29:49.765+0000] {logging_mixin.py:188} INFO - [2023-12-20T06:29:49.765+0000] {dag.py:3820} INFO - Setting next_dagrun for example_complex to None, run_after=None
[2023-12-20T06:29:49.817+0000] {processor.py:183} INFO - Processing /home/airflow/.local/lib/python3.8/site-packages/airflow/example_dags/example_complex.py took 0.530 seconds
[2023-12-20T06:30:21.489+0000] {processor.py:161} INFO - Started process (PID=2447) to work on /home/airflow/.local/lib/python3.8/site-packages/airflow/example_dags/example_complex.py
[2023-12-20T06:30:21.493+0000] {processor.py:830} INFO - Processing file /home/airflow/.local/lib/python3.8/site-packages/airflow/example_dags/example_complex.py for tasks to queue
[2023-12-20T06:30:21.495+0000] {logging_mixin.py:188} INFO - [2023-12-20T06:30:21.494+0000] {dagbag.py:538} INFO - Filling up the DagBag from /home/airflow/.local/lib/python3.8/site-packages/airflow/example_dags/example_complex.py
[2023-12-20T06:30:21.590+0000] {processor.py:840} INFO - DAG(s) 'example_complex' retrieved from /home/airflow/.local/lib/python3.8/site-packages/airflow/example_dags/example_complex.py
[2023-12-20T06:30:21.991+0000] {logging_mixin.py:188} INFO - [2023-12-20T06:30:21.991+0000] {dag.py:3033} INFO - Sync 1 DAGs
[2023-12-20T06:30:22.202+0000] {logging_mixin.py:188} INFO - [2023-12-20T06:30:22.201+0000] {dag.py:3820} INFO - Setting next_dagrun for example_complex to None, run_after=None
[2023-12-20T06:30:22.398+0000] {processor.py:183} INFO - Processing /home/airflow/.local/lib/python3.8/site-packages/airflow/example_dags/example_complex.py took 0.946 seconds
[2023-12-20T06:30:53.444+0000] {processor.py:161} INFO - Started process (PID=2503) to work on /home/airflow/.local/lib/python3.8/site-packages/airflow/example_dags/example_complex.py
[2023-12-20T06:30:53.451+0000] {processor.py:830} INFO - Processing file /home/airflow/.local/lib/python3.8/site-packages/airflow/example_dags/example_complex.py for tasks to queue
[2023-12-20T06:30:53.458+0000] {logging_mixin.py:188} INFO - [2023-12-20T06:30:53.457+0000] {dagbag.py:538} INFO - Filling up the DagBag from /home/airflow/.local/lib/python3.8/site-packages/airflow/example_dags/example_complex.py
[2023-12-20T06:30:53.560+0000] {processor.py:840} INFO - DAG(s) 'example_complex' retrieved from /home/airflow/.local/lib/python3.8/site-packages/airflow/example_dags/example_complex.py
[2023-12-20T06:30:53.897+0000] {logging_mixin.py:188} INFO - [2023-12-20T06:30:53.897+0000] {dag.py:3033} INFO - Sync 1 DAGs
[2023-12-20T06:30:54.003+0000] {logging_mixin.py:188} INFO - [2023-12-20T06:30:54.003+0000] {dag.py:3820} INFO - Setting next_dagrun for example_complex to None, run_after=None
[2023-12-20T06:30:54.077+0000] {processor.py:183} INFO - Processing /home/airflow/.local/lib/python3.8/site-packages/airflow/example_dags/example_complex.py took 0.649 seconds
[2023-12-20T06:31:30.583+0000] {processor.py:161} INFO - Started process (PID=2560) to work on /home/airflow/.local/lib/python3.8/site-packages/airflow/example_dags/example_complex.py
[2023-12-20T06:31:30.585+0000] {processor.py:830} INFO - Processing file /home/airflow/.local/lib/python3.8/site-packages/airflow/example_dags/example_complex.py for tasks to queue
[2023-12-20T06:31:30.590+0000] {logging_mixin.py:188} INFO - [2023-12-20T06:31:30.590+0000] {dagbag.py:538} INFO - Filling up the DagBag from /home/airflow/.local/lib/python3.8/site-packages/airflow/example_dags/example_complex.py
[2023-12-20T06:31:30.693+0000] {processor.py:840} INFO - DAG(s) 'example_complex' retrieved from /home/airflow/.local/lib/python3.8/site-packages/airflow/example_dags/example_complex.py
[2023-12-20T06:31:31.720+0000] {logging_mixin.py:188} INFO - [2023-12-20T06:31:31.717+0000] {dag.py:3033} INFO - Sync 1 DAGs
[2023-12-20T06:31:31.794+0000] {logging_mixin.py:188} INFO - [2023-12-20T06:31:31.794+0000] {dag.py:3820} INFO - Setting next_dagrun for example_complex to None, run_after=None
[2023-12-20T06:31:31.990+0000] {processor.py:183} INFO - Processing /home/airflow/.local/lib/python3.8/site-packages/airflow/example_dags/example_complex.py took 1.414 seconds
[2023-12-20T06:32:02.752+0000] {processor.py:161} INFO - Started process (PID=2618) to work on /home/airflow/.local/lib/python3.8/site-packages/airflow/example_dags/example_complex.py
[2023-12-20T06:32:02.788+0000] {processor.py:830} INFO - Processing file /home/airflow/.local/lib/python3.8/site-packages/airflow/example_dags/example_complex.py for tasks to queue
[2023-12-20T06:32:02.790+0000] {logging_mixin.py:188} INFO - [2023-12-20T06:32:02.789+0000] {dagbag.py:538} INFO - Filling up the DagBag from /home/airflow/.local/lib/python3.8/site-packages/airflow/example_dags/example_complex.py
[2023-12-20T06:32:02.817+0000] {processor.py:840} INFO - DAG(s) 'example_complex' retrieved from /home/airflow/.local/lib/python3.8/site-packages/airflow/example_dags/example_complex.py
[2023-12-20T06:32:02.902+0000] {logging_mixin.py:188} INFO - [2023-12-20T06:32:02.901+0000] {dag.py:3033} INFO - Sync 1 DAGs
[2023-12-20T06:32:02.933+0000] {logging_mixin.py:188} INFO - [2023-12-20T06:32:02.933+0000] {dag.py:3820} INFO - Setting next_dagrun for example_complex to None, run_after=None
[2023-12-20T06:32:03.007+0000] {processor.py:183} INFO - Processing /home/airflow/.local/lib/python3.8/site-packages/airflow/example_dags/example_complex.py took 0.261 seconds
[2023-12-20T06:32:33.174+0000] {processor.py:161} INFO - Started process (PID=2677) to work on /home/airflow/.local/lib/python3.8/site-packages/airflow/example_dags/example_complex.py
[2023-12-20T06:32:33.176+0000] {processor.py:830} INFO - Processing file /home/airflow/.local/lib/python3.8/site-packages/airflow/example_dags/example_complex.py for tasks to queue
[2023-12-20T06:32:33.178+0000] {logging_mixin.py:188} INFO - [2023-12-20T06:32:33.177+0000] {dagbag.py:538} INFO - Filling up the DagBag from /home/airflow/.local/lib/python3.8/site-packages/airflow/example_dags/example_complex.py
[2023-12-20T06:32:33.208+0000] {processor.py:840} INFO - DAG(s) 'example_complex' retrieved from /home/airflow/.local/lib/python3.8/site-packages/airflow/example_dags/example_complex.py
[2023-12-20T06:32:33.307+0000] {logging_mixin.py:188} INFO - [2023-12-20T06:32:33.307+0000] {dag.py:3033} INFO - Sync 1 DAGs
[2023-12-20T06:32:33.343+0000] {logging_mixin.py:188} INFO - [2023-12-20T06:32:33.342+0000] {dag.py:3820} INFO - Setting next_dagrun for example_complex to None, run_after=None
[2023-12-20T06:32:33.412+0000] {processor.py:183} INFO - Processing /home/airflow/.local/lib/python3.8/site-packages/airflow/example_dags/example_complex.py took 0.245 seconds
[2023-12-20T06:33:03.715+0000] {processor.py:161} INFO - Started process (PID=2736) to work on /home/airflow/.local/lib/python3.8/site-packages/airflow/example_dags/example_complex.py
[2023-12-20T06:33:03.717+0000] {processor.py:830} INFO - Processing file /home/airflow/.local/lib/python3.8/site-packages/airflow/example_dags/example_complex.py for tasks to queue
[2023-12-20T06:33:03.719+0000] {logging_mixin.py:188} INFO - [2023-12-20T06:33:03.718+0000] {dagbag.py:538} INFO - Filling up the DagBag from /home/airflow/.local/lib/python3.8/site-packages/airflow/example_dags/example_complex.py
[2023-12-20T06:33:03.769+0000] {processor.py:840} INFO - DAG(s) 'example_complex' retrieved from /home/airflow/.local/lib/python3.8/site-packages/airflow/example_dags/example_complex.py
[2023-12-20T06:33:03.923+0000] {logging_mixin.py:188} INFO - [2023-12-20T06:33:03.922+0000] {dag.py:3033} INFO - Sync 1 DAGs
[2023-12-20T06:33:03.976+0000] {logging_mixin.py:188} INFO - [2023-12-20T06:33:03.975+0000] {dag.py:3820} INFO - Setting next_dagrun for example_complex to None, run_after=None
[2023-12-20T06:33:04.045+0000] {processor.py:183} INFO - Processing /home/airflow/.local/lib/python3.8/site-packages/airflow/example_dags/example_complex.py took 0.343 seconds
[2023-12-20T06:33:57.436+0000] {processor.py:161} INFO - Started process (PID=2805) to work on /home/airflow/.local/lib/python3.8/site-packages/airflow/example_dags/example_complex.py
[2023-12-20T06:33:57.493+0000] {processor.py:830} INFO - Processing file /home/airflow/.local/lib/python3.8/site-packages/airflow/example_dags/example_complex.py for tasks to queue
[2023-12-20T06:33:57.495+0000] {logging_mixin.py:188} INFO - [2023-12-20T06:33:57.495+0000] {dagbag.py:538} INFO - Filling up the DagBag from /home/airflow/.local/lib/python3.8/site-packages/airflow/example_dags/example_complex.py
[2023-12-20T06:33:57.861+0000] {processor.py:840} INFO - DAG(s) 'example_complex' retrieved from /home/airflow/.local/lib/python3.8/site-packages/airflow/example_dags/example_complex.py
[2023-12-20T06:33:58.613+0000] {logging_mixin.py:188} INFO - [2023-12-20T06:33:58.605+0000] {dag.py:3033} INFO - Sync 1 DAGs
[2023-12-20T06:33:58.743+0000] {logging_mixin.py:188} INFO - [2023-12-20T06:33:58.742+0000] {dag.py:3820} INFO - Setting next_dagrun for example_complex to None, run_after=None
[2023-12-20T06:33:58.961+0000] {processor.py:183} INFO - Processing /home/airflow/.local/lib/python3.8/site-packages/airflow/example_dags/example_complex.py took 1.564 seconds
[2023-12-20T06:34:54.998+0000] {processor.py:161} INFO - Started process (PID=2867) to work on /home/airflow/.local/lib/python3.8/site-packages/airflow/example_dags/example_complex.py
[2023-12-20T06:34:55.010+0000] {processor.py:830} INFO - Processing file /home/airflow/.local/lib/python3.8/site-packages/airflow/example_dags/example_complex.py for tasks to queue
[2023-12-20T06:34:55.020+0000] {logging_mixin.py:188} INFO - [2023-12-20T06:34:55.012+0000] {dagbag.py:538} INFO - Filling up the DagBag from /home/airflow/.local/lib/python3.8/site-packages/airflow/example_dags/example_complex.py
[2023-12-20T06:34:55.238+0000] {processor.py:840} INFO - DAG(s) 'example_complex' retrieved from /home/airflow/.local/lib/python3.8/site-packages/airflow/example_dags/example_complex.py
[2023-12-20T06:34:56.189+0000] {logging_mixin.py:188} INFO - [2023-12-20T06:34:56.189+0000] {dag.py:3033} INFO - Sync 1 DAGs
[2023-12-20T06:34:56.679+0000] {logging_mixin.py:188} INFO - [2023-12-20T06:34:56.652+0000] {dag.py:3820} INFO - Setting next_dagrun for example_complex to None, run_after=None
[2023-12-20T06:34:57.136+0000] {processor.py:183} INFO - Processing /home/airflow/.local/lib/python3.8/site-packages/airflow/example_dags/example_complex.py took 2.162 seconds
[2023-12-20T06:35:54.220+0000] {processor.py:161} INFO - Started process (PID=2924) to work on /home/airflow/.local/lib/python3.8/site-packages/airflow/example_dags/example_complex.py
[2023-12-20T06:35:54.243+0000] {processor.py:830} INFO - Processing file /home/airflow/.local/lib/python3.8/site-packages/airflow/example_dags/example_complex.py for tasks to queue
[2023-12-20T06:35:54.267+0000] {logging_mixin.py:188} INFO - [2023-12-20T06:35:54.266+0000] {dagbag.py:538} INFO - Filling up the DagBag from /home/airflow/.local/lib/python3.8/site-packages/airflow/example_dags/example_complex.py
[2023-12-20T06:35:54.573+0000] {processor.py:840} INFO - DAG(s) 'example_complex' retrieved from /home/airflow/.local/lib/python3.8/site-packages/airflow/example_dags/example_complex.py
[2023-12-20T06:35:55.843+0000] {logging_mixin.py:188} INFO - [2023-12-20T06:35:55.843+0000] {dag.py:3033} INFO - Sync 1 DAGs
[2023-12-20T06:35:56.167+0000] {logging_mixin.py:188} INFO - [2023-12-20T06:35:56.166+0000] {dag.py:3820} INFO - Setting next_dagrun for example_complex to None, run_after=None
[2023-12-20T06:35:56.659+0000] {processor.py:183} INFO - Processing /home/airflow/.local/lib/python3.8/site-packages/airflow/example_dags/example_complex.py took 2.521 seconds
[2023-12-20T06:36:41.799+0000] {processor.py:161} INFO - Started process (PID=2981) to work on /home/airflow/.local/lib/python3.8/site-packages/airflow/example_dags/example_complex.py
[2023-12-20T06:36:41.819+0000] {processor.py:830} INFO - Processing file /home/airflow/.local/lib/python3.8/site-packages/airflow/example_dags/example_complex.py for tasks to queue
[2023-12-20T06:36:41.824+0000] {logging_mixin.py:188} INFO - [2023-12-20T06:36:41.823+0000] {dagbag.py:538} INFO - Filling up the DagBag from /home/airflow/.local/lib/python3.8/site-packages/airflow/example_dags/example_complex.py
[2023-12-20T06:36:41.991+0000] {processor.py:840} INFO - DAG(s) 'example_complex' retrieved from /home/airflow/.local/lib/python3.8/site-packages/airflow/example_dags/example_complex.py
[2023-12-20T06:36:42.527+0000] {logging_mixin.py:188} INFO - [2023-12-20T06:36:42.527+0000] {dag.py:3033} INFO - Sync 1 DAGs
[2023-12-20T06:36:42.627+0000] {logging_mixin.py:188} INFO - [2023-12-20T06:36:42.627+0000] {dag.py:3820} INFO - Setting next_dagrun for example_complex to None, run_after=None
[2023-12-20T06:36:42.891+0000] {processor.py:183} INFO - Processing /home/airflow/.local/lib/python3.8/site-packages/airflow/example_dags/example_complex.py took 1.128 seconds
[2023-12-20T06:37:39.925+0000] {processor.py:161} INFO - Started process (PID=3041) to work on /home/airflow/.local/lib/python3.8/site-packages/airflow/example_dags/example_complex.py
[2023-12-20T06:37:39.958+0000] {processor.py:830} INFO - Processing file /home/airflow/.local/lib/python3.8/site-packages/airflow/example_dags/example_complex.py for tasks to queue
[2023-12-20T06:37:39.966+0000] {logging_mixin.py:188} INFO - [2023-12-20T06:37:39.966+0000] {dagbag.py:538} INFO - Filling up the DagBag from /home/airflow/.local/lib/python3.8/site-packages/airflow/example_dags/example_complex.py
[2023-12-20T06:37:40.152+0000] {processor.py:840} INFO - DAG(s) 'example_complex' retrieved from /home/airflow/.local/lib/python3.8/site-packages/airflow/example_dags/example_complex.py
[2023-12-20T06:37:40.551+0000] {logging_mixin.py:188} INFO - [2023-12-20T06:37:40.551+0000] {dag.py:3033} INFO - Sync 1 DAGs
[2023-12-20T06:37:40.664+0000] {logging_mixin.py:188} INFO - [2023-12-20T06:37:40.663+0000] {dag.py:3820} INFO - Setting next_dagrun for example_complex to None, run_after=None
[2023-12-20T06:37:40.870+0000] {processor.py:183} INFO - Processing /home/airflow/.local/lib/python3.8/site-packages/airflow/example_dags/example_complex.py took 0.963 seconds
[2023-12-20T06:38:15.098+0000] {processor.py:161} INFO - Started process (PID=3100) to work on /home/airflow/.local/lib/python3.8/site-packages/airflow/example_dags/example_complex.py
[2023-12-20T06:38:15.109+0000] {processor.py:830} INFO - Processing file /home/airflow/.local/lib/python3.8/site-packages/airflow/example_dags/example_complex.py for tasks to queue
[2023-12-20T06:38:15.110+0000] {logging_mixin.py:188} INFO - [2023-12-20T06:38:15.110+0000] {dagbag.py:538} INFO - Filling up the DagBag from /home/airflow/.local/lib/python3.8/site-packages/airflow/example_dags/example_complex.py
[2023-12-20T06:38:15.275+0000] {processor.py:840} INFO - DAG(s) 'example_complex' retrieved from /home/airflow/.local/lib/python3.8/site-packages/airflow/example_dags/example_complex.py
[2023-12-20T06:38:15.565+0000] {logging_mixin.py:188} INFO - [2023-12-20T06:38:15.559+0000] {dag.py:3033} INFO - Sync 1 DAGs
[2023-12-20T06:38:15.648+0000] {logging_mixin.py:188} INFO - [2023-12-20T06:38:15.648+0000] {dag.py:3820} INFO - Setting next_dagrun for example_complex to None, run_after=None
[2023-12-20T06:38:15.830+0000] {processor.py:183} INFO - Processing /home/airflow/.local/lib/python3.8/site-packages/airflow/example_dags/example_complex.py took 0.761 seconds
[2023-12-20T06:38:45.980+0000] {processor.py:161} INFO - Started process (PID=3158) to work on /home/airflow/.local/lib/python3.8/site-packages/airflow/example_dags/example_complex.py
[2023-12-20T06:38:45.987+0000] {processor.py:830} INFO - Processing file /home/airflow/.local/lib/python3.8/site-packages/airflow/example_dags/example_complex.py for tasks to queue
[2023-12-20T06:38:45.989+0000] {logging_mixin.py:188} INFO - [2023-12-20T06:38:45.989+0000] {dagbag.py:538} INFO - Filling up the DagBag from /home/airflow/.local/lib/python3.8/site-packages/airflow/example_dags/example_complex.py
[2023-12-20T06:38:46.021+0000] {processor.py:840} INFO - DAG(s) 'example_complex' retrieved from /home/airflow/.local/lib/python3.8/site-packages/airflow/example_dags/example_complex.py
[2023-12-20T06:38:46.305+0000] {logging_mixin.py:188} INFO - [2023-12-20T06:38:46.304+0000] {dag.py:3033} INFO - Sync 1 DAGs
[2023-12-20T06:38:46.418+0000] {logging_mixin.py:188} INFO - [2023-12-20T06:38:46.418+0000] {dag.py:3820} INFO - Setting next_dagrun for example_complex to None, run_after=None
[2023-12-20T06:38:46.536+0000] {processor.py:183} INFO - Processing /home/airflow/.local/lib/python3.8/site-packages/airflow/example_dags/example_complex.py took 0.586 seconds
[2023-12-20T06:39:16.985+0000] {processor.py:161} INFO - Started process (PID=3218) to work on /home/airflow/.local/lib/python3.8/site-packages/airflow/example_dags/example_complex.py
[2023-12-20T06:39:16.989+0000] {processor.py:830} INFO - Processing file /home/airflow/.local/lib/python3.8/site-packages/airflow/example_dags/example_complex.py for tasks to queue
[2023-12-20T06:39:16.997+0000] {logging_mixin.py:188} INFO - [2023-12-20T06:39:16.997+0000] {dagbag.py:538} INFO - Filling up the DagBag from /home/airflow/.local/lib/python3.8/site-packages/airflow/example_dags/example_complex.py
[2023-12-20T06:39:17.058+0000] {processor.py:840} INFO - DAG(s) 'example_complex' retrieved from /home/airflow/.local/lib/python3.8/site-packages/airflow/example_dags/example_complex.py
[2023-12-20T06:39:17.479+0000] {logging_mixin.py:188} INFO - [2023-12-20T06:39:17.479+0000] {dag.py:3033} INFO - Sync 1 DAGs
[2023-12-20T06:39:17.552+0000] {logging_mixin.py:188} INFO - [2023-12-20T06:39:17.551+0000] {dag.py:3820} INFO - Setting next_dagrun for example_complex to None, run_after=None
[2023-12-20T06:39:17.671+0000] {processor.py:183} INFO - Processing /home/airflow/.local/lib/python3.8/site-packages/airflow/example_dags/example_complex.py took 0.698 seconds
[2023-12-20T06:39:47.828+0000] {processor.py:161} INFO - Started process (PID=3277) to work on /home/airflow/.local/lib/python3.8/site-packages/airflow/example_dags/example_complex.py
[2023-12-20T06:39:47.830+0000] {processor.py:830} INFO - Processing file /home/airflow/.local/lib/python3.8/site-packages/airflow/example_dags/example_complex.py for tasks to queue
[2023-12-20T06:39:47.832+0000] {logging_mixin.py:188} INFO - [2023-12-20T06:39:47.831+0000] {dagbag.py:538} INFO - Filling up the DagBag from /home/airflow/.local/lib/python3.8/site-packages/airflow/example_dags/example_complex.py
[2023-12-20T06:39:47.864+0000] {processor.py:840} INFO - DAG(s) 'example_complex' retrieved from /home/airflow/.local/lib/python3.8/site-packages/airflow/example_dags/example_complex.py
[2023-12-20T06:39:47.949+0000] {logging_mixin.py:188} INFO - [2023-12-20T06:39:47.948+0000] {dag.py:3033} INFO - Sync 1 DAGs
[2023-12-20T06:39:47.980+0000] {logging_mixin.py:188} INFO - [2023-12-20T06:39:47.980+0000] {dag.py:3820} INFO - Setting next_dagrun for example_complex to None, run_after=None
[2023-12-20T06:39:48.059+0000] {processor.py:183} INFO - Processing /home/airflow/.local/lib/python3.8/site-packages/airflow/example_dags/example_complex.py took 0.238 seconds
[2023-12-20T06:40:18.326+0000] {processor.py:161} INFO - Started process (PID=3335) to work on /home/airflow/.local/lib/python3.8/site-packages/airflow/example_dags/example_complex.py
[2023-12-20T06:40:18.365+0000] {processor.py:830} INFO - Processing file /home/airflow/.local/lib/python3.8/site-packages/airflow/example_dags/example_complex.py for tasks to queue
[2023-12-20T06:40:18.369+0000] {logging_mixin.py:188} INFO - [2023-12-20T06:40:18.366+0000] {dagbag.py:538} INFO - Filling up the DagBag from /home/airflow/.local/lib/python3.8/site-packages/airflow/example_dags/example_complex.py
[2023-12-20T06:40:18.488+0000] {processor.py:840} INFO - DAG(s) 'example_complex' retrieved from /home/airflow/.local/lib/python3.8/site-packages/airflow/example_dags/example_complex.py
[2023-12-20T06:40:18.658+0000] {logging_mixin.py:188} INFO - [2023-12-20T06:40:18.657+0000] {dag.py:3033} INFO - Sync 1 DAGs
[2023-12-20T06:40:18.736+0000] {logging_mixin.py:188} INFO - [2023-12-20T06:40:18.736+0000] {dag.py:3820} INFO - Setting next_dagrun for example_complex to None, run_after=None
[2023-12-20T06:40:18.890+0000] {processor.py:183} INFO - Processing /home/airflow/.local/lib/python3.8/site-packages/airflow/example_dags/example_complex.py took 0.576 seconds
[2023-12-20T06:44:57.557+0000] {processor.py:161} INFO - Started process (PID=3390) to work on /home/airflow/.local/lib/python3.8/site-packages/airflow/example_dags/example_complex.py
[2023-12-20T06:44:57.562+0000] {processor.py:830} INFO - Processing file /home/airflow/.local/lib/python3.8/site-packages/airflow/example_dags/example_complex.py for tasks to queue
[2023-12-20T06:44:57.567+0000] {logging_mixin.py:188} INFO - [2023-12-20T06:44:57.566+0000] {dagbag.py:538} INFO - Filling up the DagBag from /home/airflow/.local/lib/python3.8/site-packages/airflow/example_dags/example_complex.py
[2023-12-20T06:44:57.639+0000] {processor.py:840} INFO - DAG(s) 'example_complex' retrieved from /home/airflow/.local/lib/python3.8/site-packages/airflow/example_dags/example_complex.py
[2023-12-20T06:44:57.801+0000] {logging_mixin.py:188} INFO - [2023-12-20T06:44:57.801+0000] {dag.py:3033} INFO - Sync 1 DAGs
[2023-12-20T06:44:57.873+0000] {logging_mixin.py:188} INFO - [2023-12-20T06:44:57.872+0000] {dag.py:3820} INFO - Setting next_dagrun for example_complex to None, run_after=None
[2023-12-20T06:44:57.988+0000] {processor.py:183} INFO - Processing /home/airflow/.local/lib/python3.8/site-packages/airflow/example_dags/example_complex.py took 0.441 seconds
[2023-12-20T06:45:28.429+0000] {processor.py:161} INFO - Started process (PID=3448) to work on /home/airflow/.local/lib/python3.8/site-packages/airflow/example_dags/example_complex.py
[2023-12-20T06:45:28.433+0000] {processor.py:830} INFO - Processing file /home/airflow/.local/lib/python3.8/site-packages/airflow/example_dags/example_complex.py for tasks to queue
[2023-12-20T06:45:28.435+0000] {logging_mixin.py:188} INFO - [2023-12-20T06:45:28.434+0000] {dagbag.py:538} INFO - Filling up the DagBag from /home/airflow/.local/lib/python3.8/site-packages/airflow/example_dags/example_complex.py
[2023-12-20T06:45:28.467+0000] {processor.py:840} INFO - DAG(s) 'example_complex' retrieved from /home/airflow/.local/lib/python3.8/site-packages/airflow/example_dags/example_complex.py
[2023-12-20T06:45:28.599+0000] {logging_mixin.py:188} INFO - [2023-12-20T06:45:28.599+0000] {dag.py:3033} INFO - Sync 1 DAGs
[2023-12-20T06:45:28.640+0000] {logging_mixin.py:188} INFO - [2023-12-20T06:45:28.639+0000] {dag.py:3820} INFO - Setting next_dagrun for example_complex to None, run_after=None
[2023-12-20T06:45:28.706+0000] {processor.py:183} INFO - Processing /home/airflow/.local/lib/python3.8/site-packages/airflow/example_dags/example_complex.py took 0.287 seconds
[2023-12-20T06:45:59.362+0000] {processor.py:161} INFO - Started process (PID=3507) to work on /home/airflow/.local/lib/python3.8/site-packages/airflow/example_dags/example_complex.py
[2023-12-20T06:45:59.364+0000] {processor.py:830} INFO - Processing file /home/airflow/.local/lib/python3.8/site-packages/airflow/example_dags/example_complex.py for tasks to queue
[2023-12-20T06:45:59.366+0000] {logging_mixin.py:188} INFO - [2023-12-20T06:45:59.366+0000] {dagbag.py:538} INFO - Filling up the DagBag from /home/airflow/.local/lib/python3.8/site-packages/airflow/example_dags/example_complex.py
[2023-12-20T06:45:59.398+0000] {processor.py:840} INFO - DAG(s) 'example_complex' retrieved from /home/airflow/.local/lib/python3.8/site-packages/airflow/example_dags/example_complex.py
[2023-12-20T06:45:59.490+0000] {logging_mixin.py:188} INFO - [2023-12-20T06:45:59.490+0000] {dag.py:3033} INFO - Sync 1 DAGs
[2023-12-20T06:45:59.524+0000] {logging_mixin.py:188} INFO - [2023-12-20T06:45:59.523+0000] {dag.py:3820} INFO - Setting next_dagrun for example_complex to None, run_after=None
[2023-12-20T06:45:59.577+0000] {processor.py:183} INFO - Processing /home/airflow/.local/lib/python3.8/site-packages/airflow/example_dags/example_complex.py took 0.224 seconds
[2023-12-20T06:46:30.660+0000] {processor.py:161} INFO - Started process (PID=3565) to work on /home/airflow/.local/lib/python3.8/site-packages/airflow/example_dags/example_complex.py
[2023-12-20T06:46:30.663+0000] {processor.py:830} INFO - Processing file /home/airflow/.local/lib/python3.8/site-packages/airflow/example_dags/example_complex.py for tasks to queue
[2023-12-20T06:46:30.666+0000] {logging_mixin.py:188} INFO - [2023-12-20T06:46:30.665+0000] {dagbag.py:538} INFO - Filling up the DagBag from /home/airflow/.local/lib/python3.8/site-packages/airflow/example_dags/example_complex.py
[2023-12-20T06:46:30.701+0000] {processor.py:840} INFO - DAG(s) 'example_complex' retrieved from /home/airflow/.local/lib/python3.8/site-packages/airflow/example_dags/example_complex.py
[2023-12-20T06:46:30.824+0000] {logging_mixin.py:188} INFO - [2023-12-20T06:46:30.824+0000] {dag.py:3033} INFO - Sync 1 DAGs
[2023-12-20T06:46:30.865+0000] {logging_mixin.py:188} INFO - [2023-12-20T06:46:30.864+0000] {dag.py:3820} INFO - Setting next_dagrun for example_complex to None, run_after=None
[2023-12-20T06:46:30.963+0000] {processor.py:183} INFO - Processing /home/airflow/.local/lib/python3.8/site-packages/airflow/example_dags/example_complex.py took 0.310 seconds
[2023-12-20T06:47:01.076+0000] {processor.py:161} INFO - Started process (PID=3623) to work on /home/airflow/.local/lib/python3.8/site-packages/airflow/example_dags/example_complex.py
[2023-12-20T06:47:01.111+0000] {processor.py:830} INFO - Processing file /home/airflow/.local/lib/python3.8/site-packages/airflow/example_dags/example_complex.py for tasks to queue
[2023-12-20T06:47:01.113+0000] {logging_mixin.py:188} INFO - [2023-12-20T06:47:01.112+0000] {dagbag.py:538} INFO - Filling up the DagBag from /home/airflow/.local/lib/python3.8/site-packages/airflow/example_dags/example_complex.py
[2023-12-20T06:47:01.142+0000] {processor.py:840} INFO - DAG(s) 'example_complex' retrieved from /home/airflow/.local/lib/python3.8/site-packages/airflow/example_dags/example_complex.py
[2023-12-20T06:47:01.225+0000] {logging_mixin.py:188} INFO - [2023-12-20T06:47:01.224+0000] {dag.py:3033} INFO - Sync 1 DAGs
[2023-12-20T06:47:01.256+0000] {logging_mixin.py:188} INFO - [2023-12-20T06:47:01.256+0000] {dag.py:3820} INFO - Setting next_dagrun for example_complex to None, run_after=None
[2023-12-20T06:47:01.317+0000] {processor.py:183} INFO - Processing /home/airflow/.local/lib/python3.8/site-packages/airflow/example_dags/example_complex.py took 0.256 seconds
[2023-12-20T06:47:45.164+0000] {processor.py:161} INFO - Started process (PID=3688) to work on /home/airflow/.local/lib/python3.8/site-packages/airflow/example_dags/example_complex.py
[2023-12-20T06:47:45.190+0000] {processor.py:830} INFO - Processing file /home/airflow/.local/lib/python3.8/site-packages/airflow/example_dags/example_complex.py for tasks to queue
[2023-12-20T06:47:45.197+0000] {logging_mixin.py:188} INFO - [2023-12-20T06:47:45.196+0000] {dagbag.py:538} INFO - Filling up the DagBag from /home/airflow/.local/lib/python3.8/site-packages/airflow/example_dags/example_complex.py
[2023-12-20T06:47:45.423+0000] {processor.py:840} INFO - DAG(s) 'example_complex' retrieved from /home/airflow/.local/lib/python3.8/site-packages/airflow/example_dags/example_complex.py
[2023-12-20T06:47:45.731+0000] {logging_mixin.py:188} INFO - [2023-12-20T06:47:45.730+0000] {dag.py:3033} INFO - Sync 1 DAGs
[2023-12-20T06:47:45.817+0000] {logging_mixin.py:188} INFO - [2023-12-20T06:47:45.816+0000] {dag.py:3820} INFO - Setting next_dagrun for example_complex to None, run_after=None
[2023-12-20T06:47:45.962+0000] {processor.py:183} INFO - Processing /home/airflow/.local/lib/python3.8/site-packages/airflow/example_dags/example_complex.py took 0.854 seconds
[2023-12-20T06:48:56.768+0000] {processor.py:161} INFO - Started process (PID=3755) to work on /home/airflow/.local/lib/python3.8/site-packages/airflow/example_dags/example_complex.py
[2023-12-20T06:48:56.800+0000] {processor.py:830} INFO - Processing file /home/airflow/.local/lib/python3.8/site-packages/airflow/example_dags/example_complex.py for tasks to queue
[2023-12-20T06:48:56.848+0000] {logging_mixin.py:188} INFO - [2023-12-20T06:48:56.801+0000] {dagbag.py:538} INFO - Filling up the DagBag from /home/airflow/.local/lib/python3.8/site-packages/airflow/example_dags/example_complex.py
[2023-12-20T06:48:57.086+0000] {processor.py:840} INFO - DAG(s) 'example_complex' retrieved from /home/airflow/.local/lib/python3.8/site-packages/airflow/example_dags/example_complex.py
[2023-12-20T06:48:58.429+0000] {logging_mixin.py:188} INFO - [2023-12-20T06:48:58.428+0000] {dag.py:3033} INFO - Sync 1 DAGs
[2023-12-20T06:48:58.876+0000] {logging_mixin.py:188} INFO - [2023-12-20T06:48:58.871+0000] {dag.py:3820} INFO - Setting next_dagrun for example_complex to None, run_after=None
[2023-12-20T06:48:59.492+0000] {processor.py:183} INFO - Processing /home/airflow/.local/lib/python3.8/site-packages/airflow/example_dags/example_complex.py took 2.828 seconds
