[2023-12-20T05:41:49.027+0000] {processor.py:161} INFO - Started process (PID=100) to work on /home/airflow/.local/lib/python3.8/site-packages/airflow/example_dags/example_dag_decorator.py
[2023-12-20T05:41:49.063+0000] {processor.py:830} INFO - Processing file /home/airflow/.local/lib/python3.8/site-packages/airflow/example_dags/example_dag_decorator.py for tasks to queue
[2023-12-20T05:41:49.109+0000] {logging_mixin.py:188} INFO - [2023-12-20T05:41:49.102+0000] {dagbag.py:538} INFO - Filling up the DagBag from /home/airflow/.local/lib/python3.8/site-packages/airflow/example_dags/example_dag_decorator.py
[2023-12-20T05:41:53.054+0000] {processor.py:840} INFO - DAG(s) 'example_dag_decorator' retrieved from /home/airflow/.local/lib/python3.8/site-packages/airflow/example_dags/example_dag_decorator.py
[2023-12-20T05:41:55.864+0000] {logging_mixin.py:188} INFO - [2023-12-20T05:41:55.864+0000] {dag.py:3033} INFO - Sync 1 DAGs
[2023-12-20T05:41:56.050+0000] {logging_mixin.py:188} INFO - [2023-12-20T05:41:56.049+0000] {dag.py:3820} INFO - Setting next_dagrun for example_dag_decorator to None, run_after=None
[2023-12-20T05:41:56.306+0000] {processor.py:183} INFO - Processing /home/airflow/.local/lib/python3.8/site-packages/airflow/example_dags/example_dag_decorator.py took 7.417 seconds
[2023-12-20T05:43:26.922+0000] {processor.py:161} INFO - Started process (PID=161) to work on /home/airflow/.local/lib/python3.8/site-packages/airflow/example_dags/example_dag_decorator.py
[2023-12-20T05:43:30.719+0000] {processor.py:830} INFO - Processing file /home/airflow/.local/lib/python3.8/site-packages/airflow/example_dags/example_dag_decorator.py for tasks to queue
[2023-12-20T05:43:47.062+0000] {logging_mixin.py:188} INFO - [2023-12-20T05:43:32.183+0000] {dagbag.py:538} INFO - Filling up the DagBag from /home/airflow/.local/lib/python3.8/site-packages/airflow/example_dags/example_dag_decorator.py
[2023-12-20T06:07:06.595+0000] {processor.py:161} INFO - Started process (PID=80) to work on /home/airflow/.local/lib/python3.8/site-packages/airflow/example_dags/example_dag_decorator.py
[2023-12-20T06:07:06.601+0000] {processor.py:830} INFO - Processing file /home/airflow/.local/lib/python3.8/site-packages/airflow/example_dags/example_dag_decorator.py for tasks to queue
[2023-12-20T06:07:06.614+0000] {logging_mixin.py:188} INFO - [2023-12-20T06:07:06.613+0000] {dagbag.py:538} INFO - Filling up the DagBag from /home/airflow/.local/lib/python3.8/site-packages/airflow/example_dags/example_dag_decorator.py
[2023-12-20T06:07:08.697+0000] {processor.py:840} INFO - DAG(s) 'example_dag_decorator' retrieved from /home/airflow/.local/lib/python3.8/site-packages/airflow/example_dags/example_dag_decorator.py
[2023-12-20T06:07:10.997+0000] {logging_mixin.py:188} INFO - [2023-12-20T06:07:10.996+0000] {dag.py:3033} INFO - Sync 1 DAGs
[2023-12-20T06:07:11.129+0000] {logging_mixin.py:188} INFO - [2023-12-20T06:07:11.116+0000] {dag.py:3820} INFO - Setting next_dagrun for example_dag_decorator to None, run_after=None
[2023-12-20T06:07:11.445+0000] {processor.py:183} INFO - Processing /home/airflow/.local/lib/python3.8/site-packages/airflow/example_dags/example_dag_decorator.py took 4.869 seconds
[2023-12-20T06:07:42.205+0000] {processor.py:161} INFO - Started process (PID=138) to work on /home/airflow/.local/lib/python3.8/site-packages/airflow/example_dags/example_dag_decorator.py
[2023-12-20T06:07:42.240+0000] {processor.py:830} INFO - Processing file /home/airflow/.local/lib/python3.8/site-packages/airflow/example_dags/example_dag_decorator.py for tasks to queue
[2023-12-20T06:07:42.244+0000] {logging_mixin.py:188} INFO - [2023-12-20T06:07:42.244+0000] {dagbag.py:538} INFO - Filling up the DagBag from /home/airflow/.local/lib/python3.8/site-packages/airflow/example_dags/example_dag_decorator.py
[2023-12-20T06:07:42.734+0000] {processor.py:840} INFO - DAG(s) 'example_dag_decorator' retrieved from /home/airflow/.local/lib/python3.8/site-packages/airflow/example_dags/example_dag_decorator.py
[2023-12-20T06:07:43.037+0000] {logging_mixin.py:188} INFO - [2023-12-20T06:07:43.037+0000] {dag.py:3033} INFO - Sync 1 DAGs
[2023-12-20T06:07:43.065+0000] {logging_mixin.py:188} INFO - [2023-12-20T06:07:43.064+0000] {dag.py:3820} INFO - Setting next_dagrun for example_dag_decorator to None, run_after=None
[2023-12-20T06:07:43.147+0000] {processor.py:183} INFO - Processing /home/airflow/.local/lib/python3.8/site-packages/airflow/example_dags/example_dag_decorator.py took 0.958 seconds
[2023-12-20T06:08:13.431+0000] {processor.py:161} INFO - Started process (PID=194) to work on /home/airflow/.local/lib/python3.8/site-packages/airflow/example_dags/example_dag_decorator.py
[2023-12-20T06:08:13.437+0000] {processor.py:830} INFO - Processing file /home/airflow/.local/lib/python3.8/site-packages/airflow/example_dags/example_dag_decorator.py for tasks to queue
[2023-12-20T06:08:13.446+0000] {logging_mixin.py:188} INFO - [2023-12-20T06:08:13.446+0000] {dagbag.py:538} INFO - Filling up the DagBag from /home/airflow/.local/lib/python3.8/site-packages/airflow/example_dags/example_dag_decorator.py
[2023-12-20T06:08:13.982+0000] {processor.py:840} INFO - DAG(s) 'example_dag_decorator' retrieved from /home/airflow/.local/lib/python3.8/site-packages/airflow/example_dags/example_dag_decorator.py
[2023-12-20T06:08:14.522+0000] {logging_mixin.py:188} INFO - [2023-12-20T06:08:14.521+0000] {dag.py:3033} INFO - Sync 1 DAGs
[2023-12-20T06:08:14.607+0000] {logging_mixin.py:188} INFO - [2023-12-20T06:08:14.600+0000] {dag.py:3820} INFO - Setting next_dagrun for example_dag_decorator to None, run_after=None
[2023-12-20T06:08:14.796+0000] {processor.py:183} INFO - Processing /home/airflow/.local/lib/python3.8/site-packages/airflow/example_dags/example_dag_decorator.py took 1.393 seconds
[2023-12-20T06:09:03.221+0000] {processor.py:161} INFO - Started process (PID=261) to work on /home/airflow/.local/lib/python3.8/site-packages/airflow/example_dags/example_dag_decorator.py
[2023-12-20T06:09:03.224+0000] {processor.py:830} INFO - Processing file /home/airflow/.local/lib/python3.8/site-packages/airflow/example_dags/example_dag_decorator.py for tasks to queue
[2023-12-20T06:09:03.253+0000] {logging_mixin.py:188} INFO - [2023-12-20T06:09:03.240+0000] {dagbag.py:538} INFO - Filling up the DagBag from /home/airflow/.local/lib/python3.8/site-packages/airflow/example_dags/example_dag_decorator.py
[2023-12-20T06:09:05.835+0000] {processor.py:840} INFO - DAG(s) 'example_dag_decorator' retrieved from /home/airflow/.local/lib/python3.8/site-packages/airflow/example_dags/example_dag_decorator.py
[2023-12-20T06:09:08.339+0000] {logging_mixin.py:188} INFO - [2023-12-20T06:09:08.326+0000] {dag.py:3033} INFO - Sync 1 DAGs
[2023-12-20T06:09:08.549+0000] {logging_mixin.py:188} INFO - [2023-12-20T06:09:08.549+0000] {dag.py:3820} INFO - Setting next_dagrun for example_dag_decorator to None, run_after=None
[2023-12-20T06:09:08.922+0000] {processor.py:183} INFO - Processing /home/airflow/.local/lib/python3.8/site-packages/airflow/example_dags/example_dag_decorator.py took 5.750 seconds
[2023-12-20T06:09:39.446+0000] {processor.py:161} INFO - Started process (PID=318) to work on /home/airflow/.local/lib/python3.8/site-packages/airflow/example_dags/example_dag_decorator.py
[2023-12-20T06:09:39.464+0000] {processor.py:830} INFO - Processing file /home/airflow/.local/lib/python3.8/site-packages/airflow/example_dags/example_dag_decorator.py for tasks to queue
[2023-12-20T06:09:39.474+0000] {logging_mixin.py:188} INFO - [2023-12-20T06:09:39.473+0000] {dagbag.py:538} INFO - Filling up the DagBag from /home/airflow/.local/lib/python3.8/site-packages/airflow/example_dags/example_dag_decorator.py
[2023-12-20T06:09:40.307+0000] {processor.py:840} INFO - DAG(s) 'example_dag_decorator' retrieved from /home/airflow/.local/lib/python3.8/site-packages/airflow/example_dags/example_dag_decorator.py
[2023-12-20T06:09:40.702+0000] {logging_mixin.py:188} INFO - [2023-12-20T06:09:40.701+0000] {dag.py:3033} INFO - Sync 1 DAGs
[2023-12-20T06:09:40.738+0000] {logging_mixin.py:188} INFO - [2023-12-20T06:09:40.737+0000] {dag.py:3820} INFO - Setting next_dagrun for example_dag_decorator to None, run_after=None
[2023-12-20T06:09:40.870+0000] {processor.py:183} INFO - Processing /home/airflow/.local/lib/python3.8/site-packages/airflow/example_dags/example_dag_decorator.py took 1.455 seconds
[2023-12-20T06:10:11.391+0000] {processor.py:161} INFO - Started process (PID=373) to work on /home/airflow/.local/lib/python3.8/site-packages/airflow/example_dags/example_dag_decorator.py
[2023-12-20T06:10:11.429+0000] {processor.py:830} INFO - Processing file /home/airflow/.local/lib/python3.8/site-packages/airflow/example_dags/example_dag_decorator.py for tasks to queue
[2023-12-20T06:10:11.438+0000] {logging_mixin.py:188} INFO - [2023-12-20T06:10:11.437+0000] {dagbag.py:538} INFO - Filling up the DagBag from /home/airflow/.local/lib/python3.8/site-packages/airflow/example_dags/example_dag_decorator.py
[2023-12-20T06:10:11.718+0000] {processor.py:840} INFO - DAG(s) 'example_dag_decorator' retrieved from /home/airflow/.local/lib/python3.8/site-packages/airflow/example_dags/example_dag_decorator.py
[2023-12-20T06:10:12.205+0000] {logging_mixin.py:188} INFO - [2023-12-20T06:10:12.205+0000] {dag.py:3033} INFO - Sync 1 DAGs
[2023-12-20T06:10:12.421+0000] {logging_mixin.py:188} INFO - [2023-12-20T06:10:12.421+0000] {dag.py:3820} INFO - Setting next_dagrun for example_dag_decorator to None, run_after=None
[2023-12-20T06:10:12.621+0000] {processor.py:183} INFO - Processing /home/airflow/.local/lib/python3.8/site-packages/airflow/example_dags/example_dag_decorator.py took 1.236 seconds
[2023-12-20T06:10:42.903+0000] {processor.py:161} INFO - Started process (PID=428) to work on /home/airflow/.local/lib/python3.8/site-packages/airflow/example_dags/example_dag_decorator.py
[2023-12-20T06:10:42.941+0000] {processor.py:830} INFO - Processing file /home/airflow/.local/lib/python3.8/site-packages/airflow/example_dags/example_dag_decorator.py for tasks to queue
[2023-12-20T06:10:42.957+0000] {logging_mixin.py:188} INFO - [2023-12-20T06:10:42.956+0000] {dagbag.py:538} INFO - Filling up the DagBag from /home/airflow/.local/lib/python3.8/site-packages/airflow/example_dags/example_dag_decorator.py
[2023-12-20T06:10:43.459+0000] {processor.py:840} INFO - DAG(s) 'example_dag_decorator' retrieved from /home/airflow/.local/lib/python3.8/site-packages/airflow/example_dags/example_dag_decorator.py
[2023-12-20T06:10:44.743+0000] {logging_mixin.py:188} INFO - [2023-12-20T06:10:44.742+0000] {dag.py:3033} INFO - Sync 1 DAGs
[2023-12-20T06:10:44.841+0000] {logging_mixin.py:188} INFO - [2023-12-20T06:10:44.841+0000] {dag.py:3820} INFO - Setting next_dagrun for example_dag_decorator to None, run_after=None
[2023-12-20T06:10:45.119+0000] {processor.py:183} INFO - Processing /home/airflow/.local/lib/python3.8/site-packages/airflow/example_dags/example_dag_decorator.py took 2.236 seconds
[2023-12-20T06:11:15.351+0000] {processor.py:161} INFO - Started process (PID=485) to work on /home/airflow/.local/lib/python3.8/site-packages/airflow/example_dags/example_dag_decorator.py
[2023-12-20T06:11:15.368+0000] {processor.py:830} INFO - Processing file /home/airflow/.local/lib/python3.8/site-packages/airflow/example_dags/example_dag_decorator.py for tasks to queue
[2023-12-20T06:11:15.394+0000] {logging_mixin.py:188} INFO - [2023-12-20T06:11:15.393+0000] {dagbag.py:538} INFO - Filling up the DagBag from /home/airflow/.local/lib/python3.8/site-packages/airflow/example_dags/example_dag_decorator.py
[2023-12-20T06:11:16.680+0000] {processor.py:840} INFO - DAG(s) 'example_dag_decorator' retrieved from /home/airflow/.local/lib/python3.8/site-packages/airflow/example_dags/example_dag_decorator.py
[2023-12-20T06:11:17.730+0000] {logging_mixin.py:188} INFO - [2023-12-20T06:11:17.729+0000] {dag.py:3033} INFO - Sync 1 DAGs
[2023-12-20T06:11:17.878+0000] {logging_mixin.py:188} INFO - [2023-12-20T06:11:17.877+0000] {dag.py:3820} INFO - Setting next_dagrun for example_dag_decorator to None, run_after=None
[2023-12-20T06:11:18.214+0000] {processor.py:183} INFO - Processing /home/airflow/.local/lib/python3.8/site-packages/airflow/example_dags/example_dag_decorator.py took 2.886 seconds
[2023-12-20T06:11:48.747+0000] {processor.py:161} INFO - Started process (PID=543) to work on /home/airflow/.local/lib/python3.8/site-packages/airflow/example_dags/example_dag_decorator.py
[2023-12-20T06:11:48.764+0000] {processor.py:830} INFO - Processing file /home/airflow/.local/lib/python3.8/site-packages/airflow/example_dags/example_dag_decorator.py for tasks to queue
[2023-12-20T06:11:48.768+0000] {logging_mixin.py:188} INFO - [2023-12-20T06:11:48.767+0000] {dagbag.py:538} INFO - Filling up the DagBag from /home/airflow/.local/lib/python3.8/site-packages/airflow/example_dags/example_dag_decorator.py
[2023-12-20T06:11:49.419+0000] {processor.py:840} INFO - DAG(s) 'example_dag_decorator' retrieved from /home/airflow/.local/lib/python3.8/site-packages/airflow/example_dags/example_dag_decorator.py
[2023-12-20T06:11:49.999+0000] {logging_mixin.py:188} INFO - [2023-12-20T06:11:49.998+0000] {dag.py:3033} INFO - Sync 1 DAGs
[2023-12-20T06:11:50.027+0000] {logging_mixin.py:188} INFO - [2023-12-20T06:11:50.027+0000] {dag.py:3820} INFO - Setting next_dagrun for example_dag_decorator to None, run_after=None
[2023-12-20T06:11:50.127+0000] {processor.py:183} INFO - Processing /home/airflow/.local/lib/python3.8/site-packages/airflow/example_dags/example_dag_decorator.py took 1.410 seconds
[2023-12-20T06:12:21.757+0000] {processor.py:161} INFO - Started process (PID=601) to work on /home/airflow/.local/lib/python3.8/site-packages/airflow/example_dags/example_dag_decorator.py
[2023-12-20T06:12:21.761+0000] {processor.py:830} INFO - Processing file /home/airflow/.local/lib/python3.8/site-packages/airflow/example_dags/example_dag_decorator.py for tasks to queue
[2023-12-20T06:12:21.796+0000] {logging_mixin.py:188} INFO - [2023-12-20T06:12:21.795+0000] {dagbag.py:538} INFO - Filling up the DagBag from /home/airflow/.local/lib/python3.8/site-packages/airflow/example_dags/example_dag_decorator.py
[2023-12-20T06:12:23.750+0000] {processor.py:840} INFO - DAG(s) 'example_dag_decorator' retrieved from /home/airflow/.local/lib/python3.8/site-packages/airflow/example_dags/example_dag_decorator.py
[2023-12-20T06:12:25.247+0000] {logging_mixin.py:188} INFO - [2023-12-20T06:12:25.246+0000] {dag.py:3033} INFO - Sync 1 DAGs
[2023-12-20T06:12:25.461+0000] {logging_mixin.py:188} INFO - [2023-12-20T06:12:25.461+0000] {dag.py:3820} INFO - Setting next_dagrun for example_dag_decorator to None, run_after=None
[2023-12-20T06:12:25.669+0000] {processor.py:183} INFO - Processing /home/airflow/.local/lib/python3.8/site-packages/airflow/example_dags/example_dag_decorator.py took 3.958 seconds
[2023-12-20T06:13:06.704+0000] {processor.py:161} INFO - Started process (PID=667) to work on /home/airflow/.local/lib/python3.8/site-packages/airflow/example_dags/example_dag_decorator.py
[2023-12-20T06:13:06.715+0000] {processor.py:830} INFO - Processing file /home/airflow/.local/lib/python3.8/site-packages/airflow/example_dags/example_dag_decorator.py for tasks to queue
[2023-12-20T06:13:06.723+0000] {logging_mixin.py:188} INFO - [2023-12-20T06:13:06.722+0000] {dagbag.py:538} INFO - Filling up the DagBag from /home/airflow/.local/lib/python3.8/site-packages/airflow/example_dags/example_dag_decorator.py
[2023-12-20T06:13:08.149+0000] {processor.py:840} INFO - DAG(s) 'example_dag_decorator' retrieved from /home/airflow/.local/lib/python3.8/site-packages/airflow/example_dags/example_dag_decorator.py
[2023-12-20T06:13:10.340+0000] {logging_mixin.py:188} INFO - [2023-12-20T06:13:10.337+0000] {dag.py:3033} INFO - Sync 1 DAGs
[2023-12-20T06:13:10.494+0000] {logging_mixin.py:188} INFO - [2023-12-20T06:13:10.493+0000] {dag.py:3820} INFO - Setting next_dagrun for example_dag_decorator to None, run_after=None
[2023-12-20T06:13:10.778+0000] {processor.py:183} INFO - Processing /home/airflow/.local/lib/python3.8/site-packages/airflow/example_dags/example_dag_decorator.py took 4.128 seconds
[2023-12-20T06:13:57.574+0000] {processor.py:161} INFO - Started process (PID=735) to work on /home/airflow/.local/lib/python3.8/site-packages/airflow/example_dags/example_dag_decorator.py
[2023-12-20T06:13:57.587+0000] {processor.py:830} INFO - Processing file /home/airflow/.local/lib/python3.8/site-packages/airflow/example_dags/example_dag_decorator.py for tasks to queue
[2023-12-20T06:13:57.620+0000] {logging_mixin.py:188} INFO - [2023-12-20T06:13:57.614+0000] {dagbag.py:538} INFO - Filling up the DagBag from /home/airflow/.local/lib/python3.8/site-packages/airflow/example_dags/example_dag_decorator.py
[2023-12-20T06:13:59.706+0000] {processor.py:840} INFO - DAG(s) 'example_dag_decorator' retrieved from /home/airflow/.local/lib/python3.8/site-packages/airflow/example_dags/example_dag_decorator.py
[2023-12-20T06:14:01.651+0000] {logging_mixin.py:188} INFO - [2023-12-20T06:14:01.650+0000] {dag.py:3033} INFO - Sync 1 DAGs
[2023-12-20T06:14:01.882+0000] {logging_mixin.py:188} INFO - [2023-12-20T06:14:01.867+0000] {dag.py:3820} INFO - Setting next_dagrun for example_dag_decorator to None, run_after=None
[2023-12-20T06:14:02.463+0000] {processor.py:183} INFO - Processing /home/airflow/.local/lib/python3.8/site-packages/airflow/example_dags/example_dag_decorator.py took 4.938 seconds
[2023-12-20T06:14:38.797+0000] {processor.py:161} INFO - Started process (PID=800) to work on /home/airflow/.local/lib/python3.8/site-packages/airflow/example_dags/example_dag_decorator.py
[2023-12-20T06:14:38.806+0000] {processor.py:830} INFO - Processing file /home/airflow/.local/lib/python3.8/site-packages/airflow/example_dags/example_dag_decorator.py for tasks to queue
[2023-12-20T06:14:38.824+0000] {logging_mixin.py:188} INFO - [2023-12-20T06:14:38.824+0000] {dagbag.py:538} INFO - Filling up the DagBag from /home/airflow/.local/lib/python3.8/site-packages/airflow/example_dags/example_dag_decorator.py
[2023-12-20T06:14:40.730+0000] {processor.py:840} INFO - DAG(s) 'example_dag_decorator' retrieved from /home/airflow/.local/lib/python3.8/site-packages/airflow/example_dags/example_dag_decorator.py
[2023-12-20T06:14:43.194+0000] {logging_mixin.py:188} INFO - [2023-12-20T06:14:43.194+0000] {dag.py:3033} INFO - Sync 1 DAGs
[2023-12-20T06:14:43.697+0000] {logging_mixin.py:188} INFO - [2023-12-20T06:14:43.697+0000] {dag.py:3820} INFO - Setting next_dagrun for example_dag_decorator to None, run_after=None
[2023-12-20T06:14:43.984+0000] {processor.py:183} INFO - Processing /home/airflow/.local/lib/python3.8/site-packages/airflow/example_dags/example_dag_decorator.py took 5.237 seconds
[2023-12-20T06:15:14.327+0000] {processor.py:161} INFO - Started process (PID=858) to work on /home/airflow/.local/lib/python3.8/site-packages/airflow/example_dags/example_dag_decorator.py
[2023-12-20T06:15:14.333+0000] {processor.py:830} INFO - Processing file /home/airflow/.local/lib/python3.8/site-packages/airflow/example_dags/example_dag_decorator.py for tasks to queue
[2023-12-20T06:15:14.361+0000] {logging_mixin.py:188} INFO - [2023-12-20T06:15:14.360+0000] {dagbag.py:538} INFO - Filling up the DagBag from /home/airflow/.local/lib/python3.8/site-packages/airflow/example_dags/example_dag_decorator.py
[2023-12-20T06:15:15.238+0000] {processor.py:840} INFO - DAG(s) 'example_dag_decorator' retrieved from /home/airflow/.local/lib/python3.8/site-packages/airflow/example_dags/example_dag_decorator.py
[2023-12-20T06:15:16.989+0000] {logging_mixin.py:188} INFO - [2023-12-20T06:15:16.988+0000] {dag.py:3033} INFO - Sync 1 DAGs
[2023-12-20T06:15:17.064+0000] {logging_mixin.py:188} INFO - [2023-12-20T06:15:17.063+0000] {dag.py:3820} INFO - Setting next_dagrun for example_dag_decorator to None, run_after=None
[2023-12-20T06:15:17.285+0000] {processor.py:183} INFO - Processing /home/airflow/.local/lib/python3.8/site-packages/airflow/example_dags/example_dag_decorator.py took 2.976 seconds
[2023-12-20T06:15:48.283+0000] {processor.py:161} INFO - Started process (PID=915) to work on /home/airflow/.local/lib/python3.8/site-packages/airflow/example_dags/example_dag_decorator.py
[2023-12-20T06:15:48.285+0000] {processor.py:830} INFO - Processing file /home/airflow/.local/lib/python3.8/site-packages/airflow/example_dags/example_dag_decorator.py for tasks to queue
[2023-12-20T06:15:48.301+0000] {logging_mixin.py:188} INFO - [2023-12-20T06:15:48.300+0000] {dagbag.py:538} INFO - Filling up the DagBag from /home/airflow/.local/lib/python3.8/site-packages/airflow/example_dags/example_dag_decorator.py
[2023-12-20T06:15:48.866+0000] {processor.py:840} INFO - DAG(s) 'example_dag_decorator' retrieved from /home/airflow/.local/lib/python3.8/site-packages/airflow/example_dags/example_dag_decorator.py
[2023-12-20T06:15:49.467+0000] {logging_mixin.py:188} INFO - [2023-12-20T06:15:49.466+0000] {dag.py:3033} INFO - Sync 1 DAGs
[2023-12-20T06:15:49.959+0000] {logging_mixin.py:188} INFO - [2023-12-20T06:15:49.959+0000] {dag.py:3820} INFO - Setting next_dagrun for example_dag_decorator to None, run_after=None
[2023-12-20T06:15:50.029+0000] {processor.py:183} INFO - Processing /home/airflow/.local/lib/python3.8/site-packages/airflow/example_dags/example_dag_decorator.py took 1.776 seconds
[2023-12-20T06:16:20.436+0000] {processor.py:161} INFO - Started process (PID=971) to work on /home/airflow/.local/lib/python3.8/site-packages/airflow/example_dags/example_dag_decorator.py
[2023-12-20T06:16:20.452+0000] {processor.py:830} INFO - Processing file /home/airflow/.local/lib/python3.8/site-packages/airflow/example_dags/example_dag_decorator.py for tasks to queue
[2023-12-20T06:16:20.463+0000] {logging_mixin.py:188} INFO - [2023-12-20T06:16:20.463+0000] {dagbag.py:538} INFO - Filling up the DagBag from /home/airflow/.local/lib/python3.8/site-packages/airflow/example_dags/example_dag_decorator.py
[2023-12-20T06:16:20.942+0000] {processor.py:840} INFO - DAG(s) 'example_dag_decorator' retrieved from /home/airflow/.local/lib/python3.8/site-packages/airflow/example_dags/example_dag_decorator.py
[2023-12-20T06:16:21.511+0000] {logging_mixin.py:188} INFO - [2023-12-20T06:16:21.510+0000] {dag.py:3033} INFO - Sync 1 DAGs
[2023-12-20T06:16:21.629+0000] {logging_mixin.py:188} INFO - [2023-12-20T06:16:21.626+0000] {dag.py:3820} INFO - Setting next_dagrun for example_dag_decorator to None, run_after=None
[2023-12-20T06:16:21.790+0000] {processor.py:183} INFO - Processing /home/airflow/.local/lib/python3.8/site-packages/airflow/example_dags/example_dag_decorator.py took 1.379 seconds
[2023-12-20T06:16:53.790+0000] {processor.py:161} INFO - Started process (PID=1031) to work on /home/airflow/.local/lib/python3.8/site-packages/airflow/example_dags/example_dag_decorator.py
[2023-12-20T06:16:53.797+0000] {processor.py:830} INFO - Processing file /home/airflow/.local/lib/python3.8/site-packages/airflow/example_dags/example_dag_decorator.py for tasks to queue
[2023-12-20T06:16:53.809+0000] {logging_mixin.py:188} INFO - [2023-12-20T06:16:53.807+0000] {dagbag.py:538} INFO - Filling up the DagBag from /home/airflow/.local/lib/python3.8/site-packages/airflow/example_dags/example_dag_decorator.py
[2023-12-20T06:16:54.673+0000] {processor.py:840} INFO - DAG(s) 'example_dag_decorator' retrieved from /home/airflow/.local/lib/python3.8/site-packages/airflow/example_dags/example_dag_decorator.py
[2023-12-20T06:16:55.675+0000] {logging_mixin.py:188} INFO - [2023-12-20T06:16:55.674+0000] {dag.py:3033} INFO - Sync 1 DAGs
[2023-12-20T06:16:55.724+0000] {logging_mixin.py:188} INFO - [2023-12-20T06:16:55.724+0000] {dag.py:3820} INFO - Setting next_dagrun for example_dag_decorator to None, run_after=None
[2023-12-20T06:16:55.853+0000] {processor.py:183} INFO - Processing /home/airflow/.local/lib/python3.8/site-packages/airflow/example_dags/example_dag_decorator.py took 2.073 seconds
[2023-12-20T06:17:27.268+0000] {processor.py:161} INFO - Started process (PID=1087) to work on /home/airflow/.local/lib/python3.8/site-packages/airflow/example_dags/example_dag_decorator.py
[2023-12-20T06:17:27.304+0000] {processor.py:830} INFO - Processing file /home/airflow/.local/lib/python3.8/site-packages/airflow/example_dags/example_dag_decorator.py for tasks to queue
[2023-12-20T06:17:27.313+0000] {logging_mixin.py:188} INFO - [2023-12-20T06:17:27.309+0000] {dagbag.py:538} INFO - Filling up the DagBag from /home/airflow/.local/lib/python3.8/site-packages/airflow/example_dags/example_dag_decorator.py
[2023-12-20T06:17:28.404+0000] {processor.py:840} INFO - DAG(s) 'example_dag_decorator' retrieved from /home/airflow/.local/lib/python3.8/site-packages/airflow/example_dags/example_dag_decorator.py
[2023-12-20T06:17:30.515+0000] {logging_mixin.py:188} INFO - [2023-12-20T06:17:30.515+0000] {dag.py:3033} INFO - Sync 1 DAGs
[2023-12-20T06:17:30.667+0000] {logging_mixin.py:188} INFO - [2023-12-20T06:17:30.666+0000] {dag.py:3820} INFO - Setting next_dagrun for example_dag_decorator to None, run_after=None
[2023-12-20T06:17:30.843+0000] {processor.py:183} INFO - Processing /home/airflow/.local/lib/python3.8/site-packages/airflow/example_dags/example_dag_decorator.py took 3.590 seconds
[2023-12-20T06:18:08.421+0000] {processor.py:161} INFO - Started process (PID=1156) to work on /home/airflow/.local/lib/python3.8/site-packages/airflow/example_dags/example_dag_decorator.py
[2023-12-20T06:18:08.423+0000] {processor.py:830} INFO - Processing file /home/airflow/.local/lib/python3.8/site-packages/airflow/example_dags/example_dag_decorator.py for tasks to queue
[2023-12-20T06:18:08.428+0000] {logging_mixin.py:188} INFO - [2023-12-20T06:18:08.427+0000] {dagbag.py:538} INFO - Filling up the DagBag from /home/airflow/.local/lib/python3.8/site-packages/airflow/example_dags/example_dag_decorator.py
[2023-12-20T06:18:08.829+0000] {processor.py:840} INFO - DAG(s) 'example_dag_decorator' retrieved from /home/airflow/.local/lib/python3.8/site-packages/airflow/example_dags/example_dag_decorator.py
[2023-12-20T06:18:11.322+0000] {logging_mixin.py:188} INFO - [2023-12-20T06:18:11.322+0000] {dag.py:3033} INFO - Sync 1 DAGs
[2023-12-20T06:18:11.382+0000] {logging_mixin.py:188} INFO - [2023-12-20T06:18:11.382+0000] {dag.py:3820} INFO - Setting next_dagrun for example_dag_decorator to None, run_after=None
[2023-12-20T06:18:11.439+0000] {processor.py:183} INFO - Processing /home/airflow/.local/lib/python3.8/site-packages/airflow/example_dags/example_dag_decorator.py took 3.025 seconds
[2023-12-20T06:18:42.342+0000] {processor.py:161} INFO - Started process (PID=1213) to work on /home/airflow/.local/lib/python3.8/site-packages/airflow/example_dags/example_dag_decorator.py
[2023-12-20T06:18:42.347+0000] {processor.py:830} INFO - Processing file /home/airflow/.local/lib/python3.8/site-packages/airflow/example_dags/example_dag_decorator.py for tasks to queue
[2023-12-20T06:18:42.357+0000] {logging_mixin.py:188} INFO - [2023-12-20T06:18:42.357+0000] {dagbag.py:538} INFO - Filling up the DagBag from /home/airflow/.local/lib/python3.8/site-packages/airflow/example_dags/example_dag_decorator.py
[2023-12-20T06:18:43.123+0000] {processor.py:840} INFO - DAG(s) 'example_dag_decorator' retrieved from /home/airflow/.local/lib/python3.8/site-packages/airflow/example_dags/example_dag_decorator.py
[2023-12-20T06:18:44.025+0000] {logging_mixin.py:188} INFO - [2023-12-20T06:18:44.025+0000] {dag.py:3033} INFO - Sync 1 DAGs
[2023-12-20T06:18:46.279+0000] {logging_mixin.py:188} INFO - [2023-12-20T06:18:46.278+0000] {dag.py:3820} INFO - Setting next_dagrun for example_dag_decorator to None, run_after=None
[2023-12-20T06:18:46.372+0000] {processor.py:183} INFO - Processing /home/airflow/.local/lib/python3.8/site-packages/airflow/example_dags/example_dag_decorator.py took 4.072 seconds
[2023-12-20T06:19:17.371+0000] {processor.py:161} INFO - Started process (PID=1275) to work on /home/airflow/.local/lib/python3.8/site-packages/airflow/example_dags/example_dag_decorator.py
[2023-12-20T06:19:17.404+0000] {processor.py:830} INFO - Processing file /home/airflow/.local/lib/python3.8/site-packages/airflow/example_dags/example_dag_decorator.py for tasks to queue
[2023-12-20T06:19:17.408+0000] {logging_mixin.py:188} INFO - [2023-12-20T06:19:17.407+0000] {dagbag.py:538} INFO - Filling up the DagBag from /home/airflow/.local/lib/python3.8/site-packages/airflow/example_dags/example_dag_decorator.py
[2023-12-20T06:19:17.984+0000] {processor.py:840} INFO - DAG(s) 'example_dag_decorator' retrieved from /home/airflow/.local/lib/python3.8/site-packages/airflow/example_dags/example_dag_decorator.py
[2023-12-20T06:19:18.524+0000] {logging_mixin.py:188} INFO - [2023-12-20T06:19:18.523+0000] {dag.py:3033} INFO - Sync 1 DAGs
[2023-12-20T06:19:18.927+0000] {logging_mixin.py:188} INFO - [2023-12-20T06:19:18.926+0000] {dag.py:3820} INFO - Setting next_dagrun for example_dag_decorator to None, run_after=None
[2023-12-20T06:19:18.984+0000] {processor.py:183} INFO - Processing /home/airflow/.local/lib/python3.8/site-packages/airflow/example_dags/example_dag_decorator.py took 1.628 seconds
[2023-12-20T06:19:49.456+0000] {processor.py:161} INFO - Started process (PID=1333) to work on /home/airflow/.local/lib/python3.8/site-packages/airflow/example_dags/example_dag_decorator.py
[2023-12-20T06:19:49.457+0000] {processor.py:830} INFO - Processing file /home/airflow/.local/lib/python3.8/site-packages/airflow/example_dags/example_dag_decorator.py for tasks to queue
[2023-12-20T06:19:49.475+0000] {logging_mixin.py:188} INFO - [2023-12-20T06:19:49.471+0000] {dagbag.py:538} INFO - Filling up the DagBag from /home/airflow/.local/lib/python3.8/site-packages/airflow/example_dags/example_dag_decorator.py
[2023-12-20T06:19:49.859+0000] {processor.py:840} INFO - DAG(s) 'example_dag_decorator' retrieved from /home/airflow/.local/lib/python3.8/site-packages/airflow/example_dags/example_dag_decorator.py
[2023-12-20T06:19:50.319+0000] {logging_mixin.py:188} INFO - [2023-12-20T06:19:50.319+0000] {dag.py:3033} INFO - Sync 1 DAGs
[2023-12-20T06:19:50.349+0000] {logging_mixin.py:188} INFO - [2023-12-20T06:19:50.348+0000] {dag.py:3820} INFO - Setting next_dagrun for example_dag_decorator to None, run_after=None
[2023-12-20T06:19:50.417+0000] {processor.py:183} INFO - Processing /home/airflow/.local/lib/python3.8/site-packages/airflow/example_dags/example_dag_decorator.py took 0.984 seconds
[2023-12-20T06:20:20.681+0000] {processor.py:161} INFO - Started process (PID=1389) to work on /home/airflow/.local/lib/python3.8/site-packages/airflow/example_dags/example_dag_decorator.py
[2023-12-20T06:20:20.699+0000] {processor.py:830} INFO - Processing file /home/airflow/.local/lib/python3.8/site-packages/airflow/example_dags/example_dag_decorator.py for tasks to queue
[2023-12-20T06:20:20.704+0000] {logging_mixin.py:188} INFO - [2023-12-20T06:20:20.703+0000] {dagbag.py:538} INFO - Filling up the DagBag from /home/airflow/.local/lib/python3.8/site-packages/airflow/example_dags/example_dag_decorator.py
[2023-12-20T06:20:21.052+0000] {processor.py:840} INFO - DAG(s) 'example_dag_decorator' retrieved from /home/airflow/.local/lib/python3.8/site-packages/airflow/example_dags/example_dag_decorator.py
[2023-12-20T06:20:22.073+0000] {logging_mixin.py:188} INFO - [2023-12-20T06:20:22.073+0000] {dag.py:3033} INFO - Sync 1 DAGs
[2023-12-20T06:20:22.101+0000] {logging_mixin.py:188} INFO - [2023-12-20T06:20:22.100+0000] {dag.py:3820} INFO - Setting next_dagrun for example_dag_decorator to None, run_after=None
[2023-12-20T06:20:22.252+0000] {processor.py:183} INFO - Processing /home/airflow/.local/lib/python3.8/site-packages/airflow/example_dags/example_dag_decorator.py took 1.602 seconds
[2023-12-20T06:20:52.641+0000] {processor.py:161} INFO - Started process (PID=1446) to work on /home/airflow/.local/lib/python3.8/site-packages/airflow/example_dags/example_dag_decorator.py
[2023-12-20T06:20:52.676+0000] {processor.py:830} INFO - Processing file /home/airflow/.local/lib/python3.8/site-packages/airflow/example_dags/example_dag_decorator.py for tasks to queue
[2023-12-20T06:20:52.682+0000] {logging_mixin.py:188} INFO - [2023-12-20T06:20:52.681+0000] {dagbag.py:538} INFO - Filling up the DagBag from /home/airflow/.local/lib/python3.8/site-packages/airflow/example_dags/example_dag_decorator.py
[2023-12-20T06:20:53.095+0000] {processor.py:840} INFO - DAG(s) 'example_dag_decorator' retrieved from /home/airflow/.local/lib/python3.8/site-packages/airflow/example_dags/example_dag_decorator.py
[2023-12-20T06:20:53.855+0000] {logging_mixin.py:188} INFO - [2023-12-20T06:20:53.855+0000] {dag.py:3033} INFO - Sync 1 DAGs
[2023-12-20T06:20:53.922+0000] {logging_mixin.py:188} INFO - [2023-12-20T06:20:53.922+0000] {dag.py:3820} INFO - Setting next_dagrun for example_dag_decorator to None, run_after=None
[2023-12-20T06:20:53.981+0000] {processor.py:183} INFO - Processing /home/airflow/.local/lib/python3.8/site-packages/airflow/example_dags/example_dag_decorator.py took 1.349 seconds
[2023-12-20T06:21:26.119+0000] {processor.py:161} INFO - Started process (PID=1505) to work on /home/airflow/.local/lib/python3.8/site-packages/airflow/example_dags/example_dag_decorator.py
[2023-12-20T06:21:26.126+0000] {processor.py:830} INFO - Processing file /home/airflow/.local/lib/python3.8/site-packages/airflow/example_dags/example_dag_decorator.py for tasks to queue
[2023-12-20T06:21:26.134+0000] {logging_mixin.py:188} INFO - [2023-12-20T06:21:26.133+0000] {dagbag.py:538} INFO - Filling up the DagBag from /home/airflow/.local/lib/python3.8/site-packages/airflow/example_dags/example_dag_decorator.py
[2023-12-20T06:21:26.898+0000] {processor.py:840} INFO - DAG(s) 'example_dag_decorator' retrieved from /home/airflow/.local/lib/python3.8/site-packages/airflow/example_dags/example_dag_decorator.py
[2023-12-20T06:21:29.401+0000] {logging_mixin.py:188} INFO - [2023-12-20T06:21:29.398+0000] {dag.py:3033} INFO - Sync 1 DAGs
[2023-12-20T06:21:29.504+0000] {logging_mixin.py:188} INFO - [2023-12-20T06:21:29.504+0000] {dag.py:3820} INFO - Setting next_dagrun for example_dag_decorator to None, run_after=None
[2023-12-20T06:21:29.648+0000] {processor.py:183} INFO - Processing /home/airflow/.local/lib/python3.8/site-packages/airflow/example_dags/example_dag_decorator.py took 3.548 seconds
[2023-12-20T06:22:00.157+0000] {processor.py:161} INFO - Started process (PID=1565) to work on /home/airflow/.local/lib/python3.8/site-packages/airflow/example_dags/example_dag_decorator.py
[2023-12-20T06:22:00.204+0000] {processor.py:830} INFO - Processing file /home/airflow/.local/lib/python3.8/site-packages/airflow/example_dags/example_dag_decorator.py for tasks to queue
[2023-12-20T06:22:00.219+0000] {logging_mixin.py:188} INFO - [2023-12-20T06:22:00.215+0000] {dagbag.py:538} INFO - Filling up the DagBag from /home/airflow/.local/lib/python3.8/site-packages/airflow/example_dags/example_dag_decorator.py
[2023-12-20T06:22:01.457+0000] {processor.py:840} INFO - DAG(s) 'example_dag_decorator' retrieved from /home/airflow/.local/lib/python3.8/site-packages/airflow/example_dags/example_dag_decorator.py
[2023-12-20T06:22:02.462+0000] {logging_mixin.py:188} INFO - [2023-12-20T06:22:02.461+0000] {dag.py:3033} INFO - Sync 1 DAGs
[2023-12-20T06:22:02.535+0000] {logging_mixin.py:188} INFO - [2023-12-20T06:22:02.535+0000] {dag.py:3820} INFO - Setting next_dagrun for example_dag_decorator to None, run_after=None
[2023-12-20T06:22:02.683+0000] {processor.py:183} INFO - Processing /home/airflow/.local/lib/python3.8/site-packages/airflow/example_dags/example_dag_decorator.py took 2.538 seconds
[2023-12-20T06:22:33.851+0000] {processor.py:161} INFO - Started process (PID=1626) to work on /home/airflow/.local/lib/python3.8/site-packages/airflow/example_dags/example_dag_decorator.py
[2023-12-20T06:22:33.889+0000] {processor.py:830} INFO - Processing file /home/airflow/.local/lib/python3.8/site-packages/airflow/example_dags/example_dag_decorator.py for tasks to queue
[2023-12-20T06:22:33.891+0000] {logging_mixin.py:188} INFO - [2023-12-20T06:22:33.890+0000] {dagbag.py:538} INFO - Filling up the DagBag from /home/airflow/.local/lib/python3.8/site-packages/airflow/example_dags/example_dag_decorator.py
[2023-12-20T06:22:34.142+0000] {processor.py:840} INFO - DAG(s) 'example_dag_decorator' retrieved from /home/airflow/.local/lib/python3.8/site-packages/airflow/example_dags/example_dag_decorator.py
[2023-12-20T06:22:34.714+0000] {logging_mixin.py:188} INFO - [2023-12-20T06:22:34.713+0000] {dag.py:3033} INFO - Sync 1 DAGs
[2023-12-20T06:22:34.780+0000] {logging_mixin.py:188} INFO - [2023-12-20T06:22:34.780+0000] {dag.py:3820} INFO - Setting next_dagrun for example_dag_decorator to None, run_after=None
[2023-12-20T06:22:34.904+0000] {processor.py:183} INFO - Processing /home/airflow/.local/lib/python3.8/site-packages/airflow/example_dags/example_dag_decorator.py took 1.061 seconds
[2023-12-20T06:23:05.339+0000] {processor.py:161} INFO - Started process (PID=1682) to work on /home/airflow/.local/lib/python3.8/site-packages/airflow/example_dags/example_dag_decorator.py
[2023-12-20T06:23:05.340+0000] {processor.py:830} INFO - Processing file /home/airflow/.local/lib/python3.8/site-packages/airflow/example_dags/example_dag_decorator.py for tasks to queue
[2023-12-20T06:23:05.342+0000] {logging_mixin.py:188} INFO - [2023-12-20T06:23:05.342+0000] {dagbag.py:538} INFO - Filling up the DagBag from /home/airflow/.local/lib/python3.8/site-packages/airflow/example_dags/example_dag_decorator.py
[2023-12-20T06:23:05.610+0000] {processor.py:840} INFO - DAG(s) 'example_dag_decorator' retrieved from /home/airflow/.local/lib/python3.8/site-packages/airflow/example_dags/example_dag_decorator.py
[2023-12-20T06:23:06.784+0000] {logging_mixin.py:188} INFO - [2023-12-20T06:23:06.783+0000] {dag.py:3033} INFO - Sync 1 DAGs
[2023-12-20T06:23:06.810+0000] {logging_mixin.py:188} INFO - [2023-12-20T06:23:06.810+0000] {dag.py:3820} INFO - Setting next_dagrun for example_dag_decorator to None, run_after=None
[2023-12-20T06:23:06.947+0000] {processor.py:183} INFO - Processing /home/airflow/.local/lib/python3.8/site-packages/airflow/example_dags/example_dag_decorator.py took 1.613 seconds
[2023-12-20T06:23:38.357+0000] {processor.py:161} INFO - Started process (PID=1741) to work on /home/airflow/.local/lib/python3.8/site-packages/airflow/example_dags/example_dag_decorator.py
[2023-12-20T06:23:38.365+0000] {processor.py:830} INFO - Processing file /home/airflow/.local/lib/python3.8/site-packages/airflow/example_dags/example_dag_decorator.py for tasks to queue
[2023-12-20T06:23:38.367+0000] {logging_mixin.py:188} INFO - [2023-12-20T06:23:38.366+0000] {dagbag.py:538} INFO - Filling up the DagBag from /home/airflow/.local/lib/python3.8/site-packages/airflow/example_dags/example_dag_decorator.py
[2023-12-20T06:23:39.134+0000] {processor.py:840} INFO - DAG(s) 'example_dag_decorator' retrieved from /home/airflow/.local/lib/python3.8/site-packages/airflow/example_dags/example_dag_decorator.py
[2023-12-20T06:23:40.527+0000] {logging_mixin.py:188} INFO - [2023-12-20T06:23:40.525+0000] {dag.py:3033} INFO - Sync 1 DAGs
[2023-12-20T06:23:40.564+0000] {logging_mixin.py:188} INFO - [2023-12-20T06:23:40.564+0000] {dag.py:3820} INFO - Setting next_dagrun for example_dag_decorator to None, run_after=None
[2023-12-20T06:23:40.632+0000] {processor.py:183} INFO - Processing /home/airflow/.local/lib/python3.8/site-packages/airflow/example_dags/example_dag_decorator.py took 2.320 seconds
[2023-12-20T06:24:16.677+0000] {processor.py:161} INFO - Started process (PID=1807) to work on /home/airflow/.local/lib/python3.8/site-packages/airflow/example_dags/example_dag_decorator.py
[2023-12-20T06:24:16.689+0000] {processor.py:830} INFO - Processing file /home/airflow/.local/lib/python3.8/site-packages/airflow/example_dags/example_dag_decorator.py for tasks to queue
[2023-12-20T06:24:16.708+0000] {logging_mixin.py:188} INFO - [2023-12-20T06:24:16.707+0000] {dagbag.py:538} INFO - Filling up the DagBag from /home/airflow/.local/lib/python3.8/site-packages/airflow/example_dags/example_dag_decorator.py
[2023-12-20T06:24:17.763+0000] {processor.py:840} INFO - DAG(s) 'example_dag_decorator' retrieved from /home/airflow/.local/lib/python3.8/site-packages/airflow/example_dags/example_dag_decorator.py
[2023-12-20T06:24:18.916+0000] {logging_mixin.py:188} INFO - [2023-12-20T06:24:18.915+0000] {dag.py:3033} INFO - Sync 1 DAGs
[2023-12-20T06:24:18.970+0000] {logging_mixin.py:188} INFO - [2023-12-20T06:24:18.970+0000] {dag.py:3820} INFO - Setting next_dagrun for example_dag_decorator to None, run_after=None
[2023-12-20T06:24:19.143+0000] {processor.py:183} INFO - Processing /home/airflow/.local/lib/python3.8/site-packages/airflow/example_dags/example_dag_decorator.py took 2.480 seconds
[2023-12-20T06:24:49.547+0000] {processor.py:161} INFO - Started process (PID=1864) to work on /home/airflow/.local/lib/python3.8/site-packages/airflow/example_dags/example_dag_decorator.py
[2023-12-20T06:24:49.554+0000] {processor.py:830} INFO - Processing file /home/airflow/.local/lib/python3.8/site-packages/airflow/example_dags/example_dag_decorator.py for tasks to queue
[2023-12-20T06:24:49.556+0000] {logging_mixin.py:188} INFO - [2023-12-20T06:24:49.555+0000] {dagbag.py:538} INFO - Filling up the DagBag from /home/airflow/.local/lib/python3.8/site-packages/airflow/example_dags/example_dag_decorator.py
[2023-12-20T06:24:49.878+0000] {processor.py:840} INFO - DAG(s) 'example_dag_decorator' retrieved from /home/airflow/.local/lib/python3.8/site-packages/airflow/example_dags/example_dag_decorator.py
[2023-12-20T06:24:50.635+0000] {logging_mixin.py:188} INFO - [2023-12-20T06:24:50.634+0000] {dag.py:3033} INFO - Sync 1 DAGs
[2023-12-20T06:24:50.684+0000] {logging_mixin.py:188} INFO - [2023-12-20T06:24:50.683+0000] {dag.py:3820} INFO - Setting next_dagrun for example_dag_decorator to None, run_after=None
[2023-12-20T06:24:50.853+0000] {processor.py:183} INFO - Processing /home/airflow/.local/lib/python3.8/site-packages/airflow/example_dags/example_dag_decorator.py took 1.316 seconds
[2023-12-20T06:25:21.053+0000] {processor.py:161} INFO - Started process (PID=1919) to work on /home/airflow/.local/lib/python3.8/site-packages/airflow/example_dags/example_dag_decorator.py
[2023-12-20T06:25:21.088+0000] {processor.py:830} INFO - Processing file /home/airflow/.local/lib/python3.8/site-packages/airflow/example_dags/example_dag_decorator.py for tasks to queue
[2023-12-20T06:25:21.090+0000] {logging_mixin.py:188} INFO - [2023-12-20T06:25:21.089+0000] {dagbag.py:538} INFO - Filling up the DagBag from /home/airflow/.local/lib/python3.8/site-packages/airflow/example_dags/example_dag_decorator.py
[2023-12-20T06:25:22.246+0000] {processor.py:840} INFO - DAG(s) 'example_dag_decorator' retrieved from /home/airflow/.local/lib/python3.8/site-packages/airflow/example_dags/example_dag_decorator.py
[2023-12-20T06:25:22.606+0000] {logging_mixin.py:188} INFO - [2023-12-20T06:25:22.606+0000] {dag.py:3033} INFO - Sync 1 DAGs
[2023-12-20T06:25:22.645+0000] {logging_mixin.py:188} INFO - [2023-12-20T06:25:22.643+0000] {dag.py:3820} INFO - Setting next_dagrun for example_dag_decorator to None, run_after=None
[2023-12-20T06:25:22.832+0000] {processor.py:183} INFO - Processing /home/airflow/.local/lib/python3.8/site-packages/airflow/example_dags/example_dag_decorator.py took 1.786 seconds
[2023-12-20T06:25:53.056+0000] {processor.py:161} INFO - Started process (PID=1975) to work on /home/airflow/.local/lib/python3.8/site-packages/airflow/example_dags/example_dag_decorator.py
[2023-12-20T06:25:53.086+0000] {processor.py:830} INFO - Processing file /home/airflow/.local/lib/python3.8/site-packages/airflow/example_dags/example_dag_decorator.py for tasks to queue
[2023-12-20T06:25:53.088+0000] {logging_mixin.py:188} INFO - [2023-12-20T06:25:53.088+0000] {dagbag.py:538} INFO - Filling up the DagBag from /home/airflow/.local/lib/python3.8/site-packages/airflow/example_dags/example_dag_decorator.py
[2023-12-20T06:25:53.446+0000] {processor.py:840} INFO - DAG(s) 'example_dag_decorator' retrieved from /home/airflow/.local/lib/python3.8/site-packages/airflow/example_dags/example_dag_decorator.py
[2023-12-20T06:25:54.163+0000] {logging_mixin.py:188} INFO - [2023-12-20T06:25:54.160+0000] {dag.py:3033} INFO - Sync 1 DAGs
[2023-12-20T06:25:54.198+0000] {logging_mixin.py:188} INFO - [2023-12-20T06:25:54.198+0000] {dag.py:3820} INFO - Setting next_dagrun for example_dag_decorator to None, run_after=None
[2023-12-20T06:25:54.325+0000] {processor.py:183} INFO - Processing /home/airflow/.local/lib/python3.8/site-packages/airflow/example_dags/example_dag_decorator.py took 1.284 seconds
[2023-12-20T06:26:24.566+0000] {processor.py:161} INFO - Started process (PID=2032) to work on /home/airflow/.local/lib/python3.8/site-packages/airflow/example_dags/example_dag_decorator.py
[2023-12-20T06:26:24.569+0000] {processor.py:830} INFO - Processing file /home/airflow/.local/lib/python3.8/site-packages/airflow/example_dags/example_dag_decorator.py for tasks to queue
[2023-12-20T06:26:24.572+0000] {logging_mixin.py:188} INFO - [2023-12-20T06:26:24.571+0000] {dagbag.py:538} INFO - Filling up the DagBag from /home/airflow/.local/lib/python3.8/site-packages/airflow/example_dags/example_dag_decorator.py
[2023-12-20T06:26:24.889+0000] {processor.py:840} INFO - DAG(s) 'example_dag_decorator' retrieved from /home/airflow/.local/lib/python3.8/site-packages/airflow/example_dags/example_dag_decorator.py
[2023-12-20T06:26:25.526+0000] {logging_mixin.py:188} INFO - [2023-12-20T06:26:25.525+0000] {dag.py:3033} INFO - Sync 1 DAGs
[2023-12-20T06:26:25.556+0000] {logging_mixin.py:188} INFO - [2023-12-20T06:26:25.555+0000] {dag.py:3820} INFO - Setting next_dagrun for example_dag_decorator to None, run_after=None
[2023-12-20T06:26:25.616+0000] {processor.py:183} INFO - Processing /home/airflow/.local/lib/python3.8/site-packages/airflow/example_dags/example_dag_decorator.py took 1.058 seconds
[2023-12-20T06:27:00.575+0000] {processor.py:161} INFO - Started process (PID=2088) to work on /home/airflow/.local/lib/python3.8/site-packages/airflow/example_dags/example_dag_decorator.py
[2023-12-20T06:27:00.592+0000] {processor.py:830} INFO - Processing file /home/airflow/.local/lib/python3.8/site-packages/airflow/example_dags/example_dag_decorator.py for tasks to queue
[2023-12-20T06:27:00.594+0000] {logging_mixin.py:188} INFO - [2023-12-20T06:27:00.593+0000] {dagbag.py:538} INFO - Filling up the DagBag from /home/airflow/.local/lib/python3.8/site-packages/airflow/example_dags/example_dag_decorator.py
[2023-12-20T06:27:02.501+0000] {processor.py:840} INFO - DAG(s) 'example_dag_decorator' retrieved from /home/airflow/.local/lib/python3.8/site-packages/airflow/example_dags/example_dag_decorator.py
[2023-12-20T06:27:06.354+0000] {logging_mixin.py:188} INFO - [2023-12-20T06:27:06.354+0000] {dag.py:3033} INFO - Sync 1 DAGs
[2023-12-20T06:27:06.654+0000] {logging_mixin.py:188} INFO - [2023-12-20T06:27:06.653+0000] {dag.py:3820} INFO - Setting next_dagrun for example_dag_decorator to None, run_after=None
[2023-12-20T06:27:06.957+0000] {processor.py:183} INFO - Processing /home/airflow/.local/lib/python3.8/site-packages/airflow/example_dags/example_dag_decorator.py took 6.420 seconds
[2023-12-20T06:27:37.367+0000] {processor.py:161} INFO - Started process (PID=2147) to work on /home/airflow/.local/lib/python3.8/site-packages/airflow/example_dags/example_dag_decorator.py
[2023-12-20T06:27:37.369+0000] {processor.py:830} INFO - Processing file /home/airflow/.local/lib/python3.8/site-packages/airflow/example_dags/example_dag_decorator.py for tasks to queue
[2023-12-20T06:27:37.373+0000] {logging_mixin.py:188} INFO - [2023-12-20T06:27:37.372+0000] {dagbag.py:538} INFO - Filling up the DagBag from /home/airflow/.local/lib/python3.8/site-packages/airflow/example_dags/example_dag_decorator.py
[2023-12-20T06:27:37.962+0000] {processor.py:840} INFO - DAG(s) 'example_dag_decorator' retrieved from /home/airflow/.local/lib/python3.8/site-packages/airflow/example_dags/example_dag_decorator.py
[2023-12-20T06:27:38.274+0000] {logging_mixin.py:188} INFO - [2023-12-20T06:27:38.273+0000] {dag.py:3033} INFO - Sync 1 DAGs
[2023-12-20T06:27:38.300+0000] {logging_mixin.py:188} INFO - [2023-12-20T06:27:38.299+0000] {dag.py:3820} INFO - Setting next_dagrun for example_dag_decorator to None, run_after=None
[2023-12-20T06:27:38.392+0000] {processor.py:183} INFO - Processing /home/airflow/.local/lib/python3.8/site-packages/airflow/example_dags/example_dag_decorator.py took 1.035 seconds
[2023-12-20T06:28:10.586+0000] {processor.py:161} INFO - Started process (PID=2206) to work on /home/airflow/.local/lib/python3.8/site-packages/airflow/example_dags/example_dag_decorator.py
[2023-12-20T06:28:10.638+0000] {processor.py:830} INFO - Processing file /home/airflow/.local/lib/python3.8/site-packages/airflow/example_dags/example_dag_decorator.py for tasks to queue
[2023-12-20T06:28:10.640+0000] {logging_mixin.py:188} INFO - [2023-12-20T06:28:10.639+0000] {dagbag.py:538} INFO - Filling up the DagBag from /home/airflow/.local/lib/python3.8/site-packages/airflow/example_dags/example_dag_decorator.py
[2023-12-20T06:28:11.861+0000] {processor.py:840} INFO - DAG(s) 'example_dag_decorator' retrieved from /home/airflow/.local/lib/python3.8/site-packages/airflow/example_dags/example_dag_decorator.py
[2023-12-20T06:28:14.304+0000] {logging_mixin.py:188} INFO - [2023-12-20T06:28:14.304+0000] {dag.py:3033} INFO - Sync 1 DAGs
[2023-12-20T06:28:14.424+0000] {logging_mixin.py:188} INFO - [2023-12-20T06:28:14.424+0000] {dag.py:3820} INFO - Setting next_dagrun for example_dag_decorator to None, run_after=None
[2023-12-20T06:28:14.565+0000] {processor.py:183} INFO - Processing /home/airflow/.local/lib/python3.8/site-packages/airflow/example_dags/example_dag_decorator.py took 4.035 seconds
[2023-12-20T06:28:44.869+0000] {processor.py:161} INFO - Started process (PID=2265) to work on /home/airflow/.local/lib/python3.8/site-packages/airflow/example_dags/example_dag_decorator.py
[2023-12-20T06:28:44.875+0000] {processor.py:830} INFO - Processing file /home/airflow/.local/lib/python3.8/site-packages/airflow/example_dags/example_dag_decorator.py for tasks to queue
[2023-12-20T06:28:44.877+0000] {logging_mixin.py:188} INFO - [2023-12-20T06:28:44.876+0000] {dagbag.py:538} INFO - Filling up the DagBag from /home/airflow/.local/lib/python3.8/site-packages/airflow/example_dags/example_dag_decorator.py
[2023-12-20T06:28:45.450+0000] {processor.py:840} INFO - DAG(s) 'example_dag_decorator' retrieved from /home/airflow/.local/lib/python3.8/site-packages/airflow/example_dags/example_dag_decorator.py
[2023-12-20T06:28:45.789+0000] {logging_mixin.py:188} INFO - [2023-12-20T06:28:45.788+0000] {dag.py:3033} INFO - Sync 1 DAGs
[2023-12-20T06:28:45.815+0000] {logging_mixin.py:188} INFO - [2023-12-20T06:28:45.814+0000] {dag.py:3820} INFO - Setting next_dagrun for example_dag_decorator to None, run_after=None
[2023-12-20T06:28:45.903+0000] {processor.py:183} INFO - Processing /home/airflow/.local/lib/python3.8/site-packages/airflow/example_dags/example_dag_decorator.py took 1.046 seconds
[2023-12-20T06:29:17.154+0000] {processor.py:161} INFO - Started process (PID=2325) to work on /home/airflow/.local/lib/python3.8/site-packages/airflow/example_dags/example_dag_decorator.py
[2023-12-20T06:29:17.169+0000] {processor.py:830} INFO - Processing file /home/airflow/.local/lib/python3.8/site-packages/airflow/example_dags/example_dag_decorator.py for tasks to queue
[2023-12-20T06:29:17.177+0000] {logging_mixin.py:188} INFO - [2023-12-20T06:29:17.177+0000] {dagbag.py:538} INFO - Filling up the DagBag from /home/airflow/.local/lib/python3.8/site-packages/airflow/example_dags/example_dag_decorator.py
[2023-12-20T06:29:17.583+0000] {processor.py:840} INFO - DAG(s) 'example_dag_decorator' retrieved from /home/airflow/.local/lib/python3.8/site-packages/airflow/example_dags/example_dag_decorator.py
[2023-12-20T06:29:18.573+0000] {logging_mixin.py:188} INFO - [2023-12-20T06:29:18.572+0000] {dag.py:3033} INFO - Sync 1 DAGs
[2023-12-20T06:29:18.599+0000] {logging_mixin.py:188} INFO - [2023-12-20T06:29:18.598+0000] {dag.py:3820} INFO - Setting next_dagrun for example_dag_decorator to None, run_after=None
[2023-12-20T06:29:18.650+0000] {processor.py:183} INFO - Processing /home/airflow/.local/lib/python3.8/site-packages/airflow/example_dags/example_dag_decorator.py took 1.516 seconds
[2023-12-20T06:29:48.835+0000] {processor.py:161} INFO - Started process (PID=2390) to work on /home/airflow/.local/lib/python3.8/site-packages/airflow/example_dags/example_dag_decorator.py
[2023-12-20T06:29:48.836+0000] {processor.py:830} INFO - Processing file /home/airflow/.local/lib/python3.8/site-packages/airflow/example_dags/example_dag_decorator.py for tasks to queue
[2023-12-20T06:29:48.839+0000] {logging_mixin.py:188} INFO - [2023-12-20T06:29:48.838+0000] {dagbag.py:538} INFO - Filling up the DagBag from /home/airflow/.local/lib/python3.8/site-packages/airflow/example_dags/example_dag_decorator.py
[2023-12-20T06:29:49.384+0000] {processor.py:840} INFO - DAG(s) 'example_dag_decorator' retrieved from /home/airflow/.local/lib/python3.8/site-packages/airflow/example_dags/example_dag_decorator.py
[2023-12-20T06:29:49.702+0000] {logging_mixin.py:188} INFO - [2023-12-20T06:29:49.702+0000] {dag.py:3033} INFO - Sync 1 DAGs
[2023-12-20T06:29:49.728+0000] {logging_mixin.py:188} INFO - [2023-12-20T06:29:49.728+0000] {dag.py:3820} INFO - Setting next_dagrun for example_dag_decorator to None, run_after=None
[2023-12-20T06:29:49.775+0000] {processor.py:183} INFO - Processing /home/airflow/.local/lib/python3.8/site-packages/airflow/example_dags/example_dag_decorator.py took 0.948 seconds
[2023-12-20T06:30:23.684+0000] {processor.py:161} INFO - Started process (PID=2450) to work on /home/airflow/.local/lib/python3.8/site-packages/airflow/example_dags/example_dag_decorator.py
[2023-12-20T06:30:23.705+0000] {processor.py:830} INFO - Processing file /home/airflow/.local/lib/python3.8/site-packages/airflow/example_dags/example_dag_decorator.py for tasks to queue
[2023-12-20T06:30:23.749+0000] {logging_mixin.py:188} INFO - [2023-12-20T06:30:23.707+0000] {dagbag.py:538} INFO - Filling up the DagBag from /home/airflow/.local/lib/python3.8/site-packages/airflow/example_dags/example_dag_decorator.py
[2023-12-20T06:30:25.710+0000] {processor.py:840} INFO - DAG(s) 'example_dag_decorator' retrieved from /home/airflow/.local/lib/python3.8/site-packages/airflow/example_dags/example_dag_decorator.py
[2023-12-20T06:30:26.458+0000] {logging_mixin.py:188} INFO - [2023-12-20T06:30:26.456+0000] {dag.py:3033} INFO - Sync 1 DAGs
[2023-12-20T06:30:26.556+0000] {logging_mixin.py:188} INFO - [2023-12-20T06:30:26.556+0000] {dag.py:3820} INFO - Setting next_dagrun for example_dag_decorator to None, run_after=None
[2023-12-20T06:30:26.664+0000] {processor.py:183} INFO - Processing /home/airflow/.local/lib/python3.8/site-packages/airflow/example_dags/example_dag_decorator.py took 3.052 seconds
[2023-12-20T06:30:58.772+0000] {processor.py:161} INFO - Started process (PID=2511) to work on /home/airflow/.local/lib/python3.8/site-packages/airflow/example_dags/example_dag_decorator.py
[2023-12-20T06:30:58.780+0000] {processor.py:830} INFO - Processing file /home/airflow/.local/lib/python3.8/site-packages/airflow/example_dags/example_dag_decorator.py for tasks to queue
[2023-12-20T06:30:58.783+0000] {logging_mixin.py:188} INFO - [2023-12-20T06:30:58.782+0000] {dagbag.py:538} INFO - Filling up the DagBag from /home/airflow/.local/lib/python3.8/site-packages/airflow/example_dags/example_dag_decorator.py
[2023-12-20T06:31:01.359+0000] {processor.py:840} INFO - DAG(s) 'example_dag_decorator' retrieved from /home/airflow/.local/lib/python3.8/site-packages/airflow/example_dags/example_dag_decorator.py
[2023-12-20T06:31:03.525+0000] {logging_mixin.py:188} INFO - [2023-12-20T06:31:03.524+0000] {dag.py:3033} INFO - Sync 1 DAGs
[2023-12-20T06:31:03.731+0000] {logging_mixin.py:188} INFO - [2023-12-20T06:31:03.730+0000] {dag.py:3820} INFO - Setting next_dagrun for example_dag_decorator to None, run_after=None
[2023-12-20T06:31:04.021+0000] {processor.py:183} INFO - Processing /home/airflow/.local/lib/python3.8/site-packages/airflow/example_dags/example_dag_decorator.py took 5.264 seconds
[2023-12-20T06:31:35.717+0000] {processor.py:161} INFO - Started process (PID=2569) to work on /home/airflow/.local/lib/python3.8/site-packages/airflow/example_dags/example_dag_decorator.py
[2023-12-20T06:31:35.729+0000] {processor.py:830} INFO - Processing file /home/airflow/.local/lib/python3.8/site-packages/airflow/example_dags/example_dag_decorator.py for tasks to queue
[2023-12-20T06:31:35.740+0000] {logging_mixin.py:188} INFO - [2023-12-20T06:31:35.733+0000] {dagbag.py:538} INFO - Filling up the DagBag from /home/airflow/.local/lib/python3.8/site-packages/airflow/example_dags/example_dag_decorator.py
[2023-12-20T06:31:36.683+0000] {processor.py:840} INFO - DAG(s) 'example_dag_decorator' retrieved from /home/airflow/.local/lib/python3.8/site-packages/airflow/example_dags/example_dag_decorator.py
[2023-12-20T06:31:37.370+0000] {logging_mixin.py:188} INFO - [2023-12-20T06:31:37.370+0000] {dag.py:3033} INFO - Sync 1 DAGs
[2023-12-20T06:31:37.431+0000] {logging_mixin.py:188} INFO - [2023-12-20T06:31:37.430+0000] {dag.py:3820} INFO - Setting next_dagrun for example_dag_decorator to None, run_after=None
[2023-12-20T06:31:37.527+0000] {processor.py:183} INFO - Processing /home/airflow/.local/lib/python3.8/site-packages/airflow/example_dags/example_dag_decorator.py took 1.851 seconds
[2023-12-20T06:32:07.748+0000] {processor.py:161} INFO - Started process (PID=2629) to work on /home/airflow/.local/lib/python3.8/site-packages/airflow/example_dags/example_dag_decorator.py
[2023-12-20T06:32:07.792+0000] {processor.py:830} INFO - Processing file /home/airflow/.local/lib/python3.8/site-packages/airflow/example_dags/example_dag_decorator.py for tasks to queue
[2023-12-20T06:32:07.794+0000] {logging_mixin.py:188} INFO - [2023-12-20T06:32:07.793+0000] {dagbag.py:538} INFO - Filling up the DagBag from /home/airflow/.local/lib/python3.8/site-packages/airflow/example_dags/example_dag_decorator.py
[2023-12-20T06:32:08.024+0000] {processor.py:840} INFO - DAG(s) 'example_dag_decorator' retrieved from /home/airflow/.local/lib/python3.8/site-packages/airflow/example_dags/example_dag_decorator.py
[2023-12-20T06:32:08.307+0000] {logging_mixin.py:188} INFO - [2023-12-20T06:32:08.307+0000] {dag.py:3033} INFO - Sync 1 DAGs
[2023-12-20T06:32:08.334+0000] {logging_mixin.py:188} INFO - [2023-12-20T06:32:08.334+0000] {dag.py:3820} INFO - Setting next_dagrun for example_dag_decorator to None, run_after=None
[2023-12-20T06:32:08.401+0000] {processor.py:183} INFO - Processing /home/airflow/.local/lib/python3.8/site-packages/airflow/example_dags/example_dag_decorator.py took 0.660 seconds
[2023-12-20T06:32:38.489+0000] {processor.py:161} INFO - Started process (PID=2687) to work on /home/airflow/.local/lib/python3.8/site-packages/airflow/example_dags/example_dag_decorator.py
[2023-12-20T06:32:38.553+0000] {processor.py:830} INFO - Processing file /home/airflow/.local/lib/python3.8/site-packages/airflow/example_dags/example_dag_decorator.py for tasks to queue
[2023-12-20T06:32:38.556+0000] {logging_mixin.py:188} INFO - [2023-12-20T06:32:38.556+0000] {dagbag.py:538} INFO - Filling up the DagBag from /home/airflow/.local/lib/python3.8/site-packages/airflow/example_dags/example_dag_decorator.py
[2023-12-20T06:32:39.160+0000] {processor.py:840} INFO - DAG(s) 'example_dag_decorator' retrieved from /home/airflow/.local/lib/python3.8/site-packages/airflow/example_dags/example_dag_decorator.py
[2023-12-20T06:32:39.670+0000] {logging_mixin.py:188} INFO - [2023-12-20T06:32:39.656+0000] {dag.py:3033} INFO - Sync 1 DAGs
[2023-12-20T06:32:39.747+0000] {logging_mixin.py:188} INFO - [2023-12-20T06:32:39.746+0000] {dag.py:3820} INFO - Setting next_dagrun for example_dag_decorator to None, run_after=None
[2023-12-20T06:32:39.848+0000] {processor.py:183} INFO - Processing /home/airflow/.local/lib/python3.8/site-packages/airflow/example_dags/example_dag_decorator.py took 1.373 seconds
[2023-12-20T06:33:10.001+0000] {processor.py:161} INFO - Started process (PID=2748) to work on /home/airflow/.local/lib/python3.8/site-packages/airflow/example_dags/example_dag_decorator.py
[2023-12-20T06:33:10.004+0000] {processor.py:830} INFO - Processing file /home/airflow/.local/lib/python3.8/site-packages/airflow/example_dags/example_dag_decorator.py for tasks to queue
[2023-12-20T06:33:10.006+0000] {logging_mixin.py:188} INFO - [2023-12-20T06:33:10.005+0000] {dagbag.py:538} INFO - Filling up the DagBag from /home/airflow/.local/lib/python3.8/site-packages/airflow/example_dags/example_dag_decorator.py
[2023-12-20T06:33:10.638+0000] {processor.py:840} INFO - DAG(s) 'example_dag_decorator' retrieved from /home/airflow/.local/lib/python3.8/site-packages/airflow/example_dags/example_dag_decorator.py
[2023-12-20T06:33:10.750+0000] {logging_mixin.py:188} INFO - [2023-12-20T06:33:10.750+0000] {dag.py:3033} INFO - Sync 1 DAGs
[2023-12-20T06:33:10.800+0000] {logging_mixin.py:188} INFO - [2023-12-20T06:33:10.800+0000] {dag.py:3820} INFO - Setting next_dagrun for example_dag_decorator to None, run_after=None
[2023-12-20T06:33:10.863+0000] {processor.py:183} INFO - Processing /home/airflow/.local/lib/python3.8/site-packages/airflow/example_dags/example_dag_decorator.py took 0.884 seconds
