[2023-12-20T05:41:23.667+0000] {processor.py:161} INFO - Started process (PID=76) to work on /home/airflow/.local/lib/python3.8/site-packages/airflow/example_dags/example_latest_only.py
[2023-12-20T05:41:23.668+0000] {processor.py:830} INFO - Processing file /home/airflow/.local/lib/python3.8/site-packages/airflow/example_dags/example_latest_only.py for tasks to queue
[2023-12-20T05:41:23.689+0000] {logging_mixin.py:188} INFO - [2023-12-20T05:41:23.688+0000] {dagbag.py:538} INFO - Filling up the DagBag from /home/airflow/.local/lib/python3.8/site-packages/airflow/example_dags/example_latest_only.py
[2023-12-20T05:41:23.744+0000] {processor.py:840} INFO - DAG(s) 'latest_only' retrieved from /home/airflow/.local/lib/python3.8/site-packages/airflow/example_dags/example_latest_only.py
[2023-12-20T05:41:25.644+0000] {logging_mixin.py:188} INFO - [2023-12-20T05:41:25.644+0000] {dag.py:3033} INFO - Sync 1 DAGs
[2023-12-20T05:41:25.933+0000] {logging_mixin.py:188} INFO - [2023-12-20T05:41:25.933+0000] {dag.py:3820} INFO - Setting next_dagrun for latest_only to 2023-12-20T00:00:00+00:00, run_after=2023-12-20T04:00:00+00:00
[2023-12-20T05:41:26.433+0000] {processor.py:183} INFO - Processing /home/airflow/.local/lib/python3.8/site-packages/airflow/example_dags/example_latest_only.py took 2.785 seconds
[2023-12-20T05:42:30.764+0000] {processor.py:161} INFO - Started process (PID=137) to work on /home/airflow/.local/lib/python3.8/site-packages/airflow/example_dags/example_latest_only.py
[2023-12-20T05:42:30.773+0000] {processor.py:830} INFO - Processing file /home/airflow/.local/lib/python3.8/site-packages/airflow/example_dags/example_latest_only.py for tasks to queue
[2023-12-20T05:42:30.778+0000] {logging_mixin.py:188} INFO - [2023-12-20T05:42:30.777+0000] {dagbag.py:538} INFO - Filling up the DagBag from /home/airflow/.local/lib/python3.8/site-packages/airflow/example_dags/example_latest_only.py
[2023-12-20T05:42:30.803+0000] {processor.py:840} INFO - DAG(s) 'latest_only' retrieved from /home/airflow/.local/lib/python3.8/site-packages/airflow/example_dags/example_latest_only.py
[2023-12-20T05:42:30.955+0000] {logging_mixin.py:188} INFO - [2023-12-20T05:42:30.951+0000] {dag.py:3033} INFO - Sync 1 DAGs
[2023-12-20T05:42:31.295+0000] {logging_mixin.py:188} INFO - [2023-12-20T05:42:31.294+0000] {dag.py:3820} INFO - Setting next_dagrun for latest_only to 2023-12-20T00:00:00+00:00, run_after=2023-12-20T04:00:00+00:00
[2023-12-20T05:42:31.728+0000] {processor.py:183} INFO - Processing /home/airflow/.local/lib/python3.8/site-packages/airflow/example_dags/example_latest_only.py took 0.975 seconds
[2023-12-20T06:06:56.976+0000] {processor.py:161} INFO - Started process (PID=62) to work on /home/airflow/.local/lib/python3.8/site-packages/airflow/example_dags/example_latest_only.py
[2023-12-20T06:06:56.979+0000] {processor.py:830} INFO - Processing file /home/airflow/.local/lib/python3.8/site-packages/airflow/example_dags/example_latest_only.py for tasks to queue
[2023-12-20T06:06:56.987+0000] {logging_mixin.py:188} INFO - [2023-12-20T06:06:56.986+0000] {dagbag.py:538} INFO - Filling up the DagBag from /home/airflow/.local/lib/python3.8/site-packages/airflow/example_dags/example_latest_only.py
[2023-12-20T06:06:57.064+0000] {processor.py:840} INFO - DAG(s) 'latest_only' retrieved from /home/airflow/.local/lib/python3.8/site-packages/airflow/example_dags/example_latest_only.py
[2023-12-20T06:06:57.201+0000] {logging_mixin.py:188} INFO - [2023-12-20T06:06:57.198+0000] {dag.py:3033} INFO - Sync 1 DAGs
[2023-12-20T06:06:57.462+0000] {logging_mixin.py:188} INFO - [2023-12-20T06:06:57.461+0000] {dag.py:3820} INFO - Setting next_dagrun for latest_only to 2023-12-20T00:00:00+00:00, run_after=2023-12-20T04:00:00+00:00
[2023-12-20T06:06:57.793+0000] {processor.py:183} INFO - Processing /home/airflow/.local/lib/python3.8/site-packages/airflow/example_dags/example_latest_only.py took 0.824 seconds
[2023-12-20T06:07:29.851+0000] {processor.py:161} INFO - Started process (PID=117) to work on /home/airflow/.local/lib/python3.8/site-packages/airflow/example_dags/example_latest_only.py
[2023-12-20T06:07:29.884+0000] {processor.py:830} INFO - Processing file /home/airflow/.local/lib/python3.8/site-packages/airflow/example_dags/example_latest_only.py for tasks to queue
[2023-12-20T06:07:29.916+0000] {logging_mixin.py:188} INFO - [2023-12-20T06:07:29.915+0000] {dagbag.py:538} INFO - Filling up the DagBag from /home/airflow/.local/lib/python3.8/site-packages/airflow/example_dags/example_latest_only.py
[2023-12-20T06:07:30.069+0000] {processor.py:840} INFO - DAG(s) 'latest_only' retrieved from /home/airflow/.local/lib/python3.8/site-packages/airflow/example_dags/example_latest_only.py
[2023-12-20T06:07:30.404+0000] {logging_mixin.py:188} INFO - [2023-12-20T06:07:30.404+0000] {dag.py:3033} INFO - Sync 1 DAGs
[2023-12-20T06:07:30.599+0000] {logging_mixin.py:188} INFO - [2023-12-20T06:07:30.597+0000] {dag.py:3820} INFO - Setting next_dagrun for latest_only to 2023-12-20T00:00:00+00:00, run_after=2023-12-20T04:00:00+00:00
[2023-12-20T06:07:30.800+0000] {processor.py:183} INFO - Processing /home/airflow/.local/lib/python3.8/site-packages/airflow/example_dags/example_latest_only.py took 0.978 seconds
[2023-12-20T06:08:01.752+0000] {processor.py:161} INFO - Started process (PID=172) to work on /home/airflow/.local/lib/python3.8/site-packages/airflow/example_dags/example_latest_only.py
[2023-12-20T06:08:01.788+0000] {processor.py:830} INFO - Processing file /home/airflow/.local/lib/python3.8/site-packages/airflow/example_dags/example_latest_only.py for tasks to queue
[2023-12-20T06:08:01.792+0000] {logging_mixin.py:188} INFO - [2023-12-20T06:08:01.791+0000] {dagbag.py:538} INFO - Filling up the DagBag from /home/airflow/.local/lib/python3.8/site-packages/airflow/example_dags/example_latest_only.py
[2023-12-20T06:08:01.834+0000] {processor.py:840} INFO - DAG(s) 'latest_only' retrieved from /home/airflow/.local/lib/python3.8/site-packages/airflow/example_dags/example_latest_only.py
[2023-12-20T06:08:01.979+0000] {logging_mixin.py:188} INFO - [2023-12-20T06:08:01.977+0000] {dag.py:3033} INFO - Sync 1 DAGs
[2023-12-20T06:08:02.244+0000] {logging_mixin.py:188} INFO - [2023-12-20T06:08:02.244+0000] {dag.py:3820} INFO - Setting next_dagrun for latest_only to 2023-12-20T00:00:00+00:00, run_after=2023-12-20T04:00:00+00:00
[2023-12-20T06:08:02.446+0000] {processor.py:183} INFO - Processing /home/airflow/.local/lib/python3.8/site-packages/airflow/example_dags/example_latest_only.py took 0.719 seconds
[2023-12-20T06:08:37.089+0000] {processor.py:161} INFO - Started process (PID=227) to work on /home/airflow/.local/lib/python3.8/site-packages/airflow/example_dags/example_latest_only.py
[2023-12-20T06:08:37.095+0000] {processor.py:830} INFO - Processing file /home/airflow/.local/lib/python3.8/site-packages/airflow/example_dags/example_latest_only.py for tasks to queue
[2023-12-20T06:08:37.109+0000] {logging_mixin.py:188} INFO - [2023-12-20T06:08:37.109+0000] {dagbag.py:538} INFO - Filling up the DagBag from /home/airflow/.local/lib/python3.8/site-packages/airflow/example_dags/example_latest_only.py
[2023-12-20T06:08:37.146+0000] {processor.py:840} INFO - DAG(s) 'latest_only' retrieved from /home/airflow/.local/lib/python3.8/site-packages/airflow/example_dags/example_latest_only.py
[2023-12-20T06:08:37.355+0000] {logging_mixin.py:188} INFO - [2023-12-20T06:08:37.344+0000] {dag.py:3033} INFO - Sync 1 DAGs
[2023-12-20T06:08:37.704+0000] {logging_mixin.py:188} INFO - [2023-12-20T06:08:37.703+0000] {dag.py:3820} INFO - Setting next_dagrun for latest_only to 2023-12-20T00:00:00+00:00, run_after=2023-12-20T04:00:00+00:00
[2023-12-20T06:08:37.981+0000] {processor.py:183} INFO - Processing /home/airflow/.local/lib/python3.8/site-packages/airflow/example_dags/example_latest_only.py took 0.919 seconds
[2023-12-20T06:09:14.622+0000] {processor.py:161} INFO - Started process (PID=280) to work on /home/airflow/.local/lib/python3.8/site-packages/airflow/example_dags/example_latest_only.py
[2023-12-20T06:09:14.628+0000] {processor.py:830} INFO - Processing file /home/airflow/.local/lib/python3.8/site-packages/airflow/example_dags/example_latest_only.py for tasks to queue
[2023-12-20T06:09:14.645+0000] {logging_mixin.py:188} INFO - [2023-12-20T06:09:14.644+0000] {dagbag.py:538} INFO - Filling up the DagBag from /home/airflow/.local/lib/python3.8/site-packages/airflow/example_dags/example_latest_only.py
[2023-12-20T06:09:14.691+0000] {processor.py:840} INFO - DAG(s) 'latest_only' retrieved from /home/airflow/.local/lib/python3.8/site-packages/airflow/example_dags/example_latest_only.py
[2023-12-20T06:09:14.805+0000] {logging_mixin.py:188} INFO - [2023-12-20T06:09:14.804+0000] {dag.py:3033} INFO - Sync 1 DAGs
[2023-12-20T06:09:14.871+0000] {logging_mixin.py:188} INFO - [2023-12-20T06:09:14.870+0000] {dag.py:3820} INFO - Setting next_dagrun for latest_only to 2023-12-20T00:00:00+00:00, run_after=2023-12-20T04:00:00+00:00
[2023-12-20T06:09:14.989+0000] {processor.py:183} INFO - Processing /home/airflow/.local/lib/python3.8/site-packages/airflow/example_dags/example_latest_only.py took 0.388 seconds
[2023-12-20T06:09:46.105+0000] {processor.py:161} INFO - Started process (PID=335) to work on /home/airflow/.local/lib/python3.8/site-packages/airflow/example_dags/example_latest_only.py
[2023-12-20T06:09:46.110+0000] {processor.py:830} INFO - Processing file /home/airflow/.local/lib/python3.8/site-packages/airflow/example_dags/example_latest_only.py for tasks to queue
[2023-12-20T06:09:46.116+0000] {logging_mixin.py:188} INFO - [2023-12-20T06:09:46.115+0000] {dagbag.py:538} INFO - Filling up the DagBag from /home/airflow/.local/lib/python3.8/site-packages/airflow/example_dags/example_latest_only.py
[2023-12-20T06:09:46.135+0000] {processor.py:840} INFO - DAG(s) 'latest_only' retrieved from /home/airflow/.local/lib/python3.8/site-packages/airflow/example_dags/example_latest_only.py
[2023-12-20T06:09:46.253+0000] {logging_mixin.py:188} INFO - [2023-12-20T06:09:46.253+0000] {dag.py:3033} INFO - Sync 1 DAGs
[2023-12-20T06:09:46.382+0000] {logging_mixin.py:188} INFO - [2023-12-20T06:09:46.381+0000] {dag.py:3820} INFO - Setting next_dagrun for latest_only to 2023-12-20T00:00:00+00:00, run_after=2023-12-20T04:00:00+00:00
[2023-12-20T06:09:46.520+0000] {processor.py:183} INFO - Processing /home/airflow/.local/lib/python3.8/site-packages/airflow/example_dags/example_latest_only.py took 0.421 seconds
[2023-12-20T06:10:17.248+0000] {processor.py:161} INFO - Started process (PID=389) to work on /home/airflow/.local/lib/python3.8/site-packages/airflow/example_dags/example_latest_only.py
[2023-12-20T06:10:17.250+0000] {processor.py:830} INFO - Processing file /home/airflow/.local/lib/python3.8/site-packages/airflow/example_dags/example_latest_only.py for tasks to queue
[2023-12-20T06:10:17.254+0000] {logging_mixin.py:188} INFO - [2023-12-20T06:10:17.253+0000] {dagbag.py:538} INFO - Filling up the DagBag from /home/airflow/.local/lib/python3.8/site-packages/airflow/example_dags/example_latest_only.py
[2023-12-20T06:10:17.267+0000] {processor.py:840} INFO - DAG(s) 'latest_only' retrieved from /home/airflow/.local/lib/python3.8/site-packages/airflow/example_dags/example_latest_only.py
[2023-12-20T06:10:17.382+0000] {logging_mixin.py:188} INFO - [2023-12-20T06:10:17.382+0000] {dag.py:3033} INFO - Sync 1 DAGs
[2023-12-20T06:10:17.516+0000] {logging_mixin.py:188} INFO - [2023-12-20T06:10:17.515+0000] {dag.py:3820} INFO - Setting next_dagrun for latest_only to 2023-12-20T00:00:00+00:00, run_after=2023-12-20T04:00:00+00:00
[2023-12-20T06:10:17.665+0000] {processor.py:183} INFO - Processing /home/airflow/.local/lib/python3.8/site-packages/airflow/example_dags/example_latest_only.py took 0.424 seconds
[2023-12-20T06:10:49.474+0000] {processor.py:161} INFO - Started process (PID=444) to work on /home/airflow/.local/lib/python3.8/site-packages/airflow/example_dags/example_latest_only.py
[2023-12-20T06:10:49.480+0000] {processor.py:830} INFO - Processing file /home/airflow/.local/lib/python3.8/site-packages/airflow/example_dags/example_latest_only.py for tasks to queue
[2023-12-20T06:10:49.484+0000] {logging_mixin.py:188} INFO - [2023-12-20T06:10:49.483+0000] {dagbag.py:538} INFO - Filling up the DagBag from /home/airflow/.local/lib/python3.8/site-packages/airflow/example_dags/example_latest_only.py
[2023-12-20T06:10:49.496+0000] {processor.py:840} INFO - DAG(s) 'latest_only' retrieved from /home/airflow/.local/lib/python3.8/site-packages/airflow/example_dags/example_latest_only.py
[2023-12-20T06:10:49.558+0000] {logging_mixin.py:188} INFO - [2023-12-20T06:10:49.557+0000] {dag.py:3033} INFO - Sync 1 DAGs
[2023-12-20T06:10:49.643+0000] {logging_mixin.py:188} INFO - [2023-12-20T06:10:49.642+0000] {dag.py:3820} INFO - Setting next_dagrun for latest_only to 2023-12-20T00:00:00+00:00, run_after=2023-12-20T04:00:00+00:00
[2023-12-20T06:10:49.732+0000] {processor.py:183} INFO - Processing /home/airflow/.local/lib/python3.8/site-packages/airflow/example_dags/example_latest_only.py took 0.265 seconds
[2023-12-20T06:11:21.972+0000] {processor.py:161} INFO - Started process (PID=499) to work on /home/airflow/.local/lib/python3.8/site-packages/airflow/example_dags/example_latest_only.py
[2023-12-20T06:11:22.013+0000] {processor.py:830} INFO - Processing file /home/airflow/.local/lib/python3.8/site-packages/airflow/example_dags/example_latest_only.py for tasks to queue
[2023-12-20T06:11:22.026+0000] {logging_mixin.py:188} INFO - [2023-12-20T06:11:22.026+0000] {dagbag.py:538} INFO - Filling up the DagBag from /home/airflow/.local/lib/python3.8/site-packages/airflow/example_dags/example_latest_only.py
[2023-12-20T06:11:22.052+0000] {processor.py:840} INFO - DAG(s) 'latest_only' retrieved from /home/airflow/.local/lib/python3.8/site-packages/airflow/example_dags/example_latest_only.py
[2023-12-20T06:11:22.145+0000] {logging_mixin.py:188} INFO - [2023-12-20T06:11:22.145+0000] {dag.py:3033} INFO - Sync 1 DAGs
[2023-12-20T06:11:22.273+0000] {logging_mixin.py:188} INFO - [2023-12-20T06:11:22.273+0000] {dag.py:3820} INFO - Setting next_dagrun for latest_only to 2023-12-20T00:00:00+00:00, run_after=2023-12-20T04:00:00+00:00
[2023-12-20T06:11:22.397+0000] {processor.py:183} INFO - Processing /home/airflow/.local/lib/python3.8/site-packages/airflow/example_dags/example_latest_only.py took 0.431 seconds
[2023-12-20T06:11:52.939+0000] {processor.py:161} INFO - Started process (PID=554) to work on /home/airflow/.local/lib/python3.8/site-packages/airflow/example_dags/example_latest_only.py
[2023-12-20T06:11:52.940+0000] {processor.py:830} INFO - Processing file /home/airflow/.local/lib/python3.8/site-packages/airflow/example_dags/example_latest_only.py for tasks to queue
[2023-12-20T06:11:52.944+0000] {logging_mixin.py:188} INFO - [2023-12-20T06:11:52.943+0000] {dagbag.py:538} INFO - Filling up the DagBag from /home/airflow/.local/lib/python3.8/site-packages/airflow/example_dags/example_latest_only.py
[2023-12-20T06:11:52.961+0000] {processor.py:840} INFO - DAG(s) 'latest_only' retrieved from /home/airflow/.local/lib/python3.8/site-packages/airflow/example_dags/example_latest_only.py
[2023-12-20T06:11:53.015+0000] {logging_mixin.py:188} INFO - [2023-12-20T06:11:53.015+0000] {dag.py:3033} INFO - Sync 1 DAGs
[2023-12-20T06:11:53.110+0000] {logging_mixin.py:188} INFO - [2023-12-20T06:11:53.110+0000] {dag.py:3820} INFO - Setting next_dagrun for latest_only to 2023-12-20T00:00:00+00:00, run_after=2023-12-20T04:00:00+00:00
[2023-12-20T06:11:53.181+0000] {processor.py:183} INFO - Processing /home/airflow/.local/lib/python3.8/site-packages/airflow/example_dags/example_latest_only.py took 0.261 seconds
[2023-12-20T06:12:27.625+0000] {processor.py:161} INFO - Started process (PID=609) to work on /home/airflow/.local/lib/python3.8/site-packages/airflow/example_dags/example_latest_only.py
[2023-12-20T06:12:27.657+0000] {processor.py:830} INFO - Processing file /home/airflow/.local/lib/python3.8/site-packages/airflow/example_dags/example_latest_only.py for tasks to queue
[2023-12-20T06:12:27.678+0000] {logging_mixin.py:188} INFO - [2023-12-20T06:12:27.677+0000] {dagbag.py:538} INFO - Filling up the DagBag from /home/airflow/.local/lib/python3.8/site-packages/airflow/example_dags/example_latest_only.py
[2023-12-20T06:12:27.732+0000] {processor.py:840} INFO - DAG(s) 'latest_only' retrieved from /home/airflow/.local/lib/python3.8/site-packages/airflow/example_dags/example_latest_only.py
[2023-12-20T06:12:28.046+0000] {logging_mixin.py:188} INFO - [2023-12-20T06:12:28.046+0000] {dag.py:3033} INFO - Sync 1 DAGs
[2023-12-20T06:12:28.468+0000] {logging_mixin.py:188} INFO - [2023-12-20T06:12:28.456+0000] {dag.py:3820} INFO - Setting next_dagrun for latest_only to 2023-12-20T00:00:00+00:00, run_after=2023-12-20T04:00:00+00:00
[2023-12-20T06:12:28.754+0000] {processor.py:183} INFO - Processing /home/airflow/.local/lib/python3.8/site-packages/airflow/example_dags/example_latest_only.py took 1.171 seconds
[2023-12-20T06:13:08.154+0000] {processor.py:161} INFO - Started process (PID=669) to work on /home/airflow/.local/lib/python3.8/site-packages/airflow/example_dags/example_latest_only.py
[2023-12-20T06:13:08.158+0000] {processor.py:830} INFO - Processing file /home/airflow/.local/lib/python3.8/site-packages/airflow/example_dags/example_latest_only.py for tasks to queue
[2023-12-20T06:13:08.173+0000] {logging_mixin.py:188} INFO - [2023-12-20T06:13:08.171+0000] {dagbag.py:538} INFO - Filling up the DagBag from /home/airflow/.local/lib/python3.8/site-packages/airflow/example_dags/example_latest_only.py
[2023-12-20T06:13:08.224+0000] {processor.py:840} INFO - DAG(s) 'latest_only' retrieved from /home/airflow/.local/lib/python3.8/site-packages/airflow/example_dags/example_latest_only.py
[2023-12-20T06:13:08.398+0000] {logging_mixin.py:188} INFO - [2023-12-20T06:13:08.398+0000] {dag.py:3033} INFO - Sync 1 DAGs
[2023-12-20T06:13:08.648+0000] {logging_mixin.py:188} INFO - [2023-12-20T06:13:08.647+0000] {dag.py:3820} INFO - Setting next_dagrun for latest_only to 2023-12-20T00:00:00+00:00, run_after=2023-12-20T04:00:00+00:00
[2023-12-20T06:13:08.930+0000] {processor.py:183} INFO - Processing /home/airflow/.local/lib/python3.8/site-packages/airflow/example_dags/example_latest_only.py took 0.801 seconds
[2023-12-20T06:13:49.497+0000] {processor.py:161} INFO - Started process (PID=722) to work on /home/airflow/.local/lib/python3.8/site-packages/airflow/example_dags/example_latest_only.py
[2023-12-20T06:13:49.514+0000] {processor.py:830} INFO - Processing file /home/airflow/.local/lib/python3.8/site-packages/airflow/example_dags/example_latest_only.py for tasks to queue
[2023-12-20T06:13:49.531+0000] {logging_mixin.py:188} INFO - [2023-12-20T06:13:49.530+0000] {dagbag.py:538} INFO - Filling up the DagBag from /home/airflow/.local/lib/python3.8/site-packages/airflow/example_dags/example_latest_only.py
[2023-12-20T06:13:49.598+0000] {processor.py:840} INFO - DAG(s) 'latest_only' retrieved from /home/airflow/.local/lib/python3.8/site-packages/airflow/example_dags/example_latest_only.py
[2023-12-20T06:13:49.773+0000] {logging_mixin.py:188} INFO - [2023-12-20T06:13:49.766+0000] {dag.py:3033} INFO - Sync 1 DAGs
[2023-12-20T06:13:50.026+0000] {logging_mixin.py:188} INFO - [2023-12-20T06:13:50.026+0000] {dag.py:3820} INFO - Setting next_dagrun for latest_only to 2023-12-20T00:00:00+00:00, run_after=2023-12-20T04:00:00+00:00
[2023-12-20T06:13:50.221+0000] {processor.py:183} INFO - Processing /home/airflow/.local/lib/python3.8/site-packages/airflow/example_dags/example_latest_only.py took 0.779 seconds
[2023-12-20T06:14:24.977+0000] {processor.py:161} INFO - Started process (PID=771) to work on /home/airflow/.local/lib/python3.8/site-packages/airflow/example_dags/example_latest_only.py
[2023-12-20T06:14:24.982+0000] {processor.py:830} INFO - Processing file /home/airflow/.local/lib/python3.8/site-packages/airflow/example_dags/example_latest_only.py for tasks to queue
[2023-12-20T06:14:25.009+0000] {logging_mixin.py:188} INFO - [2023-12-20T06:14:25.008+0000] {dagbag.py:538} INFO - Filling up the DagBag from /home/airflow/.local/lib/python3.8/site-packages/airflow/example_dags/example_latest_only.py
[2023-12-20T06:14:25.058+0000] {processor.py:840} INFO - DAG(s) 'latest_only' retrieved from /home/airflow/.local/lib/python3.8/site-packages/airflow/example_dags/example_latest_only.py
[2023-12-20T06:14:25.188+0000] {logging_mixin.py:188} INFO - [2023-12-20T06:14:25.188+0000] {dag.py:3033} INFO - Sync 1 DAGs
[2023-12-20T06:14:25.281+0000] {logging_mixin.py:188} INFO - [2023-12-20T06:14:25.281+0000] {dag.py:3820} INFO - Setting next_dagrun for latest_only to 2023-12-20T00:00:00+00:00, run_after=2023-12-20T04:00:00+00:00
[2023-12-20T06:14:25.482+0000] {processor.py:183} INFO - Processing /home/airflow/.local/lib/python3.8/site-packages/airflow/example_dags/example_latest_only.py took 0.543 seconds
[2023-12-20T06:14:57.083+0000] {processor.py:161} INFO - Started process (PID=826) to work on /home/airflow/.local/lib/python3.8/site-packages/airflow/example_dags/example_latest_only.py
[2023-12-20T06:14:57.107+0000] {processor.py:830} INFO - Processing file /home/airflow/.local/lib/python3.8/site-packages/airflow/example_dags/example_latest_only.py for tasks to queue
[2023-12-20T06:14:57.175+0000] {logging_mixin.py:188} INFO - [2023-12-20T06:14:57.147+0000] {dagbag.py:538} INFO - Filling up the DagBag from /home/airflow/.local/lib/python3.8/site-packages/airflow/example_dags/example_latest_only.py
[2023-12-20T06:14:57.216+0000] {processor.py:840} INFO - DAG(s) 'latest_only' retrieved from /home/airflow/.local/lib/python3.8/site-packages/airflow/example_dags/example_latest_only.py
[2023-12-20T06:14:57.574+0000] {logging_mixin.py:188} INFO - [2023-12-20T06:14:57.574+0000] {dag.py:3033} INFO - Sync 1 DAGs
[2023-12-20T06:14:57.684+0000] {logging_mixin.py:188} INFO - [2023-12-20T06:14:57.681+0000] {dag.py:3820} INFO - Setting next_dagrun for latest_only to 2023-12-20T00:00:00+00:00, run_after=2023-12-20T04:00:00+00:00
[2023-12-20T06:14:57.878+0000] {processor.py:183} INFO - Processing /home/airflow/.local/lib/python3.8/site-packages/airflow/example_dags/example_latest_only.py took 0.889 seconds
[2023-12-20T06:15:30.053+0000] {processor.py:161} INFO - Started process (PID=881) to work on /home/airflow/.local/lib/python3.8/site-packages/airflow/example_dags/example_latest_only.py
[2023-12-20T06:15:30.086+0000] {processor.py:830} INFO - Processing file /home/airflow/.local/lib/python3.8/site-packages/airflow/example_dags/example_latest_only.py for tasks to queue
[2023-12-20T06:15:30.093+0000] {logging_mixin.py:188} INFO - [2023-12-20T06:15:30.092+0000] {dagbag.py:538} INFO - Filling up the DagBag from /home/airflow/.local/lib/python3.8/site-packages/airflow/example_dags/example_latest_only.py
[2023-12-20T06:15:30.106+0000] {processor.py:840} INFO - DAG(s) 'latest_only' retrieved from /home/airflow/.local/lib/python3.8/site-packages/airflow/example_dags/example_latest_only.py
[2023-12-20T06:15:30.310+0000] {logging_mixin.py:188} INFO - [2023-12-20T06:15:30.309+0000] {dag.py:3033} INFO - Sync 1 DAGs
[2023-12-20T06:15:30.675+0000] {logging_mixin.py:188} INFO - [2023-12-20T06:15:30.672+0000] {dag.py:3820} INFO - Setting next_dagrun for latest_only to 2023-12-20T00:00:00+00:00, run_after=2023-12-20T04:00:00+00:00
[2023-12-20T06:15:30.903+0000] {processor.py:183} INFO - Processing /home/airflow/.local/lib/python3.8/site-packages/airflow/example_dags/example_latest_only.py took 0.882 seconds
[2023-12-20T06:16:02.345+0000] {processor.py:161} INFO - Started process (PID=936) to work on /home/airflow/.local/lib/python3.8/site-packages/airflow/example_dags/example_latest_only.py
[2023-12-20T06:16:02.356+0000] {processor.py:830} INFO - Processing file /home/airflow/.local/lib/python3.8/site-packages/airflow/example_dags/example_latest_only.py for tasks to queue
[2023-12-20T06:16:02.422+0000] {logging_mixin.py:188} INFO - [2023-12-20T06:16:02.416+0000] {dagbag.py:538} INFO - Filling up the DagBag from /home/airflow/.local/lib/python3.8/site-packages/airflow/example_dags/example_latest_only.py
[2023-12-20T06:16:02.498+0000] {processor.py:840} INFO - DAG(s) 'latest_only' retrieved from /home/airflow/.local/lib/python3.8/site-packages/airflow/example_dags/example_latest_only.py
[2023-12-20T06:16:02.884+0000] {logging_mixin.py:188} INFO - [2023-12-20T06:16:02.884+0000] {dag.py:3033} INFO - Sync 1 DAGs
[2023-12-20T06:16:03.169+0000] {logging_mixin.py:188} INFO - [2023-12-20T06:16:03.168+0000] {dag.py:3820} INFO - Setting next_dagrun for latest_only to 2023-12-20T00:00:00+00:00, run_after=2023-12-20T04:00:00+00:00
[2023-12-20T06:16:03.539+0000] {processor.py:183} INFO - Processing /home/airflow/.local/lib/python3.8/site-packages/airflow/example_dags/example_latest_only.py took 1.241 seconds
[2023-12-20T06:16:33.718+0000] {processor.py:161} INFO - Started process (PID=991) to work on /home/airflow/.local/lib/python3.8/site-packages/airflow/example_dags/example_latest_only.py
[2023-12-20T06:16:33.748+0000] {processor.py:830} INFO - Processing file /home/airflow/.local/lib/python3.8/site-packages/airflow/example_dags/example_latest_only.py for tasks to queue
[2023-12-20T06:16:33.766+0000] {logging_mixin.py:188} INFO - [2023-12-20T06:16:33.765+0000] {dagbag.py:538} INFO - Filling up the DagBag from /home/airflow/.local/lib/python3.8/site-packages/airflow/example_dags/example_latest_only.py
[2023-12-20T06:16:33.788+0000] {processor.py:840} INFO - DAG(s) 'latest_only' retrieved from /home/airflow/.local/lib/python3.8/site-packages/airflow/example_dags/example_latest_only.py
[2023-12-20T06:16:34.187+0000] {logging_mixin.py:188} INFO - [2023-12-20T06:16:34.187+0000] {dag.py:3033} INFO - Sync 1 DAGs
[2023-12-20T06:16:34.324+0000] {logging_mixin.py:188} INFO - [2023-12-20T06:16:34.323+0000] {dag.py:3820} INFO - Setting next_dagrun for latest_only to 2023-12-20T00:00:00+00:00, run_after=2023-12-20T04:00:00+00:00
[2023-12-20T06:16:34.439+0000] {processor.py:183} INFO - Processing /home/airflow/.local/lib/python3.8/site-packages/airflow/example_dags/example_latest_only.py took 0.731 seconds
[2023-12-20T06:17:04.807+0000] {processor.py:161} INFO - Started process (PID=1046) to work on /home/airflow/.local/lib/python3.8/site-packages/airflow/example_dags/example_latest_only.py
[2023-12-20T06:17:04.817+0000] {processor.py:830} INFO - Processing file /home/airflow/.local/lib/python3.8/site-packages/airflow/example_dags/example_latest_only.py for tasks to queue
[2023-12-20T06:17:04.834+0000] {logging_mixin.py:188} INFO - [2023-12-20T06:17:04.833+0000] {dagbag.py:538} INFO - Filling up the DagBag from /home/airflow/.local/lib/python3.8/site-packages/airflow/example_dags/example_latest_only.py
[2023-12-20T06:17:04.869+0000] {processor.py:840} INFO - DAG(s) 'latest_only' retrieved from /home/airflow/.local/lib/python3.8/site-packages/airflow/example_dags/example_latest_only.py
[2023-12-20T06:17:04.967+0000] {logging_mixin.py:188} INFO - [2023-12-20T06:17:04.966+0000] {dag.py:3033} INFO - Sync 1 DAGs
[2023-12-20T06:17:05.210+0000] {logging_mixin.py:188} INFO - [2023-12-20T06:17:05.210+0000] {dag.py:3820} INFO - Setting next_dagrun for latest_only to 2023-12-20T00:00:00+00:00, run_after=2023-12-20T04:00:00+00:00
[2023-12-20T06:17:05.468+0000] {processor.py:183} INFO - Processing /home/airflow/.local/lib/python3.8/site-packages/airflow/example_dags/example_latest_only.py took 0.688 seconds
[2023-12-20T06:17:35.896+0000] {processor.py:161} INFO - Started process (PID=1101) to work on /home/airflow/.local/lib/python3.8/site-packages/airflow/example_dags/example_latest_only.py
[2023-12-20T06:17:35.933+0000] {processor.py:830} INFO - Processing file /home/airflow/.local/lib/python3.8/site-packages/airflow/example_dags/example_latest_only.py for tasks to queue
[2023-12-20T06:17:35.937+0000] {logging_mixin.py:188} INFO - [2023-12-20T06:17:35.937+0000] {dagbag.py:538} INFO - Filling up the DagBag from /home/airflow/.local/lib/python3.8/site-packages/airflow/example_dags/example_latest_only.py
[2023-12-20T06:17:35.955+0000] {processor.py:840} INFO - DAG(s) 'latest_only' retrieved from /home/airflow/.local/lib/python3.8/site-packages/airflow/example_dags/example_latest_only.py
[2023-12-20T06:17:36.040+0000] {logging_mixin.py:188} INFO - [2023-12-20T06:17:36.039+0000] {dag.py:3033} INFO - Sync 1 DAGs
[2023-12-20T06:17:36.154+0000] {logging_mixin.py:188} INFO - [2023-12-20T06:17:36.153+0000] {dag.py:3820} INFO - Setting next_dagrun for latest_only to 2023-12-20T00:00:00+00:00, run_after=2023-12-20T04:00:00+00:00
[2023-12-20T06:17:36.259+0000] {processor.py:183} INFO - Processing /home/airflow/.local/lib/python3.8/site-packages/airflow/example_dags/example_latest_only.py took 0.382 seconds
[2023-12-20T06:18:12.185+0000] {processor.py:161} INFO - Started process (PID=1162) to work on /home/airflow/.local/lib/python3.8/site-packages/airflow/example_dags/example_latest_only.py
[2023-12-20T06:18:12.189+0000] {processor.py:830} INFO - Processing file /home/airflow/.local/lib/python3.8/site-packages/airflow/example_dags/example_latest_only.py for tasks to queue
[2023-12-20T06:18:12.202+0000] {logging_mixin.py:188} INFO - [2023-12-20T06:18:12.199+0000] {dagbag.py:538} INFO - Filling up the DagBag from /home/airflow/.local/lib/python3.8/site-packages/airflow/example_dags/example_latest_only.py
[2023-12-20T06:18:12.229+0000] {processor.py:840} INFO - DAG(s) 'latest_only' retrieved from /home/airflow/.local/lib/python3.8/site-packages/airflow/example_dags/example_latest_only.py
[2023-12-20T06:18:12.321+0000] {logging_mixin.py:188} INFO - [2023-12-20T06:18:12.320+0000] {dag.py:3033} INFO - Sync 1 DAGs
[2023-12-20T06:18:12.485+0000] {logging_mixin.py:188} INFO - [2023-12-20T06:18:12.484+0000] {dag.py:3820} INFO - Setting next_dagrun for latest_only to 2023-12-20T00:00:00+00:00, run_after=2023-12-20T04:00:00+00:00
[2023-12-20T06:18:12.583+0000] {processor.py:183} INFO - Processing /home/airflow/.local/lib/python3.8/site-packages/airflow/example_dags/example_latest_only.py took 0.417 seconds
[2023-12-20T06:18:44.238+0000] {processor.py:161} INFO - Started process (PID=1216) to work on /home/airflow/.local/lib/python3.8/site-packages/airflow/example_dags/example_latest_only.py
[2023-12-20T06:18:44.261+0000] {processor.py:830} INFO - Processing file /home/airflow/.local/lib/python3.8/site-packages/airflow/example_dags/example_latest_only.py for tasks to queue
[2023-12-20T06:18:44.276+0000] {logging_mixin.py:188} INFO - [2023-12-20T06:18:44.275+0000] {dagbag.py:538} INFO - Filling up the DagBag from /home/airflow/.local/lib/python3.8/site-packages/airflow/example_dags/example_latest_only.py
[2023-12-20T06:18:44.386+0000] {processor.py:840} INFO - DAG(s) 'latest_only' retrieved from /home/airflow/.local/lib/python3.8/site-packages/airflow/example_dags/example_latest_only.py
[2023-12-20T06:18:44.675+0000] {logging_mixin.py:188} INFO - [2023-12-20T06:18:44.675+0000] {dag.py:3033} INFO - Sync 1 DAGs
[2023-12-20T06:18:44.915+0000] {logging_mixin.py:188} INFO - [2023-12-20T06:18:44.915+0000] {dag.py:3820} INFO - Setting next_dagrun for latest_only to 2023-12-20T00:00:00+00:00, run_after=2023-12-20T04:00:00+00:00
[2023-12-20T06:18:45.135+0000] {processor.py:183} INFO - Processing /home/airflow/.local/lib/python3.8/site-packages/airflow/example_dags/example_latest_only.py took 0.912 seconds
[2023-12-20T06:19:15.612+0000] {processor.py:161} INFO - Started process (PID=1271) to work on /home/airflow/.local/lib/python3.8/site-packages/airflow/example_dags/example_latest_only.py
[2023-12-20T06:19:15.653+0000] {processor.py:830} INFO - Processing file /home/airflow/.local/lib/python3.8/site-packages/airflow/example_dags/example_latest_only.py for tasks to queue
[2023-12-20T06:19:15.657+0000] {logging_mixin.py:188} INFO - [2023-12-20T06:19:15.656+0000] {dagbag.py:538} INFO - Filling up the DagBag from /home/airflow/.local/lib/python3.8/site-packages/airflow/example_dags/example_latest_only.py
[2023-12-20T06:19:15.668+0000] {processor.py:840} INFO - DAG(s) 'latest_only' retrieved from /home/airflow/.local/lib/python3.8/site-packages/airflow/example_dags/example_latest_only.py
[2023-12-20T06:19:15.716+0000] {logging_mixin.py:188} INFO - [2023-12-20T06:19:15.716+0000] {dag.py:3033} INFO - Sync 1 DAGs
[2023-12-20T06:19:15.775+0000] {logging_mixin.py:188} INFO - [2023-12-20T06:19:15.775+0000] {dag.py:3820} INFO - Setting next_dagrun for latest_only to 2023-12-20T00:00:00+00:00, run_after=2023-12-20T04:00:00+00:00
[2023-12-20T06:19:15.866+0000] {processor.py:183} INFO - Processing /home/airflow/.local/lib/python3.8/site-packages/airflow/example_dags/example_latest_only.py took 0.261 seconds
[2023-12-20T06:19:46.497+0000] {processor.py:161} INFO - Started process (PID=1325) to work on /home/airflow/.local/lib/python3.8/site-packages/airflow/example_dags/example_latest_only.py
[2023-12-20T06:19:46.498+0000] {processor.py:830} INFO - Processing file /home/airflow/.local/lib/python3.8/site-packages/airflow/example_dags/example_latest_only.py for tasks to queue
[2023-12-20T06:19:46.503+0000] {logging_mixin.py:188} INFO - [2023-12-20T06:19:46.502+0000] {dagbag.py:538} INFO - Filling up the DagBag from /home/airflow/.local/lib/python3.8/site-packages/airflow/example_dags/example_latest_only.py
[2023-12-20T06:19:46.523+0000] {processor.py:840} INFO - DAG(s) 'latest_only' retrieved from /home/airflow/.local/lib/python3.8/site-packages/airflow/example_dags/example_latest_only.py
[2023-12-20T06:19:46.653+0000] {logging_mixin.py:188} INFO - [2023-12-20T06:19:46.650+0000] {dag.py:3033} INFO - Sync 1 DAGs
[2023-12-20T06:19:46.838+0000] {logging_mixin.py:188} INFO - [2023-12-20T06:19:46.838+0000] {dag.py:3820} INFO - Setting next_dagrun for latest_only to 2023-12-20T00:00:00+00:00, run_after=2023-12-20T04:00:00+00:00
[2023-12-20T06:19:46.983+0000] {processor.py:183} INFO - Processing /home/airflow/.local/lib/python3.8/site-packages/airflow/example_dags/example_latest_only.py took 0.506 seconds
[2023-12-20T06:20:17.713+0000] {processor.py:161} INFO - Started process (PID=1380) to work on /home/airflow/.local/lib/python3.8/site-packages/airflow/example_dags/example_latest_only.py
[2023-12-20T06:20:17.724+0000] {processor.py:830} INFO - Processing file /home/airflow/.local/lib/python3.8/site-packages/airflow/example_dags/example_latest_only.py for tasks to queue
[2023-12-20T06:20:17.731+0000] {logging_mixin.py:188} INFO - [2023-12-20T06:20:17.730+0000] {dagbag.py:538} INFO - Filling up the DagBag from /home/airflow/.local/lib/python3.8/site-packages/airflow/example_dags/example_latest_only.py
[2023-12-20T06:20:17.768+0000] {processor.py:840} INFO - DAG(s) 'latest_only' retrieved from /home/airflow/.local/lib/python3.8/site-packages/airflow/example_dags/example_latest_only.py
[2023-12-20T06:20:17.914+0000] {logging_mixin.py:188} INFO - [2023-12-20T06:20:17.913+0000] {dag.py:3033} INFO - Sync 1 DAGs
[2023-12-20T06:20:18.075+0000] {logging_mixin.py:188} INFO - [2023-12-20T06:20:18.074+0000] {dag.py:3820} INFO - Setting next_dagrun for latest_only to 2023-12-20T00:00:00+00:00, run_after=2023-12-20T04:00:00+00:00
[2023-12-20T06:20:18.184+0000] {processor.py:183} INFO - Processing /home/airflow/.local/lib/python3.8/site-packages/airflow/example_dags/example_latest_only.py took 0.508 seconds
[2023-12-20T06:20:48.533+0000] {processor.py:161} INFO - Started process (PID=1432) to work on /home/airflow/.local/lib/python3.8/site-packages/airflow/example_dags/example_latest_only.py
[2023-12-20T06:20:48.534+0000] {processor.py:830} INFO - Processing file /home/airflow/.local/lib/python3.8/site-packages/airflow/example_dags/example_latest_only.py for tasks to queue
[2023-12-20T06:20:48.545+0000] {logging_mixin.py:188} INFO - [2023-12-20T06:20:48.544+0000] {dagbag.py:538} INFO - Filling up the DagBag from /home/airflow/.local/lib/python3.8/site-packages/airflow/example_dags/example_latest_only.py
[2023-12-20T06:20:48.584+0000] {processor.py:840} INFO - DAG(s) 'latest_only' retrieved from /home/airflow/.local/lib/python3.8/site-packages/airflow/example_dags/example_latest_only.py
[2023-12-20T06:20:48.770+0000] {logging_mixin.py:188} INFO - [2023-12-20T06:20:48.769+0000] {dag.py:3033} INFO - Sync 1 DAGs
[2023-12-20T06:20:48.940+0000] {logging_mixin.py:188} INFO - [2023-12-20T06:20:48.939+0000] {dag.py:3820} INFO - Setting next_dagrun for latest_only to 2023-12-20T00:00:00+00:00, run_after=2023-12-20T04:00:00+00:00
[2023-12-20T06:20:49.067+0000] {processor.py:183} INFO - Processing /home/airflow/.local/lib/python3.8/site-packages/airflow/example_dags/example_latest_only.py took 0.558 seconds
[2023-12-20T06:21:19.407+0000] {processor.py:161} INFO - Started process (PID=1487) to work on /home/airflow/.local/lib/python3.8/site-packages/airflow/example_dags/example_latest_only.py
[2023-12-20T06:21:19.449+0000] {processor.py:830} INFO - Processing file /home/airflow/.local/lib/python3.8/site-packages/airflow/example_dags/example_latest_only.py for tasks to queue
[2023-12-20T06:21:19.455+0000] {logging_mixin.py:188} INFO - [2023-12-20T06:21:19.454+0000] {dagbag.py:538} INFO - Filling up the DagBag from /home/airflow/.local/lib/python3.8/site-packages/airflow/example_dags/example_latest_only.py
[2023-12-20T06:21:19.489+0000] {processor.py:840} INFO - DAG(s) 'latest_only' retrieved from /home/airflow/.local/lib/python3.8/site-packages/airflow/example_dags/example_latest_only.py
[2023-12-20T06:21:19.584+0000] {logging_mixin.py:188} INFO - [2023-12-20T06:21:19.584+0000] {dag.py:3033} INFO - Sync 1 DAGs
[2023-12-20T06:21:19.696+0000] {logging_mixin.py:188} INFO - [2023-12-20T06:21:19.695+0000] {dag.py:3820} INFO - Setting next_dagrun for latest_only to 2023-12-20T00:00:00+00:00, run_after=2023-12-20T04:00:00+00:00
[2023-12-20T06:21:19.803+0000] {processor.py:183} INFO - Processing /home/airflow/.local/lib/python3.8/site-packages/airflow/example_dags/example_latest_only.py took 0.425 seconds
[2023-12-20T06:21:50.358+0000] {processor.py:161} INFO - Started process (PID=1544) to work on /home/airflow/.local/lib/python3.8/site-packages/airflow/example_dags/example_latest_only.py
[2023-12-20T06:21:50.392+0000] {processor.py:830} INFO - Processing file /home/airflow/.local/lib/python3.8/site-packages/airflow/example_dags/example_latest_only.py for tasks to queue
[2023-12-20T06:21:50.397+0000] {logging_mixin.py:188} INFO - [2023-12-20T06:21:50.396+0000] {dagbag.py:538} INFO - Filling up the DagBag from /home/airflow/.local/lib/python3.8/site-packages/airflow/example_dags/example_latest_only.py
[2023-12-20T06:21:50.410+0000] {processor.py:840} INFO - DAG(s) 'latest_only' retrieved from /home/airflow/.local/lib/python3.8/site-packages/airflow/example_dags/example_latest_only.py
[2023-12-20T06:21:50.470+0000] {logging_mixin.py:188} INFO - [2023-12-20T06:21:50.467+0000] {dag.py:3033} INFO - Sync 1 DAGs
[2023-12-20T06:21:50.527+0000] {logging_mixin.py:188} INFO - [2023-12-20T06:21:50.527+0000] {dag.py:3820} INFO - Setting next_dagrun for latest_only to 2023-12-20T00:00:00+00:00, run_after=2023-12-20T04:00:00+00:00
[2023-12-20T06:21:50.592+0000] {processor.py:183} INFO - Processing /home/airflow/.local/lib/python3.8/site-packages/airflow/example_dags/example_latest_only.py took 0.242 seconds
[2023-12-20T06:22:21.103+0000] {processor.py:161} INFO - Started process (PID=1599) to work on /home/airflow/.local/lib/python3.8/site-packages/airflow/example_dags/example_latest_only.py
[2023-12-20T06:22:21.121+0000] {processor.py:830} INFO - Processing file /home/airflow/.local/lib/python3.8/site-packages/airflow/example_dags/example_latest_only.py for tasks to queue
[2023-12-20T06:22:21.123+0000] {logging_mixin.py:188} INFO - [2023-12-20T06:22:21.122+0000] {dagbag.py:538} INFO - Filling up the DagBag from /home/airflow/.local/lib/python3.8/site-packages/airflow/example_dags/example_latest_only.py
[2023-12-20T06:22:21.172+0000] {processor.py:840} INFO - DAG(s) 'latest_only' retrieved from /home/airflow/.local/lib/python3.8/site-packages/airflow/example_dags/example_latest_only.py
[2023-12-20T06:22:21.436+0000] {logging_mixin.py:188} INFO - [2023-12-20T06:22:21.435+0000] {dag.py:3033} INFO - Sync 1 DAGs
[2023-12-20T06:22:21.785+0000] {logging_mixin.py:188} INFO - [2023-12-20T06:22:21.784+0000] {dag.py:3820} INFO - Setting next_dagrun for latest_only to 2023-12-20T00:00:00+00:00, run_after=2023-12-20T04:00:00+00:00
[2023-12-20T06:22:21.846+0000] {processor.py:183} INFO - Processing /home/airflow/.local/lib/python3.8/site-packages/airflow/example_dags/example_latest_only.py took 0.759 seconds
[2023-12-20T06:22:52.754+0000] {processor.py:161} INFO - Started process (PID=1654) to work on /home/airflow/.local/lib/python3.8/site-packages/airflow/example_dags/example_latest_only.py
[2023-12-20T06:22:52.766+0000] {processor.py:830} INFO - Processing file /home/airflow/.local/lib/python3.8/site-packages/airflow/example_dags/example_latest_only.py for tasks to queue
[2023-12-20T06:22:52.772+0000] {logging_mixin.py:188} INFO - [2023-12-20T06:22:52.771+0000] {dagbag.py:538} INFO - Filling up the DagBag from /home/airflow/.local/lib/python3.8/site-packages/airflow/example_dags/example_latest_only.py
[2023-12-20T06:22:52.814+0000] {processor.py:840} INFO - DAG(s) 'latest_only' retrieved from /home/airflow/.local/lib/python3.8/site-packages/airflow/example_dags/example_latest_only.py
[2023-12-20T06:22:52.890+0000] {logging_mixin.py:188} INFO - [2023-12-20T06:22:52.889+0000] {dag.py:3033} INFO - Sync 1 DAGs
[2023-12-20T06:22:52.957+0000] {logging_mixin.py:188} INFO - [2023-12-20T06:22:52.956+0000] {dag.py:3820} INFO - Setting next_dagrun for latest_only to 2023-12-20T00:00:00+00:00, run_after=2023-12-20T04:00:00+00:00
[2023-12-20T06:22:53.061+0000] {processor.py:183} INFO - Processing /home/airflow/.local/lib/python3.8/site-packages/airflow/example_dags/example_latest_only.py took 0.333 seconds
[2023-12-20T06:23:23.201+0000] {processor.py:161} INFO - Started process (PID=1709) to work on /home/airflow/.local/lib/python3.8/site-packages/airflow/example_dags/example_latest_only.py
[2023-12-20T06:23:23.209+0000] {processor.py:830} INFO - Processing file /home/airflow/.local/lib/python3.8/site-packages/airflow/example_dags/example_latest_only.py for tasks to queue
[2023-12-20T06:23:23.211+0000] {logging_mixin.py:188} INFO - [2023-12-20T06:23:23.210+0000] {dagbag.py:538} INFO - Filling up the DagBag from /home/airflow/.local/lib/python3.8/site-packages/airflow/example_dags/example_latest_only.py
[2023-12-20T06:23:23.262+0000] {processor.py:840} INFO - DAG(s) 'latest_only' retrieved from /home/airflow/.local/lib/python3.8/site-packages/airflow/example_dags/example_latest_only.py
[2023-12-20T06:23:23.375+0000] {logging_mixin.py:188} INFO - [2023-12-20T06:23:23.374+0000] {dag.py:3033} INFO - Sync 1 DAGs
[2023-12-20T06:23:23.544+0000] {logging_mixin.py:188} INFO - [2023-12-20T06:23:23.543+0000] {dag.py:3820} INFO - Setting next_dagrun for latest_only to 2023-12-20T00:00:00+00:00, run_after=2023-12-20T04:00:00+00:00
[2023-12-20T06:23:23.837+0000] {processor.py:183} INFO - Processing /home/airflow/.local/lib/python3.8/site-packages/airflow/example_dags/example_latest_only.py took 0.661 seconds
[2023-12-20T06:23:54.121+0000] {processor.py:161} INFO - Started process (PID=1764) to work on /home/airflow/.local/lib/python3.8/site-packages/airflow/example_dags/example_latest_only.py
[2023-12-20T06:23:54.145+0000] {processor.py:830} INFO - Processing file /home/airflow/.local/lib/python3.8/site-packages/airflow/example_dags/example_latest_only.py for tasks to queue
[2023-12-20T06:23:54.147+0000] {logging_mixin.py:188} INFO - [2023-12-20T06:23:54.146+0000] {dagbag.py:538} INFO - Filling up the DagBag from /home/airflow/.local/lib/python3.8/site-packages/airflow/example_dags/example_latest_only.py
[2023-12-20T06:23:54.179+0000] {processor.py:840} INFO - DAG(s) 'latest_only' retrieved from /home/airflow/.local/lib/python3.8/site-packages/airflow/example_dags/example_latest_only.py
[2023-12-20T06:23:54.335+0000] {logging_mixin.py:188} INFO - [2023-12-20T06:23:54.334+0000] {dag.py:3033} INFO - Sync 1 DAGs
[2023-12-20T06:23:54.412+0000] {logging_mixin.py:188} INFO - [2023-12-20T06:23:54.411+0000] {dag.py:3820} INFO - Setting next_dagrun for latest_only to 2023-12-20T00:00:00+00:00, run_after=2023-12-20T04:00:00+00:00
[2023-12-20T06:23:54.530+0000] {processor.py:183} INFO - Processing /home/airflow/.local/lib/python3.8/site-packages/airflow/example_dags/example_latest_only.py took 0.417 seconds
[2023-12-20T06:24:24.698+0000] {processor.py:161} INFO - Started process (PID=1819) to work on /home/airflow/.local/lib/python3.8/site-packages/airflow/example_dags/example_latest_only.py
[2023-12-20T06:24:24.709+0000] {processor.py:830} INFO - Processing file /home/airflow/.local/lib/python3.8/site-packages/airflow/example_dags/example_latest_only.py for tasks to queue
[2023-12-20T06:24:24.711+0000] {logging_mixin.py:188} INFO - [2023-12-20T06:24:24.710+0000] {dagbag.py:538} INFO - Filling up the DagBag from /home/airflow/.local/lib/python3.8/site-packages/airflow/example_dags/example_latest_only.py
[2023-12-20T06:24:24.790+0000] {processor.py:840} INFO - DAG(s) 'latest_only' retrieved from /home/airflow/.local/lib/python3.8/site-packages/airflow/example_dags/example_latest_only.py
[2023-12-20T06:24:25.006+0000] {logging_mixin.py:188} INFO - [2023-12-20T06:24:25.006+0000] {dag.py:3033} INFO - Sync 1 DAGs
[2023-12-20T06:24:25.327+0000] {logging_mixin.py:188} INFO - [2023-12-20T06:24:25.326+0000] {dag.py:3820} INFO - Setting next_dagrun for latest_only to 2023-12-20T00:00:00+00:00, run_after=2023-12-20T04:00:00+00:00
[2023-12-20T06:24:25.430+0000] {processor.py:183} INFO - Processing /home/airflow/.local/lib/python3.8/site-packages/airflow/example_dags/example_latest_only.py took 0.754 seconds
[2023-12-20T06:24:56.040+0000] {processor.py:161} INFO - Started process (PID=1874) to work on /home/airflow/.local/lib/python3.8/site-packages/airflow/example_dags/example_latest_only.py
[2023-12-20T06:24:56.061+0000] {processor.py:830} INFO - Processing file /home/airflow/.local/lib/python3.8/site-packages/airflow/example_dags/example_latest_only.py for tasks to queue
[2023-12-20T06:24:56.070+0000] {logging_mixin.py:188} INFO - [2023-12-20T06:24:56.068+0000] {dagbag.py:538} INFO - Filling up the DagBag from /home/airflow/.local/lib/python3.8/site-packages/airflow/example_dags/example_latest_only.py
[2023-12-20T06:24:56.110+0000] {processor.py:840} INFO - DAG(s) 'latest_only' retrieved from /home/airflow/.local/lib/python3.8/site-packages/airflow/example_dags/example_latest_only.py
[2023-12-20T06:24:56.222+0000] {logging_mixin.py:188} INFO - [2023-12-20T06:24:56.222+0000] {dag.py:3033} INFO - Sync 1 DAGs
[2023-12-20T06:24:56.326+0000] {logging_mixin.py:188} INFO - [2023-12-20T06:24:56.325+0000] {dag.py:3820} INFO - Setting next_dagrun for latest_only to 2023-12-20T00:00:00+00:00, run_after=2023-12-20T04:00:00+00:00
[2023-12-20T06:24:56.477+0000] {processor.py:183} INFO - Processing /home/airflow/.local/lib/python3.8/site-packages/airflow/example_dags/example_latest_only.py took 0.478 seconds
[2023-12-20T06:25:27.217+0000] {processor.py:161} INFO - Started process (PID=1929) to work on /home/airflow/.local/lib/python3.8/site-packages/airflow/example_dags/example_latest_only.py
[2023-12-20T06:25:27.252+0000] {processor.py:830} INFO - Processing file /home/airflow/.local/lib/python3.8/site-packages/airflow/example_dags/example_latest_only.py for tasks to queue
[2023-12-20T06:25:27.254+0000] {logging_mixin.py:188} INFO - [2023-12-20T06:25:27.254+0000] {dagbag.py:538} INFO - Filling up the DagBag from /home/airflow/.local/lib/python3.8/site-packages/airflow/example_dags/example_latest_only.py
[2023-12-20T06:25:27.271+0000] {processor.py:840} INFO - DAG(s) 'latest_only' retrieved from /home/airflow/.local/lib/python3.8/site-packages/airflow/example_dags/example_latest_only.py
[2023-12-20T06:25:27.345+0000] {logging_mixin.py:188} INFO - [2023-12-20T06:25:27.345+0000] {dag.py:3033} INFO - Sync 1 DAGs
[2023-12-20T06:25:27.422+0000] {logging_mixin.py:188} INFO - [2023-12-20T06:25:27.421+0000] {dag.py:3820} INFO - Setting next_dagrun for latest_only to 2023-12-20T00:00:00+00:00, run_after=2023-12-20T04:00:00+00:00
[2023-12-20T06:25:27.522+0000] {processor.py:183} INFO - Processing /home/airflow/.local/lib/python3.8/site-packages/airflow/example_dags/example_latest_only.py took 0.314 seconds
[2023-12-20T06:25:57.734+0000] {processor.py:161} INFO - Started process (PID=1984) to work on /home/airflow/.local/lib/python3.8/site-packages/airflow/example_dags/example_latest_only.py
[2023-12-20T06:25:57.736+0000] {processor.py:830} INFO - Processing file /home/airflow/.local/lib/python3.8/site-packages/airflow/example_dags/example_latest_only.py for tasks to queue
[2023-12-20T06:25:57.744+0000] {logging_mixin.py:188} INFO - [2023-12-20T06:25:57.743+0000] {dagbag.py:538} INFO - Filling up the DagBag from /home/airflow/.local/lib/python3.8/site-packages/airflow/example_dags/example_latest_only.py
[2023-12-20T06:25:57.775+0000] {processor.py:840} INFO - DAG(s) 'latest_only' retrieved from /home/airflow/.local/lib/python3.8/site-packages/airflow/example_dags/example_latest_only.py
[2023-12-20T06:25:57.886+0000] {logging_mixin.py:188} INFO - [2023-12-20T06:25:57.885+0000] {dag.py:3033} INFO - Sync 1 DAGs
[2023-12-20T06:25:58.026+0000] {logging_mixin.py:188} INFO - [2023-12-20T06:25:58.025+0000] {dag.py:3820} INFO - Setting next_dagrun for latest_only to 2023-12-20T00:00:00+00:00, run_after=2023-12-20T04:00:00+00:00
[2023-12-20T06:25:58.139+0000] {processor.py:183} INFO - Processing /home/airflow/.local/lib/python3.8/site-packages/airflow/example_dags/example_latest_only.py took 0.413 seconds
[2023-12-20T06:26:28.573+0000] {processor.py:161} INFO - Started process (PID=2039) to work on /home/airflow/.local/lib/python3.8/site-packages/airflow/example_dags/example_latest_only.py
[2023-12-20T06:26:28.628+0000] {processor.py:830} INFO - Processing file /home/airflow/.local/lib/python3.8/site-packages/airflow/example_dags/example_latest_only.py for tasks to queue
[2023-12-20T06:26:28.631+0000] {logging_mixin.py:188} INFO - [2023-12-20T06:26:28.630+0000] {dagbag.py:538} INFO - Filling up the DagBag from /home/airflow/.local/lib/python3.8/site-packages/airflow/example_dags/example_latest_only.py
[2023-12-20T06:26:28.644+0000] {processor.py:840} INFO - DAG(s) 'latest_only' retrieved from /home/airflow/.local/lib/python3.8/site-packages/airflow/example_dags/example_latest_only.py
[2023-12-20T06:26:28.720+0000] {logging_mixin.py:188} INFO - [2023-12-20T06:26:28.720+0000] {dag.py:3033} INFO - Sync 1 DAGs
[2023-12-20T06:26:28.799+0000] {logging_mixin.py:188} INFO - [2023-12-20T06:26:28.798+0000] {dag.py:3820} INFO - Setting next_dagrun for latest_only to 2023-12-20T00:00:00+00:00, run_after=2023-12-20T04:00:00+00:00
[2023-12-20T06:26:28.901+0000] {processor.py:183} INFO - Processing /home/airflow/.local/lib/python3.8/site-packages/airflow/example_dags/example_latest_only.py took 0.335 seconds
[2023-12-20T06:27:09.693+0000] {processor.py:161} INFO - Started process (PID=2095) to work on /home/airflow/.local/lib/python3.8/site-packages/airflow/example_dags/example_latest_only.py
[2023-12-20T06:27:09.721+0000] {processor.py:830} INFO - Processing file /home/airflow/.local/lib/python3.8/site-packages/airflow/example_dags/example_latest_only.py for tasks to queue
[2023-12-20T06:27:09.724+0000] {logging_mixin.py:188} INFO - [2023-12-20T06:27:09.723+0000] {dagbag.py:538} INFO - Filling up the DagBag from /home/airflow/.local/lib/python3.8/site-packages/airflow/example_dags/example_latest_only.py
[2023-12-20T06:27:09.764+0000] {processor.py:840} INFO - DAG(s) 'latest_only' retrieved from /home/airflow/.local/lib/python3.8/site-packages/airflow/example_dags/example_latest_only.py
[2023-12-20T06:27:09.901+0000] {logging_mixin.py:188} INFO - [2023-12-20T06:27:09.901+0000] {dag.py:3033} INFO - Sync 1 DAGs
[2023-12-20T06:27:10.235+0000] {logging_mixin.py:188} INFO - [2023-12-20T06:27:10.234+0000] {dag.py:3820} INFO - Setting next_dagrun for latest_only to 2023-12-20T00:00:00+00:00, run_after=2023-12-20T04:00:00+00:00
[2023-12-20T06:27:10.421+0000] {processor.py:183} INFO - Processing /home/airflow/.local/lib/python3.8/site-packages/airflow/example_dags/example_latest_only.py took 0.746 seconds
[2023-12-20T06:27:41.060+0000] {processor.py:161} INFO - Started process (PID=2152) to work on /home/airflow/.local/lib/python3.8/site-packages/airflow/example_dags/example_latest_only.py
[2023-12-20T06:27:41.077+0000] {processor.py:830} INFO - Processing file /home/airflow/.local/lib/python3.8/site-packages/airflow/example_dags/example_latest_only.py for tasks to queue
[2023-12-20T06:27:41.079+0000] {logging_mixin.py:188} INFO - [2023-12-20T06:27:41.078+0000] {dagbag.py:538} INFO - Filling up the DagBag from /home/airflow/.local/lib/python3.8/site-packages/airflow/example_dags/example_latest_only.py
[2023-12-20T06:27:41.092+0000] {processor.py:840} INFO - DAG(s) 'latest_only' retrieved from /home/airflow/.local/lib/python3.8/site-packages/airflow/example_dags/example_latest_only.py
[2023-12-20T06:27:41.140+0000] {logging_mixin.py:188} INFO - [2023-12-20T06:27:41.139+0000] {dag.py:3033} INFO - Sync 1 DAGs
[2023-12-20T06:27:41.200+0000] {logging_mixin.py:188} INFO - [2023-12-20T06:27:41.200+0000] {dag.py:3820} INFO - Setting next_dagrun for latest_only to 2023-12-20T00:00:00+00:00, run_after=2023-12-20T04:00:00+00:00
[2023-12-20T06:27:41.262+0000] {processor.py:183} INFO - Processing /home/airflow/.local/lib/python3.8/site-packages/airflow/example_dags/example_latest_only.py took 0.209 seconds
[2023-12-20T06:28:14.480+0000] {processor.py:161} INFO - Started process (PID=2209) to work on /home/airflow/.local/lib/python3.8/site-packages/airflow/example_dags/example_latest_only.py
[2023-12-20T06:28:14.482+0000] {processor.py:830} INFO - Processing file /home/airflow/.local/lib/python3.8/site-packages/airflow/example_dags/example_latest_only.py for tasks to queue
[2023-12-20T06:28:14.495+0000] {logging_mixin.py:188} INFO - [2023-12-20T06:28:14.493+0000] {dagbag.py:538} INFO - Filling up the DagBag from /home/airflow/.local/lib/python3.8/site-packages/airflow/example_dags/example_latest_only.py
[2023-12-20T06:28:14.568+0000] {processor.py:840} INFO - DAG(s) 'latest_only' retrieved from /home/airflow/.local/lib/python3.8/site-packages/airflow/example_dags/example_latest_only.py
[2023-12-20T06:28:14.776+0000] {logging_mixin.py:188} INFO - [2023-12-20T06:28:14.773+0000] {dag.py:3033} INFO - Sync 1 DAGs
[2023-12-20T06:28:15.139+0000] {logging_mixin.py:188} INFO - [2023-12-20T06:28:15.138+0000] {dag.py:3820} INFO - Setting next_dagrun for latest_only to 2023-12-20T00:00:00+00:00, run_after=2023-12-20T04:00:00+00:00
[2023-12-20T06:28:15.399+0000] {processor.py:183} INFO - Processing /home/airflow/.local/lib/python3.8/site-packages/airflow/example_dags/example_latest_only.py took 0.952 seconds
[2023-12-20T06:28:45.913+0000] {processor.py:161} INFO - Started process (PID=2266) to work on /home/airflow/.local/lib/python3.8/site-packages/airflow/example_dags/example_latest_only.py
[2023-12-20T06:28:45.916+0000] {processor.py:830} INFO - Processing file /home/airflow/.local/lib/python3.8/site-packages/airflow/example_dags/example_latest_only.py for tasks to queue
[2023-12-20T06:28:45.919+0000] {logging_mixin.py:188} INFO - [2023-12-20T06:28:45.919+0000] {dagbag.py:538} INFO - Filling up the DagBag from /home/airflow/.local/lib/python3.8/site-packages/airflow/example_dags/example_latest_only.py
[2023-12-20T06:28:45.954+0000] {processor.py:840} INFO - DAG(s) 'latest_only' retrieved from /home/airflow/.local/lib/python3.8/site-packages/airflow/example_dags/example_latest_only.py
[2023-12-20T06:28:46.014+0000] {logging_mixin.py:188} INFO - [2023-12-20T06:28:46.014+0000] {dag.py:3033} INFO - Sync 1 DAGs
[2023-12-20T06:28:46.082+0000] {logging_mixin.py:188} INFO - [2023-12-20T06:28:46.082+0000] {dag.py:3820} INFO - Setting next_dagrun for latest_only to 2023-12-20T00:00:00+00:00, run_after=2023-12-20T04:00:00+00:00
[2023-12-20T06:28:46.181+0000] {processor.py:183} INFO - Processing /home/airflow/.local/lib/python3.8/site-packages/airflow/example_dags/example_latest_only.py took 0.291 seconds
[2023-12-20T06:29:16.589+0000] {processor.py:161} INFO - Started process (PID=2323) to work on /home/airflow/.local/lib/python3.8/site-packages/airflow/example_dags/example_latest_only.py
[2023-12-20T06:29:16.599+0000] {processor.py:830} INFO - Processing file /home/airflow/.local/lib/python3.8/site-packages/airflow/example_dags/example_latest_only.py for tasks to queue
[2023-12-20T06:29:16.601+0000] {logging_mixin.py:188} INFO - [2023-12-20T06:29:16.600+0000] {dagbag.py:538} INFO - Filling up the DagBag from /home/airflow/.local/lib/python3.8/site-packages/airflow/example_dags/example_latest_only.py
[2023-12-20T06:29:16.636+0000] {processor.py:840} INFO - DAG(s) 'latest_only' retrieved from /home/airflow/.local/lib/python3.8/site-packages/airflow/example_dags/example_latest_only.py
[2023-12-20T06:29:16.710+0000] {logging_mixin.py:188} INFO - [2023-12-20T06:29:16.709+0000] {dag.py:3033} INFO - Sync 1 DAGs
[2023-12-20T06:29:16.866+0000] {logging_mixin.py:188} INFO - [2023-12-20T06:29:16.866+0000] {dag.py:3820} INFO - Setting next_dagrun for latest_only to 2023-12-20T00:00:00+00:00, run_after=2023-12-20T04:00:00+00:00
[2023-12-20T06:29:16.971+0000] {processor.py:183} INFO - Processing /home/airflow/.local/lib/python3.8/site-packages/airflow/example_dags/example_latest_only.py took 0.399 seconds
[2023-12-20T06:29:47.627+0000] {processor.py:161} INFO - Started process (PID=2386) to work on /home/airflow/.local/lib/python3.8/site-packages/airflow/example_dags/example_latest_only.py
[2023-12-20T06:29:47.629+0000] {processor.py:830} INFO - Processing file /home/airflow/.local/lib/python3.8/site-packages/airflow/example_dags/example_latest_only.py for tasks to queue
[2023-12-20T06:29:47.631+0000] {logging_mixin.py:188} INFO - [2023-12-20T06:29:47.630+0000] {dagbag.py:538} INFO - Filling up the DagBag from /home/airflow/.local/lib/python3.8/site-packages/airflow/example_dags/example_latest_only.py
[2023-12-20T06:29:47.652+0000] {processor.py:840} INFO - DAG(s) 'latest_only' retrieved from /home/airflow/.local/lib/python3.8/site-packages/airflow/example_dags/example_latest_only.py
[2023-12-20T06:29:47.711+0000] {logging_mixin.py:188} INFO - [2023-12-20T06:29:47.711+0000] {dag.py:3033} INFO - Sync 1 DAGs
[2023-12-20T06:29:48.082+0000] {logging_mixin.py:188} INFO - [2023-12-20T06:29:48.081+0000] {dag.py:3820} INFO - Setting next_dagrun for latest_only to 2023-12-20T00:00:00+00:00, run_after=2023-12-20T04:00:00+00:00
[2023-12-20T06:29:48.172+0000] {processor.py:183} INFO - Processing /home/airflow/.local/lib/python3.8/site-packages/airflow/example_dags/example_latest_only.py took 0.554 seconds
[2023-12-20T06:30:18.704+0000] {processor.py:161} INFO - Started process (PID=2443) to work on /home/airflow/.local/lib/python3.8/site-packages/airflow/example_dags/example_latest_only.py
[2023-12-20T06:30:18.726+0000] {processor.py:830} INFO - Processing file /home/airflow/.local/lib/python3.8/site-packages/airflow/example_dags/example_latest_only.py for tasks to queue
[2023-12-20T06:30:18.742+0000] {logging_mixin.py:188} INFO - [2023-12-20T06:30:18.741+0000] {dagbag.py:538} INFO - Filling up the DagBag from /home/airflow/.local/lib/python3.8/site-packages/airflow/example_dags/example_latest_only.py
[2023-12-20T06:30:18.819+0000] {processor.py:840} INFO - DAG(s) 'latest_only' retrieved from /home/airflow/.local/lib/python3.8/site-packages/airflow/example_dags/example_latest_only.py
[2023-12-20T06:30:19.014+0000] {logging_mixin.py:188} INFO - [2023-12-20T06:30:19.014+0000] {dag.py:3033} INFO - Sync 1 DAGs
[2023-12-20T06:30:19.261+0000] {logging_mixin.py:188} INFO - [2023-12-20T06:30:19.260+0000] {dag.py:3820} INFO - Setting next_dagrun for latest_only to 2023-12-20T00:00:00+00:00, run_after=2023-12-20T04:00:00+00:00
[2023-12-20T06:30:19.558+0000] {processor.py:183} INFO - Processing /home/airflow/.local/lib/python3.8/site-packages/airflow/example_dags/example_latest_only.py took 0.887 seconds
[2023-12-20T06:30:49.871+0000] {processor.py:161} INFO - Started process (PID=2499) to work on /home/airflow/.local/lib/python3.8/site-packages/airflow/example_dags/example_latest_only.py
[2023-12-20T06:30:49.883+0000] {processor.py:830} INFO - Processing file /home/airflow/.local/lib/python3.8/site-packages/airflow/example_dags/example_latest_only.py for tasks to queue
[2023-12-20T06:30:49.885+0000] {logging_mixin.py:188} INFO - [2023-12-20T06:30:49.885+0000] {dagbag.py:538} INFO - Filling up the DagBag from /home/airflow/.local/lib/python3.8/site-packages/airflow/example_dags/example_latest_only.py
[2023-12-20T06:30:49.980+0000] {processor.py:840} INFO - DAG(s) 'latest_only' retrieved from /home/airflow/.local/lib/python3.8/site-packages/airflow/example_dags/example_latest_only.py
[2023-12-20T06:30:50.247+0000] {logging_mixin.py:188} INFO - [2023-12-20T06:30:50.247+0000] {dag.py:3033} INFO - Sync 1 DAGs
[2023-12-20T06:30:50.580+0000] {logging_mixin.py:188} INFO - [2023-12-20T06:30:50.580+0000] {dag.py:3820} INFO - Setting next_dagrun for latest_only to 2023-12-20T00:00:00+00:00, run_after=2023-12-20T04:00:00+00:00
[2023-12-20T06:30:51.032+0000] {processor.py:183} INFO - Processing /home/airflow/.local/lib/python3.8/site-packages/airflow/example_dags/example_latest_only.py took 1.227 seconds
[2023-12-20T06:31:25.848+0000] {processor.py:161} INFO - Started process (PID=2551) to work on /home/airflow/.local/lib/python3.8/site-packages/airflow/example_dags/example_latest_only.py
[2023-12-20T06:31:25.862+0000] {processor.py:830} INFO - Processing file /home/airflow/.local/lib/python3.8/site-packages/airflow/example_dags/example_latest_only.py for tasks to queue
[2023-12-20T06:31:25.869+0000] {logging_mixin.py:188} INFO - [2023-12-20T06:31:25.868+0000] {dagbag.py:538} INFO - Filling up the DagBag from /home/airflow/.local/lib/python3.8/site-packages/airflow/example_dags/example_latest_only.py
[2023-12-20T06:31:25.901+0000] {processor.py:840} INFO - DAG(s) 'latest_only' retrieved from /home/airflow/.local/lib/python3.8/site-packages/airflow/example_dags/example_latest_only.py
[2023-12-20T06:31:25.998+0000] {logging_mixin.py:188} INFO - [2023-12-20T06:31:25.997+0000] {dag.py:3033} INFO - Sync 1 DAGs
[2023-12-20T06:31:26.561+0000] {logging_mixin.py:188} INFO - [2023-12-20T06:31:26.561+0000] {dag.py:3820} INFO - Setting next_dagrun for latest_only to 2023-12-20T00:00:00+00:00, run_after=2023-12-20T04:00:00+00:00
[2023-12-20T06:31:26.655+0000] {processor.py:183} INFO - Processing /home/airflow/.local/lib/python3.8/site-packages/airflow/example_dags/example_latest_only.py took 0.829 seconds
[2023-12-20T06:31:57.239+0000] {processor.py:161} INFO - Started process (PID=2610) to work on /home/airflow/.local/lib/python3.8/site-packages/airflow/example_dags/example_latest_only.py
[2023-12-20T06:31:57.241+0000] {processor.py:830} INFO - Processing file /home/airflow/.local/lib/python3.8/site-packages/airflow/example_dags/example_latest_only.py for tasks to queue
[2023-12-20T06:31:57.246+0000] {logging_mixin.py:188} INFO - [2023-12-20T06:31:57.245+0000] {dagbag.py:538} INFO - Filling up the DagBag from /home/airflow/.local/lib/python3.8/site-packages/airflow/example_dags/example_latest_only.py
[2023-12-20T06:31:57.268+0000] {processor.py:840} INFO - DAG(s) 'latest_only' retrieved from /home/airflow/.local/lib/python3.8/site-packages/airflow/example_dags/example_latest_only.py
[2023-12-20T06:31:57.358+0000] {logging_mixin.py:188} INFO - [2023-12-20T06:31:57.358+0000] {dag.py:3033} INFO - Sync 1 DAGs
[2023-12-20T06:31:57.414+0000] {logging_mixin.py:188} INFO - [2023-12-20T06:31:57.413+0000] {dag.py:3820} INFO - Setting next_dagrun for latest_only to 2023-12-20T00:00:00+00:00, run_after=2023-12-20T04:00:00+00:00
[2023-12-20T06:31:57.464+0000] {processor.py:183} INFO - Processing /home/airflow/.local/lib/python3.8/site-packages/airflow/example_dags/example_latest_only.py took 0.241 seconds
[2023-12-20T06:32:27.597+0000] {processor.py:161} INFO - Started process (PID=2668) to work on /home/airflow/.local/lib/python3.8/site-packages/airflow/example_dags/example_latest_only.py
[2023-12-20T06:32:27.599+0000] {processor.py:830} INFO - Processing file /home/airflow/.local/lib/python3.8/site-packages/airflow/example_dags/example_latest_only.py for tasks to queue
[2023-12-20T06:32:27.601+0000] {logging_mixin.py:188} INFO - [2023-12-20T06:32:27.600+0000] {dagbag.py:538} INFO - Filling up the DagBag from /home/airflow/.local/lib/python3.8/site-packages/airflow/example_dags/example_latest_only.py
[2023-12-20T06:32:27.613+0000] {processor.py:840} INFO - DAG(s) 'latest_only' retrieved from /home/airflow/.local/lib/python3.8/site-packages/airflow/example_dags/example_latest_only.py
[2023-12-20T06:32:27.666+0000] {logging_mixin.py:188} INFO - [2023-12-20T06:32:27.666+0000] {dag.py:3033} INFO - Sync 1 DAGs
[2023-12-20T06:32:27.721+0000] {logging_mixin.py:188} INFO - [2023-12-20T06:32:27.721+0000] {dag.py:3820} INFO - Setting next_dagrun for latest_only to 2023-12-20T00:00:00+00:00, run_after=2023-12-20T04:00:00+00:00
[2023-12-20T06:32:27.810+0000] {processor.py:183} INFO - Processing /home/airflow/.local/lib/python3.8/site-packages/airflow/example_dags/example_latest_only.py took 0.219 seconds
[2023-12-20T06:32:58.067+0000] {processor.py:161} INFO - Started process (PID=2727) to work on /home/airflow/.local/lib/python3.8/site-packages/airflow/example_dags/example_latest_only.py
[2023-12-20T06:32:58.069+0000] {processor.py:830} INFO - Processing file /home/airflow/.local/lib/python3.8/site-packages/airflow/example_dags/example_latest_only.py for tasks to queue
[2023-12-20T06:32:58.072+0000] {logging_mixin.py:188} INFO - [2023-12-20T06:32:58.071+0000] {dagbag.py:538} INFO - Filling up the DagBag from /home/airflow/.local/lib/python3.8/site-packages/airflow/example_dags/example_latest_only.py
[2023-12-20T06:32:58.084+0000] {processor.py:840} INFO - DAG(s) 'latest_only' retrieved from /home/airflow/.local/lib/python3.8/site-packages/airflow/example_dags/example_latest_only.py
[2023-12-20T06:32:58.143+0000] {logging_mixin.py:188} INFO - [2023-12-20T06:32:58.143+0000] {dag.py:3033} INFO - Sync 1 DAGs
[2023-12-20T06:32:58.204+0000] {logging_mixin.py:188} INFO - [2023-12-20T06:32:58.203+0000] {dag.py:3820} INFO - Setting next_dagrun for latest_only to 2023-12-20T00:00:00+00:00, run_after=2023-12-20T04:00:00+00:00
[2023-12-20T06:32:58.290+0000] {processor.py:183} INFO - Processing /home/airflow/.local/lib/python3.8/site-packages/airflow/example_dags/example_latest_only.py took 0.230 seconds
[2023-12-20T06:33:45.824+0000] {processor.py:161} INFO - Started process (PID=2786) to work on /home/airflow/.local/lib/python3.8/site-packages/airflow/example_dags/example_latest_only.py
[2023-12-20T06:33:45.861+0000] {processor.py:830} INFO - Processing file /home/airflow/.local/lib/python3.8/site-packages/airflow/example_dags/example_latest_only.py for tasks to queue
[2023-12-20T06:33:45.866+0000] {logging_mixin.py:188} INFO - [2023-12-20T06:33:45.865+0000] {dagbag.py:538} INFO - Filling up the DagBag from /home/airflow/.local/lib/python3.8/site-packages/airflow/example_dags/example_latest_only.py
[2023-12-20T06:33:45.973+0000] {processor.py:840} INFO - DAG(s) 'latest_only' retrieved from /home/airflow/.local/lib/python3.8/site-packages/airflow/example_dags/example_latest_only.py
[2023-12-20T06:33:46.374+0000] {logging_mixin.py:188} INFO - [2023-12-20T06:33:46.374+0000] {dag.py:3033} INFO - Sync 1 DAGs
[2023-12-20T06:33:47.000+0000] {logging_mixin.py:188} INFO - [2023-12-20T06:33:46.994+0000] {dag.py:3820} INFO - Setting next_dagrun for latest_only to 2023-12-20T00:00:00+00:00, run_after=2023-12-20T04:00:00+00:00
[2023-12-20T06:33:47.389+0000] {processor.py:183} INFO - Processing /home/airflow/.local/lib/python3.8/site-packages/airflow/example_dags/example_latest_only.py took 1.617 seconds
[2023-12-20T06:34:44.461+0000] {processor.py:161} INFO - Started process (PID=2851) to work on /home/airflow/.local/lib/python3.8/site-packages/airflow/example_dags/example_latest_only.py
[2023-12-20T06:34:44.474+0000] {processor.py:830} INFO - Processing file /home/airflow/.local/lib/python3.8/site-packages/airflow/example_dags/example_latest_only.py for tasks to queue
[2023-12-20T06:34:44.476+0000] {logging_mixin.py:188} INFO - [2023-12-20T06:34:44.475+0000] {dagbag.py:538} INFO - Filling up the DagBag from /home/airflow/.local/lib/python3.8/site-packages/airflow/example_dags/example_latest_only.py
[2023-12-20T06:34:44.543+0000] {processor.py:840} INFO - DAG(s) 'latest_only' retrieved from /home/airflow/.local/lib/python3.8/site-packages/airflow/example_dags/example_latest_only.py
[2023-12-20T06:34:44.830+0000] {logging_mixin.py:188} INFO - [2023-12-20T06:34:44.829+0000] {dag.py:3033} INFO - Sync 1 DAGs
[2023-12-20T06:34:45.284+0000] {logging_mixin.py:188} INFO - [2023-12-20T06:34:45.284+0000] {dag.py:3820} INFO - Setting next_dagrun for latest_only to 2023-12-20T00:00:00+00:00, run_after=2023-12-20T04:00:00+00:00
[2023-12-20T06:34:45.719+0000] {processor.py:183} INFO - Processing /home/airflow/.local/lib/python3.8/site-packages/airflow/example_dags/example_latest_only.py took 1.301 seconds
[2023-12-20T06:35:36.435+0000] {processor.py:161} INFO - Started process (PID=2910) to work on /home/airflow/.local/lib/python3.8/site-packages/airflow/example_dags/example_latest_only.py
[2023-12-20T06:35:36.473+0000] {processor.py:830} INFO - Processing file /home/airflow/.local/lib/python3.8/site-packages/airflow/example_dags/example_latest_only.py for tasks to queue
[2023-12-20T06:35:36.486+0000] {logging_mixin.py:188} INFO - [2023-12-20T06:35:36.485+0000] {dagbag.py:538} INFO - Filling up the DagBag from /home/airflow/.local/lib/python3.8/site-packages/airflow/example_dags/example_latest_only.py
[2023-12-20T06:35:36.667+0000] {processor.py:840} INFO - DAG(s) 'latest_only' retrieved from /home/airflow/.local/lib/python3.8/site-packages/airflow/example_dags/example_latest_only.py
[2023-12-20T06:35:37.087+0000] {logging_mixin.py:188} INFO - [2023-12-20T06:35:37.087+0000] {dag.py:3033} INFO - Sync 1 DAGs
[2023-12-20T06:35:37.743+0000] {logging_mixin.py:188} INFO - [2023-12-20T06:35:37.742+0000] {dag.py:3820} INFO - Setting next_dagrun for latest_only to 2023-12-20T00:00:00+00:00, run_after=2023-12-20T04:00:00+00:00
[2023-12-20T06:35:38.280+0000] {processor.py:183} INFO - Processing /home/airflow/.local/lib/python3.8/site-packages/airflow/example_dags/example_latest_only.py took 1.906 seconds
[2023-12-20T06:36:32.680+0000] {processor.py:161} INFO - Started process (PID=2970) to work on /home/airflow/.local/lib/python3.8/site-packages/airflow/example_dags/example_latest_only.py
[2023-12-20T06:36:32.689+0000] {processor.py:830} INFO - Processing file /home/airflow/.local/lib/python3.8/site-packages/airflow/example_dags/example_latest_only.py for tasks to queue
[2023-12-20T06:36:32.691+0000] {logging_mixin.py:188} INFO - [2023-12-20T06:36:32.690+0000] {dagbag.py:538} INFO - Filling up the DagBag from /home/airflow/.local/lib/python3.8/site-packages/airflow/example_dags/example_latest_only.py
[2023-12-20T06:36:32.768+0000] {processor.py:840} INFO - DAG(s) 'latest_only' retrieved from /home/airflow/.local/lib/python3.8/site-packages/airflow/example_dags/example_latest_only.py
[2023-12-20T06:36:33.187+0000] {logging_mixin.py:188} INFO - [2023-12-20T06:36:33.187+0000] {dag.py:3033} INFO - Sync 1 DAGs
[2023-12-20T06:36:33.627+0000] {logging_mixin.py:188} INFO - [2023-12-20T06:36:33.626+0000] {dag.py:3820} INFO - Setting next_dagrun for latest_only to 2023-12-20T00:00:00+00:00, run_after=2023-12-20T04:00:00+00:00
[2023-12-20T06:36:34.378+0000] {processor.py:183} INFO - Processing /home/airflow/.local/lib/python3.8/site-packages/airflow/example_dags/example_latest_only.py took 1.753 seconds
[2023-12-20T06:37:39.140+0000] {processor.py:161} INFO - Started process (PID=3039) to work on /home/airflow/.local/lib/python3.8/site-packages/airflow/example_dags/example_latest_only.py
[2023-12-20T06:37:39.145+0000] {processor.py:830} INFO - Processing file /home/airflow/.local/lib/python3.8/site-packages/airflow/example_dags/example_latest_only.py for tasks to queue
[2023-12-20T06:37:39.150+0000] {logging_mixin.py:188} INFO - [2023-12-20T06:37:39.149+0000] {dagbag.py:538} INFO - Filling up the DagBag from /home/airflow/.local/lib/python3.8/site-packages/airflow/example_dags/example_latest_only.py
[2023-12-20T06:37:39.174+0000] {processor.py:840} INFO - DAG(s) 'latest_only' retrieved from /home/airflow/.local/lib/python3.8/site-packages/airflow/example_dags/example_latest_only.py
[2023-12-20T06:37:39.537+0000] {logging_mixin.py:188} INFO - [2023-12-20T06:37:39.537+0000] {dag.py:3033} INFO - Sync 1 DAGs
[2023-12-20T06:37:39.639+0000] {logging_mixin.py:188} INFO - [2023-12-20T06:37:39.639+0000] {dag.py:3820} INFO - Setting next_dagrun for latest_only to 2023-12-20T00:00:00+00:00, run_after=2023-12-20T04:00:00+00:00
[2023-12-20T06:37:39.743+0000] {processor.py:183} INFO - Processing /home/airflow/.local/lib/python3.8/site-packages/airflow/example_dags/example_latest_only.py took 0.685 seconds
[2023-12-20T06:38:13.359+0000] {processor.py:161} INFO - Started process (PID=3098) to work on /home/airflow/.local/lib/python3.8/site-packages/airflow/example_dags/example_latest_only.py
[2023-12-20T06:38:13.363+0000] {processor.py:830} INFO - Processing file /home/airflow/.local/lib/python3.8/site-packages/airflow/example_dags/example_latest_only.py for tasks to queue
[2023-12-20T06:38:13.366+0000] {logging_mixin.py:188} INFO - [2023-12-20T06:38:13.364+0000] {dagbag.py:538} INFO - Filling up the DagBag from /home/airflow/.local/lib/python3.8/site-packages/airflow/example_dags/example_latest_only.py
[2023-12-20T06:38:13.391+0000] {processor.py:840} INFO - DAG(s) 'latest_only' retrieved from /home/airflow/.local/lib/python3.8/site-packages/airflow/example_dags/example_latest_only.py
[2023-12-20T06:38:13.566+0000] {logging_mixin.py:188} INFO - [2023-12-20T06:38:13.566+0000] {dag.py:3033} INFO - Sync 1 DAGs
[2023-12-20T06:38:13.875+0000] {logging_mixin.py:188} INFO - [2023-12-20T06:38:13.873+0000] {dag.py:3820} INFO - Setting next_dagrun for latest_only to 2023-12-20T00:00:00+00:00, run_after=2023-12-20T04:00:00+00:00
[2023-12-20T06:38:14.106+0000] {processor.py:183} INFO - Processing /home/airflow/.local/lib/python3.8/site-packages/airflow/example_dags/example_latest_only.py took 0.758 seconds
[2023-12-20T06:38:44.701+0000] {processor.py:161} INFO - Started process (PID=3155) to work on /home/airflow/.local/lib/python3.8/site-packages/airflow/example_dags/example_latest_only.py
[2023-12-20T06:38:44.710+0000] {processor.py:830} INFO - Processing file /home/airflow/.local/lib/python3.8/site-packages/airflow/example_dags/example_latest_only.py for tasks to queue
[2023-12-20T06:38:44.712+0000] {logging_mixin.py:188} INFO - [2023-12-20T06:38:44.711+0000] {dagbag.py:538} INFO - Filling up the DagBag from /home/airflow/.local/lib/python3.8/site-packages/airflow/example_dags/example_latest_only.py
[2023-12-20T06:38:44.761+0000] {processor.py:840} INFO - DAG(s) 'latest_only' retrieved from /home/airflow/.local/lib/python3.8/site-packages/airflow/example_dags/example_latest_only.py
[2023-12-20T06:38:44.821+0000] {logging_mixin.py:188} INFO - [2023-12-20T06:38:44.821+0000] {dag.py:3033} INFO - Sync 1 DAGs
[2023-12-20T06:38:44.877+0000] {logging_mixin.py:188} INFO - [2023-12-20T06:38:44.876+0000] {dag.py:3820} INFO - Setting next_dagrun for latest_only to 2023-12-20T00:00:00+00:00, run_after=2023-12-20T04:00:00+00:00
[2023-12-20T06:38:44.962+0000] {processor.py:183} INFO - Processing /home/airflow/.local/lib/python3.8/site-packages/airflow/example_dags/example_latest_only.py took 0.283 seconds
[2023-12-20T06:39:15.022+0000] {processor.py:161} INFO - Started process (PID=3215) to work on /home/airflow/.local/lib/python3.8/site-packages/airflow/example_dags/example_latest_only.py
[2023-12-20T06:39:15.024+0000] {processor.py:830} INFO - Processing file /home/airflow/.local/lib/python3.8/site-packages/airflow/example_dags/example_latest_only.py for tasks to queue
[2023-12-20T06:39:15.025+0000] {logging_mixin.py:188} INFO - [2023-12-20T06:39:15.025+0000] {dagbag.py:538} INFO - Filling up the DagBag from /home/airflow/.local/lib/python3.8/site-packages/airflow/example_dags/example_latest_only.py
[2023-12-20T06:39:15.037+0000] {processor.py:840} INFO - DAG(s) 'latest_only' retrieved from /home/airflow/.local/lib/python3.8/site-packages/airflow/example_dags/example_latest_only.py
[2023-12-20T06:39:15.081+0000] {logging_mixin.py:188} INFO - [2023-12-20T06:39:15.081+0000] {dag.py:3033} INFO - Sync 1 DAGs
[2023-12-20T06:39:15.136+0000] {logging_mixin.py:188} INFO - [2023-12-20T06:39:15.135+0000] {dag.py:3820} INFO - Setting next_dagrun for latest_only to 2023-12-20T00:00:00+00:00, run_after=2023-12-20T04:00:00+00:00
[2023-12-20T06:39:15.233+0000] {processor.py:183} INFO - Processing /home/airflow/.local/lib/python3.8/site-packages/airflow/example_dags/example_latest_only.py took 0.222 seconds
[2023-12-20T06:39:45.538+0000] {processor.py:161} INFO - Started process (PID=3275) to work on /home/airflow/.local/lib/python3.8/site-packages/airflow/example_dags/example_latest_only.py
[2023-12-20T06:39:45.539+0000] {processor.py:830} INFO - Processing file /home/airflow/.local/lib/python3.8/site-packages/airflow/example_dags/example_latest_only.py for tasks to queue
[2023-12-20T06:39:45.542+0000] {logging_mixin.py:188} INFO - [2023-12-20T06:39:45.541+0000] {dagbag.py:538} INFO - Filling up the DagBag from /home/airflow/.local/lib/python3.8/site-packages/airflow/example_dags/example_latest_only.py
[2023-12-20T06:39:45.555+0000] {processor.py:840} INFO - DAG(s) 'latest_only' retrieved from /home/airflow/.local/lib/python3.8/site-packages/airflow/example_dags/example_latest_only.py
[2023-12-20T06:39:45.608+0000] {logging_mixin.py:188} INFO - [2023-12-20T06:39:45.608+0000] {dag.py:3033} INFO - Sync 1 DAGs
[2023-12-20T06:39:45.675+0000] {logging_mixin.py:188} INFO - [2023-12-20T06:39:45.675+0000] {dag.py:3820} INFO - Setting next_dagrun for latest_only to 2023-12-20T00:00:00+00:00, run_after=2023-12-20T04:00:00+00:00
[2023-12-20T06:39:45.758+0000] {processor.py:183} INFO - Processing /home/airflow/.local/lib/python3.8/site-packages/airflow/example_dags/example_latest_only.py took 0.227 seconds
[2023-12-20T06:40:16.267+0000] {processor.py:161} INFO - Started process (PID=3332) to work on /home/airflow/.local/lib/python3.8/site-packages/airflow/example_dags/example_latest_only.py
[2023-12-20T06:40:16.300+0000] {processor.py:830} INFO - Processing file /home/airflow/.local/lib/python3.8/site-packages/airflow/example_dags/example_latest_only.py for tasks to queue
[2023-12-20T06:40:16.302+0000] {logging_mixin.py:188} INFO - [2023-12-20T06:40:16.301+0000] {dagbag.py:538} INFO - Filling up the DagBag from /home/airflow/.local/lib/python3.8/site-packages/airflow/example_dags/example_latest_only.py
[2023-12-20T06:40:16.313+0000] {processor.py:840} INFO - DAG(s) 'latest_only' retrieved from /home/airflow/.local/lib/python3.8/site-packages/airflow/example_dags/example_latest_only.py
[2023-12-20T06:40:16.357+0000] {logging_mixin.py:188} INFO - [2023-12-20T06:40:16.357+0000] {dag.py:3033} INFO - Sync 1 DAGs
[2023-12-20T06:40:16.412+0000] {logging_mixin.py:188} INFO - [2023-12-20T06:40:16.411+0000] {dag.py:3820} INFO - Setting next_dagrun for latest_only to 2023-12-20T00:00:00+00:00, run_after=2023-12-20T04:00:00+00:00
[2023-12-20T06:40:16.458+0000] {processor.py:183} INFO - Processing /home/airflow/.local/lib/python3.8/site-packages/airflow/example_dags/example_latest_only.py took 0.214 seconds
[2023-12-20T06:44:57.203+0000] {processor.py:161} INFO - Started process (PID=3388) to work on /home/airflow/.local/lib/python3.8/site-packages/airflow/example_dags/example_latest_only.py
[2023-12-20T06:44:57.208+0000] {processor.py:830} INFO - Processing file /home/airflow/.local/lib/python3.8/site-packages/airflow/example_dags/example_latest_only.py for tasks to queue
[2023-12-20T06:44:57.210+0000] {logging_mixin.py:188} INFO - [2023-12-20T06:44:57.209+0000] {dagbag.py:538} INFO - Filling up the DagBag from /home/airflow/.local/lib/python3.8/site-packages/airflow/example_dags/example_latest_only.py
[2023-12-20T06:44:57.238+0000] {processor.py:840} INFO - DAG(s) 'latest_only' retrieved from /home/airflow/.local/lib/python3.8/site-packages/airflow/example_dags/example_latest_only.py
[2023-12-20T06:44:57.308+0000] {logging_mixin.py:188} INFO - [2023-12-20T06:44:57.307+0000] {dag.py:3033} INFO - Sync 1 DAGs
[2023-12-20T06:44:57.404+0000] {logging_mixin.py:188} INFO - [2023-12-20T06:44:57.404+0000] {dag.py:3820} INFO - Setting next_dagrun for latest_only to 2023-12-20T00:00:00+00:00, run_after=2023-12-20T04:00:00+00:00
[2023-12-20T06:44:57.479+0000] {processor.py:183} INFO - Processing /home/airflow/.local/lib/python3.8/site-packages/airflow/example_dags/example_latest_only.py took 0.304 seconds
[2023-12-20T06:45:28.020+0000] {processor.py:161} INFO - Started process (PID=3446) to work on /home/airflow/.local/lib/python3.8/site-packages/airflow/example_dags/example_latest_only.py
[2023-12-20T06:45:28.023+0000] {processor.py:830} INFO - Processing file /home/airflow/.local/lib/python3.8/site-packages/airflow/example_dags/example_latest_only.py for tasks to queue
[2023-12-20T06:45:28.026+0000] {logging_mixin.py:188} INFO - [2023-12-20T06:45:28.025+0000] {dagbag.py:538} INFO - Filling up the DagBag from /home/airflow/.local/lib/python3.8/site-packages/airflow/example_dags/example_latest_only.py
[2023-12-20T06:45:28.052+0000] {processor.py:840} INFO - DAG(s) 'latest_only' retrieved from /home/airflow/.local/lib/python3.8/site-packages/airflow/example_dags/example_latest_only.py
[2023-12-20T06:45:28.106+0000] {logging_mixin.py:188} INFO - [2023-12-20T06:45:28.106+0000] {dag.py:3033} INFO - Sync 1 DAGs
[2023-12-20T06:45:28.163+0000] {logging_mixin.py:188} INFO - [2023-12-20T06:45:28.163+0000] {dag.py:3820} INFO - Setting next_dagrun for latest_only to 2023-12-20T00:00:00+00:00, run_after=2023-12-20T04:00:00+00:00
[2023-12-20T06:45:28.241+0000] {processor.py:183} INFO - Processing /home/airflow/.local/lib/python3.8/site-packages/airflow/example_dags/example_latest_only.py took 0.253 seconds
[2023-12-20T06:45:58.802+0000] {processor.py:161} INFO - Started process (PID=3505) to work on /home/airflow/.local/lib/python3.8/site-packages/airflow/example_dags/example_latest_only.py
[2023-12-20T06:45:58.803+0000] {processor.py:830} INFO - Processing file /home/airflow/.local/lib/python3.8/site-packages/airflow/example_dags/example_latest_only.py for tasks to queue
[2023-12-20T06:45:58.805+0000] {logging_mixin.py:188} INFO - [2023-12-20T06:45:58.805+0000] {dagbag.py:538} INFO - Filling up the DagBag from /home/airflow/.local/lib/python3.8/site-packages/airflow/example_dags/example_latest_only.py
[2023-12-20T06:45:58.821+0000] {processor.py:840} INFO - DAG(s) 'latest_only' retrieved from /home/airflow/.local/lib/python3.8/site-packages/airflow/example_dags/example_latest_only.py
[2023-12-20T06:45:58.871+0000] {logging_mixin.py:188} INFO - [2023-12-20T06:45:58.870+0000] {dag.py:3033} INFO - Sync 1 DAGs
[2023-12-20T06:45:58.930+0000] {logging_mixin.py:188} INFO - [2023-12-20T06:45:58.929+0000] {dag.py:3820} INFO - Setting next_dagrun for latest_only to 2023-12-20T00:00:00+00:00, run_after=2023-12-20T04:00:00+00:00
[2023-12-20T06:45:59.003+0000] {processor.py:183} INFO - Processing /home/airflow/.local/lib/python3.8/site-packages/airflow/example_dags/example_latest_only.py took 0.209 seconds
[2023-12-20T06:46:30.090+0000] {processor.py:161} INFO - Started process (PID=3563) to work on /home/airflow/.local/lib/python3.8/site-packages/airflow/example_dags/example_latest_only.py
[2023-12-20T06:46:30.093+0000] {processor.py:830} INFO - Processing file /home/airflow/.local/lib/python3.8/site-packages/airflow/example_dags/example_latest_only.py for tasks to queue
[2023-12-20T06:46:30.095+0000] {logging_mixin.py:188} INFO - [2023-12-20T06:46:30.094+0000] {dagbag.py:538} INFO - Filling up the DagBag from /home/airflow/.local/lib/python3.8/site-packages/airflow/example_dags/example_latest_only.py
[2023-12-20T06:46:30.110+0000] {processor.py:840} INFO - DAG(s) 'latest_only' retrieved from /home/airflow/.local/lib/python3.8/site-packages/airflow/example_dags/example_latest_only.py
[2023-12-20T06:46:30.185+0000] {logging_mixin.py:188} INFO - [2023-12-20T06:46:30.184+0000] {dag.py:3033} INFO - Sync 1 DAGs
[2023-12-20T06:46:30.278+0000] {logging_mixin.py:188} INFO - [2023-12-20T06:46:30.278+0000] {dag.py:3820} INFO - Setting next_dagrun for latest_only to 2023-12-20T00:00:00+00:00, run_after=2023-12-20T04:00:00+00:00
[2023-12-20T06:46:30.347+0000] {processor.py:183} INFO - Processing /home/airflow/.local/lib/python3.8/site-packages/airflow/example_dags/example_latest_only.py took 0.278 seconds
[2023-12-20T06:47:00.498+0000] {processor.py:161} INFO - Started process (PID=3621) to work on /home/airflow/.local/lib/python3.8/site-packages/airflow/example_dags/example_latest_only.py
[2023-12-20T06:47:00.528+0000] {processor.py:830} INFO - Processing file /home/airflow/.local/lib/python3.8/site-packages/airflow/example_dags/example_latest_only.py for tasks to queue
[2023-12-20T06:47:00.530+0000] {logging_mixin.py:188} INFO - [2023-12-20T06:47:00.529+0000] {dagbag.py:538} INFO - Filling up the DagBag from /home/airflow/.local/lib/python3.8/site-packages/airflow/example_dags/example_latest_only.py
[2023-12-20T06:47:00.544+0000] {processor.py:840} INFO - DAG(s) 'latest_only' retrieved from /home/airflow/.local/lib/python3.8/site-packages/airflow/example_dags/example_latest_only.py
[2023-12-20T06:47:00.594+0000] {logging_mixin.py:188} INFO - [2023-12-20T06:47:00.593+0000] {dag.py:3033} INFO - Sync 1 DAGs
[2023-12-20T06:47:00.649+0000] {logging_mixin.py:188} INFO - [2023-12-20T06:47:00.649+0000] {dag.py:3820} INFO - Setting next_dagrun for latest_only to 2023-12-20T00:00:00+00:00, run_after=2023-12-20T04:00:00+00:00
[2023-12-20T06:47:00.721+0000] {processor.py:183} INFO - Processing /home/airflow/.local/lib/python3.8/site-packages/airflow/example_dags/example_latest_only.py took 0.229 seconds
[2023-12-20T06:47:44.248+0000] {processor.py:161} INFO - Started process (PID=3686) to work on /home/airflow/.local/lib/python3.8/site-packages/airflow/example_dags/example_latest_only.py
[2023-12-20T06:47:44.275+0000] {processor.py:830} INFO - Processing file /home/airflow/.local/lib/python3.8/site-packages/airflow/example_dags/example_latest_only.py for tasks to queue
[2023-12-20T06:47:44.282+0000] {logging_mixin.py:188} INFO - [2023-12-20T06:47:44.282+0000] {dagbag.py:538} INFO - Filling up the DagBag from /home/airflow/.local/lib/python3.8/site-packages/airflow/example_dags/example_latest_only.py
[2023-12-20T06:47:44.322+0000] {processor.py:840} INFO - DAG(s) 'latest_only' retrieved from /home/airflow/.local/lib/python3.8/site-packages/airflow/example_dags/example_latest_only.py
[2023-12-20T06:47:44.517+0000] {logging_mixin.py:188} INFO - [2023-12-20T06:47:44.512+0000] {dag.py:3033} INFO - Sync 1 DAGs
[2023-12-20T06:47:44.731+0000] {logging_mixin.py:188} INFO - [2023-12-20T06:47:44.727+0000] {dag.py:3820} INFO - Setting next_dagrun for latest_only to 2023-12-20T00:00:00+00:00, run_after=2023-12-20T04:00:00+00:00
[2023-12-20T06:47:44.867+0000] {processor.py:183} INFO - Processing /home/airflow/.local/lib/python3.8/site-packages/airflow/example_dags/example_latest_only.py took 0.645 seconds
[2023-12-20T06:48:54.053+0000] {processor.py:161} INFO - Started process (PID=3753) to work on /home/airflow/.local/lib/python3.8/site-packages/airflow/example_dags/example_latest_only.py
[2023-12-20T06:48:54.069+0000] {processor.py:830} INFO - Processing file /home/airflow/.local/lib/python3.8/site-packages/airflow/example_dags/example_latest_only.py for tasks to queue
[2023-12-20T06:48:54.110+0000] {logging_mixin.py:188} INFO - [2023-12-20T06:48:54.102+0000] {dagbag.py:538} INFO - Filling up the DagBag from /home/airflow/.local/lib/python3.8/site-packages/airflow/example_dags/example_latest_only.py
[2023-12-20T06:48:54.224+0000] {processor.py:840} INFO - DAG(s) 'latest_only' retrieved from /home/airflow/.local/lib/python3.8/site-packages/airflow/example_dags/example_latest_only.py
[2023-12-20T06:48:55.176+0000] {logging_mixin.py:188} INFO - [2023-12-20T06:48:55.135+0000] {dag.py:3033} INFO - Sync 1 DAGs
[2023-12-20T06:48:55.669+0000] {logging_mixin.py:188} INFO - [2023-12-20T06:48:55.669+0000] {dag.py:3820} INFO - Setting next_dagrun for latest_only to 2023-12-20T00:00:00+00:00, run_after=2023-12-20T04:00:00+00:00
[2023-12-20T06:48:56.521+0000] {processor.py:183} INFO - Processing /home/airflow/.local/lib/python3.8/site-packages/airflow/example_dags/example_latest_only.py took 2.546 seconds
[2023-12-20T06:50:13.460+0000] {processor.py:161} INFO - Started process (PID=3821) to work on /home/airflow/.local/lib/python3.8/site-packages/airflow/example_dags/example_latest_only.py
[2023-12-20T06:50:13.473+0000] {processor.py:830} INFO - Processing file /home/airflow/.local/lib/python3.8/site-packages/airflow/example_dags/example_latest_only.py for tasks to queue
[2023-12-20T06:50:13.480+0000] {logging_mixin.py:188} INFO - [2023-12-20T06:50:13.474+0000] {dagbag.py:538} INFO - Filling up the DagBag from /home/airflow/.local/lib/python3.8/site-packages/airflow/example_dags/example_latest_only.py
[2023-12-20T06:50:13.570+0000] {processor.py:840} INFO - DAG(s) 'latest_only' retrieved from /home/airflow/.local/lib/python3.8/site-packages/airflow/example_dags/example_latest_only.py
[2023-12-20T06:50:13.821+0000] {logging_mixin.py:188} INFO - [2023-12-20T06:50:13.821+0000] {dag.py:3033} INFO - Sync 1 DAGs
[2023-12-20T06:50:14.253+0000] {logging_mixin.py:188} INFO - [2023-12-20T06:50:14.229+0000] {dag.py:3820} INFO - Setting next_dagrun for latest_only to 2023-12-20T00:00:00+00:00, run_after=2023-12-20T04:00:00+00:00
[2023-12-20T06:50:14.845+0000] {processor.py:183} INFO - Processing /home/airflow/.local/lib/python3.8/site-packages/airflow/example_dags/example_latest_only.py took 1.429 seconds
[2023-12-20T06:51:26.121+0000] {processor.py:161} INFO - Started process (PID=3893) to work on /home/airflow/.local/lib/python3.8/site-packages/airflow/example_dags/example_latest_only.py
[2023-12-20T06:51:26.126+0000] {processor.py:830} INFO - Processing file /home/airflow/.local/lib/python3.8/site-packages/airflow/example_dags/example_latest_only.py for tasks to queue
[2023-12-20T06:51:26.144+0000] {logging_mixin.py:188} INFO - [2023-12-20T06:51:26.141+0000] {dagbag.py:538} INFO - Filling up the DagBag from /home/airflow/.local/lib/python3.8/site-packages/airflow/example_dags/example_latest_only.py
[2023-12-20T06:51:26.303+0000] {processor.py:840} INFO - DAG(s) 'latest_only' retrieved from /home/airflow/.local/lib/python3.8/site-packages/airflow/example_dags/example_latest_only.py
[2023-12-20T06:51:26.755+0000] {logging_mixin.py:188} INFO - [2023-12-20T06:51:26.751+0000] {dag.py:3033} INFO - Sync 1 DAGs
[2023-12-20T06:51:27.376+0000] {logging_mixin.py:188} INFO - [2023-12-20T06:51:27.374+0000] {dag.py:3820} INFO - Setting next_dagrun for latest_only to 2023-12-20T00:00:00+00:00, run_after=2023-12-20T04:00:00+00:00
[2023-12-20T06:51:27.812+0000] {processor.py:183} INFO - Processing /home/airflow/.local/lib/python3.8/site-packages/airflow/example_dags/example_latest_only.py took 1.705 seconds
[2023-12-20T06:52:29.690+0000] {processor.py:161} INFO - Started process (PID=3955) to work on /home/airflow/.local/lib/python3.8/site-packages/airflow/example_dags/example_latest_only.py
[2023-12-20T06:52:29.717+0000] {processor.py:830} INFO - Processing file /home/airflow/.local/lib/python3.8/site-packages/airflow/example_dags/example_latest_only.py for tasks to queue
[2023-12-20T06:52:29.761+0000] {logging_mixin.py:188} INFO - [2023-12-20T06:52:29.718+0000] {dagbag.py:538} INFO - Filling up the DagBag from /home/airflow/.local/lib/python3.8/site-packages/airflow/example_dags/example_latest_only.py
[2023-12-20T06:52:29.958+0000] {processor.py:840} INFO - DAG(s) 'latest_only' retrieved from /home/airflow/.local/lib/python3.8/site-packages/airflow/example_dags/example_latest_only.py
[2023-12-20T06:52:30.330+0000] {logging_mixin.py:188} INFO - [2023-12-20T06:52:30.324+0000] {dag.py:3033} INFO - Sync 1 DAGs
[2023-12-20T06:52:30.623+0000] {logging_mixin.py:188} INFO - [2023-12-20T06:52:30.622+0000] {dag.py:3820} INFO - Setting next_dagrun for latest_only to 2023-12-20T00:00:00+00:00, run_after=2023-12-20T04:00:00+00:00
[2023-12-20T06:52:30.881+0000] {processor.py:183} INFO - Processing /home/airflow/.local/lib/python3.8/site-packages/airflow/example_dags/example_latest_only.py took 1.358 seconds
[2023-12-20T06:53:15.578+0000] {processor.py:161} INFO - Started process (PID=4008) to work on /home/airflow/.local/lib/python3.8/site-packages/airflow/example_dags/example_latest_only.py
[2023-12-20T06:53:15.596+0000] {processor.py:830} INFO - Processing file /home/airflow/.local/lib/python3.8/site-packages/airflow/example_dags/example_latest_only.py for tasks to queue
[2023-12-20T06:53:15.606+0000] {logging_mixin.py:188} INFO - [2023-12-20T06:53:15.602+0000] {dagbag.py:538} INFO - Filling up the DagBag from /home/airflow/.local/lib/python3.8/site-packages/airflow/example_dags/example_latest_only.py
[2023-12-20T06:53:15.641+0000] {processor.py:840} INFO - DAG(s) 'latest_only' retrieved from /home/airflow/.local/lib/python3.8/site-packages/airflow/example_dags/example_latest_only.py
[2023-12-20T06:53:15.783+0000] {logging_mixin.py:188} INFO - [2023-12-20T06:53:15.777+0000] {dag.py:3033} INFO - Sync 1 DAGs
[2023-12-20T06:53:15.892+0000] {logging_mixin.py:188} INFO - [2023-12-20T06:53:15.892+0000] {dag.py:3820} INFO - Setting next_dagrun for latest_only to 2023-12-20T00:00:00+00:00, run_after=2023-12-20T04:00:00+00:00
[2023-12-20T06:53:16.185+0000] {processor.py:183} INFO - Processing /home/airflow/.local/lib/python3.8/site-packages/airflow/example_dags/example_latest_only.py took 0.689 seconds
