[2023-12-20T05:42:09.140+0000] {processor.py:161} INFO - Started process (PID=115) to work on /home/airflow/.local/lib/python3.8/site-packages/airflow/example_dags/example_branch_python_dop_operator_3.py
[2023-12-20T05:42:09.142+0000] {processor.py:830} INFO - Processing file /home/airflow/.local/lib/python3.8/site-packages/airflow/example_dags/example_branch_python_dop_operator_3.py for tasks to queue
[2023-12-20T05:42:09.156+0000] {logging_mixin.py:188} INFO - [2023-12-20T05:42:09.155+0000] {dagbag.py:538} INFO - Filling up the DagBag from /home/airflow/.local/lib/python3.8/site-packages/airflow/example_dags/example_branch_python_dop_operator_3.py
[2023-12-20T05:42:09.236+0000] {processor.py:840} INFO - DAG(s) 'example_branch_dop_operator_v3' retrieved from /home/airflow/.local/lib/python3.8/site-packages/airflow/example_dags/example_branch_python_dop_operator_3.py
[2023-12-20T05:42:10.710+0000] {logging_mixin.py:188} INFO - [2023-12-20T05:42:10.709+0000] {dag.py:3033} INFO - Sync 1 DAGs
[2023-12-20T05:42:11.073+0000] {logging_mixin.py:188} INFO - [2023-12-20T05:42:11.072+0000] {dag.py:3820} INFO - Setting next_dagrun for example_branch_dop_operator_v3 to 2023-12-20T05:41:00+00:00, run_after=2023-12-20T05:42:00+00:00
[2023-12-20T05:42:11.407+0000] {processor.py:183} INFO - Processing /home/airflow/.local/lib/python3.8/site-packages/airflow/example_dags/example_branch_python_dop_operator_3.py took 2.289 seconds
[2023-12-20T06:07:15.565+0000] {processor.py:161} INFO - Started process (PID=89) to work on /home/airflow/.local/lib/python3.8/site-packages/airflow/example_dags/example_branch_python_dop_operator_3.py
[2023-12-20T06:07:15.575+0000] {processor.py:830} INFO - Processing file /home/airflow/.local/lib/python3.8/site-packages/airflow/example_dags/example_branch_python_dop_operator_3.py for tasks to queue
[2023-12-20T06:07:15.590+0000] {logging_mixin.py:188} INFO - [2023-12-20T06:07:15.590+0000] {dagbag.py:538} INFO - Filling up the DagBag from /home/airflow/.local/lib/python3.8/site-packages/airflow/example_dags/example_branch_python_dop_operator_3.py
[2023-12-20T06:07:15.716+0000] {processor.py:840} INFO - DAG(s) 'example_branch_dop_operator_v3' retrieved from /home/airflow/.local/lib/python3.8/site-packages/airflow/example_dags/example_branch_python_dop_operator_3.py
[2023-12-20T06:07:15.944+0000] {logging_mixin.py:188} INFO - [2023-12-20T06:07:15.940+0000] {dag.py:3033} INFO - Sync 1 DAGs
[2023-12-20T06:07:16.333+0000] {logging_mixin.py:188} INFO - [2023-12-20T06:07:16.332+0000] {dag.py:3820} INFO - Setting next_dagrun for example_branch_dop_operator_v3 to 2023-12-20T06:06:00+00:00, run_after=2023-12-20T06:07:00+00:00
[2023-12-20T06:07:16.789+0000] {processor.py:183} INFO - Processing /home/airflow/.local/lib/python3.8/site-packages/airflow/example_dags/example_branch_python_dop_operator_3.py took 1.231 seconds
[2023-12-20T06:07:47.203+0000] {processor.py:161} INFO - Started process (PID=143) to work on /home/airflow/.local/lib/python3.8/site-packages/airflow/example_dags/example_branch_python_dop_operator_3.py
[2023-12-20T06:07:47.240+0000] {processor.py:830} INFO - Processing file /home/airflow/.local/lib/python3.8/site-packages/airflow/example_dags/example_branch_python_dop_operator_3.py for tasks to queue
[2023-12-20T06:07:47.244+0000] {logging_mixin.py:188} INFO - [2023-12-20T06:07:47.243+0000] {dagbag.py:538} INFO - Filling up the DagBag from /home/airflow/.local/lib/python3.8/site-packages/airflow/example_dags/example_branch_python_dop_operator_3.py
[2023-12-20T06:07:47.276+0000] {processor.py:840} INFO - DAG(s) 'example_branch_dop_operator_v3' retrieved from /home/airflow/.local/lib/python3.8/site-packages/airflow/example_dags/example_branch_python_dop_operator_3.py
[2023-12-20T06:07:47.355+0000] {logging_mixin.py:188} INFO - [2023-12-20T06:07:47.354+0000] {dag.py:3033} INFO - Sync 1 DAGs
[2023-12-20T06:07:47.470+0000] {logging_mixin.py:188} INFO - [2023-12-20T06:07:47.469+0000] {dag.py:3820} INFO - Setting next_dagrun for example_branch_dop_operator_v3 to 2023-12-20T06:06:00+00:00, run_after=2023-12-20T06:07:00+00:00
[2023-12-20T06:07:47.643+0000] {processor.py:183} INFO - Processing /home/airflow/.local/lib/python3.8/site-packages/airflow/example_dags/example_branch_python_dop_operator_3.py took 0.446 seconds
[2023-12-20T06:08:17.999+0000] {processor.py:161} INFO - Started process (PID=198) to work on /home/airflow/.local/lib/python3.8/site-packages/airflow/example_dags/example_branch_python_dop_operator_3.py
[2023-12-20T06:08:18.007+0000] {processor.py:830} INFO - Processing file /home/airflow/.local/lib/python3.8/site-packages/airflow/example_dags/example_branch_python_dop_operator_3.py for tasks to queue
[2023-12-20T06:08:18.021+0000] {logging_mixin.py:188} INFO - [2023-12-20T06:08:18.012+0000] {dagbag.py:538} INFO - Filling up the DagBag from /home/airflow/.local/lib/python3.8/site-packages/airflow/example_dags/example_branch_python_dop_operator_3.py
[2023-12-20T06:08:18.114+0000] {processor.py:840} INFO - DAG(s) 'example_branch_dop_operator_v3' retrieved from /home/airflow/.local/lib/python3.8/site-packages/airflow/example_dags/example_branch_python_dop_operator_3.py
[2023-12-20T06:08:18.265+0000] {logging_mixin.py:188} INFO - [2023-12-20T06:08:18.262+0000] {dag.py:3033} INFO - Sync 1 DAGs
[2023-12-20T06:08:18.439+0000] {logging_mixin.py:188} INFO - [2023-12-20T06:08:18.439+0000] {dag.py:3820} INFO - Setting next_dagrun for example_branch_dop_operator_v3 to 2023-12-20T06:07:00+00:00, run_after=2023-12-20T06:08:00+00:00
[2023-12-20T06:08:18.539+0000] {processor.py:183} INFO - Processing /home/airflow/.local/lib/python3.8/site-packages/airflow/example_dags/example_branch_python_dop_operator_3.py took 0.561 seconds
[2023-12-20T06:09:09.382+0000] {processor.py:161} INFO - Started process (PID=266) to work on /home/airflow/.local/lib/python3.8/site-packages/airflow/example_dags/example_branch_python_dop_operator_3.py
[2023-12-20T06:09:09.428+0000] {processor.py:830} INFO - Processing file /home/airflow/.local/lib/python3.8/site-packages/airflow/example_dags/example_branch_python_dop_operator_3.py for tasks to queue
[2023-12-20T06:09:09.453+0000] {logging_mixin.py:188} INFO - [2023-12-20T06:09:09.442+0000] {dagbag.py:538} INFO - Filling up the DagBag from /home/airflow/.local/lib/python3.8/site-packages/airflow/example_dags/example_branch_python_dop_operator_3.py
[2023-12-20T06:09:09.567+0000] {processor.py:840} INFO - DAG(s) 'example_branch_dop_operator_v3' retrieved from /home/airflow/.local/lib/python3.8/site-packages/airflow/example_dags/example_branch_python_dop_operator_3.py
[2023-12-20T06:09:09.782+0000] {logging_mixin.py:188} INFO - [2023-12-20T06:09:09.781+0000] {dag.py:3033} INFO - Sync 1 DAGs
[2023-12-20T06:09:10.246+0000] {logging_mixin.py:188} INFO - [2023-12-20T06:09:10.242+0000] {dag.py:3820} INFO - Setting next_dagrun for example_branch_dop_operator_v3 to 2023-12-20T06:08:00+00:00, run_after=2023-12-20T06:09:00+00:00
[2023-12-20T06:09:10.475+0000] {processor.py:183} INFO - Processing /home/airflow/.local/lib/python3.8/site-packages/airflow/example_dags/example_branch_python_dop_operator_3.py took 1.122 seconds
[2023-12-20T06:09:40.996+0000] {processor.py:161} INFO - Started process (PID=321) to work on /home/airflow/.local/lib/python3.8/site-packages/airflow/example_dags/example_branch_python_dop_operator_3.py
[2023-12-20T06:09:41.005+0000] {processor.py:830} INFO - Processing file /home/airflow/.local/lib/python3.8/site-packages/airflow/example_dags/example_branch_python_dop_operator_3.py for tasks to queue
[2023-12-20T06:09:41.016+0000] {logging_mixin.py:188} INFO - [2023-12-20T06:09:41.015+0000] {dagbag.py:538} INFO - Filling up the DagBag from /home/airflow/.local/lib/python3.8/site-packages/airflow/example_dags/example_branch_python_dop_operator_3.py
[2023-12-20T06:09:41.121+0000] {processor.py:840} INFO - DAG(s) 'example_branch_dop_operator_v3' retrieved from /home/airflow/.local/lib/python3.8/site-packages/airflow/example_dags/example_branch_python_dop_operator_3.py
[2023-12-20T06:09:41.234+0000] {logging_mixin.py:188} INFO - [2023-12-20T06:09:41.232+0000] {dag.py:3033} INFO - Sync 1 DAGs
[2023-12-20T06:09:41.419+0000] {logging_mixin.py:188} INFO - [2023-12-20T06:09:41.416+0000] {dag.py:3820} INFO - Setting next_dagrun for example_branch_dop_operator_v3 to 2023-12-20T06:08:00+00:00, run_after=2023-12-20T06:09:00+00:00
[2023-12-20T06:09:41.521+0000] {processor.py:183} INFO - Processing /home/airflow/.local/lib/python3.8/site-packages/airflow/example_dags/example_branch_python_dop_operator_3.py took 0.548 seconds
[2023-12-20T06:10:12.563+0000] {processor.py:161} INFO - Started process (PID=375) to work on /home/airflow/.local/lib/python3.8/site-packages/airflow/example_dags/example_branch_python_dop_operator_3.py
[2023-12-20T06:10:12.568+0000] {processor.py:830} INFO - Processing file /home/airflow/.local/lib/python3.8/site-packages/airflow/example_dags/example_branch_python_dop_operator_3.py for tasks to queue
[2023-12-20T06:10:12.581+0000] {logging_mixin.py:188} INFO - [2023-12-20T06:10:12.580+0000] {dagbag.py:538} INFO - Filling up the DagBag from /home/airflow/.local/lib/python3.8/site-packages/airflow/example_dags/example_branch_python_dop_operator_3.py
[2023-12-20T06:10:12.708+0000] {processor.py:840} INFO - DAG(s) 'example_branch_dop_operator_v3' retrieved from /home/airflow/.local/lib/python3.8/site-packages/airflow/example_dags/example_branch_python_dop_operator_3.py
[2023-12-20T06:10:12.798+0000] {logging_mixin.py:188} INFO - [2023-12-20T06:10:12.798+0000] {dag.py:3033} INFO - Sync 1 DAGs
[2023-12-20T06:10:13.072+0000] {logging_mixin.py:188} INFO - [2023-12-20T06:10:13.072+0000] {dag.py:3820} INFO - Setting next_dagrun for example_branch_dop_operator_v3 to 2023-12-20T06:09:00+00:00, run_after=2023-12-20T06:10:00+00:00
[2023-12-20T06:10:13.294+0000] {processor.py:183} INFO - Processing /home/airflow/.local/lib/python3.8/site-packages/airflow/example_dags/example_branch_python_dop_operator_3.py took 0.751 seconds
[2023-12-20T06:10:44.812+0000] {processor.py:161} INFO - Started process (PID=431) to work on /home/airflow/.local/lib/python3.8/site-packages/airflow/example_dags/example_branch_python_dop_operator_3.py
[2023-12-20T06:10:44.831+0000] {processor.py:830} INFO - Processing file /home/airflow/.local/lib/python3.8/site-packages/airflow/example_dags/example_branch_python_dop_operator_3.py for tasks to queue
[2023-12-20T06:10:44.849+0000] {logging_mixin.py:188} INFO - [2023-12-20T06:10:44.843+0000] {dagbag.py:538} INFO - Filling up the DagBag from /home/airflow/.local/lib/python3.8/site-packages/airflow/example_dags/example_branch_python_dop_operator_3.py
[2023-12-20T06:10:44.957+0000] {processor.py:840} INFO - DAG(s) 'example_branch_dop_operator_v3' retrieved from /home/airflow/.local/lib/python3.8/site-packages/airflow/example_dags/example_branch_python_dop_operator_3.py
[2023-12-20T06:10:45.019+0000] {logging_mixin.py:188} INFO - [2023-12-20T06:10:45.018+0000] {dag.py:3033} INFO - Sync 1 DAGs
[2023-12-20T06:10:45.209+0000] {logging_mixin.py:188} INFO - [2023-12-20T06:10:45.209+0000] {dag.py:3820} INFO - Setting next_dagrun for example_branch_dop_operator_v3 to 2023-12-20T06:09:00+00:00, run_after=2023-12-20T06:10:00+00:00
[2023-12-20T06:10:45.518+0000] {processor.py:183} INFO - Processing /home/airflow/.local/lib/python3.8/site-packages/airflow/example_dags/example_branch_python_dop_operator_3.py took 0.738 seconds
[2023-12-20T06:11:16.314+0000] {processor.py:161} INFO - Started process (PID=486) to work on /home/airflow/.local/lib/python3.8/site-packages/airflow/example_dags/example_branch_python_dop_operator_3.py
[2023-12-20T06:11:16.316+0000] {processor.py:830} INFO - Processing file /home/airflow/.local/lib/python3.8/site-packages/airflow/example_dags/example_branch_python_dop_operator_3.py for tasks to queue
[2023-12-20T06:11:16.324+0000] {logging_mixin.py:188} INFO - [2023-12-20T06:11:16.323+0000] {dagbag.py:538} INFO - Filling up the DagBag from /home/airflow/.local/lib/python3.8/site-packages/airflow/example_dags/example_branch_python_dop_operator_3.py
[2023-12-20T06:11:16.387+0000] {processor.py:840} INFO - DAG(s) 'example_branch_dop_operator_v3' retrieved from /home/airflow/.local/lib/python3.8/site-packages/airflow/example_dags/example_branch_python_dop_operator_3.py
[2023-12-20T06:11:16.520+0000] {logging_mixin.py:188} INFO - [2023-12-20T06:11:16.519+0000] {dag.py:3033} INFO - Sync 1 DAGs
[2023-12-20T06:11:16.615+0000] {logging_mixin.py:188} INFO - [2023-12-20T06:11:16.615+0000] {dag.py:3820} INFO - Setting next_dagrun for example_branch_dop_operator_v3 to 2023-12-20T06:10:00+00:00, run_after=2023-12-20T06:11:00+00:00
[2023-12-20T06:11:16.845+0000] {processor.py:183} INFO - Processing /home/airflow/.local/lib/python3.8/site-packages/airflow/example_dags/example_branch_python_dop_operator_3.py took 0.540 seconds
[2023-12-20T06:11:47.452+0000] {processor.py:161} INFO - Started process (PID=540) to work on /home/airflow/.local/lib/python3.8/site-packages/airflow/example_dags/example_branch_python_dop_operator_3.py
[2023-12-20T06:11:47.489+0000] {processor.py:830} INFO - Processing file /home/airflow/.local/lib/python3.8/site-packages/airflow/example_dags/example_branch_python_dop_operator_3.py for tasks to queue
[2023-12-20T06:11:47.495+0000] {logging_mixin.py:188} INFO - [2023-12-20T06:11:47.494+0000] {dagbag.py:538} INFO - Filling up the DagBag from /home/airflow/.local/lib/python3.8/site-packages/airflow/example_dags/example_branch_python_dop_operator_3.py
[2023-12-20T06:11:47.517+0000] {processor.py:840} INFO - DAG(s) 'example_branch_dop_operator_v3' retrieved from /home/airflow/.local/lib/python3.8/site-packages/airflow/example_dags/example_branch_python_dop_operator_3.py
[2023-12-20T06:11:47.567+0000] {logging_mixin.py:188} INFO - [2023-12-20T06:11:47.566+0000] {dag.py:3033} INFO - Sync 1 DAGs
[2023-12-20T06:11:47.712+0000] {logging_mixin.py:188} INFO - [2023-12-20T06:11:47.711+0000] {dag.py:3820} INFO - Setting next_dagrun for example_branch_dop_operator_v3 to 2023-12-20T06:10:00+00:00, run_after=2023-12-20T06:11:00+00:00
[2023-12-20T06:11:47.807+0000] {processor.py:183} INFO - Processing /home/airflow/.local/lib/python3.8/site-packages/airflow/example_dags/example_branch_python_dop_operator_3.py took 0.363 seconds
[2023-12-20T06:12:18.311+0000] {processor.py:161} INFO - Started process (PID=595) to work on /home/airflow/.local/lib/python3.8/site-packages/airflow/example_dags/example_branch_python_dop_operator_3.py
[2023-12-20T06:12:18.325+0000] {processor.py:830} INFO - Processing file /home/airflow/.local/lib/python3.8/site-packages/airflow/example_dags/example_branch_python_dop_operator_3.py for tasks to queue
[2023-12-20T06:12:18.344+0000] {logging_mixin.py:188} INFO - [2023-12-20T06:12:18.343+0000] {dagbag.py:538} INFO - Filling up the DagBag from /home/airflow/.local/lib/python3.8/site-packages/airflow/example_dags/example_branch_python_dop_operator_3.py
[2023-12-20T06:12:18.467+0000] {processor.py:840} INFO - DAG(s) 'example_branch_dop_operator_v3' retrieved from /home/airflow/.local/lib/python3.8/site-packages/airflow/example_dags/example_branch_python_dop_operator_3.py
[2023-12-20T06:12:18.770+0000] {logging_mixin.py:188} INFO - [2023-12-20T06:12:18.764+0000] {dag.py:3033} INFO - Sync 1 DAGs
[2023-12-20T06:12:19.011+0000] {logging_mixin.py:188} INFO - [2023-12-20T06:12:19.011+0000] {dag.py:3820} INFO - Setting next_dagrun for example_branch_dop_operator_v3 to 2023-12-20T06:11:00+00:00, run_after=2023-12-20T06:12:00+00:00
[2023-12-20T06:12:19.238+0000] {processor.py:183} INFO - Processing /home/airflow/.local/lib/python3.8/site-packages/airflow/example_dags/example_branch_python_dop_operator_3.py took 0.946 seconds
[2023-12-20T06:12:55.562+0000] {processor.py:161} INFO - Started process (PID=650) to work on /home/airflow/.local/lib/python3.8/site-packages/airflow/example_dags/example_branch_python_dop_operator_3.py
[2023-12-20T06:12:55.581+0000] {processor.py:830} INFO - Processing file /home/airflow/.local/lib/python3.8/site-packages/airflow/example_dags/example_branch_python_dop_operator_3.py for tasks to queue
[2023-12-20T06:12:55.601+0000] {logging_mixin.py:188} INFO - [2023-12-20T06:12:55.601+0000] {dagbag.py:538} INFO - Filling up the DagBag from /home/airflow/.local/lib/python3.8/site-packages/airflow/example_dags/example_branch_python_dop_operator_3.py
[2023-12-20T06:12:55.887+0000] {processor.py:840} INFO - DAG(s) 'example_branch_dop_operator_v3' retrieved from /home/airflow/.local/lib/python3.8/site-packages/airflow/example_dags/example_branch_python_dop_operator_3.py
[2023-12-20T06:12:56.079+0000] {logging_mixin.py:188} INFO - [2023-12-20T06:12:56.078+0000] {dag.py:3033} INFO - Sync 1 DAGs
[2023-12-20T06:12:57.430+0000] {logging_mixin.py:188} INFO - [2023-12-20T06:12:57.412+0000] {dag.py:3820} INFO - Setting next_dagrun for example_branch_dop_operator_v3 to 2023-12-20T06:11:00+00:00, run_after=2023-12-20T06:12:00+00:00
[2023-12-20T06:12:57.655+0000] {processor.py:183} INFO - Processing /home/airflow/.local/lib/python3.8/site-packages/airflow/example_dags/example_branch_python_dop_operator_3.py took 2.152 seconds
[2023-12-20T06:13:46.277+0000] {processor.py:161} INFO - Started process (PID=716) to work on /home/airflow/.local/lib/python3.8/site-packages/airflow/example_dags/example_branch_python_dop_operator_3.py
[2023-12-20T06:13:46.281+0000] {processor.py:830} INFO - Processing file /home/airflow/.local/lib/python3.8/site-packages/airflow/example_dags/example_branch_python_dop_operator_3.py for tasks to queue
[2023-12-20T06:13:46.301+0000] {logging_mixin.py:188} INFO - [2023-12-20T06:13:46.301+0000] {dagbag.py:538} INFO - Filling up the DagBag from /home/airflow/.local/lib/python3.8/site-packages/airflow/example_dags/example_branch_python_dop_operator_3.py
[2023-12-20T06:13:46.412+0000] {processor.py:840} INFO - DAG(s) 'example_branch_dop_operator_v3' retrieved from /home/airflow/.local/lib/python3.8/site-packages/airflow/example_dags/example_branch_python_dop_operator_3.py
[2023-12-20T06:13:46.586+0000] {logging_mixin.py:188} INFO - [2023-12-20T06:13:46.585+0000] {dag.py:3033} INFO - Sync 1 DAGs
[2023-12-20T06:13:46.942+0000] {logging_mixin.py:188} INFO - [2023-12-20T06:13:46.941+0000] {dag.py:3820} INFO - Setting next_dagrun for example_branch_dop_operator_v3 to 2023-12-20T06:12:00+00:00, run_after=2023-12-20T06:13:00+00:00
[2023-12-20T06:13:47.121+0000] {processor.py:183} INFO - Processing /home/airflow/.local/lib/python3.8/site-packages/airflow/example_dags/example_branch_python_dop_operator_3.py took 0.870 seconds
[2023-12-20T06:14:25.600+0000] {processor.py:161} INFO - Started process (PID=773) to work on /home/airflow/.local/lib/python3.8/site-packages/airflow/example_dags/example_branch_python_dop_operator_3.py
[2023-12-20T06:14:25.609+0000] {processor.py:830} INFO - Processing file /home/airflow/.local/lib/python3.8/site-packages/airflow/example_dags/example_branch_python_dop_operator_3.py for tasks to queue
[2023-12-20T06:14:25.619+0000] {logging_mixin.py:188} INFO - [2023-12-20T06:14:25.617+0000] {dagbag.py:538} INFO - Filling up the DagBag from /home/airflow/.local/lib/python3.8/site-packages/airflow/example_dags/example_branch_python_dop_operator_3.py
[2023-12-20T06:14:25.680+0000] {processor.py:840} INFO - DAG(s) 'example_branch_dop_operator_v3' retrieved from /home/airflow/.local/lib/python3.8/site-packages/airflow/example_dags/example_branch_python_dop_operator_3.py
[2023-12-20T06:14:25.824+0000] {logging_mixin.py:188} INFO - [2023-12-20T06:14:25.824+0000] {dag.py:3033} INFO - Sync 1 DAGs
[2023-12-20T06:14:26.127+0000] {logging_mixin.py:188} INFO - [2023-12-20T06:14:26.126+0000] {dag.py:3820} INFO - Setting next_dagrun for example_branch_dop_operator_v3 to 2023-12-20T06:13:00+00:00, run_after=2023-12-20T06:14:00+00:00
[2023-12-20T06:14:26.418+0000] {processor.py:183} INFO - Processing /home/airflow/.local/lib/python3.8/site-packages/airflow/example_dags/example_branch_python_dop_operator_3.py took 0.829 seconds
[2023-12-20T06:14:58.376+0000] {processor.py:161} INFO - Started process (PID=828) to work on /home/airflow/.local/lib/python3.8/site-packages/airflow/example_dags/example_branch_python_dop_operator_3.py
[2023-12-20T06:14:58.417+0000] {processor.py:830} INFO - Processing file /home/airflow/.local/lib/python3.8/site-packages/airflow/example_dags/example_branch_python_dop_operator_3.py for tasks to queue
[2023-12-20T06:14:58.437+0000] {logging_mixin.py:188} INFO - [2023-12-20T06:14:58.420+0000] {dagbag.py:538} INFO - Filling up the DagBag from /home/airflow/.local/lib/python3.8/site-packages/airflow/example_dags/example_branch_python_dop_operator_3.py
[2023-12-20T06:14:58.510+0000] {processor.py:840} INFO - DAG(s) 'example_branch_dop_operator_v3' retrieved from /home/airflow/.local/lib/python3.8/site-packages/airflow/example_dags/example_branch_python_dop_operator_3.py
[2023-12-20T06:14:58.795+0000] {logging_mixin.py:188} INFO - [2023-12-20T06:14:58.795+0000] {dag.py:3033} INFO - Sync 1 DAGs
[2023-12-20T06:14:59.023+0000] {logging_mixin.py:188} INFO - [2023-12-20T06:14:59.022+0000] {dag.py:3820} INFO - Setting next_dagrun for example_branch_dop_operator_v3 to 2023-12-20T06:13:00+00:00, run_after=2023-12-20T06:14:00+00:00
[2023-12-20T06:14:59.172+0000] {processor.py:183} INFO - Processing /home/airflow/.local/lib/python3.8/site-packages/airflow/example_dags/example_branch_python_dop_operator_3.py took 0.812 seconds
[2023-12-20T06:15:31.884+0000] {processor.py:161} INFO - Started process (PID=885) to work on /home/airflow/.local/lib/python3.8/site-packages/airflow/example_dags/example_branch_python_dop_operator_3.py
[2023-12-20T06:15:31.890+0000] {processor.py:830} INFO - Processing file /home/airflow/.local/lib/python3.8/site-packages/airflow/example_dags/example_branch_python_dop_operator_3.py for tasks to queue
[2023-12-20T06:15:31.909+0000] {logging_mixin.py:188} INFO - [2023-12-20T06:15:31.902+0000] {dagbag.py:538} INFO - Filling up the DagBag from /home/airflow/.local/lib/python3.8/site-packages/airflow/example_dags/example_branch_python_dop_operator_3.py
[2023-12-20T06:15:31.980+0000] {processor.py:840} INFO - DAG(s) 'example_branch_dop_operator_v3' retrieved from /home/airflow/.local/lib/python3.8/site-packages/airflow/example_dags/example_branch_python_dop_operator_3.py
[2023-12-20T06:15:32.158+0000] {logging_mixin.py:188} INFO - [2023-12-20T06:15:32.158+0000] {dag.py:3033} INFO - Sync 1 DAGs
[2023-12-20T06:15:32.331+0000] {logging_mixin.py:188} INFO - [2023-12-20T06:15:32.330+0000] {dag.py:3820} INFO - Setting next_dagrun for example_branch_dop_operator_v3 to 2023-12-20T06:14:00+00:00, run_after=2023-12-20T06:15:00+00:00
[2023-12-20T06:15:32.599+0000] {processor.py:183} INFO - Processing /home/airflow/.local/lib/python3.8/site-packages/airflow/example_dags/example_branch_python_dop_operator_3.py took 0.744 seconds
[2023-12-20T06:16:06.978+0000] {processor.py:161} INFO - Started process (PID=949) to work on /home/airflow/.local/lib/python3.8/site-packages/airflow/example_dags/example_branch_python_dop_operator_3.py
[2023-12-20T06:16:06.997+0000] {processor.py:830} INFO - Processing file /home/airflow/.local/lib/python3.8/site-packages/airflow/example_dags/example_branch_python_dop_operator_3.py for tasks to queue
[2023-12-20T06:16:07.061+0000] {logging_mixin.py:188} INFO - [2023-12-20T06:16:07.061+0000] {dagbag.py:538} INFO - Filling up the DagBag from /home/airflow/.local/lib/python3.8/site-packages/airflow/example_dags/example_branch_python_dop_operator_3.py
[2023-12-20T06:16:07.290+0000] {processor.py:840} INFO - DAG(s) 'example_branch_dop_operator_v3' retrieved from /home/airflow/.local/lib/python3.8/site-packages/airflow/example_dags/example_branch_python_dop_operator_3.py
[2023-12-20T06:16:07.542+0000] {logging_mixin.py:188} INFO - [2023-12-20T06:16:07.538+0000] {dag.py:3033} INFO - Sync 1 DAGs
[2023-12-20T06:16:08.015+0000] {logging_mixin.py:188} INFO - [2023-12-20T06:16:08.014+0000] {dag.py:3820} INFO - Setting next_dagrun for example_branch_dop_operator_v3 to 2023-12-20T06:15:00+00:00, run_after=2023-12-20T06:16:00+00:00
[2023-12-20T06:16:08.260+0000] {processor.py:183} INFO - Processing /home/airflow/.local/lib/python3.8/site-packages/airflow/example_dags/example_branch_python_dop_operator_3.py took 1.323 seconds
[2023-12-20T06:16:38.527+0000] {processor.py:161} INFO - Started process (PID=1004) to work on /home/airflow/.local/lib/python3.8/site-packages/airflow/example_dags/example_branch_python_dop_operator_3.py
[2023-12-20T06:16:38.577+0000] {processor.py:830} INFO - Processing file /home/airflow/.local/lib/python3.8/site-packages/airflow/example_dags/example_branch_python_dop_operator_3.py for tasks to queue
[2023-12-20T06:16:38.591+0000] {logging_mixin.py:188} INFO - [2023-12-20T06:16:38.580+0000] {dagbag.py:538} INFO - Filling up the DagBag from /home/airflow/.local/lib/python3.8/site-packages/airflow/example_dags/example_branch_python_dop_operator_3.py
[2023-12-20T06:16:38.673+0000] {processor.py:840} INFO - DAG(s) 'example_branch_dop_operator_v3' retrieved from /home/airflow/.local/lib/python3.8/site-packages/airflow/example_dags/example_branch_python_dop_operator_3.py
[2023-12-20T06:16:38.906+0000] {logging_mixin.py:188} INFO - [2023-12-20T06:16:38.906+0000] {dag.py:3033} INFO - Sync 1 DAGs
[2023-12-20T06:16:39.205+0000] {logging_mixin.py:188} INFO - [2023-12-20T06:16:39.204+0000] {dag.py:3820} INFO - Setting next_dagrun for example_branch_dop_operator_v3 to 2023-12-20T06:15:00+00:00, run_after=2023-12-20T06:16:00+00:00
[2023-12-20T06:16:39.331+0000] {processor.py:183} INFO - Processing /home/airflow/.local/lib/python3.8/site-packages/airflow/example_dags/example_branch_python_dop_operator_3.py took 0.863 seconds
[2023-12-20T06:17:09.676+0000] {processor.py:161} INFO - Started process (PID=1060) to work on /home/airflow/.local/lib/python3.8/site-packages/airflow/example_dags/example_branch_python_dop_operator_3.py
[2023-12-20T06:17:09.728+0000] {processor.py:830} INFO - Processing file /home/airflow/.local/lib/python3.8/site-packages/airflow/example_dags/example_branch_python_dop_operator_3.py for tasks to queue
[2023-12-20T06:17:09.732+0000] {logging_mixin.py:188} INFO - [2023-12-20T06:17:09.731+0000] {dagbag.py:538} INFO - Filling up the DagBag from /home/airflow/.local/lib/python3.8/site-packages/airflow/example_dags/example_branch_python_dop_operator_3.py
[2023-12-20T06:17:09.763+0000] {processor.py:840} INFO - DAG(s) 'example_branch_dop_operator_v3' retrieved from /home/airflow/.local/lib/python3.8/site-packages/airflow/example_dags/example_branch_python_dop_operator_3.py
[2023-12-20T06:17:09.881+0000] {logging_mixin.py:188} INFO - [2023-12-20T06:17:09.881+0000] {dag.py:3033} INFO - Sync 1 DAGs
[2023-12-20T06:17:10.032+0000] {logging_mixin.py:188} INFO - [2023-12-20T06:17:10.031+0000] {dag.py:3820} INFO - Setting next_dagrun for example_branch_dop_operator_v3 to 2023-12-20T06:16:00+00:00, run_after=2023-12-20T06:17:00+00:00
[2023-12-20T06:17:10.099+0000] {processor.py:183} INFO - Processing /home/airflow/.local/lib/python3.8/site-packages/airflow/example_dags/example_branch_python_dop_operator_3.py took 0.437 seconds
[2023-12-20T06:17:40.256+0000] {processor.py:161} INFO - Started process (PID=1116) to work on /home/airflow/.local/lib/python3.8/site-packages/airflow/example_dags/example_branch_python_dop_operator_3.py
[2023-12-20T06:17:40.296+0000] {processor.py:830} INFO - Processing file /home/airflow/.local/lib/python3.8/site-packages/airflow/example_dags/example_branch_python_dop_operator_3.py for tasks to queue
[2023-12-20T06:17:40.301+0000] {logging_mixin.py:188} INFO - [2023-12-20T06:17:40.300+0000] {dagbag.py:538} INFO - Filling up the DagBag from /home/airflow/.local/lib/python3.8/site-packages/airflow/example_dags/example_branch_python_dop_operator_3.py
[2023-12-20T06:17:40.336+0000] {processor.py:840} INFO - DAG(s) 'example_branch_dop_operator_v3' retrieved from /home/airflow/.local/lib/python3.8/site-packages/airflow/example_dags/example_branch_python_dop_operator_3.py
[2023-12-20T06:17:40.461+0000] {logging_mixin.py:188} INFO - [2023-12-20T06:17:40.461+0000] {dag.py:3033} INFO - Sync 1 DAGs
[2023-12-20T06:17:40.593+0000] {logging_mixin.py:188} INFO - [2023-12-20T06:17:40.593+0000] {dag.py:3820} INFO - Setting next_dagrun for example_branch_dop_operator_v3 to 2023-12-20T06:16:00+00:00, run_after=2023-12-20T06:17:00+00:00
[2023-12-20T06:17:40.685+0000] {processor.py:183} INFO - Processing /home/airflow/.local/lib/python3.8/site-packages/airflow/example_dags/example_branch_python_dop_operator_3.py took 0.448 seconds
[2023-12-20T06:18:13.682+0000] {processor.py:161} INFO - Started process (PID=1169) to work on /home/airflow/.local/lib/python3.8/site-packages/airflow/example_dags/example_branch_python_dop_operator_3.py
[2023-12-20T06:18:13.684+0000] {processor.py:830} INFO - Processing file /home/airflow/.local/lib/python3.8/site-packages/airflow/example_dags/example_branch_python_dop_operator_3.py for tasks to queue
[2023-12-20T06:18:13.689+0000] {logging_mixin.py:188} INFO - [2023-12-20T06:18:13.688+0000] {dagbag.py:538} INFO - Filling up the DagBag from /home/airflow/.local/lib/python3.8/site-packages/airflow/example_dags/example_branch_python_dop_operator_3.py
[2023-12-20T06:18:13.712+0000] {processor.py:840} INFO - DAG(s) 'example_branch_dop_operator_v3' retrieved from /home/airflow/.local/lib/python3.8/site-packages/airflow/example_dags/example_branch_python_dop_operator_3.py
[2023-12-20T06:18:13.767+0000] {logging_mixin.py:188} INFO - [2023-12-20T06:18:13.767+0000] {dag.py:3033} INFO - Sync 1 DAGs
[2023-12-20T06:18:13.862+0000] {logging_mixin.py:188} INFO - [2023-12-20T06:18:13.861+0000] {dag.py:3820} INFO - Setting next_dagrun for example_branch_dop_operator_v3 to 2023-12-20T06:17:00+00:00, run_after=2023-12-20T06:18:00+00:00
[2023-12-20T06:18:13.923+0000] {processor.py:183} INFO - Processing /home/airflow/.local/lib/python3.8/site-packages/airflow/example_dags/example_branch_python_dop_operator_3.py took 0.250 seconds
[2023-12-20T06:18:50.147+0000] {processor.py:161} INFO - Started process (PID=1232) to work on /home/airflow/.local/lib/python3.8/site-packages/airflow/example_dags/example_branch_python_dop_operator_3.py
[2023-12-20T06:18:50.180+0000] {processor.py:830} INFO - Processing file /home/airflow/.local/lib/python3.8/site-packages/airflow/example_dags/example_branch_python_dop_operator_3.py for tasks to queue
[2023-12-20T06:18:50.186+0000] {logging_mixin.py:188} INFO - [2023-12-20T06:18:50.186+0000] {dagbag.py:538} INFO - Filling up the DagBag from /home/airflow/.local/lib/python3.8/site-packages/airflow/example_dags/example_branch_python_dop_operator_3.py
[2023-12-20T06:18:50.287+0000] {processor.py:840} INFO - DAG(s) 'example_branch_dop_operator_v3' retrieved from /home/airflow/.local/lib/python3.8/site-packages/airflow/example_dags/example_branch_python_dop_operator_3.py
[2023-12-20T06:18:50.423+0000] {logging_mixin.py:188} INFO - [2023-12-20T06:18:50.423+0000] {dag.py:3033} INFO - Sync 1 DAGs
[2023-12-20T06:18:50.627+0000] {logging_mixin.py:188} INFO - [2023-12-20T06:18:50.626+0000] {dag.py:3820} INFO - Setting next_dagrun for example_branch_dop_operator_v3 to 2023-12-20T06:17:00+00:00, run_after=2023-12-20T06:18:00+00:00
[2023-12-20T06:18:50.955+0000] {processor.py:183} INFO - Processing /home/airflow/.local/lib/python3.8/site-packages/airflow/example_dags/example_branch_python_dop_operator_3.py took 0.837 seconds
[2023-12-20T06:19:21.992+0000] {processor.py:161} INFO - Started process (PID=1288) to work on /home/airflow/.local/lib/python3.8/site-packages/airflow/example_dags/example_branch_python_dop_operator_3.py
[2023-12-20T06:19:21.993+0000] {processor.py:830} INFO - Processing file /home/airflow/.local/lib/python3.8/site-packages/airflow/example_dags/example_branch_python_dop_operator_3.py for tasks to queue
[2023-12-20T06:19:21.998+0000] {logging_mixin.py:188} INFO - [2023-12-20T06:19:21.997+0000] {dagbag.py:538} INFO - Filling up the DagBag from /home/airflow/.local/lib/python3.8/site-packages/airflow/example_dags/example_branch_python_dop_operator_3.py
[2023-12-20T06:19:22.026+0000] {processor.py:840} INFO - DAG(s) 'example_branch_dop_operator_v3' retrieved from /home/airflow/.local/lib/python3.8/site-packages/airflow/example_dags/example_branch_python_dop_operator_3.py
[2023-12-20T06:19:22.145+0000] {logging_mixin.py:188} INFO - [2023-12-20T06:19:22.145+0000] {dag.py:3033} INFO - Sync 1 DAGs
[2023-12-20T06:19:22.461+0000] {logging_mixin.py:188} INFO - [2023-12-20T06:19:22.461+0000] {dag.py:3820} INFO - Setting next_dagrun for example_branch_dop_operator_v3 to 2023-12-20T06:18:00+00:00, run_after=2023-12-20T06:19:00+00:00
[2023-12-20T06:19:22.649+0000] {processor.py:183} INFO - Processing /home/airflow/.local/lib/python3.8/site-packages/airflow/example_dags/example_branch_python_dop_operator_3.py took 0.678 seconds
[2023-12-20T06:19:54.170+0000] {processor.py:161} INFO - Started process (PID=1344) to work on /home/airflow/.local/lib/python3.8/site-packages/airflow/example_dags/example_branch_python_dop_operator_3.py
[2023-12-20T06:19:54.173+0000] {processor.py:830} INFO - Processing file /home/airflow/.local/lib/python3.8/site-packages/airflow/example_dags/example_branch_python_dop_operator_3.py for tasks to queue
[2023-12-20T06:19:54.179+0000] {logging_mixin.py:188} INFO - [2023-12-20T06:19:54.178+0000] {dagbag.py:538} INFO - Filling up the DagBag from /home/airflow/.local/lib/python3.8/site-packages/airflow/example_dags/example_branch_python_dop_operator_3.py
[2023-12-20T06:19:54.204+0000] {processor.py:840} INFO - DAG(s) 'example_branch_dop_operator_v3' retrieved from /home/airflow/.local/lib/python3.8/site-packages/airflow/example_dags/example_branch_python_dop_operator_3.py
[2023-12-20T06:19:54.280+0000] {logging_mixin.py:188} INFO - [2023-12-20T06:19:54.279+0000] {dag.py:3033} INFO - Sync 1 DAGs
[2023-12-20T06:19:54.374+0000] {logging_mixin.py:188} INFO - [2023-12-20T06:19:54.374+0000] {dag.py:3820} INFO - Setting next_dagrun for example_branch_dop_operator_v3 to 2023-12-20T06:18:00+00:00, run_after=2023-12-20T06:19:00+00:00
[2023-12-20T06:19:54.497+0000] {processor.py:183} INFO - Processing /home/airflow/.local/lib/python3.8/site-packages/airflow/example_dags/example_branch_python_dop_operator_3.py took 0.335 seconds
[2023-12-20T06:20:25.114+0000] {processor.py:161} INFO - Started process (PID=1399) to work on /home/airflow/.local/lib/python3.8/site-packages/airflow/example_dags/example_branch_python_dop_operator_3.py
[2023-12-20T06:20:25.121+0000] {processor.py:830} INFO - Processing file /home/airflow/.local/lib/python3.8/site-packages/airflow/example_dags/example_branch_python_dop_operator_3.py for tasks to queue
[2023-12-20T06:20:25.130+0000] {logging_mixin.py:188} INFO - [2023-12-20T06:20:25.129+0000] {dagbag.py:538} INFO - Filling up the DagBag from /home/airflow/.local/lib/python3.8/site-packages/airflow/example_dags/example_branch_python_dop_operator_3.py
[2023-12-20T06:20:25.190+0000] {processor.py:840} INFO - DAG(s) 'example_branch_dop_operator_v3' retrieved from /home/airflow/.local/lib/python3.8/site-packages/airflow/example_dags/example_branch_python_dop_operator_3.py
[2023-12-20T06:20:25.245+0000] {logging_mixin.py:188} INFO - [2023-12-20T06:20:25.245+0000] {dag.py:3033} INFO - Sync 1 DAGs
[2023-12-20T06:20:25.443+0000] {logging_mixin.py:188} INFO - [2023-12-20T06:20:25.442+0000] {dag.py:3820} INFO - Setting next_dagrun for example_branch_dop_operator_v3 to 2023-12-20T06:19:00+00:00, run_after=2023-12-20T06:20:00+00:00
[2023-12-20T06:20:25.647+0000] {processor.py:183} INFO - Processing /home/airflow/.local/lib/python3.8/site-packages/airflow/example_dags/example_branch_python_dop_operator_3.py took 0.557 seconds
[2023-12-20T06:20:55.704+0000] {processor.py:161} INFO - Started process (PID=1454) to work on /home/airflow/.local/lib/python3.8/site-packages/airflow/example_dags/example_branch_python_dop_operator_3.py
[2023-12-20T06:20:55.748+0000] {processor.py:830} INFO - Processing file /home/airflow/.local/lib/python3.8/site-packages/airflow/example_dags/example_branch_python_dop_operator_3.py for tasks to queue
[2023-12-20T06:20:55.753+0000] {logging_mixin.py:188} INFO - [2023-12-20T06:20:55.752+0000] {dagbag.py:538} INFO - Filling up the DagBag from /home/airflow/.local/lib/python3.8/site-packages/airflow/example_dags/example_branch_python_dop_operator_3.py
[2023-12-20T06:20:55.775+0000] {processor.py:840} INFO - DAG(s) 'example_branch_dop_operator_v3' retrieved from /home/airflow/.local/lib/python3.8/site-packages/airflow/example_dags/example_branch_python_dop_operator_3.py
[2023-12-20T06:20:55.823+0000] {logging_mixin.py:188} INFO - [2023-12-20T06:20:55.823+0000] {dag.py:3033} INFO - Sync 1 DAGs
[2023-12-20T06:20:55.899+0000] {logging_mixin.py:188} INFO - [2023-12-20T06:20:55.899+0000] {dag.py:3820} INFO - Setting next_dagrun for example_branch_dop_operator_v3 to 2023-12-20T06:19:00+00:00, run_after=2023-12-20T06:20:00+00:00
[2023-12-20T06:20:55.980+0000] {processor.py:183} INFO - Processing /home/airflow/.local/lib/python3.8/site-packages/airflow/example_dags/example_branch_python_dop_operator_3.py took 0.285 seconds
[2023-12-20T06:21:29.251+0000] {processor.py:161} INFO - Started process (PID=1509) to work on /home/airflow/.local/lib/python3.8/site-packages/airflow/example_dags/example_branch_python_dop_operator_3.py
[2023-12-20T06:21:29.288+0000] {processor.py:830} INFO - Processing file /home/airflow/.local/lib/python3.8/site-packages/airflow/example_dags/example_branch_python_dop_operator_3.py for tasks to queue
[2023-12-20T06:21:29.303+0000] {logging_mixin.py:188} INFO - [2023-12-20T06:21:29.298+0000] {dagbag.py:538} INFO - Filling up the DagBag from /home/airflow/.local/lib/python3.8/site-packages/airflow/example_dags/example_branch_python_dop_operator_3.py
[2023-12-20T06:21:29.407+0000] {processor.py:840} INFO - DAG(s) 'example_branch_dop_operator_v3' retrieved from /home/airflow/.local/lib/python3.8/site-packages/airflow/example_dags/example_branch_python_dop_operator_3.py
[2023-12-20T06:21:29.554+0000] {logging_mixin.py:188} INFO - [2023-12-20T06:21:29.554+0000] {dag.py:3033} INFO - Sync 1 DAGs
[2023-12-20T06:21:29.761+0000] {logging_mixin.py:188} INFO - [2023-12-20T06:21:29.756+0000] {dag.py:3820} INFO - Setting next_dagrun for example_branch_dop_operator_v3 to 2023-12-20T06:20:00+00:00, run_after=2023-12-20T06:21:00+00:00
[2023-12-20T06:21:29.961+0000] {processor.py:183} INFO - Processing /home/airflow/.local/lib/python3.8/site-packages/airflow/example_dags/example_branch_python_dop_operator_3.py took 0.789 seconds
[2023-12-20T06:22:00.187+0000] {processor.py:161} INFO - Started process (PID=1566) to work on /home/airflow/.local/lib/python3.8/site-packages/airflow/example_dags/example_branch_python_dop_operator_3.py
[2023-12-20T06:22:00.197+0000] {processor.py:830} INFO - Processing file /home/airflow/.local/lib/python3.8/site-packages/airflow/example_dags/example_branch_python_dop_operator_3.py for tasks to queue
[2023-12-20T06:22:00.202+0000] {logging_mixin.py:188} INFO - [2023-12-20T06:22:00.202+0000] {dagbag.py:538} INFO - Filling up the DagBag from /home/airflow/.local/lib/python3.8/site-packages/airflow/example_dags/example_branch_python_dop_operator_3.py
[2023-12-20T06:22:00.395+0000] {processor.py:840} INFO - DAG(s) 'example_branch_dop_operator_v3' retrieved from /home/airflow/.local/lib/python3.8/site-packages/airflow/example_dags/example_branch_python_dop_operator_3.py
[2023-12-20T06:22:00.711+0000] {logging_mixin.py:188} INFO - [2023-12-20T06:22:00.710+0000] {dag.py:3033} INFO - Sync 1 DAGs
[2023-12-20T06:22:01.038+0000] {logging_mixin.py:188} INFO - [2023-12-20T06:22:01.038+0000] {dag.py:3820} INFO - Setting next_dagrun for example_branch_dop_operator_v3 to 2023-12-20T06:21:00+00:00, run_after=2023-12-20T06:22:00+00:00
[2023-12-20T06:22:01.247+0000] {processor.py:183} INFO - Processing /home/airflow/.local/lib/python3.8/site-packages/airflow/example_dags/example_branch_python_dop_operator_3.py took 1.091 seconds
[2023-12-20T06:22:31.493+0000] {processor.py:161} INFO - Started process (PID=1620) to work on /home/airflow/.local/lib/python3.8/site-packages/airflow/example_dags/example_branch_python_dop_operator_3.py
[2023-12-20T06:22:31.533+0000] {processor.py:830} INFO - Processing file /home/airflow/.local/lib/python3.8/site-packages/airflow/example_dags/example_branch_python_dop_operator_3.py for tasks to queue
[2023-12-20T06:22:31.535+0000] {logging_mixin.py:188} INFO - [2023-12-20T06:22:31.535+0000] {dagbag.py:538} INFO - Filling up the DagBag from /home/airflow/.local/lib/python3.8/site-packages/airflow/example_dags/example_branch_python_dop_operator_3.py
[2023-12-20T06:22:31.558+0000] {processor.py:840} INFO - DAG(s) 'example_branch_dop_operator_v3' retrieved from /home/airflow/.local/lib/python3.8/site-packages/airflow/example_dags/example_branch_python_dop_operator_3.py
[2023-12-20T06:22:31.625+0000] {logging_mixin.py:188} INFO - [2023-12-20T06:22:31.625+0000] {dag.py:3033} INFO - Sync 1 DAGs
[2023-12-20T06:22:31.710+0000] {logging_mixin.py:188} INFO - [2023-12-20T06:22:31.710+0000] {dag.py:3820} INFO - Setting next_dagrun for example_branch_dop_operator_v3 to 2023-12-20T06:21:00+00:00, run_after=2023-12-20T06:22:00+00:00
[2023-12-20T06:22:31.837+0000] {processor.py:183} INFO - Processing /home/airflow/.local/lib/python3.8/site-packages/airflow/example_dags/example_branch_python_dop_operator_3.py took 0.352 seconds
[2023-12-20T06:23:02.325+0000] {processor.py:161} INFO - Started process (PID=1675) to work on /home/airflow/.local/lib/python3.8/site-packages/airflow/example_dags/example_branch_python_dop_operator_3.py
[2023-12-20T06:23:02.327+0000] {processor.py:830} INFO - Processing file /home/airflow/.local/lib/python3.8/site-packages/airflow/example_dags/example_branch_python_dop_operator_3.py for tasks to queue
[2023-12-20T06:23:02.331+0000] {logging_mixin.py:188} INFO - [2023-12-20T06:23:02.330+0000] {dagbag.py:538} INFO - Filling up the DagBag from /home/airflow/.local/lib/python3.8/site-packages/airflow/example_dags/example_branch_python_dop_operator_3.py
[2023-12-20T06:23:02.362+0000] {processor.py:840} INFO - DAG(s) 'example_branch_dop_operator_v3' retrieved from /home/airflow/.local/lib/python3.8/site-packages/airflow/example_dags/example_branch_python_dop_operator_3.py
[2023-12-20T06:23:02.426+0000] {logging_mixin.py:188} INFO - [2023-12-20T06:23:02.426+0000] {dag.py:3033} INFO - Sync 1 DAGs
[2023-12-20T06:23:02.522+0000] {logging_mixin.py:188} INFO - [2023-12-20T06:23:02.521+0000] {dag.py:3820} INFO - Setting next_dagrun for example_branch_dop_operator_v3 to 2023-12-20T06:22:00+00:00, run_after=2023-12-20T06:23:00+00:00
[2023-12-20T06:23:02.613+0000] {processor.py:183} INFO - Processing /home/airflow/.local/lib/python3.8/site-packages/airflow/example_dags/example_branch_python_dop_operator_3.py took 0.297 seconds
[2023-12-20T06:23:33.643+0000] {processor.py:161} INFO - Started process (PID=1733) to work on /home/airflow/.local/lib/python3.8/site-packages/airflow/example_dags/example_branch_python_dop_operator_3.py
[2023-12-20T06:23:33.672+0000] {processor.py:830} INFO - Processing file /home/airflow/.local/lib/python3.8/site-packages/airflow/example_dags/example_branch_python_dop_operator_3.py for tasks to queue
[2023-12-20T06:23:33.684+0000] {logging_mixin.py:188} INFO - [2023-12-20T06:23:33.684+0000] {dagbag.py:538} INFO - Filling up the DagBag from /home/airflow/.local/lib/python3.8/site-packages/airflow/example_dags/example_branch_python_dop_operator_3.py
[2023-12-20T06:23:33.785+0000] {processor.py:840} INFO - DAG(s) 'example_branch_dop_operator_v3' retrieved from /home/airflow/.local/lib/python3.8/site-packages/airflow/example_dags/example_branch_python_dop_operator_3.py
[2023-12-20T06:23:34.020+0000] {logging_mixin.py:188} INFO - [2023-12-20T06:23:34.020+0000] {dag.py:3033} INFO - Sync 1 DAGs
[2023-12-20T06:23:34.194+0000] {logging_mixin.py:188} INFO - [2023-12-20T06:23:34.194+0000] {dag.py:3820} INFO - Setting next_dagrun for example_branch_dop_operator_v3 to 2023-12-20T06:22:00+00:00, run_after=2023-12-20T06:23:00+00:00
[2023-12-20T06:23:34.425+0000] {processor.py:183} INFO - Processing /home/airflow/.local/lib/python3.8/site-packages/airflow/example_dags/example_branch_python_dop_operator_3.py took 0.789 seconds
[2023-12-20T06:24:06.131+0000] {processor.py:161} INFO - Started process (PID=1788) to work on /home/airflow/.local/lib/python3.8/site-packages/airflow/example_dags/example_branch_python_dop_operator_3.py
[2023-12-20T06:24:06.136+0000] {processor.py:830} INFO - Processing file /home/airflow/.local/lib/python3.8/site-packages/airflow/example_dags/example_branch_python_dop_operator_3.py for tasks to queue
[2023-12-20T06:24:06.144+0000] {logging_mixin.py:188} INFO - [2023-12-20T06:24:06.143+0000] {dagbag.py:538} INFO - Filling up the DagBag from /home/airflow/.local/lib/python3.8/site-packages/airflow/example_dags/example_branch_python_dop_operator_3.py
[2023-12-20T06:24:06.324+0000] {processor.py:840} INFO - DAG(s) 'example_branch_dop_operator_v3' retrieved from /home/airflow/.local/lib/python3.8/site-packages/airflow/example_dags/example_branch_python_dop_operator_3.py
[2023-12-20T06:24:06.626+0000] {logging_mixin.py:188} INFO - [2023-12-20T06:24:06.626+0000] {dag.py:3033} INFO - Sync 1 DAGs
[2023-12-20T06:24:06.925+0000] {logging_mixin.py:188} INFO - [2023-12-20T06:24:06.925+0000] {dag.py:3820} INFO - Setting next_dagrun for example_branch_dop_operator_v3 to 2023-12-20T06:23:00+00:00, run_after=2023-12-20T06:24:00+00:00
[2023-12-20T06:24:07.029+0000] {processor.py:183} INFO - Processing /home/airflow/.local/lib/python3.8/site-packages/airflow/example_dags/example_branch_python_dop_operator_3.py took 0.944 seconds
[2023-12-20T06:24:37.171+0000] {processor.py:161} INFO - Started process (PID=1841) to work on /home/airflow/.local/lib/python3.8/site-packages/airflow/example_dags/example_branch_python_dop_operator_3.py
[2023-12-20T06:24:37.202+0000] {processor.py:830} INFO - Processing file /home/airflow/.local/lib/python3.8/site-packages/airflow/example_dags/example_branch_python_dop_operator_3.py for tasks to queue
[2023-12-20T06:24:37.204+0000] {logging_mixin.py:188} INFO - [2023-12-20T06:24:37.203+0000] {dagbag.py:538} INFO - Filling up the DagBag from /home/airflow/.local/lib/python3.8/site-packages/airflow/example_dags/example_branch_python_dop_operator_3.py
[2023-12-20T06:24:37.290+0000] {processor.py:840} INFO - DAG(s) 'example_branch_dop_operator_v3' retrieved from /home/airflow/.local/lib/python3.8/site-packages/airflow/example_dags/example_branch_python_dop_operator_3.py
[2023-12-20T06:24:37.417+0000] {logging_mixin.py:188} INFO - [2023-12-20T06:24:37.417+0000] {dag.py:3033} INFO - Sync 1 DAGs
[2023-12-20T06:24:37.576+0000] {logging_mixin.py:188} INFO - [2023-12-20T06:24:37.576+0000] {dag.py:3820} INFO - Setting next_dagrun for example_branch_dop_operator_v3 to 2023-12-20T06:23:00+00:00, run_after=2023-12-20T06:24:00+00:00
[2023-12-20T06:24:37.718+0000] {processor.py:183} INFO - Processing /home/airflow/.local/lib/python3.8/site-packages/airflow/example_dags/example_branch_python_dop_operator_3.py took 0.576 seconds
[2023-12-20T06:25:08.245+0000] {processor.py:161} INFO - Started process (PID=1895) to work on /home/airflow/.local/lib/python3.8/site-packages/airflow/example_dags/example_branch_python_dop_operator_3.py
[2023-12-20T06:25:08.255+0000] {processor.py:830} INFO - Processing file /home/airflow/.local/lib/python3.8/site-packages/airflow/example_dags/example_branch_python_dop_operator_3.py for tasks to queue
[2023-12-20T06:25:08.257+0000] {logging_mixin.py:188} INFO - [2023-12-20T06:25:08.257+0000] {dagbag.py:538} INFO - Filling up the DagBag from /home/airflow/.local/lib/python3.8/site-packages/airflow/example_dags/example_branch_python_dop_operator_3.py
[2023-12-20T06:25:08.293+0000] {processor.py:840} INFO - DAG(s) 'example_branch_dop_operator_v3' retrieved from /home/airflow/.local/lib/python3.8/site-packages/airflow/example_dags/example_branch_python_dop_operator_3.py
[2023-12-20T06:25:08.351+0000] {logging_mixin.py:188} INFO - [2023-12-20T06:25:08.350+0000] {dag.py:3033} INFO - Sync 1 DAGs
[2023-12-20T06:25:08.431+0000] {logging_mixin.py:188} INFO - [2023-12-20T06:25:08.430+0000] {dag.py:3820} INFO - Setting next_dagrun for example_branch_dop_operator_v3 to 2023-12-20T06:24:00+00:00, run_after=2023-12-20T06:25:00+00:00
[2023-12-20T06:25:08.520+0000] {processor.py:183} INFO - Processing /home/airflow/.local/lib/python3.8/site-packages/airflow/example_dags/example_branch_python_dop_operator_3.py took 0.297 seconds
[2023-12-20T06:25:40.719+0000] {processor.py:161} INFO - Started process (PID=1950) to work on /home/airflow/.local/lib/python3.8/site-packages/airflow/example_dags/example_branch_python_dop_operator_3.py
[2023-12-20T06:25:40.720+0000] {processor.py:830} INFO - Processing file /home/airflow/.local/lib/python3.8/site-packages/airflow/example_dags/example_branch_python_dop_operator_3.py for tasks to queue
[2023-12-20T06:25:40.738+0000] {logging_mixin.py:188} INFO - [2023-12-20T06:25:40.738+0000] {dagbag.py:538} INFO - Filling up the DagBag from /home/airflow/.local/lib/python3.8/site-packages/airflow/example_dags/example_branch_python_dop_operator_3.py
[2023-12-20T06:25:40.952+0000] {processor.py:840} INFO - DAG(s) 'example_branch_dop_operator_v3' retrieved from /home/airflow/.local/lib/python3.8/site-packages/airflow/example_dags/example_branch_python_dop_operator_3.py
[2023-12-20T06:25:41.196+0000] {logging_mixin.py:188} INFO - [2023-12-20T06:25:41.196+0000] {dag.py:3033} INFO - Sync 1 DAGs
[2023-12-20T06:25:41.382+0000] {logging_mixin.py:188} INFO - [2023-12-20T06:25:41.381+0000] {dag.py:3820} INFO - Setting next_dagrun for example_branch_dop_operator_v3 to 2023-12-20T06:24:00+00:00, run_after=2023-12-20T06:25:00+00:00
[2023-12-20T06:25:41.486+0000] {processor.py:183} INFO - Processing /home/airflow/.local/lib/python3.8/site-packages/airflow/example_dags/example_branch_python_dop_operator_3.py took 0.807 seconds
[2023-12-20T06:26:11.885+0000] {processor.py:161} INFO - Started process (PID=2006) to work on /home/airflow/.local/lib/python3.8/site-packages/airflow/example_dags/example_branch_python_dop_operator_3.py
[2023-12-20T06:26:11.902+0000] {processor.py:830} INFO - Processing file /home/airflow/.local/lib/python3.8/site-packages/airflow/example_dags/example_branch_python_dop_operator_3.py for tasks to queue
[2023-12-20T06:26:11.904+0000] {logging_mixin.py:188} INFO - [2023-12-20T06:26:11.904+0000] {dagbag.py:538} INFO - Filling up the DagBag from /home/airflow/.local/lib/python3.8/site-packages/airflow/example_dags/example_branch_python_dop_operator_3.py
[2023-12-20T06:26:11.929+0000] {processor.py:840} INFO - DAG(s) 'example_branch_dop_operator_v3' retrieved from /home/airflow/.local/lib/python3.8/site-packages/airflow/example_dags/example_branch_python_dop_operator_3.py
[2023-12-20T06:26:12.007+0000] {logging_mixin.py:188} INFO - [2023-12-20T06:26:12.006+0000] {dag.py:3033} INFO - Sync 1 DAGs
[2023-12-20T06:26:12.126+0000] {logging_mixin.py:188} INFO - [2023-12-20T06:26:12.125+0000] {dag.py:3820} INFO - Setting next_dagrun for example_branch_dop_operator_v3 to 2023-12-20T06:25:00+00:00, run_after=2023-12-20T06:26:00+00:00
[2023-12-20T06:26:12.204+0000] {processor.py:183} INFO - Processing /home/airflow/.local/lib/python3.8/site-packages/airflow/example_dags/example_branch_python_dop_operator_3.py took 0.326 seconds
[2023-12-20T06:26:42.462+0000] {processor.py:161} INFO - Started process (PID=2061) to work on /home/airflow/.local/lib/python3.8/site-packages/airflow/example_dags/example_branch_python_dop_operator_3.py
[2023-12-20T06:26:42.470+0000] {processor.py:830} INFO - Processing file /home/airflow/.local/lib/python3.8/site-packages/airflow/example_dags/example_branch_python_dop_operator_3.py for tasks to queue
[2023-12-20T06:26:42.513+0000] {logging_mixin.py:188} INFO - [2023-12-20T06:26:42.513+0000] {dagbag.py:538} INFO - Filling up the DagBag from /home/airflow/.local/lib/python3.8/site-packages/airflow/example_dags/example_branch_python_dop_operator_3.py
[2023-12-20T06:26:42.719+0000] {processor.py:840} INFO - DAG(s) 'example_branch_dop_operator_v3' retrieved from /home/airflow/.local/lib/python3.8/site-packages/airflow/example_dags/example_branch_python_dop_operator_3.py
[2023-12-20T06:26:43.098+0000] {logging_mixin.py:188} INFO - [2023-12-20T06:26:43.097+0000] {dag.py:3033} INFO - Sync 1 DAGs
[2023-12-20T06:26:43.644+0000] {logging_mixin.py:188} INFO - [2023-12-20T06:26:43.644+0000] {dag.py:3820} INFO - Setting next_dagrun for example_branch_dop_operator_v3 to 2023-12-20T06:25:00+00:00, run_after=2023-12-20T06:26:00+00:00
[2023-12-20T06:26:43.884+0000] {processor.py:183} INFO - Processing /home/airflow/.local/lib/python3.8/site-packages/airflow/example_dags/example_branch_python_dop_operator_3.py took 1.473 seconds
[2023-12-20T06:27:25.185+0000] {processor.py:161} INFO - Started process (PID=2132) to work on /home/airflow/.local/lib/python3.8/site-packages/airflow/example_dags/example_branch_python_dop_operator_3.py
[2023-12-20T06:27:25.202+0000] {processor.py:830} INFO - Processing file /home/airflow/.local/lib/python3.8/site-packages/airflow/example_dags/example_branch_python_dop_operator_3.py for tasks to queue
[2023-12-20T06:27:25.235+0000] {logging_mixin.py:188} INFO - [2023-12-20T06:27:25.235+0000] {dagbag.py:538} INFO - Filling up the DagBag from /home/airflow/.local/lib/python3.8/site-packages/airflow/example_dags/example_branch_python_dop_operator_3.py
[2023-12-20T06:27:25.396+0000] {processor.py:840} INFO - DAG(s) 'example_branch_dop_operator_v3' retrieved from /home/airflow/.local/lib/python3.8/site-packages/airflow/example_dags/example_branch_python_dop_operator_3.py
[2023-12-20T06:27:25.645+0000] {logging_mixin.py:188} INFO - [2023-12-20T06:27:25.640+0000] {dag.py:3033} INFO - Sync 1 DAGs
[2023-12-20T06:27:25.827+0000] {logging_mixin.py:188} INFO - [2023-12-20T06:27:25.826+0000] {dag.py:3820} INFO - Setting next_dagrun for example_branch_dop_operator_v3 to 2023-12-20T06:26:00+00:00, run_after=2023-12-20T06:27:00+00:00
[2023-12-20T06:27:26.008+0000] {processor.py:183} INFO - Processing /home/airflow/.local/lib/python3.8/site-packages/airflow/example_dags/example_branch_python_dop_operator_3.py took 0.863 seconds
[2023-12-20T06:27:56.716+0000] {processor.py:161} INFO - Started process (PID=2190) to work on /home/airflow/.local/lib/python3.8/site-packages/airflow/example_dags/example_branch_python_dop_operator_3.py
[2023-12-20T06:27:56.740+0000] {processor.py:830} INFO - Processing file /home/airflow/.local/lib/python3.8/site-packages/airflow/example_dags/example_branch_python_dop_operator_3.py for tasks to queue
[2023-12-20T06:27:56.742+0000] {logging_mixin.py:188} INFO - [2023-12-20T06:27:56.741+0000] {dagbag.py:538} INFO - Filling up the DagBag from /home/airflow/.local/lib/python3.8/site-packages/airflow/example_dags/example_branch_python_dop_operator_3.py
[2023-12-20T06:27:56.799+0000] {processor.py:840} INFO - DAG(s) 'example_branch_dop_operator_v3' retrieved from /home/airflow/.local/lib/python3.8/site-packages/airflow/example_dags/example_branch_python_dop_operator_3.py
[2023-12-20T06:27:56.908+0000] {logging_mixin.py:188} INFO - [2023-12-20T06:27:56.907+0000] {dag.py:3033} INFO - Sync 1 DAGs
[2023-12-20T06:27:57.048+0000] {logging_mixin.py:188} INFO - [2023-12-20T06:27:57.047+0000] {dag.py:3820} INFO - Setting next_dagrun for example_branch_dop_operator_v3 to 2023-12-20T06:26:00+00:00, run_after=2023-12-20T06:27:00+00:00
[2023-12-20T06:27:57.130+0000] {processor.py:183} INFO - Processing /home/airflow/.local/lib/python3.8/site-packages/airflow/example_dags/example_branch_python_dop_operator_3.py took 0.437 seconds
[2023-12-20T06:28:27.320+0000] {processor.py:161} INFO - Started process (PID=2247) to work on /home/airflow/.local/lib/python3.8/site-packages/airflow/example_dags/example_branch_python_dop_operator_3.py
[2023-12-20T06:28:27.356+0000] {processor.py:830} INFO - Processing file /home/airflow/.local/lib/python3.8/site-packages/airflow/example_dags/example_branch_python_dop_operator_3.py for tasks to queue
[2023-12-20T06:28:27.359+0000] {logging_mixin.py:188} INFO - [2023-12-20T06:28:27.358+0000] {dagbag.py:538} INFO - Filling up the DagBag from /home/airflow/.local/lib/python3.8/site-packages/airflow/example_dags/example_branch_python_dop_operator_3.py
[2023-12-20T06:28:27.386+0000] {processor.py:840} INFO - DAG(s) 'example_branch_dop_operator_v3' retrieved from /home/airflow/.local/lib/python3.8/site-packages/airflow/example_dags/example_branch_python_dop_operator_3.py
[2023-12-20T06:28:27.437+0000] {logging_mixin.py:188} INFO - [2023-12-20T06:28:27.436+0000] {dag.py:3033} INFO - Sync 1 DAGs
[2023-12-20T06:28:27.516+0000] {logging_mixin.py:188} INFO - [2023-12-20T06:28:27.516+0000] {dag.py:3820} INFO - Setting next_dagrun for example_branch_dop_operator_v3 to 2023-12-20T06:27:00+00:00, run_after=2023-12-20T06:28:00+00:00
[2023-12-20T06:28:27.834+0000] {processor.py:183} INFO - Processing /home/airflow/.local/lib/python3.8/site-packages/airflow/example_dags/example_branch_python_dop_operator_3.py took 0.520 seconds
[2023-12-20T06:29:00.704+0000] {processor.py:161} INFO - Started process (PID=2306) to work on /home/airflow/.local/lib/python3.8/site-packages/airflow/example_dags/example_branch_python_dop_operator_3.py
[2023-12-20T06:29:00.752+0000] {processor.py:830} INFO - Processing file /home/airflow/.local/lib/python3.8/site-packages/airflow/example_dags/example_branch_python_dop_operator_3.py for tasks to queue
[2023-12-20T06:29:00.755+0000] {logging_mixin.py:188} INFO - [2023-12-20T06:29:00.754+0000] {dagbag.py:538} INFO - Filling up the DagBag from /home/airflow/.local/lib/python3.8/site-packages/airflow/example_dags/example_branch_python_dop_operator_3.py
[2023-12-20T06:29:00.789+0000] {processor.py:840} INFO - DAG(s) 'example_branch_dop_operator_v3' retrieved from /home/airflow/.local/lib/python3.8/site-packages/airflow/example_dags/example_branch_python_dop_operator_3.py
[2023-12-20T06:29:00.844+0000] {logging_mixin.py:188} INFO - [2023-12-20T06:29:00.844+0000] {dag.py:3033} INFO - Sync 1 DAGs
[2023-12-20T06:29:00.925+0000] {logging_mixin.py:188} INFO - [2023-12-20T06:29:00.924+0000] {dag.py:3820} INFO - Setting next_dagrun for example_branch_dop_operator_v3 to 2023-12-20T06:28:00+00:00, run_after=2023-12-20T06:29:00+00:00
[2023-12-20T06:29:01.248+0000] {processor.py:183} INFO - Processing /home/airflow/.local/lib/python3.8/site-packages/airflow/example_dags/example_branch_python_dop_operator_3.py took 0.551 seconds
[2023-12-20T06:29:33.260+0000] {processor.py:161} INFO - Started process (PID=2365) to work on /home/airflow/.local/lib/python3.8/site-packages/airflow/example_dags/example_branch_python_dop_operator_3.py
[2023-12-20T06:29:33.262+0000] {processor.py:830} INFO - Processing file /home/airflow/.local/lib/python3.8/site-packages/airflow/example_dags/example_branch_python_dop_operator_3.py for tasks to queue
[2023-12-20T06:29:33.264+0000] {logging_mixin.py:188} INFO - [2023-12-20T06:29:33.263+0000] {dagbag.py:538} INFO - Filling up the DagBag from /home/airflow/.local/lib/python3.8/site-packages/airflow/example_dags/example_branch_python_dop_operator_3.py
[2023-12-20T06:29:33.287+0000] {processor.py:840} INFO - DAG(s) 'example_branch_dop_operator_v3' retrieved from /home/airflow/.local/lib/python3.8/site-packages/airflow/example_dags/example_branch_python_dop_operator_3.py
[2023-12-20T06:29:33.335+0000] {logging_mixin.py:188} INFO - [2023-12-20T06:29:33.335+0000] {dag.py:3033} INFO - Sync 1 DAGs
[2023-12-20T06:29:33.411+0000] {logging_mixin.py:188} INFO - [2023-12-20T06:29:33.410+0000] {dag.py:3820} INFO - Setting next_dagrun for example_branch_dop_operator_v3 to 2023-12-20T06:28:00+00:00, run_after=2023-12-20T06:29:00+00:00
[2023-12-20T06:29:33.493+0000] {processor.py:183} INFO - Processing /home/airflow/.local/lib/python3.8/site-packages/airflow/example_dags/example_branch_python_dop_operator_3.py took 0.256 seconds
[2023-12-20T06:30:04.782+0000] {processor.py:161} INFO - Started process (PID=2422) to work on /home/airflow/.local/lib/python3.8/site-packages/airflow/example_dags/example_branch_python_dop_operator_3.py
[2023-12-20T06:30:04.785+0000] {processor.py:830} INFO - Processing file /home/airflow/.local/lib/python3.8/site-packages/airflow/example_dags/example_branch_python_dop_operator_3.py for tasks to queue
[2023-12-20T06:30:04.786+0000] {logging_mixin.py:188} INFO - [2023-12-20T06:30:04.786+0000] {dagbag.py:538} INFO - Filling up the DagBag from /home/airflow/.local/lib/python3.8/site-packages/airflow/example_dags/example_branch_python_dop_operator_3.py
[2023-12-20T06:30:04.814+0000] {processor.py:840} INFO - DAG(s) 'example_branch_dop_operator_v3' retrieved from /home/airflow/.local/lib/python3.8/site-packages/airflow/example_dags/example_branch_python_dop_operator_3.py
[2023-12-20T06:30:04.874+0000] {logging_mixin.py:188} INFO - [2023-12-20T06:30:04.873+0000] {dag.py:3033} INFO - Sync 1 DAGs
[2023-12-20T06:30:04.948+0000] {logging_mixin.py:188} INFO - [2023-12-20T06:30:04.947+0000] {dag.py:3820} INFO - Setting next_dagrun for example_branch_dop_operator_v3 to 2023-12-20T06:29:00+00:00, run_after=2023-12-20T06:30:00+00:00
[2023-12-20T06:30:05.011+0000] {processor.py:183} INFO - Processing /home/airflow/.local/lib/python3.8/site-packages/airflow/example_dags/example_branch_python_dop_operator_3.py took 0.237 seconds
[2023-12-20T06:30:42.412+0000] {processor.py:161} INFO - Started process (PID=2483) to work on /home/airflow/.local/lib/python3.8/site-packages/airflow/example_dags/example_branch_python_dop_operator_3.py
[2023-12-20T06:30:42.419+0000] {processor.py:830} INFO - Processing file /home/airflow/.local/lib/python3.8/site-packages/airflow/example_dags/example_branch_python_dop_operator_3.py for tasks to queue
[2023-12-20T06:30:42.421+0000] {logging_mixin.py:188} INFO - [2023-12-20T06:30:42.421+0000] {dagbag.py:538} INFO - Filling up the DagBag from /home/airflow/.local/lib/python3.8/site-packages/airflow/example_dags/example_branch_python_dop_operator_3.py
[2023-12-20T06:30:42.479+0000] {processor.py:840} INFO - DAG(s) 'example_branch_dop_operator_v3' retrieved from /home/airflow/.local/lib/python3.8/site-packages/airflow/example_dags/example_branch_python_dop_operator_3.py
[2023-12-20T06:30:42.615+0000] {logging_mixin.py:188} INFO - [2023-12-20T06:30:42.615+0000] {dag.py:3033} INFO - Sync 1 DAGs
[2023-12-20T06:30:43.449+0000] {logging_mixin.py:188} INFO - [2023-12-20T06:30:43.449+0000] {dag.py:3820} INFO - Setting next_dagrun for example_branch_dop_operator_v3 to 2023-12-20T06:29:00+00:00, run_after=2023-12-20T06:30:00+00:00
[2023-12-20T06:30:43.517+0000] {processor.py:183} INFO - Processing /home/airflow/.local/lib/python3.8/site-packages/airflow/example_dags/example_branch_python_dop_operator_3.py took 1.121 seconds
[2023-12-20T06:31:28.083+0000] {processor.py:161} INFO - Started process (PID=2556) to work on /home/airflow/.local/lib/python3.8/site-packages/airflow/example_dags/example_branch_python_dop_operator_3.py
[2023-12-20T06:31:28.095+0000] {processor.py:830} INFO - Processing file /home/airflow/.local/lib/python3.8/site-packages/airflow/example_dags/example_branch_python_dop_operator_3.py for tasks to queue
[2023-12-20T06:31:28.097+0000] {logging_mixin.py:188} INFO - [2023-12-20T06:31:28.096+0000] {dagbag.py:538} INFO - Filling up the DagBag from /home/airflow/.local/lib/python3.8/site-packages/airflow/example_dags/example_branch_python_dop_operator_3.py
[2023-12-20T06:31:28.147+0000] {processor.py:840} INFO - DAG(s) 'example_branch_dop_operator_v3' retrieved from /home/airflow/.local/lib/python3.8/site-packages/airflow/example_dags/example_branch_python_dop_operator_3.py
[2023-12-20T06:31:28.199+0000] {logging_mixin.py:188} INFO - [2023-12-20T06:31:28.199+0000] {dag.py:3033} INFO - Sync 1 DAGs
[2023-12-20T06:31:28.942+0000] {logging_mixin.py:188} INFO - [2023-12-20T06:31:28.941+0000] {dag.py:3820} INFO - Setting next_dagrun for example_branch_dop_operator_v3 to 2023-12-20T06:30:00+00:00, run_after=2023-12-20T06:31:00+00:00
[2023-12-20T06:31:29.030+0000] {processor.py:183} INFO - Processing /home/airflow/.local/lib/python3.8/site-packages/airflow/example_dags/example_branch_python_dop_operator_3.py took 0.953 seconds
[2023-12-20T06:31:59.253+0000] {processor.py:161} INFO - Started process (PID=2615) to work on /home/airflow/.local/lib/python3.8/site-packages/airflow/example_dags/example_branch_python_dop_operator_3.py
[2023-12-20T06:31:59.258+0000] {processor.py:830} INFO - Processing file /home/airflow/.local/lib/python3.8/site-packages/airflow/example_dags/example_branch_python_dop_operator_3.py for tasks to queue
[2023-12-20T06:31:59.262+0000] {logging_mixin.py:188} INFO - [2023-12-20T06:31:59.261+0000] {dagbag.py:538} INFO - Filling up the DagBag from /home/airflow/.local/lib/python3.8/site-packages/airflow/example_dags/example_branch_python_dop_operator_3.py
[2023-12-20T06:31:59.332+0000] {processor.py:840} INFO - DAG(s) 'example_branch_dop_operator_v3' retrieved from /home/airflow/.local/lib/python3.8/site-packages/airflow/example_dags/example_branch_python_dop_operator_3.py
[2023-12-20T06:31:59.487+0000] {logging_mixin.py:188} INFO - [2023-12-20T06:31:59.487+0000] {dag.py:3033} INFO - Sync 1 DAGs
[2023-12-20T06:31:59.569+0000] {logging_mixin.py:188} INFO - [2023-12-20T06:31:59.569+0000] {dag.py:3820} INFO - Setting next_dagrun for example_branch_dop_operator_v3 to 2023-12-20T06:30:00+00:00, run_after=2023-12-20T06:31:00+00:00
[2023-12-20T06:31:59.655+0000] {processor.py:183} INFO - Processing /home/airflow/.local/lib/python3.8/site-packages/airflow/example_dags/example_branch_python_dop_operator_3.py took 0.429 seconds
[2023-12-20T06:32:29.767+0000] {processor.py:161} INFO - Started process (PID=2674) to work on /home/airflow/.local/lib/python3.8/site-packages/airflow/example_dags/example_branch_python_dop_operator_3.py
[2023-12-20T06:32:29.768+0000] {processor.py:830} INFO - Processing file /home/airflow/.local/lib/python3.8/site-packages/airflow/example_dags/example_branch_python_dop_operator_3.py for tasks to queue
[2023-12-20T06:32:29.770+0000] {logging_mixin.py:188} INFO - [2023-12-20T06:32:29.769+0000] {dagbag.py:538} INFO - Filling up the DagBag from /home/airflow/.local/lib/python3.8/site-packages/airflow/example_dags/example_branch_python_dop_operator_3.py
[2023-12-20T06:32:29.792+0000] {processor.py:840} INFO - DAG(s) 'example_branch_dop_operator_v3' retrieved from /home/airflow/.local/lib/python3.8/site-packages/airflow/example_dags/example_branch_python_dop_operator_3.py
[2023-12-20T06:32:29.838+0000] {logging_mixin.py:188} INFO - [2023-12-20T06:32:29.838+0000] {dag.py:3033} INFO - Sync 1 DAGs
[2023-12-20T06:32:29.914+0000] {logging_mixin.py:188} INFO - [2023-12-20T06:32:29.913+0000] {dag.py:3820} INFO - Setting next_dagrun for example_branch_dop_operator_v3 to 2023-12-20T06:31:00+00:00, run_after=2023-12-20T06:32:00+00:00
[2023-12-20T06:32:29.964+0000] {processor.py:183} INFO - Processing /home/airflow/.local/lib/python3.8/site-packages/airflow/example_dags/example_branch_python_dop_operator_3.py took 0.205 seconds
[2023-12-20T06:33:00.595+0000] {processor.py:161} INFO - Started process (PID=2733) to work on /home/airflow/.local/lib/python3.8/site-packages/airflow/example_dags/example_branch_python_dop_operator_3.py
[2023-12-20T06:33:00.630+0000] {processor.py:830} INFO - Processing file /home/airflow/.local/lib/python3.8/site-packages/airflow/example_dags/example_branch_python_dop_operator_3.py for tasks to queue
[2023-12-20T06:33:00.631+0000] {logging_mixin.py:188} INFO - [2023-12-20T06:33:00.631+0000] {dagbag.py:538} INFO - Filling up the DagBag from /home/airflow/.local/lib/python3.8/site-packages/airflow/example_dags/example_branch_python_dop_operator_3.py
[2023-12-20T06:33:00.695+0000] {processor.py:840} INFO - DAG(s) 'example_branch_dop_operator_v3' retrieved from /home/airflow/.local/lib/python3.8/site-packages/airflow/example_dags/example_branch_python_dop_operator_3.py
[2023-12-20T06:33:00.854+0000] {logging_mixin.py:188} INFO - [2023-12-20T06:33:00.853+0000] {dag.py:3033} INFO - Sync 1 DAGs
[2023-12-20T06:33:01.083+0000] {logging_mixin.py:188} INFO - [2023-12-20T06:33:01.083+0000] {dag.py:3820} INFO - Setting next_dagrun for example_branch_dop_operator_v3 to 2023-12-20T06:32:00+00:00, run_after=2023-12-20T06:33:00+00:00
[2023-12-20T06:33:01.144+0000] {processor.py:183} INFO - Processing /home/airflow/.local/lib/python3.8/site-packages/airflow/example_dags/example_branch_python_dop_operator_3.py took 0.564 seconds
