[2023-12-20T05:41:45.930+0000] {processor.py:161} INFO - Started process (PID=98) to work on /home/airflow/.local/lib/python3.8/site-packages/airflow/example_dags/example_sensors.py
[2023-12-20T05:41:45.935+0000] {processor.py:830} INFO - Processing file /home/airflow/.local/lib/python3.8/site-packages/airflow/example_dags/example_sensors.py for tasks to queue
[2023-12-20T05:41:45.940+0000] {logging_mixin.py:188} INFO - [2023-12-20T05:41:45.939+0000] {dagbag.py:538} INFO - Filling up the DagBag from /home/airflow/.local/lib/python3.8/site-packages/airflow/example_dags/example_sensors.py
[2023-12-20T05:41:46.003+0000] {processor.py:840} INFO - DAG(s) 'example_sensors' retrieved from /home/airflow/.local/lib/python3.8/site-packages/airflow/example_dags/example_sensors.py
[2023-12-20T05:41:47.808+0000] {logging_mixin.py:188} INFO - [2023-12-20T05:41:47.807+0000] {dag.py:3033} INFO - Sync 1 DAGs
[2023-12-20T05:41:47.901+0000] {logging_mixin.py:188} INFO - [2023-12-20T05:41:47.901+0000] {dag.py:3820} INFO - Setting next_dagrun for example_sensors to None, run_after=None
[2023-12-20T05:41:48.272+0000] {processor.py:183} INFO - Processing /home/airflow/.local/lib/python3.8/site-packages/airflow/example_dags/example_sensors.py took 2.358 seconds
[2023-12-20T05:42:43.151+0000] {processor.py:161} INFO - Started process (PID=159) to work on /home/airflow/.local/lib/python3.8/site-packages/airflow/example_dags/example_sensors.py
[2023-12-20T05:42:43.161+0000] {processor.py:830} INFO - Processing file /home/airflow/.local/lib/python3.8/site-packages/airflow/example_dags/example_sensors.py for tasks to queue
[2023-12-20T05:42:43.219+0000] {logging_mixin.py:188} INFO - [2023-12-20T05:42:43.218+0000] {dagbag.py:538} INFO - Filling up the DagBag from /home/airflow/.local/lib/python3.8/site-packages/airflow/example_dags/example_sensors.py
[2023-12-20T05:42:43.335+0000] {processor.py:840} INFO - DAG(s) 'example_sensors' retrieved from /home/airflow/.local/lib/python3.8/site-packages/airflow/example_dags/example_sensors.py
[2023-12-20T05:42:44.078+0000] {logging_mixin.py:188} INFO - [2023-12-20T05:42:44.078+0000] {dag.py:3033} INFO - Sync 1 DAGs
[2023-12-20T05:42:44.828+0000] {logging_mixin.py:188} INFO - [2023-12-20T05:42:44.821+0000] {dag.py:3820} INFO - Setting next_dagrun for example_sensors to None, run_after=None
[2023-12-20T05:43:24.950+0000] {processor.py:183} INFO - Processing /home/airflow/.local/lib/python3.8/site-packages/airflow/example_dags/example_sensors.py took 41.857 seconds
[2023-12-20T06:07:05.783+0000] {processor.py:161} INFO - Started process (PID=78) to work on /home/airflow/.local/lib/python3.8/site-packages/airflow/example_dags/example_sensors.py
[2023-12-20T06:07:05.804+0000] {processor.py:830} INFO - Processing file /home/airflow/.local/lib/python3.8/site-packages/airflow/example_dags/example_sensors.py for tasks to queue
[2023-12-20T06:07:05.813+0000] {logging_mixin.py:188} INFO - [2023-12-20T06:07:05.807+0000] {dagbag.py:538} INFO - Filling up the DagBag from /home/airflow/.local/lib/python3.8/site-packages/airflow/example_dags/example_sensors.py
[2023-12-20T06:07:05.875+0000] {processor.py:840} INFO - DAG(s) 'example_sensors' retrieved from /home/airflow/.local/lib/python3.8/site-packages/airflow/example_dags/example_sensors.py
[2023-12-20T06:07:06.019+0000] {logging_mixin.py:188} INFO - [2023-12-20T06:07:06.017+0000] {dag.py:3033} INFO - Sync 1 DAGs
[2023-12-20T06:07:06.200+0000] {logging_mixin.py:188} INFO - [2023-12-20T06:07:06.200+0000] {dag.py:3820} INFO - Setting next_dagrun for example_sensors to None, run_after=None
[2023-12-20T06:07:06.399+0000] {processor.py:183} INFO - Processing /home/airflow/.local/lib/python3.8/site-packages/airflow/example_dags/example_sensors.py took 0.669 seconds
[2023-12-20T06:07:37.679+0000] {processor.py:161} INFO - Started process (PID=133) to work on /home/airflow/.local/lib/python3.8/site-packages/airflow/example_dags/example_sensors.py
[2023-12-20T06:07:37.693+0000] {processor.py:830} INFO - Processing file /home/airflow/.local/lib/python3.8/site-packages/airflow/example_dags/example_sensors.py for tasks to queue
[2023-12-20T06:07:37.716+0000] {logging_mixin.py:188} INFO - [2023-12-20T06:07:37.716+0000] {dagbag.py:538} INFO - Filling up the DagBag from /home/airflow/.local/lib/python3.8/site-packages/airflow/example_dags/example_sensors.py
[2023-12-20T06:07:37.776+0000] {processor.py:840} INFO - DAG(s) 'example_sensors' retrieved from /home/airflow/.local/lib/python3.8/site-packages/airflow/example_dags/example_sensors.py
[2023-12-20T06:07:37.989+0000] {logging_mixin.py:188} INFO - [2023-12-20T06:07:37.976+0000] {dag.py:3033} INFO - Sync 1 DAGs
[2023-12-20T06:07:38.076+0000] {logging_mixin.py:188} INFO - [2023-12-20T06:07:38.075+0000] {dag.py:3820} INFO - Setting next_dagrun for example_sensors to None, run_after=None
[2023-12-20T06:07:38.232+0000] {processor.py:183} INFO - Processing /home/airflow/.local/lib/python3.8/site-packages/airflow/example_dags/example_sensors.py took 0.596 seconds
[2023-12-20T06:08:08.821+0000] {processor.py:161} INFO - Started process (PID=188) to work on /home/airflow/.local/lib/python3.8/site-packages/airflow/example_dags/example_sensors.py
[2023-12-20T06:08:08.829+0000] {processor.py:830} INFO - Processing file /home/airflow/.local/lib/python3.8/site-packages/airflow/example_dags/example_sensors.py for tasks to queue
[2023-12-20T06:08:08.862+0000] {logging_mixin.py:188} INFO - [2023-12-20T06:08:08.861+0000] {dagbag.py:538} INFO - Filling up the DagBag from /home/airflow/.local/lib/python3.8/site-packages/airflow/example_dags/example_sensors.py
[2023-12-20T06:08:08.945+0000] {processor.py:840} INFO - DAG(s) 'example_sensors' retrieved from /home/airflow/.local/lib/python3.8/site-packages/airflow/example_dags/example_sensors.py
[2023-12-20T06:08:09.092+0000] {logging_mixin.py:188} INFO - [2023-12-20T06:08:09.092+0000] {dag.py:3033} INFO - Sync 1 DAGs
[2023-12-20T06:08:09.152+0000] {logging_mixin.py:188} INFO - [2023-12-20T06:08:09.152+0000] {dag.py:3820} INFO - Setting next_dagrun for example_sensors to None, run_after=None
[2023-12-20T06:08:09.304+0000] {processor.py:183} INFO - Processing /home/airflow/.local/lib/python3.8/site-packages/airflow/example_dags/example_sensors.py took 0.496 seconds
[2023-12-20T06:08:52.260+0000] {processor.py:161} INFO - Started process (PID=243) to work on /home/airflow/.local/lib/python3.8/site-packages/airflow/example_dags/example_sensors.py
[2023-12-20T06:08:52.284+0000] {processor.py:830} INFO - Processing file /home/airflow/.local/lib/python3.8/site-packages/airflow/example_dags/example_sensors.py for tasks to queue
[2023-12-20T06:08:52.310+0000] {logging_mixin.py:188} INFO - [2023-12-20T06:08:52.300+0000] {dagbag.py:538} INFO - Filling up the DagBag from /home/airflow/.local/lib/python3.8/site-packages/airflow/example_dags/example_sensors.py
[2023-12-20T06:08:52.504+0000] {processor.py:840} INFO - DAG(s) 'example_sensors' retrieved from /home/airflow/.local/lib/python3.8/site-packages/airflow/example_dags/example_sensors.py
[2023-12-20T06:08:52.847+0000] {logging_mixin.py:188} INFO - [2023-12-20T06:08:52.846+0000] {dag.py:3033} INFO - Sync 1 DAGs
[2023-12-20T06:08:52.948+0000] {logging_mixin.py:188} INFO - [2023-12-20T06:08:52.948+0000] {dag.py:3820} INFO - Setting next_dagrun for example_sensors to None, run_after=None
[2023-12-20T06:08:53.152+0000] {processor.py:183} INFO - Processing /home/airflow/.local/lib/python3.8/site-packages/airflow/example_dags/example_sensors.py took 0.947 seconds
[2023-12-20T06:09:27.079+0000] {processor.py:161} INFO - Started process (PID=304) to work on /home/airflow/.local/lib/python3.8/site-packages/airflow/example_dags/example_sensors.py
[2023-12-20T06:09:27.095+0000] {processor.py:830} INFO - Processing file /home/airflow/.local/lib/python3.8/site-packages/airflow/example_dags/example_sensors.py for tasks to queue
[2023-12-20T06:09:27.116+0000] {logging_mixin.py:188} INFO - [2023-12-20T06:09:27.115+0000] {dagbag.py:538} INFO - Filling up the DagBag from /home/airflow/.local/lib/python3.8/site-packages/airflow/example_dags/example_sensors.py
[2023-12-20T06:09:27.310+0000] {processor.py:840} INFO - DAG(s) 'example_sensors' retrieved from /home/airflow/.local/lib/python3.8/site-packages/airflow/example_dags/example_sensors.py
[2023-12-20T06:09:27.738+0000] {logging_mixin.py:188} INFO - [2023-12-20T06:09:27.736+0000] {dag.py:3033} INFO - Sync 1 DAGs
[2023-12-20T06:09:27.850+0000] {logging_mixin.py:188} INFO - [2023-12-20T06:09:27.849+0000] {dag.py:3820} INFO - Setting next_dagrun for example_sensors to None, run_after=None
[2023-12-20T06:09:28.138+0000] {processor.py:183} INFO - Processing /home/airflow/.local/lib/python3.8/site-packages/airflow/example_dags/example_sensors.py took 1.173 seconds
[2023-12-20T06:09:58.805+0000] {processor.py:161} INFO - Started process (PID=358) to work on /home/airflow/.local/lib/python3.8/site-packages/airflow/example_dags/example_sensors.py
[2023-12-20T06:09:58.834+0000] {processor.py:830} INFO - Processing file /home/airflow/.local/lib/python3.8/site-packages/airflow/example_dags/example_sensors.py for tasks to queue
[2023-12-20T06:09:58.843+0000] {logging_mixin.py:188} INFO - [2023-12-20T06:09:58.842+0000] {dagbag.py:538} INFO - Filling up the DagBag from /home/airflow/.local/lib/python3.8/site-packages/airflow/example_dags/example_sensors.py
[2023-12-20T06:09:58.948+0000] {processor.py:840} INFO - DAG(s) 'example_sensors' retrieved from /home/airflow/.local/lib/python3.8/site-packages/airflow/example_dags/example_sensors.py
[2023-12-20T06:09:59.470+0000] {logging_mixin.py:188} INFO - [2023-12-20T06:09:59.469+0000] {dag.py:3033} INFO - Sync 1 DAGs
[2023-12-20T06:09:59.695+0000] {logging_mixin.py:188} INFO - [2023-12-20T06:09:59.695+0000] {dag.py:3820} INFO - Setting next_dagrun for example_sensors to None, run_after=None
[2023-12-20T06:09:59.951+0000] {processor.py:183} INFO - Processing /home/airflow/.local/lib/python3.8/site-packages/airflow/example_dags/example_sensors.py took 1.207 seconds
[2023-12-20T06:10:30.097+0000] {processor.py:161} INFO - Started process (PID=413) to work on /home/airflow/.local/lib/python3.8/site-packages/airflow/example_dags/example_sensors.py
[2023-12-20T06:10:30.098+0000] {processor.py:830} INFO - Processing file /home/airflow/.local/lib/python3.8/site-packages/airflow/example_dags/example_sensors.py for tasks to queue
[2023-12-20T06:10:30.103+0000] {logging_mixin.py:188} INFO - [2023-12-20T06:10:30.102+0000] {dagbag.py:538} INFO - Filling up the DagBag from /home/airflow/.local/lib/python3.8/site-packages/airflow/example_dags/example_sensors.py
[2023-12-20T06:10:30.149+0000] {processor.py:840} INFO - DAG(s) 'example_sensors' retrieved from /home/airflow/.local/lib/python3.8/site-packages/airflow/example_dags/example_sensors.py
[2023-12-20T06:10:30.282+0000] {logging_mixin.py:188} INFO - [2023-12-20T06:10:30.282+0000] {dag.py:3033} INFO - Sync 1 DAGs
[2023-12-20T06:10:30.411+0000] {logging_mixin.py:188} INFO - [2023-12-20T06:10:30.411+0000] {dag.py:3820} INFO - Setting next_dagrun for example_sensors to None, run_after=None
[2023-12-20T06:10:30.549+0000] {processor.py:183} INFO - Processing /home/airflow/.local/lib/python3.8/site-packages/airflow/example_dags/example_sensors.py took 0.460 seconds
[2023-12-20T06:11:01.457+0000] {processor.py:161} INFO - Started process (PID=468) to work on /home/airflow/.local/lib/python3.8/site-packages/airflow/example_dags/example_sensors.py
[2023-12-20T06:11:01.496+0000] {processor.py:830} INFO - Processing file /home/airflow/.local/lib/python3.8/site-packages/airflow/example_dags/example_sensors.py for tasks to queue
[2023-12-20T06:11:01.501+0000] {logging_mixin.py:188} INFO - [2023-12-20T06:11:01.501+0000] {dagbag.py:538} INFO - Filling up the DagBag from /home/airflow/.local/lib/python3.8/site-packages/airflow/example_dags/example_sensors.py
[2023-12-20T06:11:01.564+0000] {processor.py:840} INFO - DAG(s) 'example_sensors' retrieved from /home/airflow/.local/lib/python3.8/site-packages/airflow/example_dags/example_sensors.py
[2023-12-20T06:11:01.733+0000] {logging_mixin.py:188} INFO - [2023-12-20T06:11:01.733+0000] {dag.py:3033} INFO - Sync 1 DAGs
[2023-12-20T06:11:01.807+0000] {logging_mixin.py:188} INFO - [2023-12-20T06:11:01.806+0000] {dag.py:3820} INFO - Setting next_dagrun for example_sensors to None, run_after=None
[2023-12-20T06:11:02.091+0000] {processor.py:183} INFO - Processing /home/airflow/.local/lib/python3.8/site-packages/airflow/example_dags/example_sensors.py took 0.655 seconds
[2023-12-20T06:11:32.377+0000] {processor.py:161} INFO - Started process (PID=523) to work on /home/airflow/.local/lib/python3.8/site-packages/airflow/example_dags/example_sensors.py
[2023-12-20T06:11:32.412+0000] {processor.py:830} INFO - Processing file /home/airflow/.local/lib/python3.8/site-packages/airflow/example_dags/example_sensors.py for tasks to queue
[2023-12-20T06:11:32.418+0000] {logging_mixin.py:188} INFO - [2023-12-20T06:11:32.417+0000] {dagbag.py:538} INFO - Filling up the DagBag from /home/airflow/.local/lib/python3.8/site-packages/airflow/example_dags/example_sensors.py
[2023-12-20T06:11:32.483+0000] {processor.py:840} INFO - DAG(s) 'example_sensors' retrieved from /home/airflow/.local/lib/python3.8/site-packages/airflow/example_dags/example_sensors.py
[2023-12-20T06:11:32.644+0000] {logging_mixin.py:188} INFO - [2023-12-20T06:11:32.643+0000] {dag.py:3033} INFO - Sync 1 DAGs
[2023-12-20T06:11:32.712+0000] {logging_mixin.py:188} INFO - [2023-12-20T06:11:32.712+0000] {dag.py:3820} INFO - Setting next_dagrun for example_sensors to None, run_after=None
[2023-12-20T06:11:32.787+0000] {processor.py:183} INFO - Processing /home/airflow/.local/lib/python3.8/site-packages/airflow/example_dags/example_sensors.py took 0.419 seconds
[2023-12-20T06:12:03.204+0000] {processor.py:161} INFO - Started process (PID=576) to work on /home/airflow/.local/lib/python3.8/site-packages/airflow/example_dags/example_sensors.py
[2023-12-20T06:12:03.206+0000] {processor.py:830} INFO - Processing file /home/airflow/.local/lib/python3.8/site-packages/airflow/example_dags/example_sensors.py for tasks to queue
[2023-12-20T06:12:03.220+0000] {logging_mixin.py:188} INFO - [2023-12-20T06:12:03.219+0000] {dagbag.py:538} INFO - Filling up the DagBag from /home/airflow/.local/lib/python3.8/site-packages/airflow/example_dags/example_sensors.py
[2023-12-20T06:12:03.292+0000] {processor.py:840} INFO - DAG(s) 'example_sensors' retrieved from /home/airflow/.local/lib/python3.8/site-packages/airflow/example_dags/example_sensors.py
[2023-12-20T06:12:03.502+0000] {logging_mixin.py:188} INFO - [2023-12-20T06:12:03.501+0000] {dag.py:3033} INFO - Sync 1 DAGs
[2023-12-20T06:12:03.625+0000] {logging_mixin.py:188} INFO - [2023-12-20T06:12:03.625+0000] {dag.py:3820} INFO - Setting next_dagrun for example_sensors to None, run_after=None
[2023-12-20T06:12:03.833+0000] {processor.py:183} INFO - Processing /home/airflow/.local/lib/python3.8/site-packages/airflow/example_dags/example_sensors.py took 0.671 seconds
[2023-12-20T06:12:37.500+0000] {processor.py:161} INFO - Started process (PID=631) to work on /home/airflow/.local/lib/python3.8/site-packages/airflow/example_dags/example_sensors.py
[2023-12-20T06:12:37.515+0000] {processor.py:830} INFO - Processing file /home/airflow/.local/lib/python3.8/site-packages/airflow/example_dags/example_sensors.py for tasks to queue
[2023-12-20T06:12:37.550+0000] {logging_mixin.py:188} INFO - [2023-12-20T06:12:37.550+0000] {dagbag.py:538} INFO - Filling up the DagBag from /home/airflow/.local/lib/python3.8/site-packages/airflow/example_dags/example_sensors.py
[2023-12-20T06:12:37.715+0000] {processor.py:840} INFO - DAG(s) 'example_sensors' retrieved from /home/airflow/.local/lib/python3.8/site-packages/airflow/example_dags/example_sensors.py
[2023-12-20T06:12:38.230+0000] {logging_mixin.py:188} INFO - [2023-12-20T06:12:38.229+0000] {dag.py:3033} INFO - Sync 1 DAGs
[2023-12-20T06:12:38.656+0000] {logging_mixin.py:188} INFO - [2023-12-20T06:12:38.655+0000] {dag.py:3820} INFO - Setting next_dagrun for example_sensors to None, run_after=None
[2023-12-20T06:12:38.957+0000] {processor.py:183} INFO - Processing /home/airflow/.local/lib/python3.8/site-packages/airflow/example_dags/example_sensors.py took 1.494 seconds
[2023-12-20T06:13:24.025+0000] {processor.py:161} INFO - Started process (PID=690) to work on /home/airflow/.local/lib/python3.8/site-packages/airflow/example_dags/example_sensors.py
[2023-12-20T06:13:24.035+0000] {processor.py:830} INFO - Processing file /home/airflow/.local/lib/python3.8/site-packages/airflow/example_dags/example_sensors.py for tasks to queue
[2023-12-20T06:13:24.098+0000] {logging_mixin.py:188} INFO - [2023-12-20T06:13:24.097+0000] {dagbag.py:538} INFO - Filling up the DagBag from /home/airflow/.local/lib/python3.8/site-packages/airflow/example_dags/example_sensors.py
[2023-12-20T06:13:24.331+0000] {processor.py:840} INFO - DAG(s) 'example_sensors' retrieved from /home/airflow/.local/lib/python3.8/site-packages/airflow/example_dags/example_sensors.py
[2023-12-20T06:13:24.701+0000] {logging_mixin.py:188} INFO - [2023-12-20T06:13:24.698+0000] {dag.py:3033} INFO - Sync 1 DAGs
[2023-12-20T06:13:24.882+0000] {logging_mixin.py:188} INFO - [2023-12-20T06:13:24.881+0000] {dag.py:3820} INFO - Setting next_dagrun for example_sensors to None, run_after=None
[2023-12-20T06:13:25.203+0000] {processor.py:183} INFO - Processing /home/airflow/.local/lib/python3.8/site-packages/airflow/example_dags/example_sensors.py took 1.316 seconds
[2023-12-20T06:14:08.016+0000] {processor.py:161} INFO - Started process (PID=752) to work on /home/airflow/.local/lib/python3.8/site-packages/airflow/example_dags/example_sensors.py
[2023-12-20T06:14:08.020+0000] {processor.py:830} INFO - Processing file /home/airflow/.local/lib/python3.8/site-packages/airflow/example_dags/example_sensors.py for tasks to queue
[2023-12-20T06:14:08.025+0000] {logging_mixin.py:188} INFO - [2023-12-20T06:14:08.024+0000] {dagbag.py:538} INFO - Filling up the DagBag from /home/airflow/.local/lib/python3.8/site-packages/airflow/example_dags/example_sensors.py
[2023-12-20T06:14:08.193+0000] {processor.py:840} INFO - DAG(s) 'example_sensors' retrieved from /home/airflow/.local/lib/python3.8/site-packages/airflow/example_dags/example_sensors.py
[2023-12-20T06:14:08.547+0000] {logging_mixin.py:188} INFO - [2023-12-20T06:14:08.546+0000] {dag.py:3033} INFO - Sync 1 DAGs
[2023-12-20T06:14:08.775+0000] {logging_mixin.py:188} INFO - [2023-12-20T06:14:08.774+0000] {dag.py:3820} INFO - Setting next_dagrun for example_sensors to None, run_after=None
[2023-12-20T06:14:09.053+0000] {processor.py:183} INFO - Processing /home/airflow/.local/lib/python3.8/site-packages/airflow/example_dags/example_sensors.py took 1.066 seconds
[2023-12-20T06:14:45.679+0000] {processor.py:161} INFO - Started process (PID=807) to work on /home/airflow/.local/lib/python3.8/site-packages/airflow/example_dags/example_sensors.py
[2023-12-20T06:14:45.687+0000] {processor.py:830} INFO - Processing file /home/airflow/.local/lib/python3.8/site-packages/airflow/example_dags/example_sensors.py for tasks to queue
[2023-12-20T06:14:45.703+0000] {logging_mixin.py:188} INFO - [2023-12-20T06:14:45.702+0000] {dagbag.py:538} INFO - Filling up the DagBag from /home/airflow/.local/lib/python3.8/site-packages/airflow/example_dags/example_sensors.py
[2023-12-20T06:14:45.801+0000] {processor.py:840} INFO - DAG(s) 'example_sensors' retrieved from /home/airflow/.local/lib/python3.8/site-packages/airflow/example_dags/example_sensors.py
[2023-12-20T06:14:46.207+0000] {logging_mixin.py:188} INFO - [2023-12-20T06:14:46.206+0000] {dag.py:3033} INFO - Sync 1 DAGs
[2023-12-20T06:14:46.402+0000] {logging_mixin.py:188} INFO - [2023-12-20T06:14:46.379+0000] {dag.py:3820} INFO - Setting next_dagrun for example_sensors to None, run_after=None
[2023-12-20T06:14:46.598+0000] {processor.py:183} INFO - Processing /home/airflow/.local/lib/python3.8/site-packages/airflow/example_dags/example_sensors.py took 0.943 seconds
[2023-12-20T06:15:18.708+0000] {processor.py:161} INFO - Started process (PID=863) to work on /home/airflow/.local/lib/python3.8/site-packages/airflow/example_dags/example_sensors.py
[2023-12-20T06:15:18.748+0000] {processor.py:830} INFO - Processing file /home/airflow/.local/lib/python3.8/site-packages/airflow/example_dags/example_sensors.py for tasks to queue
[2023-12-20T06:15:18.755+0000] {logging_mixin.py:188} INFO - [2023-12-20T06:15:18.752+0000] {dagbag.py:538} INFO - Filling up the DagBag from /home/airflow/.local/lib/python3.8/site-packages/airflow/example_dags/example_sensors.py
[2023-12-20T06:15:18.787+0000] {processor.py:840} INFO - DAG(s) 'example_sensors' retrieved from /home/airflow/.local/lib/python3.8/site-packages/airflow/example_dags/example_sensors.py
[2023-12-20T06:15:18.980+0000] {logging_mixin.py:188} INFO - [2023-12-20T06:15:18.979+0000] {dag.py:3033} INFO - Sync 1 DAGs
[2023-12-20T06:15:19.050+0000] {logging_mixin.py:188} INFO - [2023-12-20T06:15:19.049+0000] {dag.py:3820} INFO - Setting next_dagrun for example_sensors to None, run_after=None
[2023-12-20T06:15:19.229+0000] {processor.py:183} INFO - Processing /home/airflow/.local/lib/python3.8/site-packages/airflow/example_dags/example_sensors.py took 0.558 seconds
[2023-12-20T06:15:50.127+0000] {processor.py:161} INFO - Started process (PID=918) to work on /home/airflow/.local/lib/python3.8/site-packages/airflow/example_dags/example_sensors.py
[2023-12-20T06:15:50.133+0000] {processor.py:830} INFO - Processing file /home/airflow/.local/lib/python3.8/site-packages/airflow/example_dags/example_sensors.py for tasks to queue
[2023-12-20T06:15:50.142+0000] {logging_mixin.py:188} INFO - [2023-12-20T06:15:50.142+0000] {dagbag.py:538} INFO - Filling up the DagBag from /home/airflow/.local/lib/python3.8/site-packages/airflow/example_dags/example_sensors.py
[2023-12-20T06:15:50.182+0000] {processor.py:840} INFO - DAG(s) 'example_sensors' retrieved from /home/airflow/.local/lib/python3.8/site-packages/airflow/example_dags/example_sensors.py
[2023-12-20T06:15:50.343+0000] {logging_mixin.py:188} INFO - [2023-12-20T06:15:50.342+0000] {dag.py:3033} INFO - Sync 1 DAGs
[2023-12-20T06:15:50.472+0000] {logging_mixin.py:188} INFO - [2023-12-20T06:15:50.471+0000] {dag.py:3820} INFO - Setting next_dagrun for example_sensors to None, run_after=None
[2023-12-20T06:15:50.575+0000] {processor.py:183} INFO - Processing /home/airflow/.local/lib/python3.8/site-packages/airflow/example_dags/example_sensors.py took 0.460 seconds
[2023-12-20T06:16:21.099+0000] {processor.py:161} INFO - Started process (PID=973) to work on /home/airflow/.local/lib/python3.8/site-packages/airflow/example_dags/example_sensors.py
[2023-12-20T06:16:21.140+0000] {processor.py:830} INFO - Processing file /home/airflow/.local/lib/python3.8/site-packages/airflow/example_dags/example_sensors.py for tasks to queue
[2023-12-20T06:16:21.144+0000] {logging_mixin.py:188} INFO - [2023-12-20T06:16:21.143+0000] {dagbag.py:538} INFO - Filling up the DagBag from /home/airflow/.local/lib/python3.8/site-packages/airflow/example_dags/example_sensors.py
[2023-12-20T06:16:21.197+0000] {processor.py:840} INFO - DAG(s) 'example_sensors' retrieved from /home/airflow/.local/lib/python3.8/site-packages/airflow/example_dags/example_sensors.py
[2023-12-20T06:16:21.269+0000] {logging_mixin.py:188} INFO - [2023-12-20T06:16:21.268+0000] {dag.py:3033} INFO - Sync 1 DAGs
[2023-12-20T06:16:21.311+0000] {logging_mixin.py:188} INFO - [2023-12-20T06:16:21.311+0000] {dag.py:3820} INFO - Setting next_dagrun for example_sensors to None, run_after=None
[2023-12-20T06:16:21.386+0000] {processor.py:183} INFO - Processing /home/airflow/.local/lib/python3.8/site-packages/airflow/example_dags/example_sensors.py took 0.297 seconds
[2023-12-20T06:16:52.389+0000] {processor.py:161} INFO - Started process (PID=1027) to work on /home/airflow/.local/lib/python3.8/site-packages/airflow/example_dags/example_sensors.py
[2023-12-20T06:16:52.394+0000] {processor.py:830} INFO - Processing file /home/airflow/.local/lib/python3.8/site-packages/airflow/example_dags/example_sensors.py for tasks to queue
[2023-12-20T06:16:52.413+0000] {logging_mixin.py:188} INFO - [2023-12-20T06:16:52.408+0000] {dagbag.py:538} INFO - Filling up the DagBag from /home/airflow/.local/lib/python3.8/site-packages/airflow/example_dags/example_sensors.py
[2023-12-20T06:16:52.475+0000] {processor.py:840} INFO - DAG(s) 'example_sensors' retrieved from /home/airflow/.local/lib/python3.8/site-packages/airflow/example_dags/example_sensors.py
[2023-12-20T06:16:52.577+0000] {logging_mixin.py:188} INFO - [2023-12-20T06:16:52.576+0000] {dag.py:3033} INFO - Sync 1 DAGs
[2023-12-20T06:16:52.680+0000] {logging_mixin.py:188} INFO - [2023-12-20T06:16:52.680+0000] {dag.py:3820} INFO - Setting next_dagrun for example_sensors to None, run_after=None
[2023-12-20T06:16:52.790+0000] {processor.py:183} INFO - Processing /home/airflow/.local/lib/python3.8/site-packages/airflow/example_dags/example_sensors.py took 0.419 seconds
[2023-12-20T06:17:24.567+0000] {processor.py:161} INFO - Started process (PID=1083) to work on /home/airflow/.local/lib/python3.8/site-packages/airflow/example_dags/example_sensors.py
[2023-12-20T06:17:24.600+0000] {processor.py:830} INFO - Processing file /home/airflow/.local/lib/python3.8/site-packages/airflow/example_dags/example_sensors.py for tasks to queue
[2023-12-20T06:17:24.610+0000] {logging_mixin.py:188} INFO - [2023-12-20T06:17:24.609+0000] {dagbag.py:538} INFO - Filling up the DagBag from /home/airflow/.local/lib/python3.8/site-packages/airflow/example_dags/example_sensors.py
[2023-12-20T06:17:24.699+0000] {processor.py:840} INFO - DAG(s) 'example_sensors' retrieved from /home/airflow/.local/lib/python3.8/site-packages/airflow/example_dags/example_sensors.py
[2023-12-20T06:17:25.173+0000] {logging_mixin.py:188} INFO - [2023-12-20T06:17:25.169+0000] {dag.py:3033} INFO - Sync 1 DAGs
[2023-12-20T06:17:25.313+0000] {logging_mixin.py:188} INFO - [2023-12-20T06:17:25.313+0000] {dag.py:3820} INFO - Setting next_dagrun for example_sensors to None, run_after=None
[2023-12-20T06:17:25.495+0000] {processor.py:183} INFO - Processing /home/airflow/.local/lib/python3.8/site-packages/airflow/example_dags/example_sensors.py took 0.953 seconds
[2023-12-20T06:17:57.683+0000] {processor.py:161} INFO - Started process (PID=1136) to work on /home/airflow/.local/lib/python3.8/site-packages/airflow/example_dags/example_sensors.py
[2023-12-20T06:17:57.685+0000] {processor.py:830} INFO - Processing file /home/airflow/.local/lib/python3.8/site-packages/airflow/example_dags/example_sensors.py for tasks to queue
[2023-12-20T06:17:57.717+0000] {logging_mixin.py:188} INFO - [2023-12-20T06:17:57.714+0000] {dagbag.py:538} INFO - Filling up the DagBag from /home/airflow/.local/lib/python3.8/site-packages/airflow/example_dags/example_sensors.py
[2023-12-20T06:17:57.771+0000] {processor.py:840} INFO - DAG(s) 'example_sensors' retrieved from /home/airflow/.local/lib/python3.8/site-packages/airflow/example_dags/example_sensors.py
[2023-12-20T06:17:58.419+0000] {logging_mixin.py:188} INFO - [2023-12-20T06:17:58.419+0000] {dag.py:3033} INFO - Sync 1 DAGs
[2023-12-20T06:17:59.479+0000] {logging_mixin.py:188} INFO - [2023-12-20T06:17:59.478+0000] {dag.py:3820} INFO - Setting next_dagrun for example_sensors to None, run_after=None
[2023-12-20T06:17:59.782+0000] {processor.py:183} INFO - Processing /home/airflow/.local/lib/python3.8/site-packages/airflow/example_dags/example_sensors.py took 2.660 seconds
[2023-12-20T06:18:30.412+0000] {processor.py:161} INFO - Started process (PID=1192) to work on /home/airflow/.local/lib/python3.8/site-packages/airflow/example_dags/example_sensors.py
[2023-12-20T06:18:30.415+0000] {processor.py:830} INFO - Processing file /home/airflow/.local/lib/python3.8/site-packages/airflow/example_dags/example_sensors.py for tasks to queue
[2023-12-20T06:18:30.421+0000] {logging_mixin.py:188} INFO - [2023-12-20T06:18:30.420+0000] {dagbag.py:538} INFO - Filling up the DagBag from /home/airflow/.local/lib/python3.8/site-packages/airflow/example_dags/example_sensors.py
[2023-12-20T06:18:30.448+0000] {processor.py:840} INFO - DAG(s) 'example_sensors' retrieved from /home/airflow/.local/lib/python3.8/site-packages/airflow/example_dags/example_sensors.py
[2023-12-20T06:18:30.544+0000] {logging_mixin.py:188} INFO - [2023-12-20T06:18:30.543+0000] {dag.py:3033} INFO - Sync 1 DAGs
[2023-12-20T06:18:30.586+0000] {logging_mixin.py:188} INFO - [2023-12-20T06:18:30.585+0000] {dag.py:3820} INFO - Setting next_dagrun for example_sensors to None, run_after=None
[2023-12-20T06:18:30.661+0000] {processor.py:183} INFO - Processing /home/airflow/.local/lib/python3.8/site-packages/airflow/example_dags/example_sensors.py took 0.257 seconds
[2023-12-20T06:19:01.044+0000] {processor.py:161} INFO - Started process (PID=1247) to work on /home/airflow/.local/lib/python3.8/site-packages/airflow/example_dags/example_sensors.py
[2023-12-20T06:19:01.055+0000] {processor.py:830} INFO - Processing file /home/airflow/.local/lib/python3.8/site-packages/airflow/example_dags/example_sensors.py for tasks to queue
[2023-12-20T06:19:01.064+0000] {logging_mixin.py:188} INFO - [2023-12-20T06:19:01.064+0000] {dagbag.py:538} INFO - Filling up the DagBag from /home/airflow/.local/lib/python3.8/site-packages/airflow/example_dags/example_sensors.py
[2023-12-20T06:19:01.147+0000] {processor.py:840} INFO - DAG(s) 'example_sensors' retrieved from /home/airflow/.local/lib/python3.8/site-packages/airflow/example_dags/example_sensors.py
[2023-12-20T06:19:01.227+0000] {logging_mixin.py:188} INFO - [2023-12-20T06:19:01.227+0000] {dag.py:3033} INFO - Sync 1 DAGs
[2023-12-20T06:19:01.282+0000] {logging_mixin.py:188} INFO - [2023-12-20T06:19:01.282+0000] {dag.py:3820} INFO - Setting next_dagrun for example_sensors to None, run_after=None
[2023-12-20T06:19:01.416+0000] {processor.py:183} INFO - Processing /home/airflow/.local/lib/python3.8/site-packages/airflow/example_dags/example_sensors.py took 0.380 seconds
[2023-12-20T06:19:31.854+0000] {processor.py:161} INFO - Started process (PID=1303) to work on /home/airflow/.local/lib/python3.8/site-packages/airflow/example_dags/example_sensors.py
[2023-12-20T06:19:31.855+0000] {processor.py:830} INFO - Processing file /home/airflow/.local/lib/python3.8/site-packages/airflow/example_dags/example_sensors.py for tasks to queue
[2023-12-20T06:19:31.860+0000] {logging_mixin.py:188} INFO - [2023-12-20T06:19:31.859+0000] {dagbag.py:538} INFO - Filling up the DagBag from /home/airflow/.local/lib/python3.8/site-packages/airflow/example_dags/example_sensors.py
[2023-12-20T06:19:31.886+0000] {processor.py:840} INFO - DAG(s) 'example_sensors' retrieved from /home/airflow/.local/lib/python3.8/site-packages/airflow/example_dags/example_sensors.py
[2023-12-20T06:19:31.957+0000] {logging_mixin.py:188} INFO - [2023-12-20T06:19:31.957+0000] {dag.py:3033} INFO - Sync 1 DAGs
[2023-12-20T06:19:31.993+0000] {logging_mixin.py:188} INFO - [2023-12-20T06:19:31.993+0000] {dag.py:3820} INFO - Setting next_dagrun for example_sensors to None, run_after=None
[2023-12-20T06:19:32.079+0000] {processor.py:183} INFO - Processing /home/airflow/.local/lib/python3.8/site-packages/airflow/example_dags/example_sensors.py took 0.232 seconds
[2023-12-20T06:20:03.003+0000] {processor.py:161} INFO - Started process (PID=1358) to work on /home/airflow/.local/lib/python3.8/site-packages/airflow/example_dags/example_sensors.py
[2023-12-20T06:20:03.006+0000] {processor.py:830} INFO - Processing file /home/airflow/.local/lib/python3.8/site-packages/airflow/example_dags/example_sensors.py for tasks to queue
[2023-12-20T06:20:03.011+0000] {logging_mixin.py:188} INFO - [2023-12-20T06:20:03.010+0000] {dagbag.py:538} INFO - Filling up the DagBag from /home/airflow/.local/lib/python3.8/site-packages/airflow/example_dags/example_sensors.py
[2023-12-20T06:20:03.034+0000] {processor.py:840} INFO - DAG(s) 'example_sensors' retrieved from /home/airflow/.local/lib/python3.8/site-packages/airflow/example_dags/example_sensors.py
[2023-12-20T06:20:03.128+0000] {logging_mixin.py:188} INFO - [2023-12-20T06:20:03.127+0000] {dag.py:3033} INFO - Sync 1 DAGs
[2023-12-20T06:20:03.172+0000] {logging_mixin.py:188} INFO - [2023-12-20T06:20:03.171+0000] {dag.py:3820} INFO - Setting next_dagrun for example_sensors to None, run_after=None
[2023-12-20T06:20:03.285+0000] {processor.py:183} INFO - Processing /home/airflow/.local/lib/python3.8/site-packages/airflow/example_dags/example_sensors.py took 0.306 seconds
[2023-12-20T06:20:33.424+0000] {processor.py:161} INFO - Started process (PID=1412) to work on /home/airflow/.local/lib/python3.8/site-packages/airflow/example_dags/example_sensors.py
[2023-12-20T06:20:33.429+0000] {processor.py:830} INFO - Processing file /home/airflow/.local/lib/python3.8/site-packages/airflow/example_dags/example_sensors.py for tasks to queue
[2023-12-20T06:20:33.439+0000] {logging_mixin.py:188} INFO - [2023-12-20T06:20:33.438+0000] {dagbag.py:538} INFO - Filling up the DagBag from /home/airflow/.local/lib/python3.8/site-packages/airflow/example_dags/example_sensors.py
[2023-12-20T06:20:33.489+0000] {processor.py:840} INFO - DAG(s) 'example_sensors' retrieved from /home/airflow/.local/lib/python3.8/site-packages/airflow/example_dags/example_sensors.py
[2023-12-20T06:20:33.616+0000] {logging_mixin.py:188} INFO - [2023-12-20T06:20:33.616+0000] {dag.py:3033} INFO - Sync 1 DAGs
[2023-12-20T06:20:33.690+0000] {logging_mixin.py:188} INFO - [2023-12-20T06:20:33.690+0000] {dag.py:3820} INFO - Setting next_dagrun for example_sensors to None, run_after=None
[2023-12-20T06:20:33.817+0000] {processor.py:183} INFO - Processing /home/airflow/.local/lib/python3.8/site-packages/airflow/example_dags/example_sensors.py took 0.414 seconds
[2023-12-20T06:21:04.022+0000] {processor.py:161} INFO - Started process (PID=1466) to work on /home/airflow/.local/lib/python3.8/site-packages/airflow/example_dags/example_sensors.py
[2023-12-20T06:21:04.045+0000] {processor.py:830} INFO - Processing file /home/airflow/.local/lib/python3.8/site-packages/airflow/example_dags/example_sensors.py for tasks to queue
[2023-12-20T06:21:04.062+0000] {logging_mixin.py:188} INFO - [2023-12-20T06:21:04.061+0000] {dagbag.py:538} INFO - Filling up the DagBag from /home/airflow/.local/lib/python3.8/site-packages/airflow/example_dags/example_sensors.py
[2023-12-20T06:21:04.119+0000] {processor.py:840} INFO - DAG(s) 'example_sensors' retrieved from /home/airflow/.local/lib/python3.8/site-packages/airflow/example_dags/example_sensors.py
[2023-12-20T06:21:04.302+0000] {logging_mixin.py:188} INFO - [2023-12-20T06:21:04.301+0000] {dag.py:3033} INFO - Sync 1 DAGs
[2023-12-20T06:21:04.359+0000] {logging_mixin.py:188} INFO - [2023-12-20T06:21:04.358+0000] {dag.py:3820} INFO - Setting next_dagrun for example_sensors to None, run_after=None
[2023-12-20T06:21:04.464+0000] {processor.py:183} INFO - Processing /home/airflow/.local/lib/python3.8/site-packages/airflow/example_dags/example_sensors.py took 0.451 seconds
[2023-12-20T06:21:35.106+0000] {processor.py:161} INFO - Started process (PID=1522) to work on /home/airflow/.local/lib/python3.8/site-packages/airflow/example_dags/example_sensors.py
[2023-12-20T06:21:35.117+0000] {processor.py:830} INFO - Processing file /home/airflow/.local/lib/python3.8/site-packages/airflow/example_dags/example_sensors.py for tasks to queue
[2023-12-20T06:21:35.131+0000] {logging_mixin.py:188} INFO - [2023-12-20T06:21:35.131+0000] {dagbag.py:538} INFO - Filling up the DagBag from /home/airflow/.local/lib/python3.8/site-packages/airflow/example_dags/example_sensors.py
[2023-12-20T06:21:35.222+0000] {processor.py:840} INFO - DAG(s) 'example_sensors' retrieved from /home/airflow/.local/lib/python3.8/site-packages/airflow/example_dags/example_sensors.py
[2023-12-20T06:21:35.381+0000] {logging_mixin.py:188} INFO - [2023-12-20T06:21:35.381+0000] {dag.py:3033} INFO - Sync 1 DAGs
[2023-12-20T06:21:35.450+0000] {logging_mixin.py:188} INFO - [2023-12-20T06:21:35.450+0000] {dag.py:3820} INFO - Setting next_dagrun for example_sensors to None, run_after=None
[2023-12-20T06:21:35.541+0000] {processor.py:183} INFO - Processing /home/airflow/.local/lib/python3.8/site-packages/airflow/example_dags/example_sensors.py took 0.475 seconds
[2023-12-20T06:22:06.138+0000] {processor.py:161} INFO - Started process (PID=1579) to work on /home/airflow/.local/lib/python3.8/site-packages/airflow/example_dags/example_sensors.py
[2023-12-20T06:22:06.151+0000] {processor.py:830} INFO - Processing file /home/airflow/.local/lib/python3.8/site-packages/airflow/example_dags/example_sensors.py for tasks to queue
[2023-12-20T06:22:06.163+0000] {logging_mixin.py:188} INFO - [2023-12-20T06:22:06.156+0000] {dagbag.py:538} INFO - Filling up the DagBag from /home/airflow/.local/lib/python3.8/site-packages/airflow/example_dags/example_sensors.py
[2023-12-20T06:22:06.269+0000] {processor.py:840} INFO - DAG(s) 'example_sensors' retrieved from /home/airflow/.local/lib/python3.8/site-packages/airflow/example_dags/example_sensors.py
[2023-12-20T06:22:06.542+0000] {logging_mixin.py:188} INFO - [2023-12-20T06:22:06.541+0000] {dag.py:3033} INFO - Sync 1 DAGs
[2023-12-20T06:22:06.661+0000] {logging_mixin.py:188} INFO - [2023-12-20T06:22:06.661+0000] {dag.py:3820} INFO - Setting next_dagrun for example_sensors to None, run_after=None
[2023-12-20T06:22:06.805+0000] {processor.py:183} INFO - Processing /home/airflow/.local/lib/python3.8/site-packages/airflow/example_dags/example_sensors.py took 0.713 seconds
[2023-12-20T06:22:37.199+0000] {processor.py:161} INFO - Started process (PID=1634) to work on /home/airflow/.local/lib/python3.8/site-packages/airflow/example_dags/example_sensors.py
[2023-12-20T06:22:37.201+0000] {processor.py:830} INFO - Processing file /home/airflow/.local/lib/python3.8/site-packages/airflow/example_dags/example_sensors.py for tasks to queue
[2023-12-20T06:22:37.203+0000] {logging_mixin.py:188} INFO - [2023-12-20T06:22:37.202+0000] {dagbag.py:538} INFO - Filling up the DagBag from /home/airflow/.local/lib/python3.8/site-packages/airflow/example_dags/example_sensors.py
[2023-12-20T06:22:37.245+0000] {processor.py:840} INFO - DAG(s) 'example_sensors' retrieved from /home/airflow/.local/lib/python3.8/site-packages/airflow/example_dags/example_sensors.py
[2023-12-20T06:22:37.328+0000] {logging_mixin.py:188} INFO - [2023-12-20T06:22:37.328+0000] {dag.py:3033} INFO - Sync 1 DAGs
[2023-12-20T06:22:37.360+0000] {logging_mixin.py:188} INFO - [2023-12-20T06:22:37.360+0000] {dag.py:3820} INFO - Setting next_dagrun for example_sensors to None, run_after=None
[2023-12-20T06:22:37.440+0000] {processor.py:183} INFO - Processing /home/airflow/.local/lib/python3.8/site-packages/airflow/example_dags/example_sensors.py took 0.253 seconds
[2023-12-20T06:23:08.235+0000] {processor.py:161} INFO - Started process (PID=1689) to work on /home/airflow/.local/lib/python3.8/site-packages/airflow/example_dags/example_sensors.py
[2023-12-20T06:23:08.241+0000] {processor.py:830} INFO - Processing file /home/airflow/.local/lib/python3.8/site-packages/airflow/example_dags/example_sensors.py for tasks to queue
[2023-12-20T06:23:08.246+0000] {logging_mixin.py:188} INFO - [2023-12-20T06:23:08.245+0000] {dagbag.py:538} INFO - Filling up the DagBag from /home/airflow/.local/lib/python3.8/site-packages/airflow/example_dags/example_sensors.py
[2023-12-20T06:23:08.331+0000] {processor.py:840} INFO - DAG(s) 'example_sensors' retrieved from /home/airflow/.local/lib/python3.8/site-packages/airflow/example_dags/example_sensors.py
[2023-12-20T06:23:08.464+0000] {logging_mixin.py:188} INFO - [2023-12-20T06:23:08.463+0000] {dag.py:3033} INFO - Sync 1 DAGs
[2023-12-20T06:23:08.616+0000] {logging_mixin.py:188} INFO - [2023-12-20T06:23:08.616+0000] {dag.py:3820} INFO - Setting next_dagrun for example_sensors to None, run_after=None
[2023-12-20T06:23:08.787+0000] {processor.py:183} INFO - Processing /home/airflow/.local/lib/python3.8/site-packages/airflow/example_dags/example_sensors.py took 0.576 seconds
[2023-12-20T06:23:39.899+0000] {processor.py:161} INFO - Started process (PID=1744) to work on /home/airflow/.local/lib/python3.8/site-packages/airflow/example_dags/example_sensors.py
[2023-12-20T06:23:39.936+0000] {processor.py:830} INFO - Processing file /home/airflow/.local/lib/python3.8/site-packages/airflow/example_dags/example_sensors.py for tasks to queue
[2023-12-20T06:23:39.941+0000] {logging_mixin.py:188} INFO - [2023-12-20T06:23:39.939+0000] {dagbag.py:538} INFO - Filling up the DagBag from /home/airflow/.local/lib/python3.8/site-packages/airflow/example_dags/example_sensors.py
[2023-12-20T06:23:39.969+0000] {processor.py:840} INFO - DAG(s) 'example_sensors' retrieved from /home/airflow/.local/lib/python3.8/site-packages/airflow/example_dags/example_sensors.py
[2023-12-20T06:23:40.085+0000] {logging_mixin.py:188} INFO - [2023-12-20T06:23:40.084+0000] {dag.py:3033} INFO - Sync 1 DAGs
[2023-12-20T06:23:40.148+0000] {logging_mixin.py:188} INFO - [2023-12-20T06:23:40.147+0000] {dag.py:3820} INFO - Setting next_dagrun for example_sensors to None, run_after=None
[2023-12-20T06:23:40.300+0000] {processor.py:183} INFO - Processing /home/airflow/.local/lib/python3.8/site-packages/airflow/example_dags/example_sensors.py took 0.416 seconds
[2023-12-20T06:24:15.354+0000] {processor.py:161} INFO - Started process (PID=1805) to work on /home/airflow/.local/lib/python3.8/site-packages/airflow/example_dags/example_sensors.py
[2023-12-20T06:24:15.370+0000] {processor.py:830} INFO - Processing file /home/airflow/.local/lib/python3.8/site-packages/airflow/example_dags/example_sensors.py for tasks to queue
[2023-12-20T06:24:15.378+0000] {logging_mixin.py:188} INFO - [2023-12-20T06:24:15.372+0000] {dagbag.py:538} INFO - Filling up the DagBag from /home/airflow/.local/lib/python3.8/site-packages/airflow/example_dags/example_sensors.py
[2023-12-20T06:24:15.558+0000] {processor.py:840} INFO - DAG(s) 'example_sensors' retrieved from /home/airflow/.local/lib/python3.8/site-packages/airflow/example_dags/example_sensors.py
[2023-12-20T06:24:15.788+0000] {logging_mixin.py:188} INFO - [2023-12-20T06:24:15.788+0000] {dag.py:3033} INFO - Sync 1 DAGs
[2023-12-20T06:24:16.106+0000] {logging_mixin.py:188} INFO - [2023-12-20T06:24:16.105+0000] {dag.py:3820} INFO - Setting next_dagrun for example_sensors to None, run_after=None
[2023-12-20T06:24:16.304+0000] {processor.py:183} INFO - Processing /home/airflow/.local/lib/python3.8/site-packages/airflow/example_dags/example_sensors.py took 0.996 seconds
[2023-12-20T06:24:46.619+0000] {processor.py:161} INFO - Started process (PID=1859) to work on /home/airflow/.local/lib/python3.8/site-packages/airflow/example_dags/example_sensors.py
[2023-12-20T06:24:46.643+0000] {processor.py:830} INFO - Processing file /home/airflow/.local/lib/python3.8/site-packages/airflow/example_dags/example_sensors.py for tasks to queue
[2023-12-20T06:24:46.646+0000] {logging_mixin.py:188} INFO - [2023-12-20T06:24:46.645+0000] {dagbag.py:538} INFO - Filling up the DagBag from /home/airflow/.local/lib/python3.8/site-packages/airflow/example_dags/example_sensors.py
[2023-12-20T06:24:46.671+0000] {processor.py:840} INFO - DAG(s) 'example_sensors' retrieved from /home/airflow/.local/lib/python3.8/site-packages/airflow/example_dags/example_sensors.py
[2023-12-20T06:24:46.755+0000] {logging_mixin.py:188} INFO - [2023-12-20T06:24:46.754+0000] {dag.py:3033} INFO - Sync 1 DAGs
[2023-12-20T06:24:46.808+0000] {logging_mixin.py:188} INFO - [2023-12-20T06:24:46.807+0000] {dag.py:3820} INFO - Setting next_dagrun for example_sensors to None, run_after=None
[2023-12-20T06:24:46.880+0000] {processor.py:183} INFO - Processing /home/airflow/.local/lib/python3.8/site-packages/airflow/example_dags/example_sensors.py took 0.267 seconds
[2023-12-20T06:25:17.219+0000] {processor.py:161} INFO - Started process (PID=1914) to work on /home/airflow/.local/lib/python3.8/site-packages/airflow/example_dags/example_sensors.py
[2023-12-20T06:25:17.249+0000] {processor.py:830} INFO - Processing file /home/airflow/.local/lib/python3.8/site-packages/airflow/example_dags/example_sensors.py for tasks to queue
[2023-12-20T06:25:17.251+0000] {logging_mixin.py:188} INFO - [2023-12-20T06:25:17.251+0000] {dagbag.py:538} INFO - Filling up the DagBag from /home/airflow/.local/lib/python3.8/site-packages/airflow/example_dags/example_sensors.py
[2023-12-20T06:25:17.298+0000] {processor.py:840} INFO - DAG(s) 'example_sensors' retrieved from /home/airflow/.local/lib/python3.8/site-packages/airflow/example_dags/example_sensors.py
[2023-12-20T06:25:17.547+0000] {logging_mixin.py:188} INFO - [2023-12-20T06:25:17.546+0000] {dag.py:3033} INFO - Sync 1 DAGs
[2023-12-20T06:25:17.625+0000] {logging_mixin.py:188} INFO - [2023-12-20T06:25:17.625+0000] {dag.py:3820} INFO - Setting next_dagrun for example_sensors to None, run_after=None
[2023-12-20T06:25:17.736+0000] {processor.py:183} INFO - Processing /home/airflow/.local/lib/python3.8/site-packages/airflow/example_dags/example_sensors.py took 0.523 seconds
[2023-12-20T06:25:48.439+0000] {processor.py:161} INFO - Started process (PID=1969) to work on /home/airflow/.local/lib/python3.8/site-packages/airflow/example_dags/example_sensors.py
[2023-12-20T06:25:48.469+0000] {processor.py:830} INFO - Processing file /home/airflow/.local/lib/python3.8/site-packages/airflow/example_dags/example_sensors.py for tasks to queue
[2023-12-20T06:25:48.472+0000] {logging_mixin.py:188} INFO - [2023-12-20T06:25:48.470+0000] {dagbag.py:538} INFO - Filling up the DagBag from /home/airflow/.local/lib/python3.8/site-packages/airflow/example_dags/example_sensors.py
[2023-12-20T06:25:48.509+0000] {processor.py:840} INFO - DAG(s) 'example_sensors' retrieved from /home/airflow/.local/lib/python3.8/site-packages/airflow/example_dags/example_sensors.py
[2023-12-20T06:25:48.584+0000] {logging_mixin.py:188} INFO - [2023-12-20T06:25:48.583+0000] {dag.py:3033} INFO - Sync 1 DAGs
[2023-12-20T06:25:48.618+0000] {logging_mixin.py:188} INFO - [2023-12-20T06:25:48.618+0000] {dag.py:3820} INFO - Setting next_dagrun for example_sensors to None, run_after=None
[2023-12-20T06:25:48.730+0000] {processor.py:183} INFO - Processing /home/airflow/.local/lib/python3.8/site-packages/airflow/example_dags/example_sensors.py took 0.302 seconds
[2023-12-20T06:26:20.289+0000] {processor.py:161} INFO - Started process (PID=2024) to work on /home/airflow/.local/lib/python3.8/site-packages/airflow/example_dags/example_sensors.py
[2023-12-20T06:26:20.290+0000] {processor.py:830} INFO - Processing file /home/airflow/.local/lib/python3.8/site-packages/airflow/example_dags/example_sensors.py for tasks to queue
[2023-12-20T06:26:20.292+0000] {logging_mixin.py:188} INFO - [2023-12-20T06:26:20.292+0000] {dagbag.py:538} INFO - Filling up the DagBag from /home/airflow/.local/lib/python3.8/site-packages/airflow/example_dags/example_sensors.py
[2023-12-20T06:26:20.426+0000] {processor.py:840} INFO - DAG(s) 'example_sensors' retrieved from /home/airflow/.local/lib/python3.8/site-packages/airflow/example_dags/example_sensors.py
[2023-12-20T06:26:20.759+0000] {logging_mixin.py:188} INFO - [2023-12-20T06:26:20.758+0000] {dag.py:3033} INFO - Sync 1 DAGs
[2023-12-20T06:26:20.900+0000] {logging_mixin.py:188} INFO - [2023-12-20T06:26:20.899+0000] {dag.py:3820} INFO - Setting next_dagrun for example_sensors to None, run_after=None
[2023-12-20T06:26:21.445+0000] {processor.py:183} INFO - Processing /home/airflow/.local/lib/python3.8/site-packages/airflow/example_dags/example_sensors.py took 1.163 seconds
[2023-12-20T06:26:51.945+0000] {processor.py:161} INFO - Started process (PID=2079) to work on /home/airflow/.local/lib/python3.8/site-packages/airflow/example_dags/example_sensors.py
[2023-12-20T06:26:51.962+0000] {processor.py:830} INFO - Processing file /home/airflow/.local/lib/python3.8/site-packages/airflow/example_dags/example_sensors.py for tasks to queue
[2023-12-20T06:26:51.981+0000] {logging_mixin.py:188} INFO - [2023-12-20T06:26:51.964+0000] {dagbag.py:538} INFO - Filling up the DagBag from /home/airflow/.local/lib/python3.8/site-packages/airflow/example_dags/example_sensors.py
[2023-12-20T06:26:52.185+0000] {processor.py:840} INFO - DAG(s) 'example_sensors' retrieved from /home/airflow/.local/lib/python3.8/site-packages/airflow/example_dags/example_sensors.py
[2023-12-20T06:26:52.496+0000] {logging_mixin.py:188} INFO - [2023-12-20T06:26:52.495+0000] {dag.py:3033} INFO - Sync 1 DAGs
[2023-12-20T06:26:52.657+0000] {logging_mixin.py:188} INFO - [2023-12-20T06:26:52.656+0000] {dag.py:3820} INFO - Setting next_dagrun for example_sensors to None, run_after=None
[2023-12-20T06:26:52.856+0000] {processor.py:183} INFO - Processing /home/airflow/.local/lib/python3.8/site-packages/airflow/example_dags/example_sensors.py took 0.960 seconds
[2023-12-20T06:27:26.799+0000] {processor.py:161} INFO - Started process (PID=2138) to work on /home/airflow/.local/lib/python3.8/site-packages/airflow/example_dags/example_sensors.py
[2023-12-20T06:27:26.802+0000] {processor.py:830} INFO - Processing file /home/airflow/.local/lib/python3.8/site-packages/airflow/example_dags/example_sensors.py for tasks to queue
[2023-12-20T06:27:26.806+0000] {logging_mixin.py:188} INFO - [2023-12-20T06:27:26.805+0000] {dagbag.py:538} INFO - Filling up the DagBag from /home/airflow/.local/lib/python3.8/site-packages/airflow/example_dags/example_sensors.py
[2023-12-20T06:27:26.928+0000] {processor.py:840} INFO - DAG(s) 'example_sensors' retrieved from /home/airflow/.local/lib/python3.8/site-packages/airflow/example_dags/example_sensors.py
[2023-12-20T06:27:27.056+0000] {logging_mixin.py:188} INFO - [2023-12-20T06:27:27.055+0000] {dag.py:3033} INFO - Sync 1 DAGs
[2023-12-20T06:27:27.166+0000] {logging_mixin.py:188} INFO - [2023-12-20T06:27:27.165+0000] {dag.py:3820} INFO - Setting next_dagrun for example_sensors to None, run_after=None
[2023-12-20T06:27:27.231+0000] {processor.py:183} INFO - Processing /home/airflow/.local/lib/python3.8/site-packages/airflow/example_dags/example_sensors.py took 0.463 seconds
[2023-12-20T06:27:59.309+0000] {processor.py:161} INFO - Started process (PID=2195) to work on /home/airflow/.local/lib/python3.8/site-packages/airflow/example_dags/example_sensors.py
[2023-12-20T06:27:59.314+0000] {processor.py:830} INFO - Processing file /home/airflow/.local/lib/python3.8/site-packages/airflow/example_dags/example_sensors.py for tasks to queue
[2023-12-20T06:27:59.321+0000] {logging_mixin.py:188} INFO - [2023-12-20T06:27:59.318+0000] {dagbag.py:538} INFO - Filling up the DagBag from /home/airflow/.local/lib/python3.8/site-packages/airflow/example_dags/example_sensors.py
[2023-12-20T06:27:59.394+0000] {processor.py:840} INFO - DAG(s) 'example_sensors' retrieved from /home/airflow/.local/lib/python3.8/site-packages/airflow/example_dags/example_sensors.py
[2023-12-20T06:27:59.554+0000] {logging_mixin.py:188} INFO - [2023-12-20T06:27:59.548+0000] {dag.py:3033} INFO - Sync 1 DAGs
[2023-12-20T06:27:59.692+0000] {logging_mixin.py:188} INFO - [2023-12-20T06:27:59.691+0000] {dag.py:3820} INFO - Setting next_dagrun for example_sensors to None, run_after=None
[2023-12-20T06:27:59.893+0000] {processor.py:183} INFO - Processing /home/airflow/.local/lib/python3.8/site-packages/airflow/example_dags/example_sensors.py took 0.611 seconds
[2023-12-20T06:28:30.413+0000] {processor.py:161} INFO - Started process (PID=2252) to work on /home/airflow/.local/lib/python3.8/site-packages/airflow/example_dags/example_sensors.py
[2023-12-20T06:28:30.429+0000] {processor.py:830} INFO - Processing file /home/airflow/.local/lib/python3.8/site-packages/airflow/example_dags/example_sensors.py for tasks to queue
[2023-12-20T06:28:30.431+0000] {logging_mixin.py:188} INFO - [2023-12-20T06:28:30.430+0000] {dagbag.py:538} INFO - Filling up the DagBag from /home/airflow/.local/lib/python3.8/site-packages/airflow/example_dags/example_sensors.py
[2023-12-20T06:28:30.456+0000] {processor.py:840} INFO - DAG(s) 'example_sensors' retrieved from /home/airflow/.local/lib/python3.8/site-packages/airflow/example_dags/example_sensors.py
[2023-12-20T06:28:30.527+0000] {logging_mixin.py:188} INFO - [2023-12-20T06:28:30.527+0000] {dag.py:3033} INFO - Sync 1 DAGs
[2023-12-20T06:28:30.558+0000] {logging_mixin.py:188} INFO - [2023-12-20T06:28:30.557+0000] {dag.py:3820} INFO - Setting next_dagrun for example_sensors to None, run_after=None
[2023-12-20T06:28:30.639+0000] {processor.py:183} INFO - Processing /home/airflow/.local/lib/python3.8/site-packages/airflow/example_dags/example_sensors.py took 0.233 seconds
[2023-12-20T06:29:01.576+0000] {processor.py:161} INFO - Started process (PID=2310) to work on /home/airflow/.local/lib/python3.8/site-packages/airflow/example_dags/example_sensors.py
[2023-12-20T06:29:01.621+0000] {processor.py:830} INFO - Processing file /home/airflow/.local/lib/python3.8/site-packages/airflow/example_dags/example_sensors.py for tasks to queue
[2023-12-20T06:29:01.623+0000] {logging_mixin.py:188} INFO - [2023-12-20T06:29:01.623+0000] {dagbag.py:538} INFO - Filling up the DagBag from /home/airflow/.local/lib/python3.8/site-packages/airflow/example_dags/example_sensors.py
[2023-12-20T06:29:01.647+0000] {processor.py:840} INFO - DAG(s) 'example_sensors' retrieved from /home/airflow/.local/lib/python3.8/site-packages/airflow/example_dags/example_sensors.py
[2023-12-20T06:29:01.710+0000] {logging_mixin.py:188} INFO - [2023-12-20T06:29:01.709+0000] {dag.py:3033} INFO - Sync 1 DAGs
[2023-12-20T06:29:01.742+0000] {logging_mixin.py:188} INFO - [2023-12-20T06:29:01.742+0000] {dag.py:3820} INFO - Setting next_dagrun for example_sensors to None, run_after=None
[2023-12-20T06:29:02.133+0000] {processor.py:183} INFO - Processing /home/airflow/.local/lib/python3.8/site-packages/airflow/example_dags/example_sensors.py took 0.565 seconds
[2023-12-20T06:29:33.570+0000] {processor.py:161} INFO - Started process (PID=2367) to work on /home/airflow/.local/lib/python3.8/site-packages/airflow/example_dags/example_sensors.py
[2023-12-20T06:29:33.571+0000] {processor.py:830} INFO - Processing file /home/airflow/.local/lib/python3.8/site-packages/airflow/example_dags/example_sensors.py for tasks to queue
[2023-12-20T06:29:33.578+0000] {logging_mixin.py:188} INFO - [2023-12-20T06:29:33.577+0000] {dagbag.py:538} INFO - Filling up the DagBag from /home/airflow/.local/lib/python3.8/site-packages/airflow/example_dags/example_sensors.py
[2023-12-20T06:29:33.624+0000] {processor.py:840} INFO - DAG(s) 'example_sensors' retrieved from /home/airflow/.local/lib/python3.8/site-packages/airflow/example_dags/example_sensors.py
[2023-12-20T06:29:33.785+0000] {logging_mixin.py:188} INFO - [2023-12-20T06:29:33.785+0000] {dag.py:3033} INFO - Sync 1 DAGs
[2023-12-20T06:29:33.844+0000] {logging_mixin.py:188} INFO - [2023-12-20T06:29:33.838+0000] {dag.py:3820} INFO - Setting next_dagrun for example_sensors to None, run_after=None
[2023-12-20T06:29:33.901+0000] {processor.py:183} INFO - Processing /home/airflow/.local/lib/python3.8/site-packages/airflow/example_dags/example_sensors.py took 0.344 seconds
[2023-12-20T06:30:05.067+0000] {processor.py:161} INFO - Started process (PID=2424) to work on /home/airflow/.local/lib/python3.8/site-packages/airflow/example_dags/example_sensors.py
[2023-12-20T06:30:05.112+0000] {processor.py:830} INFO - Processing file /home/airflow/.local/lib/python3.8/site-packages/airflow/example_dags/example_sensors.py for tasks to queue
[2023-12-20T06:30:05.114+0000] {logging_mixin.py:188} INFO - [2023-12-20T06:30:05.113+0000] {dagbag.py:538} INFO - Filling up the DagBag from /home/airflow/.local/lib/python3.8/site-packages/airflow/example_dags/example_sensors.py
[2023-12-20T06:30:05.169+0000] {processor.py:840} INFO - DAG(s) 'example_sensors' retrieved from /home/airflow/.local/lib/python3.8/site-packages/airflow/example_dags/example_sensors.py
[2023-12-20T06:30:05.230+0000] {logging_mixin.py:188} INFO - [2023-12-20T06:30:05.229+0000] {dag.py:3033} INFO - Sync 1 DAGs
[2023-12-20T06:30:05.264+0000] {logging_mixin.py:188} INFO - [2023-12-20T06:30:05.264+0000] {dag.py:3820} INFO - Setting next_dagrun for example_sensors to None, run_after=None
[2023-12-20T06:30:05.318+0000] {processor.py:183} INFO - Processing /home/airflow/.local/lib/python3.8/site-packages/airflow/example_dags/example_sensors.py took 0.258 seconds
[2023-12-20T06:30:41.375+0000] {processor.py:161} INFO - Started process (PID=2481) to work on /home/airflow/.local/lib/python3.8/site-packages/airflow/example_dags/example_sensors.py
[2023-12-20T06:30:41.384+0000] {processor.py:830} INFO - Processing file /home/airflow/.local/lib/python3.8/site-packages/airflow/example_dags/example_sensors.py for tasks to queue
[2023-12-20T06:30:41.386+0000] {logging_mixin.py:188} INFO - [2023-12-20T06:30:41.386+0000] {dagbag.py:538} INFO - Filling up the DagBag from /home/airflow/.local/lib/python3.8/site-packages/airflow/example_dags/example_sensors.py
[2023-12-20T06:30:41.458+0000] {processor.py:840} INFO - DAG(s) 'example_sensors' retrieved from /home/airflow/.local/lib/python3.8/site-packages/airflow/example_dags/example_sensors.py
[2023-12-20T06:30:42.046+0000] {logging_mixin.py:188} INFO - [2023-12-20T06:30:42.046+0000] {dag.py:3033} INFO - Sync 1 DAGs
[2023-12-20T06:30:42.110+0000] {logging_mixin.py:188} INFO - [2023-12-20T06:30:42.109+0000] {dag.py:3820} INFO - Setting next_dagrun for example_sensors to None, run_after=None
[2023-12-20T06:30:42.222+0000] {processor.py:183} INFO - Processing /home/airflow/.local/lib/python3.8/site-packages/airflow/example_dags/example_sensors.py took 0.866 seconds
[2023-12-20T06:31:22.368+0000] {processor.py:161} INFO - Started process (PID=2543) to work on /home/airflow/.local/lib/python3.8/site-packages/airflow/example_dags/example_sensors.py
[2023-12-20T06:31:22.376+0000] {processor.py:830} INFO - Processing file /home/airflow/.local/lib/python3.8/site-packages/airflow/example_dags/example_sensors.py for tasks to queue
[2023-12-20T06:31:22.378+0000] {logging_mixin.py:188} INFO - [2023-12-20T06:31:22.377+0000] {dagbag.py:538} INFO - Filling up the DagBag from /home/airflow/.local/lib/python3.8/site-packages/airflow/example_dags/example_sensors.py
[2023-12-20T06:31:22.404+0000] {processor.py:840} INFO - DAG(s) 'example_sensors' retrieved from /home/airflow/.local/lib/python3.8/site-packages/airflow/example_dags/example_sensors.py
[2023-12-20T06:31:22.475+0000] {logging_mixin.py:188} INFO - [2023-12-20T06:31:22.474+0000] {dag.py:3033} INFO - Sync 1 DAGs
[2023-12-20T06:31:23.286+0000] {logging_mixin.py:188} INFO - [2023-12-20T06:31:23.285+0000] {dag.py:3820} INFO - Setting next_dagrun for example_sensors to None, run_after=None
[2023-12-20T06:31:23.409+0000] {processor.py:183} INFO - Processing /home/airflow/.local/lib/python3.8/site-packages/airflow/example_dags/example_sensors.py took 1.088 seconds
[2023-12-20T06:31:54.388+0000] {processor.py:161} INFO - Started process (PID=2604) to work on /home/airflow/.local/lib/python3.8/site-packages/airflow/example_dags/example_sensors.py
[2023-12-20T06:31:54.393+0000] {processor.py:830} INFO - Processing file /home/airflow/.local/lib/python3.8/site-packages/airflow/example_dags/example_sensors.py for tasks to queue
[2023-12-20T06:31:54.395+0000] {logging_mixin.py:188} INFO - [2023-12-20T06:31:54.395+0000] {dagbag.py:538} INFO - Filling up the DagBag from /home/airflow/.local/lib/python3.8/site-packages/airflow/example_dags/example_sensors.py
[2023-12-20T06:31:54.434+0000] {processor.py:840} INFO - DAG(s) 'example_sensors' retrieved from /home/airflow/.local/lib/python3.8/site-packages/airflow/example_dags/example_sensors.py
[2023-12-20T06:31:54.494+0000] {logging_mixin.py:188} INFO - [2023-12-20T06:31:54.494+0000] {dag.py:3033} INFO - Sync 1 DAGs
[2023-12-20T06:31:54.526+0000] {logging_mixin.py:188} INFO - [2023-12-20T06:31:54.526+0000] {dag.py:3820} INFO - Setting next_dagrun for example_sensors to None, run_after=None
[2023-12-20T06:31:54.617+0000] {processor.py:183} INFO - Processing /home/airflow/.local/lib/python3.8/site-packages/airflow/example_dags/example_sensors.py took 0.239 seconds
[2023-12-20T06:32:24.750+0000] {processor.py:161} INFO - Started process (PID=2663) to work on /home/airflow/.local/lib/python3.8/site-packages/airflow/example_dags/example_sensors.py
[2023-12-20T06:32:24.751+0000] {processor.py:830} INFO - Processing file /home/airflow/.local/lib/python3.8/site-packages/airflow/example_dags/example_sensors.py for tasks to queue
[2023-12-20T06:32:24.753+0000] {logging_mixin.py:188} INFO - [2023-12-20T06:32:24.753+0000] {dagbag.py:538} INFO - Filling up the DagBag from /home/airflow/.local/lib/python3.8/site-packages/airflow/example_dags/example_sensors.py
[2023-12-20T06:32:24.776+0000] {processor.py:840} INFO - DAG(s) 'example_sensors' retrieved from /home/airflow/.local/lib/python3.8/site-packages/airflow/example_dags/example_sensors.py
[2023-12-20T06:32:24.843+0000] {logging_mixin.py:188} INFO - [2023-12-20T06:32:24.842+0000] {dag.py:3033} INFO - Sync 1 DAGs
[2023-12-20T06:32:24.873+0000] {logging_mixin.py:188} INFO - [2023-12-20T06:32:24.872+0000] {dag.py:3820} INFO - Setting next_dagrun for example_sensors to None, run_after=None
[2023-12-20T06:32:24.955+0000] {processor.py:183} INFO - Processing /home/airflow/.local/lib/python3.8/site-packages/airflow/example_dags/example_sensors.py took 0.214 seconds
[2023-12-20T06:32:55.312+0000] {processor.py:161} INFO - Started process (PID=2722) to work on /home/airflow/.local/lib/python3.8/site-packages/airflow/example_dags/example_sensors.py
[2023-12-20T06:32:55.344+0000] {processor.py:830} INFO - Processing file /home/airflow/.local/lib/python3.8/site-packages/airflow/example_dags/example_sensors.py for tasks to queue
[2023-12-20T06:32:55.347+0000] {logging_mixin.py:188} INFO - [2023-12-20T06:32:55.346+0000] {dagbag.py:538} INFO - Filling up the DagBag from /home/airflow/.local/lib/python3.8/site-packages/airflow/example_dags/example_sensors.py
[2023-12-20T06:32:55.379+0000] {processor.py:840} INFO - DAG(s) 'example_sensors' retrieved from /home/airflow/.local/lib/python3.8/site-packages/airflow/example_dags/example_sensors.py
[2023-12-20T06:32:55.447+0000] {logging_mixin.py:188} INFO - [2023-12-20T06:32:55.447+0000] {dag.py:3033} INFO - Sync 1 DAGs
[2023-12-20T06:32:55.479+0000] {logging_mixin.py:188} INFO - [2023-12-20T06:32:55.478+0000] {dag.py:3820} INFO - Setting next_dagrun for example_sensors to None, run_after=None
[2023-12-20T06:32:55.565+0000] {processor.py:183} INFO - Processing /home/airflow/.local/lib/python3.8/site-packages/airflow/example_dags/example_sensors.py took 0.260 seconds
[2023-12-20T06:33:48.104+0000] {processor.py:161} INFO - Started process (PID=2789) to work on /home/airflow/.local/lib/python3.8/site-packages/airflow/example_dags/example_sensors.py
[2023-12-20T06:33:48.150+0000] {processor.py:830} INFO - Processing file /home/airflow/.local/lib/python3.8/site-packages/airflow/example_dags/example_sensors.py for tasks to queue
[2023-12-20T06:33:48.152+0000] {logging_mixin.py:188} INFO - [2023-12-20T06:33:48.152+0000] {dagbag.py:538} INFO - Filling up the DagBag from /home/airflow/.local/lib/python3.8/site-packages/airflow/example_dags/example_sensors.py
[2023-12-20T06:33:48.342+0000] {processor.py:840} INFO - DAG(s) 'example_sensors' retrieved from /home/airflow/.local/lib/python3.8/site-packages/airflow/example_dags/example_sensors.py
[2023-12-20T06:33:48.789+0000] {logging_mixin.py:188} INFO - [2023-12-20T06:33:48.785+0000] {dag.py:3033} INFO - Sync 1 DAGs
[2023-12-20T06:33:49.011+0000] {logging_mixin.py:188} INFO - [2023-12-20T06:33:49.011+0000] {dag.py:3820} INFO - Setting next_dagrun for example_sensors to None, run_after=None
[2023-12-20T06:33:49.501+0000] {processor.py:183} INFO - Processing /home/airflow/.local/lib/python3.8/site-packages/airflow/example_dags/example_sensors.py took 1.442 seconds
[2023-12-20T06:34:46.634+0000] {processor.py:161} INFO - Started process (PID=2854) to work on /home/airflow/.local/lib/python3.8/site-packages/airflow/example_dags/example_sensors.py
[2023-12-20T06:34:46.659+0000] {processor.py:830} INFO - Processing file /home/airflow/.local/lib/python3.8/site-packages/airflow/example_dags/example_sensors.py for tasks to queue
[2023-12-20T06:34:46.682+0000] {logging_mixin.py:188} INFO - [2023-12-20T06:34:46.681+0000] {dagbag.py:538} INFO - Filling up the DagBag from /home/airflow/.local/lib/python3.8/site-packages/airflow/example_dags/example_sensors.py
[2023-12-20T06:34:46.987+0000] {processor.py:840} INFO - DAG(s) 'example_sensors' retrieved from /home/airflow/.local/lib/python3.8/site-packages/airflow/example_dags/example_sensors.py
[2023-12-20T06:34:47.480+0000] {logging_mixin.py:188} INFO - [2023-12-20T06:34:47.479+0000] {dag.py:3033} INFO - Sync 1 DAGs
[2023-12-20T06:34:47.728+0000] {logging_mixin.py:188} INFO - [2023-12-20T06:34:47.727+0000] {dag.py:3820} INFO - Setting next_dagrun for example_sensors to None, run_after=None
[2023-12-20T06:34:48.162+0000] {processor.py:183} INFO - Processing /home/airflow/.local/lib/python3.8/site-packages/airflow/example_dags/example_sensors.py took 1.598 seconds
[2023-12-20T06:35:39.127+0000] {processor.py:161} INFO - Started process (PID=2913) to work on /home/airflow/.local/lib/python3.8/site-packages/airflow/example_dags/example_sensors.py
[2023-12-20T06:35:39.134+0000] {processor.py:830} INFO - Processing file /home/airflow/.local/lib/python3.8/site-packages/airflow/example_dags/example_sensors.py for tasks to queue
[2023-12-20T06:35:39.150+0000] {logging_mixin.py:188} INFO - [2023-12-20T06:35:39.139+0000] {dagbag.py:538} INFO - Filling up the DagBag from /home/airflow/.local/lib/python3.8/site-packages/airflow/example_dags/example_sensors.py
[2023-12-20T06:35:39.305+0000] {processor.py:840} INFO - DAG(s) 'example_sensors' retrieved from /home/airflow/.local/lib/python3.8/site-packages/airflow/example_dags/example_sensors.py
[2023-12-20T06:35:39.917+0000] {logging_mixin.py:188} INFO - [2023-12-20T06:35:39.916+0000] {dag.py:3033} INFO - Sync 1 DAGs
[2023-12-20T06:35:40.334+0000] {logging_mixin.py:188} INFO - [2023-12-20T06:35:40.333+0000] {dag.py:3820} INFO - Setting next_dagrun for example_sensors to None, run_after=None
[2023-12-20T06:35:40.788+0000] {processor.py:183} INFO - Processing /home/airflow/.local/lib/python3.8/site-packages/airflow/example_dags/example_sensors.py took 1.685 seconds
[2023-12-20T06:36:54.136+0000] {processor.py:161} INFO - Started process (PID=2995) to work on /home/airflow/.local/lib/python3.8/site-packages/airflow/example_dags/example_sensors.py
[2023-12-20T06:36:54.145+0000] {processor.py:830} INFO - Processing file /home/airflow/.local/lib/python3.8/site-packages/airflow/example_dags/example_sensors.py for tasks to queue
[2023-12-20T06:36:54.147+0000] {logging_mixin.py:188} INFO - [2023-12-20T06:36:54.147+0000] {dagbag.py:538} INFO - Filling up the DagBag from /home/airflow/.local/lib/python3.8/site-packages/airflow/example_dags/example_sensors.py
[2023-12-20T06:36:54.280+0000] {processor.py:840} INFO - DAG(s) 'example_sensors' retrieved from /home/airflow/.local/lib/python3.8/site-packages/airflow/example_dags/example_sensors.py
[2023-12-20T06:36:54.962+0000] {logging_mixin.py:188} INFO - [2023-12-20T06:36:54.961+0000] {dag.py:3033} INFO - Sync 1 DAGs
[2023-12-20T06:36:55.273+0000] {logging_mixin.py:188} INFO - [2023-12-20T06:36:55.263+0000] {dag.py:3820} INFO - Setting next_dagrun for example_sensors to None, run_after=None
[2023-12-20T06:36:55.972+0000] {processor.py:183} INFO - Processing /home/airflow/.local/lib/python3.8/site-packages/airflow/example_dags/example_sensors.py took 1.873 seconds
[2023-12-20T06:37:54.869+0000] {processor.py:161} INFO - Started process (PID=3055) to work on /home/airflow/.local/lib/python3.8/site-packages/airflow/example_dags/example_sensors.py
[2023-12-20T06:37:54.878+0000] {processor.py:830} INFO - Processing file /home/airflow/.local/lib/python3.8/site-packages/airflow/example_dags/example_sensors.py for tasks to queue
[2023-12-20T06:37:54.889+0000] {logging_mixin.py:188} INFO - [2023-12-20T06:37:54.880+0000] {dagbag.py:538} INFO - Filling up the DagBag from /home/airflow/.local/lib/python3.8/site-packages/airflow/example_dags/example_sensors.py
[2023-12-20T06:37:55.114+0000] {processor.py:840} INFO - DAG(s) 'example_sensors' retrieved from /home/airflow/.local/lib/python3.8/site-packages/airflow/example_dags/example_sensors.py
[2023-12-20T06:37:55.632+0000] {logging_mixin.py:188} INFO - [2023-12-20T06:37:55.632+0000] {dag.py:3033} INFO - Sync 1 DAGs
[2023-12-20T06:37:56.026+0000] {logging_mixin.py:188} INFO - [2023-12-20T06:37:56.026+0000] {dag.py:3820} INFO - Setting next_dagrun for example_sensors to None, run_after=None
[2023-12-20T06:37:56.485+0000] {processor.py:183} INFO - Processing /home/airflow/.local/lib/python3.8/site-packages/airflow/example_dags/example_sensors.py took 1.667 seconds
[2023-12-20T06:38:26.745+0000] {processor.py:161} INFO - Started process (PID=3114) to work on /home/airflow/.local/lib/python3.8/site-packages/airflow/example_dags/example_sensors.py
[2023-12-20T06:38:26.751+0000] {processor.py:830} INFO - Processing file /home/airflow/.local/lib/python3.8/site-packages/airflow/example_dags/example_sensors.py for tasks to queue
[2023-12-20T06:38:26.753+0000] {logging_mixin.py:188} INFO - [2023-12-20T06:38:26.752+0000] {dagbag.py:538} INFO - Filling up the DagBag from /home/airflow/.local/lib/python3.8/site-packages/airflow/example_dags/example_sensors.py
[2023-12-20T06:38:26.776+0000] {processor.py:840} INFO - DAG(s) 'example_sensors' retrieved from /home/airflow/.local/lib/python3.8/site-packages/airflow/example_dags/example_sensors.py
[2023-12-20T06:38:26.846+0000] {logging_mixin.py:188} INFO - [2023-12-20T06:38:26.845+0000] {dag.py:3033} INFO - Sync 1 DAGs
[2023-12-20T06:38:26.878+0000] {logging_mixin.py:188} INFO - [2023-12-20T06:38:26.877+0000] {dag.py:3820} INFO - Setting next_dagrun for example_sensors to None, run_after=None
[2023-12-20T06:38:26.959+0000] {processor.py:183} INFO - Processing /home/airflow/.local/lib/python3.8/site-packages/airflow/example_dags/example_sensors.py took 0.221 seconds
[2023-12-20T06:38:57.047+0000] {processor.py:161} INFO - Started process (PID=3172) to work on /home/airflow/.local/lib/python3.8/site-packages/airflow/example_dags/example_sensors.py
[2023-12-20T06:38:57.048+0000] {processor.py:830} INFO - Processing file /home/airflow/.local/lib/python3.8/site-packages/airflow/example_dags/example_sensors.py for tasks to queue
[2023-12-20T06:38:57.050+0000] {logging_mixin.py:188} INFO - [2023-12-20T06:38:57.050+0000] {dagbag.py:538} INFO - Filling up the DagBag from /home/airflow/.local/lib/python3.8/site-packages/airflow/example_dags/example_sensors.py
[2023-12-20T06:38:57.074+0000] {processor.py:840} INFO - DAG(s) 'example_sensors' retrieved from /home/airflow/.local/lib/python3.8/site-packages/airflow/example_dags/example_sensors.py
[2023-12-20T06:38:57.145+0000] {logging_mixin.py:188} INFO - [2023-12-20T06:38:57.144+0000] {dag.py:3033} INFO - Sync 1 DAGs
[2023-12-20T06:38:57.177+0000] {logging_mixin.py:188} INFO - [2023-12-20T06:38:57.177+0000] {dag.py:3820} INFO - Setting next_dagrun for example_sensors to None, run_after=None
[2023-12-20T06:38:57.257+0000] {processor.py:183} INFO - Processing /home/airflow/.local/lib/python3.8/site-packages/airflow/example_dags/example_sensors.py took 0.216 seconds
[2023-12-20T06:39:27.820+0000] {processor.py:161} INFO - Started process (PID=3232) to work on /home/airflow/.local/lib/python3.8/site-packages/airflow/example_dags/example_sensors.py
[2023-12-20T06:39:27.865+0000] {processor.py:830} INFO - Processing file /home/airflow/.local/lib/python3.8/site-packages/airflow/example_dags/example_sensors.py for tasks to queue
[2023-12-20T06:39:27.867+0000] {logging_mixin.py:188} INFO - [2023-12-20T06:39:27.866+0000] {dagbag.py:538} INFO - Filling up the DagBag from /home/airflow/.local/lib/python3.8/site-packages/airflow/example_dags/example_sensors.py
[2023-12-20T06:39:27.917+0000] {processor.py:840} INFO - DAG(s) 'example_sensors' retrieved from /home/airflow/.local/lib/python3.8/site-packages/airflow/example_dags/example_sensors.py
[2023-12-20T06:39:28.007+0000] {logging_mixin.py:188} INFO - [2023-12-20T06:39:28.007+0000] {dag.py:3033} INFO - Sync 1 DAGs
[2023-12-20T06:39:28.052+0000] {logging_mixin.py:188} INFO - [2023-12-20T06:39:28.051+0000] {dag.py:3820} INFO - Setting next_dagrun for example_sensors to None, run_after=None
[2023-12-20T06:39:28.100+0000] {processor.py:183} INFO - Processing /home/airflow/.local/lib/python3.8/site-packages/airflow/example_dags/example_sensors.py took 0.307 seconds
[2023-12-20T06:39:58.290+0000] {processor.py:161} INFO - Started process (PID=3292) to work on /home/airflow/.local/lib/python3.8/site-packages/airflow/example_dags/example_sensors.py
[2023-12-20T06:39:58.291+0000] {processor.py:830} INFO - Processing file /home/airflow/.local/lib/python3.8/site-packages/airflow/example_dags/example_sensors.py for tasks to queue
[2023-12-20T06:39:58.293+0000] {logging_mixin.py:188} INFO - [2023-12-20T06:39:58.292+0000] {dagbag.py:538} INFO - Filling up the DagBag from /home/airflow/.local/lib/python3.8/site-packages/airflow/example_dags/example_sensors.py
[2023-12-20T06:39:58.319+0000] {processor.py:840} INFO - DAG(s) 'example_sensors' retrieved from /home/airflow/.local/lib/python3.8/site-packages/airflow/example_dags/example_sensors.py
[2023-12-20T06:39:58.395+0000] {logging_mixin.py:188} INFO - [2023-12-20T06:39:58.394+0000] {dag.py:3033} INFO - Sync 1 DAGs
[2023-12-20T06:39:58.429+0000] {logging_mixin.py:188} INFO - [2023-12-20T06:39:58.429+0000] {dag.py:3820} INFO - Setting next_dagrun for example_sensors to None, run_after=None
[2023-12-20T06:39:58.551+0000] {processor.py:183} INFO - Processing /home/airflow/.local/lib/python3.8/site-packages/airflow/example_dags/example_sensors.py took 0.267 seconds
[2023-12-20T06:40:28.967+0000] {processor.py:161} INFO - Started process (PID=3350) to work on /home/airflow/.local/lib/python3.8/site-packages/airflow/example_dags/example_sensors.py
[2023-12-20T06:40:28.988+0000] {processor.py:830} INFO - Processing file /home/airflow/.local/lib/python3.8/site-packages/airflow/example_dags/example_sensors.py for tasks to queue
[2023-12-20T06:40:28.992+0000] {logging_mixin.py:188} INFO - [2023-12-20T06:40:28.991+0000] {dagbag.py:538} INFO - Filling up the DagBag from /home/airflow/.local/lib/python3.8/site-packages/airflow/example_dags/example_sensors.py
[2023-12-20T06:40:29.018+0000] {processor.py:840} INFO - DAG(s) 'example_sensors' retrieved from /home/airflow/.local/lib/python3.8/site-packages/airflow/example_dags/example_sensors.py
[2023-12-20T06:40:29.092+0000] {logging_mixin.py:188} INFO - [2023-12-20T06:40:29.092+0000] {dag.py:3033} INFO - Sync 1 DAGs
[2023-12-20T06:40:29.126+0000] {logging_mixin.py:188} INFO - [2023-12-20T06:40:29.125+0000] {dag.py:3820} INFO - Setting next_dagrun for example_sensors to None, run_after=None
[2023-12-20T06:40:29.216+0000] {processor.py:183} INFO - Processing /home/airflow/.local/lib/python3.8/site-packages/airflow/example_dags/example_sensors.py took 0.256 seconds
[2023-12-20T06:45:03.096+0000] {processor.py:161} INFO - Started process (PID=3409) to work on /home/airflow/.local/lib/python3.8/site-packages/airflow/example_dags/example_sensors.py
[2023-12-20T06:45:03.099+0000] {processor.py:830} INFO - Processing file /home/airflow/.local/lib/python3.8/site-packages/airflow/example_dags/example_sensors.py for tasks to queue
[2023-12-20T06:45:03.101+0000] {logging_mixin.py:188} INFO - [2023-12-20T06:45:03.100+0000] {dagbag.py:538} INFO - Filling up the DagBag from /home/airflow/.local/lib/python3.8/site-packages/airflow/example_dags/example_sensors.py
[2023-12-20T06:45:03.128+0000] {processor.py:840} INFO - DAG(s) 'example_sensors' retrieved from /home/airflow/.local/lib/python3.8/site-packages/airflow/example_dags/example_sensors.py
[2023-12-20T06:45:03.199+0000] {logging_mixin.py:188} INFO - [2023-12-20T06:45:03.199+0000] {dag.py:3033} INFO - Sync 1 DAGs
[2023-12-20T06:45:03.233+0000] {logging_mixin.py:188} INFO - [2023-12-20T06:45:03.233+0000] {dag.py:3820} INFO - Setting next_dagrun for example_sensors to None, run_after=None
[2023-12-20T06:45:03.290+0000] {processor.py:183} INFO - Processing /home/airflow/.local/lib/python3.8/site-packages/airflow/example_dags/example_sensors.py took 0.200 seconds
[2023-12-20T06:45:34.241+0000] {processor.py:161} INFO - Started process (PID=3468) to work on /home/airflow/.local/lib/python3.8/site-packages/airflow/example_dags/example_sensors.py
[2023-12-20T06:45:34.264+0000] {processor.py:830} INFO - Processing file /home/airflow/.local/lib/python3.8/site-packages/airflow/example_dags/example_sensors.py for tasks to queue
[2023-12-20T06:45:34.266+0000] {logging_mixin.py:188} INFO - [2023-12-20T06:45:34.266+0000] {dagbag.py:538} INFO - Filling up the DagBag from /home/airflow/.local/lib/python3.8/site-packages/airflow/example_dags/example_sensors.py
[2023-12-20T06:45:34.292+0000] {processor.py:840} INFO - DAG(s) 'example_sensors' retrieved from /home/airflow/.local/lib/python3.8/site-packages/airflow/example_dags/example_sensors.py
[2023-12-20T06:45:34.365+0000] {logging_mixin.py:188} INFO - [2023-12-20T06:45:34.365+0000] {dag.py:3033} INFO - Sync 1 DAGs
[2023-12-20T06:45:34.396+0000] {logging_mixin.py:188} INFO - [2023-12-20T06:45:34.395+0000] {dag.py:3820} INFO - Setting next_dagrun for example_sensors to None, run_after=None
[2023-12-20T06:45:34.494+0000] {processor.py:183} INFO - Processing /home/airflow/.local/lib/python3.8/site-packages/airflow/example_dags/example_sensors.py took 0.260 seconds
[2023-12-20T06:46:05.926+0000] {processor.py:161} INFO - Started process (PID=3526) to work on /home/airflow/.local/lib/python3.8/site-packages/airflow/example_dags/example_sensors.py
[2023-12-20T06:46:05.932+0000] {processor.py:830} INFO - Processing file /home/airflow/.local/lib/python3.8/site-packages/airflow/example_dags/example_sensors.py for tasks to queue
[2023-12-20T06:46:05.934+0000] {logging_mixin.py:188} INFO - [2023-12-20T06:46:05.933+0000] {dagbag.py:538} INFO - Filling up the DagBag from /home/airflow/.local/lib/python3.8/site-packages/airflow/example_dags/example_sensors.py
[2023-12-20T06:46:06.005+0000] {processor.py:840} INFO - DAG(s) 'example_sensors' retrieved from /home/airflow/.local/lib/python3.8/site-packages/airflow/example_dags/example_sensors.py
[2023-12-20T06:46:06.100+0000] {logging_mixin.py:188} INFO - [2023-12-20T06:46:06.099+0000] {dag.py:3033} INFO - Sync 1 DAGs
[2023-12-20T06:46:06.177+0000] {logging_mixin.py:188} INFO - [2023-12-20T06:46:06.176+0000] {dag.py:3820} INFO - Setting next_dagrun for example_sensors to None, run_after=None
[2023-12-20T06:46:06.323+0000] {processor.py:183} INFO - Processing /home/airflow/.local/lib/python3.8/site-packages/airflow/example_dags/example_sensors.py took 0.406 seconds
[2023-12-20T06:46:37.349+0000] {processor.py:161} INFO - Started process (PID=3584) to work on /home/airflow/.local/lib/python3.8/site-packages/airflow/example_dags/example_sensors.py
[2023-12-20T06:46:37.366+0000] {processor.py:830} INFO - Processing file /home/airflow/.local/lib/python3.8/site-packages/airflow/example_dags/example_sensors.py for tasks to queue
[2023-12-20T06:46:37.370+0000] {logging_mixin.py:188} INFO - [2023-12-20T06:46:37.368+0000] {dagbag.py:538} INFO - Filling up the DagBag from /home/airflow/.local/lib/python3.8/site-packages/airflow/example_dags/example_sensors.py
[2023-12-20T06:46:37.432+0000] {processor.py:840} INFO - DAG(s) 'example_sensors' retrieved from /home/airflow/.local/lib/python3.8/site-packages/airflow/example_dags/example_sensors.py
[2023-12-20T06:46:37.554+0000] {logging_mixin.py:188} INFO - [2023-12-20T06:46:37.553+0000] {dag.py:3033} INFO - Sync 1 DAGs
[2023-12-20T06:46:37.676+0000] {logging_mixin.py:188} INFO - [2023-12-20T06:46:37.675+0000] {dag.py:3820} INFO - Setting next_dagrun for example_sensors to None, run_after=None
[2023-12-20T06:46:37.812+0000] {processor.py:183} INFO - Processing /home/airflow/.local/lib/python3.8/site-packages/airflow/example_dags/example_sensors.py took 0.473 seconds
[2023-12-20T06:47:07.918+0000] {processor.py:161} INFO - Started process (PID=3643) to work on /home/airflow/.local/lib/python3.8/site-packages/airflow/example_dags/example_sensors.py
[2023-12-20T06:47:07.921+0000] {processor.py:830} INFO - Processing file /home/airflow/.local/lib/python3.8/site-packages/airflow/example_dags/example_sensors.py for tasks to queue
[2023-12-20T06:47:07.923+0000] {logging_mixin.py:188} INFO - [2023-12-20T06:47:07.923+0000] {dagbag.py:538} INFO - Filling up the DagBag from /home/airflow/.local/lib/python3.8/site-packages/airflow/example_dags/example_sensors.py
[2023-12-20T06:47:07.947+0000] {processor.py:840} INFO - DAG(s) 'example_sensors' retrieved from /home/airflow/.local/lib/python3.8/site-packages/airflow/example_dags/example_sensors.py
[2023-12-20T06:47:08.022+0000] {logging_mixin.py:188} INFO - [2023-12-20T06:47:08.022+0000] {dag.py:3033} INFO - Sync 1 DAGs
[2023-12-20T06:47:08.059+0000] {logging_mixin.py:188} INFO - [2023-12-20T06:47:08.058+0000] {dag.py:3820} INFO - Setting next_dagrun for example_sensors to None, run_after=None
[2023-12-20T06:47:08.118+0000] {processor.py:183} INFO - Processing /home/airflow/.local/lib/python3.8/site-packages/airflow/example_dags/example_sensors.py took 0.208 seconds
[2023-12-20T06:47:53.719+0000] {processor.py:161} INFO - Started process (PID=3704) to work on /home/airflow/.local/lib/python3.8/site-packages/airflow/example_dags/example_sensors.py
[2023-12-20T06:47:53.724+0000] {processor.py:830} INFO - Processing file /home/airflow/.local/lib/python3.8/site-packages/airflow/example_dags/example_sensors.py for tasks to queue
[2023-12-20T06:47:53.734+0000] {logging_mixin.py:188} INFO - [2023-12-20T06:47:53.732+0000] {dagbag.py:538} INFO - Filling up the DagBag from /home/airflow/.local/lib/python3.8/site-packages/airflow/example_dags/example_sensors.py
[2023-12-20T06:47:53.876+0000] {processor.py:840} INFO - DAG(s) 'example_sensors' retrieved from /home/airflow/.local/lib/python3.8/site-packages/airflow/example_dags/example_sensors.py
[2023-12-20T06:47:54.111+0000] {logging_mixin.py:188} INFO - [2023-12-20T06:47:54.110+0000] {dag.py:3033} INFO - Sync 1 DAGs
[2023-12-20T06:47:54.269+0000] {logging_mixin.py:188} INFO - [2023-12-20T06:47:54.263+0000] {dag.py:3820} INFO - Setting next_dagrun for example_sensors to None, run_after=None
[2023-12-20T06:47:54.502+0000] {processor.py:183} INFO - Processing /home/airflow/.local/lib/python3.8/site-packages/airflow/example_dags/example_sensors.py took 0.800 seconds
[2023-12-20T06:49:14.754+0000] {processor.py:161} INFO - Started process (PID=3769) to work on /home/airflow/.local/lib/python3.8/site-packages/airflow/example_dags/example_sensors.py
[2023-12-20T06:49:14.762+0000] {processor.py:830} INFO - Processing file /home/airflow/.local/lib/python3.8/site-packages/airflow/example_dags/example_sensors.py for tasks to queue
[2023-12-20T06:49:14.769+0000] {logging_mixin.py:188} INFO - [2023-12-20T06:49:14.768+0000] {dagbag.py:538} INFO - Filling up the DagBag from /home/airflow/.local/lib/python3.8/site-packages/airflow/example_dags/example_sensors.py
[2023-12-20T06:49:15.038+0000] {processor.py:840} INFO - DAG(s) 'example_sensors' retrieved from /home/airflow/.local/lib/python3.8/site-packages/airflow/example_dags/example_sensors.py
[2023-12-20T06:49:15.641+0000] {logging_mixin.py:188} INFO - [2023-12-20T06:49:15.640+0000] {dag.py:3033} INFO - Sync 1 DAGs
[2023-12-20T06:49:16.300+0000] {logging_mixin.py:188} INFO - [2023-12-20T06:49:16.300+0000] {dag.py:3820} INFO - Setting next_dagrun for example_sensors to None, run_after=None
[2023-12-20T06:49:17.427+0000] {processor.py:183} INFO - Processing /home/airflow/.local/lib/python3.8/site-packages/airflow/example_dags/example_sensors.py took 2.697 seconds
[2023-12-20T06:50:34.913+0000] {processor.py:161} INFO - Started process (PID=3844) to work on /home/airflow/.local/lib/python3.8/site-packages/airflow/example_dags/example_sensors.py
[2023-12-20T06:50:34.937+0000] {processor.py:830} INFO - Processing file /home/airflow/.local/lib/python3.8/site-packages/airflow/example_dags/example_sensors.py for tasks to queue
[2023-12-20T06:50:34.959+0000] {logging_mixin.py:188} INFO - [2023-12-20T06:50:34.958+0000] {dagbag.py:538} INFO - Filling up the DagBag from /home/airflow/.local/lib/python3.8/site-packages/airflow/example_dags/example_sensors.py
[2023-12-20T06:50:35.342+0000] {processor.py:840} INFO - DAG(s) 'example_sensors' retrieved from /home/airflow/.local/lib/python3.8/site-packages/airflow/example_dags/example_sensors.py
[2023-12-20T06:50:35.969+0000] {logging_mixin.py:188} INFO - [2023-12-20T06:50:35.968+0000] {dag.py:3033} INFO - Sync 1 DAGs
[2023-12-20T06:50:36.361+0000] {logging_mixin.py:188} INFO - [2023-12-20T06:50:36.361+0000] {dag.py:3820} INFO - Setting next_dagrun for example_sensors to None, run_after=None
[2023-12-20T06:50:36.706+0000] {processor.py:183} INFO - Processing /home/airflow/.local/lib/python3.8/site-packages/airflow/example_dags/example_sensors.py took 1.960 seconds
[2023-12-20T06:51:43.189+0000] {processor.py:161} INFO - Started process (PID=3909) to work on /home/airflow/.local/lib/python3.8/site-packages/airflow/example_dags/example_sensors.py
[2023-12-20T06:51:43.212+0000] {processor.py:830} INFO - Processing file /home/airflow/.local/lib/python3.8/site-packages/airflow/example_dags/example_sensors.py for tasks to queue
[2023-12-20T06:51:43.222+0000] {logging_mixin.py:188} INFO - [2023-12-20T06:51:43.216+0000] {dagbag.py:538} INFO - Filling up the DagBag from /home/airflow/.local/lib/python3.8/site-packages/airflow/example_dags/example_sensors.py
[2023-12-20T06:51:43.842+0000] {processor.py:840} INFO - DAG(s) 'example_sensors' retrieved from /home/airflow/.local/lib/python3.8/site-packages/airflow/example_dags/example_sensors.py
[2023-12-20T06:51:44.706+0000] {logging_mixin.py:188} INFO - [2023-12-20T06:51:44.705+0000] {dag.py:3033} INFO - Sync 1 DAGs
[2023-12-20T06:51:45.035+0000] {logging_mixin.py:188} INFO - [2023-12-20T06:51:45.034+0000] {dag.py:3820} INFO - Setting next_dagrun for example_sensors to None, run_after=None
[2023-12-20T06:51:45.467+0000] {processor.py:183} INFO - Processing /home/airflow/.local/lib/python3.8/site-packages/airflow/example_dags/example_sensors.py took 2.357 seconds
[2023-12-20T06:52:43.334+0000] {processor.py:161} INFO - Started process (PID=3971) to work on /home/airflow/.local/lib/python3.8/site-packages/airflow/example_dags/example_sensors.py
[2023-12-20T06:52:43.340+0000] {processor.py:830} INFO - Processing file /home/airflow/.local/lib/python3.8/site-packages/airflow/example_dags/example_sensors.py for tasks to queue
[2023-12-20T06:52:43.342+0000] {logging_mixin.py:188} INFO - [2023-12-20T06:52:43.342+0000] {dagbag.py:538} INFO - Filling up the DagBag from /home/airflow/.local/lib/python3.8/site-packages/airflow/example_dags/example_sensors.py
[2023-12-20T06:52:43.549+0000] {processor.py:840} INFO - DAG(s) 'example_sensors' retrieved from /home/airflow/.local/lib/python3.8/site-packages/airflow/example_dags/example_sensors.py
[2023-12-20T06:52:43.857+0000] {logging_mixin.py:188} INFO - [2023-12-20T06:52:43.856+0000] {dag.py:3033} INFO - Sync 1 DAGs
[2023-12-20T06:52:43.909+0000] {logging_mixin.py:188} INFO - [2023-12-20T06:52:43.902+0000] {dag.py:3820} INFO - Setting next_dagrun for example_sensors to None, run_after=None
[2023-12-20T06:52:44.090+0000] {processor.py:183} INFO - Processing /home/airflow/.local/lib/python3.8/site-packages/airflow/example_dags/example_sensors.py took 0.777 seconds
