[2023-12-20T05:40:48.420+0000] {processor.py:161} INFO - Started process (PID=55) to work on /home/airflow/.local/lib/python3.8/site-packages/airflow/example_dags/tutorial_taskflow_api_virtualenv.py
[2023-12-20T05:40:48.421+0000] {processor.py:830} INFO - Processing file /home/airflow/.local/lib/python3.8/site-packages/airflow/example_dags/tutorial_taskflow_api_virtualenv.py for tasks to queue
[2023-12-20T05:40:48.488+0000] {logging_mixin.py:188} INFO - [2023-12-20T05:40:48.487+0000] {dagbag.py:538} INFO - Filling up the DagBag from /home/airflow/.local/lib/python3.8/site-packages/airflow/example_dags/tutorial_taskflow_api_virtualenv.py
[2023-12-20T05:40:48.894+0000] {processor.py:840} INFO - DAG(s) 'tutorial_taskflow_api_virtualenv' retrieved from /home/airflow/.local/lib/python3.8/site-packages/airflow/example_dags/tutorial_taskflow_api_virtualenv.py
[2023-12-20T05:40:54.485+0000] {logging_mixin.py:188} INFO - [2023-12-20T05:40:54.484+0000] {dag.py:3033} INFO - Sync 1 DAGs
[2023-12-20T05:40:55.225+0000] {logging_mixin.py:188} INFO - [2023-12-20T05:40:55.224+0000] {dag.py:3820} INFO - Setting next_dagrun for tutorial_taskflow_api_virtualenv to None, run_after=None
[2023-12-20T05:40:55.736+0000] {processor.py:183} INFO - Processing /home/airflow/.local/lib/python3.8/site-packages/airflow/example_dags/tutorial_taskflow_api_virtualenv.py took 7.416 seconds
[2023-12-20T05:42:14.954+0000] {processor.py:161} INFO - Started process (PID=122) to work on /home/airflow/.local/lib/python3.8/site-packages/airflow/example_dags/tutorial_taskflow_api_virtualenv.py
[2023-12-20T05:42:14.993+0000] {processor.py:830} INFO - Processing file /home/airflow/.local/lib/python3.8/site-packages/airflow/example_dags/tutorial_taskflow_api_virtualenv.py for tasks to queue
[2023-12-20T05:42:15.020+0000] {logging_mixin.py:188} INFO - [2023-12-20T05:42:15.019+0000] {dagbag.py:538} INFO - Filling up the DagBag from /home/airflow/.local/lib/python3.8/site-packages/airflow/example_dags/tutorial_taskflow_api_virtualenv.py
[2023-12-20T05:42:15.275+0000] {processor.py:840} INFO - DAG(s) 'tutorial_taskflow_api_virtualenv' retrieved from /home/airflow/.local/lib/python3.8/site-packages/airflow/example_dags/tutorial_taskflow_api_virtualenv.py
[2023-12-20T05:42:15.366+0000] {logging_mixin.py:188} INFO - [2023-12-20T05:42:15.366+0000] {dag.py:3033} INFO - Sync 1 DAGs
[2023-12-20T05:42:15.495+0000] {logging_mixin.py:188} INFO - [2023-12-20T05:42:15.493+0000] {dag.py:3820} INFO - Setting next_dagrun for tutorial_taskflow_api_virtualenv to None, run_after=None
[2023-12-20T05:42:15.862+0000] {processor.py:183} INFO - Processing /home/airflow/.local/lib/python3.8/site-packages/airflow/example_dags/tutorial_taskflow_api_virtualenv.py took 0.933 seconds
[2023-12-20T06:06:47.253+0000] {processor.py:161} INFO - Started process (PID=41) to work on /home/airflow/.local/lib/python3.8/site-packages/airflow/example_dags/tutorial_taskflow_api_virtualenv.py
[2023-12-20T06:06:47.281+0000] {processor.py:830} INFO - Processing file /home/airflow/.local/lib/python3.8/site-packages/airflow/example_dags/tutorial_taskflow_api_virtualenv.py for tasks to queue
[2023-12-20T06:06:47.326+0000] {logging_mixin.py:188} INFO - [2023-12-20T06:06:47.284+0000] {dagbag.py:538} INFO - Filling up the DagBag from /home/airflow/.local/lib/python3.8/site-packages/airflow/example_dags/tutorial_taskflow_api_virtualenv.py
[2023-12-20T06:06:47.490+0000] {processor.py:840} INFO - DAG(s) 'tutorial_taskflow_api_virtualenv' retrieved from /home/airflow/.local/lib/python3.8/site-packages/airflow/example_dags/tutorial_taskflow_api_virtualenv.py
[2023-12-20T06:06:48.159+0000] {logging_mixin.py:188} INFO - [2023-12-20T06:06:48.159+0000] {dag.py:3033} INFO - Sync 1 DAGs
[2023-12-20T06:06:48.343+0000] {logging_mixin.py:188} INFO - [2023-12-20T06:06:48.342+0000] {dag.py:3820} INFO - Setting next_dagrun for tutorial_taskflow_api_virtualenv to None, run_after=None
[2023-12-20T06:06:48.603+0000] {processor.py:183} INFO - Processing /home/airflow/.local/lib/python3.8/site-packages/airflow/example_dags/tutorial_taskflow_api_virtualenv.py took 1.440 seconds
[2023-12-20T06:07:20.300+0000] {processor.py:161} INFO - Started process (PID=96) to work on /home/airflow/.local/lib/python3.8/site-packages/airflow/example_dags/tutorial_taskflow_api_virtualenv.py
[2023-12-20T06:07:20.318+0000] {processor.py:830} INFO - Processing file /home/airflow/.local/lib/python3.8/site-packages/airflow/example_dags/tutorial_taskflow_api_virtualenv.py for tasks to queue
[2023-12-20T06:07:20.337+0000] {logging_mixin.py:188} INFO - [2023-12-20T06:07:20.337+0000] {dagbag.py:538} INFO - Filling up the DagBag from /home/airflow/.local/lib/python3.8/site-packages/airflow/example_dags/tutorial_taskflow_api_virtualenv.py
[2023-12-20T06:07:20.399+0000] {processor.py:840} INFO - DAG(s) 'tutorial_taskflow_api_virtualenv' retrieved from /home/airflow/.local/lib/python3.8/site-packages/airflow/example_dags/tutorial_taskflow_api_virtualenv.py
[2023-12-20T06:07:20.671+0000] {logging_mixin.py:188} INFO - [2023-12-20T06:07:20.670+0000] {dag.py:3033} INFO - Sync 1 DAGs
[2023-12-20T06:07:20.786+0000] {logging_mixin.py:188} INFO - [2023-12-20T06:07:20.776+0000] {dag.py:3820} INFO - Setting next_dagrun for tutorial_taskflow_api_virtualenv to None, run_after=None
[2023-12-20T06:07:21.144+0000] {processor.py:183} INFO - Processing /home/airflow/.local/lib/python3.8/site-packages/airflow/example_dags/tutorial_taskflow_api_virtualenv.py took 0.881 seconds
[2023-12-20T06:07:51.236+0000] {processor.py:161} INFO - Started process (PID=149) to work on /home/airflow/.local/lib/python3.8/site-packages/airflow/example_dags/tutorial_taskflow_api_virtualenv.py
[2023-12-20T06:07:51.272+0000] {processor.py:830} INFO - Processing file /home/airflow/.local/lib/python3.8/site-packages/airflow/example_dags/tutorial_taskflow_api_virtualenv.py for tasks to queue
[2023-12-20T06:07:51.277+0000] {logging_mixin.py:188} INFO - [2023-12-20T06:07:51.276+0000] {dagbag.py:538} INFO - Filling up the DagBag from /home/airflow/.local/lib/python3.8/site-packages/airflow/example_dags/tutorial_taskflow_api_virtualenv.py
[2023-12-20T06:07:51.323+0000] {processor.py:840} INFO - DAG(s) 'tutorial_taskflow_api_virtualenv' retrieved from /home/airflow/.local/lib/python3.8/site-packages/airflow/example_dags/tutorial_taskflow_api_virtualenv.py
[2023-12-20T06:07:51.383+0000] {logging_mixin.py:188} INFO - [2023-12-20T06:07:51.383+0000] {dag.py:3033} INFO - Sync 1 DAGs
[2023-12-20T06:07:51.429+0000] {logging_mixin.py:188} INFO - [2023-12-20T06:07:51.428+0000] {dag.py:3820} INFO - Setting next_dagrun for tutorial_taskflow_api_virtualenv to None, run_after=None
[2023-12-20T06:07:51.479+0000] {processor.py:183} INFO - Processing /home/airflow/.local/lib/python3.8/site-packages/airflow/example_dags/tutorial_taskflow_api_virtualenv.py took 0.249 seconds
[2023-12-20T06:08:21.791+0000] {processor.py:161} INFO - Started process (PID=204) to work on /home/airflow/.local/lib/python3.8/site-packages/airflow/example_dags/tutorial_taskflow_api_virtualenv.py
[2023-12-20T06:08:21.810+0000] {processor.py:830} INFO - Processing file /home/airflow/.local/lib/python3.8/site-packages/airflow/example_dags/tutorial_taskflow_api_virtualenv.py for tasks to queue
[2023-12-20T06:08:21.838+0000] {logging_mixin.py:188} INFO - [2023-12-20T06:08:21.836+0000] {dagbag.py:538} INFO - Filling up the DagBag from /home/airflow/.local/lib/python3.8/site-packages/airflow/example_dags/tutorial_taskflow_api_virtualenv.py
[2023-12-20T06:08:22.027+0000] {processor.py:840} INFO - DAG(s) 'tutorial_taskflow_api_virtualenv' retrieved from /home/airflow/.local/lib/python3.8/site-packages/airflow/example_dags/tutorial_taskflow_api_virtualenv.py
[2023-12-20T06:08:22.170+0000] {logging_mixin.py:188} INFO - [2023-12-20T06:08:22.169+0000] {dag.py:3033} INFO - Sync 1 DAGs
[2023-12-20T06:08:22.342+0000] {logging_mixin.py:188} INFO - [2023-12-20T06:08:22.342+0000] {dag.py:3820} INFO - Setting next_dagrun for tutorial_taskflow_api_virtualenv to None, run_after=None
[2023-12-20T06:08:22.698+0000] {processor.py:183} INFO - Processing /home/airflow/.local/lib/python3.8/site-packages/airflow/example_dags/tutorial_taskflow_api_virtualenv.py took 0.990 seconds
[2023-12-20T06:08:59.078+0000] {processor.py:161} INFO - Started process (PID=256) to work on /home/airflow/.local/lib/python3.8/site-packages/airflow/example_dags/tutorial_taskflow_api_virtualenv.py
[2023-12-20T06:08:59.082+0000] {processor.py:830} INFO - Processing file /home/airflow/.local/lib/python3.8/site-packages/airflow/example_dags/tutorial_taskflow_api_virtualenv.py for tasks to queue
[2023-12-20T06:08:59.104+0000] {logging_mixin.py:188} INFO - [2023-12-20T06:08:59.103+0000] {dagbag.py:538} INFO - Filling up the DagBag from /home/airflow/.local/lib/python3.8/site-packages/airflow/example_dags/tutorial_taskflow_api_virtualenv.py
[2023-12-20T06:08:59.182+0000] {processor.py:840} INFO - DAG(s) 'tutorial_taskflow_api_virtualenv' retrieved from /home/airflow/.local/lib/python3.8/site-packages/airflow/example_dags/tutorial_taskflow_api_virtualenv.py
[2023-12-20T06:08:59.558+0000] {logging_mixin.py:188} INFO - [2023-12-20T06:08:59.557+0000] {dag.py:3033} INFO - Sync 1 DAGs
[2023-12-20T06:08:59.865+0000] {logging_mixin.py:188} INFO - [2023-12-20T06:08:59.865+0000] {dag.py:3820} INFO - Setting next_dagrun for tutorial_taskflow_api_virtualenv to None, run_after=None
[2023-12-20T06:09:00.549+0000] {processor.py:183} INFO - Processing /home/airflow/.local/lib/python3.8/site-packages/airflow/example_dags/tutorial_taskflow_api_virtualenv.py took 1.537 seconds
[2023-12-20T06:09:30.814+0000] {processor.py:161} INFO - Started process (PID=311) to work on /home/airflow/.local/lib/python3.8/site-packages/airflow/example_dags/tutorial_taskflow_api_virtualenv.py
[2023-12-20T06:09:30.820+0000] {processor.py:830} INFO - Processing file /home/airflow/.local/lib/python3.8/site-packages/airflow/example_dags/tutorial_taskflow_api_virtualenv.py for tasks to queue
[2023-12-20T06:09:30.853+0000] {logging_mixin.py:188} INFO - [2023-12-20T06:09:30.852+0000] {dagbag.py:538} INFO - Filling up the DagBag from /home/airflow/.local/lib/python3.8/site-packages/airflow/example_dags/tutorial_taskflow_api_virtualenv.py
[2023-12-20T06:09:30.960+0000] {processor.py:840} INFO - DAG(s) 'tutorial_taskflow_api_virtualenv' retrieved from /home/airflow/.local/lib/python3.8/site-packages/airflow/example_dags/tutorial_taskflow_api_virtualenv.py
[2023-12-20T06:09:31.127+0000] {logging_mixin.py:188} INFO - [2023-12-20T06:09:31.118+0000] {dag.py:3033} INFO - Sync 1 DAGs
[2023-12-20T06:09:31.203+0000] {logging_mixin.py:188} INFO - [2023-12-20T06:09:31.202+0000] {dag.py:3820} INFO - Setting next_dagrun for tutorial_taskflow_api_virtualenv to None, run_after=None
[2023-12-20T06:09:31.369+0000] {processor.py:183} INFO - Processing /home/airflow/.local/lib/python3.8/site-packages/airflow/example_dags/tutorial_taskflow_api_virtualenv.py took 0.591 seconds
[2023-12-20T06:10:02.219+0000] {processor.py:161} INFO - Started process (PID=364) to work on /home/airflow/.local/lib/python3.8/site-packages/airflow/example_dags/tutorial_taskflow_api_virtualenv.py
[2023-12-20T06:10:02.256+0000] {processor.py:830} INFO - Processing file /home/airflow/.local/lib/python3.8/site-packages/airflow/example_dags/tutorial_taskflow_api_virtualenv.py for tasks to queue
[2023-12-20T06:10:02.264+0000] {logging_mixin.py:188} INFO - [2023-12-20T06:10:02.260+0000] {dagbag.py:538} INFO - Filling up the DagBag from /home/airflow/.local/lib/python3.8/site-packages/airflow/example_dags/tutorial_taskflow_api_virtualenv.py
[2023-12-20T06:10:02.296+0000] {processor.py:840} INFO - DAG(s) 'tutorial_taskflow_api_virtualenv' retrieved from /home/airflow/.local/lib/python3.8/site-packages/airflow/example_dags/tutorial_taskflow_api_virtualenv.py
[2023-12-20T06:10:02.378+0000] {logging_mixin.py:188} INFO - [2023-12-20T06:10:02.377+0000] {dag.py:3033} INFO - Sync 1 DAGs
[2023-12-20T06:10:02.488+0000] {logging_mixin.py:188} INFO - [2023-12-20T06:10:02.488+0000] {dag.py:3820} INFO - Setting next_dagrun for tutorial_taskflow_api_virtualenv to None, run_after=None
[2023-12-20T06:10:02.831+0000] {processor.py:183} INFO - Processing /home/airflow/.local/lib/python3.8/site-packages/airflow/example_dags/tutorial_taskflow_api_virtualenv.py took 0.628 seconds
[2023-12-20T06:10:33.716+0000] {processor.py:161} INFO - Started process (PID=419) to work on /home/airflow/.local/lib/python3.8/site-packages/airflow/example_dags/tutorial_taskflow_api_virtualenv.py
[2023-12-20T06:10:33.722+0000] {processor.py:830} INFO - Processing file /home/airflow/.local/lib/python3.8/site-packages/airflow/example_dags/tutorial_taskflow_api_virtualenv.py for tasks to queue
[2023-12-20T06:10:33.727+0000] {logging_mixin.py:188} INFO - [2023-12-20T06:10:33.726+0000] {dagbag.py:538} INFO - Filling up the DagBag from /home/airflow/.local/lib/python3.8/site-packages/airflow/example_dags/tutorial_taskflow_api_virtualenv.py
[2023-12-20T06:10:33.802+0000] {processor.py:840} INFO - DAG(s) 'tutorial_taskflow_api_virtualenv' retrieved from /home/airflow/.local/lib/python3.8/site-packages/airflow/example_dags/tutorial_taskflow_api_virtualenv.py
[2023-12-20T06:10:34.040+0000] {logging_mixin.py:188} INFO - [2023-12-20T06:10:34.040+0000] {dag.py:3033} INFO - Sync 1 DAGs
[2023-12-20T06:10:34.133+0000] {logging_mixin.py:188} INFO - [2023-12-20T06:10:34.132+0000] {dag.py:3820} INFO - Setting next_dagrun for tutorial_taskflow_api_virtualenv to None, run_after=None
[2023-12-20T06:10:34.398+0000] {processor.py:183} INFO - Processing /home/airflow/.local/lib/python3.8/site-packages/airflow/example_dags/tutorial_taskflow_api_virtualenv.py took 0.701 seconds
[2023-12-20T06:11:04.789+0000] {processor.py:161} INFO - Started process (PID=474) to work on /home/airflow/.local/lib/python3.8/site-packages/airflow/example_dags/tutorial_taskflow_api_virtualenv.py
[2023-12-20T06:11:04.828+0000] {processor.py:830} INFO - Processing file /home/airflow/.local/lib/python3.8/site-packages/airflow/example_dags/tutorial_taskflow_api_virtualenv.py for tasks to queue
[2023-12-20T06:11:04.833+0000] {logging_mixin.py:188} INFO - [2023-12-20T06:11:04.832+0000] {dagbag.py:538} INFO - Filling up the DagBag from /home/airflow/.local/lib/python3.8/site-packages/airflow/example_dags/tutorial_taskflow_api_virtualenv.py
[2023-12-20T06:11:04.857+0000] {processor.py:840} INFO - DAG(s) 'tutorial_taskflow_api_virtualenv' retrieved from /home/airflow/.local/lib/python3.8/site-packages/airflow/example_dags/tutorial_taskflow_api_virtualenv.py
[2023-12-20T06:11:05.014+0000] {logging_mixin.py:188} INFO - [2023-12-20T06:11:05.013+0000] {dag.py:3033} INFO - Sync 1 DAGs
[2023-12-20T06:11:05.182+0000] {logging_mixin.py:188} INFO - [2023-12-20T06:11:05.182+0000] {dag.py:3820} INFO - Setting next_dagrun for tutorial_taskflow_api_virtualenv to None, run_after=None
[2023-12-20T06:11:05.497+0000] {processor.py:183} INFO - Processing /home/airflow/.local/lib/python3.8/site-packages/airflow/example_dags/tutorial_taskflow_api_virtualenv.py took 0.715 seconds
[2023-12-20T06:11:35.568+0000] {processor.py:161} INFO - Started process (PID=529) to work on /home/airflow/.local/lib/python3.8/site-packages/airflow/example_dags/tutorial_taskflow_api_virtualenv.py
[2023-12-20T06:11:35.570+0000] {processor.py:830} INFO - Processing file /home/airflow/.local/lib/python3.8/site-packages/airflow/example_dags/tutorial_taskflow_api_virtualenv.py for tasks to queue
[2023-12-20T06:11:35.580+0000] {logging_mixin.py:188} INFO - [2023-12-20T06:11:35.580+0000] {dagbag.py:538} INFO - Filling up the DagBag from /home/airflow/.local/lib/python3.8/site-packages/airflow/example_dags/tutorial_taskflow_api_virtualenv.py
[2023-12-20T06:11:35.600+0000] {processor.py:840} INFO - DAG(s) 'tutorial_taskflow_api_virtualenv' retrieved from /home/airflow/.local/lib/python3.8/site-packages/airflow/example_dags/tutorial_taskflow_api_virtualenv.py
[2023-12-20T06:11:35.651+0000] {logging_mixin.py:188} INFO - [2023-12-20T06:11:35.651+0000] {dag.py:3033} INFO - Sync 1 DAGs
[2023-12-20T06:11:35.685+0000] {logging_mixin.py:188} INFO - [2023-12-20T06:11:35.684+0000] {dag.py:3820} INFO - Setting next_dagrun for tutorial_taskflow_api_virtualenv to None, run_after=None
[2023-12-20T06:11:35.737+0000] {processor.py:183} INFO - Processing /home/airflow/.local/lib/python3.8/site-packages/airflow/example_dags/tutorial_taskflow_api_virtualenv.py took 0.182 seconds
[2023-12-20T06:12:09.055+0000] {processor.py:161} INFO - Started process (PID=583) to work on /home/airflow/.local/lib/python3.8/site-packages/airflow/example_dags/tutorial_taskflow_api_virtualenv.py
[2023-12-20T06:12:09.084+0000] {processor.py:830} INFO - Processing file /home/airflow/.local/lib/python3.8/site-packages/airflow/example_dags/tutorial_taskflow_api_virtualenv.py for tasks to queue
[2023-12-20T06:12:09.088+0000] {logging_mixin.py:188} INFO - [2023-12-20T06:12:09.088+0000] {dagbag.py:538} INFO - Filling up the DagBag from /home/airflow/.local/lib/python3.8/site-packages/airflow/example_dags/tutorial_taskflow_api_virtualenv.py
[2023-12-20T06:12:09.174+0000] {processor.py:840} INFO - DAG(s) 'tutorial_taskflow_api_virtualenv' retrieved from /home/airflow/.local/lib/python3.8/site-packages/airflow/example_dags/tutorial_taskflow_api_virtualenv.py
[2023-12-20T06:12:09.486+0000] {logging_mixin.py:188} INFO - [2023-12-20T06:12:09.486+0000] {dag.py:3033} INFO - Sync 1 DAGs
[2023-12-20T06:12:09.684+0000] {logging_mixin.py:188} INFO - [2023-12-20T06:12:09.684+0000] {dag.py:3820} INFO - Setting next_dagrun for tutorial_taskflow_api_virtualenv to None, run_after=None
[2023-12-20T06:12:10.097+0000] {processor.py:183} INFO - Processing /home/airflow/.local/lib/python3.8/site-packages/airflow/example_dags/tutorial_taskflow_api_virtualenv.py took 1.071 seconds
[2023-12-20T06:12:40.917+0000] {processor.py:161} INFO - Started process (PID=635) to work on /home/airflow/.local/lib/python3.8/site-packages/airflow/example_dags/tutorial_taskflow_api_virtualenv.py
[2023-12-20T06:12:40.961+0000] {processor.py:830} INFO - Processing file /home/airflow/.local/lib/python3.8/site-packages/airflow/example_dags/tutorial_taskflow_api_virtualenv.py for tasks to queue
[2023-12-20T06:12:40.986+0000] {logging_mixin.py:188} INFO - [2023-12-20T06:12:40.977+0000] {dagbag.py:538} INFO - Filling up the DagBag from /home/airflow/.local/lib/python3.8/site-packages/airflow/example_dags/tutorial_taskflow_api_virtualenv.py
[2023-12-20T06:12:41.074+0000] {processor.py:840} INFO - DAG(s) 'tutorial_taskflow_api_virtualenv' retrieved from /home/airflow/.local/lib/python3.8/site-packages/airflow/example_dags/tutorial_taskflow_api_virtualenv.py
[2023-12-20T06:12:41.463+0000] {logging_mixin.py:188} INFO - [2023-12-20T06:12:41.463+0000] {dag.py:3033} INFO - Sync 1 DAGs
[2023-12-20T06:12:41.678+0000] {logging_mixin.py:188} INFO - [2023-12-20T06:12:41.677+0000] {dag.py:3820} INFO - Setting next_dagrun for tutorial_taskflow_api_virtualenv to None, run_after=None
[2023-12-20T06:12:41.982+0000] {processor.py:183} INFO - Processing /home/airflow/.local/lib/python3.8/site-packages/airflow/example_dags/tutorial_taskflow_api_virtualenv.py took 1.113 seconds
[2023-12-20T06:13:20.410+0000] {processor.py:161} INFO - Started process (PID=686) to work on /home/airflow/.local/lib/python3.8/site-packages/airflow/example_dags/tutorial_taskflow_api_virtualenv.py
[2023-12-20T06:13:20.428+0000] {processor.py:830} INFO - Processing file /home/airflow/.local/lib/python3.8/site-packages/airflow/example_dags/tutorial_taskflow_api_virtualenv.py for tasks to queue
[2023-12-20T06:13:20.438+0000] {logging_mixin.py:188} INFO - [2023-12-20T06:13:20.438+0000] {dagbag.py:538} INFO - Filling up the DagBag from /home/airflow/.local/lib/python3.8/site-packages/airflow/example_dags/tutorial_taskflow_api_virtualenv.py
[2023-12-20T06:13:20.607+0000] {processor.py:840} INFO - DAG(s) 'tutorial_taskflow_api_virtualenv' retrieved from /home/airflow/.local/lib/python3.8/site-packages/airflow/example_dags/tutorial_taskflow_api_virtualenv.py
[2023-12-20T06:13:21.078+0000] {logging_mixin.py:188} INFO - [2023-12-20T06:13:21.078+0000] {dag.py:3033} INFO - Sync 1 DAGs
[2023-12-20T06:13:21.358+0000] {logging_mixin.py:188} INFO - [2023-12-20T06:13:21.358+0000] {dag.py:3820} INFO - Setting next_dagrun for tutorial_taskflow_api_virtualenv to None, run_after=None
[2023-12-20T06:13:21.772+0000] {processor.py:183} INFO - Processing /home/airflow/.local/lib/python3.8/site-packages/airflow/example_dags/tutorial_taskflow_api_virtualenv.py took 1.382 seconds
[2023-12-20T06:14:01.234+0000] {processor.py:161} INFO - Started process (PID=738) to work on /home/airflow/.local/lib/python3.8/site-packages/airflow/example_dags/tutorial_taskflow_api_virtualenv.py
[2023-12-20T06:14:01.249+0000] {processor.py:830} INFO - Processing file /home/airflow/.local/lib/python3.8/site-packages/airflow/example_dags/tutorial_taskflow_api_virtualenv.py for tasks to queue
[2023-12-20T06:14:01.286+0000] {logging_mixin.py:188} INFO - [2023-12-20T06:14:01.282+0000] {dagbag.py:538} INFO - Filling up the DagBag from /home/airflow/.local/lib/python3.8/site-packages/airflow/example_dags/tutorial_taskflow_api_virtualenv.py
[2023-12-20T06:14:01.387+0000] {processor.py:840} INFO - DAG(s) 'tutorial_taskflow_api_virtualenv' retrieved from /home/airflow/.local/lib/python3.8/site-packages/airflow/example_dags/tutorial_taskflow_api_virtualenv.py
[2023-12-20T06:14:01.810+0000] {logging_mixin.py:188} INFO - [2023-12-20T06:14:01.810+0000] {dag.py:3033} INFO - Sync 1 DAGs
[2023-12-20T06:14:02.234+0000] {logging_mixin.py:188} INFO - [2023-12-20T06:14:02.233+0000] {dag.py:3820} INFO - Setting next_dagrun for tutorial_taskflow_api_virtualenv to None, run_after=None
[2023-12-20T06:14:02.598+0000] {processor.py:183} INFO - Processing /home/airflow/.local/lib/python3.8/site-packages/airflow/example_dags/tutorial_taskflow_api_virtualenv.py took 1.416 seconds
[2023-12-20T06:14:35.354+0000] {processor.py:161} INFO - Started process (PID=795) to work on /home/airflow/.local/lib/python3.8/site-packages/airflow/example_dags/tutorial_taskflow_api_virtualenv.py
[2023-12-20T06:14:35.380+0000] {processor.py:830} INFO - Processing file /home/airflow/.local/lib/python3.8/site-packages/airflow/example_dags/tutorial_taskflow_api_virtualenv.py for tasks to queue
[2023-12-20T06:14:35.384+0000] {logging_mixin.py:188} INFO - [2023-12-20T06:14:35.384+0000] {dagbag.py:538} INFO - Filling up the DagBag from /home/airflow/.local/lib/python3.8/site-packages/airflow/example_dags/tutorial_taskflow_api_virtualenv.py
[2023-12-20T06:14:35.452+0000] {processor.py:840} INFO - DAG(s) 'tutorial_taskflow_api_virtualenv' retrieved from /home/airflow/.local/lib/python3.8/site-packages/airflow/example_dags/tutorial_taskflow_api_virtualenv.py
[2023-12-20T06:14:35.666+0000] {logging_mixin.py:188} INFO - [2023-12-20T06:14:35.666+0000] {dag.py:3033} INFO - Sync 1 DAGs
[2023-12-20T06:14:35.799+0000] {logging_mixin.py:188} INFO - [2023-12-20T06:14:35.799+0000] {dag.py:3820} INFO - Setting next_dagrun for tutorial_taskflow_api_virtualenv to None, run_after=None
[2023-12-20T06:14:35.949+0000] {processor.py:183} INFO - Processing /home/airflow/.local/lib/python3.8/site-packages/airflow/example_dags/tutorial_taskflow_api_virtualenv.py took 0.631 seconds
[2023-12-20T06:15:06.553+0000] {processor.py:161} INFO - Started process (PID=849) to work on /home/airflow/.local/lib/python3.8/site-packages/airflow/example_dags/tutorial_taskflow_api_virtualenv.py
[2023-12-20T06:15:06.559+0000] {processor.py:830} INFO - Processing file /home/airflow/.local/lib/python3.8/site-packages/airflow/example_dags/tutorial_taskflow_api_virtualenv.py for tasks to queue
[2023-12-20T06:15:06.567+0000] {logging_mixin.py:188} INFO - [2023-12-20T06:15:06.567+0000] {dagbag.py:538} INFO - Filling up the DagBag from /home/airflow/.local/lib/python3.8/site-packages/airflow/example_dags/tutorial_taskflow_api_virtualenv.py
[2023-12-20T06:15:06.618+0000] {processor.py:840} INFO - DAG(s) 'tutorial_taskflow_api_virtualenv' retrieved from /home/airflow/.local/lib/python3.8/site-packages/airflow/example_dags/tutorial_taskflow_api_virtualenv.py
[2023-12-20T06:15:06.715+0000] {logging_mixin.py:188} INFO - [2023-12-20T06:15:06.715+0000] {dag.py:3033} INFO - Sync 1 DAGs
[2023-12-20T06:15:06.829+0000] {logging_mixin.py:188} INFO - [2023-12-20T06:15:06.828+0000] {dag.py:3820} INFO - Setting next_dagrun for tutorial_taskflow_api_virtualenv to None, run_after=None
[2023-12-20T06:15:06.951+0000] {processor.py:183} INFO - Processing /home/airflow/.local/lib/python3.8/site-packages/airflow/example_dags/tutorial_taskflow_api_virtualenv.py took 0.423 seconds
[2023-12-20T06:15:38.384+0000] {processor.py:161} INFO - Started process (PID=904) to work on /home/airflow/.local/lib/python3.8/site-packages/airflow/example_dags/tutorial_taskflow_api_virtualenv.py
[2023-12-20T06:15:38.404+0000] {processor.py:830} INFO - Processing file /home/airflow/.local/lib/python3.8/site-packages/airflow/example_dags/tutorial_taskflow_api_virtualenv.py for tasks to queue
[2023-12-20T06:15:38.437+0000] {logging_mixin.py:188} INFO - [2023-12-20T06:15:38.436+0000] {dagbag.py:538} INFO - Filling up the DagBag from /home/airflow/.local/lib/python3.8/site-packages/airflow/example_dags/tutorial_taskflow_api_virtualenv.py
[2023-12-20T06:15:38.531+0000] {processor.py:840} INFO - DAG(s) 'tutorial_taskflow_api_virtualenv' retrieved from /home/airflow/.local/lib/python3.8/site-packages/airflow/example_dags/tutorial_taskflow_api_virtualenv.py
[2023-12-20T06:15:38.842+0000] {logging_mixin.py:188} INFO - [2023-12-20T06:15:38.840+0000] {dag.py:3033} INFO - Sync 1 DAGs
[2023-12-20T06:15:39.071+0000] {logging_mixin.py:188} INFO - [2023-12-20T06:15:39.071+0000] {dag.py:3820} INFO - Setting next_dagrun for tutorial_taskflow_api_virtualenv to None, run_after=None
[2023-12-20T06:15:39.358+0000] {processor.py:183} INFO - Processing /home/airflow/.local/lib/python3.8/site-packages/airflow/example_dags/tutorial_taskflow_api_virtualenv.py took 0.989 seconds
[2023-12-20T06:16:10.724+0000] {processor.py:161} INFO - Started process (PID=957) to work on /home/airflow/.local/lib/python3.8/site-packages/airflow/example_dags/tutorial_taskflow_api_virtualenv.py
[2023-12-20T06:16:10.729+0000] {processor.py:830} INFO - Processing file /home/airflow/.local/lib/python3.8/site-packages/airflow/example_dags/tutorial_taskflow_api_virtualenv.py for tasks to queue
[2023-12-20T06:16:10.741+0000] {logging_mixin.py:188} INFO - [2023-12-20T06:16:10.737+0000] {dagbag.py:538} INFO - Filling up the DagBag from /home/airflow/.local/lib/python3.8/site-packages/airflow/example_dags/tutorial_taskflow_api_virtualenv.py
[2023-12-20T06:16:10.894+0000] {processor.py:840} INFO - DAG(s) 'tutorial_taskflow_api_virtualenv' retrieved from /home/airflow/.local/lib/python3.8/site-packages/airflow/example_dags/tutorial_taskflow_api_virtualenv.py
[2023-12-20T06:16:11.310+0000] {logging_mixin.py:188} INFO - [2023-12-20T06:16:11.309+0000] {dag.py:3033} INFO - Sync 1 DAGs
[2023-12-20T06:16:11.475+0000] {logging_mixin.py:188} INFO - [2023-12-20T06:16:11.475+0000] {dag.py:3820} INFO - Setting next_dagrun for tutorial_taskflow_api_virtualenv to None, run_after=None
[2023-12-20T06:16:11.818+0000] {processor.py:183} INFO - Processing /home/airflow/.local/lib/python3.8/site-packages/airflow/example_dags/tutorial_taskflow_api_virtualenv.py took 1.107 seconds
[2023-12-20T06:16:42.336+0000] {processor.py:161} INFO - Started process (PID=1011) to work on /home/airflow/.local/lib/python3.8/site-packages/airflow/example_dags/tutorial_taskflow_api_virtualenv.py
[2023-12-20T06:16:42.361+0000] {processor.py:830} INFO - Processing file /home/airflow/.local/lib/python3.8/site-packages/airflow/example_dags/tutorial_taskflow_api_virtualenv.py for tasks to queue
[2023-12-20T06:16:42.379+0000] {logging_mixin.py:188} INFO - [2023-12-20T06:16:42.378+0000] {dagbag.py:538} INFO - Filling up the DagBag from /home/airflow/.local/lib/python3.8/site-packages/airflow/example_dags/tutorial_taskflow_api_virtualenv.py
[2023-12-20T06:16:42.463+0000] {processor.py:840} INFO - DAG(s) 'tutorial_taskflow_api_virtualenv' retrieved from /home/airflow/.local/lib/python3.8/site-packages/airflow/example_dags/tutorial_taskflow_api_virtualenv.py
[2023-12-20T06:16:42.691+0000] {logging_mixin.py:188} INFO - [2023-12-20T06:16:42.690+0000] {dag.py:3033} INFO - Sync 1 DAGs
[2023-12-20T06:16:42.915+0000] {logging_mixin.py:188} INFO - [2023-12-20T06:16:42.915+0000] {dag.py:3820} INFO - Setting next_dagrun for tutorial_taskflow_api_virtualenv to None, run_after=None
[2023-12-20T06:16:43.321+0000] {processor.py:183} INFO - Processing /home/airflow/.local/lib/python3.8/site-packages/airflow/example_dags/tutorial_taskflow_api_virtualenv.py took 0.991 seconds
[2023-12-20T06:17:13.766+0000] {processor.py:161} INFO - Started process (PID=1066) to work on /home/airflow/.local/lib/python3.8/site-packages/airflow/example_dags/tutorial_taskflow_api_virtualenv.py
[2023-12-20T06:17:13.773+0000] {processor.py:830} INFO - Processing file /home/airflow/.local/lib/python3.8/site-packages/airflow/example_dags/tutorial_taskflow_api_virtualenv.py for tasks to queue
[2023-12-20T06:17:13.778+0000] {logging_mixin.py:188} INFO - [2023-12-20T06:17:13.777+0000] {dagbag.py:538} INFO - Filling up the DagBag from /home/airflow/.local/lib/python3.8/site-packages/airflow/example_dags/tutorial_taskflow_api_virtualenv.py
[2023-12-20T06:17:13.798+0000] {processor.py:840} INFO - DAG(s) 'tutorial_taskflow_api_virtualenv' retrieved from /home/airflow/.local/lib/python3.8/site-packages/airflow/example_dags/tutorial_taskflow_api_virtualenv.py
[2023-12-20T06:17:13.911+0000] {logging_mixin.py:188} INFO - [2023-12-20T06:17:13.909+0000] {dag.py:3033} INFO - Sync 1 DAGs
[2023-12-20T06:17:14.000+0000] {logging_mixin.py:188} INFO - [2023-12-20T06:17:13.999+0000] {dag.py:3820} INFO - Setting next_dagrun for tutorial_taskflow_api_virtualenv to None, run_after=None
[2023-12-20T06:17:14.153+0000] {processor.py:183} INFO - Processing /home/airflow/.local/lib/python3.8/site-packages/airflow/example_dags/tutorial_taskflow_api_virtualenv.py took 0.414 seconds
[2023-12-20T06:17:44.364+0000] {processor.py:161} INFO - Started process (PID=1119) to work on /home/airflow/.local/lib/python3.8/site-packages/airflow/example_dags/tutorial_taskflow_api_virtualenv.py
[2023-12-20T06:17:44.371+0000] {processor.py:830} INFO - Processing file /home/airflow/.local/lib/python3.8/site-packages/airflow/example_dags/tutorial_taskflow_api_virtualenv.py for tasks to queue
[2023-12-20T06:17:44.379+0000] {logging_mixin.py:188} INFO - [2023-12-20T06:17:44.378+0000] {dagbag.py:538} INFO - Filling up the DagBag from /home/airflow/.local/lib/python3.8/site-packages/airflow/example_dags/tutorial_taskflow_api_virtualenv.py
[2023-12-20T06:17:44.455+0000] {processor.py:840} INFO - DAG(s) 'tutorial_taskflow_api_virtualenv' retrieved from /home/airflow/.local/lib/python3.8/site-packages/airflow/example_dags/tutorial_taskflow_api_virtualenv.py
[2023-12-20T06:17:44.565+0000] {logging_mixin.py:188} INFO - [2023-12-20T06:17:44.564+0000] {dag.py:3033} INFO - Sync 1 DAGs
[2023-12-20T06:17:44.646+0000] {logging_mixin.py:188} INFO - [2023-12-20T06:17:44.645+0000] {dag.py:3820} INFO - Setting next_dagrun for tutorial_taskflow_api_virtualenv to None, run_after=None
[2023-12-20T06:17:44.799+0000] {processor.py:183} INFO - Processing /home/airflow/.local/lib/python3.8/site-packages/airflow/example_dags/tutorial_taskflow_api_virtualenv.py took 0.444 seconds
[2023-12-20T06:18:15.582+0000] {processor.py:161} INFO - Started process (PID=1174) to work on /home/airflow/.local/lib/python3.8/site-packages/airflow/example_dags/tutorial_taskflow_api_virtualenv.py
[2023-12-20T06:18:15.586+0000] {processor.py:830} INFO - Processing file /home/airflow/.local/lib/python3.8/site-packages/airflow/example_dags/tutorial_taskflow_api_virtualenv.py for tasks to queue
[2023-12-20T06:18:15.591+0000] {logging_mixin.py:188} INFO - [2023-12-20T06:18:15.590+0000] {dagbag.py:538} INFO - Filling up the DagBag from /home/airflow/.local/lib/python3.8/site-packages/airflow/example_dags/tutorial_taskflow_api_virtualenv.py
[2023-12-20T06:18:15.638+0000] {processor.py:840} INFO - DAG(s) 'tutorial_taskflow_api_virtualenv' retrieved from /home/airflow/.local/lib/python3.8/site-packages/airflow/example_dags/tutorial_taskflow_api_virtualenv.py
[2023-12-20T06:18:15.804+0000] {logging_mixin.py:188} INFO - [2023-12-20T06:18:15.804+0000] {dag.py:3033} INFO - Sync 1 DAGs
[2023-12-20T06:18:15.993+0000] {logging_mixin.py:188} INFO - [2023-12-20T06:18:15.990+0000] {dag.py:3820} INFO - Setting next_dagrun for tutorial_taskflow_api_virtualenv to None, run_after=None
[2023-12-20T06:18:16.299+0000] {processor.py:183} INFO - Processing /home/airflow/.local/lib/python3.8/site-packages/airflow/example_dags/tutorial_taskflow_api_virtualenv.py took 0.727 seconds
[2023-12-20T06:18:47.889+0000] {processor.py:161} INFO - Started process (PID=1224) to work on /home/airflow/.local/lib/python3.8/site-packages/airflow/example_dags/tutorial_taskflow_api_virtualenv.py
[2023-12-20T06:18:47.924+0000] {processor.py:830} INFO - Processing file /home/airflow/.local/lib/python3.8/site-packages/airflow/example_dags/tutorial_taskflow_api_virtualenv.py for tasks to queue
[2023-12-20T06:18:47.929+0000] {logging_mixin.py:188} INFO - [2023-12-20T06:18:47.928+0000] {dagbag.py:538} INFO - Filling up the DagBag from /home/airflow/.local/lib/python3.8/site-packages/airflow/example_dags/tutorial_taskflow_api_virtualenv.py
[2023-12-20T06:18:47.945+0000] {processor.py:840} INFO - DAG(s) 'tutorial_taskflow_api_virtualenv' retrieved from /home/airflow/.local/lib/python3.8/site-packages/airflow/example_dags/tutorial_taskflow_api_virtualenv.py
[2023-12-20T06:18:47.994+0000] {logging_mixin.py:188} INFO - [2023-12-20T06:18:47.994+0000] {dag.py:3033} INFO - Sync 1 DAGs
[2023-12-20T06:18:48.028+0000] {logging_mixin.py:188} INFO - [2023-12-20T06:18:48.027+0000] {dag.py:3820} INFO - Setting next_dagrun for tutorial_taskflow_api_virtualenv to None, run_after=None
[2023-12-20T06:18:48.140+0000] {processor.py:183} INFO - Processing /home/airflow/.local/lib/python3.8/site-packages/airflow/example_dags/tutorial_taskflow_api_virtualenv.py took 0.278 seconds
[2023-12-20T06:19:19.054+0000] {processor.py:161} INFO - Started process (PID=1279) to work on /home/airflow/.local/lib/python3.8/site-packages/airflow/example_dags/tutorial_taskflow_api_virtualenv.py
[2023-12-20T06:19:19.108+0000] {processor.py:830} INFO - Processing file /home/airflow/.local/lib/python3.8/site-packages/airflow/example_dags/tutorial_taskflow_api_virtualenv.py for tasks to queue
[2023-12-20T06:19:19.113+0000] {logging_mixin.py:188} INFO - [2023-12-20T06:19:19.113+0000] {dagbag.py:538} INFO - Filling up the DagBag from /home/airflow/.local/lib/python3.8/site-packages/airflow/example_dags/tutorial_taskflow_api_virtualenv.py
[2023-12-20T06:19:19.143+0000] {processor.py:840} INFO - DAG(s) 'tutorial_taskflow_api_virtualenv' retrieved from /home/airflow/.local/lib/python3.8/site-packages/airflow/example_dags/tutorial_taskflow_api_virtualenv.py
[2023-12-20T06:19:19.221+0000] {logging_mixin.py:188} INFO - [2023-12-20T06:19:19.220+0000] {dag.py:3033} INFO - Sync 1 DAGs
[2023-12-20T06:19:19.254+0000] {logging_mixin.py:188} INFO - [2023-12-20T06:19:19.253+0000] {dag.py:3820} INFO - Setting next_dagrun for tutorial_taskflow_api_virtualenv to None, run_after=None
[2023-12-20T06:19:19.407+0000] {processor.py:183} INFO - Processing /home/airflow/.local/lib/python3.8/site-packages/airflow/example_dags/tutorial_taskflow_api_virtualenv.py took 0.360 seconds
[2023-12-20T06:19:49.789+0000] {processor.py:161} INFO - Started process (PID=1334) to work on /home/airflow/.local/lib/python3.8/site-packages/airflow/example_dags/tutorial_taskflow_api_virtualenv.py
[2023-12-20T06:19:49.791+0000] {processor.py:830} INFO - Processing file /home/airflow/.local/lib/python3.8/site-packages/airflow/example_dags/tutorial_taskflow_api_virtualenv.py for tasks to queue
[2023-12-20T06:19:49.797+0000] {logging_mixin.py:188} INFO - [2023-12-20T06:19:49.796+0000] {dagbag.py:538} INFO - Filling up the DagBag from /home/airflow/.local/lib/python3.8/site-packages/airflow/example_dags/tutorial_taskflow_api_virtualenv.py
[2023-12-20T06:19:49.815+0000] {processor.py:840} INFO - DAG(s) 'tutorial_taskflow_api_virtualenv' retrieved from /home/airflow/.local/lib/python3.8/site-packages/airflow/example_dags/tutorial_taskflow_api_virtualenv.py
[2023-12-20T06:19:49.872+0000] {logging_mixin.py:188} INFO - [2023-12-20T06:19:49.871+0000] {dag.py:3033} INFO - Sync 1 DAGs
[2023-12-20T06:19:49.905+0000] {logging_mixin.py:188} INFO - [2023-12-20T06:19:49.904+0000] {dag.py:3820} INFO - Setting next_dagrun for tutorial_taskflow_api_virtualenv to None, run_after=None
[2023-12-20T06:19:50.014+0000] {processor.py:183} INFO - Processing /home/airflow/.local/lib/python3.8/site-packages/airflow/example_dags/tutorial_taskflow_api_virtualenv.py took 0.231 seconds
[2023-12-20T06:20:20.232+0000] {processor.py:161} INFO - Started process (PID=1388) to work on /home/airflow/.local/lib/python3.8/site-packages/airflow/example_dags/tutorial_taskflow_api_virtualenv.py
[2023-12-20T06:20:20.284+0000] {processor.py:830} INFO - Processing file /home/airflow/.local/lib/python3.8/site-packages/airflow/example_dags/tutorial_taskflow_api_virtualenv.py for tasks to queue
[2023-12-20T06:20:20.290+0000] {logging_mixin.py:188} INFO - [2023-12-20T06:20:20.289+0000] {dagbag.py:538} INFO - Filling up the DagBag from /home/airflow/.local/lib/python3.8/site-packages/airflow/example_dags/tutorial_taskflow_api_virtualenv.py
[2023-12-20T06:20:20.307+0000] {processor.py:840} INFO - DAG(s) 'tutorial_taskflow_api_virtualenv' retrieved from /home/airflow/.local/lib/python3.8/site-packages/airflow/example_dags/tutorial_taskflow_api_virtualenv.py
[2023-12-20T06:20:20.360+0000] {logging_mixin.py:188} INFO - [2023-12-20T06:20:20.360+0000] {dag.py:3033} INFO - Sync 1 DAGs
[2023-12-20T06:20:20.422+0000] {logging_mixin.py:188} INFO - [2023-12-20T06:20:20.421+0000] {dag.py:3820} INFO - Setting next_dagrun for tutorial_taskflow_api_virtualenv to None, run_after=None
[2023-12-20T06:20:20.546+0000] {processor.py:183} INFO - Processing /home/airflow/.local/lib/python3.8/site-packages/airflow/example_dags/tutorial_taskflow_api_virtualenv.py took 0.322 seconds
[2023-12-20T06:20:50.962+0000] {processor.py:161} INFO - Started process (PID=1442) to work on /home/airflow/.local/lib/python3.8/site-packages/airflow/example_dags/tutorial_taskflow_api_virtualenv.py
[2023-12-20T06:20:50.964+0000] {processor.py:830} INFO - Processing file /home/airflow/.local/lib/python3.8/site-packages/airflow/example_dags/tutorial_taskflow_api_virtualenv.py for tasks to queue
[2023-12-20T06:20:50.970+0000] {logging_mixin.py:188} INFO - [2023-12-20T06:20:50.969+0000] {dagbag.py:538} INFO - Filling up the DagBag from /home/airflow/.local/lib/python3.8/site-packages/airflow/example_dags/tutorial_taskflow_api_virtualenv.py
[2023-12-20T06:20:50.999+0000] {processor.py:840} INFO - DAG(s) 'tutorial_taskflow_api_virtualenv' retrieved from /home/airflow/.local/lib/python3.8/site-packages/airflow/example_dags/tutorial_taskflow_api_virtualenv.py
[2023-12-20T06:20:51.095+0000] {logging_mixin.py:188} INFO - [2023-12-20T06:20:51.095+0000] {dag.py:3033} INFO - Sync 1 DAGs
[2023-12-20T06:20:51.136+0000] {logging_mixin.py:188} INFO - [2023-12-20T06:20:51.135+0000] {dag.py:3820} INFO - Setting next_dagrun for tutorial_taskflow_api_virtualenv to None, run_after=None
[2023-12-20T06:20:51.233+0000] {processor.py:183} INFO - Processing /home/airflow/.local/lib/python3.8/site-packages/airflow/example_dags/tutorial_taskflow_api_virtualenv.py took 0.283 seconds
[2023-12-20T06:21:23.447+0000] {processor.py:161} INFO - Started process (PID=1497) to work on /home/airflow/.local/lib/python3.8/site-packages/airflow/example_dags/tutorial_taskflow_api_virtualenv.py
[2023-12-20T06:21:23.480+0000] {processor.py:830} INFO - Processing file /home/airflow/.local/lib/python3.8/site-packages/airflow/example_dags/tutorial_taskflow_api_virtualenv.py for tasks to queue
[2023-12-20T06:21:23.487+0000] {logging_mixin.py:188} INFO - [2023-12-20T06:21:23.486+0000] {dagbag.py:538} INFO - Filling up the DagBag from /home/airflow/.local/lib/python3.8/site-packages/airflow/example_dags/tutorial_taskflow_api_virtualenv.py
[2023-12-20T06:21:23.568+0000] {processor.py:840} INFO - DAG(s) 'tutorial_taskflow_api_virtualenv' retrieved from /home/airflow/.local/lib/python3.8/site-packages/airflow/example_dags/tutorial_taskflow_api_virtualenv.py
[2023-12-20T06:21:23.786+0000] {logging_mixin.py:188} INFO - [2023-12-20T06:21:23.785+0000] {dag.py:3033} INFO - Sync 1 DAGs
[2023-12-20T06:21:23.843+0000] {logging_mixin.py:188} INFO - [2023-12-20T06:21:23.843+0000] {dag.py:3820} INFO - Setting next_dagrun for tutorial_taskflow_api_virtualenv to None, run_after=None
[2023-12-20T06:21:23.946+0000] {processor.py:183} INFO - Processing /home/airflow/.local/lib/python3.8/site-packages/airflow/example_dags/tutorial_taskflow_api_virtualenv.py took 0.570 seconds
[2023-12-20T06:21:54.252+0000] {processor.py:161} INFO - Started process (PID=1554) to work on /home/airflow/.local/lib/python3.8/site-packages/airflow/example_dags/tutorial_taskflow_api_virtualenv.py
[2023-12-20T06:21:54.254+0000] {processor.py:830} INFO - Processing file /home/airflow/.local/lib/python3.8/site-packages/airflow/example_dags/tutorial_taskflow_api_virtualenv.py for tasks to queue
[2023-12-20T06:21:54.261+0000] {logging_mixin.py:188} INFO - [2023-12-20T06:21:54.260+0000] {dagbag.py:538} INFO - Filling up the DagBag from /home/airflow/.local/lib/python3.8/site-packages/airflow/example_dags/tutorial_taskflow_api_virtualenv.py
[2023-12-20T06:21:54.282+0000] {processor.py:840} INFO - DAG(s) 'tutorial_taskflow_api_virtualenv' retrieved from /home/airflow/.local/lib/python3.8/site-packages/airflow/example_dags/tutorial_taskflow_api_virtualenv.py
[2023-12-20T06:21:54.334+0000] {logging_mixin.py:188} INFO - [2023-12-20T06:21:54.334+0000] {dag.py:3033} INFO - Sync 1 DAGs
[2023-12-20T06:21:54.367+0000] {logging_mixin.py:188} INFO - [2023-12-20T06:21:54.367+0000] {dag.py:3820} INFO - Setting next_dagrun for tutorial_taskflow_api_virtualenv to None, run_after=None
[2023-12-20T06:21:54.466+0000] {processor.py:183} INFO - Processing /home/airflow/.local/lib/python3.8/site-packages/airflow/example_dags/tutorial_taskflow_api_virtualenv.py took 0.232 seconds
[2023-12-20T06:22:24.694+0000] {processor.py:161} INFO - Started process (PID=1606) to work on /home/airflow/.local/lib/python3.8/site-packages/airflow/example_dags/tutorial_taskflow_api_virtualenv.py
[2023-12-20T06:22:24.696+0000] {processor.py:830} INFO - Processing file /home/airflow/.local/lib/python3.8/site-packages/airflow/example_dags/tutorial_taskflow_api_virtualenv.py for tasks to queue
[2023-12-20T06:22:24.703+0000] {logging_mixin.py:188} INFO - [2023-12-20T06:22:24.699+0000] {dagbag.py:538} INFO - Filling up the DagBag from /home/airflow/.local/lib/python3.8/site-packages/airflow/example_dags/tutorial_taskflow_api_virtualenv.py
[2023-12-20T06:22:24.725+0000] {processor.py:840} INFO - DAG(s) 'tutorial_taskflow_api_virtualenv' retrieved from /home/airflow/.local/lib/python3.8/site-packages/airflow/example_dags/tutorial_taskflow_api_virtualenv.py
[2023-12-20T06:22:24.785+0000] {logging_mixin.py:188} INFO - [2023-12-20T06:22:24.784+0000] {dag.py:3033} INFO - Sync 1 DAGs
[2023-12-20T06:22:24.826+0000] {logging_mixin.py:188} INFO - [2023-12-20T06:22:24.825+0000] {dag.py:3820} INFO - Setting next_dagrun for tutorial_taskflow_api_virtualenv to None, run_after=None
[2023-12-20T06:22:24.888+0000] {processor.py:183} INFO - Processing /home/airflow/.local/lib/python3.8/site-packages/airflow/example_dags/tutorial_taskflow_api_virtualenv.py took 0.204 seconds
[2023-12-20T06:22:55.334+0000] {processor.py:161} INFO - Started process (PID=1660) to work on /home/airflow/.local/lib/python3.8/site-packages/airflow/example_dags/tutorial_taskflow_api_virtualenv.py
[2023-12-20T06:22:55.373+0000] {processor.py:830} INFO - Processing file /home/airflow/.local/lib/python3.8/site-packages/airflow/example_dags/tutorial_taskflow_api_virtualenv.py for tasks to queue
[2023-12-20T06:22:55.376+0000] {logging_mixin.py:188} INFO - [2023-12-20T06:22:55.375+0000] {dagbag.py:538} INFO - Filling up the DagBag from /home/airflow/.local/lib/python3.8/site-packages/airflow/example_dags/tutorial_taskflow_api_virtualenv.py
[2023-12-20T06:22:55.392+0000] {processor.py:840} INFO - DAG(s) 'tutorial_taskflow_api_virtualenv' retrieved from /home/airflow/.local/lib/python3.8/site-packages/airflow/example_dags/tutorial_taskflow_api_virtualenv.py
[2023-12-20T06:22:55.441+0000] {logging_mixin.py:188} INFO - [2023-12-20T06:22:55.441+0000] {dag.py:3033} INFO - Sync 1 DAGs
[2023-12-20T06:22:55.474+0000] {logging_mixin.py:188} INFO - [2023-12-20T06:22:55.473+0000] {dag.py:3820} INFO - Setting next_dagrun for tutorial_taskflow_api_virtualenv to None, run_after=None
[2023-12-20T06:22:55.580+0000] {processor.py:183} INFO - Processing /home/airflow/.local/lib/python3.8/site-packages/airflow/example_dags/tutorial_taskflow_api_virtualenv.py took 0.255 seconds
[2023-12-20T06:23:25.681+0000] {processor.py:161} INFO - Started process (PID=1714) to work on /home/airflow/.local/lib/python3.8/site-packages/airflow/example_dags/tutorial_taskflow_api_virtualenv.py
[2023-12-20T06:23:25.685+0000] {processor.py:830} INFO - Processing file /home/airflow/.local/lib/python3.8/site-packages/airflow/example_dags/tutorial_taskflow_api_virtualenv.py for tasks to queue
[2023-12-20T06:23:25.687+0000] {logging_mixin.py:188} INFO - [2023-12-20T06:23:25.686+0000] {dagbag.py:538} INFO - Filling up the DagBag from /home/airflow/.local/lib/python3.8/site-packages/airflow/example_dags/tutorial_taskflow_api_virtualenv.py
[2023-12-20T06:23:25.720+0000] {processor.py:840} INFO - DAG(s) 'tutorial_taskflow_api_virtualenv' retrieved from /home/airflow/.local/lib/python3.8/site-packages/airflow/example_dags/tutorial_taskflow_api_virtualenv.py
[2023-12-20T06:23:25.809+0000] {logging_mixin.py:188} INFO - [2023-12-20T06:23:25.809+0000] {dag.py:3033} INFO - Sync 1 DAGs
[2023-12-20T06:23:25.857+0000] {logging_mixin.py:188} INFO - [2023-12-20T06:23:25.857+0000] {dag.py:3820} INFO - Setting next_dagrun for tutorial_taskflow_api_virtualenv to None, run_after=None
[2023-12-20T06:23:25.932+0000] {processor.py:183} INFO - Processing /home/airflow/.local/lib/python3.8/site-packages/airflow/example_dags/tutorial_taskflow_api_virtualenv.py took 0.266 seconds
[2023-12-20T06:23:56.776+0000] {processor.py:161} INFO - Started process (PID=1769) to work on /home/airflow/.local/lib/python3.8/site-packages/airflow/example_dags/tutorial_taskflow_api_virtualenv.py
[2023-12-20T06:23:56.782+0000] {processor.py:830} INFO - Processing file /home/airflow/.local/lib/python3.8/site-packages/airflow/example_dags/tutorial_taskflow_api_virtualenv.py for tasks to queue
[2023-12-20T06:23:56.793+0000] {logging_mixin.py:188} INFO - [2023-12-20T06:23:56.792+0000] {dagbag.py:538} INFO - Filling up the DagBag from /home/airflow/.local/lib/python3.8/site-packages/airflow/example_dags/tutorial_taskflow_api_virtualenv.py
[2023-12-20T06:23:56.885+0000] {processor.py:840} INFO - DAG(s) 'tutorial_taskflow_api_virtualenv' retrieved from /home/airflow/.local/lib/python3.8/site-packages/airflow/example_dags/tutorial_taskflow_api_virtualenv.py
[2023-12-20T06:23:57.070+0000] {logging_mixin.py:188} INFO - [2023-12-20T06:23:57.069+0000] {dag.py:3033} INFO - Sync 1 DAGs
[2023-12-20T06:23:57.159+0000] {logging_mixin.py:188} INFO - [2023-12-20T06:23:57.159+0000] {dag.py:3820} INFO - Setting next_dagrun for tutorial_taskflow_api_virtualenv to None, run_after=None
[2023-12-20T06:23:57.400+0000] {processor.py:183} INFO - Processing /home/airflow/.local/lib/python3.8/site-packages/airflow/example_dags/tutorial_taskflow_api_virtualenv.py took 0.636 seconds
[2023-12-20T06:24:28.071+0000] {processor.py:161} INFO - Started process (PID=1824) to work on /home/airflow/.local/lib/python3.8/site-packages/airflow/example_dags/tutorial_taskflow_api_virtualenv.py
[2023-12-20T06:24:28.072+0000] {processor.py:830} INFO - Processing file /home/airflow/.local/lib/python3.8/site-packages/airflow/example_dags/tutorial_taskflow_api_virtualenv.py for tasks to queue
[2023-12-20T06:24:28.074+0000] {logging_mixin.py:188} INFO - [2023-12-20T06:24:28.073+0000] {dagbag.py:538} INFO - Filling up the DagBag from /home/airflow/.local/lib/python3.8/site-packages/airflow/example_dags/tutorial_taskflow_api_virtualenv.py
[2023-12-20T06:24:28.093+0000] {processor.py:840} INFO - DAG(s) 'tutorial_taskflow_api_virtualenv' retrieved from /home/airflow/.local/lib/python3.8/site-packages/airflow/example_dags/tutorial_taskflow_api_virtualenv.py
[2023-12-20T06:24:28.156+0000] {logging_mixin.py:188} INFO - [2023-12-20T06:24:28.156+0000] {dag.py:3033} INFO - Sync 1 DAGs
[2023-12-20T06:24:28.214+0000] {logging_mixin.py:188} INFO - [2023-12-20T06:24:28.214+0000] {dag.py:3820} INFO - Setting next_dagrun for tutorial_taskflow_api_virtualenv to None, run_after=None
[2023-12-20T06:24:28.297+0000] {processor.py:183} INFO - Processing /home/airflow/.local/lib/python3.8/site-packages/airflow/example_dags/tutorial_taskflow_api_virtualenv.py took 0.233 seconds
[2023-12-20T06:24:59.036+0000] {processor.py:161} INFO - Started process (PID=1878) to work on /home/airflow/.local/lib/python3.8/site-packages/airflow/example_dags/tutorial_taskflow_api_virtualenv.py
[2023-12-20T06:24:59.080+0000] {processor.py:830} INFO - Processing file /home/airflow/.local/lib/python3.8/site-packages/airflow/example_dags/tutorial_taskflow_api_virtualenv.py for tasks to queue
[2023-12-20T06:24:59.082+0000] {logging_mixin.py:188} INFO - [2023-12-20T06:24:59.082+0000] {dagbag.py:538} INFO - Filling up the DagBag from /home/airflow/.local/lib/python3.8/site-packages/airflow/example_dags/tutorial_taskflow_api_virtualenv.py
[2023-12-20T06:24:59.099+0000] {processor.py:840} INFO - DAG(s) 'tutorial_taskflow_api_virtualenv' retrieved from /home/airflow/.local/lib/python3.8/site-packages/airflow/example_dags/tutorial_taskflow_api_virtualenv.py
[2023-12-20T06:24:59.147+0000] {logging_mixin.py:188} INFO - [2023-12-20T06:24:59.147+0000] {dag.py:3033} INFO - Sync 1 DAGs
[2023-12-20T06:24:59.263+0000] {logging_mixin.py:188} INFO - [2023-12-20T06:24:59.262+0000] {dag.py:3820} INFO - Setting next_dagrun for tutorial_taskflow_api_virtualenv to None, run_after=None
[2023-12-20T06:24:59.485+0000] {processor.py:183} INFO - Processing /home/airflow/.local/lib/python3.8/site-packages/airflow/example_dags/tutorial_taskflow_api_virtualenv.py took 0.479 seconds
[2023-12-20T06:25:29.981+0000] {processor.py:161} INFO - Started process (PID=1933) to work on /home/airflow/.local/lib/python3.8/site-packages/airflow/example_dags/tutorial_taskflow_api_virtualenv.py
[2023-12-20T06:25:30.032+0000] {processor.py:830} INFO - Processing file /home/airflow/.local/lib/python3.8/site-packages/airflow/example_dags/tutorial_taskflow_api_virtualenv.py for tasks to queue
[2023-12-20T06:25:30.034+0000] {logging_mixin.py:188} INFO - [2023-12-20T06:25:30.033+0000] {dagbag.py:538} INFO - Filling up the DagBag from /home/airflow/.local/lib/python3.8/site-packages/airflow/example_dags/tutorial_taskflow_api_virtualenv.py
[2023-12-20T06:25:30.072+0000] {processor.py:840} INFO - DAG(s) 'tutorial_taskflow_api_virtualenv' retrieved from /home/airflow/.local/lib/python3.8/site-packages/airflow/example_dags/tutorial_taskflow_api_virtualenv.py
[2023-12-20T06:25:30.179+0000] {logging_mixin.py:188} INFO - [2023-12-20T06:25:30.178+0000] {dag.py:3033} INFO - Sync 1 DAGs
[2023-12-20T06:25:30.272+0000] {logging_mixin.py:188} INFO - [2023-12-20T06:25:30.271+0000] {dag.py:3820} INFO - Setting next_dagrun for tutorial_taskflow_api_virtualenv to None, run_after=None
[2023-12-20T06:25:30.414+0000] {processor.py:183} INFO - Processing /home/airflow/.local/lib/python3.8/site-packages/airflow/example_dags/tutorial_taskflow_api_virtualenv.py took 0.444 seconds
[2023-12-20T06:26:00.899+0000] {processor.py:161} INFO - Started process (PID=1988) to work on /home/airflow/.local/lib/python3.8/site-packages/airflow/example_dags/tutorial_taskflow_api_virtualenv.py
[2023-12-20T06:26:00.907+0000] {processor.py:830} INFO - Processing file /home/airflow/.local/lib/python3.8/site-packages/airflow/example_dags/tutorial_taskflow_api_virtualenv.py for tasks to queue
[2023-12-20T06:26:00.910+0000] {logging_mixin.py:188} INFO - [2023-12-20T06:26:00.909+0000] {dagbag.py:538} INFO - Filling up the DagBag from /home/airflow/.local/lib/python3.8/site-packages/airflow/example_dags/tutorial_taskflow_api_virtualenv.py
[2023-12-20T06:26:00.943+0000] {processor.py:840} INFO - DAG(s) 'tutorial_taskflow_api_virtualenv' retrieved from /home/airflow/.local/lib/python3.8/site-packages/airflow/example_dags/tutorial_taskflow_api_virtualenv.py
[2023-12-20T06:26:01.046+0000] {logging_mixin.py:188} INFO - [2023-12-20T06:26:01.043+0000] {dag.py:3033} INFO - Sync 1 DAGs
[2023-12-20T06:26:01.241+0000] {logging_mixin.py:188} INFO - [2023-12-20T06:26:01.228+0000] {dag.py:3820} INFO - Setting next_dagrun for tutorial_taskflow_api_virtualenv to None, run_after=None
[2023-12-20T06:26:01.449+0000] {processor.py:183} INFO - Processing /home/airflow/.local/lib/python3.8/site-packages/airflow/example_dags/tutorial_taskflow_api_virtualenv.py took 0.559 seconds
[2023-12-20T06:26:32.275+0000] {processor.py:161} INFO - Started process (PID=2043) to work on /home/airflow/.local/lib/python3.8/site-packages/airflow/example_dags/tutorial_taskflow_api_virtualenv.py
[2023-12-20T06:26:32.279+0000] {processor.py:830} INFO - Processing file /home/airflow/.local/lib/python3.8/site-packages/airflow/example_dags/tutorial_taskflow_api_virtualenv.py for tasks to queue
[2023-12-20T06:26:32.283+0000] {logging_mixin.py:188} INFO - [2023-12-20T06:26:32.282+0000] {dagbag.py:538} INFO - Filling up the DagBag from /home/airflow/.local/lib/python3.8/site-packages/airflow/example_dags/tutorial_taskflow_api_virtualenv.py
[2023-12-20T06:26:32.366+0000] {processor.py:840} INFO - DAG(s) 'tutorial_taskflow_api_virtualenv' retrieved from /home/airflow/.local/lib/python3.8/site-packages/airflow/example_dags/tutorial_taskflow_api_virtualenv.py
[2023-12-20T06:26:32.523+0000] {logging_mixin.py:188} INFO - [2023-12-20T06:26:32.523+0000] {dag.py:3033} INFO - Sync 1 DAGs
[2023-12-20T06:26:32.567+0000] {logging_mixin.py:188} INFO - [2023-12-20T06:26:32.566+0000] {dag.py:3820} INFO - Setting next_dagrun for tutorial_taskflow_api_virtualenv to None, run_after=None
[2023-12-20T06:26:32.662+0000] {processor.py:183} INFO - Processing /home/airflow/.local/lib/python3.8/site-packages/airflow/example_dags/tutorial_taskflow_api_virtualenv.py took 0.403 seconds
[2023-12-20T06:27:07.099+0000] {processor.py:161} INFO - Started process (PID=2092) to work on /home/airflow/.local/lib/python3.8/site-packages/airflow/example_dags/tutorial_taskflow_api_virtualenv.py
[2023-12-20T06:27:07.103+0000] {processor.py:830} INFO - Processing file /home/airflow/.local/lib/python3.8/site-packages/airflow/example_dags/tutorial_taskflow_api_virtualenv.py for tasks to queue
[2023-12-20T06:27:07.106+0000] {logging_mixin.py:188} INFO - [2023-12-20T06:27:07.104+0000] {dagbag.py:538} INFO - Filling up the DagBag from /home/airflow/.local/lib/python3.8/site-packages/airflow/example_dags/tutorial_taskflow_api_virtualenv.py
[2023-12-20T06:27:07.127+0000] {processor.py:840} INFO - DAG(s) 'tutorial_taskflow_api_virtualenv' retrieved from /home/airflow/.local/lib/python3.8/site-packages/airflow/example_dags/tutorial_taskflow_api_virtualenv.py
[2023-12-20T06:27:07.196+0000] {logging_mixin.py:188} INFO - [2023-12-20T06:27:07.196+0000] {dag.py:3033} INFO - Sync 1 DAGs
[2023-12-20T06:27:07.327+0000] {logging_mixin.py:188} INFO - [2023-12-20T06:27:07.326+0000] {dag.py:3820} INFO - Setting next_dagrun for tutorial_taskflow_api_virtualenv to None, run_after=None
[2023-12-20T06:27:07.681+0000] {processor.py:183} INFO - Processing /home/airflow/.local/lib/python3.8/site-packages/airflow/example_dags/tutorial_taskflow_api_virtualenv.py took 0.597 seconds
[2023-12-20T06:27:38.516+0000] {processor.py:161} INFO - Started process (PID=2149) to work on /home/airflow/.local/lib/python3.8/site-packages/airflow/example_dags/tutorial_taskflow_api_virtualenv.py
[2023-12-20T06:27:38.537+0000] {processor.py:830} INFO - Processing file /home/airflow/.local/lib/python3.8/site-packages/airflow/example_dags/tutorial_taskflow_api_virtualenv.py for tasks to queue
[2023-12-20T06:27:38.539+0000] {logging_mixin.py:188} INFO - [2023-12-20T06:27:38.538+0000] {dagbag.py:538} INFO - Filling up the DagBag from /home/airflow/.local/lib/python3.8/site-packages/airflow/example_dags/tutorial_taskflow_api_virtualenv.py
[2023-12-20T06:27:38.595+0000] {processor.py:840} INFO - DAG(s) 'tutorial_taskflow_api_virtualenv' retrieved from /home/airflow/.local/lib/python3.8/site-packages/airflow/example_dags/tutorial_taskflow_api_virtualenv.py
[2023-12-20T06:27:38.650+0000] {logging_mixin.py:188} INFO - [2023-12-20T06:27:38.650+0000] {dag.py:3033} INFO - Sync 1 DAGs
[2023-12-20T06:27:38.719+0000] {logging_mixin.py:188} INFO - [2023-12-20T06:27:38.718+0000] {dag.py:3820} INFO - Setting next_dagrun for tutorial_taskflow_api_virtualenv to None, run_after=None
[2023-12-20T06:27:38.806+0000] {processor.py:183} INFO - Processing /home/airflow/.local/lib/python3.8/site-packages/airflow/example_dags/tutorial_taskflow_api_virtualenv.py took 0.341 seconds
[2023-12-20T06:28:09.156+0000] {processor.py:161} INFO - Started process (PID=2205) to work on /home/airflow/.local/lib/python3.8/site-packages/airflow/example_dags/tutorial_taskflow_api_virtualenv.py
[2023-12-20T06:28:09.168+0000] {processor.py:830} INFO - Processing file /home/airflow/.local/lib/python3.8/site-packages/airflow/example_dags/tutorial_taskflow_api_virtualenv.py for tasks to queue
[2023-12-20T06:28:09.170+0000] {logging_mixin.py:188} INFO - [2023-12-20T06:28:09.169+0000] {dagbag.py:538} INFO - Filling up the DagBag from /home/airflow/.local/lib/python3.8/site-packages/airflow/example_dags/tutorial_taskflow_api_virtualenv.py
[2023-12-20T06:28:09.272+0000] {processor.py:840} INFO - DAG(s) 'tutorial_taskflow_api_virtualenv' retrieved from /home/airflow/.local/lib/python3.8/site-packages/airflow/example_dags/tutorial_taskflow_api_virtualenv.py
[2023-12-20T06:28:09.570+0000] {logging_mixin.py:188} INFO - [2023-12-20T06:28:09.570+0000] {dag.py:3033} INFO - Sync 1 DAGs
[2023-12-20T06:28:09.842+0000] {logging_mixin.py:188} INFO - [2023-12-20T06:28:09.841+0000] {dag.py:3820} INFO - Setting next_dagrun for tutorial_taskflow_api_virtualenv to None, run_after=None
[2023-12-20T06:28:10.237+0000] {processor.py:183} INFO - Processing /home/airflow/.local/lib/python3.8/site-packages/airflow/example_dags/tutorial_taskflow_api_virtualenv.py took 1.103 seconds
[2023-12-20T06:28:41.044+0000] {processor.py:161} INFO - Started process (PID=2262) to work on /home/airflow/.local/lib/python3.8/site-packages/airflow/example_dags/tutorial_taskflow_api_virtualenv.py
[2023-12-20T06:28:41.081+0000] {processor.py:830} INFO - Processing file /home/airflow/.local/lib/python3.8/site-packages/airflow/example_dags/tutorial_taskflow_api_virtualenv.py for tasks to queue
[2023-12-20T06:28:41.083+0000] {logging_mixin.py:188} INFO - [2023-12-20T06:28:41.082+0000] {dagbag.py:538} INFO - Filling up the DagBag from /home/airflow/.local/lib/python3.8/site-packages/airflow/example_dags/tutorial_taskflow_api_virtualenv.py
[2023-12-20T06:28:41.114+0000] {processor.py:840} INFO - DAG(s) 'tutorial_taskflow_api_virtualenv' retrieved from /home/airflow/.local/lib/python3.8/site-packages/airflow/example_dags/tutorial_taskflow_api_virtualenv.py
[2023-12-20T06:28:41.198+0000] {logging_mixin.py:188} INFO - [2023-12-20T06:28:41.198+0000] {dag.py:3033} INFO - Sync 1 DAGs
[2023-12-20T06:28:41.307+0000] {logging_mixin.py:188} INFO - [2023-12-20T06:28:41.306+0000] {dag.py:3820} INFO - Setting next_dagrun for tutorial_taskflow_api_virtualenv to None, run_after=None
[2023-12-20T06:28:41.448+0000] {processor.py:183} INFO - Processing /home/airflow/.local/lib/python3.8/site-packages/airflow/example_dags/tutorial_taskflow_api_virtualenv.py took 0.410 seconds
[2023-12-20T06:29:11.944+0000] {processor.py:161} INFO - Started process (PID=2319) to work on /home/airflow/.local/lib/python3.8/site-packages/airflow/example_dags/tutorial_taskflow_api_virtualenv.py
[2023-12-20T06:29:11.947+0000] {processor.py:830} INFO - Processing file /home/airflow/.local/lib/python3.8/site-packages/airflow/example_dags/tutorial_taskflow_api_virtualenv.py for tasks to queue
[2023-12-20T06:29:11.948+0000] {logging_mixin.py:188} INFO - [2023-12-20T06:29:11.948+0000] {dagbag.py:538} INFO - Filling up the DagBag from /home/airflow/.local/lib/python3.8/site-packages/airflow/example_dags/tutorial_taskflow_api_virtualenv.py
[2023-12-20T06:29:11.975+0000] {processor.py:840} INFO - DAG(s) 'tutorial_taskflow_api_virtualenv' retrieved from /home/airflow/.local/lib/python3.8/site-packages/airflow/example_dags/tutorial_taskflow_api_virtualenv.py
[2023-12-20T06:29:12.032+0000] {logging_mixin.py:188} INFO - [2023-12-20T06:29:12.031+0000] {dag.py:3033} INFO - Sync 1 DAGs
[2023-12-20T06:29:12.328+0000] {logging_mixin.py:188} INFO - [2023-12-20T06:29:12.328+0000] {dag.py:3820} INFO - Setting next_dagrun for tutorial_taskflow_api_virtualenv to None, run_after=None
[2023-12-20T06:29:12.410+0000] {processor.py:183} INFO - Processing /home/airflow/.local/lib/python3.8/site-packages/airflow/example_dags/tutorial_taskflow_api_virtualenv.py took 0.473 seconds
[2023-12-20T06:29:43.001+0000] {processor.py:161} INFO - Started process (PID=2376) to work on /home/airflow/.local/lib/python3.8/site-packages/airflow/example_dags/tutorial_taskflow_api_virtualenv.py
[2023-12-20T06:29:43.002+0000] {processor.py:830} INFO - Processing file /home/airflow/.local/lib/python3.8/site-packages/airflow/example_dags/tutorial_taskflow_api_virtualenv.py for tasks to queue
[2023-12-20T06:29:43.004+0000] {logging_mixin.py:188} INFO - [2023-12-20T06:29:43.003+0000] {dagbag.py:538} INFO - Filling up the DagBag from /home/airflow/.local/lib/python3.8/site-packages/airflow/example_dags/tutorial_taskflow_api_virtualenv.py
[2023-12-20T06:29:43.021+0000] {processor.py:840} INFO - DAG(s) 'tutorial_taskflow_api_virtualenv' retrieved from /home/airflow/.local/lib/python3.8/site-packages/airflow/example_dags/tutorial_taskflow_api_virtualenv.py
[2023-12-20T06:29:43.082+0000] {logging_mixin.py:188} INFO - [2023-12-20T06:29:43.082+0000] {dag.py:3033} INFO - Sync 1 DAGs
[2023-12-20T06:29:43.132+0000] {logging_mixin.py:188} INFO - [2023-12-20T06:29:43.131+0000] {dag.py:3820} INFO - Setting next_dagrun for tutorial_taskflow_api_virtualenv to None, run_after=None
[2023-12-20T06:29:43.335+0000] {processor.py:183} INFO - Processing /home/airflow/.local/lib/python3.8/site-packages/airflow/example_dags/tutorial_taskflow_api_virtualenv.py took 0.340 seconds
[2023-12-20T06:30:14.550+0000] {processor.py:161} INFO - Started process (PID=2433) to work on /home/airflow/.local/lib/python3.8/site-packages/airflow/example_dags/tutorial_taskflow_api_virtualenv.py
[2023-12-20T06:30:14.592+0000] {processor.py:830} INFO - Processing file /home/airflow/.local/lib/python3.8/site-packages/airflow/example_dags/tutorial_taskflow_api_virtualenv.py for tasks to queue
[2023-12-20T06:30:14.595+0000] {logging_mixin.py:188} INFO - [2023-12-20T06:30:14.594+0000] {dagbag.py:538} INFO - Filling up the DagBag from /home/airflow/.local/lib/python3.8/site-packages/airflow/example_dags/tutorial_taskflow_api_virtualenv.py
[2023-12-20T06:30:14.783+0000] {processor.py:840} INFO - DAG(s) 'tutorial_taskflow_api_virtualenv' retrieved from /home/airflow/.local/lib/python3.8/site-packages/airflow/example_dags/tutorial_taskflow_api_virtualenv.py
[2023-12-20T06:30:15.020+0000] {logging_mixin.py:188} INFO - [2023-12-20T06:30:15.020+0000] {dag.py:3033} INFO - Sync 1 DAGs
[2023-12-20T06:30:15.195+0000] {logging_mixin.py:188} INFO - [2023-12-20T06:30:15.195+0000] {dag.py:3820} INFO - Setting next_dagrun for tutorial_taskflow_api_virtualenv to None, run_after=None
[2023-12-20T06:30:15.629+0000] {processor.py:183} INFO - Processing /home/airflow/.local/lib/python3.8/site-packages/airflow/example_dags/tutorial_taskflow_api_virtualenv.py took 1.142 seconds
[2023-12-20T06:30:46.464+0000] {processor.py:161} INFO - Started process (PID=2490) to work on /home/airflow/.local/lib/python3.8/site-packages/airflow/example_dags/tutorial_taskflow_api_virtualenv.py
[2023-12-20T06:30:46.467+0000] {processor.py:830} INFO - Processing file /home/airflow/.local/lib/python3.8/site-packages/airflow/example_dags/tutorial_taskflow_api_virtualenv.py for tasks to queue
[2023-12-20T06:30:46.470+0000] {logging_mixin.py:188} INFO - [2023-12-20T06:30:46.469+0000] {dagbag.py:538} INFO - Filling up the DagBag from /home/airflow/.local/lib/python3.8/site-packages/airflow/example_dags/tutorial_taskflow_api_virtualenv.py
[2023-12-20T06:30:46.489+0000] {processor.py:840} INFO - DAG(s) 'tutorial_taskflow_api_virtualenv' retrieved from /home/airflow/.local/lib/python3.8/site-packages/airflow/example_dags/tutorial_taskflow_api_virtualenv.py
[2023-12-20T06:30:46.560+0000] {logging_mixin.py:188} INFO - [2023-12-20T06:30:46.560+0000] {dag.py:3033} INFO - Sync 1 DAGs
[2023-12-20T06:30:46.596+0000] {logging_mixin.py:188} INFO - [2023-12-20T06:30:46.596+0000] {dag.py:3820} INFO - Setting next_dagrun for tutorial_taskflow_api_virtualenv to None, run_after=None
[2023-12-20T06:30:46.654+0000] {processor.py:183} INFO - Processing /home/airflow/.local/lib/python3.8/site-packages/airflow/example_dags/tutorial_taskflow_api_virtualenv.py took 0.205 seconds
[2023-12-20T06:31:23.483+0000] {processor.py:161} INFO - Started process (PID=2545) to work on /home/airflow/.local/lib/python3.8/site-packages/airflow/example_dags/tutorial_taskflow_api_virtualenv.py
[2023-12-20T06:31:23.485+0000] {processor.py:830} INFO - Processing file /home/airflow/.local/lib/python3.8/site-packages/airflow/example_dags/tutorial_taskflow_api_virtualenv.py for tasks to queue
[2023-12-20T06:31:23.488+0000] {logging_mixin.py:188} INFO - [2023-12-20T06:31:23.487+0000] {dagbag.py:538} INFO - Filling up the DagBag from /home/airflow/.local/lib/python3.8/site-packages/airflow/example_dags/tutorial_taskflow_api_virtualenv.py
[2023-12-20T06:31:23.507+0000] {processor.py:840} INFO - DAG(s) 'tutorial_taskflow_api_virtualenv' retrieved from /home/airflow/.local/lib/python3.8/site-packages/airflow/example_dags/tutorial_taskflow_api_virtualenv.py
[2023-12-20T06:31:23.597+0000] {logging_mixin.py:188} INFO - [2023-12-20T06:31:23.596+0000] {dag.py:3033} INFO - Sync 1 DAGs
[2023-12-20T06:31:23.678+0000] {logging_mixin.py:188} INFO - [2023-12-20T06:31:23.678+0000] {dag.py:3820} INFO - Setting next_dagrun for tutorial_taskflow_api_virtualenv to None, run_after=None
[2023-12-20T06:31:24.030+0000] {processor.py:183} INFO - Processing /home/airflow/.local/lib/python3.8/site-packages/airflow/example_dags/tutorial_taskflow_api_virtualenv.py took 0.554 seconds
[2023-12-20T06:31:54.118+0000] {processor.py:161} INFO - Started process (PID=2603) to work on /home/airflow/.local/lib/python3.8/site-packages/airflow/example_dags/tutorial_taskflow_api_virtualenv.py
[2023-12-20T06:31:54.141+0000] {processor.py:830} INFO - Processing file /home/airflow/.local/lib/python3.8/site-packages/airflow/example_dags/tutorial_taskflow_api_virtualenv.py for tasks to queue
[2023-12-20T06:31:54.142+0000] {logging_mixin.py:188} INFO - [2023-12-20T06:31:54.142+0000] {dagbag.py:538} INFO - Filling up the DagBag from /home/airflow/.local/lib/python3.8/site-packages/airflow/example_dags/tutorial_taskflow_api_virtualenv.py
[2023-12-20T06:31:54.157+0000] {processor.py:840} INFO - DAG(s) 'tutorial_taskflow_api_virtualenv' retrieved from /home/airflow/.local/lib/python3.8/site-packages/airflow/example_dags/tutorial_taskflow_api_virtualenv.py
[2023-12-20T06:31:54.236+0000] {logging_mixin.py:188} INFO - [2023-12-20T06:31:54.236+0000] {dag.py:3033} INFO - Sync 1 DAGs
[2023-12-20T06:31:54.270+0000] {logging_mixin.py:188} INFO - [2023-12-20T06:31:54.269+0000] {dag.py:3820} INFO - Setting next_dagrun for tutorial_taskflow_api_virtualenv to None, run_after=None
[2023-12-20T06:31:54.330+0000] {processor.py:183} INFO - Processing /home/airflow/.local/lib/python3.8/site-packages/airflow/example_dags/tutorial_taskflow_api_virtualenv.py took 0.219 seconds
[2023-12-20T06:32:24.476+0000] {processor.py:161} INFO - Started process (PID=2662) to work on /home/airflow/.local/lib/python3.8/site-packages/airflow/example_dags/tutorial_taskflow_api_virtualenv.py
[2023-12-20T06:32:24.478+0000] {processor.py:830} INFO - Processing file /home/airflow/.local/lib/python3.8/site-packages/airflow/example_dags/tutorial_taskflow_api_virtualenv.py for tasks to queue
[2023-12-20T06:32:24.481+0000] {logging_mixin.py:188} INFO - [2023-12-20T06:32:24.480+0000] {dagbag.py:538} INFO - Filling up the DagBag from /home/airflow/.local/lib/python3.8/site-packages/airflow/example_dags/tutorial_taskflow_api_virtualenv.py
[2023-12-20T06:32:24.506+0000] {processor.py:840} INFO - DAG(s) 'tutorial_taskflow_api_virtualenv' retrieved from /home/airflow/.local/lib/python3.8/site-packages/airflow/example_dags/tutorial_taskflow_api_virtualenv.py
[2023-12-20T06:32:24.563+0000] {logging_mixin.py:188} INFO - [2023-12-20T06:32:24.562+0000] {dag.py:3033} INFO - Sync 1 DAGs
[2023-12-20T06:32:24.597+0000] {logging_mixin.py:188} INFO - [2023-12-20T06:32:24.597+0000] {dag.py:3820} INFO - Setting next_dagrun for tutorial_taskflow_api_virtualenv to None, run_after=None
[2023-12-20T06:32:24.697+0000] {processor.py:183} INFO - Processing /home/airflow/.local/lib/python3.8/site-packages/airflow/example_dags/tutorial_taskflow_api_virtualenv.py took 0.228 seconds
[2023-12-20T06:32:55.180+0000] {processor.py:161} INFO - Started process (PID=2721) to work on /home/airflow/.local/lib/python3.8/site-packages/airflow/example_dags/tutorial_taskflow_api_virtualenv.py
[2023-12-20T06:32:55.228+0000] {processor.py:830} INFO - Processing file /home/airflow/.local/lib/python3.8/site-packages/airflow/example_dags/tutorial_taskflow_api_virtualenv.py for tasks to queue
[2023-12-20T06:32:55.230+0000] {logging_mixin.py:188} INFO - [2023-12-20T06:32:55.229+0000] {dagbag.py:538} INFO - Filling up the DagBag from /home/airflow/.local/lib/python3.8/site-packages/airflow/example_dags/tutorial_taskflow_api_virtualenv.py
[2023-12-20T06:32:55.247+0000] {processor.py:840} INFO - DAG(s) 'tutorial_taskflow_api_virtualenv' retrieved from /home/airflow/.local/lib/python3.8/site-packages/airflow/example_dags/tutorial_taskflow_api_virtualenv.py
[2023-12-20T06:32:55.301+0000] {logging_mixin.py:188} INFO - [2023-12-20T06:32:55.301+0000] {dag.py:3033} INFO - Sync 1 DAGs
[2023-12-20T06:32:55.332+0000] {logging_mixin.py:188} INFO - [2023-12-20T06:32:55.331+0000] {dag.py:3820} INFO - Setting next_dagrun for tutorial_taskflow_api_virtualenv to None, run_after=None
[2023-12-20T06:32:55.387+0000] {processor.py:183} INFO - Processing /home/airflow/.local/lib/python3.8/site-packages/airflow/example_dags/tutorial_taskflow_api_virtualenv.py took 0.214 seconds
[2023-12-20T06:33:35.651+0000] {processor.py:161} INFO - Started process (PID=2776) to work on /home/airflow/.local/lib/python3.8/site-packages/airflow/example_dags/tutorial_taskflow_api_virtualenv.py
[2023-12-20T06:33:35.690+0000] {processor.py:830} INFO - Processing file /home/airflow/.local/lib/python3.8/site-packages/airflow/example_dags/tutorial_taskflow_api_virtualenv.py for tasks to queue
[2023-12-20T06:33:35.714+0000] {logging_mixin.py:188} INFO - [2023-12-20T06:33:35.714+0000] {dagbag.py:538} INFO - Filling up the DagBag from /home/airflow/.local/lib/python3.8/site-packages/airflow/example_dags/tutorial_taskflow_api_virtualenv.py
[2023-12-20T06:33:35.994+0000] {processor.py:840} INFO - DAG(s) 'tutorial_taskflow_api_virtualenv' retrieved from /home/airflow/.local/lib/python3.8/site-packages/airflow/example_dags/tutorial_taskflow_api_virtualenv.py
[2023-12-20T06:33:36.166+0000] {logging_mixin.py:188} INFO - [2023-12-20T06:33:36.165+0000] {dag.py:3033} INFO - Sync 1 DAGs
[2023-12-20T06:33:36.347+0000] {logging_mixin.py:188} INFO - [2023-12-20T06:33:36.346+0000] {dag.py:3820} INFO - Setting next_dagrun for tutorial_taskflow_api_virtualenv to None, run_after=None
[2023-12-20T06:33:36.596+0000] {processor.py:183} INFO - Processing /home/airflow/.local/lib/python3.8/site-packages/airflow/example_dags/tutorial_taskflow_api_virtualenv.py took 1.036 seconds
[2023-12-20T06:34:33.528+0000] {processor.py:161} INFO - Started process (PID=2840) to work on /home/airflow/.local/lib/python3.8/site-packages/airflow/example_dags/tutorial_taskflow_api_virtualenv.py
[2023-12-20T06:34:33.552+0000] {processor.py:830} INFO - Processing file /home/airflow/.local/lib/python3.8/site-packages/airflow/example_dags/tutorial_taskflow_api_virtualenv.py for tasks to queue
[2023-12-20T06:34:33.555+0000] {logging_mixin.py:188} INFO - [2023-12-20T06:34:33.554+0000] {dagbag.py:538} INFO - Filling up the DagBag from /home/airflow/.local/lib/python3.8/site-packages/airflow/example_dags/tutorial_taskflow_api_virtualenv.py
[2023-12-20T06:34:33.704+0000] {processor.py:840} INFO - DAG(s) 'tutorial_taskflow_api_virtualenv' retrieved from /home/airflow/.local/lib/python3.8/site-packages/airflow/example_dags/tutorial_taskflow_api_virtualenv.py
[2023-12-20T06:34:34.107+0000] {logging_mixin.py:188} INFO - [2023-12-20T06:34:34.103+0000] {dag.py:3033} INFO - Sync 1 DAGs
[2023-12-20T06:34:34.604+0000] {logging_mixin.py:188} INFO - [2023-12-20T06:34:34.604+0000] {dag.py:3820} INFO - Setting next_dagrun for tutorial_taskflow_api_virtualenv to None, run_after=None
[2023-12-20T06:34:35.121+0000] {processor.py:183} INFO - Processing /home/airflow/.local/lib/python3.8/site-packages/airflow/example_dags/tutorial_taskflow_api_virtualenv.py took 1.679 seconds
[2023-12-20T06:35:25.582+0000] {processor.py:161} INFO - Started process (PID=2899) to work on /home/airflow/.local/lib/python3.8/site-packages/airflow/example_dags/tutorial_taskflow_api_virtualenv.py
[2023-12-20T06:35:25.586+0000] {processor.py:830} INFO - Processing file /home/airflow/.local/lib/python3.8/site-packages/airflow/example_dags/tutorial_taskflow_api_virtualenv.py for tasks to queue
[2023-12-20T06:35:25.593+0000] {logging_mixin.py:188} INFO - [2023-12-20T06:35:25.588+0000] {dagbag.py:538} INFO - Filling up the DagBag from /home/airflow/.local/lib/python3.8/site-packages/airflow/example_dags/tutorial_taskflow_api_virtualenv.py
[2023-12-20T06:35:25.648+0000] {processor.py:840} INFO - DAG(s) 'tutorial_taskflow_api_virtualenv' retrieved from /home/airflow/.local/lib/python3.8/site-packages/airflow/example_dags/tutorial_taskflow_api_virtualenv.py
[2023-12-20T06:35:25.789+0000] {logging_mixin.py:188} INFO - [2023-12-20T06:35:25.788+0000] {dag.py:3033} INFO - Sync 1 DAGs
[2023-12-20T06:35:25.854+0000] {logging_mixin.py:188} INFO - [2023-12-20T06:35:25.853+0000] {dag.py:3820} INFO - Setting next_dagrun for tutorial_taskflow_api_virtualenv to None, run_after=None
[2023-12-20T06:35:26.108+0000] {processor.py:183} INFO - Processing /home/airflow/.local/lib/python3.8/site-packages/airflow/example_dags/tutorial_taskflow_api_virtualenv.py took 0.557 seconds
[2023-12-20T06:36:19.894+0000] {processor.py:161} INFO - Started process (PID=2953) to work on /home/airflow/.local/lib/python3.8/site-packages/airflow/example_dags/tutorial_taskflow_api_virtualenv.py
[2023-12-20T06:36:19.925+0000] {processor.py:830} INFO - Processing file /home/airflow/.local/lib/python3.8/site-packages/airflow/example_dags/tutorial_taskflow_api_virtualenv.py for tasks to queue
[2023-12-20T06:36:19.941+0000] {logging_mixin.py:188} INFO - [2023-12-20T06:36:19.941+0000] {dagbag.py:538} INFO - Filling up the DagBag from /home/airflow/.local/lib/python3.8/site-packages/airflow/example_dags/tutorial_taskflow_api_virtualenv.py
[2023-12-20T06:36:20.100+0000] {processor.py:840} INFO - DAG(s) 'tutorial_taskflow_api_virtualenv' retrieved from /home/airflow/.local/lib/python3.8/site-packages/airflow/example_dags/tutorial_taskflow_api_virtualenv.py
[2023-12-20T06:36:20.766+0000] {logging_mixin.py:188} INFO - [2023-12-20T06:36:20.765+0000] {dag.py:3033} INFO - Sync 1 DAGs
[2023-12-20T06:36:21.148+0000] {logging_mixin.py:188} INFO - [2023-12-20T06:36:21.148+0000] {dag.py:3820} INFO - Setting next_dagrun for tutorial_taskflow_api_virtualenv to None, run_after=None
[2023-12-20T06:36:21.537+0000] {processor.py:183} INFO - Processing /home/airflow/.local/lib/python3.8/site-packages/airflow/example_dags/tutorial_taskflow_api_virtualenv.py took 1.719 seconds
[2023-12-20T06:37:15.706+0000] {processor.py:161} INFO - Started process (PID=3015) to work on /home/airflow/.local/lib/python3.8/site-packages/airflow/example_dags/tutorial_taskflow_api_virtualenv.py
[2023-12-20T06:37:15.753+0000] {processor.py:830} INFO - Processing file /home/airflow/.local/lib/python3.8/site-packages/airflow/example_dags/tutorial_taskflow_api_virtualenv.py for tasks to queue
[2023-12-20T06:37:15.755+0000] {logging_mixin.py:188} INFO - [2023-12-20T06:37:15.755+0000] {dagbag.py:538} INFO - Filling up the DagBag from /home/airflow/.local/lib/python3.8/site-packages/airflow/example_dags/tutorial_taskflow_api_virtualenv.py
[2023-12-20T06:37:15.991+0000] {processor.py:840} INFO - DAG(s) 'tutorial_taskflow_api_virtualenv' retrieved from /home/airflow/.local/lib/python3.8/site-packages/airflow/example_dags/tutorial_taskflow_api_virtualenv.py
[2023-12-20T06:37:16.649+0000] {logging_mixin.py:188} INFO - [2023-12-20T06:37:16.649+0000] {dag.py:3033} INFO - Sync 1 DAGs
[2023-12-20T06:37:17.095+0000] {logging_mixin.py:188} INFO - [2023-12-20T06:37:17.094+0000] {dag.py:3820} INFO - Setting next_dagrun for tutorial_taskflow_api_virtualenv to None, run_after=None
[2023-12-20T06:37:17.656+0000] {processor.py:183} INFO - Processing /home/airflow/.local/lib/python3.8/site-packages/airflow/example_dags/tutorial_taskflow_api_virtualenv.py took 2.016 seconds
[2023-12-20T06:38:04.763+0000] {processor.py:161} INFO - Started process (PID=3074) to work on /home/airflow/.local/lib/python3.8/site-packages/airflow/example_dags/tutorial_taskflow_api_virtualenv.py
[2023-12-20T06:38:04.771+0000] {processor.py:830} INFO - Processing file /home/airflow/.local/lib/python3.8/site-packages/airflow/example_dags/tutorial_taskflow_api_virtualenv.py for tasks to queue
[2023-12-20T06:38:04.775+0000] {logging_mixin.py:188} INFO - [2023-12-20T06:38:04.775+0000] {dagbag.py:538} INFO - Filling up the DagBag from /home/airflow/.local/lib/python3.8/site-packages/airflow/example_dags/tutorial_taskflow_api_virtualenv.py
[2023-12-20T06:38:04.802+0000] {processor.py:840} INFO - DAG(s) 'tutorial_taskflow_api_virtualenv' retrieved from /home/airflow/.local/lib/python3.8/site-packages/airflow/example_dags/tutorial_taskflow_api_virtualenv.py
[2023-12-20T06:38:04.861+0000] {logging_mixin.py:188} INFO - [2023-12-20T06:38:04.860+0000] {dag.py:3033} INFO - Sync 1 DAGs
[2023-12-20T06:38:04.895+0000] {logging_mixin.py:188} INFO - [2023-12-20T06:38:04.894+0000] {dag.py:3820} INFO - Setting next_dagrun for tutorial_taskflow_api_virtualenv to None, run_after=None
[2023-12-20T06:38:04.946+0000] {processor.py:183} INFO - Processing /home/airflow/.local/lib/python3.8/site-packages/airflow/example_dags/tutorial_taskflow_api_virtualenv.py took 0.190 seconds
[2023-12-20T06:38:36.027+0000] {processor.py:161} INFO - Started process (PID=3132) to work on /home/airflow/.local/lib/python3.8/site-packages/airflow/example_dags/tutorial_taskflow_api_virtualenv.py
[2023-12-20T06:38:36.029+0000] {processor.py:830} INFO - Processing file /home/airflow/.local/lib/python3.8/site-packages/airflow/example_dags/tutorial_taskflow_api_virtualenv.py for tasks to queue
[2023-12-20T06:38:36.031+0000] {logging_mixin.py:188} INFO - [2023-12-20T06:38:36.030+0000] {dagbag.py:538} INFO - Filling up the DagBag from /home/airflow/.local/lib/python3.8/site-packages/airflow/example_dags/tutorial_taskflow_api_virtualenv.py
[2023-12-20T06:38:36.048+0000] {processor.py:840} INFO - DAG(s) 'tutorial_taskflow_api_virtualenv' retrieved from /home/airflow/.local/lib/python3.8/site-packages/airflow/example_dags/tutorial_taskflow_api_virtualenv.py
[2023-12-20T06:38:36.107+0000] {logging_mixin.py:188} INFO - [2023-12-20T06:38:36.106+0000] {dag.py:3033} INFO - Sync 1 DAGs
[2023-12-20T06:38:36.140+0000] {logging_mixin.py:188} INFO - [2023-12-20T06:38:36.139+0000] {dag.py:3820} INFO - Setting next_dagrun for tutorial_taskflow_api_virtualenv to None, run_after=None
[2023-12-20T06:38:36.240+0000] {processor.py:183} INFO - Processing /home/airflow/.local/lib/python3.8/site-packages/airflow/example_dags/tutorial_taskflow_api_virtualenv.py took 0.230 seconds
[2023-12-20T06:39:06.400+0000] {processor.py:161} INFO - Started process (PID=3190) to work on /home/airflow/.local/lib/python3.8/site-packages/airflow/example_dags/tutorial_taskflow_api_virtualenv.py
[2023-12-20T06:39:06.402+0000] {processor.py:830} INFO - Processing file /home/airflow/.local/lib/python3.8/site-packages/airflow/example_dags/tutorial_taskflow_api_virtualenv.py for tasks to queue
[2023-12-20T06:39:06.405+0000] {logging_mixin.py:188} INFO - [2023-12-20T06:39:06.404+0000] {dagbag.py:538} INFO - Filling up the DagBag from /home/airflow/.local/lib/python3.8/site-packages/airflow/example_dags/tutorial_taskflow_api_virtualenv.py
[2023-12-20T06:39:06.421+0000] {processor.py:840} INFO - DAG(s) 'tutorial_taskflow_api_virtualenv' retrieved from /home/airflow/.local/lib/python3.8/site-packages/airflow/example_dags/tutorial_taskflow_api_virtualenv.py
[2023-12-20T06:39:06.479+0000] {logging_mixin.py:188} INFO - [2023-12-20T06:39:06.479+0000] {dag.py:3033} INFO - Sync 1 DAGs
[2023-12-20T06:39:06.541+0000] {logging_mixin.py:188} INFO - [2023-12-20T06:39:06.541+0000] {dag.py:3820} INFO - Setting next_dagrun for tutorial_taskflow_api_virtualenv to None, run_after=None
[2023-12-20T06:39:06.635+0000] {processor.py:183} INFO - Processing /home/airflow/.local/lib/python3.8/site-packages/airflow/example_dags/tutorial_taskflow_api_virtualenv.py took 0.241 seconds
[2023-12-20T06:39:37.648+0000] {processor.py:161} INFO - Started process (PID=3250) to work on /home/airflow/.local/lib/python3.8/site-packages/airflow/example_dags/tutorial_taskflow_api_virtualenv.py
[2023-12-20T06:39:37.692+0000] {processor.py:830} INFO - Processing file /home/airflow/.local/lib/python3.8/site-packages/airflow/example_dags/tutorial_taskflow_api_virtualenv.py for tasks to queue
[2023-12-20T06:39:37.694+0000] {logging_mixin.py:188} INFO - [2023-12-20T06:39:37.694+0000] {dagbag.py:538} INFO - Filling up the DagBag from /home/airflow/.local/lib/python3.8/site-packages/airflow/example_dags/tutorial_taskflow_api_virtualenv.py
[2023-12-20T06:39:37.711+0000] {processor.py:840} INFO - DAG(s) 'tutorial_taskflow_api_virtualenv' retrieved from /home/airflow/.local/lib/python3.8/site-packages/airflow/example_dags/tutorial_taskflow_api_virtualenv.py
[2023-12-20T06:39:37.769+0000] {logging_mixin.py:188} INFO - [2023-12-20T06:39:37.769+0000] {dag.py:3033} INFO - Sync 1 DAGs
[2023-12-20T06:39:37.801+0000] {logging_mixin.py:188} INFO - [2023-12-20T06:39:37.801+0000] {dag.py:3820} INFO - Setting next_dagrun for tutorial_taskflow_api_virtualenv to None, run_after=None
[2023-12-20T06:39:37.879+0000] {processor.py:183} INFO - Processing /home/airflow/.local/lib/python3.8/site-packages/airflow/example_dags/tutorial_taskflow_api_virtualenv.py took 0.241 seconds
[2023-12-20T06:40:08.203+0000] {processor.py:161} INFO - Started process (PID=3306) to work on /home/airflow/.local/lib/python3.8/site-packages/airflow/example_dags/tutorial_taskflow_api_virtualenv.py
[2023-12-20T06:40:08.208+0000] {processor.py:830} INFO - Processing file /home/airflow/.local/lib/python3.8/site-packages/airflow/example_dags/tutorial_taskflow_api_virtualenv.py for tasks to queue
[2023-12-20T06:40:08.210+0000] {logging_mixin.py:188} INFO - [2023-12-20T06:40:08.209+0000] {dagbag.py:538} INFO - Filling up the DagBag from /home/airflow/.local/lib/python3.8/site-packages/airflow/example_dags/tutorial_taskflow_api_virtualenv.py
[2023-12-20T06:40:08.284+0000] {processor.py:840} INFO - DAG(s) 'tutorial_taskflow_api_virtualenv' retrieved from /home/airflow/.local/lib/python3.8/site-packages/airflow/example_dags/tutorial_taskflow_api_virtualenv.py
[2023-12-20T06:40:08.400+0000] {logging_mixin.py:188} INFO - [2023-12-20T06:40:08.400+0000] {dag.py:3033} INFO - Sync 1 DAGs
[2023-12-20T06:40:08.437+0000] {logging_mixin.py:188} INFO - [2023-12-20T06:40:08.437+0000] {dag.py:3820} INFO - Setting next_dagrun for tutorial_taskflow_api_virtualenv to None, run_after=None
[2023-12-20T06:40:08.510+0000] {processor.py:183} INFO - Processing /home/airflow/.local/lib/python3.8/site-packages/airflow/example_dags/tutorial_taskflow_api_virtualenv.py took 0.322 seconds
[2023-12-20T06:40:38.848+0000] {processor.py:161} INFO - Started process (PID=3365) to work on /home/airflow/.local/lib/python3.8/site-packages/airflow/example_dags/tutorial_taskflow_api_virtualenv.py
[2023-12-20T06:40:38.894+0000] {processor.py:830} INFO - Processing file /home/airflow/.local/lib/python3.8/site-packages/airflow/example_dags/tutorial_taskflow_api_virtualenv.py for tasks to queue
[2023-12-20T06:40:38.902+0000] {logging_mixin.py:188} INFO - [2023-12-20T06:40:38.900+0000] {dagbag.py:538} INFO - Filling up the DagBag from /home/airflow/.local/lib/python3.8/site-packages/airflow/example_dags/tutorial_taskflow_api_virtualenv.py
[2023-12-20T06:40:38.964+0000] {processor.py:840} INFO - DAG(s) 'tutorial_taskflow_api_virtualenv' retrieved from /home/airflow/.local/lib/python3.8/site-packages/airflow/example_dags/tutorial_taskflow_api_virtualenv.py
[2023-12-20T06:40:39.201+0000] {logging_mixin.py:188} INFO - [2023-12-20T06:40:39.196+0000] {dag.py:3033} INFO - Sync 1 DAGs
[2023-12-20T06:40:39.400+0000] {logging_mixin.py:188} INFO - [2023-12-20T06:40:39.400+0000] {dag.py:3820} INFO - Setting next_dagrun for tutorial_taskflow_api_virtualenv to None, run_after=None
[2023-12-20T06:40:39.533+0000] {processor.py:183} INFO - Processing /home/airflow/.local/lib/python3.8/site-packages/airflow/example_dags/tutorial_taskflow_api_virtualenv.py took 0.691 seconds
[2023-12-20T06:44:49.746+0000] {processor.py:161} INFO - Started process (PID=3373) to work on /home/airflow/.local/lib/python3.8/site-packages/airflow/example_dags/tutorial_taskflow_api_virtualenv.py
[2023-12-20T06:44:49.749+0000] {processor.py:830} INFO - Processing file /home/airflow/.local/lib/python3.8/site-packages/airflow/example_dags/tutorial_taskflow_api_virtualenv.py for tasks to queue
[2023-12-20T06:44:49.753+0000] {logging_mixin.py:188} INFO - [2023-12-20T06:44:49.750+0000] {dagbag.py:538} INFO - Filling up the DagBag from /home/airflow/.local/lib/python3.8/site-packages/airflow/example_dags/tutorial_taskflow_api_virtualenv.py
[2023-12-20T06:44:49.789+0000] {processor.py:840} INFO - DAG(s) 'tutorial_taskflow_api_virtualenv' retrieved from /home/airflow/.local/lib/python3.8/site-packages/airflow/example_dags/tutorial_taskflow_api_virtualenv.py
[2023-12-20T06:44:49.889+0000] {logging_mixin.py:188} INFO - [2023-12-20T06:44:49.886+0000] {dag.py:3033} INFO - Sync 1 DAGs
[2023-12-20T06:44:49.930+0000] {logging_mixin.py:188} INFO - [2023-12-20T06:44:49.930+0000] {dag.py:3820} INFO - Setting next_dagrun for tutorial_taskflow_api_virtualenv to None, run_after=None
[2023-12-20T06:44:50.012+0000] {processor.py:183} INFO - Processing /home/airflow/.local/lib/python3.8/site-packages/airflow/example_dags/tutorial_taskflow_api_virtualenv.py took 0.294 seconds
[2023-12-20T06:45:21.722+0000] {processor.py:161} INFO - Started process (PID=3431) to work on /home/airflow/.local/lib/python3.8/site-packages/airflow/example_dags/tutorial_taskflow_api_virtualenv.py
[2023-12-20T06:45:21.725+0000] {processor.py:830} INFO - Processing file /home/airflow/.local/lib/python3.8/site-packages/airflow/example_dags/tutorial_taskflow_api_virtualenv.py for tasks to queue
[2023-12-20T06:45:21.727+0000] {logging_mixin.py:188} INFO - [2023-12-20T06:45:21.727+0000] {dagbag.py:538} INFO - Filling up the DagBag from /home/airflow/.local/lib/python3.8/site-packages/airflow/example_dags/tutorial_taskflow_api_virtualenv.py
[2023-12-20T06:45:21.769+0000] {processor.py:840} INFO - DAG(s) 'tutorial_taskflow_api_virtualenv' retrieved from /home/airflow/.local/lib/python3.8/site-packages/airflow/example_dags/tutorial_taskflow_api_virtualenv.py
[2023-12-20T06:45:21.900+0000] {logging_mixin.py:188} INFO - [2023-12-20T06:45:21.900+0000] {dag.py:3033} INFO - Sync 1 DAGs
[2023-12-20T06:45:21.966+0000] {logging_mixin.py:188} INFO - [2023-12-20T06:45:21.966+0000] {dag.py:3820} INFO - Setting next_dagrun for tutorial_taskflow_api_virtualenv to None, run_after=None
[2023-12-20T06:45:22.039+0000] {processor.py:183} INFO - Processing /home/airflow/.local/lib/python3.8/site-packages/airflow/example_dags/tutorial_taskflow_api_virtualenv.py took 0.340 seconds
[2023-12-20T06:45:52.788+0000] {processor.py:161} INFO - Started process (PID=3490) to work on /home/airflow/.local/lib/python3.8/site-packages/airflow/example_dags/tutorial_taskflow_api_virtualenv.py
[2023-12-20T06:45:52.822+0000] {processor.py:830} INFO - Processing file /home/airflow/.local/lib/python3.8/site-packages/airflow/example_dags/tutorial_taskflow_api_virtualenv.py for tasks to queue
[2023-12-20T06:45:52.824+0000] {logging_mixin.py:188} INFO - [2023-12-20T06:45:52.823+0000] {dagbag.py:538} INFO - Filling up the DagBag from /home/airflow/.local/lib/python3.8/site-packages/airflow/example_dags/tutorial_taskflow_api_virtualenv.py
[2023-12-20T06:45:52.839+0000] {processor.py:840} INFO - DAG(s) 'tutorial_taskflow_api_virtualenv' retrieved from /home/airflow/.local/lib/python3.8/site-packages/airflow/example_dags/tutorial_taskflow_api_virtualenv.py
[2023-12-20T06:45:52.886+0000] {logging_mixin.py:188} INFO - [2023-12-20T06:45:52.885+0000] {dag.py:3033} INFO - Sync 1 DAGs
[2023-12-20T06:45:52.919+0000] {logging_mixin.py:188} INFO - [2023-12-20T06:45:52.918+0000] {dag.py:3820} INFO - Setting next_dagrun for tutorial_taskflow_api_virtualenv to None, run_after=None
[2023-12-20T06:45:52.999+0000] {processor.py:183} INFO - Processing /home/airflow/.local/lib/python3.8/site-packages/airflow/example_dags/tutorial_taskflow_api_virtualenv.py took 0.218 seconds
[2023-12-20T06:46:24.053+0000] {processor.py:161} INFO - Started process (PID=3548) to work on /home/airflow/.local/lib/python3.8/site-packages/airflow/example_dags/tutorial_taskflow_api_virtualenv.py
[2023-12-20T06:46:24.054+0000] {processor.py:830} INFO - Processing file /home/airflow/.local/lib/python3.8/site-packages/airflow/example_dags/tutorial_taskflow_api_virtualenv.py for tasks to queue
[2023-12-20T06:46:24.056+0000] {logging_mixin.py:188} INFO - [2023-12-20T06:46:24.056+0000] {dagbag.py:538} INFO - Filling up the DagBag from /home/airflow/.local/lib/python3.8/site-packages/airflow/example_dags/tutorial_taskflow_api_virtualenv.py
[2023-12-20T06:46:24.071+0000] {processor.py:840} INFO - DAG(s) 'tutorial_taskflow_api_virtualenv' retrieved from /home/airflow/.local/lib/python3.8/site-packages/airflow/example_dags/tutorial_taskflow_api_virtualenv.py
[2023-12-20T06:46:24.140+0000] {logging_mixin.py:188} INFO - [2023-12-20T06:46:24.140+0000] {dag.py:3033} INFO - Sync 1 DAGs
[2023-12-20T06:46:24.179+0000] {logging_mixin.py:188} INFO - [2023-12-20T06:46:24.178+0000] {dag.py:3820} INFO - Setting next_dagrun for tutorial_taskflow_api_virtualenv to None, run_after=None
[2023-12-20T06:46:24.268+0000] {processor.py:183} INFO - Processing /home/airflow/.local/lib/python3.8/site-packages/airflow/example_dags/tutorial_taskflow_api_virtualenv.py took 0.224 seconds
[2023-12-20T06:46:55.155+0000] {processor.py:161} INFO - Started process (PID=3606) to work on /home/airflow/.local/lib/python3.8/site-packages/airflow/example_dags/tutorial_taskflow_api_virtualenv.py
[2023-12-20T06:46:55.158+0000] {processor.py:830} INFO - Processing file /home/airflow/.local/lib/python3.8/site-packages/airflow/example_dags/tutorial_taskflow_api_virtualenv.py for tasks to queue
[2023-12-20T06:46:55.160+0000] {logging_mixin.py:188} INFO - [2023-12-20T06:46:55.160+0000] {dagbag.py:538} INFO - Filling up the DagBag from /home/airflow/.local/lib/python3.8/site-packages/airflow/example_dags/tutorial_taskflow_api_virtualenv.py
[2023-12-20T06:46:55.177+0000] {processor.py:840} INFO - DAG(s) 'tutorial_taskflow_api_virtualenv' retrieved from /home/airflow/.local/lib/python3.8/site-packages/airflow/example_dags/tutorial_taskflow_api_virtualenv.py
[2023-12-20T06:46:55.278+0000] {logging_mixin.py:188} INFO - [2023-12-20T06:46:55.277+0000] {dag.py:3033} INFO - Sync 1 DAGs
[2023-12-20T06:46:55.317+0000] {logging_mixin.py:188} INFO - [2023-12-20T06:46:55.317+0000] {dag.py:3820} INFO - Setting next_dagrun for tutorial_taskflow_api_virtualenv to None, run_after=None
[2023-12-20T06:46:55.395+0000] {processor.py:183} INFO - Processing /home/airflow/.local/lib/python3.8/site-packages/airflow/example_dags/tutorial_taskflow_api_virtualenv.py took 0.247 seconds
[2023-12-20T06:47:33.670+0000] {processor.py:161} INFO - Started process (PID=3665) to work on /home/airflow/.local/lib/python3.8/site-packages/airflow/example_dags/tutorial_taskflow_api_virtualenv.py
[2023-12-20T06:47:33.681+0000] {processor.py:830} INFO - Processing file /home/airflow/.local/lib/python3.8/site-packages/airflow/example_dags/tutorial_taskflow_api_virtualenv.py for tasks to queue
[2023-12-20T06:47:33.683+0000] {logging_mixin.py:188} INFO - [2023-12-20T06:47:33.682+0000] {dagbag.py:538} INFO - Filling up the DagBag from /home/airflow/.local/lib/python3.8/site-packages/airflow/example_dags/tutorial_taskflow_api_virtualenv.py
[2023-12-20T06:47:33.737+0000] {processor.py:840} INFO - DAG(s) 'tutorial_taskflow_api_virtualenv' retrieved from /home/airflow/.local/lib/python3.8/site-packages/airflow/example_dags/tutorial_taskflow_api_virtualenv.py
[2023-12-20T06:47:33.886+0000] {logging_mixin.py:188} INFO - [2023-12-20T06:47:33.885+0000] {dag.py:3033} INFO - Sync 1 DAGs
[2023-12-20T06:47:34.113+0000] {logging_mixin.py:188} INFO - [2023-12-20T06:47:34.113+0000] {dag.py:3820} INFO - Setting next_dagrun for tutorial_taskflow_api_virtualenv to None, run_after=None
[2023-12-20T06:47:34.388+0000] {processor.py:183} INFO - Processing /home/airflow/.local/lib/python3.8/site-packages/airflow/example_dags/tutorial_taskflow_api_virtualenv.py took 0.741 seconds
[2023-12-20T06:48:18.372+0000] {processor.py:161} INFO - Started process (PID=3730) to work on /home/airflow/.local/lib/python3.8/site-packages/airflow/example_dags/tutorial_taskflow_api_virtualenv.py
[2023-12-20T06:48:18.392+0000] {processor.py:830} INFO - Processing file /home/airflow/.local/lib/python3.8/site-packages/airflow/example_dags/tutorial_taskflow_api_virtualenv.py for tasks to queue
[2023-12-20T06:48:18.409+0000] {logging_mixin.py:188} INFO - [2023-12-20T06:48:18.408+0000] {dagbag.py:538} INFO - Filling up the DagBag from /home/airflow/.local/lib/python3.8/site-packages/airflow/example_dags/tutorial_taskflow_api_virtualenv.py
[2023-12-20T06:48:18.574+0000] {processor.py:840} INFO - DAG(s) 'tutorial_taskflow_api_virtualenv' retrieved from /home/airflow/.local/lib/python3.8/site-packages/airflow/example_dags/tutorial_taskflow_api_virtualenv.py
[2023-12-20T06:48:18.888+0000] {logging_mixin.py:188} INFO - [2023-12-20T06:48:18.887+0000] {dag.py:3033} INFO - Sync 1 DAGs
[2023-12-20T06:48:19.072+0000] {logging_mixin.py:188} INFO - [2023-12-20T06:48:19.071+0000] {dag.py:3820} INFO - Setting next_dagrun for tutorial_taskflow_api_virtualenv to None, run_after=None
[2023-12-20T06:48:19.276+0000] {processor.py:183} INFO - Processing /home/airflow/.local/lib/python3.8/site-packages/airflow/example_dags/tutorial_taskflow_api_virtualenv.py took 0.949 seconds
[2023-12-20T06:49:20.810+0000] {processor.py:161} INFO - Started process (PID=3779) to work on /home/airflow/.local/lib/python3.8/site-packages/airflow/example_dags/tutorial_taskflow_api_virtualenv.py
[2023-12-20T06:49:20.824+0000] {processor.py:830} INFO - Processing file /home/airflow/.local/lib/python3.8/site-packages/airflow/example_dags/tutorial_taskflow_api_virtualenv.py for tasks to queue
[2023-12-20T06:49:20.830+0000] {logging_mixin.py:188} INFO - [2023-12-20T06:49:20.828+0000] {dagbag.py:538} INFO - Filling up the DagBag from /home/airflow/.local/lib/python3.8/site-packages/airflow/example_dags/tutorial_taskflow_api_virtualenv.py
[2023-12-20T06:49:20.971+0000] {processor.py:840} INFO - DAG(s) 'tutorial_taskflow_api_virtualenv' retrieved from /home/airflow/.local/lib/python3.8/site-packages/airflow/example_dags/tutorial_taskflow_api_virtualenv.py
[2023-12-20T06:49:21.512+0000] {logging_mixin.py:188} INFO - [2023-12-20T06:49:21.511+0000] {dag.py:3033} INFO - Sync 1 DAGs
[2023-12-20T06:49:21.870+0000] {logging_mixin.py:188} INFO - [2023-12-20T06:49:21.869+0000] {dag.py:3820} INFO - Setting next_dagrun for tutorial_taskflow_api_virtualenv to None, run_after=None
[2023-12-20T06:49:22.283+0000] {processor.py:183} INFO - Processing /home/airflow/.local/lib/python3.8/site-packages/airflow/example_dags/tutorial_taskflow_api_virtualenv.py took 1.508 seconds
