[2023-12-20T05:41:39.248+0000] {processor.py:161} INFO - Started process (PID=92) to work on /home/airflow/.local/lib/python3.8/site-packages/airflow/example_dags/tutorial_dag.py
[2023-12-20T05:41:39.261+0000] {processor.py:830} INFO - Processing file /home/airflow/.local/lib/python3.8/site-packages/airflow/example_dags/tutorial_dag.py for tasks to queue
[2023-12-20T05:41:39.287+0000] {logging_mixin.py:188} INFO - [2023-12-20T05:41:39.278+0000] {dagbag.py:538} INFO - Filling up the DagBag from /home/airflow/.local/lib/python3.8/site-packages/airflow/example_dags/tutorial_dag.py
[2023-12-20T05:41:39.383+0000] {processor.py:840} INFO - DAG(s) 'tutorial_dag' retrieved from /home/airflow/.local/lib/python3.8/site-packages/airflow/example_dags/tutorial_dag.py
[2023-12-20T05:41:40.691+0000] {logging_mixin.py:188} INFO - [2023-12-20T05:41:40.689+0000] {dag.py:3033} INFO - Sync 1 DAGs
[2023-12-20T05:41:40.850+0000] {logging_mixin.py:188} INFO - [2023-12-20T05:41:40.826+0000] {dag.py:3820} INFO - Setting next_dagrun for tutorial_dag to None, run_after=None
[2023-12-20T05:41:40.987+0000] {processor.py:183} INFO - Processing /home/airflow/.local/lib/python3.8/site-packages/airflow/example_dags/tutorial_dag.py took 1.790 seconds
[2023-12-20T05:42:37.357+0000] {processor.py:161} INFO - Started process (PID=147) to work on /home/airflow/.local/lib/python3.8/site-packages/airflow/example_dags/tutorial_dag.py
[2023-12-20T05:42:37.371+0000] {processor.py:830} INFO - Processing file /home/airflow/.local/lib/python3.8/site-packages/airflow/example_dags/tutorial_dag.py for tasks to queue
[2023-12-20T05:42:37.393+0000] {logging_mixin.py:188} INFO - [2023-12-20T05:42:37.392+0000] {dagbag.py:538} INFO - Filling up the DagBag from /home/airflow/.local/lib/python3.8/site-packages/airflow/example_dags/tutorial_dag.py
[2023-12-20T05:42:37.492+0000] {processor.py:840} INFO - DAG(s) 'tutorial_dag' retrieved from /home/airflow/.local/lib/python3.8/site-packages/airflow/example_dags/tutorial_dag.py
[2023-12-20T05:42:37.697+0000] {logging_mixin.py:188} INFO - [2023-12-20T05:42:37.697+0000] {dag.py:3033} INFO - Sync 1 DAGs
[2023-12-20T05:42:37.851+0000] {logging_mixin.py:188} INFO - [2023-12-20T05:42:37.850+0000] {dag.py:3820} INFO - Setting next_dagrun for tutorial_dag to None, run_after=None
[2023-12-20T05:42:38.004+0000] {processor.py:183} INFO - Processing /home/airflow/.local/lib/python3.8/site-packages/airflow/example_dags/tutorial_dag.py took 0.675 seconds
[2023-12-20T06:07:02.302+0000] {processor.py:161} INFO - Started process (PID=72) to work on /home/airflow/.local/lib/python3.8/site-packages/airflow/example_dags/tutorial_dag.py
[2023-12-20T06:07:02.311+0000] {processor.py:830} INFO - Processing file /home/airflow/.local/lib/python3.8/site-packages/airflow/example_dags/tutorial_dag.py for tasks to queue
[2023-12-20T06:07:02.323+0000] {logging_mixin.py:188} INFO - [2023-12-20T06:07:02.320+0000] {dagbag.py:538} INFO - Filling up the DagBag from /home/airflow/.local/lib/python3.8/site-packages/airflow/example_dags/tutorial_dag.py
[2023-12-20T06:07:02.407+0000] {processor.py:840} INFO - DAG(s) 'tutorial_dag' retrieved from /home/airflow/.local/lib/python3.8/site-packages/airflow/example_dags/tutorial_dag.py
[2023-12-20T06:07:02.687+0000] {logging_mixin.py:188} INFO - [2023-12-20T06:07:02.686+0000] {dag.py:3033} INFO - Sync 1 DAGs
[2023-12-20T06:07:02.830+0000] {logging_mixin.py:188} INFO - [2023-12-20T06:07:02.830+0000] {dag.py:3820} INFO - Setting next_dagrun for tutorial_dag to None, run_after=None
[2023-12-20T06:07:03.028+0000] {processor.py:183} INFO - Processing /home/airflow/.local/lib/python3.8/site-packages/airflow/example_dags/tutorial_dag.py took 0.743 seconds
[2023-12-20T06:07:35.038+0000] {processor.py:161} INFO - Started process (PID=127) to work on /home/airflow/.local/lib/python3.8/site-packages/airflow/example_dags/tutorial_dag.py
[2023-12-20T06:07:35.042+0000] {processor.py:830} INFO - Processing file /home/airflow/.local/lib/python3.8/site-packages/airflow/example_dags/tutorial_dag.py for tasks to queue
[2023-12-20T06:07:35.061+0000] {logging_mixin.py:188} INFO - [2023-12-20T06:07:35.056+0000] {dagbag.py:538} INFO - Filling up the DagBag from /home/airflow/.local/lib/python3.8/site-packages/airflow/example_dags/tutorial_dag.py
[2023-12-20T06:07:35.132+0000] {processor.py:840} INFO - DAG(s) 'tutorial_dag' retrieved from /home/airflow/.local/lib/python3.8/site-packages/airflow/example_dags/tutorial_dag.py
[2023-12-20T06:07:35.317+0000] {logging_mixin.py:188} INFO - [2023-12-20T06:07:35.317+0000] {dag.py:3033} INFO - Sync 1 DAGs
[2023-12-20T06:07:35.424+0000] {logging_mixin.py:188} INFO - [2023-12-20T06:07:35.421+0000] {dag.py:3820} INFO - Setting next_dagrun for tutorial_dag to None, run_after=None
[2023-12-20T06:07:35.561+0000] {processor.py:183} INFO - Processing /home/airflow/.local/lib/python3.8/site-packages/airflow/example_dags/tutorial_dag.py took 0.562 seconds
[2023-12-20T06:08:06.129+0000] {processor.py:161} INFO - Started process (PID=182) to work on /home/airflow/.local/lib/python3.8/site-packages/airflow/example_dags/tutorial_dag.py
[2023-12-20T06:08:06.133+0000] {processor.py:830} INFO - Processing file /home/airflow/.local/lib/python3.8/site-packages/airflow/example_dags/tutorial_dag.py for tasks to queue
[2023-12-20T06:08:06.137+0000] {logging_mixin.py:188} INFO - [2023-12-20T06:08:06.137+0000] {dagbag.py:538} INFO - Filling up the DagBag from /home/airflow/.local/lib/python3.8/site-packages/airflow/example_dags/tutorial_dag.py
[2023-12-20T06:08:06.149+0000] {processor.py:840} INFO - DAG(s) 'tutorial_dag' retrieved from /home/airflow/.local/lib/python3.8/site-packages/airflow/example_dags/tutorial_dag.py
[2023-12-20T06:08:06.198+0000] {logging_mixin.py:188} INFO - [2023-12-20T06:08:06.197+0000] {dag.py:3033} INFO - Sync 1 DAGs
[2023-12-20T06:08:06.232+0000] {logging_mixin.py:188} INFO - [2023-12-20T06:08:06.232+0000] {dag.py:3820} INFO - Setting next_dagrun for tutorial_dag to None, run_after=None
[2023-12-20T06:08:06.283+0000] {processor.py:183} INFO - Processing /home/airflow/.local/lib/python3.8/site-packages/airflow/example_dags/tutorial_dag.py took 0.187 seconds
[2023-12-20T06:08:45.178+0000] {processor.py:161} INFO - Started process (PID=237) to work on /home/airflow/.local/lib/python3.8/site-packages/airflow/example_dags/tutorial_dag.py
[2023-12-20T06:08:45.203+0000] {processor.py:830} INFO - Processing file /home/airflow/.local/lib/python3.8/site-packages/airflow/example_dags/tutorial_dag.py for tasks to queue
[2023-12-20T06:08:45.257+0000] {logging_mixin.py:188} INFO - [2023-12-20T06:08:45.250+0000] {dagbag.py:538} INFO - Filling up the DagBag from /home/airflow/.local/lib/python3.8/site-packages/airflow/example_dags/tutorial_dag.py
[2023-12-20T06:08:45.321+0000] {processor.py:840} INFO - DAG(s) 'tutorial_dag' retrieved from /home/airflow/.local/lib/python3.8/site-packages/airflow/example_dags/tutorial_dag.py
[2023-12-20T06:08:45.706+0000] {logging_mixin.py:188} INFO - [2023-12-20T06:08:45.705+0000] {dag.py:3033} INFO - Sync 1 DAGs
[2023-12-20T06:08:46.034+0000] {logging_mixin.py:188} INFO - [2023-12-20T06:08:46.033+0000] {dag.py:3820} INFO - Setting next_dagrun for tutorial_dag to None, run_after=None
[2023-12-20T06:08:46.351+0000] {processor.py:183} INFO - Processing /home/airflow/.local/lib/python3.8/site-packages/airflow/example_dags/tutorial_dag.py took 1.190 seconds
[2023-12-20T06:09:23.510+0000] {processor.py:161} INFO - Started process (PID=292) to work on /home/airflow/.local/lib/python3.8/site-packages/airflow/example_dags/tutorial_dag.py
[2023-12-20T06:09:23.523+0000] {processor.py:830} INFO - Processing file /home/airflow/.local/lib/python3.8/site-packages/airflow/example_dags/tutorial_dag.py for tasks to queue
[2023-12-20T06:09:23.557+0000] {logging_mixin.py:188} INFO - [2023-12-20T06:09:23.557+0000] {dagbag.py:538} INFO - Filling up the DagBag from /home/airflow/.local/lib/python3.8/site-packages/airflow/example_dags/tutorial_dag.py
[2023-12-20T06:09:23.636+0000] {processor.py:840} INFO - DAG(s) 'tutorial_dag' retrieved from /home/airflow/.local/lib/python3.8/site-packages/airflow/example_dags/tutorial_dag.py
[2023-12-20T06:09:23.861+0000] {logging_mixin.py:188} INFO - [2023-12-20T06:09:23.861+0000] {dag.py:3033} INFO - Sync 1 DAGs
[2023-12-20T06:09:24.013+0000] {logging_mixin.py:188} INFO - [2023-12-20T06:09:24.013+0000] {dag.py:3820} INFO - Setting next_dagrun for tutorial_dag to None, run_after=None
[2023-12-20T06:09:24.116+0000] {processor.py:183} INFO - Processing /home/airflow/.local/lib/python3.8/site-packages/airflow/example_dags/tutorial_dag.py took 0.649 seconds
[2023-12-20T06:09:55.642+0000] {processor.py:161} INFO - Started process (PID=347) to work on /home/airflow/.local/lib/python3.8/site-packages/airflow/example_dags/tutorial_dag.py
[2023-12-20T06:09:55.647+0000] {processor.py:830} INFO - Processing file /home/airflow/.local/lib/python3.8/site-packages/airflow/example_dags/tutorial_dag.py for tasks to queue
[2023-12-20T06:09:55.654+0000] {logging_mixin.py:188} INFO - [2023-12-20T06:09:55.654+0000] {dagbag.py:538} INFO - Filling up the DagBag from /home/airflow/.local/lib/python3.8/site-packages/airflow/example_dags/tutorial_dag.py
[2023-12-20T06:09:55.685+0000] {processor.py:840} INFO - DAG(s) 'tutorial_dag' retrieved from /home/airflow/.local/lib/python3.8/site-packages/airflow/example_dags/tutorial_dag.py
[2023-12-20T06:09:55.810+0000] {logging_mixin.py:188} INFO - [2023-12-20T06:09:55.809+0000] {dag.py:3033} INFO - Sync 1 DAGs
[2023-12-20T06:09:55.877+0000] {logging_mixin.py:188} INFO - [2023-12-20T06:09:55.877+0000] {dag.py:3820} INFO - Setting next_dagrun for tutorial_dag to None, run_after=None
[2023-12-20T06:09:55.975+0000] {processor.py:183} INFO - Processing /home/airflow/.local/lib/python3.8/site-packages/airflow/example_dags/tutorial_dag.py took 0.368 seconds
[2023-12-20T06:10:26.236+0000] {processor.py:161} INFO - Started process (PID=399) to work on /home/airflow/.local/lib/python3.8/site-packages/airflow/example_dags/tutorial_dag.py
[2023-12-20T06:10:26.272+0000] {processor.py:830} INFO - Processing file /home/airflow/.local/lib/python3.8/site-packages/airflow/example_dags/tutorial_dag.py for tasks to queue
[2023-12-20T06:10:26.277+0000] {logging_mixin.py:188} INFO - [2023-12-20T06:10:26.276+0000] {dagbag.py:538} INFO - Filling up the DagBag from /home/airflow/.local/lib/python3.8/site-packages/airflow/example_dags/tutorial_dag.py
[2023-12-20T06:10:26.300+0000] {processor.py:840} INFO - DAG(s) 'tutorial_dag' retrieved from /home/airflow/.local/lib/python3.8/site-packages/airflow/example_dags/tutorial_dag.py
[2023-12-20T06:10:26.402+0000] {logging_mixin.py:188} INFO - [2023-12-20T06:10:26.401+0000] {dag.py:3033} INFO - Sync 1 DAGs
[2023-12-20T06:10:26.505+0000] {logging_mixin.py:188} INFO - [2023-12-20T06:10:26.499+0000] {dag.py:3820} INFO - Setting next_dagrun for tutorial_dag to None, run_after=None
[2023-12-20T06:10:26.709+0000] {processor.py:183} INFO - Processing /home/airflow/.local/lib/python3.8/site-packages/airflow/example_dags/tutorial_dag.py took 0.487 seconds
[2023-12-20T06:10:56.815+0000] {processor.py:161} INFO - Started process (PID=454) to work on /home/airflow/.local/lib/python3.8/site-packages/airflow/example_dags/tutorial_dag.py
[2023-12-20T06:10:56.824+0000] {processor.py:830} INFO - Processing file /home/airflow/.local/lib/python3.8/site-packages/airflow/example_dags/tutorial_dag.py for tasks to queue
[2023-12-20T06:10:56.833+0000] {logging_mixin.py:188} INFO - [2023-12-20T06:10:56.832+0000] {dagbag.py:538} INFO - Filling up the DagBag from /home/airflow/.local/lib/python3.8/site-packages/airflow/example_dags/tutorial_dag.py
[2023-12-20T06:10:56.869+0000] {processor.py:840} INFO - DAG(s) 'tutorial_dag' retrieved from /home/airflow/.local/lib/python3.8/site-packages/airflow/example_dags/tutorial_dag.py
[2023-12-20T06:10:56.994+0000] {logging_mixin.py:188} INFO - [2023-12-20T06:10:56.993+0000] {dag.py:3033} INFO - Sync 1 DAGs
[2023-12-20T06:10:57.061+0000] {logging_mixin.py:188} INFO - [2023-12-20T06:10:57.061+0000] {dag.py:3820} INFO - Setting next_dagrun for tutorial_dag to None, run_after=None
[2023-12-20T06:10:57.175+0000] {processor.py:183} INFO - Processing /home/airflow/.local/lib/python3.8/site-packages/airflow/example_dags/tutorial_dag.py took 0.381 seconds
[2023-12-20T06:11:27.560+0000] {processor.py:161} INFO - Started process (PID=509) to work on /home/airflow/.local/lib/python3.8/site-packages/airflow/example_dags/tutorial_dag.py
[2023-12-20T06:11:27.603+0000] {processor.py:830} INFO - Processing file /home/airflow/.local/lib/python3.8/site-packages/airflow/example_dags/tutorial_dag.py for tasks to queue
[2023-12-20T06:11:27.634+0000] {logging_mixin.py:188} INFO - [2023-12-20T06:11:27.634+0000] {dagbag.py:538} INFO - Filling up the DagBag from /home/airflow/.local/lib/python3.8/site-packages/airflow/example_dags/tutorial_dag.py
[2023-12-20T06:11:27.825+0000] {processor.py:840} INFO - DAG(s) 'tutorial_dag' retrieved from /home/airflow/.local/lib/python3.8/site-packages/airflow/example_dags/tutorial_dag.py
[2023-12-20T06:11:28.101+0000] {logging_mixin.py:188} INFO - [2023-12-20T06:11:28.101+0000] {dag.py:3033} INFO - Sync 1 DAGs
[2023-12-20T06:11:28.338+0000] {logging_mixin.py:188} INFO - [2023-12-20T06:11:28.333+0000] {dag.py:3820} INFO - Setting next_dagrun for tutorial_dag to None, run_after=None
[2023-12-20T06:11:28.680+0000] {processor.py:183} INFO - Processing /home/airflow/.local/lib/python3.8/site-packages/airflow/example_dags/tutorial_dag.py took 1.158 seconds
[2023-12-20T06:11:59.270+0000] {processor.py:161} INFO - Started process (PID=563) to work on /home/airflow/.local/lib/python3.8/site-packages/airflow/example_dags/tutorial_dag.py
[2023-12-20T06:11:59.272+0000] {processor.py:830} INFO - Processing file /home/airflow/.local/lib/python3.8/site-packages/airflow/example_dags/tutorial_dag.py for tasks to queue
[2023-12-20T06:11:59.282+0000] {logging_mixin.py:188} INFO - [2023-12-20T06:11:59.281+0000] {dagbag.py:538} INFO - Filling up the DagBag from /home/airflow/.local/lib/python3.8/site-packages/airflow/example_dags/tutorial_dag.py
[2023-12-20T06:11:59.367+0000] {processor.py:840} INFO - DAG(s) 'tutorial_dag' retrieved from /home/airflow/.local/lib/python3.8/site-packages/airflow/example_dags/tutorial_dag.py
[2023-12-20T06:11:59.587+0000] {logging_mixin.py:188} INFO - [2023-12-20T06:11:59.587+0000] {dag.py:3033} INFO - Sync 1 DAGs
[2023-12-20T06:11:59.680+0000] {logging_mixin.py:188} INFO - [2023-12-20T06:11:59.679+0000] {dag.py:3820} INFO - Setting next_dagrun for tutorial_dag to None, run_after=None
[2023-12-20T06:12:00.185+0000] {processor.py:183} INFO - Processing /home/airflow/.local/lib/python3.8/site-packages/airflow/example_dags/tutorial_dag.py took 0.938 seconds
[2023-12-20T06:12:33.408+0000] {processor.py:161} INFO - Started process (PID=625) to work on /home/airflow/.local/lib/python3.8/site-packages/airflow/example_dags/tutorial_dag.py
[2023-12-20T06:12:33.431+0000] {processor.py:830} INFO - Processing file /home/airflow/.local/lib/python3.8/site-packages/airflow/example_dags/tutorial_dag.py for tasks to queue
[2023-12-20T06:12:33.455+0000] {logging_mixin.py:188} INFO - [2023-12-20T06:12:33.454+0000] {dagbag.py:538} INFO - Filling up the DagBag from /home/airflow/.local/lib/python3.8/site-packages/airflow/example_dags/tutorial_dag.py
[2023-12-20T06:12:33.487+0000] {processor.py:840} INFO - DAG(s) 'tutorial_dag' retrieved from /home/airflow/.local/lib/python3.8/site-packages/airflow/example_dags/tutorial_dag.py
[2023-12-20T06:12:33.610+0000] {logging_mixin.py:188} INFO - [2023-12-20T06:12:33.610+0000] {dag.py:3033} INFO - Sync 1 DAGs
[2023-12-20T06:12:33.804+0000] {logging_mixin.py:188} INFO - [2023-12-20T06:12:33.803+0000] {dag.py:3820} INFO - Setting next_dagrun for tutorial_dag to None, run_after=None
[2023-12-20T06:12:34.037+0000] {processor.py:183} INFO - Processing /home/airflow/.local/lib/python3.8/site-packages/airflow/example_dags/tutorial_dag.py took 0.661 seconds
[2023-12-20T06:13:14.759+0000] {processor.py:161} INFO - Started process (PID=679) to work on /home/airflow/.local/lib/python3.8/site-packages/airflow/example_dags/tutorial_dag.py
[2023-12-20T06:13:14.767+0000] {processor.py:830} INFO - Processing file /home/airflow/.local/lib/python3.8/site-packages/airflow/example_dags/tutorial_dag.py for tasks to queue
[2023-12-20T06:13:14.771+0000] {logging_mixin.py:188} INFO - [2023-12-20T06:13:14.770+0000] {dagbag.py:538} INFO - Filling up the DagBag from /home/airflow/.local/lib/python3.8/site-packages/airflow/example_dags/tutorial_dag.py
[2023-12-20T06:13:14.807+0000] {processor.py:840} INFO - DAG(s) 'tutorial_dag' retrieved from /home/airflow/.local/lib/python3.8/site-packages/airflow/example_dags/tutorial_dag.py
[2023-12-20T06:13:15.014+0000] {logging_mixin.py:188} INFO - [2023-12-20T06:13:15.008+0000] {dag.py:3033} INFO - Sync 1 DAGs
[2023-12-20T06:13:15.094+0000] {logging_mixin.py:188} INFO - [2023-12-20T06:13:15.093+0000] {dag.py:3820} INFO - Setting next_dagrun for tutorial_dag to None, run_after=None
[2023-12-20T06:13:15.266+0000] {processor.py:183} INFO - Processing /home/airflow/.local/lib/python3.8/site-packages/airflow/example_dags/tutorial_dag.py took 0.532 seconds
[2023-12-20T06:13:55.414+0000] {processor.py:161} INFO - Started process (PID=732) to work on /home/airflow/.local/lib/python3.8/site-packages/airflow/example_dags/tutorial_dag.py
[2023-12-20T06:13:55.428+0000] {processor.py:830} INFO - Processing file /home/airflow/.local/lib/python3.8/site-packages/airflow/example_dags/tutorial_dag.py for tasks to queue
[2023-12-20T06:13:55.454+0000] {logging_mixin.py:188} INFO - [2023-12-20T06:13:55.453+0000] {dagbag.py:538} INFO - Filling up the DagBag from /home/airflow/.local/lib/python3.8/site-packages/airflow/example_dags/tutorial_dag.py
[2023-12-20T06:13:55.517+0000] {processor.py:840} INFO - DAG(s) 'tutorial_dag' retrieved from /home/airflow/.local/lib/python3.8/site-packages/airflow/example_dags/tutorial_dag.py
[2023-12-20T06:13:55.704+0000] {logging_mixin.py:188} INFO - [2023-12-20T06:13:55.703+0000] {dag.py:3033} INFO - Sync 1 DAGs
[2023-12-20T06:13:55.907+0000] {logging_mixin.py:188} INFO - [2023-12-20T06:13:55.906+0000] {dag.py:3820} INFO - Setting next_dagrun for tutorial_dag to None, run_after=None
[2023-12-20T06:13:56.186+0000] {processor.py:183} INFO - Processing /home/airflow/.local/lib/python3.8/site-packages/airflow/example_dags/tutorial_dag.py took 0.804 seconds
[2023-12-20T06:14:34.207+0000] {processor.py:161} INFO - Started process (PID=787) to work on /home/airflow/.local/lib/python3.8/site-packages/airflow/example_dags/tutorial_dag.py
[2023-12-20T06:14:34.223+0000] {processor.py:830} INFO - Processing file /home/airflow/.local/lib/python3.8/site-packages/airflow/example_dags/tutorial_dag.py for tasks to queue
[2023-12-20T06:14:34.228+0000] {logging_mixin.py:188} INFO - [2023-12-20T06:14:34.227+0000] {dagbag.py:538} INFO - Filling up the DagBag from /home/airflow/.local/lib/python3.8/site-packages/airflow/example_dags/tutorial_dag.py
[2023-12-20T06:14:34.283+0000] {processor.py:840} INFO - DAG(s) 'tutorial_dag' retrieved from /home/airflow/.local/lib/python3.8/site-packages/airflow/example_dags/tutorial_dag.py
[2023-12-20T06:14:34.526+0000] {logging_mixin.py:188} INFO - [2023-12-20T06:14:34.525+0000] {dag.py:3033} INFO - Sync 1 DAGs
[2023-12-20T06:14:34.754+0000] {logging_mixin.py:188} INFO - [2023-12-20T06:14:34.754+0000] {dag.py:3820} INFO - Setting next_dagrun for tutorial_dag to None, run_after=None
[2023-12-20T06:14:35.157+0000] {processor.py:183} INFO - Processing /home/airflow/.local/lib/python3.8/site-packages/airflow/example_dags/tutorial_dag.py took 1.019 seconds
[2023-12-20T06:15:06.713+0000] {processor.py:161} INFO - Started process (PID=850) to work on /home/airflow/.local/lib/python3.8/site-packages/airflow/example_dags/tutorial_dag.py
[2023-12-20T06:15:06.717+0000] {processor.py:830} INFO - Processing file /home/airflow/.local/lib/python3.8/site-packages/airflow/example_dags/tutorial_dag.py for tasks to queue
[2023-12-20T06:15:06.723+0000] {logging_mixin.py:188} INFO - [2023-12-20T06:15:06.723+0000] {dagbag.py:538} INFO - Filling up the DagBag from /home/airflow/.local/lib/python3.8/site-packages/airflow/example_dags/tutorial_dag.py
[2023-12-20T06:15:06.751+0000] {processor.py:840} INFO - DAG(s) 'tutorial_dag' retrieved from /home/airflow/.local/lib/python3.8/site-packages/airflow/example_dags/tutorial_dag.py
[2023-12-20T06:15:06.884+0000] {logging_mixin.py:188} INFO - [2023-12-20T06:15:06.883+0000] {dag.py:3033} INFO - Sync 1 DAGs
[2023-12-20T06:15:06.994+0000] {logging_mixin.py:188} INFO - [2023-12-20T06:15:06.993+0000] {dag.py:3820} INFO - Setting next_dagrun for tutorial_dag to None, run_after=None
[2023-12-20T06:15:07.073+0000] {processor.py:183} INFO - Processing /home/airflow/.local/lib/python3.8/site-packages/airflow/example_dags/tutorial_dag.py took 0.381 seconds
[2023-12-20T06:15:39.502+0000] {processor.py:161} INFO - Started process (PID=905) to work on /home/airflow/.local/lib/python3.8/site-packages/airflow/example_dags/tutorial_dag.py
[2023-12-20T06:15:39.512+0000] {processor.py:830} INFO - Processing file /home/airflow/.local/lib/python3.8/site-packages/airflow/example_dags/tutorial_dag.py for tasks to queue
[2023-12-20T06:15:39.523+0000] {logging_mixin.py:188} INFO - [2023-12-20T06:15:39.522+0000] {dagbag.py:538} INFO - Filling up the DagBag from /home/airflow/.local/lib/python3.8/site-packages/airflow/example_dags/tutorial_dag.py
[2023-12-20T06:15:39.568+0000] {processor.py:840} INFO - DAG(s) 'tutorial_dag' retrieved from /home/airflow/.local/lib/python3.8/site-packages/airflow/example_dags/tutorial_dag.py
[2023-12-20T06:15:39.793+0000] {logging_mixin.py:188} INFO - [2023-12-20T06:15:39.793+0000] {dag.py:3033} INFO - Sync 1 DAGs
[2023-12-20T06:15:39.891+0000] {logging_mixin.py:188} INFO - [2023-12-20T06:15:39.890+0000] {dag.py:3820} INFO - Setting next_dagrun for tutorial_dag to None, run_after=None
[2023-12-20T06:15:40.020+0000] {processor.py:183} INFO - Processing /home/airflow/.local/lib/python3.8/site-packages/airflow/example_dags/tutorial_dag.py took 0.557 seconds
[2023-12-20T06:16:12.141+0000] {processor.py:161} INFO - Started process (PID=959) to work on /home/airflow/.local/lib/python3.8/site-packages/airflow/example_dags/tutorial_dag.py
[2023-12-20T06:16:12.149+0000] {processor.py:830} INFO - Processing file /home/airflow/.local/lib/python3.8/site-packages/airflow/example_dags/tutorial_dag.py for tasks to queue
[2023-12-20T06:16:12.162+0000] {logging_mixin.py:188} INFO - [2023-12-20T06:16:12.159+0000] {dagbag.py:538} INFO - Filling up the DagBag from /home/airflow/.local/lib/python3.8/site-packages/airflow/example_dags/tutorial_dag.py
[2023-12-20T06:16:12.223+0000] {processor.py:840} INFO - DAG(s) 'tutorial_dag' retrieved from /home/airflow/.local/lib/python3.8/site-packages/airflow/example_dags/tutorial_dag.py
[2023-12-20T06:16:12.512+0000] {logging_mixin.py:188} INFO - [2023-12-20T06:16:12.511+0000] {dag.py:3033} INFO - Sync 1 DAGs
[2023-12-20T06:16:12.663+0000] {logging_mixin.py:188} INFO - [2023-12-20T06:16:12.656+0000] {dag.py:3820} INFO - Setting next_dagrun for tutorial_dag to None, run_after=None
[2023-12-20T06:16:12.829+0000] {processor.py:183} INFO - Processing /home/airflow/.local/lib/python3.8/site-packages/airflow/example_dags/tutorial_dag.py took 0.713 seconds
[2023-12-20T06:16:43.631+0000] {processor.py:161} INFO - Started process (PID=1014) to work on /home/airflow/.local/lib/python3.8/site-packages/airflow/example_dags/tutorial_dag.py
[2023-12-20T06:16:43.645+0000] {processor.py:830} INFO - Processing file /home/airflow/.local/lib/python3.8/site-packages/airflow/example_dags/tutorial_dag.py for tasks to queue
[2023-12-20T06:16:43.650+0000] {logging_mixin.py:188} INFO - [2023-12-20T06:16:43.650+0000] {dagbag.py:538} INFO - Filling up the DagBag from /home/airflow/.local/lib/python3.8/site-packages/airflow/example_dags/tutorial_dag.py
[2023-12-20T06:16:43.685+0000] {processor.py:840} INFO - DAG(s) 'tutorial_dag' retrieved from /home/airflow/.local/lib/python3.8/site-packages/airflow/example_dags/tutorial_dag.py
[2023-12-20T06:16:43.841+0000] {logging_mixin.py:188} INFO - [2023-12-20T06:16:43.838+0000] {dag.py:3033} INFO - Sync 1 DAGs
[2023-12-20T06:16:43.999+0000] {logging_mixin.py:188} INFO - [2023-12-20T06:16:43.998+0000] {dag.py:3820} INFO - Setting next_dagrun for tutorial_dag to None, run_after=None
[2023-12-20T06:16:44.270+0000] {processor.py:183} INFO - Processing /home/airflow/.local/lib/python3.8/site-packages/airflow/example_dags/tutorial_dag.py took 0.652 seconds
[2023-12-20T06:17:14.420+0000] {processor.py:161} INFO - Started process (PID=1068) to work on /home/airflow/.local/lib/python3.8/site-packages/airflow/example_dags/tutorial_dag.py
[2023-12-20T06:17:14.464+0000] {processor.py:830} INFO - Processing file /home/airflow/.local/lib/python3.8/site-packages/airflow/example_dags/tutorial_dag.py for tasks to queue
[2023-12-20T06:17:14.470+0000] {logging_mixin.py:188} INFO - [2023-12-20T06:17:14.469+0000] {dagbag.py:538} INFO - Filling up the DagBag from /home/airflow/.local/lib/python3.8/site-packages/airflow/example_dags/tutorial_dag.py
[2023-12-20T06:17:14.483+0000] {processor.py:840} INFO - DAG(s) 'tutorial_dag' retrieved from /home/airflow/.local/lib/python3.8/site-packages/airflow/example_dags/tutorial_dag.py
[2023-12-20T06:17:14.554+0000] {logging_mixin.py:188} INFO - [2023-12-20T06:17:14.553+0000] {dag.py:3033} INFO - Sync 1 DAGs
[2023-12-20T06:17:14.589+0000] {logging_mixin.py:188} INFO - [2023-12-20T06:17:14.588+0000] {dag.py:3820} INFO - Setting next_dagrun for tutorial_dag to None, run_after=None
[2023-12-20T06:17:14.667+0000] {processor.py:183} INFO - Processing /home/airflow/.local/lib/python3.8/site-packages/airflow/example_dags/tutorial_dag.py took 0.255 seconds
[2023-12-20T06:17:45.784+0000] {processor.py:161} INFO - Started process (PID=1123) to work on /home/airflow/.local/lib/python3.8/site-packages/airflow/example_dags/tutorial_dag.py
[2023-12-20T06:17:45.814+0000] {processor.py:830} INFO - Processing file /home/airflow/.local/lib/python3.8/site-packages/airflow/example_dags/tutorial_dag.py for tasks to queue
[2023-12-20T06:17:45.826+0000] {logging_mixin.py:188} INFO - [2023-12-20T06:17:45.825+0000] {dagbag.py:538} INFO - Filling up the DagBag from /home/airflow/.local/lib/python3.8/site-packages/airflow/example_dags/tutorial_dag.py
[2023-12-20T06:17:45.899+0000] {processor.py:840} INFO - DAG(s) 'tutorial_dag' retrieved from /home/airflow/.local/lib/python3.8/site-packages/airflow/example_dags/tutorial_dag.py
[2023-12-20T06:17:46.183+0000] {logging_mixin.py:188} INFO - [2023-12-20T06:17:46.183+0000] {dag.py:3033} INFO - Sync 1 DAGs
[2023-12-20T06:17:46.269+0000] {logging_mixin.py:188} INFO - [2023-12-20T06:17:46.269+0000] {dag.py:3820} INFO - Setting next_dagrun for tutorial_dag to None, run_after=None
[2023-12-20T06:17:46.470+0000] {processor.py:183} INFO - Processing /home/airflow/.local/lib/python3.8/site-packages/airflow/example_dags/tutorial_dag.py took 0.716 seconds
[2023-12-20T06:18:16.979+0000] {processor.py:161} INFO - Started process (PID=1179) to work on /home/airflow/.local/lib/python3.8/site-packages/airflow/example_dags/tutorial_dag.py
[2023-12-20T06:18:16.988+0000] {processor.py:830} INFO - Processing file /home/airflow/.local/lib/python3.8/site-packages/airflow/example_dags/tutorial_dag.py for tasks to queue
[2023-12-20T06:18:16.996+0000] {logging_mixin.py:188} INFO - [2023-12-20T06:18:16.996+0000] {dagbag.py:538} INFO - Filling up the DagBag from /home/airflow/.local/lib/python3.8/site-packages/airflow/example_dags/tutorial_dag.py
[2023-12-20T06:18:17.018+0000] {processor.py:840} INFO - DAG(s) 'tutorial_dag' retrieved from /home/airflow/.local/lib/python3.8/site-packages/airflow/example_dags/tutorial_dag.py
[2023-12-20T06:18:17.111+0000] {logging_mixin.py:188} INFO - [2023-12-20T06:18:17.101+0000] {dag.py:3033} INFO - Sync 1 DAGs
[2023-12-20T06:18:17.190+0000] {logging_mixin.py:188} INFO - [2023-12-20T06:18:17.189+0000] {dag.py:3820} INFO - Setting next_dagrun for tutorial_dag to None, run_after=None
[2023-12-20T06:18:17.281+0000] {processor.py:183} INFO - Processing /home/airflow/.local/lib/python3.8/site-packages/airflow/example_dags/tutorial_dag.py took 0.317 seconds
[2023-12-20T06:18:49.672+0000] {processor.py:161} INFO - Started process (PID=1230) to work on /home/airflow/.local/lib/python3.8/site-packages/airflow/example_dags/tutorial_dag.py
[2023-12-20T06:18:49.686+0000] {processor.py:830} INFO - Processing file /home/airflow/.local/lib/python3.8/site-packages/airflow/example_dags/tutorial_dag.py for tasks to queue
[2023-12-20T06:18:49.695+0000] {logging_mixin.py:188} INFO - [2023-12-20T06:18:49.694+0000] {dagbag.py:538} INFO - Filling up the DagBag from /home/airflow/.local/lib/python3.8/site-packages/airflow/example_dags/tutorial_dag.py
[2023-12-20T06:18:49.744+0000] {processor.py:840} INFO - DAG(s) 'tutorial_dag' retrieved from /home/airflow/.local/lib/python3.8/site-packages/airflow/example_dags/tutorial_dag.py
[2023-12-20T06:18:49.846+0000] {logging_mixin.py:188} INFO - [2023-12-20T06:18:49.845+0000] {dag.py:3033} INFO - Sync 1 DAGs
[2023-12-20T06:18:49.918+0000] {logging_mixin.py:188} INFO - [2023-12-20T06:18:49.917+0000] {dag.py:3820} INFO - Setting next_dagrun for tutorial_dag to None, run_after=None
[2023-12-20T06:18:50.063+0000] {processor.py:183} INFO - Processing /home/airflow/.local/lib/python3.8/site-packages/airflow/example_dags/tutorial_dag.py took 0.402 seconds
[2023-12-20T06:19:21.227+0000] {processor.py:161} INFO - Started process (PID=1286) to work on /home/airflow/.local/lib/python3.8/site-packages/airflow/example_dags/tutorial_dag.py
[2023-12-20T06:19:21.242+0000] {processor.py:830} INFO - Processing file /home/airflow/.local/lib/python3.8/site-packages/airflow/example_dags/tutorial_dag.py for tasks to queue
[2023-12-20T06:19:21.255+0000] {logging_mixin.py:188} INFO - [2023-12-20T06:19:21.254+0000] {dagbag.py:538} INFO - Filling up the DagBag from /home/airflow/.local/lib/python3.8/site-packages/airflow/example_dags/tutorial_dag.py
[2023-12-20T06:19:21.286+0000] {processor.py:840} INFO - DAG(s) 'tutorial_dag' retrieved from /home/airflow/.local/lib/python3.8/site-packages/airflow/example_dags/tutorial_dag.py
[2023-12-20T06:19:21.639+0000] {logging_mixin.py:188} INFO - [2023-12-20T06:19:21.638+0000] {dag.py:3033} INFO - Sync 1 DAGs
[2023-12-20T06:19:21.695+0000] {logging_mixin.py:188} INFO - [2023-12-20T06:19:21.694+0000] {dag.py:3820} INFO - Setting next_dagrun for tutorial_dag to None, run_after=None
[2023-12-20T06:19:21.817+0000] {processor.py:183} INFO - Processing /home/airflow/.local/lib/python3.8/site-packages/airflow/example_dags/tutorial_dag.py took 0.608 seconds
[2023-12-20T06:19:52.401+0000] {processor.py:161} INFO - Started process (PID=1341) to work on /home/airflow/.local/lib/python3.8/site-packages/airflow/example_dags/tutorial_dag.py
[2023-12-20T06:19:52.403+0000] {processor.py:830} INFO - Processing file /home/airflow/.local/lib/python3.8/site-packages/airflow/example_dags/tutorial_dag.py for tasks to queue
[2023-12-20T06:19:52.408+0000] {logging_mixin.py:188} INFO - [2023-12-20T06:19:52.408+0000] {dagbag.py:538} INFO - Filling up the DagBag from /home/airflow/.local/lib/python3.8/site-packages/airflow/example_dags/tutorial_dag.py
[2023-12-20T06:19:52.421+0000] {processor.py:840} INFO - DAG(s) 'tutorial_dag' retrieved from /home/airflow/.local/lib/python3.8/site-packages/airflow/example_dags/tutorial_dag.py
[2023-12-20T06:19:52.496+0000] {logging_mixin.py:188} INFO - [2023-12-20T06:19:52.496+0000] {dag.py:3033} INFO - Sync 1 DAGs
[2023-12-20T06:19:52.528+0000] {logging_mixin.py:188} INFO - [2023-12-20T06:19:52.528+0000] {dag.py:3820} INFO - Setting next_dagrun for tutorial_dag to None, run_after=None
[2023-12-20T06:19:52.627+0000] {processor.py:183} INFO - Processing /home/airflow/.local/lib/python3.8/site-packages/airflow/example_dags/tutorial_dag.py took 0.233 seconds
[2023-12-20T06:20:23.163+0000] {processor.py:161} INFO - Started process (PID=1396) to work on /home/airflow/.local/lib/python3.8/site-packages/airflow/example_dags/tutorial_dag.py
[2023-12-20T06:20:23.169+0000] {processor.py:830} INFO - Processing file /home/airflow/.local/lib/python3.8/site-packages/airflow/example_dags/tutorial_dag.py for tasks to queue
[2023-12-20T06:20:23.189+0000] {logging_mixin.py:188} INFO - [2023-12-20T06:20:23.188+0000] {dagbag.py:538} INFO - Filling up the DagBag from /home/airflow/.local/lib/python3.8/site-packages/airflow/example_dags/tutorial_dag.py
[2023-12-20T06:20:23.231+0000] {processor.py:840} INFO - DAG(s) 'tutorial_dag' retrieved from /home/airflow/.local/lib/python3.8/site-packages/airflow/example_dags/tutorial_dag.py
[2023-12-20T06:20:23.318+0000] {logging_mixin.py:188} INFO - [2023-12-20T06:20:23.317+0000] {dag.py:3033} INFO - Sync 1 DAGs
[2023-12-20T06:20:23.393+0000] {logging_mixin.py:188} INFO - [2023-12-20T06:20:23.392+0000] {dag.py:3820} INFO - Setting next_dagrun for tutorial_dag to None, run_after=None
[2023-12-20T06:20:23.479+0000] {processor.py:183} INFO - Processing /home/airflow/.local/lib/python3.8/site-packages/airflow/example_dags/tutorial_dag.py took 0.343 seconds
[2023-12-20T06:20:53.946+0000] {processor.py:161} INFO - Started process (PID=1450) to work on /home/airflow/.local/lib/python3.8/site-packages/airflow/example_dags/tutorial_dag.py
[2023-12-20T06:20:53.954+0000] {processor.py:830} INFO - Processing file /home/airflow/.local/lib/python3.8/site-packages/airflow/example_dags/tutorial_dag.py for tasks to queue
[2023-12-20T06:20:53.959+0000] {logging_mixin.py:188} INFO - [2023-12-20T06:20:53.958+0000] {dagbag.py:538} INFO - Filling up the DagBag from /home/airflow/.local/lib/python3.8/site-packages/airflow/example_dags/tutorial_dag.py
[2023-12-20T06:20:53.973+0000] {processor.py:840} INFO - DAG(s) 'tutorial_dag' retrieved from /home/airflow/.local/lib/python3.8/site-packages/airflow/example_dags/tutorial_dag.py
[2023-12-20T06:20:54.030+0000] {logging_mixin.py:188} INFO - [2023-12-20T06:20:54.029+0000] {dag.py:3033} INFO - Sync 1 DAGs
[2023-12-20T06:20:54.065+0000] {logging_mixin.py:188} INFO - [2023-12-20T06:20:54.065+0000] {dag.py:3820} INFO - Setting next_dagrun for tutorial_dag to None, run_after=None
[2023-12-20T06:20:54.156+0000] {processor.py:183} INFO - Processing /home/airflow/.local/lib/python3.8/site-packages/airflow/example_dags/tutorial_dag.py took 0.216 seconds
[2023-12-20T06:21:25.538+0000] {processor.py:161} INFO - Started process (PID=1504) to work on /home/airflow/.local/lib/python3.8/site-packages/airflow/example_dags/tutorial_dag.py
[2023-12-20T06:21:25.539+0000] {processor.py:830} INFO - Processing file /home/airflow/.local/lib/python3.8/site-packages/airflow/example_dags/tutorial_dag.py for tasks to queue
[2023-12-20T06:21:25.567+0000] {logging_mixin.py:188} INFO - [2023-12-20T06:21:25.566+0000] {dagbag.py:538} INFO - Filling up the DagBag from /home/airflow/.local/lib/python3.8/site-packages/airflow/example_dags/tutorial_dag.py
[2023-12-20T06:21:25.622+0000] {processor.py:840} INFO - DAG(s) 'tutorial_dag' retrieved from /home/airflow/.local/lib/python3.8/site-packages/airflow/example_dags/tutorial_dag.py
[2023-12-20T06:21:25.788+0000] {logging_mixin.py:188} INFO - [2023-12-20T06:21:25.787+0000] {dag.py:3033} INFO - Sync 1 DAGs
[2023-12-20T06:21:25.896+0000] {logging_mixin.py:188} INFO - [2023-12-20T06:21:25.896+0000] {dag.py:3820} INFO - Setting next_dagrun for tutorial_dag to None, run_after=None
[2023-12-20T06:21:26.011+0000] {processor.py:183} INFO - Processing /home/airflow/.local/lib/python3.8/site-packages/airflow/example_dags/tutorial_dag.py took 0.501 seconds
[2023-12-20T06:21:56.364+0000] {processor.py:161} INFO - Started process (PID=1561) to work on /home/airflow/.local/lib/python3.8/site-packages/airflow/example_dags/tutorial_dag.py
[2023-12-20T06:21:56.408+0000] {processor.py:830} INFO - Processing file /home/airflow/.local/lib/python3.8/site-packages/airflow/example_dags/tutorial_dag.py for tasks to queue
[2023-12-20T06:21:56.413+0000] {logging_mixin.py:188} INFO - [2023-12-20T06:21:56.413+0000] {dagbag.py:538} INFO - Filling up the DagBag from /home/airflow/.local/lib/python3.8/site-packages/airflow/example_dags/tutorial_dag.py
[2023-12-20T06:21:56.425+0000] {processor.py:840} INFO - DAG(s) 'tutorial_dag' retrieved from /home/airflow/.local/lib/python3.8/site-packages/airflow/example_dags/tutorial_dag.py
[2023-12-20T06:21:56.481+0000] {logging_mixin.py:188} INFO - [2023-12-20T06:21:56.480+0000] {dag.py:3033} INFO - Sync 1 DAGs
[2023-12-20T06:21:56.519+0000] {logging_mixin.py:188} INFO - [2023-12-20T06:21:56.519+0000] {dag.py:3820} INFO - Setting next_dagrun for tutorial_dag to None, run_after=None
[2023-12-20T06:21:56.589+0000] {processor.py:183} INFO - Processing /home/airflow/.local/lib/python3.8/site-packages/airflow/example_dags/tutorial_dag.py took 0.234 seconds
[2023-12-20T06:22:28.562+0000] {processor.py:161} INFO - Started process (PID=1616) to work on /home/airflow/.local/lib/python3.8/site-packages/airflow/example_dags/tutorial_dag.py
[2023-12-20T06:22:28.564+0000] {processor.py:830} INFO - Processing file /home/airflow/.local/lib/python3.8/site-packages/airflow/example_dags/tutorial_dag.py for tasks to queue
[2023-12-20T06:22:28.565+0000] {logging_mixin.py:188} INFO - [2023-12-20T06:22:28.565+0000] {dagbag.py:538} INFO - Filling up the DagBag from /home/airflow/.local/lib/python3.8/site-packages/airflow/example_dags/tutorial_dag.py
[2023-12-20T06:22:28.577+0000] {processor.py:840} INFO - DAG(s) 'tutorial_dag' retrieved from /home/airflow/.local/lib/python3.8/site-packages/airflow/example_dags/tutorial_dag.py
[2023-12-20T06:22:28.641+0000] {logging_mixin.py:188} INFO - [2023-12-20T06:22:28.641+0000] {dag.py:3033} INFO - Sync 1 DAGs
[2023-12-20T06:22:28.685+0000] {logging_mixin.py:188} INFO - [2023-12-20T06:22:28.684+0000] {dag.py:3820} INFO - Setting next_dagrun for tutorial_dag to None, run_after=None
[2023-12-20T06:22:28.778+0000] {processor.py:183} INFO - Processing /home/airflow/.local/lib/python3.8/site-packages/airflow/example_dags/tutorial_dag.py took 0.222 seconds
[2023-12-20T06:23:00.491+0000] {processor.py:161} INFO - Started process (PID=1672) to work on /home/airflow/.local/lib/python3.8/site-packages/airflow/example_dags/tutorial_dag.py
[2023-12-20T06:23:00.532+0000] {processor.py:830} INFO - Processing file /home/airflow/.local/lib/python3.8/site-packages/airflow/example_dags/tutorial_dag.py for tasks to queue
[2023-12-20T06:23:00.534+0000] {logging_mixin.py:188} INFO - [2023-12-20T06:23:00.533+0000] {dagbag.py:538} INFO - Filling up the DagBag from /home/airflow/.local/lib/python3.8/site-packages/airflow/example_dags/tutorial_dag.py
[2023-12-20T06:23:00.547+0000] {processor.py:840} INFO - DAG(s) 'tutorial_dag' retrieved from /home/airflow/.local/lib/python3.8/site-packages/airflow/example_dags/tutorial_dag.py
[2023-12-20T06:23:00.655+0000] {logging_mixin.py:188} INFO - [2023-12-20T06:23:00.644+0000] {dag.py:3033} INFO - Sync 1 DAGs
[2023-12-20T06:23:00.711+0000] {logging_mixin.py:188} INFO - [2023-12-20T06:23:00.711+0000] {dag.py:3820} INFO - Setting next_dagrun for tutorial_dag to None, run_after=None
[2023-12-20T06:23:00.760+0000] {processor.py:183} INFO - Processing /home/airflow/.local/lib/python3.8/site-packages/airflow/example_dags/tutorial_dag.py took 0.277 seconds
[2023-12-20T06:23:31.525+0000] {processor.py:161} INFO - Started process (PID=1726) to work on /home/airflow/.local/lib/python3.8/site-packages/airflow/example_dags/tutorial_dag.py
[2023-12-20T06:23:31.527+0000] {processor.py:830} INFO - Processing file /home/airflow/.local/lib/python3.8/site-packages/airflow/example_dags/tutorial_dag.py for tasks to queue
[2023-12-20T06:23:31.529+0000] {logging_mixin.py:188} INFO - [2023-12-20T06:23:31.528+0000] {dagbag.py:538} INFO - Filling up the DagBag from /home/airflow/.local/lib/python3.8/site-packages/airflow/example_dags/tutorial_dag.py
[2023-12-20T06:23:31.542+0000] {processor.py:840} INFO - DAG(s) 'tutorial_dag' retrieved from /home/airflow/.local/lib/python3.8/site-packages/airflow/example_dags/tutorial_dag.py
[2023-12-20T06:23:31.593+0000] {logging_mixin.py:188} INFO - [2023-12-20T06:23:31.592+0000] {dag.py:3033} INFO - Sync 1 DAGs
[2023-12-20T06:23:31.627+0000] {logging_mixin.py:188} INFO - [2023-12-20T06:23:31.626+0000] {dag.py:3820} INFO - Setting next_dagrun for tutorial_dag to None, run_after=None
[2023-12-20T06:23:31.710+0000] {processor.py:183} INFO - Processing /home/airflow/.local/lib/python3.8/site-packages/airflow/example_dags/tutorial_dag.py took 0.192 seconds
[2023-12-20T06:24:03.008+0000] {processor.py:161} INFO - Started process (PID=1781) to work on /home/airflow/.local/lib/python3.8/site-packages/airflow/example_dags/tutorial_dag.py
[2023-12-20T06:24:03.017+0000] {processor.py:830} INFO - Processing file /home/airflow/.local/lib/python3.8/site-packages/airflow/example_dags/tutorial_dag.py for tasks to queue
[2023-12-20T06:24:03.024+0000] {logging_mixin.py:188} INFO - [2023-12-20T06:24:03.024+0000] {dagbag.py:538} INFO - Filling up the DagBag from /home/airflow/.local/lib/python3.8/site-packages/airflow/example_dags/tutorial_dag.py
[2023-12-20T06:24:03.050+0000] {processor.py:840} INFO - DAG(s) 'tutorial_dag' retrieved from /home/airflow/.local/lib/python3.8/site-packages/airflow/example_dags/tutorial_dag.py
[2023-12-20T06:24:03.168+0000] {logging_mixin.py:188} INFO - [2023-12-20T06:24:03.167+0000] {dag.py:3033} INFO - Sync 1 DAGs
[2023-12-20T06:24:03.244+0000] {logging_mixin.py:188} INFO - [2023-12-20T06:24:03.244+0000] {dag.py:3820} INFO - Setting next_dagrun for tutorial_dag to None, run_after=None
[2023-12-20T06:24:03.410+0000] {processor.py:183} INFO - Processing /home/airflow/.local/lib/python3.8/site-packages/airflow/example_dags/tutorial_dag.py took 0.442 seconds
[2023-12-20T06:24:33.506+0000] {processor.py:161} INFO - Started process (PID=1835) to work on /home/airflow/.local/lib/python3.8/site-packages/airflow/example_dags/tutorial_dag.py
[2023-12-20T06:24:33.507+0000] {processor.py:830} INFO - Processing file /home/airflow/.local/lib/python3.8/site-packages/airflow/example_dags/tutorial_dag.py for tasks to queue
[2023-12-20T06:24:33.509+0000] {logging_mixin.py:188} INFO - [2023-12-20T06:24:33.508+0000] {dagbag.py:538} INFO - Filling up the DagBag from /home/airflow/.local/lib/python3.8/site-packages/airflow/example_dags/tutorial_dag.py
[2023-12-20T06:24:33.523+0000] {processor.py:840} INFO - DAG(s) 'tutorial_dag' retrieved from /home/airflow/.local/lib/python3.8/site-packages/airflow/example_dags/tutorial_dag.py
[2023-12-20T06:24:33.588+0000] {logging_mixin.py:188} INFO - [2023-12-20T06:24:33.588+0000] {dag.py:3033} INFO - Sync 1 DAGs
[2023-12-20T06:24:33.634+0000] {logging_mixin.py:188} INFO - [2023-12-20T06:24:33.634+0000] {dag.py:3820} INFO - Setting next_dagrun for tutorial_dag to None, run_after=None
[2023-12-20T06:24:33.733+0000] {processor.py:183} INFO - Processing /home/airflow/.local/lib/python3.8/site-packages/airflow/example_dags/tutorial_dag.py took 0.238 seconds
[2023-12-20T06:25:03.900+0000] {processor.py:161} INFO - Started process (PID=1889) to work on /home/airflow/.local/lib/python3.8/site-packages/airflow/example_dags/tutorial_dag.py
[2023-12-20T06:25:03.940+0000] {processor.py:830} INFO - Processing file /home/airflow/.local/lib/python3.8/site-packages/airflow/example_dags/tutorial_dag.py for tasks to queue
[2023-12-20T06:25:03.941+0000] {logging_mixin.py:188} INFO - [2023-12-20T06:25:03.941+0000] {dagbag.py:538} INFO - Filling up the DagBag from /home/airflow/.local/lib/python3.8/site-packages/airflow/example_dags/tutorial_dag.py
[2023-12-20T06:25:03.955+0000] {processor.py:840} INFO - DAG(s) 'tutorial_dag' retrieved from /home/airflow/.local/lib/python3.8/site-packages/airflow/example_dags/tutorial_dag.py
[2023-12-20T06:25:04.012+0000] {logging_mixin.py:188} INFO - [2023-12-20T06:25:04.011+0000] {dag.py:3033} INFO - Sync 1 DAGs
[2023-12-20T06:25:04.050+0000] {logging_mixin.py:188} INFO - [2023-12-20T06:25:04.049+0000] {dag.py:3820} INFO - Setting next_dagrun for tutorial_dag to None, run_after=None
[2023-12-20T06:25:04.107+0000] {processor.py:183} INFO - Processing /home/airflow/.local/lib/python3.8/site-packages/airflow/example_dags/tutorial_dag.py took 0.215 seconds
[2023-12-20T06:25:38.052+0000] {processor.py:161} INFO - Started process (PID=1945) to work on /home/airflow/.local/lib/python3.8/site-packages/airflow/example_dags/tutorial_dag.py
[2023-12-20T06:25:38.109+0000] {processor.py:830} INFO - Processing file /home/airflow/.local/lib/python3.8/site-packages/airflow/example_dags/tutorial_dag.py for tasks to queue
[2023-12-20T06:25:38.114+0000] {logging_mixin.py:188} INFO - [2023-12-20T06:25:38.114+0000] {dagbag.py:538} INFO - Filling up the DagBag from /home/airflow/.local/lib/python3.8/site-packages/airflow/example_dags/tutorial_dag.py
[2023-12-20T06:25:38.204+0000] {processor.py:840} INFO - DAG(s) 'tutorial_dag' retrieved from /home/airflow/.local/lib/python3.8/site-packages/airflow/example_dags/tutorial_dag.py
[2023-12-20T06:25:38.413+0000] {logging_mixin.py:188} INFO - [2023-12-20T06:25:38.411+0000] {dag.py:3033} INFO - Sync 1 DAGs
[2023-12-20T06:25:38.530+0000] {logging_mixin.py:188} INFO - [2023-12-20T06:25:38.530+0000] {dag.py:3820} INFO - Setting next_dagrun for tutorial_dag to None, run_after=None
[2023-12-20T06:25:38.816+0000] {processor.py:183} INFO - Processing /home/airflow/.local/lib/python3.8/site-packages/airflow/example_dags/tutorial_dag.py took 0.881 seconds
[2023-12-20T06:26:09.261+0000] {processor.py:161} INFO - Started process (PID=2000) to work on /home/airflow/.local/lib/python3.8/site-packages/airflow/example_dags/tutorial_dag.py
[2023-12-20T06:26:09.263+0000] {processor.py:830} INFO - Processing file /home/airflow/.local/lib/python3.8/site-packages/airflow/example_dags/tutorial_dag.py for tasks to queue
[2023-12-20T06:26:09.266+0000] {logging_mixin.py:188} INFO - [2023-12-20T06:26:09.265+0000] {dagbag.py:538} INFO - Filling up the DagBag from /home/airflow/.local/lib/python3.8/site-packages/airflow/example_dags/tutorial_dag.py
[2023-12-20T06:26:09.278+0000] {processor.py:840} INFO - DAG(s) 'tutorial_dag' retrieved from /home/airflow/.local/lib/python3.8/site-packages/airflow/example_dags/tutorial_dag.py
[2023-12-20T06:26:09.363+0000] {logging_mixin.py:188} INFO - [2023-12-20T06:26:09.362+0000] {dag.py:3033} INFO - Sync 1 DAGs
[2023-12-20T06:26:09.443+0000] {logging_mixin.py:188} INFO - [2023-12-20T06:26:09.442+0000] {dag.py:3820} INFO - Setting next_dagrun for tutorial_dag to None, run_after=None
[2023-12-20T06:26:09.503+0000] {processor.py:183} INFO - Processing /home/airflow/.local/lib/python3.8/site-packages/airflow/example_dags/tutorial_dag.py took 0.248 seconds
[2023-12-20T06:26:40.059+0000] {processor.py:161} INFO - Started process (PID=2056) to work on /home/airflow/.local/lib/python3.8/site-packages/airflow/example_dags/tutorial_dag.py
[2023-12-20T06:26:40.071+0000] {processor.py:830} INFO - Processing file /home/airflow/.local/lib/python3.8/site-packages/airflow/example_dags/tutorial_dag.py for tasks to queue
[2023-12-20T06:26:40.073+0000] {logging_mixin.py:188} INFO - [2023-12-20T06:26:40.072+0000] {dagbag.py:538} INFO - Filling up the DagBag from /home/airflow/.local/lib/python3.8/site-packages/airflow/example_dags/tutorial_dag.py
[2023-12-20T06:26:40.088+0000] {processor.py:840} INFO - DAG(s) 'tutorial_dag' retrieved from /home/airflow/.local/lib/python3.8/site-packages/airflow/example_dags/tutorial_dag.py
[2023-12-20T06:26:40.256+0000] {logging_mixin.py:188} INFO - [2023-12-20T06:26:40.255+0000] {dag.py:3033} INFO - Sync 1 DAGs
[2023-12-20T06:26:40.324+0000] {logging_mixin.py:188} INFO - [2023-12-20T06:26:40.324+0000] {dag.py:3820} INFO - Setting next_dagrun for tutorial_dag to None, run_after=None
[2023-12-20T06:26:40.435+0000] {processor.py:183} INFO - Processing /home/airflow/.local/lib/python3.8/site-packages/airflow/example_dags/tutorial_dag.py took 0.388 seconds
[2023-12-20T06:27:18.616+0000] {processor.py:161} INFO - Started process (PID=2119) to work on /home/airflow/.local/lib/python3.8/site-packages/airflow/example_dags/tutorial_dag.py
[2023-12-20T06:27:18.623+0000] {processor.py:830} INFO - Processing file /home/airflow/.local/lib/python3.8/site-packages/airflow/example_dags/tutorial_dag.py for tasks to queue
[2023-12-20T06:27:18.642+0000] {logging_mixin.py:188} INFO - [2023-12-20T06:27:18.641+0000] {dagbag.py:538} INFO - Filling up the DagBag from /home/airflow/.local/lib/python3.8/site-packages/airflow/example_dags/tutorial_dag.py
[2023-12-20T06:27:18.695+0000] {processor.py:840} INFO - DAG(s) 'tutorial_dag' retrieved from /home/airflow/.local/lib/python3.8/site-packages/airflow/example_dags/tutorial_dag.py
[2023-12-20T06:27:18.917+0000] {logging_mixin.py:188} INFO - [2023-12-20T06:27:18.916+0000] {dag.py:3033} INFO - Sync 1 DAGs
[2023-12-20T06:27:19.026+0000] {logging_mixin.py:188} INFO - [2023-12-20T06:27:19.025+0000] {dag.py:3820} INFO - Setting next_dagrun for tutorial_dag to None, run_after=None
[2023-12-20T06:27:19.265+0000] {processor.py:183} INFO - Processing /home/airflow/.local/lib/python3.8/site-packages/airflow/example_dags/tutorial_dag.py took 0.691 seconds
[2023-12-20T06:27:49.534+0000] {processor.py:161} INFO - Started process (PID=2176) to work on /home/airflow/.local/lib/python3.8/site-packages/airflow/example_dags/tutorial_dag.py
[2023-12-20T06:27:49.588+0000] {processor.py:830} INFO - Processing file /home/airflow/.local/lib/python3.8/site-packages/airflow/example_dags/tutorial_dag.py for tasks to queue
[2023-12-20T06:27:49.590+0000] {logging_mixin.py:188} INFO - [2023-12-20T06:27:49.589+0000] {dagbag.py:538} INFO - Filling up the DagBag from /home/airflow/.local/lib/python3.8/site-packages/airflow/example_dags/tutorial_dag.py
[2023-12-20T06:27:49.601+0000] {processor.py:840} INFO - DAG(s) 'tutorial_dag' retrieved from /home/airflow/.local/lib/python3.8/site-packages/airflow/example_dags/tutorial_dag.py
[2023-12-20T06:27:49.656+0000] {logging_mixin.py:188} INFO - [2023-12-20T06:27:49.655+0000] {dag.py:3033} INFO - Sync 1 DAGs
[2023-12-20T06:27:49.688+0000] {logging_mixin.py:188} INFO - [2023-12-20T06:27:49.687+0000] {dag.py:3820} INFO - Setting next_dagrun for tutorial_dag to None, run_after=None
[2023-12-20T06:27:49.745+0000] {processor.py:183} INFO - Processing /home/airflow/.local/lib/python3.8/site-packages/airflow/example_dags/tutorial_dag.py took 0.220 seconds
[2023-12-20T06:28:20.984+0000] {processor.py:161} INFO - Started process (PID=2233) to work on /home/airflow/.local/lib/python3.8/site-packages/airflow/example_dags/tutorial_dag.py
[2023-12-20T06:28:20.996+0000] {processor.py:830} INFO - Processing file /home/airflow/.local/lib/python3.8/site-packages/airflow/example_dags/tutorial_dag.py for tasks to queue
[2023-12-20T06:28:21.001+0000] {logging_mixin.py:188} INFO - [2023-12-20T06:28:21.000+0000] {dagbag.py:538} INFO - Filling up the DagBag from /home/airflow/.local/lib/python3.8/site-packages/airflow/example_dags/tutorial_dag.py
[2023-12-20T06:28:21.022+0000] {processor.py:840} INFO - DAG(s) 'tutorial_dag' retrieved from /home/airflow/.local/lib/python3.8/site-packages/airflow/example_dags/tutorial_dag.py
[2023-12-20T06:28:21.208+0000] {logging_mixin.py:188} INFO - [2023-12-20T06:28:21.205+0000] {dag.py:3033} INFO - Sync 1 DAGs
[2023-12-20T06:28:21.291+0000] {logging_mixin.py:188} INFO - [2023-12-20T06:28:21.291+0000] {dag.py:3820} INFO - Setting next_dagrun for tutorial_dag to None, run_after=None
[2023-12-20T06:28:21.434+0000] {processor.py:183} INFO - Processing /home/airflow/.local/lib/python3.8/site-packages/airflow/example_dags/tutorial_dag.py took 0.468 seconds
[2023-12-20T06:28:52.147+0000] {processor.py:161} INFO - Started process (PID=2290) to work on /home/airflow/.local/lib/python3.8/site-packages/airflow/example_dags/tutorial_dag.py
[2023-12-20T06:28:52.152+0000] {processor.py:830} INFO - Processing file /home/airflow/.local/lib/python3.8/site-packages/airflow/example_dags/tutorial_dag.py for tasks to queue
[2023-12-20T06:28:52.153+0000] {logging_mixin.py:188} INFO - [2023-12-20T06:28:52.153+0000] {dagbag.py:538} INFO - Filling up the DagBag from /home/airflow/.local/lib/python3.8/site-packages/airflow/example_dags/tutorial_dag.py
[2023-12-20T06:28:52.198+0000] {processor.py:840} INFO - DAG(s) 'tutorial_dag' retrieved from /home/airflow/.local/lib/python3.8/site-packages/airflow/example_dags/tutorial_dag.py
[2023-12-20T06:28:52.411+0000] {logging_mixin.py:188} INFO - [2023-12-20T06:28:52.411+0000] {dag.py:3033} INFO - Sync 1 DAGs
[2023-12-20T06:28:52.597+0000] {logging_mixin.py:188} INFO - [2023-12-20T06:28:52.596+0000] {dag.py:3820} INFO - Setting next_dagrun for tutorial_dag to None, run_after=None
[2023-12-20T06:28:52.674+0000] {processor.py:183} INFO - Processing /home/airflow/.local/lib/python3.8/site-packages/airflow/example_dags/tutorial_dag.py took 0.560 seconds
[2023-12-20T06:29:23.566+0000] {processor.py:161} INFO - Started process (PID=2347) to work on /home/airflow/.local/lib/python3.8/site-packages/airflow/example_dags/tutorial_dag.py
[2023-12-20T06:29:23.569+0000] {processor.py:830} INFO - Processing file /home/airflow/.local/lib/python3.8/site-packages/airflow/example_dags/tutorial_dag.py for tasks to queue
[2023-12-20T06:29:23.571+0000] {logging_mixin.py:188} INFO - [2023-12-20T06:29:23.570+0000] {dagbag.py:538} INFO - Filling up the DagBag from /home/airflow/.local/lib/python3.8/site-packages/airflow/example_dags/tutorial_dag.py
[2023-12-20T06:29:23.583+0000] {processor.py:840} INFO - DAG(s) 'tutorial_dag' retrieved from /home/airflow/.local/lib/python3.8/site-packages/airflow/example_dags/tutorial_dag.py
[2023-12-20T06:29:23.638+0000] {logging_mixin.py:188} INFO - [2023-12-20T06:29:23.637+0000] {dag.py:3033} INFO - Sync 1 DAGs
[2023-12-20T06:29:23.671+0000] {logging_mixin.py:188} INFO - [2023-12-20T06:29:23.671+0000] {dag.py:3820} INFO - Setting next_dagrun for tutorial_dag to None, run_after=None
[2023-12-20T06:29:23.755+0000] {processor.py:183} INFO - Processing /home/airflow/.local/lib/python3.8/site-packages/airflow/example_dags/tutorial_dag.py took 0.197 seconds
[2023-12-20T06:29:54.426+0000] {processor.py:161} INFO - Started process (PID=2404) to work on /home/airflow/.local/lib/python3.8/site-packages/airflow/example_dags/tutorial_dag.py
[2023-12-20T06:29:54.433+0000] {processor.py:830} INFO - Processing file /home/airflow/.local/lib/python3.8/site-packages/airflow/example_dags/tutorial_dag.py for tasks to queue
[2023-12-20T06:29:54.452+0000] {logging_mixin.py:188} INFO - [2023-12-20T06:29:54.450+0000] {dagbag.py:538} INFO - Filling up the DagBag from /home/airflow/.local/lib/python3.8/site-packages/airflow/example_dags/tutorial_dag.py
[2023-12-20T06:29:54.522+0000] {processor.py:840} INFO - DAG(s) 'tutorial_dag' retrieved from /home/airflow/.local/lib/python3.8/site-packages/airflow/example_dags/tutorial_dag.py
[2023-12-20T06:29:54.725+0000] {logging_mixin.py:188} INFO - [2023-12-20T06:29:54.725+0000] {dag.py:3033} INFO - Sync 1 DAGs
[2023-12-20T06:29:55.692+0000] {logging_mixin.py:188} INFO - [2023-12-20T06:29:55.691+0000] {dag.py:3820} INFO - Setting next_dagrun for tutorial_dag to None, run_after=None
[2023-12-20T06:29:55.916+0000] {processor.py:183} INFO - Processing /home/airflow/.local/lib/python3.8/site-packages/airflow/example_dags/tutorial_dag.py took 1.505 seconds
[2023-12-20T06:30:29.000+0000] {processor.py:161} INFO - Started process (PID=2461) to work on /home/airflow/.local/lib/python3.8/site-packages/airflow/example_dags/tutorial_dag.py
[2023-12-20T06:30:29.002+0000] {processor.py:830} INFO - Processing file /home/airflow/.local/lib/python3.8/site-packages/airflow/example_dags/tutorial_dag.py for tasks to queue
[2023-12-20T06:30:29.004+0000] {logging_mixin.py:188} INFO - [2023-12-20T06:30:29.004+0000] {dagbag.py:538} INFO - Filling up the DagBag from /home/airflow/.local/lib/python3.8/site-packages/airflow/example_dags/tutorial_dag.py
[2023-12-20T06:30:29.017+0000] {processor.py:840} INFO - DAG(s) 'tutorial_dag' retrieved from /home/airflow/.local/lib/python3.8/site-packages/airflow/example_dags/tutorial_dag.py
[2023-12-20T06:30:29.080+0000] {logging_mixin.py:188} INFO - [2023-12-20T06:30:29.079+0000] {dag.py:3033} INFO - Sync 1 DAGs
[2023-12-20T06:30:29.150+0000] {logging_mixin.py:188} INFO - [2023-12-20T06:30:29.150+0000] {dag.py:3820} INFO - Setting next_dagrun for tutorial_dag to None, run_after=None
[2023-12-20T06:30:29.262+0000] {processor.py:183} INFO - Processing /home/airflow/.local/lib/python3.8/site-packages/airflow/example_dags/tutorial_dag.py took 0.268 seconds
[2023-12-20T06:30:59.860+0000] {processor.py:161} INFO - Started process (PID=2512) to work on /home/airflow/.local/lib/python3.8/site-packages/airflow/example_dags/tutorial_dag.py
[2023-12-20T06:30:59.893+0000] {processor.py:830} INFO - Processing file /home/airflow/.local/lib/python3.8/site-packages/airflow/example_dags/tutorial_dag.py for tasks to queue
[2023-12-20T06:30:59.895+0000] {logging_mixin.py:188} INFO - [2023-12-20T06:30:59.894+0000] {dagbag.py:538} INFO - Filling up the DagBag from /home/airflow/.local/lib/python3.8/site-packages/airflow/example_dags/tutorial_dag.py
[2023-12-20T06:30:59.970+0000] {processor.py:840} INFO - DAG(s) 'tutorial_dag' retrieved from /home/airflow/.local/lib/python3.8/site-packages/airflow/example_dags/tutorial_dag.py
[2023-12-20T06:31:00.346+0000] {logging_mixin.py:188} INFO - [2023-12-20T06:31:00.345+0000] {dag.py:3033} INFO - Sync 1 DAGs
[2023-12-20T06:31:00.467+0000] {logging_mixin.py:188} INFO - [2023-12-20T06:31:00.467+0000] {dag.py:3820} INFO - Setting next_dagrun for tutorial_dag to None, run_after=None
[2023-12-20T06:31:00.736+0000] {processor.py:183} INFO - Processing /home/airflow/.local/lib/python3.8/site-packages/airflow/example_dags/tutorial_dag.py took 0.932 seconds
[2023-12-20T06:31:35.456+0000] {processor.py:161} INFO - Started process (PID=2568) to work on /home/airflow/.local/lib/python3.8/site-packages/airflow/example_dags/tutorial_dag.py
[2023-12-20T06:31:35.468+0000] {processor.py:830} INFO - Processing file /home/airflow/.local/lib/python3.8/site-packages/airflow/example_dags/tutorial_dag.py for tasks to queue
[2023-12-20T06:31:35.476+0000] {logging_mixin.py:188} INFO - [2023-12-20T06:31:35.475+0000] {dagbag.py:538} INFO - Filling up the DagBag from /home/airflow/.local/lib/python3.8/site-packages/airflow/example_dags/tutorial_dag.py
[2023-12-20T06:31:35.516+0000] {processor.py:840} INFO - DAG(s) 'tutorial_dag' retrieved from /home/airflow/.local/lib/python3.8/site-packages/airflow/example_dags/tutorial_dag.py
[2023-12-20T06:31:36.003+0000] {logging_mixin.py:188} INFO - [2023-12-20T06:31:36.002+0000] {dag.py:3033} INFO - Sync 1 DAGs
[2023-12-20T06:31:36.034+0000] {logging_mixin.py:188} INFO - [2023-12-20T06:31:36.034+0000] {dag.py:3820} INFO - Setting next_dagrun for tutorial_dag to None, run_after=None
[2023-12-20T06:31:36.120+0000] {processor.py:183} INFO - Processing /home/airflow/.local/lib/python3.8/site-packages/airflow/example_dags/tutorial_dag.py took 0.680 seconds
[2023-12-20T06:32:06.217+0000] {processor.py:161} INFO - Started process (PID=2627) to work on /home/airflow/.local/lib/python3.8/site-packages/airflow/example_dags/tutorial_dag.py
[2023-12-20T06:32:06.219+0000] {processor.py:830} INFO - Processing file /home/airflow/.local/lib/python3.8/site-packages/airflow/example_dags/tutorial_dag.py for tasks to queue
[2023-12-20T06:32:06.221+0000] {logging_mixin.py:188} INFO - [2023-12-20T06:32:06.220+0000] {dagbag.py:538} INFO - Filling up the DagBag from /home/airflow/.local/lib/python3.8/site-packages/airflow/example_dags/tutorial_dag.py
[2023-12-20T06:32:06.233+0000] {processor.py:840} INFO - DAG(s) 'tutorial_dag' retrieved from /home/airflow/.local/lib/python3.8/site-packages/airflow/example_dags/tutorial_dag.py
[2023-12-20T06:32:06.309+0000] {logging_mixin.py:188} INFO - [2023-12-20T06:32:06.307+0000] {dag.py:3033} INFO - Sync 1 DAGs
[2023-12-20T06:32:06.341+0000] {logging_mixin.py:188} INFO - [2023-12-20T06:32:06.340+0000] {dag.py:3820} INFO - Setting next_dagrun for tutorial_dag to None, run_after=None
[2023-12-20T06:32:06.397+0000] {processor.py:183} INFO - Processing /home/airflow/.local/lib/python3.8/site-packages/airflow/example_dags/tutorial_dag.py took 0.187 seconds
[2023-12-20T06:32:37.075+0000] {processor.py:161} INFO - Started process (PID=2686) to work on /home/airflow/.local/lib/python3.8/site-packages/airflow/example_dags/tutorial_dag.py
[2023-12-20T06:32:37.088+0000] {processor.py:830} INFO - Processing file /home/airflow/.local/lib/python3.8/site-packages/airflow/example_dags/tutorial_dag.py for tasks to queue
[2023-12-20T06:32:37.091+0000] {logging_mixin.py:188} INFO - [2023-12-20T06:32:37.090+0000] {dagbag.py:538} INFO - Filling up the DagBag from /home/airflow/.local/lib/python3.8/site-packages/airflow/example_dags/tutorial_dag.py
[2023-12-20T06:32:37.107+0000] {processor.py:840} INFO - DAG(s) 'tutorial_dag' retrieved from /home/airflow/.local/lib/python3.8/site-packages/airflow/example_dags/tutorial_dag.py
[2023-12-20T06:32:37.198+0000] {logging_mixin.py:188} INFO - [2023-12-20T06:32:37.197+0000] {dag.py:3033} INFO - Sync 1 DAGs
[2023-12-20T06:32:37.259+0000] {logging_mixin.py:188} INFO - [2023-12-20T06:32:37.259+0000] {dag.py:3820} INFO - Setting next_dagrun for tutorial_dag to None, run_after=None
[2023-12-20T06:32:37.387+0000] {processor.py:183} INFO - Processing /home/airflow/.local/lib/python3.8/site-packages/airflow/example_dags/tutorial_dag.py took 0.330 seconds
[2023-12-20T06:33:07.807+0000] {processor.py:161} INFO - Started process (PID=2743) to work on /home/airflow/.local/lib/python3.8/site-packages/airflow/example_dags/tutorial_dag.py
[2023-12-20T06:33:07.813+0000] {processor.py:830} INFO - Processing file /home/airflow/.local/lib/python3.8/site-packages/airflow/example_dags/tutorial_dag.py for tasks to queue
[2023-12-20T06:33:07.819+0000] {logging_mixin.py:188} INFO - [2023-12-20T06:33:07.818+0000] {dagbag.py:538} INFO - Filling up the DagBag from /home/airflow/.local/lib/python3.8/site-packages/airflow/example_dags/tutorial_dag.py
[2023-12-20T06:33:07.847+0000] {processor.py:840} INFO - DAG(s) 'tutorial_dag' retrieved from /home/airflow/.local/lib/python3.8/site-packages/airflow/example_dags/tutorial_dag.py
[2023-12-20T06:33:07.937+0000] {logging_mixin.py:188} INFO - [2023-12-20T06:33:07.937+0000] {dag.py:3033} INFO - Sync 1 DAGs
[2023-12-20T06:33:08.018+0000] {logging_mixin.py:188} INFO - [2023-12-20T06:33:08.018+0000] {dag.py:3820} INFO - Setting next_dagrun for tutorial_dag to None, run_after=None
[2023-12-20T06:33:08.084+0000] {processor.py:183} INFO - Processing /home/airflow/.local/lib/python3.8/site-packages/airflow/example_dags/tutorial_dag.py took 0.295 seconds
