[2023-12-20T05:42:03.738+0000] {processor.py:161} INFO - Started process (PID=107) to work on /home/airflow/.local/lib/python3.8/site-packages/airflow/example_dags/tutorial_objectstorage.py
[2023-12-20T05:42:03.766+0000] {processor.py:830} INFO - Processing file /home/airflow/.local/lib/python3.8/site-packages/airflow/example_dags/tutorial_objectstorage.py for tasks to queue
[2023-12-20T05:42:03.808+0000] {logging_mixin.py:188} INFO - [2023-12-20T05:42:03.800+0000] {dagbag.py:538} INFO - Filling up the DagBag from /home/airflow/.local/lib/python3.8/site-packages/airflow/example_dags/tutorial_objectstorage.py
[2023-12-20T05:42:03.922+0000] {processor.py:840} INFO - DAG(s) 'tutorial_objectstorage' retrieved from /home/airflow/.local/lib/python3.8/site-packages/airflow/example_dags/tutorial_objectstorage.py
[2023-12-20T05:42:07.190+0000] {logging_mixin.py:188} INFO - [2023-12-20T05:42:07.189+0000] {dag.py:3033} INFO - Sync 1 DAGs
[2023-12-20T05:42:08.605+0000] {logging_mixin.py:188} INFO - [2023-12-20T05:42:08.605+0000] {dag.py:3820} INFO - Setting next_dagrun for tutorial_objectstorage to None, run_after=None
[2023-12-20T05:42:09.001+0000] {processor.py:183} INFO - Processing /home/airflow/.local/lib/python3.8/site-packages/airflow/example_dags/tutorial_objectstorage.py took 5.278 seconds
[2023-12-20T06:07:14.251+0000] {processor.py:161} INFO - Started process (PID=87) to work on /home/airflow/.local/lib/python3.8/site-packages/airflow/example_dags/tutorial_objectstorage.py
[2023-12-20T06:07:14.261+0000] {processor.py:830} INFO - Processing file /home/airflow/.local/lib/python3.8/site-packages/airflow/example_dags/tutorial_objectstorage.py for tasks to queue
[2023-12-20T06:07:14.313+0000] {logging_mixin.py:188} INFO - [2023-12-20T06:07:14.313+0000] {dagbag.py:538} INFO - Filling up the DagBag from /home/airflow/.local/lib/python3.8/site-packages/airflow/example_dags/tutorial_objectstorage.py
[2023-12-20T06:07:14.418+0000] {processor.py:840} INFO - DAG(s) 'tutorial_objectstorage' retrieved from /home/airflow/.local/lib/python3.8/site-packages/airflow/example_dags/tutorial_objectstorage.py
[2023-12-20T06:07:14.718+0000] {logging_mixin.py:188} INFO - [2023-12-20T06:07:14.718+0000] {dag.py:3033} INFO - Sync 1 DAGs
[2023-12-20T06:07:14.926+0000] {logging_mixin.py:188} INFO - [2023-12-20T06:07:14.926+0000] {dag.py:3820} INFO - Setting next_dagrun for tutorial_objectstorage to None, run_after=None
[2023-12-20T06:07:15.146+0000] {processor.py:183} INFO - Processing /home/airflow/.local/lib/python3.8/site-packages/airflow/example_dags/tutorial_objectstorage.py took 0.946 seconds
[2023-12-20T06:07:46.047+0000] {processor.py:161} INFO - Started process (PID=142) to work on /home/airflow/.local/lib/python3.8/site-packages/airflow/example_dags/tutorial_objectstorage.py
[2023-12-20T06:07:46.080+0000] {processor.py:830} INFO - Processing file /home/airflow/.local/lib/python3.8/site-packages/airflow/example_dags/tutorial_objectstorage.py for tasks to queue
[2023-12-20T06:07:46.084+0000] {logging_mixin.py:188} INFO - [2023-12-20T06:07:46.084+0000] {dagbag.py:538} INFO - Filling up the DagBag from /home/airflow/.local/lib/python3.8/site-packages/airflow/example_dags/tutorial_objectstorage.py
[2023-12-20T06:07:46.103+0000] {processor.py:840} INFO - DAG(s) 'tutorial_objectstorage' retrieved from /home/airflow/.local/lib/python3.8/site-packages/airflow/example_dags/tutorial_objectstorage.py
[2023-12-20T06:07:46.178+0000] {logging_mixin.py:188} INFO - [2023-12-20T06:07:46.177+0000] {dag.py:3033} INFO - Sync 1 DAGs
[2023-12-20T06:07:46.219+0000] {logging_mixin.py:188} INFO - [2023-12-20T06:07:46.217+0000] {dag.py:3820} INFO - Setting next_dagrun for tutorial_objectstorage to None, run_after=None
[2023-12-20T06:07:46.307+0000] {processor.py:183} INFO - Processing /home/airflow/.local/lib/python3.8/site-packages/airflow/example_dags/tutorial_objectstorage.py took 0.274 seconds
[2023-12-20T06:08:16.642+0000] {processor.py:161} INFO - Started process (PID=197) to work on /home/airflow/.local/lib/python3.8/site-packages/airflow/example_dags/tutorial_objectstorage.py
[2023-12-20T06:08:16.644+0000] {processor.py:830} INFO - Processing file /home/airflow/.local/lib/python3.8/site-packages/airflow/example_dags/tutorial_objectstorage.py for tasks to queue
[2023-12-20T06:08:16.650+0000] {logging_mixin.py:188} INFO - [2023-12-20T06:08:16.650+0000] {dagbag.py:538} INFO - Filling up the DagBag from /home/airflow/.local/lib/python3.8/site-packages/airflow/example_dags/tutorial_objectstorage.py
[2023-12-20T06:08:16.670+0000] {processor.py:840} INFO - DAG(s) 'tutorial_objectstorage' retrieved from /home/airflow/.local/lib/python3.8/site-packages/airflow/example_dags/tutorial_objectstorage.py
[2023-12-20T06:08:16.751+0000] {logging_mixin.py:188} INFO - [2023-12-20T06:08:16.750+0000] {dag.py:3033} INFO - Sync 1 DAGs
[2023-12-20T06:08:16.814+0000] {logging_mixin.py:188} INFO - [2023-12-20T06:08:16.813+0000] {dag.py:3820} INFO - Setting next_dagrun for tutorial_objectstorage to None, run_after=None
[2023-12-20T06:08:16.877+0000] {processor.py:183} INFO - Processing /home/airflow/.local/lib/python3.8/site-packages/airflow/example_dags/tutorial_objectstorage.py took 0.252 seconds
[2023-12-20T06:09:08.479+0000] {processor.py:161} INFO - Started process (PID=264) to work on /home/airflow/.local/lib/python3.8/site-packages/airflow/example_dags/tutorial_objectstorage.py
[2023-12-20T06:09:08.489+0000] {processor.py:830} INFO - Processing file /home/airflow/.local/lib/python3.8/site-packages/airflow/example_dags/tutorial_objectstorage.py for tasks to queue
[2023-12-20T06:09:08.505+0000] {logging_mixin.py:188} INFO - [2023-12-20T06:09:08.505+0000] {dagbag.py:538} INFO - Filling up the DagBag from /home/airflow/.local/lib/python3.8/site-packages/airflow/example_dags/tutorial_objectstorage.py
[2023-12-20T06:09:08.611+0000] {processor.py:840} INFO - DAG(s) 'tutorial_objectstorage' retrieved from /home/airflow/.local/lib/python3.8/site-packages/airflow/example_dags/tutorial_objectstorage.py
[2023-12-20T06:09:08.891+0000] {logging_mixin.py:188} INFO - [2023-12-20T06:09:08.890+0000] {dag.py:3033} INFO - Sync 1 DAGs
[2023-12-20T06:09:09.049+0000] {logging_mixin.py:188} INFO - [2023-12-20T06:09:09.036+0000] {dag.py:3820} INFO - Setting next_dagrun for tutorial_objectstorage to None, run_after=None
[2023-12-20T06:09:09.225+0000] {processor.py:183} INFO - Processing /home/airflow/.local/lib/python3.8/site-packages/airflow/example_dags/tutorial_objectstorage.py took 0.775 seconds
[2023-12-20T06:09:39.915+0000] {processor.py:161} INFO - Started process (PID=319) to work on /home/airflow/.local/lib/python3.8/site-packages/airflow/example_dags/tutorial_objectstorage.py
[2023-12-20T06:09:39.918+0000] {processor.py:830} INFO - Processing file /home/airflow/.local/lib/python3.8/site-packages/airflow/example_dags/tutorial_objectstorage.py for tasks to queue
[2023-12-20T06:09:39.925+0000] {logging_mixin.py:188} INFO - [2023-12-20T06:09:39.923+0000] {dagbag.py:538} INFO - Filling up the DagBag from /home/airflow/.local/lib/python3.8/site-packages/airflow/example_dags/tutorial_objectstorage.py
[2023-12-20T06:09:39.977+0000] {processor.py:840} INFO - DAG(s) 'tutorial_objectstorage' retrieved from /home/airflow/.local/lib/python3.8/site-packages/airflow/example_dags/tutorial_objectstorage.py
[2023-12-20T06:09:40.103+0000] {logging_mixin.py:188} INFO - [2023-12-20T06:09:40.101+0000] {dag.py:3033} INFO - Sync 1 DAGs
[2023-12-20T06:09:40.168+0000] {logging_mixin.py:188} INFO - [2023-12-20T06:09:40.168+0000] {dag.py:3820} INFO - Setting next_dagrun for tutorial_objectstorage to None, run_after=None
[2023-12-20T06:09:40.278+0000] {processor.py:183} INFO - Processing /home/airflow/.local/lib/python3.8/site-packages/airflow/example_dags/tutorial_objectstorage.py took 0.388 seconds
[2023-12-20T06:10:10.375+0000] {processor.py:161} INFO - Started process (PID=372) to work on /home/airflow/.local/lib/python3.8/site-packages/airflow/example_dags/tutorial_objectstorage.py
[2023-12-20T06:10:10.379+0000] {processor.py:830} INFO - Processing file /home/airflow/.local/lib/python3.8/site-packages/airflow/example_dags/tutorial_objectstorage.py for tasks to queue
[2023-12-20T06:10:10.391+0000] {logging_mixin.py:188} INFO - [2023-12-20T06:10:10.390+0000] {dagbag.py:538} INFO - Filling up the DagBag from /home/airflow/.local/lib/python3.8/site-packages/airflow/example_dags/tutorial_objectstorage.py
[2023-12-20T06:10:10.412+0000] {processor.py:840} INFO - DAG(s) 'tutorial_objectstorage' retrieved from /home/airflow/.local/lib/python3.8/site-packages/airflow/example_dags/tutorial_objectstorage.py
[2023-12-20T06:10:10.457+0000] {logging_mixin.py:188} INFO - [2023-12-20T06:10:10.457+0000] {dag.py:3033} INFO - Sync 1 DAGs
[2023-12-20T06:10:10.492+0000] {logging_mixin.py:188} INFO - [2023-12-20T06:10:10.491+0000] {dag.py:3820} INFO - Setting next_dagrun for tutorial_objectstorage to None, run_after=None
[2023-12-20T06:10:10.579+0000] {processor.py:183} INFO - Processing /home/airflow/.local/lib/python3.8/site-packages/airflow/example_dags/tutorial_objectstorage.py took 0.210 seconds
[2023-12-20T06:10:41.315+0000] {processor.py:161} INFO - Started process (PID=427) to work on /home/airflow/.local/lib/python3.8/site-packages/airflow/example_dags/tutorial_objectstorage.py
[2023-12-20T06:10:41.325+0000] {processor.py:830} INFO - Processing file /home/airflow/.local/lib/python3.8/site-packages/airflow/example_dags/tutorial_objectstorage.py for tasks to queue
[2023-12-20T06:10:41.366+0000] {logging_mixin.py:188} INFO - [2023-12-20T06:10:41.359+0000] {dagbag.py:538} INFO - Filling up the DagBag from /home/airflow/.local/lib/python3.8/site-packages/airflow/example_dags/tutorial_objectstorage.py
[2023-12-20T06:10:41.424+0000] {processor.py:840} INFO - DAG(s) 'tutorial_objectstorage' retrieved from /home/airflow/.local/lib/python3.8/site-packages/airflow/example_dags/tutorial_objectstorage.py
[2023-12-20T06:10:41.585+0000] {logging_mixin.py:188} INFO - [2023-12-20T06:10:41.585+0000] {dag.py:3033} INFO - Sync 1 DAGs
[2023-12-20T06:10:41.639+0000] {logging_mixin.py:188} INFO - [2023-12-20T06:10:41.637+0000] {dag.py:3820} INFO - Setting next_dagrun for tutorial_objectstorage to None, run_after=None
[2023-12-20T06:10:41.801+0000] {processor.py:183} INFO - Processing /home/airflow/.local/lib/python3.8/site-packages/airflow/example_dags/tutorial_objectstorage.py took 0.544 seconds
[2023-12-20T06:11:12.226+0000] {processor.py:161} INFO - Started process (PID=482) to work on /home/airflow/.local/lib/python3.8/site-packages/airflow/example_dags/tutorial_objectstorage.py
[2023-12-20T06:11:12.227+0000] {processor.py:830} INFO - Processing file /home/airflow/.local/lib/python3.8/site-packages/airflow/example_dags/tutorial_objectstorage.py for tasks to queue
[2023-12-20T06:11:12.247+0000] {logging_mixin.py:188} INFO - [2023-12-20T06:11:12.246+0000] {dagbag.py:538} INFO - Filling up the DagBag from /home/airflow/.local/lib/python3.8/site-packages/airflow/example_dags/tutorial_objectstorage.py
[2023-12-20T06:11:12.292+0000] {processor.py:840} INFO - DAG(s) 'tutorial_objectstorage' retrieved from /home/airflow/.local/lib/python3.8/site-packages/airflow/example_dags/tutorial_objectstorage.py
[2023-12-20T06:11:12.456+0000] {logging_mixin.py:188} INFO - [2023-12-20T06:11:12.456+0000] {dag.py:3033} INFO - Sync 1 DAGs
[2023-12-20T06:11:12.646+0000] {logging_mixin.py:188} INFO - [2023-12-20T06:11:12.645+0000] {dag.py:3820} INFO - Setting next_dagrun for tutorial_objectstorage to None, run_after=None
[2023-12-20T06:11:12.838+0000] {processor.py:183} INFO - Processing /home/airflow/.local/lib/python3.8/site-packages/airflow/example_dags/tutorial_objectstorage.py took 0.631 seconds
[2023-12-20T06:11:43.112+0000] {processor.py:161} INFO - Started process (PID=536) to work on /home/airflow/.local/lib/python3.8/site-packages/airflow/example_dags/tutorial_objectstorage.py
[2023-12-20T06:11:43.149+0000] {processor.py:830} INFO - Processing file /home/airflow/.local/lib/python3.8/site-packages/airflow/example_dags/tutorial_objectstorage.py for tasks to queue
[2023-12-20T06:11:43.155+0000] {logging_mixin.py:188} INFO - [2023-12-20T06:11:43.155+0000] {dagbag.py:538} INFO - Filling up the DagBag from /home/airflow/.local/lib/python3.8/site-packages/airflow/example_dags/tutorial_objectstorage.py
[2023-12-20T06:11:43.199+0000] {processor.py:840} INFO - DAG(s) 'tutorial_objectstorage' retrieved from /home/airflow/.local/lib/python3.8/site-packages/airflow/example_dags/tutorial_objectstorage.py
[2023-12-20T06:11:43.274+0000] {logging_mixin.py:188} INFO - [2023-12-20T06:11:43.273+0000] {dag.py:3033} INFO - Sync 1 DAGs
[2023-12-20T06:11:43.306+0000] {logging_mixin.py:188} INFO - [2023-12-20T06:11:43.305+0000] {dag.py:3820} INFO - Setting next_dagrun for tutorial_objectstorage to None, run_after=None
[2023-12-20T06:11:43.407+0000] {processor.py:183} INFO - Processing /home/airflow/.local/lib/python3.8/site-packages/airflow/example_dags/tutorial_objectstorage.py took 0.302 seconds
[2023-12-20T06:12:15.998+0000] {processor.py:161} INFO - Started process (PID=592) to work on /home/airflow/.local/lib/python3.8/site-packages/airflow/example_dags/tutorial_objectstorage.py
[2023-12-20T06:12:16.014+0000] {processor.py:830} INFO - Processing file /home/airflow/.local/lib/python3.8/site-packages/airflow/example_dags/tutorial_objectstorage.py for tasks to queue
[2023-12-20T06:12:16.055+0000] {logging_mixin.py:188} INFO - [2023-12-20T06:12:16.054+0000] {dagbag.py:538} INFO - Filling up the DagBag from /home/airflow/.local/lib/python3.8/site-packages/airflow/example_dags/tutorial_objectstorage.py
[2023-12-20T06:12:16.220+0000] {processor.py:840} INFO - DAG(s) 'tutorial_objectstorage' retrieved from /home/airflow/.local/lib/python3.8/site-packages/airflow/example_dags/tutorial_objectstorage.py
[2023-12-20T06:12:16.501+0000] {logging_mixin.py:188} INFO - [2023-12-20T06:12:16.496+0000] {dag.py:3033} INFO - Sync 1 DAGs
[2023-12-20T06:12:16.615+0000] {logging_mixin.py:188} INFO - [2023-12-20T06:12:16.615+0000] {dag.py:3820} INFO - Setting next_dagrun for tutorial_objectstorage to None, run_after=None
[2023-12-20T06:12:16.893+0000] {processor.py:183} INFO - Processing /home/airflow/.local/lib/python3.8/site-packages/airflow/example_dags/tutorial_objectstorage.py took 0.929 seconds
[2023-12-20T06:12:54.194+0000] {processor.py:161} INFO - Started process (PID=648) to work on /home/airflow/.local/lib/python3.8/site-packages/airflow/example_dags/tutorial_objectstorage.py
[2023-12-20T06:12:54.273+0000] {processor.py:830} INFO - Processing file /home/airflow/.local/lib/python3.8/site-packages/airflow/example_dags/tutorial_objectstorage.py for tasks to queue
[2023-12-20T06:12:54.287+0000] {logging_mixin.py:188} INFO - [2023-12-20T06:12:54.286+0000] {dagbag.py:538} INFO - Filling up the DagBag from /home/airflow/.local/lib/python3.8/site-packages/airflow/example_dags/tutorial_objectstorage.py
[2023-12-20T06:12:54.423+0000] {processor.py:840} INFO - DAG(s) 'tutorial_objectstorage' retrieved from /home/airflow/.local/lib/python3.8/site-packages/airflow/example_dags/tutorial_objectstorage.py
[2023-12-20T06:12:54.620+0000] {logging_mixin.py:188} INFO - [2023-12-20T06:12:54.619+0000] {dag.py:3033} INFO - Sync 1 DAGs
[2023-12-20T06:12:54.939+0000] {logging_mixin.py:188} INFO - [2023-12-20T06:12:54.939+0000] {dag.py:3820} INFO - Setting next_dagrun for tutorial_objectstorage to None, run_after=None
[2023-12-20T06:12:55.337+0000] {processor.py:183} INFO - Processing /home/airflow/.local/lib/python3.8/site-packages/airflow/example_dags/tutorial_objectstorage.py took 1.156 seconds
[2023-12-20T06:13:32.705+0000] {processor.py:161} INFO - Started process (PID=706) to work on /home/airflow/.local/lib/python3.8/site-packages/airflow/example_dags/tutorial_objectstorage.py
[2023-12-20T06:13:32.742+0000] {processor.py:830} INFO - Processing file /home/airflow/.local/lib/python3.8/site-packages/airflow/example_dags/tutorial_objectstorage.py for tasks to queue
[2023-12-20T06:13:32.774+0000] {logging_mixin.py:188} INFO - [2023-12-20T06:13:32.774+0000] {dagbag.py:538} INFO - Filling up the DagBag from /home/airflow/.local/lib/python3.8/site-packages/airflow/example_dags/tutorial_objectstorage.py
[2023-12-20T06:13:32.965+0000] {processor.py:840} INFO - DAG(s) 'tutorial_objectstorage' retrieved from /home/airflow/.local/lib/python3.8/site-packages/airflow/example_dags/tutorial_objectstorage.py
[2023-12-20T06:13:33.457+0000] {logging_mixin.py:188} INFO - [2023-12-20T06:13:33.456+0000] {dag.py:3033} INFO - Sync 1 DAGs
[2023-12-20T06:13:33.641+0000] {logging_mixin.py:188} INFO - [2023-12-20T06:13:33.634+0000] {dag.py:3820} INFO - Setting next_dagrun for tutorial_objectstorage to None, run_after=None
[2023-12-20T06:13:33.940+0000] {processor.py:183} INFO - Processing /home/airflow/.local/lib/python3.8/site-packages/airflow/example_dags/tutorial_objectstorage.py took 1.350 seconds
[2023-12-20T06:14:19.850+0000] {processor.py:161} INFO - Started process (PID=765) to work on /home/airflow/.local/lib/python3.8/site-packages/airflow/example_dags/tutorial_objectstorage.py
[2023-12-20T06:14:19.852+0000] {processor.py:830} INFO - Processing file /home/airflow/.local/lib/python3.8/site-packages/airflow/example_dags/tutorial_objectstorage.py for tasks to queue
[2023-12-20T06:14:19.881+0000] {logging_mixin.py:188} INFO - [2023-12-20T06:14:19.868+0000] {dagbag.py:538} INFO - Filling up the DagBag from /home/airflow/.local/lib/python3.8/site-packages/airflow/example_dags/tutorial_objectstorage.py
[2023-12-20T06:14:19.982+0000] {processor.py:840} INFO - DAG(s) 'tutorial_objectstorage' retrieved from /home/airflow/.local/lib/python3.8/site-packages/airflow/example_dags/tutorial_objectstorage.py
[2023-12-20T06:14:20.194+0000] {logging_mixin.py:188} INFO - [2023-12-20T06:14:20.194+0000] {dag.py:3033} INFO - Sync 1 DAGs
[2023-12-20T06:14:20.554+0000] {logging_mixin.py:188} INFO - [2023-12-20T06:14:20.554+0000] {dag.py:3820} INFO - Setting next_dagrun for tutorial_objectstorage to None, run_after=None
[2023-12-20T06:14:21.003+0000] {processor.py:183} INFO - Processing /home/airflow/.local/lib/python3.8/site-packages/airflow/example_dags/tutorial_objectstorage.py took 1.173 seconds
[2023-12-20T06:14:54.708+0000] {processor.py:161} INFO - Started process (PID=821) to work on /home/airflow/.local/lib/python3.8/site-packages/airflow/example_dags/tutorial_objectstorage.py
[2023-12-20T06:14:54.716+0000] {processor.py:830} INFO - Processing file /home/airflow/.local/lib/python3.8/site-packages/airflow/example_dags/tutorial_objectstorage.py for tasks to queue
[2023-12-20T06:14:54.737+0000] {logging_mixin.py:188} INFO - [2023-12-20T06:14:54.720+0000] {dagbag.py:538} INFO - Filling up the DagBag from /home/airflow/.local/lib/python3.8/site-packages/airflow/example_dags/tutorial_objectstorage.py
[2023-12-20T06:14:54.782+0000] {processor.py:840} INFO - DAG(s) 'tutorial_objectstorage' retrieved from /home/airflow/.local/lib/python3.8/site-packages/airflow/example_dags/tutorial_objectstorage.py
[2023-12-20T06:14:54.896+0000] {logging_mixin.py:188} INFO - [2023-12-20T06:14:54.895+0000] {dag.py:3033} INFO - Sync 1 DAGs
[2023-12-20T06:14:54.989+0000] {logging_mixin.py:188} INFO - [2023-12-20T06:14:54.989+0000] {dag.py:3820} INFO - Setting next_dagrun for tutorial_objectstorage to None, run_after=None
[2023-12-20T06:14:55.118+0000] {processor.py:183} INFO - Processing /home/airflow/.local/lib/python3.8/site-packages/airflow/example_dags/tutorial_objectstorage.py took 0.430 seconds
[2023-12-20T06:15:26.657+0000] {processor.py:161} INFO - Started process (PID=876) to work on /home/airflow/.local/lib/python3.8/site-packages/airflow/example_dags/tutorial_objectstorage.py
[2023-12-20T06:15:26.693+0000] {processor.py:830} INFO - Processing file /home/airflow/.local/lib/python3.8/site-packages/airflow/example_dags/tutorial_objectstorage.py for tasks to queue
[2023-12-20T06:15:26.706+0000] {logging_mixin.py:188} INFO - [2023-12-20T06:15:26.706+0000] {dagbag.py:538} INFO - Filling up the DagBag from /home/airflow/.local/lib/python3.8/site-packages/airflow/example_dags/tutorial_objectstorage.py
[2023-12-20T06:15:26.805+0000] {processor.py:840} INFO - DAG(s) 'tutorial_objectstorage' retrieved from /home/airflow/.local/lib/python3.8/site-packages/airflow/example_dags/tutorial_objectstorage.py
[2023-12-20T06:15:27.111+0000] {logging_mixin.py:188} INFO - [2023-12-20T06:15:27.111+0000] {dag.py:3033} INFO - Sync 1 DAGs
[2023-12-20T06:15:27.334+0000] {logging_mixin.py:188} INFO - [2023-12-20T06:15:27.333+0000] {dag.py:3820} INFO - Setting next_dagrun for tutorial_objectstorage to None, run_after=None
[2023-12-20T06:15:27.649+0000] {processor.py:183} INFO - Processing /home/airflow/.local/lib/python3.8/site-packages/airflow/example_dags/tutorial_objectstorage.py took 1.096 seconds
[2023-12-20T06:15:58.038+0000] {processor.py:161} INFO - Started process (PID=931) to work on /home/airflow/.local/lib/python3.8/site-packages/airflow/example_dags/tutorial_objectstorage.py
[2023-12-20T06:15:58.073+0000] {processor.py:830} INFO - Processing file /home/airflow/.local/lib/python3.8/site-packages/airflow/example_dags/tutorial_objectstorage.py for tasks to queue
[2023-12-20T06:15:58.098+0000] {logging_mixin.py:188} INFO - [2023-12-20T06:15:58.076+0000] {dagbag.py:538} INFO - Filling up the DagBag from /home/airflow/.local/lib/python3.8/site-packages/airflow/example_dags/tutorial_objectstorage.py
[2023-12-20T06:15:58.236+0000] {processor.py:840} INFO - DAG(s) 'tutorial_objectstorage' retrieved from /home/airflow/.local/lib/python3.8/site-packages/airflow/example_dags/tutorial_objectstorage.py
[2023-12-20T06:15:58.599+0000] {logging_mixin.py:188} INFO - [2023-12-20T06:15:58.598+0000] {dag.py:3033} INFO - Sync 1 DAGs
[2023-12-20T06:15:58.804+0000] {logging_mixin.py:188} INFO - [2023-12-20T06:15:58.803+0000] {dag.py:3820} INFO - Setting next_dagrun for tutorial_objectstorage to None, run_after=None
[2023-12-20T06:15:59.192+0000] {processor.py:183} INFO - Processing /home/airflow/.local/lib/python3.8/site-packages/airflow/example_dags/tutorial_objectstorage.py took 1.224 seconds
[2023-12-20T06:16:29.372+0000] {processor.py:161} INFO - Started process (PID=986) to work on /home/airflow/.local/lib/python3.8/site-packages/airflow/example_dags/tutorial_objectstorage.py
[2023-12-20T06:16:29.400+0000] {processor.py:830} INFO - Processing file /home/airflow/.local/lib/python3.8/site-packages/airflow/example_dags/tutorial_objectstorage.py for tasks to queue
[2023-12-20T06:16:29.404+0000] {logging_mixin.py:188} INFO - [2023-12-20T06:16:29.404+0000] {dagbag.py:538} INFO - Filling up the DagBag from /home/airflow/.local/lib/python3.8/site-packages/airflow/example_dags/tutorial_objectstorage.py
[2023-12-20T06:16:29.455+0000] {processor.py:840} INFO - DAG(s) 'tutorial_objectstorage' retrieved from /home/airflow/.local/lib/python3.8/site-packages/airflow/example_dags/tutorial_objectstorage.py
[2023-12-20T06:16:29.558+0000] {logging_mixin.py:188} INFO - [2023-12-20T06:16:29.558+0000] {dag.py:3033} INFO - Sync 1 DAGs
[2023-12-20T06:16:29.699+0000] {logging_mixin.py:188} INFO - [2023-12-20T06:16:29.698+0000] {dag.py:3820} INFO - Setting next_dagrun for tutorial_objectstorage to None, run_after=None
[2023-12-20T06:16:29.894+0000] {processor.py:183} INFO - Processing /home/airflow/.local/lib/python3.8/site-packages/airflow/example_dags/tutorial_objectstorage.py took 0.527 seconds
[2023-12-20T06:17:00.559+0000] {processor.py:161} INFO - Started process (PID=1041) to work on /home/airflow/.local/lib/python3.8/site-packages/airflow/example_dags/tutorial_objectstorage.py
[2023-12-20T06:17:00.612+0000] {processor.py:830} INFO - Processing file /home/airflow/.local/lib/python3.8/site-packages/airflow/example_dags/tutorial_objectstorage.py for tasks to queue
[2023-12-20T06:17:00.635+0000] {logging_mixin.py:188} INFO - [2023-12-20T06:17:00.634+0000] {dagbag.py:538} INFO - Filling up the DagBag from /home/airflow/.local/lib/python3.8/site-packages/airflow/example_dags/tutorial_objectstorage.py
[2023-12-20T06:17:00.710+0000] {processor.py:840} INFO - DAG(s) 'tutorial_objectstorage' retrieved from /home/airflow/.local/lib/python3.8/site-packages/airflow/example_dags/tutorial_objectstorage.py
[2023-12-20T06:17:00.975+0000] {logging_mixin.py:188} INFO - [2023-12-20T06:17:00.975+0000] {dag.py:3033} INFO - Sync 1 DAGs
[2023-12-20T06:17:01.094+0000] {logging_mixin.py:188} INFO - [2023-12-20T06:17:01.093+0000] {dag.py:3820} INFO - Setting next_dagrun for tutorial_objectstorage to None, run_after=None
[2023-12-20T06:17:01.339+0000] {processor.py:183} INFO - Processing /home/airflow/.local/lib/python3.8/site-packages/airflow/example_dags/tutorial_objectstorage.py took 0.826 seconds
[2023-12-20T06:17:32.351+0000] {processor.py:161} INFO - Started process (PID=1096) to work on /home/airflow/.local/lib/python3.8/site-packages/airflow/example_dags/tutorial_objectstorage.py
[2023-12-20T06:17:32.385+0000] {processor.py:830} INFO - Processing file /home/airflow/.local/lib/python3.8/site-packages/airflow/example_dags/tutorial_objectstorage.py for tasks to queue
[2023-12-20T06:17:32.390+0000] {logging_mixin.py:188} INFO - [2023-12-20T06:17:32.390+0000] {dagbag.py:538} INFO - Filling up the DagBag from /home/airflow/.local/lib/python3.8/site-packages/airflow/example_dags/tutorial_objectstorage.py
[2023-12-20T06:17:32.405+0000] {processor.py:840} INFO - DAG(s) 'tutorial_objectstorage' retrieved from /home/airflow/.local/lib/python3.8/site-packages/airflow/example_dags/tutorial_objectstorage.py
[2023-12-20T06:17:32.453+0000] {logging_mixin.py:188} INFO - [2023-12-20T06:17:32.452+0000] {dag.py:3033} INFO - Sync 1 DAGs
[2023-12-20T06:17:32.488+0000] {logging_mixin.py:188} INFO - [2023-12-20T06:17:32.488+0000] {dag.py:3820} INFO - Setting next_dagrun for tutorial_objectstorage to None, run_after=None
[2023-12-20T06:17:32.585+0000] {processor.py:183} INFO - Processing /home/airflow/.local/lib/python3.8/site-packages/airflow/example_dags/tutorial_objectstorage.py took 0.269 seconds
[2023-12-20T06:18:11.624+0000] {processor.py:161} INFO - Started process (PID=1161) to work on /home/airflow/.local/lib/python3.8/site-packages/airflow/example_dags/tutorial_objectstorage.py
[2023-12-20T06:18:11.627+0000] {processor.py:830} INFO - Processing file /home/airflow/.local/lib/python3.8/site-packages/airflow/example_dags/tutorial_objectstorage.py for tasks to queue
[2023-12-20T06:18:11.631+0000] {logging_mixin.py:188} INFO - [2023-12-20T06:18:11.631+0000] {dagbag.py:538} INFO - Filling up the DagBag from /home/airflow/.local/lib/python3.8/site-packages/airflow/example_dags/tutorial_objectstorage.py
[2023-12-20T06:18:11.649+0000] {processor.py:840} INFO - DAG(s) 'tutorial_objectstorage' retrieved from /home/airflow/.local/lib/python3.8/site-packages/airflow/example_dags/tutorial_objectstorage.py
[2023-12-20T06:18:11.712+0000] {logging_mixin.py:188} INFO - [2023-12-20T06:18:11.711+0000] {dag.py:3033} INFO - Sync 1 DAGs
[2023-12-20T06:18:11.921+0000] {logging_mixin.py:188} INFO - [2023-12-20T06:18:11.921+0000] {dag.py:3820} INFO - Setting next_dagrun for tutorial_objectstorage to None, run_after=None
[2023-12-20T06:18:12.075+0000] {processor.py:183} INFO - Processing /home/airflow/.local/lib/python3.8/site-packages/airflow/example_dags/tutorial_objectstorage.py took 0.458 seconds
[2023-12-20T06:18:43.132+0000] {processor.py:161} INFO - Started process (PID=1215) to work on /home/airflow/.local/lib/python3.8/site-packages/airflow/example_dags/tutorial_objectstorage.py
[2023-12-20T06:18:43.145+0000] {processor.py:830} INFO - Processing file /home/airflow/.local/lib/python3.8/site-packages/airflow/example_dags/tutorial_objectstorage.py for tasks to queue
[2023-12-20T06:18:43.149+0000] {logging_mixin.py:188} INFO - [2023-12-20T06:18:43.149+0000] {dagbag.py:538} INFO - Filling up the DagBag from /home/airflow/.local/lib/python3.8/site-packages/airflow/example_dags/tutorial_objectstorage.py
[2023-12-20T06:18:43.214+0000] {processor.py:840} INFO - DAG(s) 'tutorial_objectstorage' retrieved from /home/airflow/.local/lib/python3.8/site-packages/airflow/example_dags/tutorial_objectstorage.py
[2023-12-20T06:18:43.581+0000] {logging_mixin.py:188} INFO - [2023-12-20T06:18:43.581+0000] {dag.py:3033} INFO - Sync 1 DAGs
[2023-12-20T06:18:43.735+0000] {logging_mixin.py:188} INFO - [2023-12-20T06:18:43.732+0000] {dag.py:3820} INFO - Setting next_dagrun for tutorial_objectstorage to None, run_after=None
[2023-12-20T06:18:44.115+0000] {processor.py:183} INFO - Processing /home/airflow/.local/lib/python3.8/site-packages/airflow/example_dags/tutorial_objectstorage.py took 1.012 seconds
[2023-12-20T06:19:14.594+0000] {processor.py:161} INFO - Started process (PID=1270) to work on /home/airflow/.local/lib/python3.8/site-packages/airflow/example_dags/tutorial_objectstorage.py
[2023-12-20T06:19:14.597+0000] {processor.py:830} INFO - Processing file /home/airflow/.local/lib/python3.8/site-packages/airflow/example_dags/tutorial_objectstorage.py for tasks to queue
[2023-12-20T06:19:14.602+0000] {logging_mixin.py:188} INFO - [2023-12-20T06:19:14.601+0000] {dagbag.py:538} INFO - Filling up the DagBag from /home/airflow/.local/lib/python3.8/site-packages/airflow/example_dags/tutorial_objectstorage.py
[2023-12-20T06:19:14.617+0000] {processor.py:840} INFO - DAG(s) 'tutorial_objectstorage' retrieved from /home/airflow/.local/lib/python3.8/site-packages/airflow/example_dags/tutorial_objectstorage.py
[2023-12-20T06:19:14.664+0000] {logging_mixin.py:188} INFO - [2023-12-20T06:19:14.663+0000] {dag.py:3033} INFO - Sync 1 DAGs
[2023-12-20T06:19:14.699+0000] {logging_mixin.py:188} INFO - [2023-12-20T06:19:14.698+0000] {dag.py:3820} INFO - Setting next_dagrun for tutorial_objectstorage to None, run_after=None
[2023-12-20T06:19:14.785+0000] {processor.py:183} INFO - Processing /home/airflow/.local/lib/python3.8/site-packages/airflow/example_dags/tutorial_objectstorage.py took 0.200 seconds
[2023-12-20T06:19:47.107+0000] {processor.py:161} INFO - Started process (PID=1327) to work on /home/airflow/.local/lib/python3.8/site-packages/airflow/example_dags/tutorial_objectstorage.py
[2023-12-20T06:19:47.117+0000] {processor.py:830} INFO - Processing file /home/airflow/.local/lib/python3.8/site-packages/airflow/example_dags/tutorial_objectstorage.py for tasks to queue
[2023-12-20T06:19:47.129+0000] {logging_mixin.py:188} INFO - [2023-12-20T06:19:47.129+0000] {dagbag.py:538} INFO - Filling up the DagBag from /home/airflow/.local/lib/python3.8/site-packages/airflow/example_dags/tutorial_objectstorage.py
[2023-12-20T06:19:47.176+0000] {processor.py:840} INFO - DAG(s) 'tutorial_objectstorage' retrieved from /home/airflow/.local/lib/python3.8/site-packages/airflow/example_dags/tutorial_objectstorage.py
[2023-12-20T06:19:47.242+0000] {logging_mixin.py:188} INFO - [2023-12-20T06:19:47.241+0000] {dag.py:3033} INFO - Sync 1 DAGs
[2023-12-20T06:19:47.277+0000] {logging_mixin.py:188} INFO - [2023-12-20T06:19:47.277+0000] {dag.py:3820} INFO - Setting next_dagrun for tutorial_objectstorage to None, run_after=None
[2023-12-20T06:19:47.327+0000] {processor.py:183} INFO - Processing /home/airflow/.local/lib/python3.8/site-packages/airflow/example_dags/tutorial_objectstorage.py took 0.227 seconds
[2023-12-20T06:20:18.373+0000] {processor.py:161} INFO - Started process (PID=1382) to work on /home/airflow/.local/lib/python3.8/site-packages/airflow/example_dags/tutorial_objectstorage.py
[2023-12-20T06:20:18.375+0000] {processor.py:830} INFO - Processing file /home/airflow/.local/lib/python3.8/site-packages/airflow/example_dags/tutorial_objectstorage.py for tasks to queue
[2023-12-20T06:20:18.380+0000] {logging_mixin.py:188} INFO - [2023-12-20T06:20:18.379+0000] {dagbag.py:538} INFO - Filling up the DagBag from /home/airflow/.local/lib/python3.8/site-packages/airflow/example_dags/tutorial_objectstorage.py
[2023-12-20T06:20:18.406+0000] {processor.py:840} INFO - DAG(s) 'tutorial_objectstorage' retrieved from /home/airflow/.local/lib/python3.8/site-packages/airflow/example_dags/tutorial_objectstorage.py
[2023-12-20T06:20:18.526+0000] {logging_mixin.py:188} INFO - [2023-12-20T06:20:18.525+0000] {dag.py:3033} INFO - Sync 1 DAGs
[2023-12-20T06:20:18.614+0000] {logging_mixin.py:188} INFO - [2023-12-20T06:20:18.614+0000] {dag.py:3820} INFO - Setting next_dagrun for tutorial_objectstorage to None, run_after=None
[2023-12-20T06:20:18.816+0000] {processor.py:183} INFO - Processing /home/airflow/.local/lib/python3.8/site-packages/airflow/example_dags/tutorial_objectstorage.py took 0.456 seconds
[2023-12-20T06:20:49.418+0000] {processor.py:161} INFO - Started process (PID=1436) to work on /home/airflow/.local/lib/python3.8/site-packages/airflow/example_dags/tutorial_objectstorage.py
[2023-12-20T06:20:49.422+0000] {processor.py:830} INFO - Processing file /home/airflow/.local/lib/python3.8/site-packages/airflow/example_dags/tutorial_objectstorage.py for tasks to queue
[2023-12-20T06:20:49.428+0000] {logging_mixin.py:188} INFO - [2023-12-20T06:20:49.427+0000] {dagbag.py:538} INFO - Filling up the DagBag from /home/airflow/.local/lib/python3.8/site-packages/airflow/example_dags/tutorial_objectstorage.py
[2023-12-20T06:20:49.445+0000] {processor.py:840} INFO - DAG(s) 'tutorial_objectstorage' retrieved from /home/airflow/.local/lib/python3.8/site-packages/airflow/example_dags/tutorial_objectstorage.py
[2023-12-20T06:20:49.508+0000] {logging_mixin.py:188} INFO - [2023-12-20T06:20:49.507+0000] {dag.py:3033} INFO - Sync 1 DAGs
[2023-12-20T06:20:49.547+0000] {logging_mixin.py:188} INFO - [2023-12-20T06:20:49.547+0000] {dag.py:3820} INFO - Setting next_dagrun for tutorial_objectstorage to None, run_after=None
[2023-12-20T06:20:49.655+0000] {processor.py:183} INFO - Processing /home/airflow/.local/lib/python3.8/site-packages/airflow/example_dags/tutorial_objectstorage.py took 0.245 seconds
[2023-12-20T06:21:19.833+0000] {processor.py:161} INFO - Started process (PID=1489) to work on /home/airflow/.local/lib/python3.8/site-packages/airflow/example_dags/tutorial_objectstorage.py
[2023-12-20T06:21:19.834+0000] {processor.py:830} INFO - Processing file /home/airflow/.local/lib/python3.8/site-packages/airflow/example_dags/tutorial_objectstorage.py for tasks to queue
[2023-12-20T06:21:19.839+0000] {logging_mixin.py:188} INFO - [2023-12-20T06:21:19.838+0000] {dagbag.py:538} INFO - Filling up the DagBag from /home/airflow/.local/lib/python3.8/site-packages/airflow/example_dags/tutorial_objectstorage.py
[2023-12-20T06:21:19.867+0000] {processor.py:840} INFO - DAG(s) 'tutorial_objectstorage' retrieved from /home/airflow/.local/lib/python3.8/site-packages/airflow/example_dags/tutorial_objectstorage.py
[2023-12-20T06:21:19.943+0000] {logging_mixin.py:188} INFO - [2023-12-20T06:21:19.942+0000] {dag.py:3033} INFO - Sync 1 DAGs
[2023-12-20T06:21:19.988+0000] {logging_mixin.py:188} INFO - [2023-12-20T06:21:19.985+0000] {dag.py:3820} INFO - Setting next_dagrun for tutorial_objectstorage to None, run_after=None
[2023-12-20T06:21:20.116+0000] {processor.py:183} INFO - Processing /home/airflow/.local/lib/python3.8/site-packages/airflow/example_dags/tutorial_objectstorage.py took 0.301 seconds
[2023-12-20T06:21:50.636+0000] {processor.py:161} INFO - Started process (PID=1546) to work on /home/airflow/.local/lib/python3.8/site-packages/airflow/example_dags/tutorial_objectstorage.py
[2023-12-20T06:21:50.688+0000] {processor.py:830} INFO - Processing file /home/airflow/.local/lib/python3.8/site-packages/airflow/example_dags/tutorial_objectstorage.py for tasks to queue
[2023-12-20T06:21:50.693+0000] {logging_mixin.py:188} INFO - [2023-12-20T06:21:50.693+0000] {dagbag.py:538} INFO - Filling up the DagBag from /home/airflow/.local/lib/python3.8/site-packages/airflow/example_dags/tutorial_objectstorage.py
[2023-12-20T06:21:50.709+0000] {processor.py:840} INFO - DAG(s) 'tutorial_objectstorage' retrieved from /home/airflow/.local/lib/python3.8/site-packages/airflow/example_dags/tutorial_objectstorage.py
[2023-12-20T06:21:50.769+0000] {logging_mixin.py:188} INFO - [2023-12-20T06:21:50.768+0000] {dag.py:3033} INFO - Sync 1 DAGs
[2023-12-20T06:21:50.815+0000] {logging_mixin.py:188} INFO - [2023-12-20T06:21:50.814+0000] {dag.py:3820} INFO - Setting next_dagrun for tutorial_objectstorage to None, run_after=None
[2023-12-20T06:21:50.911+0000] {processor.py:183} INFO - Processing /home/airflow/.local/lib/python3.8/site-packages/airflow/example_dags/tutorial_objectstorage.py took 0.282 seconds
[2023-12-20T06:22:21.894+0000] {processor.py:161} INFO - Started process (PID=1601) to work on /home/airflow/.local/lib/python3.8/site-packages/airflow/example_dags/tutorial_objectstorage.py
[2023-12-20T06:22:21.895+0000] {processor.py:830} INFO - Processing file /home/airflow/.local/lib/python3.8/site-packages/airflow/example_dags/tutorial_objectstorage.py for tasks to queue
[2023-12-20T06:22:21.898+0000] {logging_mixin.py:188} INFO - [2023-12-20T06:22:21.898+0000] {dagbag.py:538} INFO - Filling up the DagBag from /home/airflow/.local/lib/python3.8/site-packages/airflow/example_dags/tutorial_objectstorage.py
[2023-12-20T06:22:21.914+0000] {processor.py:840} INFO - DAG(s) 'tutorial_objectstorage' retrieved from /home/airflow/.local/lib/python3.8/site-packages/airflow/example_dags/tutorial_objectstorage.py
[2023-12-20T06:22:21.967+0000] {logging_mixin.py:188} INFO - [2023-12-20T06:22:21.966+0000] {dag.py:3033} INFO - Sync 1 DAGs
[2023-12-20T06:22:22.008+0000] {logging_mixin.py:188} INFO - [2023-12-20T06:22:22.007+0000] {dag.py:3820} INFO - Setting next_dagrun for tutorial_objectstorage to None, run_after=None
[2023-12-20T06:22:22.121+0000] {processor.py:183} INFO - Processing /home/airflow/.local/lib/python3.8/site-packages/airflow/example_dags/tutorial_objectstorage.py took 0.235 seconds
[2023-12-20T06:22:53.131+0000] {processor.py:161} INFO - Started process (PID=1657) to work on /home/airflow/.local/lib/python3.8/site-packages/airflow/example_dags/tutorial_objectstorage.py
[2023-12-20T06:22:53.137+0000] {processor.py:830} INFO - Processing file /home/airflow/.local/lib/python3.8/site-packages/airflow/example_dags/tutorial_objectstorage.py for tasks to queue
[2023-12-20T06:22:53.139+0000] {logging_mixin.py:188} INFO - [2023-12-20T06:22:53.138+0000] {dagbag.py:538} INFO - Filling up the DagBag from /home/airflow/.local/lib/python3.8/site-packages/airflow/example_dags/tutorial_objectstorage.py
[2023-12-20T06:22:53.154+0000] {processor.py:840} INFO - DAG(s) 'tutorial_objectstorage' retrieved from /home/airflow/.local/lib/python3.8/site-packages/airflow/example_dags/tutorial_objectstorage.py
[2023-12-20T06:22:53.212+0000] {logging_mixin.py:188} INFO - [2023-12-20T06:22:53.211+0000] {dag.py:3033} INFO - Sync 1 DAGs
[2023-12-20T06:22:53.255+0000] {logging_mixin.py:188} INFO - [2023-12-20T06:22:53.254+0000] {dag.py:3820} INFO - Setting next_dagrun for tutorial_objectstorage to None, run_after=None
[2023-12-20T06:22:53.328+0000] {processor.py:183} INFO - Processing /home/airflow/.local/lib/python3.8/site-packages/airflow/example_dags/tutorial_objectstorage.py took 0.215 seconds
[2023-12-20T06:23:24.512+0000] {processor.py:161} INFO - Started process (PID=1713) to work on /home/airflow/.local/lib/python3.8/site-packages/airflow/example_dags/tutorial_objectstorage.py
[2023-12-20T06:23:24.514+0000] {processor.py:830} INFO - Processing file /home/airflow/.local/lib/python3.8/site-packages/airflow/example_dags/tutorial_objectstorage.py for tasks to queue
[2023-12-20T06:23:24.517+0000] {logging_mixin.py:188} INFO - [2023-12-20T06:23:24.516+0000] {dagbag.py:538} INFO - Filling up the DagBag from /home/airflow/.local/lib/python3.8/site-packages/airflow/example_dags/tutorial_objectstorage.py
[2023-12-20T06:23:24.541+0000] {processor.py:840} INFO - DAG(s) 'tutorial_objectstorage' retrieved from /home/airflow/.local/lib/python3.8/site-packages/airflow/example_dags/tutorial_objectstorage.py
[2023-12-20T06:23:24.654+0000] {logging_mixin.py:188} INFO - [2023-12-20T06:23:24.653+0000] {dag.py:3033} INFO - Sync 1 DAGs
[2023-12-20T06:23:24.696+0000] {logging_mixin.py:188} INFO - [2023-12-20T06:23:24.695+0000] {dag.py:3820} INFO - Setting next_dagrun for tutorial_objectstorage to None, run_after=None
[2023-12-20T06:23:24.789+0000] {processor.py:183} INFO - Processing /home/airflow/.local/lib/python3.8/site-packages/airflow/example_dags/tutorial_objectstorage.py took 0.289 seconds
[2023-12-20T06:23:55.033+0000] {processor.py:161} INFO - Started process (PID=1768) to work on /home/airflow/.local/lib/python3.8/site-packages/airflow/example_dags/tutorial_objectstorage.py
[2023-12-20T06:23:55.043+0000] {processor.py:830} INFO - Processing file /home/airflow/.local/lib/python3.8/site-packages/airflow/example_dags/tutorial_objectstorage.py for tasks to queue
[2023-12-20T06:23:55.050+0000] {logging_mixin.py:188} INFO - [2023-12-20T06:23:55.044+0000] {dagbag.py:538} INFO - Filling up the DagBag from /home/airflow/.local/lib/python3.8/site-packages/airflow/example_dags/tutorial_objectstorage.py
[2023-12-20T06:23:55.132+0000] {processor.py:840} INFO - DAG(s) 'tutorial_objectstorage' retrieved from /home/airflow/.local/lib/python3.8/site-packages/airflow/example_dags/tutorial_objectstorage.py
[2023-12-20T06:23:55.322+0000] {logging_mixin.py:188} INFO - [2023-12-20T06:23:55.321+0000] {dag.py:3033} INFO - Sync 1 DAGs
[2023-12-20T06:23:55.407+0000] {logging_mixin.py:188} INFO - [2023-12-20T06:23:55.407+0000] {dag.py:3820} INFO - Setting next_dagrun for tutorial_objectstorage to None, run_after=None
[2023-12-20T06:23:55.678+0000] {processor.py:183} INFO - Processing /home/airflow/.local/lib/python3.8/site-packages/airflow/example_dags/tutorial_objectstorage.py took 0.674 seconds
[2023-12-20T06:24:25.801+0000] {processor.py:161} INFO - Started process (PID=1822) to work on /home/airflow/.local/lib/python3.8/site-packages/airflow/example_dags/tutorial_objectstorage.py
[2023-12-20T06:24:25.802+0000] {processor.py:830} INFO - Processing file /home/airflow/.local/lib/python3.8/site-packages/airflow/example_dags/tutorial_objectstorage.py for tasks to queue
[2023-12-20T06:24:25.804+0000] {logging_mixin.py:188} INFO - [2023-12-20T06:24:25.804+0000] {dagbag.py:538} INFO - Filling up the DagBag from /home/airflow/.local/lib/python3.8/site-packages/airflow/example_dags/tutorial_objectstorage.py
[2023-12-20T06:24:25.820+0000] {processor.py:840} INFO - DAG(s) 'tutorial_objectstorage' retrieved from /home/airflow/.local/lib/python3.8/site-packages/airflow/example_dags/tutorial_objectstorage.py
[2023-12-20T06:24:25.876+0000] {logging_mixin.py:188} INFO - [2023-12-20T06:24:25.876+0000] {dag.py:3033} INFO - Sync 1 DAGs
[2023-12-20T06:24:25.911+0000] {logging_mixin.py:188} INFO - [2023-12-20T06:24:25.910+0000] {dag.py:3820} INFO - Setting next_dagrun for tutorial_objectstorage to None, run_after=None
[2023-12-20T06:24:25.997+0000] {processor.py:183} INFO - Processing /home/airflow/.local/lib/python3.8/site-packages/airflow/example_dags/tutorial_objectstorage.py took 0.204 seconds
[2023-12-20T06:24:56.855+0000] {processor.py:161} INFO - Started process (PID=1877) to work on /home/airflow/.local/lib/python3.8/site-packages/airflow/example_dags/tutorial_objectstorage.py
[2023-12-20T06:24:56.888+0000] {processor.py:830} INFO - Processing file /home/airflow/.local/lib/python3.8/site-packages/airflow/example_dags/tutorial_objectstorage.py for tasks to queue
[2023-12-20T06:24:56.890+0000] {logging_mixin.py:188} INFO - [2023-12-20T06:24:56.889+0000] {dagbag.py:538} INFO - Filling up the DagBag from /home/airflow/.local/lib/python3.8/site-packages/airflow/example_dags/tutorial_objectstorage.py
[2023-12-20T06:24:56.930+0000] {processor.py:840} INFO - DAG(s) 'tutorial_objectstorage' retrieved from /home/airflow/.local/lib/python3.8/site-packages/airflow/example_dags/tutorial_objectstorage.py
[2023-12-20T06:24:56.986+0000] {logging_mixin.py:188} INFO - [2023-12-20T06:24:56.985+0000] {dag.py:3033} INFO - Sync 1 DAGs
[2023-12-20T06:24:57.019+0000] {logging_mixin.py:188} INFO - [2023-12-20T06:24:57.018+0000] {dag.py:3820} INFO - Setting next_dagrun for tutorial_objectstorage to None, run_after=None
[2023-12-20T06:24:57.130+0000] {processor.py:183} INFO - Processing /home/airflow/.local/lib/python3.8/site-packages/airflow/example_dags/tutorial_objectstorage.py took 0.310 seconds
[2023-12-20T06:25:27.900+0000] {processor.py:161} INFO - Started process (PID=1932) to work on /home/airflow/.local/lib/python3.8/site-packages/airflow/example_dags/tutorial_objectstorage.py
[2023-12-20T06:25:27.903+0000] {processor.py:830} INFO - Processing file /home/airflow/.local/lib/python3.8/site-packages/airflow/example_dags/tutorial_objectstorage.py for tasks to queue
[2023-12-20T06:25:27.905+0000] {logging_mixin.py:188} INFO - [2023-12-20T06:25:27.904+0000] {dagbag.py:538} INFO - Filling up the DagBag from /home/airflow/.local/lib/python3.8/site-packages/airflow/example_dags/tutorial_objectstorage.py
[2023-12-20T06:25:27.928+0000] {processor.py:840} INFO - DAG(s) 'tutorial_objectstorage' retrieved from /home/airflow/.local/lib/python3.8/site-packages/airflow/example_dags/tutorial_objectstorage.py
[2023-12-20T06:25:27.986+0000] {logging_mixin.py:188} INFO - [2023-12-20T06:25:27.986+0000] {dag.py:3033} INFO - Sync 1 DAGs
[2023-12-20T06:25:28.027+0000] {logging_mixin.py:188} INFO - [2023-12-20T06:25:28.026+0000] {dag.py:3820} INFO - Setting next_dagrun for tutorial_objectstorage to None, run_after=None
[2023-12-20T06:25:28.090+0000] {processor.py:183} INFO - Processing /home/airflow/.local/lib/python3.8/site-packages/airflow/example_dags/tutorial_objectstorage.py took 0.201 seconds
[2023-12-20T06:25:58.373+0000] {processor.py:161} INFO - Started process (PID=1987) to work on /home/airflow/.local/lib/python3.8/site-packages/airflow/example_dags/tutorial_objectstorage.py
[2023-12-20T06:25:58.378+0000] {processor.py:830} INFO - Processing file /home/airflow/.local/lib/python3.8/site-packages/airflow/example_dags/tutorial_objectstorage.py for tasks to queue
[2023-12-20T06:25:58.386+0000] {logging_mixin.py:188} INFO - [2023-12-20T06:25:58.385+0000] {dagbag.py:538} INFO - Filling up the DagBag from /home/airflow/.local/lib/python3.8/site-packages/airflow/example_dags/tutorial_objectstorage.py
[2023-12-20T06:25:58.413+0000] {processor.py:840} INFO - DAG(s) 'tutorial_objectstorage' retrieved from /home/airflow/.local/lib/python3.8/site-packages/airflow/example_dags/tutorial_objectstorage.py
[2023-12-20T06:25:58.506+0000] {logging_mixin.py:188} INFO - [2023-12-20T06:25:58.505+0000] {dag.py:3033} INFO - Sync 1 DAGs
[2023-12-20T06:25:58.676+0000] {logging_mixin.py:188} INFO - [2023-12-20T06:25:58.676+0000] {dag.py:3820} INFO - Setting next_dagrun for tutorial_objectstorage to None, run_after=None
[2023-12-20T06:25:58.783+0000] {processor.py:183} INFO - Processing /home/airflow/.local/lib/python3.8/site-packages/airflow/example_dags/tutorial_objectstorage.py took 0.430 seconds
[2023-12-20T06:26:29.204+0000] {processor.py:161} INFO - Started process (PID=2042) to work on /home/airflow/.local/lib/python3.8/site-packages/airflow/example_dags/tutorial_objectstorage.py
[2023-12-20T06:26:29.255+0000] {processor.py:830} INFO - Processing file /home/airflow/.local/lib/python3.8/site-packages/airflow/example_dags/tutorial_objectstorage.py for tasks to queue
[2023-12-20T06:26:29.256+0000] {logging_mixin.py:188} INFO - [2023-12-20T06:26:29.256+0000] {dagbag.py:538} INFO - Filling up the DagBag from /home/airflow/.local/lib/python3.8/site-packages/airflow/example_dags/tutorial_objectstorage.py
[2023-12-20T06:26:29.271+0000] {processor.py:840} INFO - DAG(s) 'tutorial_objectstorage' retrieved from /home/airflow/.local/lib/python3.8/site-packages/airflow/example_dags/tutorial_objectstorage.py
[2023-12-20T06:26:29.320+0000] {logging_mixin.py:188} INFO - [2023-12-20T06:26:29.319+0000] {dag.py:3033} INFO - Sync 1 DAGs
[2023-12-20T06:26:29.352+0000] {logging_mixin.py:188} INFO - [2023-12-20T06:26:29.352+0000] {dag.py:3820} INFO - Setting next_dagrun for tutorial_objectstorage to None, run_after=None
[2023-12-20T06:26:29.443+0000] {processor.py:183} INFO - Processing /home/airflow/.local/lib/python3.8/site-packages/airflow/example_dags/tutorial_objectstorage.py took 0.248 seconds
[2023-12-20T06:27:12.967+0000] {processor.py:161} INFO - Started process (PID=2103) to work on /home/airflow/.local/lib/python3.8/site-packages/airflow/example_dags/tutorial_objectstorage.py
[2023-12-20T06:27:12.988+0000] {processor.py:830} INFO - Processing file /home/airflow/.local/lib/python3.8/site-packages/airflow/example_dags/tutorial_objectstorage.py for tasks to queue
[2023-12-20T06:27:12.991+0000] {logging_mixin.py:188} INFO - [2023-12-20T06:27:12.990+0000] {dagbag.py:538} INFO - Filling up the DagBag from /home/airflow/.local/lib/python3.8/site-packages/airflow/example_dags/tutorial_objectstorage.py
[2023-12-20T06:27:13.050+0000] {processor.py:840} INFO - DAG(s) 'tutorial_objectstorage' retrieved from /home/airflow/.local/lib/python3.8/site-packages/airflow/example_dags/tutorial_objectstorage.py
[2023-12-20T06:27:13.205+0000] {logging_mixin.py:188} INFO - [2023-12-20T06:27:13.204+0000] {dag.py:3033} INFO - Sync 1 DAGs
[2023-12-20T06:27:13.299+0000] {logging_mixin.py:188} INFO - [2023-12-20T06:27:13.299+0000] {dag.py:3820} INFO - Setting next_dagrun for tutorial_objectstorage to None, run_after=None
[2023-12-20T06:27:13.519+0000] {processor.py:183} INFO - Processing /home/airflow/.local/lib/python3.8/site-packages/airflow/example_dags/tutorial_objectstorage.py took 0.581 seconds
[2023-12-20T06:27:44.034+0000] {processor.py:161} INFO - Started process (PID=2161) to work on /home/airflow/.local/lib/python3.8/site-packages/airflow/example_dags/tutorial_objectstorage.py
[2023-12-20T06:27:44.060+0000] {processor.py:830} INFO - Processing file /home/airflow/.local/lib/python3.8/site-packages/airflow/example_dags/tutorial_objectstorage.py for tasks to queue
[2023-12-20T06:27:44.062+0000] {logging_mixin.py:188} INFO - [2023-12-20T06:27:44.061+0000] {dagbag.py:538} INFO - Filling up the DagBag from /home/airflow/.local/lib/python3.8/site-packages/airflow/example_dags/tutorial_objectstorage.py
[2023-12-20T06:27:44.085+0000] {processor.py:840} INFO - DAG(s) 'tutorial_objectstorage' retrieved from /home/airflow/.local/lib/python3.8/site-packages/airflow/example_dags/tutorial_objectstorage.py
[2023-12-20T06:27:44.141+0000] {logging_mixin.py:188} INFO - [2023-12-20T06:27:44.141+0000] {dag.py:3033} INFO - Sync 1 DAGs
[2023-12-20T06:27:44.173+0000] {logging_mixin.py:188} INFO - [2023-12-20T06:27:44.173+0000] {dag.py:3820} INFO - Setting next_dagrun for tutorial_objectstorage to None, run_after=None
[2023-12-20T06:27:44.263+0000] {processor.py:183} INFO - Processing /home/airflow/.local/lib/python3.8/site-packages/airflow/example_dags/tutorial_objectstorage.py took 0.255 seconds
[2023-12-20T06:28:18.832+0000] {processor.py:161} INFO - Started process (PID=2226) to work on /home/airflow/.local/lib/python3.8/site-packages/airflow/example_dags/tutorial_objectstorage.py
[2023-12-20T06:28:18.881+0000] {processor.py:830} INFO - Processing file /home/airflow/.local/lib/python3.8/site-packages/airflow/example_dags/tutorial_objectstorage.py for tasks to queue
[2023-12-20T06:28:18.885+0000] {logging_mixin.py:188} INFO - [2023-12-20T06:28:18.885+0000] {dagbag.py:538} INFO - Filling up the DagBag from /home/airflow/.local/lib/python3.8/site-packages/airflow/example_dags/tutorial_objectstorage.py
[2023-12-20T06:28:18.917+0000] {processor.py:840} INFO - DAG(s) 'tutorial_objectstorage' retrieved from /home/airflow/.local/lib/python3.8/site-packages/airflow/example_dags/tutorial_objectstorage.py
[2023-12-20T06:28:19.000+0000] {logging_mixin.py:188} INFO - [2023-12-20T06:28:18.999+0000] {dag.py:3033} INFO - Sync 1 DAGs
[2023-12-20T06:28:19.036+0000] {logging_mixin.py:188} INFO - [2023-12-20T06:28:19.035+0000] {dag.py:3820} INFO - Setting next_dagrun for tutorial_objectstorage to None, run_after=None
[2023-12-20T06:28:19.124+0000] {processor.py:183} INFO - Processing /home/airflow/.local/lib/python3.8/site-packages/airflow/example_dags/tutorial_objectstorage.py took 0.309 seconds
[2023-12-20T06:28:49.504+0000] {processor.py:161} INFO - Started process (PID=2283) to work on /home/airflow/.local/lib/python3.8/site-packages/airflow/example_dags/tutorial_objectstorage.py
[2023-12-20T06:28:49.506+0000] {processor.py:830} INFO - Processing file /home/airflow/.local/lib/python3.8/site-packages/airflow/example_dags/tutorial_objectstorage.py for tasks to queue
[2023-12-20T06:28:49.508+0000] {logging_mixin.py:188} INFO - [2023-12-20T06:28:49.507+0000] {dagbag.py:538} INFO - Filling up the DagBag from /home/airflow/.local/lib/python3.8/site-packages/airflow/example_dags/tutorial_objectstorage.py
[2023-12-20T06:28:49.523+0000] {processor.py:840} INFO - DAG(s) 'tutorial_objectstorage' retrieved from /home/airflow/.local/lib/python3.8/site-packages/airflow/example_dags/tutorial_objectstorage.py
[2023-12-20T06:28:49.574+0000] {logging_mixin.py:188} INFO - [2023-12-20T06:28:49.574+0000] {dag.py:3033} INFO - Sync 1 DAGs
[2023-12-20T06:28:49.609+0000] {logging_mixin.py:188} INFO - [2023-12-20T06:28:49.608+0000] {dag.py:3820} INFO - Setting next_dagrun for tutorial_objectstorage to None, run_after=None
[2023-12-20T06:28:49.698+0000] {processor.py:183} INFO - Processing /home/airflow/.local/lib/python3.8/site-packages/airflow/example_dags/tutorial_objectstorage.py took 0.200 seconds
[2023-12-20T06:29:20.210+0000] {processor.py:161} INFO - Started process (PID=2340) to work on /home/airflow/.local/lib/python3.8/site-packages/airflow/example_dags/tutorial_objectstorage.py
[2023-12-20T06:29:20.212+0000] {processor.py:830} INFO - Processing file /home/airflow/.local/lib/python3.8/site-packages/airflow/example_dags/tutorial_objectstorage.py for tasks to queue
[2023-12-20T06:29:20.215+0000] {logging_mixin.py:188} INFO - [2023-12-20T06:29:20.214+0000] {dagbag.py:538} INFO - Filling up the DagBag from /home/airflow/.local/lib/python3.8/site-packages/airflow/example_dags/tutorial_objectstorage.py
[2023-12-20T06:29:20.229+0000] {processor.py:840} INFO - DAG(s) 'tutorial_objectstorage' retrieved from /home/airflow/.local/lib/python3.8/site-packages/airflow/example_dags/tutorial_objectstorage.py
[2023-12-20T06:29:20.278+0000] {logging_mixin.py:188} INFO - [2023-12-20T06:29:20.278+0000] {dag.py:3033} INFO - Sync 1 DAGs
[2023-12-20T06:29:20.311+0000] {logging_mixin.py:188} INFO - [2023-12-20T06:29:20.310+0000] {dag.py:3820} INFO - Setting next_dagrun for tutorial_objectstorage to None, run_after=None
[2023-12-20T06:29:20.362+0000] {processor.py:183} INFO - Processing /home/airflow/.local/lib/python3.8/site-packages/airflow/example_dags/tutorial_objectstorage.py took 0.158 seconds
[2023-12-20T06:29:50.979+0000] {processor.py:161} INFO - Started process (PID=2397) to work on /home/airflow/.local/lib/python3.8/site-packages/airflow/example_dags/tutorial_objectstorage.py
[2023-12-20T06:29:50.981+0000] {processor.py:830} INFO - Processing file /home/airflow/.local/lib/python3.8/site-packages/airflow/example_dags/tutorial_objectstorage.py for tasks to queue
[2023-12-20T06:29:50.983+0000] {logging_mixin.py:188} INFO - [2023-12-20T06:29:50.982+0000] {dagbag.py:538} INFO - Filling up the DagBag from /home/airflow/.local/lib/python3.8/site-packages/airflow/example_dags/tutorial_objectstorage.py
[2023-12-20T06:29:50.997+0000] {processor.py:840} INFO - DAG(s) 'tutorial_objectstorage' retrieved from /home/airflow/.local/lib/python3.8/site-packages/airflow/example_dags/tutorial_objectstorage.py
[2023-12-20T06:29:51.043+0000] {logging_mixin.py:188} INFO - [2023-12-20T06:29:51.043+0000] {dag.py:3033} INFO - Sync 1 DAGs
[2023-12-20T06:29:51.076+0000] {logging_mixin.py:188} INFO - [2023-12-20T06:29:51.075+0000] {dag.py:3820} INFO - Setting next_dagrun for tutorial_objectstorage to None, run_after=None
[2023-12-20T06:29:51.404+0000] {processor.py:183} INFO - Processing /home/airflow/.local/lib/python3.8/site-packages/airflow/example_dags/tutorial_objectstorage.py took 0.431 seconds
[2023-12-20T06:30:28.592+0000] {processor.py:161} INFO - Started process (PID=2459) to work on /home/airflow/.local/lib/python3.8/site-packages/airflow/example_dags/tutorial_objectstorage.py
[2023-12-20T06:30:28.601+0000] {processor.py:830} INFO - Processing file /home/airflow/.local/lib/python3.8/site-packages/airflow/example_dags/tutorial_objectstorage.py for tasks to queue
[2023-12-20T06:30:28.603+0000] {logging_mixin.py:188} INFO - [2023-12-20T06:30:28.602+0000] {dagbag.py:538} INFO - Filling up the DagBag from /home/airflow/.local/lib/python3.8/site-packages/airflow/example_dags/tutorial_objectstorage.py
[2023-12-20T06:30:28.618+0000] {processor.py:840} INFO - DAG(s) 'tutorial_objectstorage' retrieved from /home/airflow/.local/lib/python3.8/site-packages/airflow/example_dags/tutorial_objectstorage.py
[2023-12-20T06:30:28.713+0000] {logging_mixin.py:188} INFO - [2023-12-20T06:30:28.712+0000] {dag.py:3033} INFO - Sync 1 DAGs
[2023-12-20T06:30:28.761+0000] {logging_mixin.py:188} INFO - [2023-12-20T06:30:28.760+0000] {dag.py:3820} INFO - Setting next_dagrun for tutorial_objectstorage to None, run_after=None
[2023-12-20T06:30:28.939+0000] {processor.py:183} INFO - Processing /home/airflow/.local/lib/python3.8/site-packages/airflow/example_dags/tutorial_objectstorage.py took 0.366 seconds
[2023-12-20T06:31:04.360+0000] {processor.py:161} INFO - Started process (PID=2516) to work on /home/airflow/.local/lib/python3.8/site-packages/airflow/example_dags/tutorial_objectstorage.py
[2023-12-20T06:31:04.371+0000] {processor.py:830} INFO - Processing file /home/airflow/.local/lib/python3.8/site-packages/airflow/example_dags/tutorial_objectstorage.py for tasks to queue
[2023-12-20T06:31:04.379+0000] {logging_mixin.py:188} INFO - [2023-12-20T06:31:04.379+0000] {dagbag.py:538} INFO - Filling up the DagBag from /home/airflow/.local/lib/python3.8/site-packages/airflow/example_dags/tutorial_objectstorage.py
[2023-12-20T06:31:04.487+0000] {processor.py:840} INFO - DAG(s) 'tutorial_objectstorage' retrieved from /home/airflow/.local/lib/python3.8/site-packages/airflow/example_dags/tutorial_objectstorage.py
[2023-12-20T06:31:05.002+0000] {logging_mixin.py:188} INFO - [2023-12-20T06:31:04.995+0000] {dag.py:3033} INFO - Sync 1 DAGs
[2023-12-20T06:31:05.132+0000] {logging_mixin.py:188} INFO - [2023-12-20T06:31:05.132+0000] {dag.py:3820} INFO - Setting next_dagrun for tutorial_objectstorage to None, run_after=None
[2023-12-20T06:31:05.384+0000] {processor.py:183} INFO - Processing /home/airflow/.local/lib/python3.8/site-packages/airflow/example_dags/tutorial_objectstorage.py took 1.082 seconds
[2023-12-20T06:31:39.850+0000] {processor.py:161} INFO - Started process (PID=2576) to work on /home/airflow/.local/lib/python3.8/site-packages/airflow/example_dags/tutorial_objectstorage.py
[2023-12-20T06:31:39.853+0000] {processor.py:830} INFO - Processing file /home/airflow/.local/lib/python3.8/site-packages/airflow/example_dags/tutorial_objectstorage.py for tasks to queue
[2023-12-20T06:31:39.855+0000] {logging_mixin.py:188} INFO - [2023-12-20T06:31:39.854+0000] {dagbag.py:538} INFO - Filling up the DagBag from /home/airflow/.local/lib/python3.8/site-packages/airflow/example_dags/tutorial_objectstorage.py
[2023-12-20T06:31:40.259+0000] {processor.py:840} INFO - DAG(s) 'tutorial_objectstorage' retrieved from /home/airflow/.local/lib/python3.8/site-packages/airflow/example_dags/tutorial_objectstorage.py
[2023-12-20T06:31:40.312+0000] {logging_mixin.py:188} INFO - [2023-12-20T06:31:40.311+0000] {dag.py:3033} INFO - Sync 1 DAGs
[2023-12-20T06:31:40.343+0000] {logging_mixin.py:188} INFO - [2023-12-20T06:31:40.342+0000] {dag.py:3820} INFO - Setting next_dagrun for tutorial_objectstorage to None, run_after=None
[2023-12-20T06:31:40.423+0000] {processor.py:183} INFO - Processing /home/airflow/.local/lib/python3.8/site-packages/airflow/example_dags/tutorial_objectstorage.py took 0.581 seconds
[2023-12-20T06:32:11.104+0000] {processor.py:161} INFO - Started process (PID=2635) to work on /home/airflow/.local/lib/python3.8/site-packages/airflow/example_dags/tutorial_objectstorage.py
[2023-12-20T06:32:11.109+0000] {processor.py:830} INFO - Processing file /home/airflow/.local/lib/python3.8/site-packages/airflow/example_dags/tutorial_objectstorage.py for tasks to queue
[2023-12-20T06:32:11.111+0000] {logging_mixin.py:188} INFO - [2023-12-20T06:32:11.110+0000] {dagbag.py:538} INFO - Filling up the DagBag from /home/airflow/.local/lib/python3.8/site-packages/airflow/example_dags/tutorial_objectstorage.py
[2023-12-20T06:32:11.158+0000] {processor.py:840} INFO - DAG(s) 'tutorial_objectstorage' retrieved from /home/airflow/.local/lib/python3.8/site-packages/airflow/example_dags/tutorial_objectstorage.py
[2023-12-20T06:32:11.250+0000] {logging_mixin.py:188} INFO - [2023-12-20T06:32:11.250+0000] {dag.py:3033} INFO - Sync 1 DAGs
[2023-12-20T06:32:11.331+0000] {logging_mixin.py:188} INFO - [2023-12-20T06:32:11.331+0000] {dag.py:3820} INFO - Setting next_dagrun for tutorial_objectstorage to None, run_after=None
[2023-12-20T06:32:11.465+0000] {processor.py:183} INFO - Processing /home/airflow/.local/lib/python3.8/site-packages/airflow/example_dags/tutorial_objectstorage.py took 0.386 seconds
[2023-12-20T06:32:41.914+0000] {processor.py:161} INFO - Started process (PID=2694) to work on /home/airflow/.local/lib/python3.8/site-packages/airflow/example_dags/tutorial_objectstorage.py
[2023-12-20T06:32:41.927+0000] {processor.py:830} INFO - Processing file /home/airflow/.local/lib/python3.8/site-packages/airflow/example_dags/tutorial_objectstorage.py for tasks to queue
[2023-12-20T06:32:41.932+0000] {logging_mixin.py:188} INFO - [2023-12-20T06:32:41.931+0000] {dagbag.py:538} INFO - Filling up the DagBag from /home/airflow/.local/lib/python3.8/site-packages/airflow/example_dags/tutorial_objectstorage.py
[2023-12-20T06:32:41.963+0000] {processor.py:840} INFO - DAG(s) 'tutorial_objectstorage' retrieved from /home/airflow/.local/lib/python3.8/site-packages/airflow/example_dags/tutorial_objectstorage.py
[2023-12-20T06:32:42.087+0000] {logging_mixin.py:188} INFO - [2023-12-20T06:32:42.087+0000] {dag.py:3033} INFO - Sync 1 DAGs
[2023-12-20T06:32:42.180+0000] {logging_mixin.py:188} INFO - [2023-12-20T06:32:42.179+0000] {dag.py:3820} INFO - Setting next_dagrun for tutorial_objectstorage to None, run_after=None
[2023-12-20T06:32:42.284+0000] {processor.py:183} INFO - Processing /home/airflow/.local/lib/python3.8/site-packages/airflow/example_dags/tutorial_objectstorage.py took 0.387 seconds
[2023-12-20T06:33:12.821+0000] {processor.py:161} INFO - Started process (PID=2753) to work on /home/airflow/.local/lib/python3.8/site-packages/airflow/example_dags/tutorial_objectstorage.py
[2023-12-20T06:33:12.825+0000] {processor.py:830} INFO - Processing file /home/airflow/.local/lib/python3.8/site-packages/airflow/example_dags/tutorial_objectstorage.py for tasks to queue
[2023-12-20T06:33:12.827+0000] {logging_mixin.py:188} INFO - [2023-12-20T06:33:12.827+0000] {dagbag.py:538} INFO - Filling up the DagBag from /home/airflow/.local/lib/python3.8/site-packages/airflow/example_dags/tutorial_objectstorage.py
[2023-12-20T06:33:12.905+0000] {processor.py:840} INFO - DAG(s) 'tutorial_objectstorage' retrieved from /home/airflow/.local/lib/python3.8/site-packages/airflow/example_dags/tutorial_objectstorage.py
[2023-12-20T06:33:13.072+0000] {logging_mixin.py:188} INFO - [2023-12-20T06:33:13.071+0000] {dag.py:3033} INFO - Sync 1 DAGs
[2023-12-20T06:33:13.213+0000] {logging_mixin.py:188} INFO - [2023-12-20T06:33:13.212+0000] {dag.py:3820} INFO - Setting next_dagrun for tutorial_objectstorage to None, run_after=None
[2023-12-20T06:33:13.492+0000] {processor.py:183} INFO - Processing /home/airflow/.local/lib/python3.8/site-packages/airflow/example_dags/tutorial_objectstorage.py took 0.717 seconds
[2023-12-20T06:34:16.781+0000] {processor.py:161} INFO - Started process (PID=2823) to work on /home/airflow/.local/lib/python3.8/site-packages/airflow/example_dags/tutorial_objectstorage.py
[2023-12-20T06:34:16.802+0000] {processor.py:830} INFO - Processing file /home/airflow/.local/lib/python3.8/site-packages/airflow/example_dags/tutorial_objectstorage.py for tasks to queue
[2023-12-20T06:34:16.830+0000] {logging_mixin.py:188} INFO - [2023-12-20T06:34:16.804+0000] {dagbag.py:538} INFO - Filling up the DagBag from /home/airflow/.local/lib/python3.8/site-packages/airflow/example_dags/tutorial_objectstorage.py
[2023-12-20T06:34:16.954+0000] {processor.py:840} INFO - DAG(s) 'tutorial_objectstorage' retrieved from /home/airflow/.local/lib/python3.8/site-packages/airflow/example_dags/tutorial_objectstorage.py
[2023-12-20T06:34:17.237+0000] {logging_mixin.py:188} INFO - [2023-12-20T06:34:17.236+0000] {dag.py:3033} INFO - Sync 1 DAGs
[2023-12-20T06:34:17.736+0000] {logging_mixin.py:188} INFO - [2023-12-20T06:34:17.735+0000] {dag.py:3820} INFO - Setting next_dagrun for tutorial_objectstorage to None, run_after=None
[2023-12-20T06:34:18.355+0000] {processor.py:183} INFO - Processing /home/airflow/.local/lib/python3.8/site-packages/airflow/example_dags/tutorial_objectstorage.py took 1.725 seconds
[2023-12-20T06:35:16.707+0000] {processor.py:161} INFO - Started process (PID=2885) to work on /home/airflow/.local/lib/python3.8/site-packages/airflow/example_dags/tutorial_objectstorage.py
[2023-12-20T06:35:16.735+0000] {processor.py:830} INFO - Processing file /home/airflow/.local/lib/python3.8/site-packages/airflow/example_dags/tutorial_objectstorage.py for tasks to queue
[2023-12-20T06:35:16.755+0000] {logging_mixin.py:188} INFO - [2023-12-20T06:35:16.736+0000] {dagbag.py:538} INFO - Filling up the DagBag from /home/airflow/.local/lib/python3.8/site-packages/airflow/example_dags/tutorial_objectstorage.py
[2023-12-20T06:35:16.816+0000] {processor.py:840} INFO - DAG(s) 'tutorial_objectstorage' retrieved from /home/airflow/.local/lib/python3.8/site-packages/airflow/example_dags/tutorial_objectstorage.py
[2023-12-20T06:35:17.267+0000] {logging_mixin.py:188} INFO - [2023-12-20T06:35:17.266+0000] {dag.py:3033} INFO - Sync 1 DAGs
[2023-12-20T06:35:17.442+0000] {logging_mixin.py:188} INFO - [2023-12-20T06:35:17.442+0000] {dag.py:3820} INFO - Setting next_dagrun for tutorial_objectstorage to None, run_after=None
[2023-12-20T06:35:17.769+0000] {processor.py:183} INFO - Processing /home/airflow/.local/lib/python3.8/site-packages/airflow/example_dags/tutorial_objectstorage.py took 1.134 seconds
[2023-12-20T06:36:36.819+0000] {processor.py:161} INFO - Started process (PID=2974) to work on /home/airflow/.local/lib/python3.8/site-packages/airflow/example_dags/tutorial_objectstorage.py
[2023-12-20T06:36:36.858+0000] {processor.py:830} INFO - Processing file /home/airflow/.local/lib/python3.8/site-packages/airflow/example_dags/tutorial_objectstorage.py for tasks to queue
[2023-12-20T06:36:36.913+0000] {logging_mixin.py:188} INFO - [2023-12-20T06:36:36.860+0000] {dagbag.py:538} INFO - Filling up the DagBag from /home/airflow/.local/lib/python3.8/site-packages/airflow/example_dags/tutorial_objectstorage.py
[2023-12-20T06:36:37.053+0000] {processor.py:840} INFO - DAG(s) 'tutorial_objectstorage' retrieved from /home/airflow/.local/lib/python3.8/site-packages/airflow/example_dags/tutorial_objectstorage.py
[2023-12-20T06:36:37.414+0000] {logging_mixin.py:188} INFO - [2023-12-20T06:36:37.414+0000] {dag.py:3033} INFO - Sync 1 DAGs
[2023-12-20T06:36:37.660+0000] {logging_mixin.py:188} INFO - [2023-12-20T06:36:37.659+0000] {dag.py:3820} INFO - Setting next_dagrun for tutorial_objectstorage to None, run_after=None
[2023-12-20T06:36:38.013+0000] {processor.py:183} INFO - Processing /home/airflow/.local/lib/python3.8/site-packages/airflow/example_dags/tutorial_objectstorage.py took 1.239 seconds
[2023-12-20T06:37:59.652+0000] {processor.py:161} INFO - Started process (PID=3060) to work on /home/airflow/.local/lib/python3.8/site-packages/airflow/example_dags/tutorial_objectstorage.py
[2023-12-20T06:37:59.682+0000] {processor.py:830} INFO - Processing file /home/airflow/.local/lib/python3.8/site-packages/airflow/example_dags/tutorial_objectstorage.py for tasks to queue
[2023-12-20T06:37:59.684+0000] {logging_mixin.py:188} INFO - [2023-12-20T06:37:59.683+0000] {dagbag.py:538} INFO - Filling up the DagBag from /home/airflow/.local/lib/python3.8/site-packages/airflow/example_dags/tutorial_objectstorage.py
[2023-12-20T06:37:59.747+0000] {processor.py:840} INFO - DAG(s) 'tutorial_objectstorage' retrieved from /home/airflow/.local/lib/python3.8/site-packages/airflow/example_dags/tutorial_objectstorage.py
[2023-12-20T06:38:00.091+0000] {logging_mixin.py:188} INFO - [2023-12-20T06:38:00.080+0000] {dag.py:3033} INFO - Sync 1 DAGs
[2023-12-20T06:38:00.352+0000] {logging_mixin.py:188} INFO - [2023-12-20T06:38:00.351+0000] {dag.py:3820} INFO - Setting next_dagrun for tutorial_objectstorage to None, run_after=None
[2023-12-20T06:38:00.689+0000] {processor.py:183} INFO - Processing /home/airflow/.local/lib/python3.8/site-packages/airflow/example_dags/tutorial_objectstorage.py took 1.069 seconds
[2023-12-20T06:38:31.581+0000] {processor.py:161} INFO - Started process (PID=3124) to work on /home/airflow/.local/lib/python3.8/site-packages/airflow/example_dags/tutorial_objectstorage.py
[2023-12-20T06:38:31.584+0000] {processor.py:830} INFO - Processing file /home/airflow/.local/lib/python3.8/site-packages/airflow/example_dags/tutorial_objectstorage.py for tasks to queue
[2023-12-20T06:38:31.586+0000] {logging_mixin.py:188} INFO - [2023-12-20T06:38:31.585+0000] {dagbag.py:538} INFO - Filling up the DagBag from /home/airflow/.local/lib/python3.8/site-packages/airflow/example_dags/tutorial_objectstorage.py
[2023-12-20T06:38:31.598+0000] {processor.py:840} INFO - DAG(s) 'tutorial_objectstorage' retrieved from /home/airflow/.local/lib/python3.8/site-packages/airflow/example_dags/tutorial_objectstorage.py
[2023-12-20T06:38:31.699+0000] {logging_mixin.py:188} INFO - [2023-12-20T06:38:31.699+0000] {dag.py:3033} INFO - Sync 1 DAGs
[2023-12-20T06:38:31.767+0000] {logging_mixin.py:188} INFO - [2023-12-20T06:38:31.766+0000] {dag.py:3820} INFO - Setting next_dagrun for tutorial_objectstorage to None, run_after=None
[2023-12-20T06:38:31.872+0000] {processor.py:183} INFO - Processing /home/airflow/.local/lib/python3.8/site-packages/airflow/example_dags/tutorial_objectstorage.py took 0.299 seconds
[2023-12-20T06:39:02.497+0000] {processor.py:161} INFO - Started process (PID=3184) to work on /home/airflow/.local/lib/python3.8/site-packages/airflow/example_dags/tutorial_objectstorage.py
[2023-12-20T06:39:02.498+0000] {processor.py:830} INFO - Processing file /home/airflow/.local/lib/python3.8/site-packages/airflow/example_dags/tutorial_objectstorage.py for tasks to queue
[2023-12-20T06:39:02.501+0000] {logging_mixin.py:188} INFO - [2023-12-20T06:39:02.500+0000] {dagbag.py:538} INFO - Filling up the DagBag from /home/airflow/.local/lib/python3.8/site-packages/airflow/example_dags/tutorial_objectstorage.py
[2023-12-20T06:39:02.513+0000] {processor.py:840} INFO - DAG(s) 'tutorial_objectstorage' retrieved from /home/airflow/.local/lib/python3.8/site-packages/airflow/example_dags/tutorial_objectstorage.py
[2023-12-20T06:39:02.571+0000] {logging_mixin.py:188} INFO - [2023-12-20T06:39:02.571+0000] {dag.py:3033} INFO - Sync 1 DAGs
[2023-12-20T06:39:02.606+0000] {logging_mixin.py:188} INFO - [2023-12-20T06:39:02.605+0000] {dag.py:3820} INFO - Setting next_dagrun for tutorial_objectstorage to None, run_after=None
[2023-12-20T06:39:02.695+0000] {processor.py:183} INFO - Processing /home/airflow/.local/lib/python3.8/site-packages/airflow/example_dags/tutorial_objectstorage.py took 0.205 seconds
[2023-12-20T06:39:33.619+0000] {processor.py:161} INFO - Started process (PID=3244) to work on /home/airflow/.local/lib/python3.8/site-packages/airflow/example_dags/tutorial_objectstorage.py
[2023-12-20T06:39:33.622+0000] {processor.py:830} INFO - Processing file /home/airflow/.local/lib/python3.8/site-packages/airflow/example_dags/tutorial_objectstorage.py for tasks to queue
[2023-12-20T06:39:33.624+0000] {logging_mixin.py:188} INFO - [2023-12-20T06:39:33.624+0000] {dagbag.py:538} INFO - Filling up the DagBag from /home/airflow/.local/lib/python3.8/site-packages/airflow/example_dags/tutorial_objectstorage.py
[2023-12-20T06:39:33.648+0000] {processor.py:840} INFO - DAG(s) 'tutorial_objectstorage' retrieved from /home/airflow/.local/lib/python3.8/site-packages/airflow/example_dags/tutorial_objectstorage.py
[2023-12-20T06:39:33.726+0000] {logging_mixin.py:188} INFO - [2023-12-20T06:39:33.726+0000] {dag.py:3033} INFO - Sync 1 DAGs
[2023-12-20T06:39:33.768+0000] {logging_mixin.py:188} INFO - [2023-12-20T06:39:33.767+0000] {dag.py:3820} INFO - Setting next_dagrun for tutorial_objectstorage to None, run_after=None
[2023-12-20T06:39:33.877+0000] {processor.py:183} INFO - Processing /home/airflow/.local/lib/python3.8/site-packages/airflow/example_dags/tutorial_objectstorage.py took 0.264 seconds
[2023-12-20T06:40:04.318+0000] {processor.py:161} INFO - Started process (PID=3302) to work on /home/airflow/.local/lib/python3.8/site-packages/airflow/example_dags/tutorial_objectstorage.py
[2023-12-20T06:40:04.321+0000] {processor.py:830} INFO - Processing file /home/airflow/.local/lib/python3.8/site-packages/airflow/example_dags/tutorial_objectstorage.py for tasks to queue
[2023-12-20T06:40:04.326+0000] {logging_mixin.py:188} INFO - [2023-12-20T06:40:04.326+0000] {dagbag.py:538} INFO - Filling up the DagBag from /home/airflow/.local/lib/python3.8/site-packages/airflow/example_dags/tutorial_objectstorage.py
[2023-12-20T06:40:04.357+0000] {processor.py:840} INFO - DAG(s) 'tutorial_objectstorage' retrieved from /home/airflow/.local/lib/python3.8/site-packages/airflow/example_dags/tutorial_objectstorage.py
[2023-12-20T06:40:04.546+0000] {logging_mixin.py:188} INFO - [2023-12-20T06:40:04.546+0000] {dag.py:3033} INFO - Sync 1 DAGs
[2023-12-20T06:40:04.630+0000] {logging_mixin.py:188} INFO - [2023-12-20T06:40:04.629+0000] {dag.py:3820} INFO - Setting next_dagrun for tutorial_objectstorage to None, run_after=None
[2023-12-20T06:40:04.800+0000] {processor.py:183} INFO - Processing /home/airflow/.local/lib/python3.8/site-packages/airflow/example_dags/tutorial_objectstorage.py took 0.488 seconds
[2023-12-20T06:40:35.137+0000] {processor.py:161} INFO - Started process (PID=3361) to work on /home/airflow/.local/lib/python3.8/site-packages/airflow/example_dags/tutorial_objectstorage.py
[2023-12-20T06:40:35.157+0000] {processor.py:830} INFO - Processing file /home/airflow/.local/lib/python3.8/site-packages/airflow/example_dags/tutorial_objectstorage.py for tasks to queue
[2023-12-20T06:40:35.159+0000] {logging_mixin.py:188} INFO - [2023-12-20T06:40:35.158+0000] {dagbag.py:538} INFO - Filling up the DagBag from /home/airflow/.local/lib/python3.8/site-packages/airflow/example_dags/tutorial_objectstorage.py
[2023-12-20T06:40:35.252+0000] {processor.py:840} INFO - DAG(s) 'tutorial_objectstorage' retrieved from /home/airflow/.local/lib/python3.8/site-packages/airflow/example_dags/tutorial_objectstorage.py
[2023-12-20T06:40:35.365+0000] {logging_mixin.py:188} INFO - [2023-12-20T06:40:35.364+0000] {dag.py:3033} INFO - Sync 1 DAGs
[2023-12-20T06:40:35.403+0000] {logging_mixin.py:188} INFO - [2023-12-20T06:40:35.402+0000] {dag.py:3820} INFO - Setting next_dagrun for tutorial_objectstorage to None, run_after=None
[2023-12-20T06:40:35.499+0000] {processor.py:183} INFO - Processing /home/airflow/.local/lib/python3.8/site-packages/airflow/example_dags/tutorial_objectstorage.py took 0.393 seconds
[2023-12-20T06:45:05.734+0000] {processor.py:161} INFO - Started process (PID=3418) to work on /home/airflow/.local/lib/python3.8/site-packages/airflow/example_dags/tutorial_objectstorage.py
[2023-12-20T06:45:05.775+0000] {processor.py:830} INFO - Processing file /home/airflow/.local/lib/python3.8/site-packages/airflow/example_dags/tutorial_objectstorage.py for tasks to queue
[2023-12-20T06:45:05.777+0000] {logging_mixin.py:188} INFO - [2023-12-20T06:45:05.777+0000] {dagbag.py:538} INFO - Filling up the DagBag from /home/airflow/.local/lib/python3.8/site-packages/airflow/example_dags/tutorial_objectstorage.py
[2023-12-20T06:45:05.796+0000] {processor.py:840} INFO - DAG(s) 'tutorial_objectstorage' retrieved from /home/airflow/.local/lib/python3.8/site-packages/airflow/example_dags/tutorial_objectstorage.py
[2023-12-20T06:45:05.845+0000] {logging_mixin.py:188} INFO - [2023-12-20T06:45:05.844+0000] {dag.py:3033} INFO - Sync 1 DAGs
[2023-12-20T06:45:05.881+0000] {logging_mixin.py:188} INFO - [2023-12-20T06:45:05.880+0000] {dag.py:3820} INFO - Setting next_dagrun for tutorial_objectstorage to None, run_after=None
[2023-12-20T06:45:05.929+0000] {processor.py:183} INFO - Processing /home/airflow/.local/lib/python3.8/site-packages/airflow/example_dags/tutorial_objectstorage.py took 0.204 seconds
[2023-12-20T06:45:36.913+0000] {processor.py:161} INFO - Started process (PID=3477) to work on /home/airflow/.local/lib/python3.8/site-packages/airflow/example_dags/tutorial_objectstorage.py
[2023-12-20T06:45:36.915+0000] {processor.py:830} INFO - Processing file /home/airflow/.local/lib/python3.8/site-packages/airflow/example_dags/tutorial_objectstorage.py for tasks to queue
[2023-12-20T06:45:36.918+0000] {logging_mixin.py:188} INFO - [2023-12-20T06:45:36.917+0000] {dagbag.py:538} INFO - Filling up the DagBag from /home/airflow/.local/lib/python3.8/site-packages/airflow/example_dags/tutorial_objectstorage.py
[2023-12-20T06:45:36.932+0000] {processor.py:840} INFO - DAG(s) 'tutorial_objectstorage' retrieved from /home/airflow/.local/lib/python3.8/site-packages/airflow/example_dags/tutorial_objectstorage.py
[2023-12-20T06:45:36.984+0000] {logging_mixin.py:188} INFO - [2023-12-20T06:45:36.983+0000] {dag.py:3033} INFO - Sync 1 DAGs
[2023-12-20T06:45:37.020+0000] {logging_mixin.py:188} INFO - [2023-12-20T06:45:37.020+0000] {dag.py:3820} INFO - Setting next_dagrun for tutorial_objectstorage to None, run_after=None
[2023-12-20T06:45:37.079+0000] {processor.py:183} INFO - Processing /home/airflow/.local/lib/python3.8/site-packages/airflow/example_dags/tutorial_objectstorage.py took 0.174 seconds
[2023-12-20T06:46:08.569+0000] {processor.py:161} INFO - Started process (PID=3535) to work on /home/airflow/.local/lib/python3.8/site-packages/airflow/example_dags/tutorial_objectstorage.py
[2023-12-20T06:46:08.575+0000] {processor.py:830} INFO - Processing file /home/airflow/.local/lib/python3.8/site-packages/airflow/example_dags/tutorial_objectstorage.py for tasks to queue
[2023-12-20T06:46:08.577+0000] {logging_mixin.py:188} INFO - [2023-12-20T06:46:08.576+0000] {dagbag.py:538} INFO - Filling up the DagBag from /home/airflow/.local/lib/python3.8/site-packages/airflow/example_dags/tutorial_objectstorage.py
[2023-12-20T06:46:08.604+0000] {processor.py:840} INFO - DAG(s) 'tutorial_objectstorage' retrieved from /home/airflow/.local/lib/python3.8/site-packages/airflow/example_dags/tutorial_objectstorage.py
[2023-12-20T06:46:08.699+0000] {logging_mixin.py:188} INFO - [2023-12-20T06:46:08.698+0000] {dag.py:3033} INFO - Sync 1 DAGs
[2023-12-20T06:46:08.758+0000] {logging_mixin.py:188} INFO - [2023-12-20T06:46:08.758+0000] {dag.py:3820} INFO - Setting next_dagrun for tutorial_objectstorage to None, run_after=None
[2023-12-20T06:46:08.882+0000] {processor.py:183} INFO - Processing /home/airflow/.local/lib/python3.8/site-packages/airflow/example_dags/tutorial_objectstorage.py took 0.326 seconds
[2023-12-20T06:46:40.529+0000] {processor.py:161} INFO - Started process (PID=3593) to work on /home/airflow/.local/lib/python3.8/site-packages/airflow/example_dags/tutorial_objectstorage.py
[2023-12-20T06:46:40.544+0000] {processor.py:830} INFO - Processing file /home/airflow/.local/lib/python3.8/site-packages/airflow/example_dags/tutorial_objectstorage.py for tasks to queue
[2023-12-20T06:46:40.546+0000] {logging_mixin.py:188} INFO - [2023-12-20T06:46:40.546+0000] {dagbag.py:538} INFO - Filling up the DagBag from /home/airflow/.local/lib/python3.8/site-packages/airflow/example_dags/tutorial_objectstorage.py
[2023-12-20T06:46:40.590+0000] {processor.py:840} INFO - DAG(s) 'tutorial_objectstorage' retrieved from /home/airflow/.local/lib/python3.8/site-packages/airflow/example_dags/tutorial_objectstorage.py
[2023-12-20T06:46:40.713+0000] {logging_mixin.py:188} INFO - [2023-12-20T06:46:40.712+0000] {dag.py:3033} INFO - Sync 1 DAGs
[2023-12-20T06:46:40.809+0000] {logging_mixin.py:188} INFO - [2023-12-20T06:46:40.808+0000] {dag.py:3820} INFO - Setting next_dagrun for tutorial_objectstorage to None, run_after=None
[2023-12-20T06:46:40.952+0000] {processor.py:183} INFO - Processing /home/airflow/.local/lib/python3.8/site-packages/airflow/example_dags/tutorial_objectstorage.py took 0.434 seconds
[2023-12-20T06:47:11.226+0000] {processor.py:161} INFO - Started process (PID=3651) to work on /home/airflow/.local/lib/python3.8/site-packages/airflow/example_dags/tutorial_objectstorage.py
[2023-12-20T06:47:11.243+0000] {processor.py:830} INFO - Processing file /home/airflow/.local/lib/python3.8/site-packages/airflow/example_dags/tutorial_objectstorage.py for tasks to queue
[2023-12-20T06:47:11.245+0000] {logging_mixin.py:188} INFO - [2023-12-20T06:47:11.244+0000] {dagbag.py:538} INFO - Filling up the DagBag from /home/airflow/.local/lib/python3.8/site-packages/airflow/example_dags/tutorial_objectstorage.py
[2023-12-20T06:47:11.259+0000] {processor.py:840} INFO - DAG(s) 'tutorial_objectstorage' retrieved from /home/airflow/.local/lib/python3.8/site-packages/airflow/example_dags/tutorial_objectstorage.py
[2023-12-20T06:47:11.335+0000] {logging_mixin.py:188} INFO - [2023-12-20T06:47:11.334+0000] {dag.py:3033} INFO - Sync 1 DAGs
[2023-12-20T06:47:11.374+0000] {logging_mixin.py:188} INFO - [2023-12-20T06:47:11.374+0000] {dag.py:3820} INFO - Setting next_dagrun for tutorial_objectstorage to None, run_after=None
[2023-12-20T06:47:11.427+0000] {processor.py:183} INFO - Processing /home/airflow/.local/lib/python3.8/site-packages/airflow/example_dags/tutorial_objectstorage.py took 0.213 seconds
[2023-12-20T06:48:01.751+0000] {processor.py:161} INFO - Started process (PID=3713) to work on /home/airflow/.local/lib/python3.8/site-packages/airflow/example_dags/tutorial_objectstorage.py
[2023-12-20T06:48:01.775+0000] {processor.py:830} INFO - Processing file /home/airflow/.local/lib/python3.8/site-packages/airflow/example_dags/tutorial_objectstorage.py for tasks to queue
[2023-12-20T06:48:01.790+0000] {logging_mixin.py:188} INFO - [2023-12-20T06:48:01.787+0000] {dagbag.py:538} INFO - Filling up the DagBag from /home/airflow/.local/lib/python3.8/site-packages/airflow/example_dags/tutorial_objectstorage.py
[2023-12-20T06:48:01.966+0000] {processor.py:840} INFO - DAG(s) 'tutorial_objectstorage' retrieved from /home/airflow/.local/lib/python3.8/site-packages/airflow/example_dags/tutorial_objectstorage.py
[2023-12-20T06:48:02.166+0000] {logging_mixin.py:188} INFO - [2023-12-20T06:48:02.160+0000] {dag.py:3033} INFO - Sync 1 DAGs
[2023-12-20T06:48:02.558+0000] {logging_mixin.py:188} INFO - [2023-12-20T06:48:02.557+0000] {dag.py:3820} INFO - Setting next_dagrun for tutorial_objectstorage to None, run_after=None
[2023-12-20T06:48:02.875+0000] {processor.py:183} INFO - Processing /home/airflow/.local/lib/python3.8/site-packages/airflow/example_dags/tutorial_objectstorage.py took 1.202 seconds
[2023-12-20T06:49:48.917+0000] {processor.py:161} INFO - Started process (PID=3803) to work on /home/airflow/.local/lib/python3.8/site-packages/airflow/example_dags/tutorial_objectstorage.py
[2023-12-20T06:49:48.987+0000] {processor.py:830} INFO - Processing file /home/airflow/.local/lib/python3.8/site-packages/airflow/example_dags/tutorial_objectstorage.py for tasks to queue
[2023-12-20T06:49:49.020+0000] {logging_mixin.py:188} INFO - [2023-12-20T06:49:49.000+0000] {dagbag.py:538} INFO - Filling up the DagBag from /home/airflow/.local/lib/python3.8/site-packages/airflow/example_dags/tutorial_objectstorage.py
[2023-12-20T06:49:49.373+0000] {processor.py:840} INFO - DAG(s) 'tutorial_objectstorage' retrieved from /home/airflow/.local/lib/python3.8/site-packages/airflow/example_dags/tutorial_objectstorage.py
